<?xml version="1.0" encoding="UTF-8"?>
<testsuite xmlns:xsi="http://www.w3.org/2001/XMLSchema-instance" xsi:noNamespaceSchemaLocation="https://maven.apache.org/surefire/maven-surefire-plugin/xsd/surefire-test-report.xsd" version="3.0.2" name="com.telcobright.splitverse.tests.ThreeShardNestedPartitioningTest" time="15.735" tests="1" errors="0" skipped="0" failures="0">
  <properties>
    <property name="java.specification.version" value="21"/>
    <property name="sun.jnu.encoding" value="UTF-8"/>
    <property name="java.class.path" value="/home/mustafa/telcobright-projects/routesphere/split-verse/target/test-classes:/home/mustafa/telcobright-projects/routesphere/split-verse/target/classes:/home/mustafa/.m2/repository/org/slf4j/slf4j-api/1.7.36/slf4j-api-1.7.36.jar:/home/mustafa/.m2/repository/com/mysql/mysql-connector-j/8.0.33/mysql-connector-j-8.0.33.jar:/home/mustafa/.m2/repository/com/fasterxml/jackson/core/jackson-databind/2.15.2/jackson-databind-2.15.2.jar:/home/mustafa/.m2/repository/com/fasterxml/jackson/core/jackson-annotations/2.19.2/jackson-annotations-2.19.2.jar:/home/mustafa/.m2/repository/com/fasterxml/jackson/core/jackson-core/2.19.2/jackson-core-2.19.2.jar:/home/mustafa/.m2/repository/com/fasterxml/jackson/datatype/jackson-datatype-jsr310/2.15.2/jackson-datatype-jsr310-2.15.2.jar:/home/mustafa/.m2/repository/org/junit/jupiter/junit-jupiter/5.9.2/junit-jupiter-5.9.2.jar:/home/mustafa/.m2/repository/org/junit/jupiter/junit-jupiter-api/5.13.4/junit-jupiter-api-5.13.4.jar:/home/mustafa/.m2/repository/org/opentest4j/opentest4j/1.3.0/opentest4j-1.3.0.jar:/home/mustafa/.m2/repository/org/junit/platform/junit-platform-commons/1.13.4/junit-platform-commons-1.13.4.jar:/home/mustafa/.m2/repository/org/junit/jupiter/junit-jupiter-engine/5.13.4/junit-jupiter-engine-5.13.4.jar:/home/mustafa/.m2/repository/org/junit/platform/junit-platform-engine/1.13.4/junit-platform-engine-1.13.4.jar:/home/mustafa/.m2/repository/org/junit/jupiter/junit-jupiter-params/5.9.2/junit-jupiter-params-5.9.2.jar:/home/mustafa/.m2/repository/org/apiguardian/apiguardian-api/1.1.2/apiguardian-api-1.1.2.jar:/home/mustafa/.m2/repository/org/mockito/mockito-core/5.1.1/mockito-core-5.1.1.jar:/home/mustafa/.m2/repository/net/bytebuddy/byte-buddy/1.17.6/byte-buddy-1.17.6.jar:/home/mustafa/.m2/repository/net/bytebuddy/byte-buddy-agent/1.12.22/byte-buddy-agent-1.12.22.jar:/home/mustafa/.m2/repository/org/objenesis/objenesis/3.3/objenesis-3.3.jar:/home/mustafa/.m2/repository/org/mockito/mockito-junit-jupiter/5.1.1/mockito-junit-jupiter-5.1.1.jar:/home/mustafa/.m2/repository/org/assertj/assertj-core/3.24.2/assertj-core-3.24.2.jar:/home/mustafa/.m2/repository/org/testcontainers/junit-jupiter/1.19.0/junit-jupiter-1.19.0.jar:/home/mustafa/.m2/repository/org/testcontainers/testcontainers/1.21.3/testcontainers-1.21.3.jar:/home/mustafa/.m2/repository/junit/junit/4.13.2/junit-4.13.2.jar:/home/mustafa/.m2/repository/org/apache/commons/commons-compress/1.28.0/commons-compress-1.28.0.jar:/home/mustafa/.m2/repository/commons-codec/commons-codec/1.19.0/commons-codec-1.19.0.jar:/home/mustafa/.m2/repository/commons-io/commons-io/2.20.0/commons-io-2.20.0.jar:/home/mustafa/.m2/repository/org/apache/commons/commons-lang3/3.18.0/commons-lang3-3.18.0.jar:/home/mustafa/.m2/repository/org/rnorth/duct-tape/duct-tape/1.0.8/duct-tape-1.0.8.jar:/home/mustafa/.m2/repository/org/jetbrains/annotations/26.0.2/annotations-26.0.2.jar:/home/mustafa/.m2/repository/com/github/docker-java/docker-java-api/3.4.2/docker-java-api-3.4.2.jar:/home/mustafa/.m2/repository/com/github/docker-java/docker-java-transport-zerodep/3.4.2/docker-java-transport-zerodep-3.4.2.jar:/home/mustafa/.m2/repository/com/github/docker-java/docker-java-transport/3.4.2/docker-java-transport-3.4.2.jar:/home/mustafa/.m2/repository/net/java/dev/jna/jna/5.8.0/jna-5.8.0.jar:/home/mustafa/.m2/repository/org/testcontainers/mysql/1.19.0/mysql-1.19.0.jar:/home/mustafa/.m2/repository/org/testcontainers/jdbc/1.21.3/jdbc-1.21.3.jar:/home/mustafa/.m2/repository/org/testcontainers/database-commons/1.21.3/database-commons-1.21.3.jar:/home/mustafa/.m2/repository/org/awaitility/awaitility/4.2.0/awaitility-4.2.0.jar:/home/mustafa/.m2/repository/org/hamcrest/hamcrest/2.2/hamcrest-2.2.jar:/home/mustafa/.m2/repository/org/slf4j/slf4j-simple/1.7.36/slf4j-simple-1.7.36.jar:"/>
    <property name="java.vm.vendor" value="Eclipse Adoptium"/>
    <property name="sun.arch.data.model" value="64"/>
    <property name="java.vendor.url" value="https://adoptium.net/"/>
    <property name="user.timezone" value="Asia/Dhaka"/>
    <property name="os.name" value="Linux"/>
    <property name="java.vm.specification.version" value="21"/>
    <property name="sun.java.launcher" value="SUN_STANDARD"/>
    <property name="user.country" value="US"/>
    <property name="sun.boot.library.path" value="/home/mustafa/.sdkman/candidates/java/21-tem/lib"/>
    <property name="sun.java.command" value="/home/mustafa/telcobright-projects/routesphere/split-verse/target/surefire/surefirebooter-20250919033055798_3.jar /home/mustafa/telcobright-projects/routesphere/split-verse/target/surefire 2025-09-19T03-30-55_731-jvmRun1 surefire-20250919033055798_1tmp surefire_0-20250919033055798_2tmp"/>
    <property name="jdk.debug" value="release"/>
    <property name="test" value="ThreeShardNestedPartitioningTest#testInsertAcross3ShardsWithNestedPartitions"/>
    <property name="surefire.test.class.path" value="/home/mustafa/telcobright-projects/routesphere/split-verse/target/test-classes:/home/mustafa/telcobright-projects/routesphere/split-verse/target/classes:/home/mustafa/.m2/repository/org/slf4j/slf4j-api/1.7.36/slf4j-api-1.7.36.jar:/home/mustafa/.m2/repository/com/mysql/mysql-connector-j/8.0.33/mysql-connector-j-8.0.33.jar:/home/mustafa/.m2/repository/com/fasterxml/jackson/core/jackson-databind/2.15.2/jackson-databind-2.15.2.jar:/home/mustafa/.m2/repository/com/fasterxml/jackson/core/jackson-annotations/2.19.2/jackson-annotations-2.19.2.jar:/home/mustafa/.m2/repository/com/fasterxml/jackson/core/jackson-core/2.19.2/jackson-core-2.19.2.jar:/home/mustafa/.m2/repository/com/fasterxml/jackson/datatype/jackson-datatype-jsr310/2.15.2/jackson-datatype-jsr310-2.15.2.jar:/home/mustafa/.m2/repository/org/junit/jupiter/junit-jupiter/5.9.2/junit-jupiter-5.9.2.jar:/home/mustafa/.m2/repository/org/junit/jupiter/junit-jupiter-api/5.13.4/junit-jupiter-api-5.13.4.jar:/home/mustafa/.m2/repository/org/opentest4j/opentest4j/1.3.0/opentest4j-1.3.0.jar:/home/mustafa/.m2/repository/org/junit/platform/junit-platform-commons/1.13.4/junit-platform-commons-1.13.4.jar:/home/mustafa/.m2/repository/org/junit/jupiter/junit-jupiter-engine/5.13.4/junit-jupiter-engine-5.13.4.jar:/home/mustafa/.m2/repository/org/junit/platform/junit-platform-engine/1.13.4/junit-platform-engine-1.13.4.jar:/home/mustafa/.m2/repository/org/junit/jupiter/junit-jupiter-params/5.9.2/junit-jupiter-params-5.9.2.jar:/home/mustafa/.m2/repository/org/apiguardian/apiguardian-api/1.1.2/apiguardian-api-1.1.2.jar:/home/mustafa/.m2/repository/org/mockito/mockito-core/5.1.1/mockito-core-5.1.1.jar:/home/mustafa/.m2/repository/net/bytebuddy/byte-buddy/1.17.6/byte-buddy-1.17.6.jar:/home/mustafa/.m2/repository/net/bytebuddy/byte-buddy-agent/1.12.22/byte-buddy-agent-1.12.22.jar:/home/mustafa/.m2/repository/org/objenesis/objenesis/3.3/objenesis-3.3.jar:/home/mustafa/.m2/repository/org/mockito/mockito-junit-jupiter/5.1.1/mockito-junit-jupiter-5.1.1.jar:/home/mustafa/.m2/repository/org/assertj/assertj-core/3.24.2/assertj-core-3.24.2.jar:/home/mustafa/.m2/repository/org/testcontainers/junit-jupiter/1.19.0/junit-jupiter-1.19.0.jar:/home/mustafa/.m2/repository/org/testcontainers/testcontainers/1.21.3/testcontainers-1.21.3.jar:/home/mustafa/.m2/repository/junit/junit/4.13.2/junit-4.13.2.jar:/home/mustafa/.m2/repository/org/apache/commons/commons-compress/1.28.0/commons-compress-1.28.0.jar:/home/mustafa/.m2/repository/commons-codec/commons-codec/1.19.0/commons-codec-1.19.0.jar:/home/mustafa/.m2/repository/commons-io/commons-io/2.20.0/commons-io-2.20.0.jar:/home/mustafa/.m2/repository/org/apache/commons/commons-lang3/3.18.0/commons-lang3-3.18.0.jar:/home/mustafa/.m2/repository/org/rnorth/duct-tape/duct-tape/1.0.8/duct-tape-1.0.8.jar:/home/mustafa/.m2/repository/org/jetbrains/annotations/26.0.2/annotations-26.0.2.jar:/home/mustafa/.m2/repository/com/github/docker-java/docker-java-api/3.4.2/docker-java-api-3.4.2.jar:/home/mustafa/.m2/repository/com/github/docker-java/docker-java-transport-zerodep/3.4.2/docker-java-transport-zerodep-3.4.2.jar:/home/mustafa/.m2/repository/com/github/docker-java/docker-java-transport/3.4.2/docker-java-transport-3.4.2.jar:/home/mustafa/.m2/repository/net/java/dev/jna/jna/5.8.0/jna-5.8.0.jar:/home/mustafa/.m2/repository/org/testcontainers/mysql/1.19.0/mysql-1.19.0.jar:/home/mustafa/.m2/repository/org/testcontainers/jdbc/1.21.3/jdbc-1.21.3.jar:/home/mustafa/.m2/repository/org/testcontainers/database-commons/1.21.3/database-commons-1.21.3.jar:/home/mustafa/.m2/repository/org/awaitility/awaitility/4.2.0/awaitility-4.2.0.jar:/home/mustafa/.m2/repository/org/hamcrest/hamcrest/2.2/hamcrest-2.2.jar:/home/mustafa/.m2/repository/org/slf4j/slf4j-simple/1.7.36/slf4j-simple-1.7.36.jar:"/>
    <property name="sun.cpu.endian" value="little"/>
    <property name="user.home" value="/home/mustafa"/>
    <property name="user.language" value="en"/>
    <property name="java.specification.vendor" value="Oracle Corporation"/>
    <property name="java.version.date" value="2023-09-19"/>
    <property name="java.home" value="/home/mustafa/.sdkman/candidates/java/21-tem"/>
    <property name="jacoco.skip" value="true"/>
    <property name="file.separator" value="/"/>
    <property name="basedir" value="/home/mustafa/telcobright-projects/routesphere/split-verse"/>
    <property name="java.vm.compressedOopsMode" value="Zero based"/>
    <property name="line.separator" value="&#10;"/>
    <property name="java.vm.specification.vendor" value="Oracle Corporation"/>
    <property name="java.specification.name" value="Java Platform API Specification"/>
    <property name="surefire.real.class.path" value="/home/mustafa/telcobright-projects/routesphere/split-verse/target/surefire/surefirebooter-20250919033055798_3.jar"/>
    <property name="sun.management.compiler" value="HotSpot 64-Bit Tiered Compilers"/>
    <property name="java.runtime.version" value="21+35-LTS"/>
    <property name="user.name" value="mustafa"/>
    <property name="stdout.encoding" value="UTF-8"/>
    <property name="path.separator" value=":"/>
    <property name="os.version" value="6.14.0-29-generic"/>
    <property name="java.runtime.name" value="OpenJDK Runtime Environment"/>
    <property name="file.encoding" value="UTF-8"/>
    <property name="java.vm.name" value="OpenJDK 64-Bit Server VM"/>
    <property name="java.vendor.version" value="Temurin-21+35"/>
    <property name="localRepository" value="/home/mustafa/.m2/repository"/>
    <property name="java.vendor.url.bug" value="https://github.com/adoptium/adoptium-support/issues"/>
    <property name="java.io.tmpdir" value="/tmp"/>
    <property name="java.version" value="21"/>
    <property name="user.dir" value="/home/mustafa/telcobright-projects/routesphere/split-verse"/>
    <property name="os.arch" value="amd64"/>
    <property name="java.vm.specification.name" value="Java Virtual Machine Specification"/>
    <property name="native.encoding" value="UTF-8"/>
    <property name="java.library.path" value="/usr/java/packages/lib:/usr/lib64:/lib64:/lib:/usr/lib"/>
    <property name="java.vm.info" value="mixed mode, sharing"/>
    <property name="stderr.encoding" value="UTF-8"/>
    <property name="java.vendor" value="Eclipse Adoptium"/>
    <property name="java.vm.version" value="21+35-LTS"/>
    <property name="sun.io.unicode.encoding" value="UnicodeLittle"/>
    <property name="java.class.version" value="65.0"/>
  </properties>
  <testcase name="testInsertAcross3ShardsWithNestedPartitions" classname="com.telcobright.splitverse.tests.ThreeShardNestedPartitioningTest" time="2.993">
    <system-out><![CDATA[
=== Setting up 3-Shard Nested Partitioning Test Environment ===
Created test database: shard_nested_test_0
Created shard database: shard_nested_test_0
Created test database: shard_nested_test_1
Created shard database: shard_nested_test_1
Created test database: shard_nested_test_2
Created shard database: shard_nested_test_2

Creating TIME-BASED nested partitioning repository...
[SplitVerse] Building repository with:
  Entity: Transaction
  Table: transactions_time
  Sharding Strategy: DUAL_KEY_HASH_RANGE
  Repository Mode: MULTI_TABLE
  Partition Column: created_at (LOCAL_DATE_TIME)
  Partition Range: DAILY
  Table Granularity: DAILY
  Retention Days: 7
  ID Size: 22 bytes
  Charset: utf8mb4, Collation: utf8mb4_bin
  Shards: 3
[2025-09-19 03:30:56.509] INFO  [MultiTableRepo.transactions_time] Initializing tables for retention period: 2025-09-12 to 2025-09-26 (15 days)
[2025-09-19 03:30:56.550] INFO  [MultiTableRepo.transactions_time] Ensured table exists: shard_nested_test_0.transactions_time_20250912
[2025-09-19 03:30:56.582] INFO  [MultiTableRepo.transactions_time] Ensured table exists: shard_nested_test_0.transactions_time_20250913
[2025-09-19 03:30:56.620] INFO  [MultiTableRepo.transactions_time] Ensured table exists: shard_nested_test_0.transactions_time_20250914
[2025-09-19 03:30:56.653] INFO  [MultiTableRepo.transactions_time] Ensured table exists: shard_nested_test_0.transactions_time_20250915
[2025-09-19 03:30:56.687] INFO  [MultiTableRepo.transactions_time] Ensured table exists: shard_nested_test_0.transactions_time_20250916
[2025-09-19 03:30:56.722] INFO  [MultiTableRepo.transactions_time] Ensured table exists: shard_nested_test_0.transactions_time_20250917
[2025-09-19 03:30:56.757] INFO  [MultiTableRepo.transactions_time] Ensured table exists: shard_nested_test_0.transactions_time_20250918
[2025-09-19 03:30:56.786] INFO  [MultiTableRepo.transactions_time] Ensured table exists: shard_nested_test_0.transactions_time_20250919
[2025-09-19 03:30:56.814] INFO  [MultiTableRepo.transactions_time] Ensured table exists: shard_nested_test_0.transactions_time_20250920
[2025-09-19 03:30:56.844] INFO  [MultiTableRepo.transactions_time] Ensured table exists: shard_nested_test_0.transactions_time_20250921
[2025-09-19 03:30:56.876] INFO  [MultiTableRepo.transactions_time] Ensured table exists: shard_nested_test_0.transactions_time_20250922
[2025-09-19 03:30:56.905] INFO  [MultiTableRepo.transactions_time] Ensured table exists: shard_nested_test_0.transactions_time_20250923
[2025-09-19 03:30:56.937] INFO  [MultiTableRepo.transactions_time] Ensured table exists: shard_nested_test_0.transactions_time_20250924
[2025-09-19 03:30:56.995] INFO  [MultiTableRepo.transactions_time] Ensured table exists: shard_nested_test_0.transactions_time_20250925
[2025-09-19 03:30:57.047] INFO  [MultiTableRepo.transactions_time] Ensured table exists: shard_nested_test_0.transactions_time_20250926
[2025-09-19 03:30:57.047] INFO  [MultiTableRepo.transactions_time] Completed table initialization for retention period
[SplitVerse] Initialized shard: shard-0
[2025-09-19 03:30:57.049] INFO  [MultiTableRepo.transactions_time] Initializing tables for retention period: 2025-09-12 to 2025-09-26 (15 days)
[2025-09-19 03:30:57.098] INFO  [MultiTableRepo.transactions_time] Ensured table exists: shard_nested_test_1.transactions_time_20250912
[2025-09-19 03:30:57.137] INFO  [MultiTableRepo.transactions_time] Ensured table exists: shard_nested_test_1.transactions_time_20250913
[2025-09-19 03:30:57.164] INFO  [MultiTableRepo.transactions_time] Ensured table exists: shard_nested_test_1.transactions_time_20250914
[2025-09-19 03:30:57.197] INFO  [MultiTableRepo.transactions_time] Ensured table exists: shard_nested_test_1.transactions_time_20250915
[2025-09-19 03:30:57.226] INFO  [MultiTableRepo.transactions_time] Ensured table exists: shard_nested_test_1.transactions_time_20250916
[2025-09-19 03:30:57.258] INFO  [MultiTableRepo.transactions_time] Ensured table exists: shard_nested_test_1.transactions_time_20250917
[2025-09-19 03:30:57.286] INFO  [MultiTableRepo.transactions_time] Ensured table exists: shard_nested_test_1.transactions_time_20250918
[2025-09-19 03:30:57.314] INFO  [MultiTableRepo.transactions_time] Ensured table exists: shard_nested_test_1.transactions_time_20250919
[2025-09-19 03:30:57.344] INFO  [MultiTableRepo.transactions_time] Ensured table exists: shard_nested_test_1.transactions_time_20250920
[2025-09-19 03:30:57.373] INFO  [MultiTableRepo.transactions_time] Ensured table exists: shard_nested_test_1.transactions_time_20250921
[2025-09-19 03:30:57.403] INFO  [MultiTableRepo.transactions_time] Ensured table exists: shard_nested_test_1.transactions_time_20250922
[2025-09-19 03:30:57.430] INFO  [MultiTableRepo.transactions_time] Ensured table exists: shard_nested_test_1.transactions_time_20250923
[2025-09-19 03:30:57.460] INFO  [MultiTableRepo.transactions_time] Ensured table exists: shard_nested_test_1.transactions_time_20250924
[2025-09-19 03:30:57.488] INFO  [MultiTableRepo.transactions_time] Ensured table exists: shard_nested_test_1.transactions_time_20250925
[2025-09-19 03:30:57.517] INFO  [MultiTableRepo.transactions_time] Ensured table exists: shard_nested_test_1.transactions_time_20250926
[2025-09-19 03:30:57.517] INFO  [MultiTableRepo.transactions_time] Completed table initialization for retention period
[SplitVerse] Initialized shard: shard-1
[2025-09-19 03:30:57.518] INFO  [MultiTableRepo.transactions_time] Initializing tables for retention period: 2025-09-12 to 2025-09-26 (15 days)
[2025-09-19 03:30:57.545] INFO  [MultiTableRepo.transactions_time] Ensured table exists: shard_nested_test_2.transactions_time_20250912
[2025-09-19 03:30:57.571] INFO  [MultiTableRepo.transactions_time] Ensured table exists: shard_nested_test_2.transactions_time_20250913
[2025-09-19 03:30:57.601] INFO  [MultiTableRepo.transactions_time] Ensured table exists: shard_nested_test_2.transactions_time_20250914
[2025-09-19 03:30:57.631] INFO  [MultiTableRepo.transactions_time] Ensured table exists: shard_nested_test_2.transactions_time_20250915
[2025-09-19 03:30:57.661] INFO  [MultiTableRepo.transactions_time] Ensured table exists: shard_nested_test_2.transactions_time_20250916
[2025-09-19 03:30:57.689] INFO  [MultiTableRepo.transactions_time] Ensured table exists: shard_nested_test_2.transactions_time_20250917
[2025-09-19 03:30:57.719] INFO  [MultiTableRepo.transactions_time] Ensured table exists: shard_nested_test_2.transactions_time_20250918
[2025-09-19 03:30:57.752] INFO  [MultiTableRepo.transactions_time] Ensured table exists: shard_nested_test_2.transactions_time_20250919
[2025-09-19 03:30:57.782] INFO  [MultiTableRepo.transactions_time] Ensured table exists: shard_nested_test_2.transactions_time_20250920
[2025-09-19 03:30:57.812] INFO  [MultiTableRepo.transactions_time] Ensured table exists: shard_nested_test_2.transactions_time_20250921
[2025-09-19 03:30:57.841] INFO  [MultiTableRepo.transactions_time] Ensured table exists: shard_nested_test_2.transactions_time_20250922
[2025-09-19 03:30:57.872] INFO  [MultiTableRepo.transactions_time] Ensured table exists: shard_nested_test_2.transactions_time_20250923
[2025-09-19 03:30:57.900] INFO  [MultiTableRepo.transactions_time] Ensured table exists: shard_nested_test_2.transactions_time_20250924
[2025-09-19 03:30:57.930] INFO  [MultiTableRepo.transactions_time] Ensured table exists: shard_nested_test_2.transactions_time_20250925
[2025-09-19 03:30:57.961] INFO  [MultiTableRepo.transactions_time] Ensured table exists: shard_nested_test_2.transactions_time_20250926
[2025-09-19 03:30:57.961] INFO  [MultiTableRepo.transactions_time] Completed table initialization for retention period
[SplitVerse] Initialized shard: shard-2
[SplitVerse] Initialized with 3 active shard(s)
Creating VALUE-BASED nested partitioning repository...
[SplitVerse] Building repository with:
  Entity: Transaction
  Table: transactions_value
  Sharding Strategy: DUAL_KEY_HASH_RANGE
  Repository Mode: MULTI_TABLE
  Partition Column: sequence_number (LONG)
  Partition Range: VALUE_RANGE_10K
  Table Granularity: DAILY
  Retention Days: 30
  ID Size: 22 bytes
  Charset: utf8mb4, Collation: utf8mb4_bin
  Shards: 3
[2025-09-19 03:30:57.964] INFO  [MultiTableRepo.transactions_value] Initializing tables for retention period: 2025-08-20 to 2025-10-19 (61 days)
[2025-09-19 03:30:57.995] INFO  [MultiTableRepo.transactions_value] Ensured table exists: shard_nested_test_0.transactions_value_20250820
[2025-09-19 03:30:58.022] INFO  [MultiTableRepo.transactions_value] Ensured table exists: shard_nested_test_0.transactions_value_20250821
[2025-09-19 03:30:58.052] INFO  [MultiTableRepo.transactions_value] Ensured table exists: shard_nested_test_0.transactions_value_20250822
[2025-09-19 03:30:58.083] INFO  [MultiTableRepo.transactions_value] Ensured table exists: shard_nested_test_0.transactions_value_20250823
[2025-09-19 03:30:58.111] INFO  [MultiTableRepo.transactions_value] Ensured table exists: shard_nested_test_0.transactions_value_20250824
[2025-09-19 03:30:58.142] INFO  [MultiTableRepo.transactions_value] Ensured table exists: shard_nested_test_0.transactions_value_20250825
[2025-09-19 03:30:58.170] INFO  [MultiTableRepo.transactions_value] Ensured table exists: shard_nested_test_0.transactions_value_20250826
[2025-09-19 03:30:58.196] INFO  [MultiTableRepo.transactions_value] Ensured table exists: shard_nested_test_0.transactions_value_20250827
[2025-09-19 03:30:58.225] INFO  [MultiTableRepo.transactions_value] Ensured table exists: shard_nested_test_0.transactions_value_20250828
[2025-09-19 03:30:58.255] INFO  [MultiTableRepo.transactions_value] Ensured table exists: shard_nested_test_0.transactions_value_20250829
[2025-09-19 03:30:58.285] INFO  [MultiTableRepo.transactions_value] Ensured table exists: shard_nested_test_0.transactions_value_20250830
[2025-09-19 03:30:58.319] INFO  [MultiTableRepo.transactions_value] Ensured table exists: shard_nested_test_0.transactions_value_20250831
[2025-09-19 03:30:58.346] INFO  [MultiTableRepo.transactions_value] Ensured table exists: shard_nested_test_0.transactions_value_20250901
[2025-09-19 03:30:58.375] INFO  [MultiTableRepo.transactions_value] Ensured table exists: shard_nested_test_0.transactions_value_20250902
[2025-09-19 03:30:58.405] INFO  [MultiTableRepo.transactions_value] Ensured table exists: shard_nested_test_0.transactions_value_20250903
[2025-09-19 03:30:58.436] INFO  [MultiTableRepo.transactions_value] Ensured table exists: shard_nested_test_0.transactions_value_20250904
[2025-09-19 03:30:58.463] INFO  [MultiTableRepo.transactions_value] Ensured table exists: shard_nested_test_0.transactions_value_20250905
[2025-09-19 03:30:58.491] INFO  [MultiTableRepo.transactions_value] Ensured table exists: shard_nested_test_0.transactions_value_20250906
[2025-09-19 03:30:58.517] INFO  [MultiTableRepo.transactions_value] Ensured table exists: shard_nested_test_0.transactions_value_20250907
[2025-09-19 03:30:58.548] INFO  [MultiTableRepo.transactions_value] Ensured table exists: shard_nested_test_0.transactions_value_20250908
[2025-09-19 03:30:58.579] INFO  [MultiTableRepo.transactions_value] Ensured table exists: shard_nested_test_0.transactions_value_20250909
[2025-09-19 03:30:58.607] INFO  [MultiTableRepo.transactions_value] Ensured table exists: shard_nested_test_0.transactions_value_20250910
[2025-09-19 03:30:58.635] INFO  [MultiTableRepo.transactions_value] Ensured table exists: shard_nested_test_0.transactions_value_20250911
[2025-09-19 03:30:58.676] INFO  [MultiTableRepo.transactions_value] Ensured table exists: shard_nested_test_0.transactions_value_20250912
[2025-09-19 03:30:58.723] INFO  [MultiTableRepo.transactions_value] Ensured table exists: shard_nested_test_0.transactions_value_20250913
[2025-09-19 03:30:58.763] INFO  [MultiTableRepo.transactions_value] Ensured table exists: shard_nested_test_0.transactions_value_20250914
[2025-09-19 03:30:58.792] INFO  [MultiTableRepo.transactions_value] Ensured table exists: shard_nested_test_0.transactions_value_20250915
[2025-09-19 03:30:58.823] INFO  [MultiTableRepo.transactions_value] Ensured table exists: shard_nested_test_0.transactions_value_20250916
[2025-09-19 03:30:58.854] INFO  [MultiTableRepo.transactions_value] Ensured table exists: shard_nested_test_0.transactions_value_20250917
[2025-09-19 03:30:58.882] INFO  [MultiTableRepo.transactions_value] Ensured table exists: shard_nested_test_0.transactions_value_20250918
[2025-09-19 03:30:58.915] INFO  [MultiTableRepo.transactions_value] Ensured table exists: shard_nested_test_0.transactions_value_20250919
[2025-09-19 03:30:58.948] INFO  [MultiTableRepo.transactions_value] Ensured table exists: shard_nested_test_0.transactions_value_20250920
[2025-09-19 03:30:58.980] INFO  [MultiTableRepo.transactions_value] Ensured table exists: shard_nested_test_0.transactions_value_20250921
[2025-09-19 03:30:59.007] INFO  [MultiTableRepo.transactions_value] Ensured table exists: shard_nested_test_0.transactions_value_20250922
[2025-09-19 03:30:59.036] INFO  [MultiTableRepo.transactions_value] Ensured table exists: shard_nested_test_0.transactions_value_20250923
[2025-09-19 03:30:59.069] INFO  [MultiTableRepo.transactions_value] Ensured table exists: shard_nested_test_0.transactions_value_20250924
[2025-09-19 03:30:59.099] INFO  [MultiTableRepo.transactions_value] Ensured table exists: shard_nested_test_0.transactions_value_20250925
[2025-09-19 03:30:59.127] INFO  [MultiTableRepo.transactions_value] Ensured table exists: shard_nested_test_0.transactions_value_20250926
[2025-09-19 03:30:59.154] INFO  [MultiTableRepo.transactions_value] Ensured table exists: shard_nested_test_0.transactions_value_20250927
[2025-09-19 03:30:59.185] INFO  [MultiTableRepo.transactions_value] Ensured table exists: shard_nested_test_0.transactions_value_20250928
[2025-09-19 03:30:59.242] INFO  [MultiTableRepo.transactions_value] Ensured table exists: shard_nested_test_0.transactions_value_20250929
[2025-09-19 03:30:59.275] INFO  [MultiTableRepo.transactions_value] Ensured table exists: shard_nested_test_0.transactions_value_20250930
[2025-09-19 03:30:59.303] INFO  [MultiTableRepo.transactions_value] Ensured table exists: shard_nested_test_0.transactions_value_20251001
[2025-09-19 03:30:59.332] INFO  [MultiTableRepo.transactions_value] Ensured table exists: shard_nested_test_0.transactions_value_20251002
[2025-09-19 03:30:59.363] INFO  [MultiTableRepo.transactions_value] Ensured table exists: shard_nested_test_0.transactions_value_20251003
[2025-09-19 03:30:59.395] INFO  [MultiTableRepo.transactions_value] Ensured table exists: shard_nested_test_0.transactions_value_20251004
[2025-09-19 03:30:59.427] INFO  [MultiTableRepo.transactions_value] Ensured table exists: shard_nested_test_0.transactions_value_20251005
[2025-09-19 03:30:59.458] INFO  [MultiTableRepo.transactions_value] Ensured table exists: shard_nested_test_0.transactions_value_20251006
[2025-09-19 03:30:59.486] INFO  [MultiTableRepo.transactions_value] Ensured table exists: shard_nested_test_0.transactions_value_20251007
[2025-09-19 03:30:59.518] INFO  [MultiTableRepo.transactions_value] Ensured table exists: shard_nested_test_0.transactions_value_20251008
[2025-09-19 03:30:59.548] INFO  [MultiTableRepo.transactions_value] Ensured table exists: shard_nested_test_0.transactions_value_20251009
[2025-09-19 03:30:59.574] INFO  [MultiTableRepo.transactions_value] Ensured table exists: shard_nested_test_0.transactions_value_20251010
[2025-09-19 03:30:59.605] INFO  [MultiTableRepo.transactions_value] Ensured table exists: shard_nested_test_0.transactions_value_20251011
[2025-09-19 03:30:59.636] INFO  [MultiTableRepo.transactions_value] Ensured table exists: shard_nested_test_0.transactions_value_20251012
[2025-09-19 03:30:59.678] INFO  [MultiTableRepo.transactions_value] Ensured table exists: shard_nested_test_0.transactions_value_20251013
[2025-09-19 03:30:59.707] INFO  [MultiTableRepo.transactions_value] Ensured table exists: shard_nested_test_0.transactions_value_20251014
[2025-09-19 03:30:59.740] INFO  [MultiTableRepo.transactions_value] Ensured table exists: shard_nested_test_0.transactions_value_20251015
[2025-09-19 03:30:59.770] INFO  [MultiTableRepo.transactions_value] Ensured table exists: shard_nested_test_0.transactions_value_20251016
[2025-09-19 03:30:59.799] INFO  [MultiTableRepo.transactions_value] Ensured table exists: shard_nested_test_0.transactions_value_20251017
[2025-09-19 03:30:59.829] INFO  [MultiTableRepo.transactions_value] Ensured table exists: shard_nested_test_0.transactions_value_20251018
[2025-09-19 03:30:59.858] INFO  [MultiTableRepo.transactions_value] Ensured table exists: shard_nested_test_0.transactions_value_20251019
[2025-09-19 03:30:59.859] INFO  [MultiTableRepo.transactions_value] Completed table initialization for retention period
[SplitVerse] Initialized shard: shard-0
[2025-09-19 03:30:59.861] INFO  [MultiTableRepo.transactions_value] Initializing tables for retention period: 2025-08-20 to 2025-10-19 (61 days)
[2025-09-19 03:30:59.890] INFO  [MultiTableRepo.transactions_value] Ensured table exists: shard_nested_test_1.transactions_value_20250820
[2025-09-19 03:30:59.942] INFO  [MultiTableRepo.transactions_value] Ensured table exists: shard_nested_test_1.transactions_value_20250821
[2025-09-19 03:30:59.972] INFO  [MultiTableRepo.transactions_value] Ensured table exists: shard_nested_test_1.transactions_value_20250822
[2025-09-19 03:31:00.001] INFO  [MultiTableRepo.transactions_value] Ensured table exists: shard_nested_test_1.transactions_value_20250823
[2025-09-19 03:31:00.029] INFO  [MultiTableRepo.transactions_value] Ensured table exists: shard_nested_test_1.transactions_value_20250824
[2025-09-19 03:31:00.063] INFO  [MultiTableRepo.transactions_value] Ensured table exists: shard_nested_test_1.transactions_value_20250825
[2025-09-19 03:31:00.094] INFO  [MultiTableRepo.transactions_value] Ensured table exists: shard_nested_test_1.transactions_value_20250826
[2025-09-19 03:31:00.124] INFO  [MultiTableRepo.transactions_value] Ensured table exists: shard_nested_test_1.transactions_value_20250827
[2025-09-19 03:31:00.151] INFO  [MultiTableRepo.transactions_value] Ensured table exists: shard_nested_test_1.transactions_value_20250828
[2025-09-19 03:31:00.177] INFO  [MultiTableRepo.transactions_value] Ensured table exists: shard_nested_test_1.transactions_value_20250829
[2025-09-19 03:31:00.205] INFO  [MultiTableRepo.transactions_value] Ensured table exists: shard_nested_test_1.transactions_value_20250830
[2025-09-19 03:31:00.234] INFO  [MultiTableRepo.transactions_value] Ensured table exists: shard_nested_test_1.transactions_value_20250831
[2025-09-19 03:31:00.261] INFO  [MultiTableRepo.transactions_value] Ensured table exists: shard_nested_test_1.transactions_value_20250901
[2025-09-19 03:31:00.290] INFO  [MultiTableRepo.transactions_value] Ensured table exists: shard_nested_test_1.transactions_value_20250902
[2025-09-19 03:31:00.320] INFO  [MultiTableRepo.transactions_value] Ensured table exists: shard_nested_test_1.transactions_value_20250903
[2025-09-19 03:31:00.350] INFO  [MultiTableRepo.transactions_value] Ensured table exists: shard_nested_test_1.transactions_value_20250904
[2025-09-19 03:31:00.380] INFO  [MultiTableRepo.transactions_value] Ensured table exists: shard_nested_test_1.transactions_value_20250905
[2025-09-19 03:31:00.411] INFO  [MultiTableRepo.transactions_value] Ensured table exists: shard_nested_test_1.transactions_value_20250906
[2025-09-19 03:31:00.441] INFO  [MultiTableRepo.transactions_value] Ensured table exists: shard_nested_test_1.transactions_value_20250907
[2025-09-19 03:31:00.472] INFO  [MultiTableRepo.transactions_value] Ensured table exists: shard_nested_test_1.transactions_value_20250908
[2025-09-19 03:31:00.502] INFO  [MultiTableRepo.transactions_value] Ensured table exists: shard_nested_test_1.transactions_value_20250909
[2025-09-19 03:31:00.532] INFO  [MultiTableRepo.transactions_value] Ensured table exists: shard_nested_test_1.transactions_value_20250910
[2025-09-19 03:31:00.563] INFO  [MultiTableRepo.transactions_value] Ensured table exists: shard_nested_test_1.transactions_value_20250911
[2025-09-19 03:31:00.590] INFO  [MultiTableRepo.transactions_value] Ensured table exists: shard_nested_test_1.transactions_value_20250912
[2025-09-19 03:31:00.618] INFO  [MultiTableRepo.transactions_value] Ensured table exists: shard_nested_test_1.transactions_value_20250913
[2025-09-19 03:31:00.648] INFO  [MultiTableRepo.transactions_value] Ensured table exists: shard_nested_test_1.transactions_value_20250914
[2025-09-19 03:31:00.680] INFO  [MultiTableRepo.transactions_value] Ensured table exists: shard_nested_test_1.transactions_value_20250915
[2025-09-19 03:31:00.713] INFO  [MultiTableRepo.transactions_value] Ensured table exists: shard_nested_test_1.transactions_value_20250916
[2025-09-19 03:31:00.745] INFO  [MultiTableRepo.transactions_value] Ensured table exists: shard_nested_test_1.transactions_value_20250917
[2025-09-19 03:31:00.775] INFO  [MultiTableRepo.transactions_value] Ensured table exists: shard_nested_test_1.transactions_value_20250918
[2025-09-19 03:31:00.806] INFO  [MultiTableRepo.transactions_value] Ensured table exists: shard_nested_test_1.transactions_value_20250919
[2025-09-19 03:31:00.835] INFO  [MultiTableRepo.transactions_value] Ensured table exists: shard_nested_test_1.transactions_value_20250920
[2025-09-19 03:31:00.863] INFO  [MultiTableRepo.transactions_value] Ensured table exists: shard_nested_test_1.transactions_value_20250921
[2025-09-19 03:31:00.894] INFO  [MultiTableRepo.transactions_value] Ensured table exists: shard_nested_test_1.transactions_value_20250922
[2025-09-19 03:31:00.926] INFO  [MultiTableRepo.transactions_value] Ensured table exists: shard_nested_test_1.transactions_value_20250923
[2025-09-19 03:31:00.953] INFO  [MultiTableRepo.transactions_value] Ensured table exists: shard_nested_test_1.transactions_value_20250924
[2025-09-19 03:31:00.981] INFO  [MultiTableRepo.transactions_value] Ensured table exists: shard_nested_test_1.transactions_value_20250925
[2025-09-19 03:31:01.011] INFO  [MultiTableRepo.transactions_value] Ensured table exists: shard_nested_test_1.transactions_value_20250926
[2025-09-19 03:31:01.038] INFO  [MultiTableRepo.transactions_value] Ensured table exists: shard_nested_test_1.transactions_value_20250927
[2025-09-19 03:31:01.067] INFO  [MultiTableRepo.transactions_value] Ensured table exists: shard_nested_test_1.transactions_value_20250928
[2025-09-19 03:31:01.098] INFO  [MultiTableRepo.transactions_value] Ensured table exists: shard_nested_test_1.transactions_value_20250929
[2025-09-19 03:31:01.128] INFO  [MultiTableRepo.transactions_value] Ensured table exists: shard_nested_test_1.transactions_value_20250930
[2025-09-19 03:31:01.156] INFO  [MultiTableRepo.transactions_value] Ensured table exists: shard_nested_test_1.transactions_value_20251001
[2025-09-19 03:31:01.182] INFO  [MultiTableRepo.transactions_value] Ensured table exists: shard_nested_test_1.transactions_value_20251002
[2025-09-19 03:31:01.215] INFO  [MultiTableRepo.transactions_value] Ensured table exists: shard_nested_test_1.transactions_value_20251003
[2025-09-19 03:31:01.242] INFO  [MultiTableRepo.transactions_value] Ensured table exists: shard_nested_test_1.transactions_value_20251004
[2025-09-19 03:31:01.270] INFO  [MultiTableRepo.transactions_value] Ensured table exists: shard_nested_test_1.transactions_value_20251005
[2025-09-19 03:31:01.300] INFO  [MultiTableRepo.transactions_value] Ensured table exists: shard_nested_test_1.transactions_value_20251006
[2025-09-19 03:31:01.326] INFO  [MultiTableRepo.transactions_value] Ensured table exists: shard_nested_test_1.transactions_value_20251007
[2025-09-19 03:31:01.359] INFO  [MultiTableRepo.transactions_value] Ensured table exists: shard_nested_test_1.transactions_value_20251008
[2025-09-19 03:31:01.388] INFO  [MultiTableRepo.transactions_value] Ensured table exists: shard_nested_test_1.transactions_value_20251009
[2025-09-19 03:31:01.419] INFO  [MultiTableRepo.transactions_value] Ensured table exists: shard_nested_test_1.transactions_value_20251010
[2025-09-19 03:31:01.450] INFO  [MultiTableRepo.transactions_value] Ensured table exists: shard_nested_test_1.transactions_value_20251011
[2025-09-19 03:31:01.479] INFO  [MultiTableRepo.transactions_value] Ensured table exists: shard_nested_test_1.transactions_value_20251012
[2025-09-19 03:31:01.509] INFO  [MultiTableRepo.transactions_value] Ensured table exists: shard_nested_test_1.transactions_value_20251013
[2025-09-19 03:31:01.538] INFO  [MultiTableRepo.transactions_value] Ensured table exists: shard_nested_test_1.transactions_value_20251014
[2025-09-19 03:31:01.565] INFO  [MultiTableRepo.transactions_value] Ensured table exists: shard_nested_test_1.transactions_value_20251015
[2025-09-19 03:31:01.594] INFO  [MultiTableRepo.transactions_value] Ensured table exists: shard_nested_test_1.transactions_value_20251016
[2025-09-19 03:31:01.624] INFO  [MultiTableRepo.transactions_value] Ensured table exists: shard_nested_test_1.transactions_value_20251017
[2025-09-19 03:31:01.656] INFO  [MultiTableRepo.transactions_value] Ensured table exists: shard_nested_test_1.transactions_value_20251018
[2025-09-19 03:31:01.687] INFO  [MultiTableRepo.transactions_value] Ensured table exists: shard_nested_test_1.transactions_value_20251019
[2025-09-19 03:31:01.687] INFO  [MultiTableRepo.transactions_value] Completed table initialization for retention period
[SplitVerse] Initialized shard: shard-1
[2025-09-19 03:31:01.688] INFO  [MultiTableRepo.transactions_value] Initializing tables for retention period: 2025-08-20 to 2025-10-19 (61 days)
[2025-09-19 03:31:01.717] INFO  [MultiTableRepo.transactions_value] Ensured table exists: shard_nested_test_2.transactions_value_20250820
[2025-09-19 03:31:01.752] INFO  [MultiTableRepo.transactions_value] Ensured table exists: shard_nested_test_2.transactions_value_20250821
[2025-09-19 03:31:01.782] INFO  [MultiTableRepo.transactions_value] Ensured table exists: shard_nested_test_2.transactions_value_20250822
[2025-09-19 03:31:01.811] INFO  [MultiTableRepo.transactions_value] Ensured table exists: shard_nested_test_2.transactions_value_20250823
[2025-09-19 03:31:01.840] INFO  [MultiTableRepo.transactions_value] Ensured table exists: shard_nested_test_2.transactions_value_20250824
[2025-09-19 03:31:01.868] INFO  [MultiTableRepo.transactions_value] Ensured table exists: shard_nested_test_2.transactions_value_20250825
[2025-09-19 03:31:01.896] INFO  [MultiTableRepo.transactions_value] Ensured table exists: shard_nested_test_2.transactions_value_20250826
[2025-09-19 03:31:01.928] INFO  [MultiTableRepo.transactions_value] Ensured table exists: shard_nested_test_2.transactions_value_20250827
[2025-09-19 03:31:01.960] INFO  [MultiTableRepo.transactions_value] Ensured table exists: shard_nested_test_2.transactions_value_20250828
[2025-09-19 03:31:01.989] INFO  [MultiTableRepo.transactions_value] Ensured table exists: shard_nested_test_2.transactions_value_20250829
[2025-09-19 03:31:02.022] INFO  [MultiTableRepo.transactions_value] Ensured table exists: shard_nested_test_2.transactions_value_20250830
[2025-09-19 03:31:02.051] INFO  [MultiTableRepo.transactions_value] Ensured table exists: shard_nested_test_2.transactions_value_20250831
[2025-09-19 03:31:02.083] INFO  [MultiTableRepo.transactions_value] Ensured table exists: shard_nested_test_2.transactions_value_20250901
[2025-09-19 03:31:02.113] INFO  [MultiTableRepo.transactions_value] Ensured table exists: shard_nested_test_2.transactions_value_20250902
[2025-09-19 03:31:02.140] INFO  [MultiTableRepo.transactions_value] Ensured table exists: shard_nested_test_2.transactions_value_20250903
[2025-09-19 03:31:02.166] INFO  [MultiTableRepo.transactions_value] Ensured table exists: shard_nested_test_2.transactions_value_20250904
[2025-09-19 03:31:02.192] INFO  [MultiTableRepo.transactions_value] Ensured table exists: shard_nested_test_2.transactions_value_20250905
[2025-09-19 03:31:02.221] INFO  [MultiTableRepo.transactions_value] Ensured table exists: shard_nested_test_2.transactions_value_20250906
[2025-09-19 03:31:02.249] INFO  [MultiTableRepo.transactions_value] Ensured table exists: shard_nested_test_2.transactions_value_20250907
[2025-09-19 03:31:02.275] INFO  [MultiTableRepo.transactions_value] Ensured table exists: shard_nested_test_2.transactions_value_20250908
[2025-09-19 03:31:02.302] INFO  [MultiTableRepo.transactions_value] Ensured table exists: shard_nested_test_2.transactions_value_20250909
[2025-09-19 03:31:02.328] INFO  [MultiTableRepo.transactions_value] Ensured table exists: shard_nested_test_2.transactions_value_20250910
[2025-09-19 03:31:02.359] INFO  [MultiTableRepo.transactions_value] Ensured table exists: shard_nested_test_2.transactions_value_20250911
[2025-09-19 03:31:02.390] INFO  [MultiTableRepo.transactions_value] Ensured table exists: shard_nested_test_2.transactions_value_20250912
[2025-09-19 03:31:02.423] INFO  [MultiTableRepo.transactions_value] Ensured table exists: shard_nested_test_2.transactions_value_20250913
[2025-09-19 03:31:02.450] INFO  [MultiTableRepo.transactions_value] Ensured table exists: shard_nested_test_2.transactions_value_20250914
[2025-09-19 03:31:02.478] INFO  [MultiTableRepo.transactions_value] Ensured table exists: shard_nested_test_2.transactions_value_20250915
[2025-09-19 03:31:02.508] INFO  [MultiTableRepo.transactions_value] Ensured table exists: shard_nested_test_2.transactions_value_20250916
[2025-09-19 03:31:02.539] INFO  [MultiTableRepo.transactions_value] Ensured table exists: shard_nested_test_2.transactions_value_20250917
[2025-09-19 03:31:02.566] INFO  [MultiTableRepo.transactions_value] Ensured table exists: shard_nested_test_2.transactions_value_20250918
[2025-09-19 03:31:02.596] INFO  [MultiTableRepo.transactions_value] Ensured table exists: shard_nested_test_2.transactions_value_20250919
[2025-09-19 03:31:02.625] INFO  [MultiTableRepo.transactions_value] Ensured table exists: shard_nested_test_2.transactions_value_20250920
[2025-09-19 03:31:02.656] INFO  [MultiTableRepo.transactions_value] Ensured table exists: shard_nested_test_2.transactions_value_20250921
[2025-09-19 03:31:02.685] INFO  [MultiTableRepo.transactions_value] Ensured table exists: shard_nested_test_2.transactions_value_20250922
[2025-09-19 03:31:02.715] INFO  [MultiTableRepo.transactions_value] Ensured table exists: shard_nested_test_2.transactions_value_20250923
[2025-09-19 03:31:02.751] INFO  [MultiTableRepo.transactions_value] Ensured table exists: shard_nested_test_2.transactions_value_20250924
[2025-09-19 03:31:02.782] INFO  [MultiTableRepo.transactions_value] Ensured table exists: shard_nested_test_2.transactions_value_20250925
[2025-09-19 03:31:02.812] INFO  [MultiTableRepo.transactions_value] Ensured table exists: shard_nested_test_2.transactions_value_20250926
[2025-09-19 03:31:02.840] INFO  [MultiTableRepo.transactions_value] Ensured table exists: shard_nested_test_2.transactions_value_20250927
[2025-09-19 03:31:02.872] INFO  [MultiTableRepo.transactions_value] Ensured table exists: shard_nested_test_2.transactions_value_20250928
[2025-09-19 03:31:02.902] INFO  [MultiTableRepo.transactions_value] Ensured table exists: shard_nested_test_2.transactions_value_20250929
[2025-09-19 03:31:02.929] INFO  [MultiTableRepo.transactions_value] Ensured table exists: shard_nested_test_2.transactions_value_20250930
[2025-09-19 03:31:02.959] INFO  [MultiTableRepo.transactions_value] Ensured table exists: shard_nested_test_2.transactions_value_20251001
[2025-09-19 03:31:02.990] INFO  [MultiTableRepo.transactions_value] Ensured table exists: shard_nested_test_2.transactions_value_20251002
[2025-09-19 03:31:03.021] INFO  [MultiTableRepo.transactions_value] Ensured table exists: shard_nested_test_2.transactions_value_20251003
[2025-09-19 03:31:03.047] INFO  [MultiTableRepo.transactions_value] Ensured table exists: shard_nested_test_2.transactions_value_20251004
[2025-09-19 03:31:03.079] INFO  [MultiTableRepo.transactions_value] Ensured table exists: shard_nested_test_2.transactions_value_20251005
[2025-09-19 03:31:03.107] INFO  [MultiTableRepo.transactions_value] Ensured table exists: shard_nested_test_2.transactions_value_20251006
[2025-09-19 03:31:03.136] INFO  [MultiTableRepo.transactions_value] Ensured table exists: shard_nested_test_2.transactions_value_20251007
[2025-09-19 03:31:03.165] INFO  [MultiTableRepo.transactions_value] Ensured table exists: shard_nested_test_2.transactions_value_20251008
[2025-09-19 03:31:03.194] INFO  [MultiTableRepo.transactions_value] Ensured table exists: shard_nested_test_2.transactions_value_20251009
[2025-09-19 03:31:03.223] INFO  [MultiTableRepo.transactions_value] Ensured table exists: shard_nested_test_2.transactions_value_20251010
[2025-09-19 03:31:03.252] INFO  [MultiTableRepo.transactions_value] Ensured table exists: shard_nested_test_2.transactions_value_20251011
[2025-09-19 03:31:03.277] INFO  [MultiTableRepo.transactions_value] Ensured table exists: shard_nested_test_2.transactions_value_20251012
[2025-09-19 03:31:03.303] INFO  [MultiTableRepo.transactions_value] Ensured table exists: shard_nested_test_2.transactions_value_20251013
[2025-09-19 03:31:03.338] INFO  [MultiTableRepo.transactions_value] Ensured table exists: shard_nested_test_2.transactions_value_20251014
[2025-09-19 03:31:03.367] INFO  [MultiTableRepo.transactions_value] Ensured table exists: shard_nested_test_2.transactions_value_20251015
[2025-09-19 03:31:03.400] INFO  [MultiTableRepo.transactions_value] Ensured table exists: shard_nested_test_2.transactions_value_20251016
[2025-09-19 03:31:03.429] INFO  [MultiTableRepo.transactions_value] Ensured table exists: shard_nested_test_2.transactions_value_20251017
[2025-09-19 03:31:03.457] INFO  [MultiTableRepo.transactions_value] Ensured table exists: shard_nested_test_2.transactions_value_20251018
[2025-09-19 03:31:03.493] INFO  [MultiTableRepo.transactions_value] Ensured table exists: shard_nested_test_2.transactions_value_20251019
[2025-09-19 03:31:03.493] INFO  [MultiTableRepo.transactions_value] Completed table initialization for retention period
[SplitVerse] Initialized shard: shard-2
[SplitVerse] Initialized with 3 active shard(s)
Creating HASH-BASED nested partitioning repository...
[SplitVerse] Building repository with:
  Entity: Transaction
  Table: transactions_hash
  Sharding Strategy: DUAL_KEY_HASH_HASH
  Repository Mode: MULTI_TABLE
  Partition Column: account_id (STRING)
  Partition Range: HASH_16
  Table Granularity: DAILY
  Retention Days: 30
  ID Size: 22 bytes
  Charset: utf8mb4, Collation: utf8mb4_bin
  Shards: 3
[2025-09-19 03:31:03.495] INFO  [MultiTableRepo.transactions_hash] Initializing tables for retention period: 2025-08-20 to 2025-10-19 (61 days)
[2025-09-19 03:31:03.521] INFO  [MultiTableRepo.transactions_hash] Ensured table exists: shard_nested_test_0.transactions_hash_20250820
[2025-09-19 03:31:03.551] INFO  [MultiTableRepo.transactions_hash] Ensured table exists: shard_nested_test_0.transactions_hash_20250821
[2025-09-19 03:31:03.578] INFO  [MultiTableRepo.transactions_hash] Ensured table exists: shard_nested_test_0.transactions_hash_20250822
[2025-09-19 03:31:03.605] INFO  [MultiTableRepo.transactions_hash] Ensured table exists: shard_nested_test_0.transactions_hash_20250823
[2025-09-19 03:31:03.632] INFO  [MultiTableRepo.transactions_hash] Ensured table exists: shard_nested_test_0.transactions_hash_20250824
[2025-09-19 03:31:03.662] INFO  [MultiTableRepo.transactions_hash] Ensured table exists: shard_nested_test_0.transactions_hash_20250825
[2025-09-19 03:31:03.700] INFO  [MultiTableRepo.transactions_hash] Ensured table exists: shard_nested_test_0.transactions_hash_20250826
[2025-09-19 03:31:03.741] INFO  [MultiTableRepo.transactions_hash] Ensured table exists: shard_nested_test_0.transactions_hash_20250827
[2025-09-19 03:31:03.776] INFO  [MultiTableRepo.transactions_hash] Ensured table exists: shard_nested_test_0.transactions_hash_20250828
[2025-09-19 03:31:03.813] INFO  [MultiTableRepo.transactions_hash] Ensured table exists: shard_nested_test_0.transactions_hash_20250829
[2025-09-19 03:31:03.852] INFO  [MultiTableRepo.transactions_hash] Ensured table exists: shard_nested_test_0.transactions_hash_20250830
[2025-09-19 03:31:03.882] INFO  [MultiTableRepo.transactions_hash] Ensured table exists: shard_nested_test_0.transactions_hash_20250831
[2025-09-19 03:31:03.910] INFO  [MultiTableRepo.transactions_hash] Ensured table exists: shard_nested_test_0.transactions_hash_20250901
[2025-09-19 03:31:03.945] INFO  [MultiTableRepo.transactions_hash] Ensured table exists: shard_nested_test_0.transactions_hash_20250902
[2025-09-19 03:31:03.977] INFO  [MultiTableRepo.transactions_hash] Ensured table exists: shard_nested_test_0.transactions_hash_20250903
[2025-09-19 03:31:04.010] INFO  [MultiTableRepo.transactions_hash] Ensured table exists: shard_nested_test_0.transactions_hash_20250904
[2025-09-19 03:31:04.049] INFO  [MultiTableRepo.transactions_hash] Ensured table exists: shard_nested_test_0.transactions_hash_20250905
[2025-09-19 03:31:04.087] INFO  [MultiTableRepo.transactions_hash] Ensured table exists: shard_nested_test_0.transactions_hash_20250906
[2025-09-19 03:31:04.122] INFO  [MultiTableRepo.transactions_hash] Ensured table exists: shard_nested_test_0.transactions_hash_20250907
[2025-09-19 03:31:04.153] INFO  [MultiTableRepo.transactions_hash] Ensured table exists: shard_nested_test_0.transactions_hash_20250908
[2025-09-19 03:31:04.178] INFO  [MultiTableRepo.transactions_hash] Ensured table exists: shard_nested_test_0.transactions_hash_20250909
[2025-09-19 03:31:04.207] INFO  [MultiTableRepo.transactions_hash] Ensured table exists: shard_nested_test_0.transactions_hash_20250910
[2025-09-19 03:31:04.238] INFO  [MultiTableRepo.transactions_hash] Ensured table exists: shard_nested_test_0.transactions_hash_20250911
[2025-09-19 03:31:04.272] INFO  [MultiTableRepo.transactions_hash] Ensured table exists: shard_nested_test_0.transactions_hash_20250912
[2025-09-19 03:31:04.302] INFO  [MultiTableRepo.transactions_hash] Ensured table exists: shard_nested_test_0.transactions_hash_20250913
[2025-09-19 03:31:04.332] INFO  [MultiTableRepo.transactions_hash] Ensured table exists: shard_nested_test_0.transactions_hash_20250914
[2025-09-19 03:31:04.363] INFO  [MultiTableRepo.transactions_hash] Ensured table exists: shard_nested_test_0.transactions_hash_20250915
[2025-09-19 03:31:04.389] INFO  [MultiTableRepo.transactions_hash] Ensured table exists: shard_nested_test_0.transactions_hash_20250916
[2025-09-19 03:31:04.415] INFO  [MultiTableRepo.transactions_hash] Ensured table exists: shard_nested_test_0.transactions_hash_20250917
[2025-09-19 03:31:04.441] INFO  [MultiTableRepo.transactions_hash] Ensured table exists: shard_nested_test_0.transactions_hash_20250918
[2025-09-19 03:31:04.466] INFO  [MultiTableRepo.transactions_hash] Ensured table exists: shard_nested_test_0.transactions_hash_20250919
[2025-09-19 03:31:04.492] INFO  [MultiTableRepo.transactions_hash] Ensured table exists: shard_nested_test_0.transactions_hash_20250920
[2025-09-19 03:31:04.518] INFO  [MultiTableRepo.transactions_hash] Ensured table exists: shard_nested_test_0.transactions_hash_20250921
[2025-09-19 03:31:04.544] INFO  [MultiTableRepo.transactions_hash] Ensured table exists: shard_nested_test_0.transactions_hash_20250922
[2025-09-19 03:31:04.571] INFO  [MultiTableRepo.transactions_hash] Ensured table exists: shard_nested_test_0.transactions_hash_20250923
[2025-09-19 03:31:04.598] INFO  [MultiTableRepo.transactions_hash] Ensured table exists: shard_nested_test_0.transactions_hash_20250924
[2025-09-19 03:31:04.626] INFO  [MultiTableRepo.transactions_hash] Ensured table exists: shard_nested_test_0.transactions_hash_20250925
[2025-09-19 03:31:04.656] INFO  [MultiTableRepo.transactions_hash] Ensured table exists: shard_nested_test_0.transactions_hash_20250926
[2025-09-19 03:31:04.682] INFO  [MultiTableRepo.transactions_hash] Ensured table exists: shard_nested_test_0.transactions_hash_20250927
[2025-09-19 03:31:04.709] INFO  [MultiTableRepo.transactions_hash] Ensured table exists: shard_nested_test_0.transactions_hash_20250928
[2025-09-19 03:31:04.741] INFO  [MultiTableRepo.transactions_hash] Ensured table exists: shard_nested_test_0.transactions_hash_20250929
[2025-09-19 03:31:04.769] INFO  [MultiTableRepo.transactions_hash] Ensured table exists: shard_nested_test_0.transactions_hash_20250930
[2025-09-19 03:31:04.798] INFO  [MultiTableRepo.transactions_hash] Ensured table exists: shard_nested_test_0.transactions_hash_20251001
[2025-09-19 03:31:04.829] INFO  [MultiTableRepo.transactions_hash] Ensured table exists: shard_nested_test_0.transactions_hash_20251002
[2025-09-19 03:31:04.855] INFO  [MultiTableRepo.transactions_hash] Ensured table exists: shard_nested_test_0.transactions_hash_20251003
[2025-09-19 03:31:04.884] INFO  [MultiTableRepo.transactions_hash] Ensured table exists: shard_nested_test_0.transactions_hash_20251004
[2025-09-19 03:31:04.910] INFO  [MultiTableRepo.transactions_hash] Ensured table exists: shard_nested_test_0.transactions_hash_20251005
[2025-09-19 03:31:04.936] INFO  [MultiTableRepo.transactions_hash] Ensured table exists: shard_nested_test_0.transactions_hash_20251006
[2025-09-19 03:31:04.965] INFO  [MultiTableRepo.transactions_hash] Ensured table exists: shard_nested_test_0.transactions_hash_20251007
[2025-09-19 03:31:04.994] INFO  [MultiTableRepo.transactions_hash] Ensured table exists: shard_nested_test_0.transactions_hash_20251008
[2025-09-19 03:31:05.026] INFO  [MultiTableRepo.transactions_hash] Ensured table exists: shard_nested_test_0.transactions_hash_20251009
[2025-09-19 03:31:05.058] INFO  [MultiTableRepo.transactions_hash] Ensured table exists: shard_nested_test_0.transactions_hash_20251010
[2025-09-19 03:31:05.083] INFO  [MultiTableRepo.transactions_hash] Ensured table exists: shard_nested_test_0.transactions_hash_20251011
[2025-09-19 03:31:05.113] INFO  [MultiTableRepo.transactions_hash] Ensured table exists: shard_nested_test_0.transactions_hash_20251012
[2025-09-19 03:31:05.144] INFO  [MultiTableRepo.transactions_hash] Ensured table exists: shard_nested_test_0.transactions_hash_20251013
[2025-09-19 03:31:05.171] INFO  [MultiTableRepo.transactions_hash] Ensured table exists: shard_nested_test_0.transactions_hash_20251014
[2025-09-19 03:31:05.197] INFO  [MultiTableRepo.transactions_hash] Ensured table exists: shard_nested_test_0.transactions_hash_20251015
[2025-09-19 03:31:05.228] INFO  [MultiTableRepo.transactions_hash] Ensured table exists: shard_nested_test_0.transactions_hash_20251016
[2025-09-19 03:31:05.257] INFO  [MultiTableRepo.transactions_hash] Ensured table exists: shard_nested_test_0.transactions_hash_20251017
[2025-09-19 03:31:05.282] INFO  [MultiTableRepo.transactions_hash] Ensured table exists: shard_nested_test_0.transactions_hash_20251018
[2025-09-19 03:31:05.309] INFO  [MultiTableRepo.transactions_hash] Ensured table exists: shard_nested_test_0.transactions_hash_20251019
[2025-09-19 03:31:05.310] INFO  [MultiTableRepo.transactions_hash] Completed table initialization for retention period
[SplitVerse] Initialized shard: shard-0
[2025-09-19 03:31:05.312] INFO  [MultiTableRepo.transactions_hash] Initializing tables for retention period: 2025-08-20 to 2025-10-19 (61 days)
[2025-09-19 03:31:05.341] INFO  [MultiTableRepo.transactions_hash] Ensured table exists: shard_nested_test_1.transactions_hash_20250820
[2025-09-19 03:31:05.372] INFO  [MultiTableRepo.transactions_hash] Ensured table exists: shard_nested_test_1.transactions_hash_20250821
[2025-09-19 03:31:05.398] INFO  [MultiTableRepo.transactions_hash] Ensured table exists: shard_nested_test_1.transactions_hash_20250822
[2025-09-19 03:31:05.425] INFO  [MultiTableRepo.transactions_hash] Ensured table exists: shard_nested_test_1.transactions_hash_20250823
[2025-09-19 03:31:05.451] INFO  [MultiTableRepo.transactions_hash] Ensured table exists: shard_nested_test_1.transactions_hash_20250824
[2025-09-19 03:31:05.478] INFO  [MultiTableRepo.transactions_hash] Ensured table exists: shard_nested_test_1.transactions_hash_20250825
[2025-09-19 03:31:05.504] INFO  [MultiTableRepo.transactions_hash] Ensured table exists: shard_nested_test_1.transactions_hash_20250826
[2025-09-19 03:31:05.532] INFO  [MultiTableRepo.transactions_hash] Ensured table exists: shard_nested_test_1.transactions_hash_20250827
[2025-09-19 03:31:05.562] INFO  [MultiTableRepo.transactions_hash] Ensured table exists: shard_nested_test_1.transactions_hash_20250828
[2025-09-19 03:31:05.592] INFO  [MultiTableRepo.transactions_hash] Ensured table exists: shard_nested_test_1.transactions_hash_20250829
[2025-09-19 03:31:05.625] INFO  [MultiTableRepo.transactions_hash] Ensured table exists: shard_nested_test_1.transactions_hash_20250830
[2025-09-19 03:31:05.655] INFO  [MultiTableRepo.transactions_hash] Ensured table exists: shard_nested_test_1.transactions_hash_20250831
[2025-09-19 03:31:05.684] INFO  [MultiTableRepo.transactions_hash] Ensured table exists: shard_nested_test_1.transactions_hash_20250901
[2025-09-19 03:31:05.715] INFO  [MultiTableRepo.transactions_hash] Ensured table exists: shard_nested_test_1.transactions_hash_20250902
[2025-09-19 03:31:05.750] INFO  [MultiTableRepo.transactions_hash] Ensured table exists: shard_nested_test_1.transactions_hash_20250903
[2025-09-19 03:31:05.776] INFO  [MultiTableRepo.transactions_hash] Ensured table exists: shard_nested_test_1.transactions_hash_20250904
[2025-09-19 03:31:05.802] INFO  [MultiTableRepo.transactions_hash] Ensured table exists: shard_nested_test_1.transactions_hash_20250905
[2025-09-19 03:31:05.830] INFO  [MultiTableRepo.transactions_hash] Ensured table exists: shard_nested_test_1.transactions_hash_20250906
[2025-09-19 03:31:05.860] INFO  [MultiTableRepo.transactions_hash] Ensured table exists: shard_nested_test_1.transactions_hash_20250907
[2025-09-19 03:31:05.889] INFO  [MultiTableRepo.transactions_hash] Ensured table exists: shard_nested_test_1.transactions_hash_20250908
[2025-09-19 03:31:05.916] INFO  [MultiTableRepo.transactions_hash] Ensured table exists: shard_nested_test_1.transactions_hash_20250909
[2025-09-19 03:31:05.946] INFO  [MultiTableRepo.transactions_hash] Ensured table exists: shard_nested_test_1.transactions_hash_20250910
[2025-09-19 03:31:05.975] INFO  [MultiTableRepo.transactions_hash] Ensured table exists: shard_nested_test_1.transactions_hash_20250911
[2025-09-19 03:31:06.004] INFO  [MultiTableRepo.transactions_hash] Ensured table exists: shard_nested_test_1.transactions_hash_20250912
[2025-09-19 03:31:06.032] INFO  [MultiTableRepo.transactions_hash] Ensured table exists: shard_nested_test_1.transactions_hash_20250913
[2025-09-19 03:31:06.062] INFO  [MultiTableRepo.transactions_hash] Ensured table exists: shard_nested_test_1.transactions_hash_20250914
[2025-09-19 03:31:06.097] INFO  [MultiTableRepo.transactions_hash] Ensured table exists: shard_nested_test_1.transactions_hash_20250915
[2025-09-19 03:31:06.125] INFO  [MultiTableRepo.transactions_hash] Ensured table exists: shard_nested_test_1.transactions_hash_20250916
[2025-09-19 03:31:06.154] INFO  [MultiTableRepo.transactions_hash] Ensured table exists: shard_nested_test_1.transactions_hash_20250917
[2025-09-19 03:31:06.183] INFO  [MultiTableRepo.transactions_hash] Ensured table exists: shard_nested_test_1.transactions_hash_20250918
[2025-09-19 03:31:06.213] INFO  [MultiTableRepo.transactions_hash] Ensured table exists: shard_nested_test_1.transactions_hash_20250919
[2025-09-19 03:31:06.242] INFO  [MultiTableRepo.transactions_hash] Ensured table exists: shard_nested_test_1.transactions_hash_20250920
[2025-09-19 03:31:06.271] INFO  [MultiTableRepo.transactions_hash] Ensured table exists: shard_nested_test_1.transactions_hash_20250921
[2025-09-19 03:31:06.299] INFO  [MultiTableRepo.transactions_hash] Ensured table exists: shard_nested_test_1.transactions_hash_20250922
[2025-09-19 03:31:06.327] INFO  [MultiTableRepo.transactions_hash] Ensured table exists: shard_nested_test_1.transactions_hash_20250923
[2025-09-19 03:31:06.353] INFO  [MultiTableRepo.transactions_hash] Ensured table exists: shard_nested_test_1.transactions_hash_20250924
[2025-09-19 03:31:06.378] INFO  [MultiTableRepo.transactions_hash] Ensured table exists: shard_nested_test_1.transactions_hash_20250925
[2025-09-19 03:31:06.405] INFO  [MultiTableRepo.transactions_hash] Ensured table exists: shard_nested_test_1.transactions_hash_20250926
[2025-09-19 03:31:06.431] INFO  [MultiTableRepo.transactions_hash] Ensured table exists: shard_nested_test_1.transactions_hash_20250927
[2025-09-19 03:31:06.457] INFO  [MultiTableRepo.transactions_hash] Ensured table exists: shard_nested_test_1.transactions_hash_20250928
[2025-09-19 03:31:06.482] INFO  [MultiTableRepo.transactions_hash] Ensured table exists: shard_nested_test_1.transactions_hash_20250929
[2025-09-19 03:31:06.509] INFO  [MultiTableRepo.transactions_hash] Ensured table exists: shard_nested_test_1.transactions_hash_20250930
[2025-09-19 03:31:06.534] INFO  [MultiTableRepo.transactions_hash] Ensured table exists: shard_nested_test_1.transactions_hash_20251001
[2025-09-19 03:31:06.562] INFO  [MultiTableRepo.transactions_hash] Ensured table exists: shard_nested_test_1.transactions_hash_20251002
[2025-09-19 03:31:06.592] INFO  [MultiTableRepo.transactions_hash] Ensured table exists: shard_nested_test_1.transactions_hash_20251003
[2025-09-19 03:31:06.621] INFO  [MultiTableRepo.transactions_hash] Ensured table exists: shard_nested_test_1.transactions_hash_20251004
[2025-09-19 03:31:06.652] INFO  [MultiTableRepo.transactions_hash] Ensured table exists: shard_nested_test_1.transactions_hash_20251005
[2025-09-19 03:31:06.679] INFO  [MultiTableRepo.transactions_hash] Ensured table exists: shard_nested_test_1.transactions_hash_20251006
[2025-09-19 03:31:06.710] INFO  [MultiTableRepo.transactions_hash] Ensured table exists: shard_nested_test_1.transactions_hash_20251007
[2025-09-19 03:31:06.742] INFO  [MultiTableRepo.transactions_hash] Ensured table exists: shard_nested_test_1.transactions_hash_20251008
[2025-09-19 03:31:06.770] INFO  [MultiTableRepo.transactions_hash] Ensured table exists: shard_nested_test_1.transactions_hash_20251009
[2025-09-19 03:31:06.800] INFO  [MultiTableRepo.transactions_hash] Ensured table exists: shard_nested_test_1.transactions_hash_20251010
[2025-09-19 03:31:06.831] INFO  [MultiTableRepo.transactions_hash] Ensured table exists: shard_nested_test_1.transactions_hash_20251011
[2025-09-19 03:31:06.860] INFO  [MultiTableRepo.transactions_hash] Ensured table exists: shard_nested_test_1.transactions_hash_20251012
[2025-09-19 03:31:06.889] INFO  [MultiTableRepo.transactions_hash] Ensured table exists: shard_nested_test_1.transactions_hash_20251013
[2025-09-19 03:31:06.948] INFO  [MultiTableRepo.transactions_hash] Ensured table exists: shard_nested_test_1.transactions_hash_20251014
[2025-09-19 03:31:06.999] INFO  [MultiTableRepo.transactions_hash] Ensured table exists: shard_nested_test_1.transactions_hash_20251015
[2025-09-19 03:31:07.050] INFO  [MultiTableRepo.transactions_hash] Ensured table exists: shard_nested_test_1.transactions_hash_20251016
[2025-09-19 03:31:07.098] INFO  [MultiTableRepo.transactions_hash] Ensured table exists: shard_nested_test_1.transactions_hash_20251017
[2025-09-19 03:31:07.138] INFO  [MultiTableRepo.transactions_hash] Ensured table exists: shard_nested_test_1.transactions_hash_20251018
[2025-09-19 03:31:07.167] INFO  [MultiTableRepo.transactions_hash] Ensured table exists: shard_nested_test_1.transactions_hash_20251019
[2025-09-19 03:31:07.167] INFO  [MultiTableRepo.transactions_hash] Completed table initialization for retention period
[SplitVerse] Initialized shard: shard-1
[2025-09-19 03:31:07.169] INFO  [MultiTableRepo.transactions_hash] Initializing tables for retention period: 2025-08-20 to 2025-10-19 (61 days)
[2025-09-19 03:31:07.198] INFO  [MultiTableRepo.transactions_hash] Ensured table exists: shard_nested_test_2.transactions_hash_20250820
[2025-09-19 03:31:07.226] INFO  [MultiTableRepo.transactions_hash] Ensured table exists: shard_nested_test_2.transactions_hash_20250821
[2025-09-19 03:31:07.261] INFO  [MultiTableRepo.transactions_hash] Ensured table exists: shard_nested_test_2.transactions_hash_20250822
[2025-09-19 03:31:07.303] INFO  [MultiTableRepo.transactions_hash] Ensured table exists: shard_nested_test_2.transactions_hash_20250823
[2025-09-19 03:31:07.328] INFO  [MultiTableRepo.transactions_hash] Ensured table exists: shard_nested_test_2.transactions_hash_20250824
[2025-09-19 03:31:07.354] INFO  [MultiTableRepo.transactions_hash] Ensured table exists: shard_nested_test_2.transactions_hash_20250825
[2025-09-19 03:31:07.379] INFO  [MultiTableRepo.transactions_hash] Ensured table exists: shard_nested_test_2.transactions_hash_20250826
[2025-09-19 03:31:07.405] INFO  [MultiTableRepo.transactions_hash] Ensured table exists: shard_nested_test_2.transactions_hash_20250827
[2025-09-19 03:31:07.431] INFO  [MultiTableRepo.transactions_hash] Ensured table exists: shard_nested_test_2.transactions_hash_20250828
[2025-09-19 03:31:07.458] INFO  [MultiTableRepo.transactions_hash] Ensured table exists: shard_nested_test_2.transactions_hash_20250829
[2025-09-19 03:31:07.486] INFO  [MultiTableRepo.transactions_hash] Ensured table exists: shard_nested_test_2.transactions_hash_20250830
[2025-09-19 03:31:07.512] INFO  [MultiTableRepo.transactions_hash] Ensured table exists: shard_nested_test_2.transactions_hash_20250831
[2025-09-19 03:31:07.537] INFO  [MultiTableRepo.transactions_hash] Ensured table exists: shard_nested_test_2.transactions_hash_20250901
[2025-09-19 03:31:07.565] INFO  [MultiTableRepo.transactions_hash] Ensured table exists: shard_nested_test_2.transactions_hash_20250902
[2025-09-19 03:31:07.593] INFO  [MultiTableRepo.transactions_hash] Ensured table exists: shard_nested_test_2.transactions_hash_20250903
[2025-09-19 03:31:07.621] INFO  [MultiTableRepo.transactions_hash] Ensured table exists: shard_nested_test_2.transactions_hash_20250904
[2025-09-19 03:31:07.650] INFO  [MultiTableRepo.transactions_hash] Ensured table exists: shard_nested_test_2.transactions_hash_20250905
[2025-09-19 03:31:07.679] INFO  [MultiTableRepo.transactions_hash] Ensured table exists: shard_nested_test_2.transactions_hash_20250906
[2025-09-19 03:31:07.710] INFO  [MultiTableRepo.transactions_hash] Ensured table exists: shard_nested_test_2.transactions_hash_20250907
[2025-09-19 03:31:07.741] INFO  [MultiTableRepo.transactions_hash] Ensured table exists: shard_nested_test_2.transactions_hash_20250908
[2025-09-19 03:31:07.772] INFO  [MultiTableRepo.transactions_hash] Ensured table exists: shard_nested_test_2.transactions_hash_20250909
[2025-09-19 03:31:07.801] INFO  [MultiTableRepo.transactions_hash] Ensured table exists: shard_nested_test_2.transactions_hash_20250910
[2025-09-19 03:31:07.840] INFO  [MultiTableRepo.transactions_hash] Ensured table exists: shard_nested_test_2.transactions_hash_20250911
[2025-09-19 03:31:07.882] INFO  [MultiTableRepo.transactions_hash] Ensured table exists: shard_nested_test_2.transactions_hash_20250912
[2025-09-19 03:31:07.912] INFO  [MultiTableRepo.transactions_hash] Ensured table exists: shard_nested_test_2.transactions_hash_20250913
[2025-09-19 03:31:07.943] INFO  [MultiTableRepo.transactions_hash] Ensured table exists: shard_nested_test_2.transactions_hash_20250914
[2025-09-19 03:31:07.976] INFO  [MultiTableRepo.transactions_hash] Ensured table exists: shard_nested_test_2.transactions_hash_20250915
[2025-09-19 03:31:08.027] INFO  [MultiTableRepo.transactions_hash] Ensured table exists: shard_nested_test_2.transactions_hash_20250916
[2025-09-19 03:31:08.056] INFO  [MultiTableRepo.transactions_hash] Ensured table exists: shard_nested_test_2.transactions_hash_20250917
[2025-09-19 03:31:08.089] INFO  [MultiTableRepo.transactions_hash] Ensured table exists: shard_nested_test_2.transactions_hash_20250918
[2025-09-19 03:31:08.116] INFO  [MultiTableRepo.transactions_hash] Ensured table exists: shard_nested_test_2.transactions_hash_20250919
[2025-09-19 03:31:08.146] INFO  [MultiTableRepo.transactions_hash] Ensured table exists: shard_nested_test_2.transactions_hash_20250920
[2025-09-19 03:31:08.176] INFO  [MultiTableRepo.transactions_hash] Ensured table exists: shard_nested_test_2.transactions_hash_20250921
[2025-09-19 03:31:08.206] INFO  [MultiTableRepo.transactions_hash] Ensured table exists: shard_nested_test_2.transactions_hash_20250922
[2025-09-19 03:31:08.234] INFO  [MultiTableRepo.transactions_hash] Ensured table exists: shard_nested_test_2.transactions_hash_20250923
[2025-09-19 03:31:08.263] INFO  [MultiTableRepo.transactions_hash] Ensured table exists: shard_nested_test_2.transactions_hash_20250924
[2025-09-19 03:31:08.294] INFO  [MultiTableRepo.transactions_hash] Ensured table exists: shard_nested_test_2.transactions_hash_20250925
[2025-09-19 03:31:08.322] INFO  [MultiTableRepo.transactions_hash] Ensured table exists: shard_nested_test_2.transactions_hash_20250926
[2025-09-19 03:31:08.349] INFO  [MultiTableRepo.transactions_hash] Ensured table exists: shard_nested_test_2.transactions_hash_20250927
[2025-09-19 03:31:08.378] INFO  [MultiTableRepo.transactions_hash] Ensured table exists: shard_nested_test_2.transactions_hash_20250928
[2025-09-19 03:31:08.405] INFO  [MultiTableRepo.transactions_hash] Ensured table exists: shard_nested_test_2.transactions_hash_20250929
[2025-09-19 03:31:08.435] INFO  [MultiTableRepo.transactions_hash] Ensured table exists: shard_nested_test_2.transactions_hash_20250930
[2025-09-19 03:31:08.461] INFO  [MultiTableRepo.transactions_hash] Ensured table exists: shard_nested_test_2.transactions_hash_20251001
[2025-09-19 03:31:08.487] INFO  [MultiTableRepo.transactions_hash] Ensured table exists: shard_nested_test_2.transactions_hash_20251002
[2025-09-19 03:31:08.515] INFO  [MultiTableRepo.transactions_hash] Ensured table exists: shard_nested_test_2.transactions_hash_20251003
[2025-09-19 03:31:08.543] INFO  [MultiTableRepo.transactions_hash] Ensured table exists: shard_nested_test_2.transactions_hash_20251004
[2025-09-19 03:31:08.568] INFO  [MultiTableRepo.transactions_hash] Ensured table exists: shard_nested_test_2.transactions_hash_20251005
[2025-09-19 03:31:08.594] INFO  [MultiTableRepo.transactions_hash] Ensured table exists: shard_nested_test_2.transactions_hash_20251006
[2025-09-19 03:31:08.622] INFO  [MultiTableRepo.transactions_hash] Ensured table exists: shard_nested_test_2.transactions_hash_20251007
[2025-09-19 03:31:08.650] INFO  [MultiTableRepo.transactions_hash] Ensured table exists: shard_nested_test_2.transactions_hash_20251008
[2025-09-19 03:31:08.680] INFO  [MultiTableRepo.transactions_hash] Ensured table exists: shard_nested_test_2.transactions_hash_20251009
[2025-09-19 03:31:08.710] INFO  [MultiTableRepo.transactions_hash] Ensured table exists: shard_nested_test_2.transactions_hash_20251010
[2025-09-19 03:31:08.737] INFO  [MultiTableRepo.transactions_hash] Ensured table exists: shard_nested_test_2.transactions_hash_20251011
[2025-09-19 03:31:08.768] INFO  [MultiTableRepo.transactions_hash] Ensured table exists: shard_nested_test_2.transactions_hash_20251012
[2025-09-19 03:31:08.796] INFO  [MultiTableRepo.transactions_hash] Ensured table exists: shard_nested_test_2.transactions_hash_20251013
[2025-09-19 03:31:08.825] INFO  [MultiTableRepo.transactions_hash] Ensured table exists: shard_nested_test_2.transactions_hash_20251014
[2025-09-19 03:31:08.856] INFO  [MultiTableRepo.transactions_hash] Ensured table exists: shard_nested_test_2.transactions_hash_20251015
[2025-09-19 03:31:08.883] INFO  [MultiTableRepo.transactions_hash] Ensured table exists: shard_nested_test_2.transactions_hash_20251016
[2025-09-19 03:31:08.912] INFO  [MultiTableRepo.transactions_hash] Ensured table exists: shard_nested_test_2.transactions_hash_20251017
[2025-09-19 03:31:08.948] INFO  [MultiTableRepo.transactions_hash] Ensured table exists: shard_nested_test_2.transactions_hash_20251018
[2025-09-19 03:31:08.975] INFO  [MultiTableRepo.transactions_hash] Ensured table exists: shard_nested_test_2.transactions_hash_20251019
[2025-09-19 03:31:08.975] INFO  [MultiTableRepo.transactions_hash] Completed table initialization for retention period
[SplitVerse] Initialized shard: shard-2
[SplitVerse] Initialized with 3 active shard(s)
✓ Test environment setup complete with 3 shards and 3 partitioning strategies


=== Test 1: INSERT across 3 shards with nested partitions ===

1.1 Inserting into TIME-BASED partitioned tables...
Inserted 300 records across 3 shards with daily partitions in 1571ms

1.2 Inserting into VALUE-BASED partitioned tables...
Batch inserted 300 records across 3 shards with value partitions in 1082ms

1.3 Inserting into HASH-BASED partitioned tables...
Concurrently inserted 300/300 records across 3 shards with hash partitions in 306ms

✓ INSERT test complete. Data distributed across:
  - 3 database shards
  - Multiple partition tables within each shard
  - Total records: 900
]]></system-out>
    <system-err><![CDATA[Sep 19, 2025 3:30:56 AM com.telcobright.core.connection.ConnectionProvider <init>
INFO: ConnectionProvider initialized for: jdbc:mysql://127.0.0.1:3306/shard_nested_test_0?useSSL=false&serverTimezone=UTC&useLegacyDatetimeCode=false&preserveInstants=true
Sep 19, 2025 3:30:57 AM com.telcobright.core.connection.ConnectionProvider <init>
INFO: ConnectionProvider initialized for: jdbc:mysql://127.0.0.1:3306/shard_nested_test_1?useSSL=false&serverTimezone=UTC&useLegacyDatetimeCode=false&preserveInstants=true
Sep 19, 2025 3:30:57 AM com.telcobright.core.connection.ConnectionProvider <init>
INFO: ConnectionProvider initialized for: jdbc:mysql://127.0.0.1:3306/shard_nested_test_2?useSSL=false&serverTimezone=UTC&useLegacyDatetimeCode=false&preserveInstants=true
Sep 19, 2025 3:30:57 AM com.telcobright.core.connection.ConnectionProvider <init>
INFO: ConnectionProvider initialized for: jdbc:mysql://127.0.0.1:3306/shard_nested_test_0?useSSL=false&serverTimezone=UTC&useLegacyDatetimeCode=false&preserveInstants=true
Sep 19, 2025 3:30:59 AM com.telcobright.core.connection.ConnectionProvider <init>
INFO: ConnectionProvider initialized for: jdbc:mysql://127.0.0.1:3306/shard_nested_test_1?useSSL=false&serverTimezone=UTC&useLegacyDatetimeCode=false&preserveInstants=true
Sep 19, 2025 3:31:01 AM com.telcobright.core.connection.ConnectionProvider <init>
INFO: ConnectionProvider initialized for: jdbc:mysql://127.0.0.1:3306/shard_nested_test_2?useSSL=false&serverTimezone=UTC&useLegacyDatetimeCode=false&preserveInstants=true
Sep 19, 2025 3:31:03 AM com.telcobright.core.connection.ConnectionProvider <init>
INFO: ConnectionProvider initialized for: jdbc:mysql://127.0.0.1:3306/shard_nested_test_0?useSSL=false&serverTimezone=UTC&useLegacyDatetimeCode=false&preserveInstants=true
Sep 19, 2025 3:31:05 AM com.telcobright.core.connection.ConnectionProvider <init>
INFO: ConnectionProvider initialized for: jdbc:mysql://127.0.0.1:3306/shard_nested_test_1?useSSL=false&serverTimezone=UTC&useLegacyDatetimeCode=false&preserveInstants=true
Sep 19, 2025 3:31:07 AM com.telcobright.core.connection.ConnectionProvider <init>
INFO: ConnectionProvider initialized for: jdbc:mysql://127.0.0.1:3306/shard_nested_test_2?useSSL=false&serverTimezone=UTC&useLegacyDatetimeCode=false&preserveInstants=true
]]></system-err>
  </testcase>
</testsuite>