<?xml version="1.0" encoding="UTF-8"?>
<testsuite xmlns:xsi="http://www.w3.org/2001/XMLSchema-instance" xsi:noNamespaceSchemaLocation="https://maven.apache.org/surefire/maven-surefire-plugin/xsd/surefire-test-report.xsd" version="3.0.2" name="com.telcobright.splitverse.tests.SmsMultiTableHourlyPartitionTest" time="101.831" tests="7" errors="0" skipped="0" failures="1">
  <properties>
    <property name="java.specification.version" value="21"/>
    <property name="sun.jnu.encoding" value="UTF-8"/>
    <property name="java.class.path" value="/home/mustafa/telcobright-projects/routesphere/split-verse/target/test-classes:/home/mustafa/telcobright-projects/routesphere/split-verse/target/classes:/home/mustafa/.m2/repository/org/slf4j/slf4j-api/1.7.36/slf4j-api-1.7.36.jar:/home/mustafa/.m2/repository/com/mysql/mysql-connector-j/8.0.33/mysql-connector-j-8.0.33.jar:/home/mustafa/.m2/repository/com/telcobright/dbutil/1.0-SNAPSHOT/dbutil-1.0-SNAPSHOT.jar:/home/mustafa/.m2/repository/commons-io/commons-io/2.20.0/commons-io-2.20.0.jar:/home/mustafa/.m2/repository/org/apache/commons/commons-lang3/3.18.0/commons-lang3-3.18.0.jar:/home/mustafa/.m2/repository/ch/qos/logback/logback-classic/1.4.11/logback-classic-1.4.11.jar:/home/mustafa/.m2/repository/ch/qos/logback/logback-core/1.4.11/logback-core-1.4.11.jar:/home/mustafa/.m2/repository/org/springframework/data/spring-data-jpa/2.7.14/spring-data-jpa-2.7.14.jar:/home/mustafa/.m2/repository/org/springframework/data/spring-data-commons/2.7.14/spring-data-commons-2.7.14.jar:/home/mustafa/.m2/repository/org/springframework/spring-orm/5.3.29/spring-orm-5.3.29.jar:/home/mustafa/.m2/repository/org/springframework/spring-jdbc/5.3.29/spring-jdbc-5.3.29.jar:/home/mustafa/.m2/repository/org/springframework/spring-aop/5.3.29/spring-aop-5.3.29.jar:/home/mustafa/.m2/repository/org/springframework/spring-tx/5.3.29/spring-tx-5.3.29.jar:/home/mustafa/.m2/repository/org/springframework/spring-beans/5.3.29/spring-beans-5.3.29.jar:/home/mustafa/.m2/repository/org/springframework/spring-core/5.3.29/spring-core-5.3.29.jar:/home/mustafa/.m2/repository/org/springframework/spring-jcl/5.3.29/spring-jcl-5.3.29.jar:/home/mustafa/.m2/repository/javax/persistence/javax.persistence-api/2.2/javax.persistence-api-2.2.jar:/home/mustafa/.m2/repository/org/hibernate/hibernate-core/5.6.15.Final/hibernate-core-5.6.15.Final.jar:/home/mustafa/.m2/repository/org/jboss/logging/jboss-logging/3.6.1.Final/jboss-logging-3.6.1.Final.jar:/home/mustafa/.m2/repository/net/bytebuddy/byte-buddy/1.17.6/byte-buddy-1.17.6.jar:/home/mustafa/.m2/repository/antlr/antlr/2.7.7/antlr-2.7.7.jar:/home/mustafa/.m2/repository/org/jboss/spec/javax/transaction/jboss-transaction-api_1.2_spec/1.1.1.Final/jboss-transaction-api_1.2_spec-1.1.1.Final.jar:/home/mustafa/.m2/repository/org/jboss/jandex/2.4.2.Final/jandex-2.4.2.Final.jar:/home/mustafa/.m2/repository/com/fasterxml/classmate/1.7.0/classmate-1.7.0.jar:/home/mustafa/.m2/repository/javax/activation/javax.activation-api/1.2.0/javax.activation-api-1.2.0.jar:/home/mustafa/.m2/repository/org/hibernate/common/hibernate-commons-annotations/5.1.2.Final/hibernate-commons-annotations-5.1.2.Final.jar:/home/mustafa/.m2/repository/javax/xml/bind/jaxb-api/2.3.1/jaxb-api-2.3.1.jar:/home/mustafa/.m2/repository/org/glassfish/jaxb/jaxb-runtime/4.0.5/jaxb-runtime-4.0.5.jar:/home/mustafa/.m2/repository/org/glassfish/jaxb/jaxb-core/4.0.5/jaxb-core-4.0.5.jar:/home/mustafa/.m2/repository/org/eclipse/angus/angus-activation/2.0.2/angus-activation-2.0.2.jar:/home/mustafa/.m2/repository/org/glassfish/jaxb/txw2/4.0.5/txw2-4.0.5.jar:/home/mustafa/.m2/repository/com/sun/istack/istack-commons-runtime/4.1.2/istack-commons-runtime-4.1.2.jar:/home/mustafa/.m2/repository/org/springframework/spring-context/5.3.30/spring-context-5.3.30.jar:/home/mustafa/.m2/repository/org/springframework/spring-expression/5.3.30/spring-expression-5.3.30.jar:/home/mustafa/.m2/repository/com/zaxxer/HikariCP/5.0.1/HikariCP-5.0.1.jar:/home/mustafa/.m2/repository/org/springframework/boot/spring-boot-starter-test/2.7.14/spring-boot-starter-test-2.7.14.jar:/home/mustafa/.m2/repository/org/springframework/boot/spring-boot-starter/2.7.14/spring-boot-starter-2.7.14.jar:/home/mustafa/.m2/repository/org/springframework/boot/spring-boot/2.7.14/spring-boot-2.7.14.jar:/home/mustafa/.m2/repository/org/springframework/boot/spring-boot-autoconfigure/2.7.14/spring-boot-autoconfigure-2.7.14.jar:/home/mustafa/.m2/repository/org/springframework/boot/spring-boot-starter-logging/2.7.14/spring-boot-starter-logging-2.7.14.jar:/home/mustafa/.m2/repository/org/slf4j/jul-to-slf4j/1.7.36/jul-to-slf4j-1.7.36.jar:/home/mustafa/.m2/repository/jakarta/annotation/jakarta.annotation-api/3.0.0/jakarta.annotation-api-3.0.0.jar:/home/mustafa/.m2/repository/org/yaml/snakeyaml/2.4/snakeyaml-2.4.jar:/home/mustafa/.m2/repository/org/springframework/boot/spring-boot-test/2.7.14/spring-boot-test-2.7.14.jar:/home/mustafa/.m2/repository/org/springframework/boot/spring-boot-test-autoconfigure/2.7.14/spring-boot-test-autoconfigure-2.7.14.jar:/home/mustafa/.m2/repository/com/jayway/jsonpath/json-path/2.7.0/json-path-2.7.0.jar:/home/mustafa/.m2/repository/net/minidev/json-smart/2.4.7/json-smart-2.4.7.jar:/home/mustafa/.m2/repository/net/minidev/accessors-smart/2.4.7/accessors-smart-2.4.7.jar:/home/mustafa/.m2/repository/org/ow2/asm/asm/9.8/asm-9.8.jar:/home/mustafa/.m2/repository/jakarta/xml/bind/jakarta.xml.bind-api/4.0.2/jakarta.xml.bind-api-4.0.2.jar:/home/mustafa/.m2/repository/jakarta/activation/jakarta.activation-api/2.1.3/jakarta.activation-api-2.1.3.jar:/home/mustafa/.m2/repository/org/hamcrest/hamcrest/2.2/hamcrest-2.2.jar:/home/mustafa/.m2/repository/org/skyscreamer/jsonassert/1.5.1/jsonassert-1.5.1.jar:/home/mustafa/.m2/repository/com/vaadin/external/google/android-json/0.0.20131108.vaadin1/android-json-0.0.20131108.vaadin1.jar:/home/mustafa/.m2/repository/org/springframework/spring-test/5.3.29/spring-test-5.3.29.jar:/home/mustafa/.m2/repository/org/xmlunit/xmlunit-core/2.9.1/xmlunit-core-2.9.1.jar:/home/mustafa/.m2/repository/com/fasterxml/jackson/core/jackson-databind/2.15.2/jackson-databind-2.15.2.jar:/home/mustafa/.m2/repository/com/fasterxml/jackson/core/jackson-annotations/2.19.2/jackson-annotations-2.19.2.jar:/home/mustafa/.m2/repository/com/fasterxml/jackson/core/jackson-core/2.19.2/jackson-core-2.19.2.jar:/home/mustafa/.m2/repository/com/fasterxml/jackson/datatype/jackson-datatype-jsr310/2.15.2/jackson-datatype-jsr310-2.15.2.jar:/home/mustafa/.m2/repository/org/junit/jupiter/junit-jupiter/5.9.2/junit-jupiter-5.9.2.jar:/home/mustafa/.m2/repository/org/junit/jupiter/junit-jupiter-api/5.13.4/junit-jupiter-api-5.13.4.jar:/home/mustafa/.m2/repository/org/opentest4j/opentest4j/1.3.0/opentest4j-1.3.0.jar:/home/mustafa/.m2/repository/org/junit/platform/junit-platform-commons/1.13.4/junit-platform-commons-1.13.4.jar:/home/mustafa/.m2/repository/org/junit/jupiter/junit-jupiter-engine/5.13.4/junit-jupiter-engine-5.13.4.jar:/home/mustafa/.m2/repository/org/junit/platform/junit-platform-engine/1.13.4/junit-platform-engine-1.13.4.jar:/home/mustafa/.m2/repository/org/junit/jupiter/junit-jupiter-params/5.9.2/junit-jupiter-params-5.9.2.jar:/home/mustafa/.m2/repository/org/apiguardian/apiguardian-api/1.1.2/apiguardian-api-1.1.2.jar:/home/mustafa/.m2/repository/org/mockito/mockito-core/5.1.1/mockito-core-5.1.1.jar:/home/mustafa/.m2/repository/net/bytebuddy/byte-buddy-agent/1.12.22/byte-buddy-agent-1.12.22.jar:/home/mustafa/.m2/repository/org/objenesis/objenesis/3.3/objenesis-3.3.jar:/home/mustafa/.m2/repository/org/mockito/mockito-junit-jupiter/5.1.1/mockito-junit-jupiter-5.1.1.jar:/home/mustafa/.m2/repository/org/assertj/assertj-core/3.24.2/assertj-core-3.24.2.jar:/home/mustafa/.m2/repository/org/testcontainers/junit-jupiter/1.19.0/junit-jupiter-1.19.0.jar:/home/mustafa/.m2/repository/org/testcontainers/testcontainers/1.21.3/testcontainers-1.21.3.jar:/home/mustafa/.m2/repository/junit/junit/4.13.2/junit-4.13.2.jar:/home/mustafa/.m2/repository/org/apache/commons/commons-compress/1.28.0/commons-compress-1.28.0.jar:/home/mustafa/.m2/repository/commons-codec/commons-codec/1.19.0/commons-codec-1.19.0.jar:/home/mustafa/.m2/repository/org/rnorth/duct-tape/duct-tape/1.0.8/duct-tape-1.0.8.jar:/home/mustafa/.m2/repository/org/jetbrains/annotations/26.0.2/annotations-26.0.2.jar:/home/mustafa/.m2/repository/com/github/docker-java/docker-java-api/3.4.2/docker-java-api-3.4.2.jar:/home/mustafa/.m2/repository/com/github/docker-java/docker-java-transport-zerodep/3.4.2/docker-java-transport-zerodep-3.4.2.jar:/home/mustafa/.m2/repository/com/github/docker-java/docker-java-transport/3.4.2/docker-java-transport-3.4.2.jar:/home/mustafa/.m2/repository/net/java/dev/jna/jna/5.8.0/jna-5.8.0.jar:/home/mustafa/.m2/repository/org/testcontainers/mysql/1.19.0/mysql-1.19.0.jar:/home/mustafa/.m2/repository/org/testcontainers/jdbc/1.21.3/jdbc-1.21.3.jar:/home/mustafa/.m2/repository/org/testcontainers/database-commons/1.21.3/database-commons-1.21.3.jar:/home/mustafa/.m2/repository/org/awaitility/awaitility/4.2.0/awaitility-4.2.0.jar:/home/mustafa/.m2/repository/org/slf4j/slf4j-simple/1.7.36/slf4j-simple-1.7.36.jar:"/>
    <property name="java.vm.vendor" value="Eclipse Adoptium"/>
    <property name="sun.arch.data.model" value="64"/>
    <property name="java.vendor.url" value="https://adoptium.net/"/>
    <property name="user.timezone" value="Asia/Dhaka"/>
    <property name="os.name" value="Linux"/>
    <property name="java.vm.specification.version" value="21"/>
    <property name="sun.java.launcher" value="SUN_STANDARD"/>
    <property name="user.country" value="US"/>
    <property name="sun.boot.library.path" value="/home/mustafa/.sdkman/candidates/java/21-tem/lib"/>
    <property name="sun.java.command" value="/home/mustafa/telcobright-projects/routesphere/split-verse/target/surefire/surefirebooter-20250921062105392_3.jar /home/mustafa/telcobright-projects/routesphere/split-verse/target/surefire 2025-09-21T06-21-05_321-jvmRun1 surefire-20250921062105392_1tmp surefire_0-20250921062105392_2tmp"/>
    <property name="jdk.debug" value="release"/>
    <property name="test" value="SmsMultiTableHourlyPartitionTest"/>
    <property name="surefire.test.class.path" value="/home/mustafa/telcobright-projects/routesphere/split-verse/target/test-classes:/home/mustafa/telcobright-projects/routesphere/split-verse/target/classes:/home/mustafa/.m2/repository/org/slf4j/slf4j-api/1.7.36/slf4j-api-1.7.36.jar:/home/mustafa/.m2/repository/com/mysql/mysql-connector-j/8.0.33/mysql-connector-j-8.0.33.jar:/home/mustafa/.m2/repository/com/telcobright/dbutil/1.0-SNAPSHOT/dbutil-1.0-SNAPSHOT.jar:/home/mustafa/.m2/repository/commons-io/commons-io/2.20.0/commons-io-2.20.0.jar:/home/mustafa/.m2/repository/org/apache/commons/commons-lang3/3.18.0/commons-lang3-3.18.0.jar:/home/mustafa/.m2/repository/ch/qos/logback/logback-classic/1.4.11/logback-classic-1.4.11.jar:/home/mustafa/.m2/repository/ch/qos/logback/logback-core/1.4.11/logback-core-1.4.11.jar:/home/mustafa/.m2/repository/org/springframework/data/spring-data-jpa/2.7.14/spring-data-jpa-2.7.14.jar:/home/mustafa/.m2/repository/org/springframework/data/spring-data-commons/2.7.14/spring-data-commons-2.7.14.jar:/home/mustafa/.m2/repository/org/springframework/spring-orm/5.3.29/spring-orm-5.3.29.jar:/home/mustafa/.m2/repository/org/springframework/spring-jdbc/5.3.29/spring-jdbc-5.3.29.jar:/home/mustafa/.m2/repository/org/springframework/spring-aop/5.3.29/spring-aop-5.3.29.jar:/home/mustafa/.m2/repository/org/springframework/spring-tx/5.3.29/spring-tx-5.3.29.jar:/home/mustafa/.m2/repository/org/springframework/spring-beans/5.3.29/spring-beans-5.3.29.jar:/home/mustafa/.m2/repository/org/springframework/spring-core/5.3.29/spring-core-5.3.29.jar:/home/mustafa/.m2/repository/org/springframework/spring-jcl/5.3.29/spring-jcl-5.3.29.jar:/home/mustafa/.m2/repository/javax/persistence/javax.persistence-api/2.2/javax.persistence-api-2.2.jar:/home/mustafa/.m2/repository/org/hibernate/hibernate-core/5.6.15.Final/hibernate-core-5.6.15.Final.jar:/home/mustafa/.m2/repository/org/jboss/logging/jboss-logging/3.6.1.Final/jboss-logging-3.6.1.Final.jar:/home/mustafa/.m2/repository/net/bytebuddy/byte-buddy/1.17.6/byte-buddy-1.17.6.jar:/home/mustafa/.m2/repository/antlr/antlr/2.7.7/antlr-2.7.7.jar:/home/mustafa/.m2/repository/org/jboss/spec/javax/transaction/jboss-transaction-api_1.2_spec/1.1.1.Final/jboss-transaction-api_1.2_spec-1.1.1.Final.jar:/home/mustafa/.m2/repository/org/jboss/jandex/2.4.2.Final/jandex-2.4.2.Final.jar:/home/mustafa/.m2/repository/com/fasterxml/classmate/1.7.0/classmate-1.7.0.jar:/home/mustafa/.m2/repository/javax/activation/javax.activation-api/1.2.0/javax.activation-api-1.2.0.jar:/home/mustafa/.m2/repository/org/hibernate/common/hibernate-commons-annotations/5.1.2.Final/hibernate-commons-annotations-5.1.2.Final.jar:/home/mustafa/.m2/repository/javax/xml/bind/jaxb-api/2.3.1/jaxb-api-2.3.1.jar:/home/mustafa/.m2/repository/org/glassfish/jaxb/jaxb-runtime/4.0.5/jaxb-runtime-4.0.5.jar:/home/mustafa/.m2/repository/org/glassfish/jaxb/jaxb-core/4.0.5/jaxb-core-4.0.5.jar:/home/mustafa/.m2/repository/org/eclipse/angus/angus-activation/2.0.2/angus-activation-2.0.2.jar:/home/mustafa/.m2/repository/org/glassfish/jaxb/txw2/4.0.5/txw2-4.0.5.jar:/home/mustafa/.m2/repository/com/sun/istack/istack-commons-runtime/4.1.2/istack-commons-runtime-4.1.2.jar:/home/mustafa/.m2/repository/org/springframework/spring-context/5.3.30/spring-context-5.3.30.jar:/home/mustafa/.m2/repository/org/springframework/spring-expression/5.3.30/spring-expression-5.3.30.jar:/home/mustafa/.m2/repository/com/zaxxer/HikariCP/5.0.1/HikariCP-5.0.1.jar:/home/mustafa/.m2/repository/org/springframework/boot/spring-boot-starter-test/2.7.14/spring-boot-starter-test-2.7.14.jar:/home/mustafa/.m2/repository/org/springframework/boot/spring-boot-starter/2.7.14/spring-boot-starter-2.7.14.jar:/home/mustafa/.m2/repository/org/springframework/boot/spring-boot/2.7.14/spring-boot-2.7.14.jar:/home/mustafa/.m2/repository/org/springframework/boot/spring-boot-autoconfigure/2.7.14/spring-boot-autoconfigure-2.7.14.jar:/home/mustafa/.m2/repository/org/springframework/boot/spring-boot-starter-logging/2.7.14/spring-boot-starter-logging-2.7.14.jar:/home/mustafa/.m2/repository/org/slf4j/jul-to-slf4j/1.7.36/jul-to-slf4j-1.7.36.jar:/home/mustafa/.m2/repository/jakarta/annotation/jakarta.annotation-api/3.0.0/jakarta.annotation-api-3.0.0.jar:/home/mustafa/.m2/repository/org/yaml/snakeyaml/2.4/snakeyaml-2.4.jar:/home/mustafa/.m2/repository/org/springframework/boot/spring-boot-test/2.7.14/spring-boot-test-2.7.14.jar:/home/mustafa/.m2/repository/org/springframework/boot/spring-boot-test-autoconfigure/2.7.14/spring-boot-test-autoconfigure-2.7.14.jar:/home/mustafa/.m2/repository/com/jayway/jsonpath/json-path/2.7.0/json-path-2.7.0.jar:/home/mustafa/.m2/repository/net/minidev/json-smart/2.4.7/json-smart-2.4.7.jar:/home/mustafa/.m2/repository/net/minidev/accessors-smart/2.4.7/accessors-smart-2.4.7.jar:/home/mustafa/.m2/repository/org/ow2/asm/asm/9.8/asm-9.8.jar:/home/mustafa/.m2/repository/jakarta/xml/bind/jakarta.xml.bind-api/4.0.2/jakarta.xml.bind-api-4.0.2.jar:/home/mustafa/.m2/repository/jakarta/activation/jakarta.activation-api/2.1.3/jakarta.activation-api-2.1.3.jar:/home/mustafa/.m2/repository/org/hamcrest/hamcrest/2.2/hamcrest-2.2.jar:/home/mustafa/.m2/repository/org/skyscreamer/jsonassert/1.5.1/jsonassert-1.5.1.jar:/home/mustafa/.m2/repository/com/vaadin/external/google/android-json/0.0.20131108.vaadin1/android-json-0.0.20131108.vaadin1.jar:/home/mustafa/.m2/repository/org/springframework/spring-test/5.3.29/spring-test-5.3.29.jar:/home/mustafa/.m2/repository/org/xmlunit/xmlunit-core/2.9.1/xmlunit-core-2.9.1.jar:/home/mustafa/.m2/repository/com/fasterxml/jackson/core/jackson-databind/2.15.2/jackson-databind-2.15.2.jar:/home/mustafa/.m2/repository/com/fasterxml/jackson/core/jackson-annotations/2.19.2/jackson-annotations-2.19.2.jar:/home/mustafa/.m2/repository/com/fasterxml/jackson/core/jackson-core/2.19.2/jackson-core-2.19.2.jar:/home/mustafa/.m2/repository/com/fasterxml/jackson/datatype/jackson-datatype-jsr310/2.15.2/jackson-datatype-jsr310-2.15.2.jar:/home/mustafa/.m2/repository/org/junit/jupiter/junit-jupiter/5.9.2/junit-jupiter-5.9.2.jar:/home/mustafa/.m2/repository/org/junit/jupiter/junit-jupiter-api/5.13.4/junit-jupiter-api-5.13.4.jar:/home/mustafa/.m2/repository/org/opentest4j/opentest4j/1.3.0/opentest4j-1.3.0.jar:/home/mustafa/.m2/repository/org/junit/platform/junit-platform-commons/1.13.4/junit-platform-commons-1.13.4.jar:/home/mustafa/.m2/repository/org/junit/jupiter/junit-jupiter-engine/5.13.4/junit-jupiter-engine-5.13.4.jar:/home/mustafa/.m2/repository/org/junit/platform/junit-platform-engine/1.13.4/junit-platform-engine-1.13.4.jar:/home/mustafa/.m2/repository/org/junit/jupiter/junit-jupiter-params/5.9.2/junit-jupiter-params-5.9.2.jar:/home/mustafa/.m2/repository/org/apiguardian/apiguardian-api/1.1.2/apiguardian-api-1.1.2.jar:/home/mustafa/.m2/repository/org/mockito/mockito-core/5.1.1/mockito-core-5.1.1.jar:/home/mustafa/.m2/repository/net/bytebuddy/byte-buddy-agent/1.12.22/byte-buddy-agent-1.12.22.jar:/home/mustafa/.m2/repository/org/objenesis/objenesis/3.3/objenesis-3.3.jar:/home/mustafa/.m2/repository/org/mockito/mockito-junit-jupiter/5.1.1/mockito-junit-jupiter-5.1.1.jar:/home/mustafa/.m2/repository/org/assertj/assertj-core/3.24.2/assertj-core-3.24.2.jar:/home/mustafa/.m2/repository/org/testcontainers/junit-jupiter/1.19.0/junit-jupiter-1.19.0.jar:/home/mustafa/.m2/repository/org/testcontainers/testcontainers/1.21.3/testcontainers-1.21.3.jar:/home/mustafa/.m2/repository/junit/junit/4.13.2/junit-4.13.2.jar:/home/mustafa/.m2/repository/org/apache/commons/commons-compress/1.28.0/commons-compress-1.28.0.jar:/home/mustafa/.m2/repository/commons-codec/commons-codec/1.19.0/commons-codec-1.19.0.jar:/home/mustafa/.m2/repository/org/rnorth/duct-tape/duct-tape/1.0.8/duct-tape-1.0.8.jar:/home/mustafa/.m2/repository/org/jetbrains/annotations/26.0.2/annotations-26.0.2.jar:/home/mustafa/.m2/repository/com/github/docker-java/docker-java-api/3.4.2/docker-java-api-3.4.2.jar:/home/mustafa/.m2/repository/com/github/docker-java/docker-java-transport-zerodep/3.4.2/docker-java-transport-zerodep-3.4.2.jar:/home/mustafa/.m2/repository/com/github/docker-java/docker-java-transport/3.4.2/docker-java-transport-3.4.2.jar:/home/mustafa/.m2/repository/net/java/dev/jna/jna/5.8.0/jna-5.8.0.jar:/home/mustafa/.m2/repository/org/testcontainers/mysql/1.19.0/mysql-1.19.0.jar:/home/mustafa/.m2/repository/org/testcontainers/jdbc/1.21.3/jdbc-1.21.3.jar:/home/mustafa/.m2/repository/org/testcontainers/database-commons/1.21.3/database-commons-1.21.3.jar:/home/mustafa/.m2/repository/org/awaitility/awaitility/4.2.0/awaitility-4.2.0.jar:/home/mustafa/.m2/repository/org/slf4j/slf4j-simple/1.7.36/slf4j-simple-1.7.36.jar:"/>
    <property name="sun.cpu.endian" value="little"/>
    <property name="user.home" value="/home/mustafa"/>
    <property name="user.language" value="en"/>
    <property name="java.specification.vendor" value="Oracle Corporation"/>
    <property name="java.version.date" value="2023-09-19"/>
    <property name="java.home" value="/home/mustafa/.sdkman/candidates/java/21-tem"/>
    <property name="file.separator" value="/"/>
    <property name="basedir" value="/home/mustafa/telcobright-projects/routesphere/split-verse"/>
    <property name="java.vm.compressedOopsMode" value="Zero based"/>
    <property name="line.separator" value="&#10;"/>
    <property name="java.vm.specification.vendor" value="Oracle Corporation"/>
    <property name="java.specification.name" value="Java Platform API Specification"/>
    <property name="surefire.real.class.path" value="/home/mustafa/telcobright-projects/routesphere/split-verse/target/surefire/surefirebooter-20250921062105392_3.jar"/>
    <property name="sun.management.compiler" value="HotSpot 64-Bit Tiered Compilers"/>
    <property name="java.runtime.version" value="21+35-LTS"/>
    <property name="user.name" value="mustafa"/>
    <property name="stdout.encoding" value="UTF-8"/>
    <property name="path.separator" value=":"/>
    <property name="os.version" value="6.14.0-29-generic"/>
    <property name="java.runtime.name" value="OpenJDK Runtime Environment"/>
    <property name="file.encoding" value="UTF-8"/>
    <property name="java.vm.name" value="OpenJDK 64-Bit Server VM"/>
    <property name="java.vendor.version" value="Temurin-21+35"/>
    <property name="localRepository" value="/home/mustafa/.m2/repository"/>
    <property name="java.vendor.url.bug" value="https://github.com/adoptium/adoptium-support/issues"/>
    <property name="java.io.tmpdir" value="/tmp"/>
    <property name="java.version" value="21"/>
    <property name="user.dir" value="/home/mustafa/telcobright-projects/routesphere/split-verse"/>
    <property name="os.arch" value="amd64"/>
    <property name="java.vm.specification.name" value="Java Virtual Machine Specification"/>
    <property name="native.encoding" value="UTF-8"/>
    <property name="java.library.path" value="/usr/java/packages/lib:/usr/lib64:/lib64:/lib:/usr/lib"/>
    <property name="java.vm.info" value="mixed mode, sharing"/>
    <property name="stderr.encoding" value="UTF-8"/>
    <property name="java.vendor" value="Eclipse Adoptium"/>
    <property name="java.vm.version" value="21+35-LTS"/>
    <property name="sun.io.unicode.encoding" value="UnicodeLittle"/>
    <property name="java.class.version" value="65.0"/>
  </properties>
  <testcase name="testInsertTenThousandSmsRecords" classname="com.telcobright.splitverse.tests.SmsMultiTableHourlyPartitionTest" time="70.312">
    <system-out><![CDATA[
=== SMS Multi-Table Hourly Partition Test Setup ===
Database: sms_shard_01
Mode: Multi-table with daily tables, hourly native partitions
Tables to create: 15 days
Test period: 7 days
Total records: 10000
✓ Database created
[SplitVerse] Building repository with:
  Entity: SmsRecord
  Table: auto-detect
  Sharding Strategy: SINGLE_KEY_HASH
  Repository Mode: MULTI_TABLE
  Table Granularity: DAILY
  Retention Days: 15
  ID Size: 22 bytes
  Charset: utf8mb4, Collation: utf8mb4_bin
  Shards: 1
[2025-09-21 06:21:16.810] INFO  [MultiTableRepo.sms] Initializing daily tables for retention period: 2025-09-06 to 2025-10-06 (31 days)
[2025-09-21 06:21:33.980] INFO  [MultiTableRepo.sms] Completed table initialization
[SplitVerse] Initialized shard: shard_01
[SplitVerse] Initialized with 1 active shard(s)
✓ Repository configured with daily tables and hourly partitions

=== Test 1: Insert 10,000 SMS Records ===
Inserting 10000 SMS records across 7 days...
  Progress: 1000/10000
  Progress: 2000/10000
  Progress: 3000/10000
  Progress: 4000/10000
  Progress: 5000/10000
  Progress: 6000/10000
  Progress: 7000/10000
  Progress: 8000/10000
  Progress: 9000/10000
  Progress: 10000/10000
✓ Successfully inserted 10000 SMS records

Record distribution by day:
  2025-09-18: 1429 records
  2025-09-17: 1428 records
  2025-09-16: 1428 records
  2025-09-15: 1428 records
  2025-09-19: 1429 records
  2025-09-21: 1429 records
  2025-09-20: 1429 records
]]></system-out>
    <system-err><![CDATA[Sep 21, 2025 6:21:16 AM com.telcobright.core.connection.ConnectionProvider <init>
INFO: ConnectionProvider initialized for: jdbc:mysql://127.0.0.1:3306/sms_shard_01?useSSL=false&serverTimezone=UTC&useLegacyDatetimeCode=false&preserveInstants=true
]]></system-err>
  </testcase>
  <testcase name="testVerifyDailyTables" classname="com.telcobright.splitverse.tests.SmsMultiTableHourlyPartitionTest" time="0.023">
    <system-out><![CDATA[
=== Test 2: Verify Daily Tables Creation ===

Created tables:
  ✓ sms_20250906
  ✓ sms_20250907
  ✓ sms_20250908
  ✓ sms_20250909
  ✓ sms_20250910
  ✓ sms_20250911
  ✓ sms_20250912
  ✓ sms_20250913
  ✓ sms_20250914
  ✓ sms_20250915
  ✓ sms_20250916
  ✓ sms_20250917
  ✓ sms_20250918
  ✓ sms_20250919
  ✓ sms_20250920
  ✓ sms_20250921
  ✓ sms_20250922
  ✓ sms_20250923
  ✓ sms_20250924
  ✓ sms_20250925
  ✓ sms_20250926
  ✓ sms_20250927
  ✓ sms_20250928
  ✓ sms_20250929
  ✓ sms_20250930
  ✓ sms_20251001
  ✓ sms_20251002
  ✓ sms_20251003
  ✓ sms_20251004
  ✓ sms_20251005
  ✓ sms_20251006

✓ Verified 31 daily tables created
]]></system-out>
  </testcase>
  <testcase name="testVerifyHourlyPartitions" classname="com.telcobright.splitverse.tests.SmsMultiTableHourlyPartitionTest" time="0.015">
    <system-out><![CDATA[
=== Test 3: Verify Hourly Partitions in Each Table ===

Partitions for table: sms_20250906
  Total partitions: 24, Total rows: 0

Partitions for table: sms_20250907
  Total partitions: 24, Total rows: 0

Partitions for table: sms_20250908
  Total partitions: 24, Total rows: 0

✓ Verified hourly partitions in daily tables
]]></system-out>
  </testcase>
  <testcase name="testVerifyPartitionDistribution" classname="com.telcobright.splitverse.tests.SmsMultiTableHourlyPartitionTest" time="0.009">
    <system-out><![CDATA[
=== Test 4: Verify Partition Distribution Within Day ===

Analyzing hourly distribution for table: sms_20250921

Hourly distribution:
  Hour 01: 60 records
  Hour 02: 57 records
  Hour 03: 61 records
  Hour 04: 69 records
  Hour 05: 58 records
  Hour 06: 56 records
  Hour 07: 65 records
  Hour 08: 48 records
  Hour 09: 61 records
  Hour 10: 72 records
  Hour 11: 55 records
  Hour 12: 50 records
  Hour 13: 65 records
  Hour 14: 76 records
  Hour 15: 53 records
  Hour 16: 53 records
  Hour 17: 55 records
  Hour 18: 64 records
  Hour 19: 65 records
  Hour 20: 56 records
  Hour 21: 60 records
  Hour 22: 59 records
  Hour 23: 57 records
  Hour 24: 54 records

Total records in sms_20250921: 1429
Non-empty partitions: 24/24
✓ Verified hourly partition distribution
]]></system-out>
  </testcase>
  <testcase name="testRetrieveRecordsByTimeRange" classname="com.telcobright.splitverse.tests.SmsMultiTableHourlyPartitionTest" time="0.01">
    <system-out><![CDATA[
=== Test 5: Retrieve Records by Time Range ===
Querying records between:
  Start: 2025-09-20T10:00
  End: 2025-09-20T11:00

Records found in time range: 59
Partitions accessed: p_h05
✓ Successfully retrieved records with partition pruning
]]></system-out>
  </testcase>
  <testcase name="testVerifyTableStructure" classname="com.telcobright.splitverse.tests.SmsMultiTableHourlyPartitionTest" time="0.005">
    <system-out><![CDATA[
=== Test 6: Verify Table Structure with Partitions ===

Table structure for sms_20250921:
✓ Table has correct structure with 24 hourly partitions
✓ Using RANGE COLUMNS partitioning on created_at
]]></system-out>
  </testcase>
  <testcase name="testFindByIdAndPartitionColRange" classname="com.telcobright.splitverse.tests.SmsMultiTableHourlyPartitionTest" time="3.975">
    <failure message="Should successfully find SMS with valid date ranges ==&gt; expected: &lt;true&gt; but was: &lt;false&gt;" type="org.opentest4j.AssertionFailedError"><![CDATA[org.opentest4j.AssertionFailedError: Should successfully find SMS with valid date ranges ==> expected: <true> but was: <false>
	at org.junit.jupiter.api.AssertionFailureBuilder.build(AssertionFailureBuilder.java:151)
	at org.junit.jupiter.api.AssertionFailureBuilder.buildAndThrow(AssertionFailureBuilder.java:132)
	at org.junit.jupiter.api.AssertTrue.failNotTrue(AssertTrue.java:63)
	at org.junit.jupiter.api.AssertTrue.assertTrue(AssertTrue.java:36)
	at org.junit.jupiter.api.Assertions.assertTrue(Assertions.java:214)
	at com.telcobright.splitverse.tests.SmsMultiTableHourlyPartitionTest.testFindByIdAndPartitionColRange(SmsMultiTableHourlyPartitionTest.java:711)
	at java.base/java.lang.reflect.Method.invoke(Method.java:580)
	at java.base/java.util.ArrayList.forEach(ArrayList.java:1596)
	at java.base/java.util.ArrayList.forEach(ArrayList.java:1596)
]]></failure>
    <system-out><![CDATA[
=== Test 7: Comprehensive Entity Verification with findByIdAndPartitionColRange ===
Testing all 10000 SMS records with complete entity comparison...

[2025-09-21 06:22:44.378] INFO  [MultiTableRepo.sms] Executing SQL: SELECT * FROM sms_shard_01.sms_20250920 WHERE id = ? AND created_at >= ? AND created_at < ?
[2025-09-21 06:22:44.379] INFO  [MultiTableRepo.sms] Parameters: id=1580701b-3091-4957-ba3f-3ad044bceff4, startValue=2025-09-20T17:52, endValue=2025-09-20T17:54
[2025-09-21 06:22:44.381] INFO  [MultiTableRepo.sms] Setting timestamp parameters: start=2025-09-20 17:52:00.0, end=2025-09-20 17:54:00.0
[2025-09-21 06:22:44.382] INFO  [MultiTableRepo.sms] No results found in table sms_shard_01.sms_20250920
[2025-09-21 06:22:44.386] INFO  [MultiTableRepo.sms] Executing SQL: SELECT * FROM sms_shard_01.sms_20250915 WHERE id = ? AND created_at >= ? AND created_at < ?
[2025-09-21 06:22:44.386] INFO  [MultiTableRepo.sms] Parameters: id=8a42628d-2c50-4164-a95d-cf56b1a3bf58, startValue=2025-09-15T12:10, endValue=2025-09-15T12:12
[2025-09-21 06:22:44.387] INFO  [MultiTableRepo.sms] Setting timestamp parameters: start=2025-09-15 12:10:00.0, end=2025-09-15 12:12:00.0
[2025-09-21 06:22:44.388] INFO  [MultiTableRepo.sms] No results found in table sms_shard_01.sms_20250915
[2025-09-21 06:22:44.390] INFO  [MultiTableRepo.sms] Executing SQL: SELECT * FROM sms_shard_01.sms_20250915 WHERE id = ? AND created_at >= ? AND created_at < ?
[2025-09-21 06:22:44.390] INFO  [MultiTableRepo.sms] Parameters: id=51a30f15-0fbe-42bb-b109-a53b8b5b5b33, startValue=2025-09-15T03:58, endValue=2025-09-15T04:00
[2025-09-21 06:22:44.393] INFO  [MultiTableRepo.sms] Setting timestamp parameters: start=2025-09-15 03:58:00.0, end=2025-09-15 04:00:00.0
[2025-09-21 06:22:44.394] INFO  [MultiTableRepo.sms] No results found in table sms_shard_01.sms_20250915
[2025-09-21 06:22:44.396] INFO  [MultiTableRepo.sms] Executing SQL: SELECT * FROM sms_shard_01.sms_20250920 WHERE id = ? AND created_at >= ? AND created_at < ?
[2025-09-21 06:22:44.396] INFO  [MultiTableRepo.sms] Parameters: id=6a20397b-97fd-48a6-8812-8ed2cb54d065, startValue=2025-09-20T09:35, endValue=2025-09-20T11:35
[2025-09-21 06:22:44.397] INFO  [MultiTableRepo.sms] Setting timestamp parameters: start=2025-09-20 09:35:00.0, end=2025-09-20 11:35:00.0
[2025-09-21 06:22:44.398] INFO  [MultiTableRepo.sms] No results found in table sms_shard_01.sms_20250920
[2025-09-21 06:22:44.400] INFO  [MultiTableRepo.sms] Executing SQL: SELECT * FROM sms_shard_01.sms_20250919 WHERE id = ? AND created_at >= ? AND created_at < ?
[2025-09-21 06:22:44.400] INFO  [MultiTableRepo.sms] Parameters: id=e73958b6-34f5-4b31-a456-646427d657af, startValue=2025-09-19T20:04, endValue=2025-09-19T20:06
[2025-09-21 06:22:44.402] INFO  [MultiTableRepo.sms] Setting timestamp parameters: start=2025-09-19 20:04:00.0, end=2025-09-19 20:06:00.0
[2025-09-21 06:22:44.402] INFO  [MultiTableRepo.sms] No results found in table sms_shard_01.sms_20250919
[2025-09-21 06:22:44.404] INFO  [MultiTableRepo.sms] Executing SQL: SELECT * FROM sms_shard_01.sms_20250916 WHERE id = ? AND created_at >= ? AND created_at < ?
[2025-09-21 06:22:44.405] INFO  [MultiTableRepo.sms] Parameters: id=2cc75728-5033-4a94-a64f-8f180b6c47e0, startValue=2025-09-16T01:27, endValue=2025-09-16T01:29
[2025-09-21 06:22:44.406] INFO  [MultiTableRepo.sms] Setting timestamp parameters: start=2025-09-16 01:27:00.0, end=2025-09-16 01:29:00.0
[2025-09-21 06:22:44.407] INFO  [MultiTableRepo.sms] No results found in table sms_shard_01.sms_20250916
[2025-09-21 06:22:44.409] INFO  [MultiTableRepo.sms] Executing SQL: SELECT * FROM sms_shard_01.sms_20250920 WHERE id = ? AND created_at >= ? AND created_at < ?
[2025-09-21 06:22:44.409] INFO  [MultiTableRepo.sms] Parameters: id=175cc042-5fbc-4a59-b8f2-b90cd81156fd, startValue=2025-09-20T00:26, endValue=2025-09-20T02:26
[2025-09-21 06:22:44.410] INFO  [MultiTableRepo.sms] Setting timestamp parameters: start=2025-09-20 00:26:00.0, end=2025-09-20 02:26:00.0
[2025-09-21 06:22:44.411] INFO  [MultiTableRepo.sms] No results found in table sms_shard_01.sms_20250920
[2025-09-21 06:22:44.413] INFO  [MultiTableRepo.sms] Executing SQL: SELECT * FROM sms_shard_01.sms_20250921 WHERE id = ? AND created_at >= ? AND created_at < ?
[2025-09-21 06:22:44.413] INFO  [MultiTableRepo.sms] Parameters: id=cb0b4646-e415-48fa-b67f-61c04a1cb4c7, startValue=2025-09-21T16:19:59, endValue=2025-09-21T16:20:01
[2025-09-21 06:22:44.414] INFO  [MultiTableRepo.sms] Setting timestamp parameters: start=2025-09-21 16:19:59.0, end=2025-09-21 16:20:01.0
[2025-09-21 06:22:44.415] INFO  [MultiTableRepo.sms] No results found in table sms_shard_01.sms_20250921
[2025-09-21 06:22:44.417] INFO  [MultiTableRepo.sms] Executing SQL: SELECT * FROM sms_shard_01.sms_20250917 WHERE id = ? AND created_at >= ? AND created_at < ?
[2025-09-21 06:22:44.417] INFO  [MultiTableRepo.sms] Parameters: id=e64553ad-86d4-4e4c-8690-0b43b122f935, startValue=2025-09-17T01:24, endValue=2025-09-17T03:24
[2025-09-21 06:22:44.418] INFO  [MultiTableRepo.sms] Setting timestamp parameters: start=2025-09-17 01:24:00.0, end=2025-09-17 03:24:00.0
[2025-09-21 06:22:44.419] INFO  [MultiTableRepo.sms] No results found in table sms_shard_01.sms_20250917
[2025-09-21 06:22:44.421] INFO  [MultiTableRepo.sms] Executing SQL: SELECT * FROM sms_shard_01.sms_20250917 WHERE id = ? AND created_at >= ? AND created_at < ?
[2025-09-21 06:22:44.421] INFO  [MultiTableRepo.sms] Parameters: id=22112be7-9721-44c5-a57f-12068eb8a8a2, startValue=2025-09-17T18:32:59, endValue=2025-09-17T18:33:01
[2025-09-21 06:22:44.422] INFO  [MultiTableRepo.sms] Setting timestamp parameters: start=2025-09-17 18:32:59.0, end=2025-09-17 18:33:01.0
[2025-09-21 06:22:44.423] INFO  [MultiTableRepo.sms] No results found in table sms_shard_01.sms_20250917
[2025-09-21 06:22:44.425] INFO  [MultiTableRepo.sms] Executing SQL: SELECT * FROM sms_shard_01.sms_20250919 WHERE id = ? AND created_at >= ? AND created_at < ?
[2025-09-21 06:22:44.425] INFO  [MultiTableRepo.sms] Parameters: id=a945378e-2b72-40d3-9370-791767d5e991, startValue=2025-09-19T00:32:59, endValue=2025-09-19T00:33:01
[2025-09-21 06:22:44.426] INFO  [MultiTableRepo.sms] Setting timestamp parameters: start=2025-09-19 00:32:59.0, end=2025-09-19 00:33:01.0
[2025-09-21 06:22:44.429] INFO  [MultiTableRepo.sms] No results found in table sms_shard_01.sms_20250919
[2025-09-21 06:22:44.433] INFO  [MultiTableRepo.sms] Executing SQL: SELECT * FROM sms_shard_01.sms_20250915 WHERE id = ? AND created_at >= ? AND created_at < ?
[2025-09-21 06:22:44.433] INFO  [MultiTableRepo.sms] Parameters: id=9453d3da-1815-4181-b5bb-f9649d637df8, startValue=2025-09-15T13:32:59, endValue=2025-09-15T13:33:01
[2025-09-21 06:22:44.437] INFO  [MultiTableRepo.sms] Setting timestamp parameters: start=2025-09-15 13:32:59.0, end=2025-09-15 13:33:01.0
[2025-09-21 06:22:44.438] INFO  [MultiTableRepo.sms] No results found in table sms_shard_01.sms_20250915
[2025-09-21 06:22:44.440] INFO  [MultiTableRepo.sms] Executing SQL: SELECT * FROM sms_shard_01.sms_20250921 WHERE id = ? AND created_at >= ? AND created_at < ?
[2025-09-21 06:22:44.440] INFO  [MultiTableRepo.sms] Parameters: id=85f5fcc9-6d20-426e-a0c2-590121271809, startValue=2025-09-21T13:58, endValue=2025-09-21T14:00
[2025-09-21 06:22:44.442] INFO  [MultiTableRepo.sms] Setting timestamp parameters: start=2025-09-21 13:58:00.0, end=2025-09-21 14:00:00.0
[2025-09-21 06:22:44.442] INFO  [MultiTableRepo.sms] No results found in table sms_shard_01.sms_20250921
[2025-09-21 06:22:44.444] INFO  [MultiTableRepo.sms] Executing SQL: SELECT * FROM sms_shard_01.sms_20250921 WHERE id = ? AND created_at >= ? AND created_at < ?
[2025-09-21 06:22:44.444] INFO  [MultiTableRepo.sms] Parameters: id=8dc488a5-614e-435a-9c6c-89c4577dbc38, startValue=2025-09-21T18:43, endValue=2025-09-21T20:43
[2025-09-21 06:22:44.446] INFO  [MultiTableRepo.sms] Setting timestamp parameters: start=2025-09-21 18:43:00.0, end=2025-09-21 20:43:00.0
[2025-09-21 06:22:44.446] INFO  [MultiTableRepo.sms] No results found in table sms_shard_01.sms_20250921
[2025-09-21 06:22:44.448] INFO  [MultiTableRepo.sms] Executing SQL: SELECT * FROM sms_shard_01.sms_20250915 WHERE id = ? AND created_at >= ? AND created_at < ?
[2025-09-21 06:22:44.448] INFO  [MultiTableRepo.sms] Parameters: id=1fa908c6-d1ad-4860-8568-35bbde167636, startValue=2025-09-15T13:26:59, endValue=2025-09-15T13:27:01
[2025-09-21 06:22:44.450] INFO  [MultiTableRepo.sms] Setting timestamp parameters: start=2025-09-15 13:26:59.0, end=2025-09-15 13:27:01.0
[2025-09-21 06:22:44.450] INFO  [MultiTableRepo.sms] No results found in table sms_shard_01.sms_20250915
[2025-09-21 06:22:44.452] INFO  [MultiTableRepo.sms] Executing SQL: SELECT * FROM sms_shard_01.sms_20250916 WHERE id = ? AND created_at >= ? AND created_at < ?
[2025-09-21 06:22:44.452] INFO  [MultiTableRepo.sms] Parameters: id=2e735964-7fb3-4273-9547-864937f45d14, startValue=2025-09-16T22:04, endValue=2025-09-16T22:06
[2025-09-21 06:22:44.453] INFO  [MultiTableRepo.sms] Setting timestamp parameters: start=2025-09-16 22:04:00.0, end=2025-09-16 22:06:00.0
[2025-09-21 06:22:44.453] INFO  [MultiTableRepo.sms] No results found in table sms_shard_01.sms_20250916
[2025-09-21 06:22:44.455] INFO  [MultiTableRepo.sms] Executing SQL: SELECT * FROM sms_shard_01.sms_20250916 WHERE id = ? AND created_at >= ? AND created_at < ?
[2025-09-21 06:22:44.455] INFO  [MultiTableRepo.sms] Parameters: id=0deb042b-b3e6-44c8-90a8-0a5db5968867, startValue=2025-09-16T11:44, endValue=2025-09-16T13:44
[2025-09-21 06:22:44.456] INFO  [MultiTableRepo.sms] Setting timestamp parameters: start=2025-09-16 11:44:00.0, end=2025-09-16 13:44:00.0
[2025-09-21 06:22:44.457] INFO  [MultiTableRepo.sms] No results found in table sms_shard_01.sms_20250916
[2025-09-21 06:22:44.459] INFO  [MultiTableRepo.sms] Executing SQL: SELECT * FROM sms_shard_01.sms_20250916 WHERE id = ? AND created_at >= ? AND created_at < ?
[2025-09-21 06:22:44.459] INFO  [MultiTableRepo.sms] Parameters: id=8b585b6e-623f-4f3e-8bd4-a5979f6086e4, startValue=2025-09-16T12:34:59, endValue=2025-09-16T12:35:01
[2025-09-21 06:22:44.460] INFO  [MultiTableRepo.sms] Setting timestamp parameters: start=2025-09-16 12:34:59.0, end=2025-09-16 12:35:01.0
[2025-09-21 06:22:44.460] INFO  [MultiTableRepo.sms] No results found in table sms_shard_01.sms_20250916
[2025-09-21 06:22:44.462] INFO  [MultiTableRepo.sms] Executing SQL: SELECT * FROM sms_shard_01.sms_20250915 WHERE id = ? AND created_at >= ? AND created_at < ?
[2025-09-21 06:22:44.462] INFO  [MultiTableRepo.sms] Parameters: id=3dce3142-4017-466a-a6cd-9c73084210e2, startValue=2025-09-15T16:35, endValue=2025-09-15T18:35
[2025-09-21 06:22:44.463] INFO  [MultiTableRepo.sms] Setting timestamp parameters: start=2025-09-15 16:35:00.0, end=2025-09-15 18:35:00.0
[2025-09-21 06:22:44.463] INFO  [MultiTableRepo.sms] No results found in table sms_shard_01.sms_20250915
[2025-09-21 06:22:44.465] INFO  [MultiTableRepo.sms] Executing SQL: SELECT * FROM sms_shard_01.sms_20250918 WHERE id = ? AND created_at >= ? AND created_at < ?
[2025-09-21 06:22:44.465] INFO  [MultiTableRepo.sms] Parameters: id=d95b724c-ec2a-4eb2-b2f1-fc33e5e226ca, startValue=2025-09-18T23:40:59, endValue=2025-09-18T23:41:01
[2025-09-21 06:22:44.466] INFO  [MultiTableRepo.sms] Setting timestamp parameters: start=2025-09-18 23:40:59.0, end=2025-09-18 23:41:01.0
[2025-09-21 06:22:44.466] INFO  [MultiTableRepo.sms] No results found in table sms_shard_01.sms_20250918
[2025-09-21 06:22:44.468] INFO  [MultiTableRepo.sms] Executing SQL: SELECT * FROM sms_shard_01.sms_20250918 WHERE id = ? AND created_at >= ? AND created_at < ?
[2025-09-21 06:22:44.468] INFO  [MultiTableRepo.sms] Parameters: id=34309c5f-d99f-4b0d-bf8b-ddfab39ae0a0, startValue=2025-09-18T04:03, endValue=2025-09-18T06:03
[2025-09-21 06:22:44.469] INFO  [MultiTableRepo.sms] Setting timestamp parameters: start=2025-09-18 04:03:00.0, end=2025-09-18 06:03:00.0
[2025-09-21 06:22:44.469] INFO  [MultiTableRepo.sms] No results found in table sms_shard_01.sms_20250918
[2025-09-21 06:22:44.471] INFO  [MultiTableRepo.sms] Executing SQL: SELECT * FROM sms_shard_01.sms_20250921 WHERE id = ? AND created_at >= ? AND created_at < ?
[2025-09-21 06:22:44.471] INFO  [MultiTableRepo.sms] Parameters: id=c3ffd4d8-b6a1-459e-910d-f29a157c7e39, startValue=2025-09-21T16:34:59, endValue=2025-09-21T16:35:01
[2025-09-21 06:22:44.472] INFO  [MultiTableRepo.sms] Setting timestamp parameters: start=2025-09-21 16:34:59.0, end=2025-09-21 16:35:01.0
[2025-09-21 06:22:44.473] INFO  [MultiTableRepo.sms] No results found in table sms_shard_01.sms_20250921
[2025-09-21 06:22:44.474] INFO  [MultiTableRepo.sms] Executing SQL: SELECT * FROM sms_shard_01.sms_20250915 WHERE id = ? AND created_at >= ? AND created_at < ?
[2025-09-21 06:22:44.474] INFO  [MultiTableRepo.sms] Parameters: id=3c880ded-0251-46a0-9944-ef0370b9895f, startValue=2025-09-15T06:52, endValue=2025-09-15T08:52
[2025-09-21 06:22:44.475] INFO  [MultiTableRepo.sms] Setting timestamp parameters: start=2025-09-15 06:52:00.0, end=2025-09-15 08:52:00.0
[2025-09-21 06:22:44.476] INFO  [MultiTableRepo.sms] No results found in table sms_shard_01.sms_20250915
[2025-09-21 06:22:44.477] INFO  [MultiTableRepo.sms] Executing SQL: SELECT * FROM sms_shard_01.sms_20250919 WHERE id = ? AND created_at >= ? AND created_at < ?
[2025-09-21 06:22:44.477] INFO  [MultiTableRepo.sms] Parameters: id=450adb3c-7d9f-41ba-992b-dfbd824f91f9, startValue=2025-09-19T07:04:59, endValue=2025-09-19T07:05:01
[2025-09-21 06:22:44.479] INFO  [MultiTableRepo.sms] Setting timestamp parameters: start=2025-09-19 07:04:59.0, end=2025-09-19 07:05:01.0
[2025-09-21 06:22:44.480] INFO  [MultiTableRepo.sms] No results found in table sms_shard_01.sms_20250919
[2025-09-21 06:22:44.484] INFO  [MultiTableRepo.sms] Executing SQL: SELECT * FROM sms_shard_01.sms_20250917 WHERE id = ? AND created_at >= ? AND created_at < ?
[2025-09-21 06:22:44.484] INFO  [MultiTableRepo.sms] Parameters: id=89073e98-34e1-4d87-8a50-a8efe855316c, startValue=2025-09-17T23:25, endValue=2025-09-17T23:27
[2025-09-21 06:22:44.486] INFO  [MultiTableRepo.sms] Setting timestamp parameters: start=2025-09-17 23:25:00.0, end=2025-09-17 23:27:00.0
[2025-09-21 06:22:44.488] INFO  [MultiTableRepo.sms] No results found in table sms_shard_01.sms_20250917
[2025-09-21 06:22:44.490] INFO  [MultiTableRepo.sms] Executing SQL: SELECT * FROM sms_shard_01.sms_20250921 WHERE id = ? AND created_at >= ? AND created_at < ?
[2025-09-21 06:22:44.490] INFO  [MultiTableRepo.sms] Parameters: id=4791249a-d2bc-47c8-8f22-ca690422cb5a, startValue=2025-09-21T05:59:59, endValue=2025-09-21T06:00:01
[2025-09-21 06:22:44.492] INFO  [MultiTableRepo.sms] Setting timestamp parameters: start=2025-09-21 05:59:59.0, end=2025-09-21 06:00:01.0
[2025-09-21 06:22:44.493] INFO  [MultiTableRepo.sms] No results found in table sms_shard_01.sms_20250921
[2025-09-21 06:22:44.496] INFO  [MultiTableRepo.sms] Executing SQL: SELECT * FROM sms_shard_01.sms_20250916 WHERE id = ? AND created_at >= ? AND created_at < ?
[2025-09-21 06:22:44.496] INFO  [MultiTableRepo.sms] Parameters: id=a70ed96e-1253-4cdd-a17f-e70e9ad83542, startValue=2025-09-16T21:30:59, endValue=2025-09-16T21:31:01
[2025-09-21 06:22:44.498] INFO  [MultiTableRepo.sms] Setting timestamp parameters: start=2025-09-16 21:30:59.0, end=2025-09-16 21:31:01.0
[2025-09-21 06:22:44.501] INFO  [MultiTableRepo.sms] No results found in table sms_shard_01.sms_20250916
[2025-09-21 06:22:44.507] INFO  [MultiTableRepo.sms] Executing SQL: SELECT * FROM sms_shard_01.sms_20250915 WHERE id = ? AND created_at >= ? AND created_at < ?
[2025-09-21 06:22:44.507] INFO  [MultiTableRepo.sms] Parameters: id=7e0f19ff-6285-4e8e-9dd8-3cae962e5c76, startValue=2025-09-15T04:35, endValue=2025-09-15T04:37
[2025-09-21 06:22:44.508] INFO  [MultiTableRepo.sms] Setting timestamp parameters: start=2025-09-15 04:35:00.0, end=2025-09-15 04:37:00.0
[2025-09-21 06:22:44.509] INFO  [MultiTableRepo.sms] No results found in table sms_shard_01.sms_20250915
[2025-09-21 06:22:44.516] INFO  [MultiTableRepo.sms] Executing SQL: SELECT * FROM sms_shard_01.sms_20250921 WHERE id = ? AND created_at >= ? AND created_at < ?
[2025-09-21 06:22:44.516] INFO  [MultiTableRepo.sms] Parameters: id=33a49d3a-1ba3-4a49-9b89-517c359b219c, startValue=2025-09-21T11:51, endValue=2025-09-21T13:51
[2025-09-21 06:22:44.519] INFO  [MultiTableRepo.sms] Setting timestamp parameters: start=2025-09-21 11:51:00.0, end=2025-09-21 13:51:00.0
[2025-09-21 06:22:44.521] INFO  [MultiTableRepo.sms] No results found in table sms_shard_01.sms_20250921
[2025-09-21 06:22:44.523] INFO  [MultiTableRepo.sms] Executing SQL: SELECT * FROM sms_shard_01.sms_20250919 WHERE id = ? AND created_at >= ? AND created_at < ?
[2025-09-21 06:22:44.523] INFO  [MultiTableRepo.sms] Parameters: id=745ddc92-c33f-41e0-b5d9-f0d60e3e81f5, startValue=2025-09-19T03:50:59, endValue=2025-09-19T03:51:01
[2025-09-21 06:22:44.525] INFO  [MultiTableRepo.sms] Setting timestamp parameters: start=2025-09-19 03:50:59.0, end=2025-09-19 03:51:01.0
[2025-09-21 06:22:44.525] INFO  [MultiTableRepo.sms] No results found in table sms_shard_01.sms_20250919
[2025-09-21 06:22:44.527] INFO  [MultiTableRepo.sms] Executing SQL: SELECT * FROM sms_shard_01.sms_20250916 WHERE id = ? AND created_at >= ? AND created_at < ?
[2025-09-21 06:22:44.527] INFO  [MultiTableRepo.sms] Parameters: id=f8011ef1-9643-4068-b047-a77e964fc68b, startValue=2025-09-16T23:28, endValue=2025-09-16T23:30
[2025-09-21 06:22:44.529] INFO  [MultiTableRepo.sms] Setting timestamp parameters: start=2025-09-16 23:28:00.0, end=2025-09-16 23:30:00.0
[2025-09-21 06:22:44.530] INFO  [MultiTableRepo.sms] No results found in table sms_shard_01.sms_20250916
[2025-09-21 06:22:44.532] INFO  [MultiTableRepo.sms] Executing SQL: SELECT * FROM sms_shard_01.sms_20250915 WHERE id = ? AND created_at >= ? AND created_at < ?
[2025-09-21 06:22:44.532] INFO  [MultiTableRepo.sms] Parameters: id=efaac56d-02f0-4219-aebb-43876d5c3f6c, startValue=2025-09-15T02:16, endValue=2025-09-15T02:18
[2025-09-21 06:22:44.536] INFO  [MultiTableRepo.sms] Setting timestamp parameters: start=2025-09-15 02:16:00.0, end=2025-09-15 02:18:00.0
[2025-09-21 06:22:44.537] INFO  [MultiTableRepo.sms] No results found in table sms_shard_01.sms_20250915
[2025-09-21 06:22:44.539] INFO  [MultiTableRepo.sms] Executing SQL: SELECT * FROM sms_shard_01.sms_20250921 WHERE id = ? AND created_at >= ? AND created_at < ?
[2025-09-21 06:22:44.539] INFO  [MultiTableRepo.sms] Parameters: id=0f12570f-acc0-481e-8f61-d0a8be46cc3f, startValue=2025-09-21T13:42, endValue=2025-09-21T13:44
[2025-09-21 06:22:44.541] INFO  [MultiTableRepo.sms] Setting timestamp parameters: start=2025-09-21 13:42:00.0, end=2025-09-21 13:44:00.0
[2025-09-21 06:22:44.541] INFO  [MultiTableRepo.sms] No results found in table sms_shard_01.sms_20250921
[2025-09-21 06:22:44.543] INFO  [MultiTableRepo.sms] Executing SQL: SELECT * FROM sms_shard_01.sms_20250916 WHERE id = ? AND created_at >= ? AND created_at < ?
[2025-09-21 06:22:44.543] INFO  [MultiTableRepo.sms] Parameters: id=d5f2a606-622e-48e6-9ed1-f943b21a6c85, startValue=2025-09-16T04:58, endValue=2025-09-16T06:58
[2025-09-21 06:22:44.544] INFO  [MultiTableRepo.sms] Setting timestamp parameters: start=2025-09-16 04:58:00.0, end=2025-09-16 06:58:00.0
[2025-09-21 06:22:44.545] INFO  [MultiTableRepo.sms] No results found in table sms_shard_01.sms_20250916
[2025-09-21 06:22:44.547] INFO  [MultiTableRepo.sms] Executing SQL: SELECT * FROM sms_shard_01.sms_20250918 WHERE id = ? AND created_at >= ? AND created_at < ?
[2025-09-21 06:22:44.547] INFO  [MultiTableRepo.sms] Parameters: id=29d9cffb-8274-4292-b1b2-4dd55af21b76, startValue=2025-09-18T22:27, endValue=2025-09-18T22:29
[2025-09-21 06:22:44.549] INFO  [MultiTableRepo.sms] Setting timestamp parameters: start=2025-09-18 22:27:00.0, end=2025-09-18 22:29:00.0
[2025-09-21 06:22:44.550] INFO  [MultiTableRepo.sms] No results found in table sms_shard_01.sms_20250918
[2025-09-21 06:22:44.555] INFO  [MultiTableRepo.sms] Executing SQL: SELECT * FROM sms_shard_01.sms_20250917 WHERE id = ? AND created_at >= ? AND created_at < ?
[2025-09-21 06:22:44.555] INFO  [MultiTableRepo.sms] Parameters: id=e9eb7dbc-d513-4d19-aaca-c4942d7b070b, startValue=2025-09-17T20:51:59, endValue=2025-09-17T20:52:01
[2025-09-21 06:22:44.557] INFO  [MultiTableRepo.sms] Setting timestamp parameters: start=2025-09-17 20:51:59.0, end=2025-09-17 20:52:01.0
[2025-09-21 06:22:44.558] INFO  [MultiTableRepo.sms] No results found in table sms_shard_01.sms_20250917
[2025-09-21 06:22:44.560] INFO  [MultiTableRepo.sms] Executing SQL: SELECT * FROM sms_shard_01.sms_20250917 WHERE id = ? AND created_at >= ? AND created_at < ?
[2025-09-21 06:22:44.560] INFO  [MultiTableRepo.sms] Parameters: id=65eeaec3-10b5-46e8-9dd8-1eaff5842af9, startValue=2025-09-17T10:25, endValue=2025-09-17T10:27
[2025-09-21 06:22:44.561] INFO  [MultiTableRepo.sms] Setting timestamp parameters: start=2025-09-17 10:25:00.0, end=2025-09-17 10:27:00.0
[2025-09-21 06:22:44.562] INFO  [MultiTableRepo.sms] No results found in table sms_shard_01.sms_20250917
[2025-09-21 06:22:44.563] INFO  [MultiTableRepo.sms] Executing SQL: SELECT * FROM sms_shard_01.sms_20250919 WHERE id = ? AND created_at >= ? AND created_at < ?
[2025-09-21 06:22:44.563] INFO  [MultiTableRepo.sms] Parameters: id=0a1774d2-f243-4a21-86e9-385a5805069d, startValue=2025-09-19T05:58, endValue=2025-09-19T06:00
[2025-09-21 06:22:44.564] INFO  [MultiTableRepo.sms] Setting timestamp parameters: start=2025-09-19 05:58:00.0, end=2025-09-19 06:00:00.0
[2025-09-21 06:22:44.565] INFO  [MultiTableRepo.sms] No results found in table sms_shard_01.sms_20250919
[2025-09-21 06:22:44.566] INFO  [MultiTableRepo.sms] Executing SQL: SELECT * FROM sms_shard_01.sms_20250915 WHERE id = ? AND created_at >= ? AND created_at < ?
[2025-09-21 06:22:44.567] INFO  [MultiTableRepo.sms] Parameters: id=dbb1bded-0668-4b4f-86f6-190d73e14c31, startValue=2025-09-15T07:02:59, endValue=2025-09-15T07:03:01
[2025-09-21 06:22:44.568] INFO  [MultiTableRepo.sms] Setting timestamp parameters: start=2025-09-15 07:02:59.0, end=2025-09-15 07:03:01.0
[2025-09-21 06:22:44.568] INFO  [MultiTableRepo.sms] No results found in table sms_shard_01.sms_20250915
[2025-09-21 06:22:44.570] INFO  [MultiTableRepo.sms] Executing SQL: SELECT * FROM sms_shard_01.sms_20250916 WHERE id = ? AND created_at >= ? AND created_at < ?
[2025-09-21 06:22:44.570] INFO  [MultiTableRepo.sms] Parameters: id=482a561d-200a-4f3f-b617-fb3355d51639, startValue=2025-09-16T11:15, endValue=2025-09-16T13:15
[2025-09-21 06:22:44.571] INFO  [MultiTableRepo.sms] Setting timestamp parameters: start=2025-09-16 11:15:00.0, end=2025-09-16 13:15:00.0
[2025-09-21 06:22:44.571] INFO  [MultiTableRepo.sms] No results found in table sms_shard_01.sms_20250916
[2025-09-21 06:22:44.573] INFO  [MultiTableRepo.sms] Executing SQL: SELECT * FROM sms_shard_01.sms_20250916 WHERE id = ? AND created_at >= ? AND created_at < ?
[2025-09-21 06:22:44.573] INFO  [MultiTableRepo.sms] Parameters: id=f61e096f-7a22-4234-9d8c-0e28561349e2, startValue=2025-09-16T14:26, endValue=2025-09-16T16:26
[2025-09-21 06:22:44.574] INFO  [MultiTableRepo.sms] Setting timestamp parameters: start=2025-09-16 14:26:00.0, end=2025-09-16 16:26:00.0
[2025-09-21 06:22:44.574] INFO  [MultiTableRepo.sms] No results found in table sms_shard_01.sms_20250916
[2025-09-21 06:22:44.576] INFO  [MultiTableRepo.sms] Executing SQL: SELECT * FROM sms_shard_01.sms_20250917 WHERE id = ? AND created_at >= ? AND created_at < ?
[2025-09-21 06:22:44.576] INFO  [MultiTableRepo.sms] Parameters: id=48e8afcb-6904-45fb-b6bd-bd4af16c8bce, startValue=2025-09-17T07:01:59, endValue=2025-09-17T07:02:01
[2025-09-21 06:22:44.577] INFO  [MultiTableRepo.sms] Setting timestamp parameters: start=2025-09-17 07:01:59.0, end=2025-09-17 07:02:01.0
[2025-09-21 06:22:44.577] INFO  [MultiTableRepo.sms] No results found in table sms_shard_01.sms_20250917
[2025-09-21 06:22:44.579] INFO  [MultiTableRepo.sms] Executing SQL: SELECT * FROM sms_shard_01.sms_20250918 WHERE id = ? AND created_at >= ? AND created_at < ?
[2025-09-21 06:22:44.579] INFO  [MultiTableRepo.sms] Parameters: id=bbfde92e-5a4f-4d43-b3fa-2b5f53bf5bf2, startValue=2025-09-18T15:34, endValue=2025-09-18T17:34
[2025-09-21 06:22:44.581] INFO  [MultiTableRepo.sms] Setting timestamp parameters: start=2025-09-18 15:34:00.0, end=2025-09-18 17:34:00.0
[2025-09-21 06:22:44.581] INFO  [MultiTableRepo.sms] No results found in table sms_shard_01.sms_20250918
[2025-09-21 06:22:44.583] INFO  [MultiTableRepo.sms] Executing SQL: SELECT * FROM sms_shard_01.sms_20250915 WHERE id = ? AND created_at >= ? AND created_at < ?
[2025-09-21 06:22:44.583] INFO  [MultiTableRepo.sms] Parameters: id=3e4bb948-04a7-4b1c-8366-83be7fe81fc8, startValue=2025-09-15T02:27, endValue=2025-09-15T02:29
[2025-09-21 06:22:44.584] INFO  [MultiTableRepo.sms] Setting timestamp parameters: start=2025-09-15 02:27:00.0, end=2025-09-15 02:29:00.0
[2025-09-21 06:22:44.584] INFO  [MultiTableRepo.sms] No results found in table sms_shard_01.sms_20250915
[2025-09-21 06:22:44.586] INFO  [MultiTableRepo.sms] Executing SQL: SELECT * FROM sms_shard_01.sms_20250921 WHERE id = ? AND created_at >= ? AND created_at < ?
[2025-09-21 06:22:44.586] INFO  [MultiTableRepo.sms] Parameters: id=80f7d7a0-2466-437f-91b2-70537f1a4bb7, startValue=2025-09-21T04:21, endValue=2025-09-21T06:21
[2025-09-21 06:22:44.587] INFO  [MultiTableRepo.sms] Setting timestamp parameters: start=2025-09-21 04:21:00.0, end=2025-09-21 06:21:00.0
[2025-09-21 06:22:44.587] INFO  [MultiTableRepo.sms] No results found in table sms_shard_01.sms_20250921
[2025-09-21 06:22:44.589] INFO  [MultiTableRepo.sms] Executing SQL: SELECT * FROM sms_shard_01.sms_20250917 WHERE id = ? AND created_at >= ? AND created_at < ?
[2025-09-21 06:22:44.589] INFO  [MultiTableRepo.sms] Parameters: id=da346b28-83ab-4f92-9a6c-85dc15b81224, startValue=2025-09-17T01:46, endValue=2025-09-17T03:46
[2025-09-21 06:22:44.591] INFO  [MultiTableRepo.sms] Setting timestamp parameters: start=2025-09-17 01:46:00.0, end=2025-09-17 03:46:00.0
[2025-09-21 06:22:44.592] INFO  [MultiTableRepo.sms] No results found in table sms_shard_01.sms_20250917
[2025-09-21 06:22:44.593] INFO  [MultiTableRepo.sms] Executing SQL: SELECT * FROM sms_shard_01.sms_20250921 WHERE id = ? AND created_at >= ? AND created_at < ?
[2025-09-21 06:22:44.594] INFO  [MultiTableRepo.sms] Parameters: id=3f7478cb-62a4-44d5-b9c6-ef2d1e56a86b, startValue=2025-09-21T23:11:59, endValue=2025-09-21T23:12:01
[2025-09-21 06:22:44.595] INFO  [MultiTableRepo.sms] Setting timestamp parameters: start=2025-09-21 23:11:59.0, end=2025-09-21 23:12:01.0
[2025-09-21 06:22:44.596] INFO  [MultiTableRepo.sms] No results found in table sms_shard_01.sms_20250921
[2025-09-21 06:22:44.598] INFO  [MultiTableRepo.sms] Executing SQL: SELECT * FROM sms_shard_01.sms_20250917 WHERE id = ? AND created_at >= ? AND created_at < ?
[2025-09-21 06:22:44.598] INFO  [MultiTableRepo.sms] Parameters: id=c0ab4d7d-cbb9-48f2-972e-5e2d3f630ed4, startValue=2025-09-17T06:39, endValue=2025-09-17T06:41
[2025-09-21 06:22:44.599] INFO  [MultiTableRepo.sms] Setting timestamp parameters: start=2025-09-17 06:39:00.0, end=2025-09-17 06:41:00.0
[2025-09-21 06:22:44.599] INFO  [MultiTableRepo.sms] No results found in table sms_shard_01.sms_20250917
[2025-09-21 06:22:44.601] INFO  [MultiTableRepo.sms] Executing SQL: SELECT * FROM sms_shard_01.sms_20250920 WHERE id = ? AND created_at >= ? AND created_at < ?
[2025-09-21 06:22:44.601] INFO  [MultiTableRepo.sms] Parameters: id=92759f02-44ed-4a42-9338-98adaac3a92d, startValue=2025-09-20T10:34, endValue=2025-09-20T10:36
[2025-09-21 06:22:44.604] INFO  [MultiTableRepo.sms] Setting timestamp parameters: start=2025-09-20 10:34:00.0, end=2025-09-20 10:36:00.0
[2025-09-21 06:22:44.604] INFO  [MultiTableRepo.sms] No results found in table sms_shard_01.sms_20250920
[2025-09-21 06:22:44.606] INFO  [MultiTableRepo.sms] Executing SQL: SELECT * FROM sms_shard_01.sms_20250920 WHERE id = ? AND created_at >= ? AND created_at < ?
[2025-09-21 06:22:44.606] INFO  [MultiTableRepo.sms] Parameters: id=4a6fe449-cff9-4edd-b748-3097fc71c7ff, startValue=2025-09-20T02:27, endValue=2025-09-20T02:29
[2025-09-21 06:22:44.607] INFO  [MultiTableRepo.sms] Setting timestamp parameters: start=2025-09-20 02:27:00.0, end=2025-09-20 02:29:00.0
[2025-09-21 06:22:44.608] INFO  [MultiTableRepo.sms] No results found in table sms_shard_01.sms_20250920
[2025-09-21 06:22:44.609] INFO  [MultiTableRepo.sms] Executing SQL: SELECT * FROM sms_shard_01.sms_20250918 WHERE id = ? AND created_at >= ? AND created_at < ?
[2025-09-21 06:22:44.609] INFO  [MultiTableRepo.sms] Parameters: id=ed1c3ac6-edeb-42f8-91ab-2e2fadc978c1, startValue=2025-09-18T04:12, endValue=2025-09-18T06:12
[2025-09-21 06:22:44.610] INFO  [MultiTableRepo.sms] Setting timestamp parameters: start=2025-09-18 04:12:00.0, end=2025-09-18 06:12:00.0
[2025-09-21 06:22:44.611] INFO  [MultiTableRepo.sms] No results found in table sms_shard_01.sms_20250918
[2025-09-21 06:22:44.612] INFO  [MultiTableRepo.sms] Executing SQL: SELECT * FROM sms_shard_01.sms_20250918 WHERE id = ? AND created_at >= ? AND created_at < ?
[2025-09-21 06:22:44.612] INFO  [MultiTableRepo.sms] Parameters: id=5717e509-cb66-442e-9460-550944133b52, startValue=2025-09-18T22:37, endValue=2025-09-19T00:37
[2025-09-21 06:22:44.614] INFO  [MultiTableRepo.sms] Setting timestamp parameters: start=2025-09-18 22:37:00.0, end=2025-09-19 00:37:00.0
[2025-09-21 06:22:44.615] INFO  [MultiTableRepo.sms] No results found in table sms_shard_01.sms_20250918
[2025-09-21 06:22:44.617] INFO  [MultiTableRepo.sms] Executing SQL: SELECT * FROM sms_shard_01.sms_20250919 WHERE id = ? AND created_at >= ? AND created_at < ?
[2025-09-21 06:22:44.617] INFO  [MultiTableRepo.sms] Parameters: id=5717e509-cb66-442e-9460-550944133b52, startValue=2025-09-18T22:37, endValue=2025-09-19T00:37
[2025-09-21 06:22:44.618] INFO  [MultiTableRepo.sms] Setting timestamp parameters: start=2025-09-18 22:37:00.0, end=2025-09-19 00:37:00.0
[2025-09-21 06:22:44.619] INFO  [MultiTableRepo.sms] No results found in table sms_shard_01.sms_20250919
[2025-09-21 06:22:44.621] INFO  [MultiTableRepo.sms] Executing SQL: SELECT * FROM sms_shard_01.sms_20250921 WHERE id = ? AND created_at >= ? AND created_at < ?
[2025-09-21 06:22:44.621] INFO  [MultiTableRepo.sms] Parameters: id=9f204563-ce12-49d4-bf61-2060fea55d0d, startValue=2025-09-21T14:58:59, endValue=2025-09-21T14:59:01
[2025-09-21 06:22:44.623] INFO  [MultiTableRepo.sms] Setting timestamp parameters: start=2025-09-21 14:58:59.0, end=2025-09-21 14:59:01.0
[2025-09-21 06:22:44.624] INFO  [MultiTableRepo.sms] No results found in table sms_shard_01.sms_20250921
[2025-09-21 06:22:44.626] INFO  [MultiTableRepo.sms] Executing SQL: SELECT * FROM sms_shard_01.sms_20250917 WHERE id = ? AND created_at >= ? AND created_at < ?
[2025-09-21 06:22:44.626] INFO  [MultiTableRepo.sms] Parameters: id=f51e9ac5-8c7d-4660-9ae0-12ebbd4d198e, startValue=2025-09-17T14:00, endValue=2025-09-17T14:02
[2025-09-21 06:22:44.627] INFO  [MultiTableRepo.sms] Setting timestamp parameters: start=2025-09-17 14:00:00.0, end=2025-09-17 14:02:00.0
[2025-09-21 06:22:44.628] INFO  [MultiTableRepo.sms] No results found in table sms_shard_01.sms_20250917
[2025-09-21 06:22:44.629] INFO  [MultiTableRepo.sms] Executing SQL: SELECT * FROM sms_shard_01.sms_20250920 WHERE id = ? AND created_at >= ? AND created_at < ?
[2025-09-21 06:22:44.629] INFO  [MultiTableRepo.sms] Parameters: id=e2dd3ed8-4fd7-462f-a2b3-a8eadfc2cd92, startValue=2025-09-20T19:08, endValue=2025-09-20T21:08
[2025-09-21 06:22:44.631] INFO  [MultiTableRepo.sms] Setting timestamp parameters: start=2025-09-20 19:08:00.0, end=2025-09-20 21:08:00.0
[2025-09-21 06:22:44.631] INFO  [MultiTableRepo.sms] No results found in table sms_shard_01.sms_20250920
[2025-09-21 06:22:44.633] INFO  [MultiTableRepo.sms] Executing SQL: SELECT * FROM sms_shard_01.sms_20250919 WHERE id = ? AND created_at >= ? AND created_at < ?
[2025-09-21 06:22:44.633] INFO  [MultiTableRepo.sms] Parameters: id=7ba29854-5e55-4fe4-bc3d-c1851c8a9b95, startValue=2025-09-19T12:50, endValue=2025-09-19T12:52
[2025-09-21 06:22:44.637] INFO  [MultiTableRepo.sms] Setting timestamp parameters: start=2025-09-19 12:50:00.0, end=2025-09-19 12:52:00.0
[2025-09-21 06:22:44.638] INFO  [MultiTableRepo.sms] No results found in table sms_shard_01.sms_20250919
[2025-09-21 06:22:44.643] INFO  [MultiTableRepo.sms] Executing SQL: SELECT * FROM sms_shard_01.sms_20250920 WHERE id = ? AND created_at >= ? AND created_at < ?
[2025-09-21 06:22:44.643] INFO  [MultiTableRepo.sms] Parameters: id=dde1553c-34d6-4a5b-948d-34ca82f8c14c, startValue=2025-09-20T18:07, endValue=2025-09-20T20:07
[2025-09-21 06:22:44.646] INFO  [MultiTableRepo.sms] Setting timestamp parameters: start=2025-09-20 18:07:00.0, end=2025-09-20 20:07:00.0
[2025-09-21 06:22:44.646] INFO  [MultiTableRepo.sms] No results found in table sms_shard_01.sms_20250920
[2025-09-21 06:22:44.649] INFO  [MultiTableRepo.sms] Executing SQL: SELECT * FROM sms_shard_01.sms_20250921 WHERE id = ? AND created_at >= ? AND created_at < ?
[2025-09-21 06:22:44.649] INFO  [MultiTableRepo.sms] Parameters: id=5ac93879-29b9-479f-8d8d-5c5ee4971da0, startValue=2025-09-21T10:45, endValue=2025-09-21T12:45
[2025-09-21 06:22:44.650] INFO  [MultiTableRepo.sms] Setting timestamp parameters: start=2025-09-21 10:45:00.0, end=2025-09-21 12:45:00.0
[2025-09-21 06:22:44.651] INFO  [MultiTableRepo.sms] No results found in table sms_shard_01.sms_20250921
[2025-09-21 06:22:44.653] INFO  [MultiTableRepo.sms] Executing SQL: SELECT * FROM sms_shard_01.sms_20250919 WHERE id = ? AND created_at >= ? AND created_at < ?
[2025-09-21 06:22:44.653] INFO  [MultiTableRepo.sms] Parameters: id=a69501fe-0537-4e58-949b-281f36e8f84b, startValue=2025-09-19T07:29:59, endValue=2025-09-19T07:30:01
[2025-09-21 06:22:44.657] INFO  [MultiTableRepo.sms] Setting timestamp parameters: start=2025-09-19 07:29:59.0, end=2025-09-19 07:30:01.0
[2025-09-21 06:22:44.657] INFO  [MultiTableRepo.sms] No results found in table sms_shard_01.sms_20250919
[2025-09-21 06:22:44.659] INFO  [MultiTableRepo.sms] Executing SQL: SELECT * FROM sms_shard_01.sms_20250919 WHERE id = ? AND created_at >= ? AND created_at < ?
[2025-09-21 06:22:44.659] INFO  [MultiTableRepo.sms] Parameters: id=cf0c326e-8844-4af5-956e-98e1a5ee09a8, startValue=2025-09-19T20:51:59, endValue=2025-09-19T20:52:01
[2025-09-21 06:22:44.660] INFO  [MultiTableRepo.sms] Setting timestamp parameters: start=2025-09-19 20:51:59.0, end=2025-09-19 20:52:01.0
[2025-09-21 06:22:44.662] INFO  [MultiTableRepo.sms] No results found in table sms_shard_01.sms_20250919
[2025-09-21 06:22:44.666] INFO  [MultiTableRepo.sms] Executing SQL: SELECT * FROM sms_shard_01.sms_20250920 WHERE id = ? AND created_at >= ? AND created_at < ?
[2025-09-21 06:22:44.666] INFO  [MultiTableRepo.sms] Parameters: id=62274e8b-0709-4920-b6fb-493d4654785e, startValue=2025-09-20T12:41, endValue=2025-09-20T12:43
[2025-09-21 06:22:44.667] INFO  [MultiTableRepo.sms] Setting timestamp parameters: start=2025-09-20 12:41:00.0, end=2025-09-20 12:43:00.0
[2025-09-21 06:22:44.667] INFO  [MultiTableRepo.sms] No results found in table sms_shard_01.sms_20250920
[2025-09-21 06:22:44.669] INFO  [MultiTableRepo.sms] Executing SQL: SELECT * FROM sms_shard_01.sms_20250917 WHERE id = ? AND created_at >= ? AND created_at < ?
[2025-09-21 06:22:44.669] INFO  [MultiTableRepo.sms] Parameters: id=f13794f8-9afe-4ed3-a192-cacca27918b9, startValue=2025-09-17T07:38, endValue=2025-09-17T07:40
[2025-09-21 06:22:44.670] INFO  [MultiTableRepo.sms] Setting timestamp parameters: start=2025-09-17 07:38:00.0, end=2025-09-17 07:40:00.0
[2025-09-21 06:22:44.670] INFO  [MultiTableRepo.sms] No results found in table sms_shard_01.sms_20250917
[2025-09-21 06:22:44.672] INFO  [MultiTableRepo.sms] Executing SQL: SELECT * FROM sms_shard_01.sms_20250920 WHERE id = ? AND created_at >= ? AND created_at < ?
[2025-09-21 06:22:44.672] INFO  [MultiTableRepo.sms] Parameters: id=5916423e-64a2-42d9-ad8e-56ab3e387e1f, startValue=2025-09-20T07:56, endValue=2025-09-20T09:56
[2025-09-21 06:22:44.673] INFO  [MultiTableRepo.sms] Setting timestamp parameters: start=2025-09-20 07:56:00.0, end=2025-09-20 09:56:00.0
[2025-09-21 06:22:44.673] INFO  [MultiTableRepo.sms] No results found in table sms_shard_01.sms_20250920
[2025-09-21 06:22:44.675] INFO  [MultiTableRepo.sms] Executing SQL: SELECT * FROM sms_shard_01.sms_20250921 WHERE id = ? AND created_at >= ? AND created_at < ?
[2025-09-21 06:22:44.675] INFO  [MultiTableRepo.sms] Parameters: id=f22f2ac7-07d7-47e5-ba4d-2e53e83b868b, startValue=2025-09-21T01:26:59, endValue=2025-09-21T01:27:01
[2025-09-21 06:22:44.678] INFO  [MultiTableRepo.sms] Setting timestamp parameters: start=2025-09-21 01:26:59.0, end=2025-09-21 01:27:01.0
[2025-09-21 06:22:44.679] INFO  [MultiTableRepo.sms] No results found in table sms_shard_01.sms_20250921
[2025-09-21 06:22:44.680] INFO  [MultiTableRepo.sms] Executing SQL: SELECT * FROM sms_shard_01.sms_20250915 WHERE id = ? AND created_at >= ? AND created_at < ?
[2025-09-21 06:22:44.680] INFO  [MultiTableRepo.sms] Parameters: id=4814f639-4602-419d-afc4-63d2e8ae4206, startValue=2025-09-15T15:58, endValue=2025-09-15T17:58
[2025-09-21 06:22:44.682] INFO  [MultiTableRepo.sms] Setting timestamp parameters: start=2025-09-15 15:58:00.0, end=2025-09-15 17:58:00.0
[2025-09-21 06:22:44.682] INFO  [MultiTableRepo.sms] No results found in table sms_shard_01.sms_20250915
[2025-09-21 06:22:44.684] INFO  [MultiTableRepo.sms] Executing SQL: SELECT * FROM sms_shard_01.sms_20250921 WHERE id = ? AND created_at >= ? AND created_at < ?
[2025-09-21 06:22:44.684] INFO  [MultiTableRepo.sms] Parameters: id=08abc508-b357-4be0-8950-4269ab636a1b, startValue=2025-09-21T09:30:59, endValue=2025-09-21T09:31:01
[2025-09-21 06:22:44.685] INFO  [MultiTableRepo.sms] Setting timestamp parameters: start=2025-09-21 09:30:59.0, end=2025-09-21 09:31:01.0
[2025-09-21 06:22:44.685] INFO  [MultiTableRepo.sms] No results found in table sms_shard_01.sms_20250921
[2025-09-21 06:22:44.686] INFO  [MultiTableRepo.sms] Executing SQL: SELECT * FROM sms_shard_01.sms_20250920 WHERE id = ? AND created_at >= ? AND created_at < ?
[2025-09-21 06:22:44.686] INFO  [MultiTableRepo.sms] Parameters: id=51af5706-a360-4cbc-88b8-1600c033ebf7, startValue=2025-09-20T06:59, endValue=2025-09-20T07:01
[2025-09-21 06:22:44.687] INFO  [MultiTableRepo.sms] Setting timestamp parameters: start=2025-09-20 06:59:00.0, end=2025-09-20 07:01:00.0
[2025-09-21 06:22:44.688] INFO  [MultiTableRepo.sms] No results found in table sms_shard_01.sms_20250920
[2025-09-21 06:22:44.691] INFO  [MultiTableRepo.sms] Executing SQL: SELECT * FROM sms_shard_01.sms_20250916 WHERE id = ? AND created_at >= ? AND created_at < ?
[2025-09-21 06:22:44.691] INFO  [MultiTableRepo.sms] Parameters: id=49ca849a-5c71-4776-910a-667b81716167, startValue=2025-09-16T10:16, endValue=2025-09-16T10:18
[2025-09-21 06:22:44.697] INFO  [MultiTableRepo.sms] Setting timestamp parameters: start=2025-09-16 10:16:00.0, end=2025-09-16 10:18:00.0
[2025-09-21 06:22:44.697] INFO  [MultiTableRepo.sms] No results found in table sms_shard_01.sms_20250916
[2025-09-21 06:22:44.699] INFO  [MultiTableRepo.sms] Executing SQL: SELECT * FROM sms_shard_01.sms_20250919 WHERE id = ? AND created_at >= ? AND created_at < ?
[2025-09-21 06:22:44.700] INFO  [MultiTableRepo.sms] Parameters: id=98ec643a-6111-45b4-ab16-2d64a74f7553, startValue=2025-09-19T23:28, endValue=2025-09-19T23:30
[2025-09-21 06:22:44.701] INFO  [MultiTableRepo.sms] Setting timestamp parameters: start=2025-09-19 23:28:00.0, end=2025-09-19 23:30:00.0
[2025-09-21 06:22:44.701] INFO  [MultiTableRepo.sms] No results found in table sms_shard_01.sms_20250919
[2025-09-21 06:22:44.703] INFO  [MultiTableRepo.sms] Executing SQL: SELECT * FROM sms_shard_01.sms_20250919 WHERE id = ? AND created_at >= ? AND created_at < ?
[2025-09-21 06:22:44.703] INFO  [MultiTableRepo.sms] Parameters: id=92c502df-194c-43d0-9a1c-50ef8f959020, startValue=2025-09-19T20:40:59, endValue=2025-09-19T20:41:01
[2025-09-21 06:22:44.704] INFO  [MultiTableRepo.sms] Setting timestamp parameters: start=2025-09-19 20:40:59.0, end=2025-09-19 20:41:01.0
[2025-09-21 06:22:44.704] INFO  [MultiTableRepo.sms] No results found in table sms_shard_01.sms_20250919
[2025-09-21 06:22:44.706] INFO  [MultiTableRepo.sms] Executing SQL: SELECT * FROM sms_shard_01.sms_20250917 WHERE id = ? AND created_at >= ? AND created_at < ?
[2025-09-21 06:22:44.706] INFO  [MultiTableRepo.sms] Parameters: id=d0ef603f-e6f7-4c77-8db5-506cd073671b, startValue=2025-09-17T09:25:59, endValue=2025-09-17T09:26:01
[2025-09-21 06:22:44.707] INFO  [MultiTableRepo.sms] Setting timestamp parameters: start=2025-09-17 09:25:59.0, end=2025-09-17 09:26:01.0
[2025-09-21 06:22:44.708] INFO  [MultiTableRepo.sms] No results found in table sms_shard_01.sms_20250917
[2025-09-21 06:22:44.709] INFO  [MultiTableRepo.sms] Executing SQL: SELECT * FROM sms_shard_01.sms_20250915 WHERE id = ? AND created_at >= ? AND created_at < ?
[2025-09-21 06:22:44.709] INFO  [MultiTableRepo.sms] Parameters: id=69776e1b-0fd0-4783-a0ee-1ac148bdc843, startValue=2025-09-15T07:18, endValue=2025-09-15T09:18
[2025-09-21 06:22:44.710] INFO  [MultiTableRepo.sms] Setting timestamp parameters: start=2025-09-15 07:18:00.0, end=2025-09-15 09:18:00.0
[2025-09-21 06:22:44.711] INFO  [MultiTableRepo.sms] No results found in table sms_shard_01.sms_20250915
[2025-09-21 06:22:44.712] INFO  [MultiTableRepo.sms] Executing SQL: SELECT * FROM sms_shard_01.sms_20250921 WHERE id = ? AND created_at >= ? AND created_at < ?
[2025-09-21 06:22:44.712] INFO  [MultiTableRepo.sms] Parameters: id=ed275795-54b0-4bb4-9c0e-c28861fed2ce, startValue=2025-09-21T02:57, endValue=2025-09-21T02:59
[2025-09-21 06:22:44.713] INFO  [MultiTableRepo.sms] Setting timestamp parameters: start=2025-09-21 02:57:00.0, end=2025-09-21 02:59:00.0
[2025-09-21 06:22:44.713] INFO  [MultiTableRepo.sms] No results found in table sms_shard_01.sms_20250921
[2025-09-21 06:22:44.715] INFO  [MultiTableRepo.sms] Executing SQL: SELECT * FROM sms_shard_01.sms_20250918 WHERE id = ? AND created_at >= ? AND created_at < ?
[2025-09-21 06:22:44.715] INFO  [MultiTableRepo.sms] Parameters: id=5ed69f34-cfd9-4e5c-9759-72a7a64b2672, startValue=2025-09-18T16:47, endValue=2025-09-18T16:49
[2025-09-21 06:22:44.716] INFO  [MultiTableRepo.sms] Setting timestamp parameters: start=2025-09-18 16:47:00.0, end=2025-09-18 16:49:00.0
[2025-09-21 06:22:44.716] INFO  [MultiTableRepo.sms] No results found in table sms_shard_01.sms_20250918
[2025-09-21 06:22:44.717] INFO  [MultiTableRepo.sms] Executing SQL: SELECT * FROM sms_shard_01.sms_20250917 WHERE id = ? AND created_at >= ? AND created_at < ?
[2025-09-21 06:22:44.718] INFO  [MultiTableRepo.sms] Parameters: id=162861a6-1561-41a2-a9eb-a98f20d19ca5, startValue=2025-09-17T15:21, endValue=2025-09-17T17:21
[2025-09-21 06:22:44.718] INFO  [MultiTableRepo.sms] Setting timestamp parameters: start=2025-09-17 15:21:00.0, end=2025-09-17 17:21:00.0
[2025-09-21 06:22:44.719] INFO  [MultiTableRepo.sms] No results found in table sms_shard_01.sms_20250917
[2025-09-21 06:22:44.720] INFO  [MultiTableRepo.sms] Executing SQL: SELECT * FROM sms_shard_01.sms_20250920 WHERE id = ? AND created_at >= ? AND created_at < ?
[2025-09-21 06:22:44.720] INFO  [MultiTableRepo.sms] Parameters: id=edfb2f8d-50e0-461f-82c7-38a993f93943, startValue=2025-09-20T22:10, endValue=2025-09-21T00:10
[2025-09-21 06:22:44.721] INFO  [MultiTableRepo.sms] Setting timestamp parameters: start=2025-09-20 22:10:00.0, end=2025-09-21 00:10:00.0
[2025-09-21 06:22:44.722] INFO  [MultiTableRepo.sms] No results found in table sms_shard_01.sms_20250920
[2025-09-21 06:22:44.723] INFO  [MultiTableRepo.sms] Executing SQL: SELECT * FROM sms_shard_01.sms_20250921 WHERE id = ? AND created_at >= ? AND created_at < ?
[2025-09-21 06:22:44.723] INFO  [MultiTableRepo.sms] Parameters: id=edfb2f8d-50e0-461f-82c7-38a993f93943, startValue=2025-09-20T22:10, endValue=2025-09-21T00:10
[2025-09-21 06:22:44.724] INFO  [MultiTableRepo.sms] Setting timestamp parameters: start=2025-09-20 22:10:00.0, end=2025-09-21 00:10:00.0
[2025-09-21 06:22:44.724] INFO  [MultiTableRepo.sms] No results found in table sms_shard_01.sms_20250921
[2025-09-21 06:22:44.726] INFO  [MultiTableRepo.sms] Executing SQL: SELECT * FROM sms_shard_01.sms_20250920 WHERE id = ? AND created_at >= ? AND created_at < ?
[2025-09-21 06:22:44.726] INFO  [MultiTableRepo.sms] Parameters: id=d84beb52-6fe0-41e0-8e1d-1d1db7818851, startValue=2025-09-20T02:12:59, endValue=2025-09-20T02:13:01
[2025-09-21 06:22:44.726] INFO  [MultiTableRepo.sms] Setting timestamp parameters: start=2025-09-20 02:12:59.0, end=2025-09-20 02:13:01.0
[2025-09-21 06:22:44.727] INFO  [MultiTableRepo.sms] No results found in table sms_shard_01.sms_20250920
[2025-09-21 06:22:44.728] INFO  [MultiTableRepo.sms] Executing SQL: SELECT * FROM sms_shard_01.sms_20250920 WHERE id = ? AND created_at >= ? AND created_at < ?
[2025-09-21 06:22:44.728] INFO  [MultiTableRepo.sms] Parameters: id=5400f169-945a-48e0-b3bf-f9663a77702a, startValue=2025-09-20T16:57, endValue=2025-09-20T16:59
[2025-09-21 06:22:44.732] INFO  [MultiTableRepo.sms] Setting timestamp parameters: start=2025-09-20 16:57:00.0, end=2025-09-20 16:59:00.0
[2025-09-21 06:22:44.733] INFO  [MultiTableRepo.sms] No results found in table sms_shard_01.sms_20250920
[2025-09-21 06:22:44.734] INFO  [MultiTableRepo.sms] Executing SQL: SELECT * FROM sms_shard_01.sms_20250918 WHERE id = ? AND created_at >= ? AND created_at < ?
[2025-09-21 06:22:44.734] INFO  [MultiTableRepo.sms] Parameters: id=f87fb2bf-dc17-4237-8219-757b994f6109, startValue=2025-09-18T22:10:59, endValue=2025-09-18T22:11:01
[2025-09-21 06:22:44.735] INFO  [MultiTableRepo.sms] Setting timestamp parameters: start=2025-09-18 22:10:59.0, end=2025-09-18 22:11:01.0
[2025-09-21 06:22:44.735] INFO  [MultiTableRepo.sms] No results found in table sms_shard_01.sms_20250918
[2025-09-21 06:22:44.743] INFO  [MultiTableRepo.sms] Executing SQL: SELECT * FROM sms_shard_01.sms_20250917 WHERE id = ? AND created_at >= ? AND created_at < ?
[2025-09-21 06:22:44.743] INFO  [MultiTableRepo.sms] Parameters: id=4aed51ff-7f40-45f9-af91-c63bfa6c7a1b, startValue=2025-09-17T14:57:59, endValue=2025-09-17T14:58:01
[2025-09-21 06:22:44.745] INFO  [MultiTableRepo.sms] Setting timestamp parameters: start=2025-09-17 14:57:59.0, end=2025-09-17 14:58:01.0
[2025-09-21 06:22:44.747] INFO  [MultiTableRepo.sms] No results found in table sms_shard_01.sms_20250917
[2025-09-21 06:22:44.762] INFO  [MultiTableRepo.sms] Executing SQL: SELECT * FROM sms_shard_01.sms_20250920 WHERE id = ? AND created_at >= ? AND created_at < ?
[2025-09-21 06:22:44.762] INFO  [MultiTableRepo.sms] Parameters: id=53726a9d-284c-48aa-ac12-2b6a08c82dac, startValue=2025-09-20T19:02, endValue=2025-09-20T19:04
[2025-09-21 06:22:44.770] INFO  [MultiTableRepo.sms] Setting timestamp parameters: start=2025-09-20 19:02:00.0, end=2025-09-20 19:04:00.0
[2025-09-21 06:22:44.771] INFO  [MultiTableRepo.sms] No results found in table sms_shard_01.sms_20250920
[2025-09-21 06:22:44.773] INFO  [MultiTableRepo.sms] Executing SQL: SELECT * FROM sms_shard_01.sms_20250915 WHERE id = ? AND created_at >= ? AND created_at < ?
[2025-09-21 06:22:44.773] INFO  [MultiTableRepo.sms] Parameters: id=6656a784-0652-4c57-aa06-cdd7d466122f, startValue=2025-09-15T16:05, endValue=2025-09-15T16:07
[2025-09-21 06:22:44.775] INFO  [MultiTableRepo.sms] Setting timestamp parameters: start=2025-09-15 16:05:00.0, end=2025-09-15 16:07:00.0
[2025-09-21 06:22:44.776] INFO  [MultiTableRepo.sms] No results found in table sms_shard_01.sms_20250915
[2025-09-21 06:22:44.778] INFO  [MultiTableRepo.sms] Executing SQL: SELECT * FROM sms_shard_01.sms_20250918 WHERE id = ? AND created_at >= ? AND created_at < ?
[2025-09-21 06:22:44.778] INFO  [MultiTableRepo.sms] Parameters: id=f3492323-41ee-41fa-8192-2d823d63c8ec, startValue=2025-09-18T05:04:59, endValue=2025-09-18T05:05:01
[2025-09-21 06:22:44.779] INFO  [MultiTableRepo.sms] Setting timestamp parameters: start=2025-09-18 05:04:59.0, end=2025-09-18 05:05:01.0
[2025-09-21 06:22:44.780] INFO  [MultiTableRepo.sms] No results found in table sms_shard_01.sms_20250918
[2025-09-21 06:22:44.782] INFO  [MultiTableRepo.sms] Executing SQL: SELECT * FROM sms_shard_01.sms_20250921 WHERE id = ? AND created_at >= ? AND created_at < ?
[2025-09-21 06:22:44.782] INFO  [MultiTableRepo.sms] Parameters: id=6232469a-4b77-496a-9d00-ee5a9d7a8605, startValue=2025-09-21T12:46, endValue=2025-09-21T14:46
[2025-09-21 06:22:44.783] INFO  [MultiTableRepo.sms] Setting timestamp parameters: start=2025-09-21 12:46:00.0, end=2025-09-21 14:46:00.0
[2025-09-21 06:22:44.784] INFO  [MultiTableRepo.sms] No results found in table sms_shard_01.sms_20250921
[2025-09-21 06:22:44.785] INFO  [MultiTableRepo.sms] Executing SQL: SELECT * FROM sms_shard_01.sms_20250921 WHERE id = ? AND created_at >= ? AND created_at < ?
[2025-09-21 06:22:44.785] INFO  [MultiTableRepo.sms] Parameters: id=a3f336c5-843c-4eb0-b834-afebb3529c8d, startValue=2025-09-21T11:13, endValue=2025-09-21T11:15
[2025-09-21 06:22:44.787] INFO  [MultiTableRepo.sms] Setting timestamp parameters: start=2025-09-21 11:13:00.0, end=2025-09-21 11:15:00.0
[2025-09-21 06:22:44.787] INFO  [MultiTableRepo.sms] No results found in table sms_shard_01.sms_20250921
[2025-09-21 06:22:44.789] INFO  [MultiTableRepo.sms] Executing SQL: SELECT * FROM sms_shard_01.sms_20250921 WHERE id = ? AND created_at >= ? AND created_at < ?
[2025-09-21 06:22:44.789] INFO  [MultiTableRepo.sms] Parameters: id=1ae3e547-9881-4f50-a5c9-3b0aecb5a928, startValue=2025-09-21T15:29:59, endValue=2025-09-21T15:30:01
[2025-09-21 06:22:44.790] INFO  [MultiTableRepo.sms] Setting timestamp parameters: start=2025-09-21 15:29:59.0, end=2025-09-21 15:30:01.0
[2025-09-21 06:22:44.790] INFO  [MultiTableRepo.sms] No results found in table sms_shard_01.sms_20250921
[2025-09-21 06:22:44.792] INFO  [MultiTableRepo.sms] Executing SQL: SELECT * FROM sms_shard_01.sms_20250919 WHERE id = ? AND created_at >= ? AND created_at < ?
[2025-09-21 06:22:44.792] INFO  [MultiTableRepo.sms] Parameters: id=42080f8c-684e-4da2-be9c-2ec75f30002f, startValue=2025-09-19T17:43:59, endValue=2025-09-19T17:44:01
[2025-09-21 06:22:44.800] INFO  [MultiTableRepo.sms] Setting timestamp parameters: start=2025-09-19 17:43:59.0, end=2025-09-19 17:44:01.0
[2025-09-21 06:22:44.801] INFO  [MultiTableRepo.sms] No results found in table sms_shard_01.sms_20250919
[2025-09-21 06:22:44.803] INFO  [MultiTableRepo.sms] Executing SQL: SELECT * FROM sms_shard_01.sms_20250920 WHERE id = ? AND created_at >= ? AND created_at < ?
[2025-09-21 06:22:44.803] INFO  [MultiTableRepo.sms] Parameters: id=5080d59b-2d96-4c3e-b67a-f5eaced46125, startValue=2025-09-20T13:25:59, endValue=2025-09-20T13:26:01
[2025-09-21 06:22:44.804] INFO  [MultiTableRepo.sms] Setting timestamp parameters: start=2025-09-20 13:25:59.0, end=2025-09-20 13:26:01.0
[2025-09-21 06:22:44.805] INFO  [MultiTableRepo.sms] No results found in table sms_shard_01.sms_20250920
[2025-09-21 06:22:44.807] INFO  [MultiTableRepo.sms] Executing SQL: SELECT * FROM sms_shard_01.sms_20250917 WHERE id = ? AND created_at >= ? AND created_at < ?
[2025-09-21 06:22:44.807] INFO  [MultiTableRepo.sms] Parameters: id=b2ec6eec-452b-4210-8fcb-9e0017c13e5b, startValue=2025-09-17T23:36, endValue=2025-09-18T01:36
[2025-09-21 06:22:44.808] INFO  [MultiTableRepo.sms] Setting timestamp parameters: start=2025-09-17 23:36:00.0, end=2025-09-18 01:36:00.0
[2025-09-21 06:22:44.809] INFO  [MultiTableRepo.sms] No results found in table sms_shard_01.sms_20250917
[2025-09-21 06:22:44.810] INFO  [MultiTableRepo.sms] Executing SQL: SELECT * FROM sms_shard_01.sms_20250918 WHERE id = ? AND created_at >= ? AND created_at < ?
[2025-09-21 06:22:44.810] INFO  [MultiTableRepo.sms] Parameters: id=b2ec6eec-452b-4210-8fcb-9e0017c13e5b, startValue=2025-09-17T23:36, endValue=2025-09-18T01:36
[2025-09-21 06:22:44.811] INFO  [MultiTableRepo.sms] Setting timestamp parameters: start=2025-09-17 23:36:00.0, end=2025-09-18 01:36:00.0
[2025-09-21 06:22:44.812] INFO  [MultiTableRepo.sms] No results found in table sms_shard_01.sms_20250918
[2025-09-21 06:22:44.815] INFO  [MultiTableRepo.sms] Executing SQL: SELECT * FROM sms_shard_01.sms_20250915 WHERE id = ? AND created_at >= ? AND created_at < ?
[2025-09-21 06:22:44.815] INFO  [MultiTableRepo.sms] Parameters: id=ef985be9-6e4d-4b5c-a02a-6bea449d89a6, startValue=2025-09-15T21:12, endValue=2025-09-15T23:12
[2025-09-21 06:22:44.821] INFO  [MultiTableRepo.sms] Setting timestamp parameters: start=2025-09-15 21:12:00.0, end=2025-09-15 23:12:00.0
[2025-09-21 06:22:44.821] INFO  [MultiTableRepo.sms] No results found in table sms_shard_01.sms_20250915
[2025-09-21 06:22:44.825] INFO  [MultiTableRepo.sms] Executing SQL: SELECT * FROM sms_shard_01.sms_20250917 WHERE id = ? AND created_at >= ? AND created_at < ?
[2025-09-21 06:22:44.825] INFO  [MultiTableRepo.sms] Parameters: id=f4076583-da24-4ab0-af9e-3704bad6dd03, startValue=2025-09-17T05:05, endValue=2025-09-17T07:05
[2025-09-21 06:22:44.826] INFO  [MultiTableRepo.sms] Setting timestamp parameters: start=2025-09-17 05:05:00.0, end=2025-09-17 07:05:00.0
[2025-09-21 06:22:44.826] INFO  [MultiTableRepo.sms] No results found in table sms_shard_01.sms_20250917
[2025-09-21 06:22:44.827] INFO  [MultiTableRepo.sms] Executing SQL: SELECT * FROM sms_shard_01.sms_20250921 WHERE id = ? AND created_at >= ? AND created_at < ?
[2025-09-21 06:22:44.827] INFO  [MultiTableRepo.sms] Parameters: id=0601468f-6391-4496-97a6-8d3b17842138, startValue=2025-09-21T16:21, endValue=2025-09-21T18:21
[2025-09-21 06:22:44.828] INFO  [MultiTableRepo.sms] Setting timestamp parameters: start=2025-09-21 16:21:00.0, end=2025-09-21 18:21:00.0
[2025-09-21 06:22:44.829] INFO  [MultiTableRepo.sms] No results found in table sms_shard_01.sms_20250921
[2025-09-21 06:22:44.830] INFO  [MultiTableRepo.sms] Executing SQL: SELECT * FROM sms_shard_01.sms_20250917 WHERE id = ? AND created_at >= ? AND created_at < ?
[2025-09-21 06:22:44.830] INFO  [MultiTableRepo.sms] Parameters: id=fa325d94-7a6d-4d7c-8cac-7795379f489d, startValue=2025-09-17T06:19, endValue=2025-09-17T06:21
[2025-09-21 06:22:44.831] INFO  [MultiTableRepo.sms] Setting timestamp parameters: start=2025-09-17 06:19:00.0, end=2025-09-17 06:21:00.0
[2025-09-21 06:22:44.831] INFO  [MultiTableRepo.sms] No results found in table sms_shard_01.sms_20250917
[2025-09-21 06:22:44.833] INFO  [MultiTableRepo.sms] Executing SQL: SELECT * FROM sms_shard_01.sms_20250919 WHERE id = ? AND created_at >= ? AND created_at < ?
[2025-09-21 06:22:44.833] INFO  [MultiTableRepo.sms] Parameters: id=41e240ae-8ad6-4987-867c-6e0ccf690086, startValue=2025-09-19T11:21, endValue=2025-09-19T13:21
[2025-09-21 06:22:44.834] INFO  [MultiTableRepo.sms] Setting timestamp parameters: start=2025-09-19 11:21:00.0, end=2025-09-19 13:21:00.0
[2025-09-21 06:22:44.834] INFO  [MultiTableRepo.sms] No results found in table sms_shard_01.sms_20250919
[2025-09-21 06:22:44.835] INFO  [MultiTableRepo.sms] Executing SQL: SELECT * FROM sms_shard_01.sms_20250917 WHERE id = ? AND created_at >= ? AND created_at < ?
[2025-09-21 06:22:44.836] INFO  [MultiTableRepo.sms] Parameters: id=7b16ac66-1c7e-4fb9-a779-ace06af8b0d4, startValue=2025-09-17T20:29, endValue=2025-09-17T20:31
[2025-09-21 06:22:44.837] INFO  [MultiTableRepo.sms] Setting timestamp parameters: start=2025-09-17 20:29:00.0, end=2025-09-17 20:31:00.0
[2025-09-21 06:22:44.837] INFO  [MultiTableRepo.sms] No results found in table sms_shard_01.sms_20250917
[2025-09-21 06:22:44.839] INFO  [MultiTableRepo.sms] Executing SQL: SELECT * FROM sms_shard_01.sms_20250921 WHERE id = ? AND created_at >= ? AND created_at < ?
[2025-09-21 06:22:44.839] INFO  [MultiTableRepo.sms] Parameters: id=e98d8162-7005-46d0-af52-e1d0045c152f, startValue=2025-09-21T05:04:59, endValue=2025-09-21T05:05:01
[2025-09-21 06:22:44.843] INFO  [MultiTableRepo.sms] Setting timestamp parameters: start=2025-09-21 05:04:59.0, end=2025-09-21 05:05:01.0
[2025-09-21 06:22:44.843] INFO  [MultiTableRepo.sms] No results found in table sms_shard_01.sms_20250921
[2025-09-21 06:22:44.845] INFO  [MultiTableRepo.sms] Executing SQL: SELECT * FROM sms_shard_01.sms_20250920 WHERE id = ? AND created_at >= ? AND created_at < ?
[2025-09-21 06:22:44.845] INFO  [MultiTableRepo.sms] Parameters: id=3fa0f9af-091c-4a7e-b665-a07991f86c4f, startValue=2025-09-20T12:56, endValue=2025-09-20T14:56
[2025-09-21 06:22:44.846] INFO  [MultiTableRepo.sms] Setting timestamp parameters: start=2025-09-20 12:56:00.0, end=2025-09-20 14:56:00.0
[2025-09-21 06:22:44.846] INFO  [MultiTableRepo.sms] No results found in table sms_shard_01.sms_20250920
[2025-09-21 06:22:44.848] INFO  [MultiTableRepo.sms] Executing SQL: SELECT * FROM sms_shard_01.sms_20250920 WHERE id = ? AND created_at >= ? AND created_at < ?
[2025-09-21 06:22:44.848] INFO  [MultiTableRepo.sms] Parameters: id=8d16a2df-4c8d-499e-8b47-40ee525dd6dc, startValue=2025-09-20T07:31:59, endValue=2025-09-20T07:32:01
[2025-09-21 06:22:44.849] INFO  [MultiTableRepo.sms] Setting timestamp parameters: start=2025-09-20 07:31:59.0, end=2025-09-20 07:32:01.0
[2025-09-21 06:22:44.849] INFO  [MultiTableRepo.sms] No results found in table sms_shard_01.sms_20250920
[2025-09-21 06:22:44.850] INFO  [MultiTableRepo.sms] Executing SQL: SELECT * FROM sms_shard_01.sms_20250916 WHERE id = ? AND created_at >= ? AND created_at < ?
[2025-09-21 06:22:44.850] INFO  [MultiTableRepo.sms] Parameters: id=41faf5a0-9216-4f50-9a9f-5e869b8b054c, startValue=2025-09-16T05:46, endValue=2025-09-16T05:48
[2025-09-21 06:22:44.853] INFO  [MultiTableRepo.sms] Setting timestamp parameters: start=2025-09-16 05:46:00.0, end=2025-09-16 05:48:00.0
[2025-09-21 06:22:44.853] INFO  [MultiTableRepo.sms] No results found in table sms_shard_01.sms_20250916
[2025-09-21 06:22:44.855] INFO  [MultiTableRepo.sms] Executing SQL: SELECT * FROM sms_shard_01.sms_20250918 WHERE id = ? AND created_at >= ? AND created_at < ?
[2025-09-21 06:22:44.855] INFO  [MultiTableRepo.sms] Parameters: id=8b626576-7646-4851-abea-98f02bcde56f, startValue=2025-09-18T22:24, endValue=2025-09-18T22:26
[2025-09-21 06:22:44.857] INFO  [MultiTableRepo.sms] Setting timestamp parameters: start=2025-09-18 22:24:00.0, end=2025-09-18 22:26:00.0
[2025-09-21 06:22:44.857] INFO  [MultiTableRepo.sms] No results found in table sms_shard_01.sms_20250918
[2025-09-21 06:22:44.859] INFO  [MultiTableRepo.sms] Executing SQL: SELECT * FROM sms_shard_01.sms_20250920 WHERE id = ? AND created_at >= ? AND created_at < ?
[2025-09-21 06:22:44.859] INFO  [MultiTableRepo.sms] Parameters: id=951dbc8f-65ae-4511-b167-74b0a34d4d01, startValue=2025-09-20T04:42, endValue=2025-09-20T04:44
[2025-09-21 06:22:44.860] INFO  [MultiTableRepo.sms] Setting timestamp parameters: start=2025-09-20 04:42:00.0, end=2025-09-20 04:44:00.0
[2025-09-21 06:22:44.864] INFO  [MultiTableRepo.sms] No results found in table sms_shard_01.sms_20250920
[2025-09-21 06:22:44.868] INFO  [MultiTableRepo.sms] Executing SQL: SELECT * FROM sms_shard_01.sms_20250915 WHERE id = ? AND created_at >= ? AND created_at < ?
[2025-09-21 06:22:44.869] INFO  [MultiTableRepo.sms] Parameters: id=0df4bff7-e1cc-461d-8269-070a67a9daf7, startValue=2025-09-15T00:38, endValue=2025-09-15T00:40
[2025-09-21 06:22:44.870] INFO  [MultiTableRepo.sms] Setting timestamp parameters: start=2025-09-15 00:38:00.0, end=2025-09-15 00:40:00.0
[2025-09-21 06:22:44.870] INFO  [MultiTableRepo.sms] No results found in table sms_shard_01.sms_20250915
[2025-09-21 06:22:44.872] INFO  [MultiTableRepo.sms] Executing SQL: SELECT * FROM sms_shard_01.sms_20250920 WHERE id = ? AND created_at >= ? AND created_at < ?
[2025-09-21 06:22:44.872] INFO  [MultiTableRepo.sms] Parameters: id=50584ced-fd39-45d0-9e0d-c1bb191d46ea, startValue=2025-09-20T07:05:59, endValue=2025-09-20T07:06:01
[2025-09-21 06:22:44.873] INFO  [MultiTableRepo.sms] Setting timestamp parameters: start=2025-09-20 07:05:59.0, end=2025-09-20 07:06:01.0
[2025-09-21 06:22:44.874] INFO  [MultiTableRepo.sms] No results found in table sms_shard_01.sms_20250920
[2025-09-21 06:22:44.875] INFO  [MultiTableRepo.sms] Executing SQL: SELECT * FROM sms_shard_01.sms_20250916 WHERE id = ? AND created_at >= ? AND created_at < ?
[2025-09-21 06:22:44.875] INFO  [MultiTableRepo.sms] Parameters: id=a0bc0dde-a0ff-4749-a599-791695a7a24f, startValue=2025-09-16T05:46:59, endValue=2025-09-16T05:47:01
[2025-09-21 06:22:44.879] INFO  [MultiTableRepo.sms] Setting timestamp parameters: start=2025-09-16 05:46:59.0, end=2025-09-16 05:47:01.0
[2025-09-21 06:22:44.879] INFO  [MultiTableRepo.sms] No results found in table sms_shard_01.sms_20250916
[2025-09-21 06:22:44.881] INFO  [MultiTableRepo.sms] Executing SQL: SELECT * FROM sms_shard_01.sms_20250917 WHERE id = ? AND created_at >= ? AND created_at < ?
[2025-09-21 06:22:44.881] INFO  [MultiTableRepo.sms] Parameters: id=5592f0a5-0f86-494f-910d-a2bbe9eaf175, startValue=2025-09-17T16:12:59, endValue=2025-09-17T16:13:01
[2025-09-21 06:22:44.882] INFO  [MultiTableRepo.sms] Setting timestamp parameters: start=2025-09-17 16:12:59.0, end=2025-09-17 16:13:01.0
[2025-09-21 06:22:44.883] INFO  [MultiTableRepo.sms] No results found in table sms_shard_01.sms_20250917
[2025-09-21 06:22:44.884] INFO  [MultiTableRepo.sms] Executing SQL: SELECT * FROM sms_shard_01.sms_20250919 WHERE id = ? AND created_at >= ? AND created_at < ?
[2025-09-21 06:22:44.884] INFO  [MultiTableRepo.sms] Parameters: id=a6120543-c485-402f-9084-d11df7a7af05, startValue=2025-09-19T20:40:59, endValue=2025-09-19T20:41:01
[2025-09-21 06:22:44.885] INFO  [MultiTableRepo.sms] Setting timestamp parameters: start=2025-09-19 20:40:59.0, end=2025-09-19 20:41:01.0
[2025-09-21 06:22:44.886] INFO  [MultiTableRepo.sms] No results found in table sms_shard_01.sms_20250919
[2025-09-21 06:22:44.887] INFO  [MultiTableRepo.sms] Executing SQL: SELECT * FROM sms_shard_01.sms_20250919 WHERE id = ? AND created_at >= ? AND created_at < ?
[2025-09-21 06:22:44.887] INFO  [MultiTableRepo.sms] Parameters: id=d38d1353-0ff6-418e-a497-8822dc27d741, startValue=2025-09-19T14:18, endValue=2025-09-19T16:18
[2025-09-21 06:22:44.888] INFO  [MultiTableRepo.sms] Setting timestamp parameters: start=2025-09-19 14:18:00.0, end=2025-09-19 16:18:00.0
[2025-09-21 06:22:44.888] INFO  [MultiTableRepo.sms] No results found in table sms_shard_01.sms_20250919
[2025-09-21 06:22:44.890] INFO  [MultiTableRepo.sms] Executing SQL: SELECT * FROM sms_shard_01.sms_20250920 WHERE id = ? AND created_at >= ? AND created_at < ?
[2025-09-21 06:22:44.890] INFO  [MultiTableRepo.sms] Parameters: id=0a12b350-4e60-4be7-ab82-4d402688cfd8, startValue=2025-09-20T10:03:59, endValue=2025-09-20T10:04:01
[2025-09-21 06:22:44.891] INFO  [MultiTableRepo.sms] Setting timestamp parameters: start=2025-09-20 10:03:59.0, end=2025-09-20 10:04:01.0
[2025-09-21 06:22:44.892] INFO  [MultiTableRepo.sms] No results found in table sms_shard_01.sms_20250920
[2025-09-21 06:22:44.893] INFO  [MultiTableRepo.sms] Executing SQL: SELECT * FROM sms_shard_01.sms_20250921 WHERE id = ? AND created_at >= ? AND created_at < ?
[2025-09-21 06:22:44.893] INFO  [MultiTableRepo.sms] Parameters: id=dccbe2bc-53f9-4eef-8e3e-c24d88d5d17a, startValue=2025-09-21T04:38, endValue=2025-09-21T04:40
[2025-09-21 06:22:44.894] INFO  [MultiTableRepo.sms] Setting timestamp parameters: start=2025-09-21 04:38:00.0, end=2025-09-21 04:40:00.0
[2025-09-21 06:22:44.895] INFO  [MultiTableRepo.sms] No results found in table sms_shard_01.sms_20250921
[2025-09-21 06:22:44.896] INFO  [MultiTableRepo.sms] Executing SQL: SELECT * FROM sms_shard_01.sms_20250918 WHERE id = ? AND created_at >= ? AND created_at < ?
[2025-09-21 06:22:44.896] INFO  [MultiTableRepo.sms] Parameters: id=f3c3c20d-3b37-45f0-a691-68a9a3faf2ca, startValue=2025-09-18T02:05, endValue=2025-09-18T04:05
[2025-09-21 06:22:44.897] INFO  [MultiTableRepo.sms] Setting timestamp parameters: start=2025-09-18 02:05:00.0, end=2025-09-18 04:05:00.0
[2025-09-21 06:22:44.897] INFO  [MultiTableRepo.sms] No results found in table sms_shard_01.sms_20250918
[2025-09-21 06:22:44.898] INFO  [MultiTableRepo.sms] Executing SQL: SELECT * FROM sms_shard_01.sms_20250917 WHERE id = ? AND created_at >= ? AND created_at < ?
[2025-09-21 06:22:44.899] INFO  [MultiTableRepo.sms] Parameters: id=5ba15ea7-e048-435f-8a51-dea2db2b6f92, startValue=2025-09-17T19:50, endValue=2025-09-17T19:52
[2025-09-21 06:22:44.899] INFO  [MultiTableRepo.sms] Setting timestamp parameters: start=2025-09-17 19:50:00.0, end=2025-09-17 19:52:00.0
[2025-09-21 06:22:44.900] INFO  [MultiTableRepo.sms] No results found in table sms_shard_01.sms_20250917
[2025-09-21 06:22:44.901] INFO  [MultiTableRepo.sms] Executing SQL: SELECT * FROM sms_shard_01.sms_20250919 WHERE id = ? AND created_at >= ? AND created_at < ?
[2025-09-21 06:22:44.901] INFO  [MultiTableRepo.sms] Parameters: id=6c759fe6-0c84-4479-bd74-4753ff0ed8b2, startValue=2025-09-19T02:53, endValue=2025-09-19T02:55
[2025-09-21 06:22:44.903] INFO  [MultiTableRepo.sms] Setting timestamp parameters: start=2025-09-19 02:53:00.0, end=2025-09-19 02:55:00.0
[2025-09-21 06:22:44.903] INFO  [MultiTableRepo.sms] No results found in table sms_shard_01.sms_20250919
[2025-09-21 06:22:44.906] INFO  [MultiTableRepo.sms] Executing SQL: SELECT * FROM sms_shard_01.sms_20250918 WHERE id = ? AND created_at >= ? AND created_at < ?
[2025-09-21 06:22:44.906] INFO  [MultiTableRepo.sms] Parameters: id=731ae6e0-9b7f-4b55-830f-fe6ae6e1efbb, startValue=2025-09-18T16:28:59, endValue=2025-09-18T16:29:01
[2025-09-21 06:22:44.907] INFO  [MultiTableRepo.sms] Setting timestamp parameters: start=2025-09-18 16:28:59.0, end=2025-09-18 16:29:01.0
[2025-09-21 06:22:44.907] INFO  [MultiTableRepo.sms] No results found in table sms_shard_01.sms_20250918
[2025-09-21 06:22:44.909] INFO  [MultiTableRepo.sms] Executing SQL: SELECT * FROM sms_shard_01.sms_20250917 WHERE id = ? AND created_at >= ? AND created_at < ?
[2025-09-21 06:22:44.909] INFO  [MultiTableRepo.sms] Parameters: id=29d84c0f-5499-456c-ba31-87728b6cc61d, startValue=2025-09-17T10:00:59, endValue=2025-09-17T10:01:01
[2025-09-21 06:22:44.910] INFO  [MultiTableRepo.sms] Setting timestamp parameters: start=2025-09-17 10:00:59.0, end=2025-09-17 10:01:01.0
[2025-09-21 06:22:44.910] INFO  [MultiTableRepo.sms] No results found in table sms_shard_01.sms_20250917
[2025-09-21 06:22:44.912] INFO  [MultiTableRepo.sms] Executing SQL: SELECT * FROM sms_shard_01.sms_20250917 WHERE id = ? AND created_at >= ? AND created_at < ?
[2025-09-21 06:22:44.912] INFO  [MultiTableRepo.sms] Parameters: id=673e8b63-f9c3-4d37-be29-f6e66cb08a32, startValue=2025-09-17T13:59:59, endValue=2025-09-17T14:00:01
[2025-09-21 06:22:44.913] INFO  [MultiTableRepo.sms] Setting timestamp parameters: start=2025-09-17 13:59:59.0, end=2025-09-17 14:00:01.0
[2025-09-21 06:22:44.914] INFO  [MultiTableRepo.sms] No results found in table sms_shard_01.sms_20250917
[2025-09-21 06:22:44.918] INFO  [MultiTableRepo.sms] Executing SQL: SELECT * FROM sms_shard_01.sms_20250918 WHERE id = ? AND created_at >= ? AND created_at < ?
[2025-09-21 06:22:44.918] INFO  [MultiTableRepo.sms] Parameters: id=f8d67f5a-30c5-41a5-ad10-e52b7a22d1e8, startValue=2025-09-18T05:52, endValue=2025-09-18T05:54
[2025-09-21 06:22:44.919] INFO  [MultiTableRepo.sms] Setting timestamp parameters: start=2025-09-18 05:52:00.0, end=2025-09-18 05:54:00.0
[2025-09-21 06:22:44.919] INFO  [MultiTableRepo.sms] No results found in table sms_shard_01.sms_20250918
[2025-09-21 06:22:44.921] INFO  [MultiTableRepo.sms] Executing SQL: SELECT * FROM sms_shard_01.sms_20250918 WHERE id = ? AND created_at >= ? AND created_at < ?
[2025-09-21 06:22:44.921] INFO  [MultiTableRepo.sms] Parameters: id=7ddfea4d-78bc-40a1-be4a-b7d515324dbe, startValue=2025-09-18T06:39:59, endValue=2025-09-18T06:40:01
[2025-09-21 06:22:44.922] INFO  [MultiTableRepo.sms] Setting timestamp parameters: start=2025-09-18 06:39:59.0, end=2025-09-18 06:40:01.0
[2025-09-21 06:22:44.922] INFO  [MultiTableRepo.sms] No results found in table sms_shard_01.sms_20250918
[2025-09-21 06:22:44.924] INFO  [MultiTableRepo.sms] Executing SQL: SELECT * FROM sms_shard_01.sms_20250916 WHERE id = ? AND created_at >= ? AND created_at < ?
[2025-09-21 06:22:44.924] INFO  [MultiTableRepo.sms] Parameters: id=e3d7764f-434d-4faa-a4c8-2779456dce75, startValue=2025-09-16T21:27, endValue=2025-09-16T21:29
[2025-09-21 06:22:44.925] INFO  [MultiTableRepo.sms] Setting timestamp parameters: start=2025-09-16 21:27:00.0, end=2025-09-16 21:29:00.0
[2025-09-21 06:22:44.925] INFO  [MultiTableRepo.sms] No results found in table sms_shard_01.sms_20250916
[2025-09-21 06:22:44.927] INFO  [MultiTableRepo.sms] Executing SQL: SELECT * FROM sms_shard_01.sms_20250920 WHERE id = ? AND created_at >= ? AND created_at < ?
[2025-09-21 06:22:44.927] INFO  [MultiTableRepo.sms] Parameters: id=c022bce3-9533-4b5a-99f2-0f849bcbdfc5, startValue=2025-09-20T07:57, endValue=2025-09-20T09:57
[2025-09-21 06:22:44.928] INFO  [MultiTableRepo.sms] Setting timestamp parameters: start=2025-09-20 07:57:00.0, end=2025-09-20 09:57:00.0
[2025-09-21 06:22:44.928] INFO  [MultiTableRepo.sms] No results found in table sms_shard_01.sms_20250920
[2025-09-21 06:22:44.929] INFO  [MultiTableRepo.sms] Executing SQL: SELECT * FROM sms_shard_01.sms_20250917 WHERE id = ? AND created_at >= ? AND created_at < ?
[2025-09-21 06:22:44.930] INFO  [MultiTableRepo.sms] Parameters: id=7da06f0e-aa0b-408c-92c7-94d49fc109e4, startValue=2025-09-17T16:51, endValue=2025-09-17T18:51
[2025-09-21 06:22:44.931] INFO  [MultiTableRepo.sms] Setting timestamp parameters: start=2025-09-17 16:51:00.0, end=2025-09-17 18:51:00.0
[2025-09-21 06:22:44.931] INFO  [MultiTableRepo.sms] No results found in table sms_shard_01.sms_20250917
[2025-09-21 06:22:44.932] INFO  [MultiTableRepo.sms] Executing SQL: SELECT * FROM sms_shard_01.sms_20250921 WHERE id = ? AND created_at >= ? AND created_at < ?
[2025-09-21 06:22:44.932] INFO  [MultiTableRepo.sms] Parameters: id=04746431-aad9-45eb-b8cf-2eafefb1606f, startValue=2025-09-21T08:11, endValue=2025-09-21T08:13
[2025-09-21 06:22:44.934] INFO  [MultiTableRepo.sms] Setting timestamp parameters: start=2025-09-21 08:11:00.0, end=2025-09-21 08:13:00.0
[2025-09-21 06:22:44.934] INFO  [MultiTableRepo.sms] No results found in table sms_shard_01.sms_20250921
[2025-09-21 06:22:44.936] INFO  [MultiTableRepo.sms] Executing SQL: SELECT * FROM sms_shard_01.sms_20250921 WHERE id = ? AND created_at >= ? AND created_at < ?
[2025-09-21 06:22:44.936] INFO  [MultiTableRepo.sms] Parameters: id=aaa5cdc1-5013-4b70-b77d-445342d64b79, startValue=2025-09-21T13:02:59, endValue=2025-09-21T13:03:01
[2025-09-21 06:22:44.937] INFO  [MultiTableRepo.sms] Setting timestamp parameters: start=2025-09-21 13:02:59.0, end=2025-09-21 13:03:01.0
[2025-09-21 06:22:44.937] INFO  [MultiTableRepo.sms] No results found in table sms_shard_01.sms_20250921
[2025-09-21 06:22:44.939] INFO  [MultiTableRepo.sms] Executing SQL: SELECT * FROM sms_shard_01.sms_20250919 WHERE id = ? AND created_at >= ? AND created_at < ?
[2025-09-21 06:22:44.939] INFO  [MultiTableRepo.sms] Parameters: id=cd98d72a-8ce9-4f4f-8fa3-bdad1ce31284, startValue=2025-09-19T19:07, endValue=2025-09-19T19:09
[2025-09-21 06:22:44.940] INFO  [MultiTableRepo.sms] Setting timestamp parameters: start=2025-09-19 19:07:00.0, end=2025-09-19 19:09:00.0
[2025-09-21 06:22:44.940] INFO  [MultiTableRepo.sms] No results found in table sms_shard_01.sms_20250919
[2025-09-21 06:22:44.942] INFO  [MultiTableRepo.sms] Executing SQL: SELECT * FROM sms_shard_01.sms_20250916 WHERE id = ? AND created_at >= ? AND created_at < ?
[2025-09-21 06:22:44.942] INFO  [MultiTableRepo.sms] Parameters: id=b3c1d06f-621f-4254-a503-741a81812beb, startValue=2025-09-16T12:01:59, endValue=2025-09-16T12:02:01
[2025-09-21 06:22:44.943] INFO  [MultiTableRepo.sms] Setting timestamp parameters: start=2025-09-16 12:01:59.0, end=2025-09-16 12:02:01.0
[2025-09-21 06:22:44.943] INFO  [MultiTableRepo.sms] No results found in table sms_shard_01.sms_20250916
[2025-09-21 06:22:44.945] INFO  [MultiTableRepo.sms] Executing SQL: SELECT * FROM sms_shard_01.sms_20250919 WHERE id = ? AND created_at >= ? AND created_at < ?
[2025-09-21 06:22:44.945] INFO  [MultiTableRepo.sms] Parameters: id=cc53b15d-4de0-420a-8b9b-95c5c21705de, startValue=2025-09-19T18:41, endValue=2025-09-19T20:41
[2025-09-21 06:22:44.946] INFO  [MultiTableRepo.sms] Setting timestamp parameters: start=2025-09-19 18:41:00.0, end=2025-09-19 20:41:00.0
[2025-09-21 06:22:44.946] INFO  [MultiTableRepo.sms] No results found in table sms_shard_01.sms_20250919
[2025-09-21 06:22:44.948] INFO  [MultiTableRepo.sms] Executing SQL: SELECT * FROM sms_shard_01.sms_20250918 WHERE id = ? AND created_at >= ? AND created_at < ?
[2025-09-21 06:22:44.948] INFO  [MultiTableRepo.sms] Parameters: id=5b230ad8-a536-43bd-b6ea-bba0cb5f260a, startValue=2025-09-18T02:39, endValue=2025-09-18T04:39
[2025-09-21 06:22:44.949] INFO  [MultiTableRepo.sms] Setting timestamp parameters: start=2025-09-18 02:39:00.0, end=2025-09-18 04:39:00.0
[2025-09-21 06:22:44.949] INFO  [MultiTableRepo.sms] No results found in table sms_shard_01.sms_20250918
[2025-09-21 06:22:44.951] INFO  [MultiTableRepo.sms] Executing SQL: SELECT * FROM sms_shard_01.sms_20250917 WHERE id = ? AND created_at >= ? AND created_at < ?
[2025-09-21 06:22:44.951] INFO  [MultiTableRepo.sms] Parameters: id=90c7cacd-35b3-419c-9fa8-cab270d5f030, startValue=2025-09-17T20:00:59, endValue=2025-09-17T20:01:01
[2025-09-21 06:22:44.952] INFO  [MultiTableRepo.sms] Setting timestamp parameters: start=2025-09-17 20:00:59.0, end=2025-09-17 20:01:01.0
[2025-09-21 06:22:44.952] INFO  [MultiTableRepo.sms] No results found in table sms_shard_01.sms_20250917
[2025-09-21 06:22:44.955] INFO  [MultiTableRepo.sms] Executing SQL: SELECT * FROM sms_shard_01.sms_20250921 WHERE id = ? AND created_at >= ? AND created_at < ?
[2025-09-21 06:22:44.955] INFO  [MultiTableRepo.sms] Parameters: id=e0ad7c82-d9a3-4b28-aed2-b4ffbd005393, startValue=2025-09-21T14:41, endValue=2025-09-21T16:41
[2025-09-21 06:22:44.956] INFO  [MultiTableRepo.sms] Setting timestamp parameters: start=2025-09-21 14:41:00.0, end=2025-09-21 16:41:00.0
[2025-09-21 06:22:44.957] INFO  [MultiTableRepo.sms] No results found in table sms_shard_01.sms_20250921
[2025-09-21 06:22:44.958] INFO  [MultiTableRepo.sms] Executing SQL: SELECT * FROM sms_shard_01.sms_20250921 WHERE id = ? AND created_at >= ? AND created_at < ?
[2025-09-21 06:22:44.958] INFO  [MultiTableRepo.sms] Parameters: id=24ae0e74-7961-4d2e-95db-14f82c37cf0b, startValue=2025-09-21T02:05, endValue=2025-09-21T02:07
[2025-09-21 06:22:44.959] INFO  [MultiTableRepo.sms] Setting timestamp parameters: start=2025-09-21 02:05:00.0, end=2025-09-21 02:07:00.0
[2025-09-21 06:22:44.959] INFO  [MultiTableRepo.sms] No results found in table sms_shard_01.sms_20250921
[2025-09-21 06:22:44.961] INFO  [MultiTableRepo.sms] Executing SQL: SELECT * FROM sms_shard_01.sms_20250919 WHERE id = ? AND created_at >= ? AND created_at < ?
[2025-09-21 06:22:44.961] INFO  [MultiTableRepo.sms] Parameters: id=0a15d196-595a-4d18-a51c-b9f2cd89f400, startValue=2025-09-19T15:14, endValue=2025-09-19T15:16
[2025-09-21 06:22:44.962] INFO  [MultiTableRepo.sms] Setting timestamp parameters: start=2025-09-19 15:14:00.0, end=2025-09-19 15:16:00.0
[2025-09-21 06:22:44.962] INFO  [MultiTableRepo.sms] No results found in table sms_shard_01.sms_20250919
[2025-09-21 06:22:44.963] INFO  [MultiTableRepo.sms] Executing SQL: SELECT * FROM sms_shard_01.sms_20250919 WHERE id = ? AND created_at >= ? AND created_at < ?
[2025-09-21 06:22:44.963] INFO  [MultiTableRepo.sms] Parameters: id=02342d92-4f2b-4232-8a04-619783875eb2, startValue=2025-09-19T16:24, endValue=2025-09-19T16:26
[2025-09-21 06:22:44.964] INFO  [MultiTableRepo.sms] Setting timestamp parameters: start=2025-09-19 16:24:00.0, end=2025-09-19 16:26:00.0
[2025-09-21 06:22:44.964] INFO  [MultiTableRepo.sms] No results found in table sms_shard_01.sms_20250919
[2025-09-21 06:22:44.966] INFO  [MultiTableRepo.sms] Executing SQL: SELECT * FROM sms_shard_01.sms_20250915 WHERE id = ? AND created_at >= ? AND created_at < ?
[2025-09-21 06:22:44.966] INFO  [MultiTableRepo.sms] Parameters: id=7cb00ef5-4d81-4c7d-908f-a166dae2577e, startValue=2025-09-15T16:45, endValue=2025-09-15T18:45
[2025-09-21 06:22:44.967] INFO  [MultiTableRepo.sms] Setting timestamp parameters: start=2025-09-15 16:45:00.0, end=2025-09-15 18:45:00.0
[2025-09-21 06:22:44.967] INFO  [MultiTableRepo.sms] No results found in table sms_shard_01.sms_20250915
[2025-09-21 06:22:44.969] INFO  [MultiTableRepo.sms] Executing SQL: SELECT * FROM sms_shard_01.sms_20250917 WHERE id = ? AND created_at >= ? AND created_at < ?
[2025-09-21 06:22:44.969] INFO  [MultiTableRepo.sms] Parameters: id=3801c969-7959-4f14-8cd2-55f9a87cb5e7, startValue=2025-09-17T01:10, endValue=2025-09-17T01:12
[2025-09-21 06:22:44.969] INFO  [MultiTableRepo.sms] Setting timestamp parameters: start=2025-09-17 01:10:00.0, end=2025-09-17 01:12:00.0
[2025-09-21 06:22:44.970] INFO  [MultiTableRepo.sms] No results found in table sms_shard_01.sms_20250917
[2025-09-21 06:22:44.971] INFO  [MultiTableRepo.sms] Executing SQL: SELECT * FROM sms_shard_01.sms_20250919 WHERE id = ? AND created_at >= ? AND created_at < ?
[2025-09-21 06:22:44.971] INFO  [MultiTableRepo.sms] Parameters: id=76e60bd5-feda-4ec5-8bc3-ecc46af98169, startValue=2025-09-19T12:34:59, endValue=2025-09-19T12:35:01
[2025-09-21 06:22:44.974] INFO  [MultiTableRepo.sms] Setting timestamp parameters: start=2025-09-19 12:34:59.0, end=2025-09-19 12:35:01.0
[2025-09-21 06:22:44.974] INFO  [MultiTableRepo.sms] No results found in table sms_shard_01.sms_20250919
[2025-09-21 06:22:44.975] INFO  [MultiTableRepo.sms] Executing SQL: SELECT * FROM sms_shard_01.sms_20250918 WHERE id = ? AND created_at >= ? AND created_at < ?
[2025-09-21 06:22:44.976] INFO  [MultiTableRepo.sms] Parameters: id=ddfbca58-697e-4e57-8227-e70d75d4df5b, startValue=2025-09-18T13:14, endValue=2025-09-18T13:16
[2025-09-21 06:22:44.977] INFO  [MultiTableRepo.sms] Setting timestamp parameters: start=2025-09-18 13:14:00.0, end=2025-09-18 13:16:00.0
[2025-09-21 06:22:44.977] INFO  [MultiTableRepo.sms] No results found in table sms_shard_01.sms_20250918
[2025-09-21 06:22:44.983] INFO  [MultiTableRepo.sms] Executing SQL: SELECT * FROM sms_shard_01.sms_20250915 WHERE id = ? AND created_at >= ? AND created_at < ?
[2025-09-21 06:22:44.983] INFO  [MultiTableRepo.sms] Parameters: id=61ca451d-489f-4a8f-a2a6-a1e5d251e34e, startValue=2025-09-15T19:43, endValue=2025-09-15T21:43
[2025-09-21 06:22:44.989] INFO  [MultiTableRepo.sms] Setting timestamp parameters: start=2025-09-15 19:43:00.0, end=2025-09-15 21:43:00.0
[2025-09-21 06:22:44.990] INFO  [MultiTableRepo.sms] No results found in table sms_shard_01.sms_20250915
[2025-09-21 06:22:44.992] INFO  [MultiTableRepo.sms] Executing SQL: SELECT * FROM sms_shard_01.sms_20250920 WHERE id = ? AND created_at >= ? AND created_at < ?
[2025-09-21 06:22:44.992] INFO  [MultiTableRepo.sms] Parameters: id=a7f231c2-3146-4629-b690-4cf480fee3db, startValue=2025-09-20T02:22, endValue=2025-09-20T04:22
[2025-09-21 06:22:44.997] INFO  [MultiTableRepo.sms] Setting timestamp parameters: start=2025-09-20 02:22:00.0, end=2025-09-20 04:22:00.0
[2025-09-21 06:22:44.998] INFO  [MultiTableRepo.sms] No results found in table sms_shard_01.sms_20250920
[2025-09-21 06:22:45.000] INFO  [MultiTableRepo.sms] Executing SQL: SELECT * FROM sms_shard_01.sms_20250917 WHERE id = ? AND created_at >= ? AND created_at < ?
[2025-09-21 06:22:45.000] INFO  [MultiTableRepo.sms] Parameters: id=93ec4935-89a1-4819-9718-82d723c5a0e9, startValue=2025-09-17T04:17:59, endValue=2025-09-17T04:18:01
[2025-09-21 06:22:45.002] INFO  [MultiTableRepo.sms] Setting timestamp parameters: start=2025-09-17 04:17:59.0, end=2025-09-17 04:18:01.0
[2025-09-21 06:22:45.003] INFO  [MultiTableRepo.sms] No results found in table sms_shard_01.sms_20250917
[2025-09-21 06:22:45.013] INFO  [MultiTableRepo.sms] Executing SQL: SELECT * FROM sms_shard_01.sms_20250920 WHERE id = ? AND created_at >= ? AND created_at < ?
[2025-09-21 06:22:45.014] INFO  [MultiTableRepo.sms] Parameters: id=17542498-96de-4935-852a-3cc1253587da, startValue=2025-09-20T17:43, endValue=2025-09-20T19:43
[2025-09-21 06:22:45.018] INFO  [MultiTableRepo.sms] Setting timestamp parameters: start=2025-09-20 17:43:00.0, end=2025-09-20 19:43:00.0
[2025-09-21 06:22:45.018] INFO  [MultiTableRepo.sms] No results found in table sms_shard_01.sms_20250920
[2025-09-21 06:22:45.023] INFO  [MultiTableRepo.sms] Executing SQL: SELECT * FROM sms_shard_01.sms_20250919 WHERE id = ? AND created_at >= ? AND created_at < ?
[2025-09-21 06:22:45.023] INFO  [MultiTableRepo.sms] Parameters: id=6da65d69-8154-41e0-882d-fc9f5796fd0e, startValue=2025-09-19T00:51, endValue=2025-09-19T02:51
[2025-09-21 06:22:45.026] INFO  [MultiTableRepo.sms] Setting timestamp parameters: start=2025-09-19 00:51:00.0, end=2025-09-19 02:51:00.0
[2025-09-21 06:22:45.027] INFO  [MultiTableRepo.sms] No results found in table sms_shard_01.sms_20250919
[2025-09-21 06:22:45.029] INFO  [MultiTableRepo.sms] Executing SQL: SELECT * FROM sms_shard_01.sms_20250916 WHERE id = ? AND created_at >= ? AND created_at < ?
[2025-09-21 06:22:45.029] INFO  [MultiTableRepo.sms] Parameters: id=4b556d05-acf6-43db-a83e-fab01979de8d, startValue=2025-09-16T09:06:59, endValue=2025-09-16T09:07:01
[2025-09-21 06:22:45.030] INFO  [MultiTableRepo.sms] Setting timestamp parameters: start=2025-09-16 09:06:59.0, end=2025-09-16 09:07:01.0
[2025-09-21 06:22:45.030] INFO  [MultiTableRepo.sms] No results found in table sms_shard_01.sms_20250916
[2025-09-21 06:22:45.032] INFO  [MultiTableRepo.sms] Executing SQL: SELECT * FROM sms_shard_01.sms_20250915 WHERE id = ? AND created_at >= ? AND created_at < ?
[2025-09-21 06:22:45.032] INFO  [MultiTableRepo.sms] Parameters: id=6cfe5453-ee74-4063-8d3a-50c3de824877, startValue=2025-09-15T09:06, endValue=2025-09-15T09:08
[2025-09-21 06:22:45.033] INFO  [MultiTableRepo.sms] Setting timestamp parameters: start=2025-09-15 09:06:00.0, end=2025-09-15 09:08:00.0
[2025-09-21 06:22:45.034] INFO  [MultiTableRepo.sms] No results found in table sms_shard_01.sms_20250915
[2025-09-21 06:22:45.035] INFO  [MultiTableRepo.sms] Executing SQL: SELECT * FROM sms_shard_01.sms_20250915 WHERE id = ? AND created_at >= ? AND created_at < ?
[2025-09-21 06:22:45.036] INFO  [MultiTableRepo.sms] Parameters: id=466e54d8-dcda-4b64-805f-9b9f613da2ca, startValue=2025-09-15T17:25, endValue=2025-09-15T19:25
[2025-09-21 06:22:45.037] INFO  [MultiTableRepo.sms] Setting timestamp parameters: start=2025-09-15 17:25:00.0, end=2025-09-15 19:25:00.0
[2025-09-21 06:22:45.037] INFO  [MultiTableRepo.sms] No results found in table sms_shard_01.sms_20250915
[2025-09-21 06:22:45.039] INFO  [MultiTableRepo.sms] Executing SQL: SELECT * FROM sms_shard_01.sms_20250920 WHERE id = ? AND created_at >= ? AND created_at < ?
[2025-09-21 06:22:45.039] INFO  [MultiTableRepo.sms] Parameters: id=6c7ac9f1-f5c0-4e8d-a1b1-387efa2ce7b6, startValue=2025-09-20T16:20:59, endValue=2025-09-20T16:21:01
[2025-09-21 06:22:45.042] INFO  [MultiTableRepo.sms] Setting timestamp parameters: start=2025-09-20 16:20:59.0, end=2025-09-20 16:21:01.0
[2025-09-21 06:22:45.043] INFO  [MultiTableRepo.sms] No results found in table sms_shard_01.sms_20250920
[2025-09-21 06:22:45.044] INFO  [MultiTableRepo.sms] Executing SQL: SELECT * FROM sms_shard_01.sms_20250921 WHERE id = ? AND created_at >= ? AND created_at < ?
[2025-09-21 06:22:45.044] INFO  [MultiTableRepo.sms] Parameters: id=601c6cb8-dbb5-4bda-beb9-ae089e7c4f9c, startValue=2025-09-21T22:27:59, endValue=2025-09-21T22:28:01
[2025-09-21 06:22:45.045] INFO  [MultiTableRepo.sms] Setting timestamp parameters: start=2025-09-21 22:27:59.0, end=2025-09-21 22:28:01.0
[2025-09-21 06:22:45.046] INFO  [MultiTableRepo.sms] No results found in table sms_shard_01.sms_20250921
[2025-09-21 06:22:45.047] INFO  [MultiTableRepo.sms] Executing SQL: SELECT * FROM sms_shard_01.sms_20250915 WHERE id = ? AND created_at >= ? AND created_at < ?
[2025-09-21 06:22:45.047] INFO  [MultiTableRepo.sms] Parameters: id=3efe82fd-1a16-4f7b-93a7-006350aeb400, startValue=2025-09-15T08:15, endValue=2025-09-15T08:17
[2025-09-21 06:22:45.051] INFO  [MultiTableRepo.sms] Setting timestamp parameters: start=2025-09-15 08:15:00.0, end=2025-09-15 08:17:00.0
[2025-09-21 06:22:45.051] INFO  [MultiTableRepo.sms] No results found in table sms_shard_01.sms_20250915
[2025-09-21 06:22:45.055] INFO  [MultiTableRepo.sms] Executing SQL: SELECT * FROM sms_shard_01.sms_20250920 WHERE id = ? AND created_at >= ? AND created_at < ?
[2025-09-21 06:22:45.055] INFO  [MultiTableRepo.sms] Parameters: id=099a6146-34b6-4341-911c-e0c2314ad411, startValue=2025-09-20T00:57, endValue=2025-09-20T00:59
[2025-09-21 06:22:45.057] INFO  [MultiTableRepo.sms] Setting timestamp parameters: start=2025-09-20 00:57:00.0, end=2025-09-20 00:59:00.0
[2025-09-21 06:22:45.058] INFO  [MultiTableRepo.sms] No results found in table sms_shard_01.sms_20250920
[2025-09-21 06:22:45.060] INFO  [MultiTableRepo.sms] Executing SQL: SELECT * FROM sms_shard_01.sms_20250916 WHERE id = ? AND created_at >= ? AND created_at < ?
[2025-09-21 06:22:45.060] INFO  [MultiTableRepo.sms] Parameters: id=aaa34689-47c1-4f37-a9c1-b716e20eaaad, startValue=2025-09-16T11:47, endValue=2025-09-16T13:47
[2025-09-21 06:22:45.061] INFO  [MultiTableRepo.sms] Setting timestamp parameters: start=2025-09-16 11:47:00.0, end=2025-09-16 13:47:00.0
[2025-09-21 06:22:45.062] INFO  [MultiTableRepo.sms] No results found in table sms_shard_01.sms_20250916
[2025-09-21 06:22:45.065] INFO  [MultiTableRepo.sms] Executing SQL: SELECT * FROM sms_shard_01.sms_20250919 WHERE id = ? AND created_at >= ? AND created_at < ?
[2025-09-21 06:22:45.065] INFO  [MultiTableRepo.sms] Parameters: id=b6e8a1fb-2a91-4712-86fc-c448fabd07ce, startValue=2025-09-19T18:38, endValue=2025-09-19T20:38
[2025-09-21 06:22:45.066] INFO  [MultiTableRepo.sms] Setting timestamp parameters: start=2025-09-19 18:38:00.0, end=2025-09-19 20:38:00.0
[2025-09-21 06:22:45.067] INFO  [MultiTableRepo.sms] No results found in table sms_shard_01.sms_20250919
[2025-09-21 06:22:45.068] INFO  [MultiTableRepo.sms] Executing SQL: SELECT * FROM sms_shard_01.sms_20250915 WHERE id = ? AND created_at >= ? AND created_at < ?
[2025-09-21 06:22:45.068] INFO  [MultiTableRepo.sms] Parameters: id=003ab58c-0622-41f4-be12-874abe717028, startValue=2025-09-15T19:02:59, endValue=2025-09-15T19:03:01
[2025-09-21 06:22:45.069] INFO  [MultiTableRepo.sms] Setting timestamp parameters: start=2025-09-15 19:02:59.0, end=2025-09-15 19:03:01.0
[2025-09-21 06:22:45.069] INFO  [MultiTableRepo.sms] No results found in table sms_shard_01.sms_20250915
[2025-09-21 06:22:45.071] INFO  [MultiTableRepo.sms] Executing SQL: SELECT * FROM sms_shard_01.sms_20250920 WHERE id = ? AND created_at >= ? AND created_at < ?
[2025-09-21 06:22:45.071] INFO  [MultiTableRepo.sms] Parameters: id=4f5fdafc-c431-4b29-8851-e7d79ebdc2b8, startValue=2025-09-20T11:36, endValue=2025-09-20T13:36
[2025-09-21 06:22:45.072] INFO  [MultiTableRepo.sms] Setting timestamp parameters: start=2025-09-20 11:36:00.0, end=2025-09-20 13:36:00.0
[2025-09-21 06:22:45.072] INFO  [MultiTableRepo.sms] No results found in table sms_shard_01.sms_20250920
[2025-09-21 06:22:45.074] INFO  [MultiTableRepo.sms] Executing SQL: SELECT * FROM sms_shard_01.sms_20250919 WHERE id = ? AND created_at >= ? AND created_at < ?
[2025-09-21 06:22:45.074] INFO  [MultiTableRepo.sms] Parameters: id=5d987909-97b1-457f-b92c-2ba5b69ee452, startValue=2025-09-19T04:48, endValue=2025-09-19T04:50
[2025-09-21 06:22:45.075] INFO  [MultiTableRepo.sms] Setting timestamp parameters: start=2025-09-19 04:48:00.0, end=2025-09-19 04:50:00.0
[2025-09-21 06:22:45.075] INFO  [MultiTableRepo.sms] No results found in table sms_shard_01.sms_20250919
[2025-09-21 06:22:45.077] INFO  [MultiTableRepo.sms] Executing SQL: SELECT * FROM sms_shard_01.sms_20250915 WHERE id = ? AND created_at >= ? AND created_at < ?
[2025-09-21 06:22:45.077] INFO  [MultiTableRepo.sms] Parameters: id=d151dc3e-7028-44b0-bbad-7edaa7eb925d, startValue=2025-09-15T22:54, endValue=2025-09-16T00:54
[2025-09-21 06:22:45.078] INFO  [MultiTableRepo.sms] Setting timestamp parameters: start=2025-09-15 22:54:00.0, end=2025-09-16 00:54:00.0
[2025-09-21 06:22:45.078] INFO  [MultiTableRepo.sms] No results found in table sms_shard_01.sms_20250915
[2025-09-21 06:22:45.080] INFO  [MultiTableRepo.sms] Executing SQL: SELECT * FROM sms_shard_01.sms_20250916 WHERE id = ? AND created_at >= ? AND created_at < ?
[2025-09-21 06:22:45.080] INFO  [MultiTableRepo.sms] Parameters: id=d151dc3e-7028-44b0-bbad-7edaa7eb925d, startValue=2025-09-15T22:54, endValue=2025-09-16T00:54
[2025-09-21 06:22:45.083] INFO  [MultiTableRepo.sms] Setting timestamp parameters: start=2025-09-15 22:54:00.0, end=2025-09-16 00:54:00.0
[2025-09-21 06:22:45.083] INFO  [MultiTableRepo.sms] No results found in table sms_shard_01.sms_20250916
[2025-09-21 06:22:45.085] INFO  [MultiTableRepo.sms] Executing SQL: SELECT * FROM sms_shard_01.sms_20250920 WHERE id = ? AND created_at >= ? AND created_at < ?
[2025-09-21 06:22:45.085] INFO  [MultiTableRepo.sms] Parameters: id=f272fd00-7b4b-4139-b77b-fab100bd4a23, startValue=2025-09-20T13:25, endValue=2025-09-20T13:27
[2025-09-21 06:22:45.086] INFO  [MultiTableRepo.sms] Setting timestamp parameters: start=2025-09-20 13:25:00.0, end=2025-09-20 13:27:00.0
[2025-09-21 06:22:45.086] INFO  [MultiTableRepo.sms] No results found in table sms_shard_01.sms_20250920
[2025-09-21 06:22:45.087] INFO  [MultiTableRepo.sms] Executing SQL: SELECT * FROM sms_shard_01.sms_20250915 WHERE id = ? AND created_at >= ? AND created_at < ?
[2025-09-21 06:22:45.088] INFO  [MultiTableRepo.sms] Parameters: id=aef761d9-debe-427f-a1e2-66420edb564d, startValue=2025-09-15T16:15, endValue=2025-09-15T16:17
[2025-09-21 06:22:45.089] INFO  [MultiTableRepo.sms] Setting timestamp parameters: start=2025-09-15 16:15:00.0, end=2025-09-15 16:17:00.0
[2025-09-21 06:22:45.089] INFO  [MultiTableRepo.sms] No results found in table sms_shard_01.sms_20250915
[2025-09-21 06:22:45.090] INFO  [MultiTableRepo.sms] Executing SQL: SELECT * FROM sms_shard_01.sms_20250918 WHERE id = ? AND created_at >= ? AND created_at < ?
[2025-09-21 06:22:45.090] INFO  [MultiTableRepo.sms] Parameters: id=0a53ae87-4268-4c0a-851e-ee8ca70ac9e0, startValue=2025-09-18T13:02:59, endValue=2025-09-18T13:03:01
[2025-09-21 06:22:45.091] INFO  [MultiTableRepo.sms] Setting timestamp parameters: start=2025-09-18 13:02:59.0, end=2025-09-18 13:03:01.0
[2025-09-21 06:22:45.092] INFO  [MultiTableRepo.sms] No results found in table sms_shard_01.sms_20250918
[2025-09-21 06:22:45.093] INFO  [MultiTableRepo.sms] Executing SQL: SELECT * FROM sms_shard_01.sms_20250915 WHERE id = ? AND created_at >= ? AND created_at < ?
[2025-09-21 06:22:45.093] INFO  [MultiTableRepo.sms] Parameters: id=6665714b-b01e-44a4-9854-92c23c927dac, startValue=2025-09-15T12:43, endValue=2025-09-15T12:45
[2025-09-21 06:22:45.094] INFO  [MultiTableRepo.sms] Setting timestamp parameters: start=2025-09-15 12:43:00.0, end=2025-09-15 12:45:00.0
[2025-09-21 06:22:45.095] INFO  [MultiTableRepo.sms] No results found in table sms_shard_01.sms_20250915
[2025-09-21 06:22:45.096] INFO  [MultiTableRepo.sms] Executing SQL: SELECT * FROM sms_shard_01.sms_20250918 WHERE id = ? AND created_at >= ? AND created_at < ?
[2025-09-21 06:22:45.096] INFO  [MultiTableRepo.sms] Parameters: id=8d955991-f6a4-4f95-be04-0e532319be4d, startValue=2025-09-18T08:21, endValue=2025-09-18T08:23
[2025-09-21 06:22:45.097] INFO  [MultiTableRepo.sms] Setting timestamp parameters: start=2025-09-18 08:21:00.0, end=2025-09-18 08:23:00.0
[2025-09-21 06:22:45.098] INFO  [MultiTableRepo.sms] No results found in table sms_shard_01.sms_20250918
[2025-09-21 06:22:45.099] INFO  [MultiTableRepo.sms] Executing SQL: SELECT * FROM sms_shard_01.sms_20250918 WHERE id = ? AND created_at >= ? AND created_at < ?
[2025-09-21 06:22:45.099] INFO  [MultiTableRepo.sms] Parameters: id=e8e4d5c3-888a-46c7-b96e-3bd5baf64f3f, startValue=2025-09-18T11:59:59, endValue=2025-09-18T12:00:01
[2025-09-21 06:22:45.102] INFO  [MultiTableRepo.sms] Setting timestamp parameters: start=2025-09-18 11:59:59.0, end=2025-09-18 12:00:01.0
[2025-09-21 06:22:45.102] INFO  [MultiTableRepo.sms] No results found in table sms_shard_01.sms_20250918
[2025-09-21 06:22:45.108] INFO  [MultiTableRepo.sms] Executing SQL: SELECT * FROM sms_shard_01.sms_20250920 WHERE id = ? AND created_at >= ? AND created_at < ?
[2025-09-21 06:22:45.108] INFO  [MultiTableRepo.sms] Parameters: id=66bb6f50-ed60-44d4-a330-f955aad6fa38, startValue=2025-09-20T08:45, endValue=2025-09-20T10:45
[2025-09-21 06:22:45.112] INFO  [MultiTableRepo.sms] Setting timestamp parameters: start=2025-09-20 08:45:00.0, end=2025-09-20 10:45:00.0
[2025-09-21 06:22:45.112] INFO  [MultiTableRepo.sms] No results found in table sms_shard_01.sms_20250920
[2025-09-21 06:22:45.114] INFO  [MultiTableRepo.sms] Executing SQL: SELECT * FROM sms_shard_01.sms_20250918 WHERE id = ? AND created_at >= ? AND created_at < ?
[2025-09-21 06:22:45.114] INFO  [MultiTableRepo.sms] Parameters: id=98d42d36-0bc6-4bf6-958d-69fd7a9d103c, startValue=2025-09-18T05:26, endValue=2025-09-18T05:28
[2025-09-21 06:22:45.118] INFO  [MultiTableRepo.sms] Setting timestamp parameters: start=2025-09-18 05:26:00.0, end=2025-09-18 05:28:00.0
[2025-09-21 06:22:45.118] INFO  [MultiTableRepo.sms] No results found in table sms_shard_01.sms_20250918
[2025-09-21 06:22:45.120] INFO  [MultiTableRepo.sms] Executing SQL: SELECT * FROM sms_shard_01.sms_20250916 WHERE id = ? AND created_at >= ? AND created_at < ?
[2025-09-21 06:22:45.120] INFO  [MultiTableRepo.sms] Parameters: id=32eba2fb-df10-44e7-a0ee-45f0dfd2cfdf, startValue=2025-09-16T22:30:59, endValue=2025-09-16T22:31:01
[2025-09-21 06:22:45.121] INFO  [MultiTableRepo.sms] Setting timestamp parameters: start=2025-09-16 22:30:59.0, end=2025-09-16 22:31:01.0
[2025-09-21 06:22:45.121] INFO  [MultiTableRepo.sms] No results found in table sms_shard_01.sms_20250916
[2025-09-21 06:22:45.122] INFO  [MultiTableRepo.sms] Executing SQL: SELECT * FROM sms_shard_01.sms_20250919 WHERE id = ? AND created_at >= ? AND created_at < ?
[2025-09-21 06:22:45.122] INFO  [MultiTableRepo.sms] Parameters: id=38c93894-4210-4220-a6dc-7d713881e1e2, startValue=2025-09-19T09:36, endValue=2025-09-19T09:38
[2025-09-21 06:22:45.124] INFO  [MultiTableRepo.sms] Setting timestamp parameters: start=2025-09-19 09:36:00.0, end=2025-09-19 09:38:00.0
[2025-09-21 06:22:45.124] INFO  [MultiTableRepo.sms] No results found in table sms_shard_01.sms_20250919
[2025-09-21 06:22:45.127] INFO  [MultiTableRepo.sms] Executing SQL: SELECT * FROM sms_shard_01.sms_20250920 WHERE id = ? AND created_at >= ? AND created_at < ?
[2025-09-21 06:22:45.127] INFO  [MultiTableRepo.sms] Parameters: id=4ce7d056-f78a-471b-929b-9e5fef2214be, startValue=2025-09-20T02:42, endValue=2025-09-20T04:42
[2025-09-21 06:22:45.128] INFO  [MultiTableRepo.sms] Setting timestamp parameters: start=2025-09-20 02:42:00.0, end=2025-09-20 04:42:00.0
[2025-09-21 06:22:45.128] INFO  [MultiTableRepo.sms] No results found in table sms_shard_01.sms_20250920
[2025-09-21 06:22:45.130] INFO  [MultiTableRepo.sms] Executing SQL: SELECT * FROM sms_shard_01.sms_20250916 WHERE id = ? AND created_at >= ? AND created_at < ?
[2025-09-21 06:22:45.130] INFO  [MultiTableRepo.sms] Parameters: id=00f3e420-97f1-4652-87be-a2cf397af91c, startValue=2025-09-16T19:09:59, endValue=2025-09-16T19:10:01
[2025-09-21 06:22:45.131] INFO  [MultiTableRepo.sms] Setting timestamp parameters: start=2025-09-16 19:09:59.0, end=2025-09-16 19:10:01.0
[2025-09-21 06:22:45.131] INFO  [MultiTableRepo.sms] No results found in table sms_shard_01.sms_20250916
[2025-09-21 06:22:45.132] INFO  [MultiTableRepo.sms] Executing SQL: SELECT * FROM sms_shard_01.sms_20250916 WHERE id = ? AND created_at >= ? AND created_at < ?
[2025-09-21 06:22:45.132] INFO  [MultiTableRepo.sms] Parameters: id=4d9f29d8-a169-4042-b451-0feaac4c84ce, startValue=2025-09-16T22:40:59, endValue=2025-09-16T22:41:01
[2025-09-21 06:22:45.133] INFO  [MultiTableRepo.sms] Setting timestamp parameters: start=2025-09-16 22:40:59.0, end=2025-09-16 22:41:01.0
[2025-09-21 06:22:45.133] INFO  [MultiTableRepo.sms] No results found in table sms_shard_01.sms_20250916
[2025-09-21 06:22:45.135] INFO  [MultiTableRepo.sms] Executing SQL: SELECT * FROM sms_shard_01.sms_20250920 WHERE id = ? AND created_at >= ? AND created_at < ?
[2025-09-21 06:22:45.135] INFO  [MultiTableRepo.sms] Parameters: id=4939f5ee-0afc-4692-b9fe-c04e78c42b18, startValue=2025-09-20T21:25, endValue=2025-09-20T23:25
[2025-09-21 06:22:45.136] INFO  [MultiTableRepo.sms] Setting timestamp parameters: start=2025-09-20 21:25:00.0, end=2025-09-20 23:25:00.0
[2025-09-21 06:22:45.136] INFO  [MultiTableRepo.sms] No results found in table sms_shard_01.sms_20250920
[2025-09-21 06:22:45.138] INFO  [MultiTableRepo.sms] Executing SQL: SELECT * FROM sms_shard_01.sms_20250917 WHERE id = ? AND created_at >= ? AND created_at < ?
[2025-09-21 06:22:45.138] INFO  [MultiTableRepo.sms] Parameters: id=e6ae6d4f-6087-47e9-9347-ba77d58e4d96, startValue=2025-09-17T16:07, endValue=2025-09-17T18:07
[2025-09-21 06:22:45.139] INFO  [MultiTableRepo.sms] Setting timestamp parameters: start=2025-09-17 16:07:00.0, end=2025-09-17 18:07:00.0
[2025-09-21 06:22:45.139] INFO  [MultiTableRepo.sms] No results found in table sms_shard_01.sms_20250917
[2025-09-21 06:22:45.140] INFO  [MultiTableRepo.sms] Executing SQL: SELECT * FROM sms_shard_01.sms_20250919 WHERE id = ? AND created_at >= ? AND created_at < ?
[2025-09-21 06:22:45.140] INFO  [MultiTableRepo.sms] Parameters: id=927059dc-6a3d-49fa-8513-bf9e71190d26, startValue=2025-09-19T02:19, endValue=2025-09-19T04:19
[2025-09-21 06:22:45.141] INFO  [MultiTableRepo.sms] Setting timestamp parameters: start=2025-09-19 02:19:00.0, end=2025-09-19 04:19:00.0
[2025-09-21 06:22:45.141] INFO  [MultiTableRepo.sms] No results found in table sms_shard_01.sms_20250919
[2025-09-21 06:22:45.142] INFO  [MultiTableRepo.sms] Executing SQL: SELECT * FROM sms_shard_01.sms_20250916 WHERE id = ? AND created_at >= ? AND created_at < ?
[2025-09-21 06:22:45.142] INFO  [MultiTableRepo.sms] Parameters: id=08ed9502-c865-4bc9-9312-99e4763ff5ae, startValue=2025-09-16T01:24, endValue=2025-09-16T03:24
[2025-09-21 06:22:45.143] INFO  [MultiTableRepo.sms] Setting timestamp parameters: start=2025-09-16 01:24:00.0, end=2025-09-16 03:24:00.0
[2025-09-21 06:22:45.143] INFO  [MultiTableRepo.sms] No results found in table sms_shard_01.sms_20250916
[2025-09-21 06:22:45.145] INFO  [MultiTableRepo.sms] Executing SQL: SELECT * FROM sms_shard_01.sms_20250916 WHERE id = ? AND created_at >= ? AND created_at < ?
[2025-09-21 06:22:45.145] INFO  [MultiTableRepo.sms] Parameters: id=9a5a9242-86c5-4ccb-b34b-7e27b60a5d2c, startValue=2025-09-16T20:27:59, endValue=2025-09-16T20:28:01
[2025-09-21 06:22:45.145] INFO  [MultiTableRepo.sms] Setting timestamp parameters: start=2025-09-16 20:27:59.0, end=2025-09-16 20:28:01.0
[2025-09-21 06:22:45.146] INFO  [MultiTableRepo.sms] No results found in table sms_shard_01.sms_20250916
[2025-09-21 06:22:45.147] INFO  [MultiTableRepo.sms] Executing SQL: SELECT * FROM sms_shard_01.sms_20250919 WHERE id = ? AND created_at >= ? AND created_at < ?
[2025-09-21 06:22:45.147] INFO  [MultiTableRepo.sms] Parameters: id=922df918-bf78-4853-835d-13da54466fbc, startValue=2025-09-19T16:31, endValue=2025-09-19T16:33
[2025-09-21 06:22:45.148] INFO  [MultiTableRepo.sms] Setting timestamp parameters: start=2025-09-19 16:31:00.0, end=2025-09-19 16:33:00.0
[2025-09-21 06:22:45.148] INFO  [MultiTableRepo.sms] No results found in table sms_shard_01.sms_20250919
[2025-09-21 06:22:45.149] INFO  [MultiTableRepo.sms] Executing SQL: SELECT * FROM sms_shard_01.sms_20250915 WHERE id = ? AND created_at >= ? AND created_at < ?
[2025-09-21 06:22:45.149] INFO  [MultiTableRepo.sms] Parameters: id=0f2d8752-c2e7-4ba4-a235-219639ebb9f6, startValue=2025-09-15T04:34, endValue=2025-09-15T06:34
[2025-09-21 06:22:45.150] INFO  [MultiTableRepo.sms] Setting timestamp parameters: start=2025-09-15 04:34:00.0, end=2025-09-15 06:34:00.0
[2025-09-21 06:22:45.151] INFO  [MultiTableRepo.sms] No results found in table sms_shard_01.sms_20250915
[2025-09-21 06:22:45.152] INFO  [MultiTableRepo.sms] Executing SQL: SELECT * FROM sms_shard_01.sms_20250917 WHERE id = ? AND created_at >= ? AND created_at < ?
[2025-09-21 06:22:45.152] INFO  [MultiTableRepo.sms] Parameters: id=6b0242ab-1f93-4627-a814-86587f447b08, startValue=2025-09-17T03:22:59, endValue=2025-09-17T03:23:01
[2025-09-21 06:22:45.153] INFO  [MultiTableRepo.sms] Setting timestamp parameters: start=2025-09-17 03:22:59.0, end=2025-09-17 03:23:01.0
[2025-09-21 06:22:45.153] INFO  [MultiTableRepo.sms] No results found in table sms_shard_01.sms_20250917
[2025-09-21 06:22:45.154] INFO  [MultiTableRepo.sms] Executing SQL: SELECT * FROM sms_shard_01.sms_20250921 WHERE id = ? AND created_at >= ? AND created_at < ?
[2025-09-21 06:22:45.154] INFO  [MultiTableRepo.sms] Parameters: id=2391aa1a-1846-4152-ba22-fa9155efc984, startValue=2025-09-21T10:22, endValue=2025-09-21T12:22
[2025-09-21 06:22:45.155] INFO  [MultiTableRepo.sms] Setting timestamp parameters: start=2025-09-21 10:22:00.0, end=2025-09-21 12:22:00.0
[2025-09-21 06:22:45.155] INFO  [MultiTableRepo.sms] No results found in table sms_shard_01.sms_20250921
[2025-09-21 06:22:45.156] INFO  [MultiTableRepo.sms] Executing SQL: SELECT * FROM sms_shard_01.sms_20250916 WHERE id = ? AND created_at >= ? AND created_at < ?
[2025-09-21 06:22:45.156] INFO  [MultiTableRepo.sms] Parameters: id=cb7735af-2350-456c-9dc2-ac56cd6e2ed3, startValue=2025-09-16T16:33, endValue=2025-09-16T16:35
[2025-09-21 06:22:45.157] INFO  [MultiTableRepo.sms] Setting timestamp parameters: start=2025-09-16 16:33:00.0, end=2025-09-16 16:35:00.0
[2025-09-21 06:22:45.158] INFO  [MultiTableRepo.sms] No results found in table sms_shard_01.sms_20250916
[2025-09-21 06:22:45.159] INFO  [MultiTableRepo.sms] Executing SQL: SELECT * FROM sms_shard_01.sms_20250916 WHERE id = ? AND created_at >= ? AND created_at < ?
[2025-09-21 06:22:45.159] INFO  [MultiTableRepo.sms] Parameters: id=950ad1a5-bf86-45b8-b377-b50e5ef8a343, startValue=2025-09-16T06:48:59, endValue=2025-09-16T06:49:01
[2025-09-21 06:22:45.160] INFO  [MultiTableRepo.sms] Setting timestamp parameters: start=2025-09-16 06:48:59.0, end=2025-09-16 06:49:01.0
[2025-09-21 06:22:45.161] INFO  [MultiTableRepo.sms] No results found in table sms_shard_01.sms_20250916
[2025-09-21 06:22:45.162] INFO  [MultiTableRepo.sms] Executing SQL: SELECT * FROM sms_shard_01.sms_20250918 WHERE id = ? AND created_at >= ? AND created_at < ?
[2025-09-21 06:22:45.162] INFO  [MultiTableRepo.sms] Parameters: id=7643d587-ffc0-4683-9bfc-634a695c2682, startValue=2025-09-18T19:12, endValue=2025-09-18T19:14
[2025-09-21 06:22:45.163] INFO  [MultiTableRepo.sms] Setting timestamp parameters: start=2025-09-18 19:12:00.0, end=2025-09-18 19:14:00.0
[2025-09-21 06:22:45.163] INFO  [MultiTableRepo.sms] No results found in table sms_shard_01.sms_20250918
[2025-09-21 06:22:45.165] INFO  [MultiTableRepo.sms] Executing SQL: SELECT * FROM sms_shard_01.sms_20250921 WHERE id = ? AND created_at >= ? AND created_at < ?
[2025-09-21 06:22:45.165] INFO  [MultiTableRepo.sms] Parameters: id=e5a229d3-81b3-4d47-9c50-b01eb45b5b66, startValue=2025-09-21T16:41, endValue=2025-09-21T18:41
[2025-09-21 06:22:45.166] INFO  [MultiTableRepo.sms] Setting timestamp parameters: start=2025-09-21 16:41:00.0, end=2025-09-21 18:41:00.0
[2025-09-21 06:22:45.166] INFO  [MultiTableRepo.sms] No results found in table sms_shard_01.sms_20250921
[2025-09-21 06:22:45.167] INFO  [MultiTableRepo.sms] Executing SQL: SELECT * FROM sms_shard_01.sms_20250915 WHERE id = ? AND created_at >= ? AND created_at < ?
[2025-09-21 06:22:45.167] INFO  [MultiTableRepo.sms] Parameters: id=dc38793c-6953-49a2-9ce4-44f739822ee4, startValue=2025-09-15T02:58:59, endValue=2025-09-15T02:59:01
[2025-09-21 06:22:45.172] INFO  [MultiTableRepo.sms] Setting timestamp parameters: start=2025-09-15 02:58:59.0, end=2025-09-15 02:59:01.0
[2025-09-21 06:22:45.172] INFO  [MultiTableRepo.sms] No results found in table sms_shard_01.sms_20250915
[2025-09-21 06:22:45.174] INFO  [MultiTableRepo.sms] Executing SQL: SELECT * FROM sms_shard_01.sms_20250918 WHERE id = ? AND created_at >= ? AND created_at < ?
[2025-09-21 06:22:45.174] INFO  [MultiTableRepo.sms] Parameters: id=70a2c2c6-3ab2-4fb5-9e86-8d125c9b3b15, startValue=2025-09-18T21:08, endValue=2025-09-18T23:08
[2025-09-21 06:22:45.175] INFO  [MultiTableRepo.sms] Setting timestamp parameters: start=2025-09-18 21:08:00.0, end=2025-09-18 23:08:00.0
[2025-09-21 06:22:45.175] INFO  [MultiTableRepo.sms] No results found in table sms_shard_01.sms_20250918
[2025-09-21 06:22:45.177] INFO  [MultiTableRepo.sms] Executing SQL: SELECT * FROM sms_shard_01.sms_20250915 WHERE id = ? AND created_at >= ? AND created_at < ?
[2025-09-21 06:22:45.177] INFO  [MultiTableRepo.sms] Parameters: id=2f61ce66-8d4a-4291-a0e8-34f2e8a13f0d, startValue=2025-09-15T09:04:59, endValue=2025-09-15T09:05:01
[2025-09-21 06:22:45.178] INFO  [MultiTableRepo.sms] Setting timestamp parameters: start=2025-09-15 09:04:59.0, end=2025-09-15 09:05:01.0
[2025-09-21 06:22:45.180] INFO  [MultiTableRepo.sms] No results found in table sms_shard_01.sms_20250915
[2025-09-21 06:22:45.181] INFO  [MultiTableRepo.sms] Executing SQL: SELECT * FROM sms_shard_01.sms_20250920 WHERE id = ? AND created_at >= ? AND created_at < ?
[2025-09-21 06:22:45.182] INFO  [MultiTableRepo.sms] Parameters: id=91b120d0-c43e-435d-a546-970ad54c4bd4, startValue=2025-09-20T13:38:59, endValue=2025-09-20T13:39:01
[2025-09-21 06:22:45.182] INFO  [MultiTableRepo.sms] Setting timestamp parameters: start=2025-09-20 13:38:59.0, end=2025-09-20 13:39:01.0
[2025-09-21 06:22:45.183] INFO  [MultiTableRepo.sms] No results found in table sms_shard_01.sms_20250920
[2025-09-21 06:22:45.184] INFO  [MultiTableRepo.sms] Executing SQL: SELECT * FROM sms_shard_01.sms_20250917 WHERE id = ? AND created_at >= ? AND created_at < ?
[2025-09-21 06:22:45.184] INFO  [MultiTableRepo.sms] Parameters: id=5f6b288d-d319-4373-8903-c220a6f8a230, startValue=2025-09-17T14:42, endValue=2025-09-17T14:44
[2025-09-21 06:22:45.185] INFO  [MultiTableRepo.sms] Setting timestamp parameters: start=2025-09-17 14:42:00.0, end=2025-09-17 14:44:00.0
[2025-09-21 06:22:45.185] INFO  [MultiTableRepo.sms] No results found in table sms_shard_01.sms_20250917
[2025-09-21 06:22:45.186] INFO  [MultiTableRepo.sms] Executing SQL: SELECT * FROM sms_shard_01.sms_20250917 WHERE id = ? AND created_at >= ? AND created_at < ?
[2025-09-21 06:22:45.186] INFO  [MultiTableRepo.sms] Parameters: id=bd1956a5-77f1-43a8-92a8-7e6790e7085c, startValue=2025-09-17T13:59:59, endValue=2025-09-17T14:00:01
[2025-09-21 06:22:45.187] INFO  [MultiTableRepo.sms] Setting timestamp parameters: start=2025-09-17 13:59:59.0, end=2025-09-17 14:00:01.0
[2025-09-21 06:22:45.188] INFO  [MultiTableRepo.sms] No results found in table sms_shard_01.sms_20250917
[2025-09-21 06:22:45.190] INFO  [MultiTableRepo.sms] Executing SQL: SELECT * FROM sms_shard_01.sms_20250920 WHERE id = ? AND created_at >= ? AND created_at < ?
[2025-09-21 06:22:45.190] INFO  [MultiTableRepo.sms] Parameters: id=5ff73067-051a-4799-8ac0-deb5abf6b9a1, startValue=2025-09-20T06:23, endValue=2025-09-20T08:23
[2025-09-21 06:22:45.191] INFO  [MultiTableRepo.sms] Setting timestamp parameters: start=2025-09-20 06:23:00.0, end=2025-09-20 08:23:00.0
[2025-09-21 06:22:45.191] INFO  [MultiTableRepo.sms] No results found in table sms_shard_01.sms_20250920
[2025-09-21 06:22:45.192] INFO  [MultiTableRepo.sms] Executing SQL: SELECT * FROM sms_shard_01.sms_20250919 WHERE id = ? AND created_at >= ? AND created_at < ?
[2025-09-21 06:22:45.192] INFO  [MultiTableRepo.sms] Parameters: id=005d7f78-3cde-48db-9917-3599cf8a574d, startValue=2025-09-19T03:48, endValue=2025-09-19T05:48
[2025-09-21 06:22:45.193] INFO  [MultiTableRepo.sms] Setting timestamp parameters: start=2025-09-19 03:48:00.0, end=2025-09-19 05:48:00.0
[2025-09-21 06:22:45.193] INFO  [MultiTableRepo.sms] No results found in table sms_shard_01.sms_20250919
[2025-09-21 06:22:45.195] INFO  [MultiTableRepo.sms] Executing SQL: SELECT * FROM sms_shard_01.sms_20250915 WHERE id = ? AND created_at >= ? AND created_at < ?
[2025-09-21 06:22:45.195] INFO  [MultiTableRepo.sms] Parameters: id=088f802e-a102-4fe7-a87b-b466dbc041da, startValue=2025-09-15T22:51:59, endValue=2025-09-15T22:52:01
[2025-09-21 06:22:45.196] INFO  [MultiTableRepo.sms] Setting timestamp parameters: start=2025-09-15 22:51:59.0, end=2025-09-15 22:52:01.0
[2025-09-21 06:22:45.196] INFO  [MultiTableRepo.sms] No results found in table sms_shard_01.sms_20250915
[2025-09-21 06:22:45.197] INFO  [MultiTableRepo.sms] Executing SQL: SELECT * FROM sms_shard_01.sms_20250915 WHERE id = ? AND created_at >= ? AND created_at < ?
[2025-09-21 06:22:45.197] INFO  [MultiTableRepo.sms] Parameters: id=51cb3c70-6ff6-4441-8442-8d6b64729032, startValue=2025-09-15T07:14, endValue=2025-09-15T09:14
[2025-09-21 06:22:45.200] INFO  [MultiTableRepo.sms] Setting timestamp parameters: start=2025-09-15 07:14:00.0, end=2025-09-15 09:14:00.0
[2025-09-21 06:22:45.200] INFO  [MultiTableRepo.sms] No results found in table sms_shard_01.sms_20250915
[2025-09-21 06:22:45.202] INFO  [MultiTableRepo.sms] Executing SQL: SELECT * FROM sms_shard_01.sms_20250916 WHERE id = ? AND created_at >= ? AND created_at < ?
[2025-09-21 06:22:45.202] INFO  [MultiTableRepo.sms] Parameters: id=d071d6ce-c84f-4537-9e8a-4b651a2976d3, startValue=2025-09-16T02:12, endValue=2025-09-16T02:14
[2025-09-21 06:22:45.203] INFO  [MultiTableRepo.sms] Setting timestamp parameters: start=2025-09-16 02:12:00.0, end=2025-09-16 02:14:00.0
[2025-09-21 06:22:45.203] INFO  [MultiTableRepo.sms] No results found in table sms_shard_01.sms_20250916
[2025-09-21 06:22:45.204] INFO  [MultiTableRepo.sms] Executing SQL: SELECT * FROM sms_shard_01.sms_20250919 WHERE id = ? AND created_at >= ? AND created_at < ?
[2025-09-21 06:22:45.204] INFO  [MultiTableRepo.sms] Parameters: id=ee3f19af-4e44-4e00-95e7-d73525518461, startValue=2025-09-19T06:16, endValue=2025-09-19T06:18
[2025-09-21 06:22:45.205] INFO  [MultiTableRepo.sms] Setting timestamp parameters: start=2025-09-19 06:16:00.0, end=2025-09-19 06:18:00.0
[2025-09-21 06:22:45.205] INFO  [MultiTableRepo.sms] No results found in table sms_shard_01.sms_20250919
[2025-09-21 06:22:45.207] INFO  [MultiTableRepo.sms] Executing SQL: SELECT * FROM sms_shard_01.sms_20250919 WHERE id = ? AND created_at >= ? AND created_at < ?
[2025-09-21 06:22:45.207] INFO  [MultiTableRepo.sms] Parameters: id=b507b6a0-a44a-4f3f-98f6-8457451fc782, startValue=2025-09-19T06:21, endValue=2025-09-19T08:21
[2025-09-21 06:22:45.215] INFO  [MultiTableRepo.sms] Setting timestamp parameters: start=2025-09-19 06:21:00.0, end=2025-09-19 08:21:00.0
[2025-09-21 06:22:45.216] INFO  [MultiTableRepo.sms] No results found in table sms_shard_01.sms_20250919
[2025-09-21 06:22:45.219] INFO  [MultiTableRepo.sms] Executing SQL: SELECT * FROM sms_shard_01.sms_20250918 WHERE id = ? AND created_at >= ? AND created_at < ?
[2025-09-21 06:22:45.219] INFO  [MultiTableRepo.sms] Parameters: id=b21d3f0e-e4b8-4e33-88ae-f310ab86b470, startValue=2025-09-18T14:41, endValue=2025-09-18T14:43
[2025-09-21 06:22:45.221] INFO  [MultiTableRepo.sms] Setting timestamp parameters: start=2025-09-18 14:41:00.0, end=2025-09-18 14:43:00.0
[2025-09-21 06:22:45.221] INFO  [MultiTableRepo.sms] No results found in table sms_shard_01.sms_20250918
[2025-09-21 06:22:45.224] INFO  [MultiTableRepo.sms] Executing SQL: SELECT * FROM sms_shard_01.sms_20250916 WHERE id = ? AND created_at >= ? AND created_at < ?
[2025-09-21 06:22:45.224] INFO  [MultiTableRepo.sms] Parameters: id=c866bc30-a408-40d9-b727-2f02990f59e9, startValue=2025-09-16T11:16, endValue=2025-09-16T13:16
[2025-09-21 06:22:45.225] INFO  [MultiTableRepo.sms] Setting timestamp parameters: start=2025-09-16 11:16:00.0, end=2025-09-16 13:16:00.0
[2025-09-21 06:22:45.225] INFO  [MultiTableRepo.sms] No results found in table sms_shard_01.sms_20250916
[2025-09-21 06:22:45.227] INFO  [MultiTableRepo.sms] Executing SQL: SELECT * FROM sms_shard_01.sms_20250921 WHERE id = ? AND created_at >= ? AND created_at < ?
[2025-09-21 06:22:45.227] INFO  [MultiTableRepo.sms] Parameters: id=0ef91575-d40b-4053-bf98-171e130e9da9, startValue=2025-09-21T18:17:59, endValue=2025-09-21T18:18:01
[2025-09-21 06:22:45.232] INFO  [MultiTableRepo.sms] Setting timestamp parameters: start=2025-09-21 18:17:59.0, end=2025-09-21 18:18:01.0
[2025-09-21 06:22:45.232] INFO  [MultiTableRepo.sms] No results found in table sms_shard_01.sms_20250921
[2025-09-21 06:22:45.233] INFO  [MultiTableRepo.sms] Executing SQL: SELECT * FROM sms_shard_01.sms_20250919 WHERE id = ? AND created_at >= ? AND created_at < ?
[2025-09-21 06:22:45.233] INFO  [MultiTableRepo.sms] Parameters: id=bcc8d5f6-b12d-4622-bb40-4c914f8bce96, startValue=2025-09-19T05:50:59, endValue=2025-09-19T05:51:01
[2025-09-21 06:22:45.234] INFO  [MultiTableRepo.sms] Setting timestamp parameters: start=2025-09-19 05:50:59.0, end=2025-09-19 05:51:01.0
[2025-09-21 06:22:45.235] INFO  [MultiTableRepo.sms] No results found in table sms_shard_01.sms_20250919
[2025-09-21 06:22:45.236] INFO  [MultiTableRepo.sms] Executing SQL: SELECT * FROM sms_shard_01.sms_20250919 WHERE id = ? AND created_at >= ? AND created_at < ?
[2025-09-21 06:22:45.237] INFO  [MultiTableRepo.sms] Parameters: id=3b4b2da9-100f-4e9b-999c-69c5eb73cec4, startValue=2025-09-19T14:59, endValue=2025-09-19T16:59
[2025-09-21 06:22:45.238] INFO  [MultiTableRepo.sms] Setting timestamp parameters: start=2025-09-19 14:59:00.0, end=2025-09-19 16:59:00.0
[2025-09-21 06:22:45.238] INFO  [MultiTableRepo.sms] No results found in table sms_shard_01.sms_20250919
[2025-09-21 06:22:45.240] INFO  [MultiTableRepo.sms] Executing SQL: SELECT * FROM sms_shard_01.sms_20250920 WHERE id = ? AND created_at >= ? AND created_at < ?
[2025-09-21 06:22:45.240] INFO  [MultiTableRepo.sms] Parameters: id=a7db28bb-6df8-4da8-b683-c77e799dd8dd, startValue=2025-09-20T00:13:59, endValue=2025-09-20T00:14:01
[2025-09-21 06:22:45.241] INFO  [MultiTableRepo.sms] Setting timestamp parameters: start=2025-09-20 00:13:59.0, end=2025-09-20 00:14:01.0
[2025-09-21 06:22:45.241] INFO  [MultiTableRepo.sms] No results found in table sms_shard_01.sms_20250920
[2025-09-21 06:22:45.243] INFO  [MultiTableRepo.sms] Executing SQL: SELECT * FROM sms_shard_01.sms_20250921 WHERE id = ? AND created_at >= ? AND created_at < ?
[2025-09-21 06:22:45.243] INFO  [MultiTableRepo.sms] Parameters: id=4409d051-b2cd-4784-9511-08158d326b22, startValue=2025-09-21T04:14, endValue=2025-09-21T04:16
[2025-09-21 06:22:45.244] INFO  [MultiTableRepo.sms] Setting timestamp parameters: start=2025-09-21 04:14:00.0, end=2025-09-21 04:16:00.0
[2025-09-21 06:22:45.245] INFO  [MultiTableRepo.sms] No results found in table sms_shard_01.sms_20250921
[2025-09-21 06:22:45.253] INFO  [MultiTableRepo.sms] Executing SQL: SELECT * FROM sms_shard_01.sms_20250919 WHERE id = ? AND created_at >= ? AND created_at < ?
[2025-09-21 06:22:45.253] INFO  [MultiTableRepo.sms] Parameters: id=8476efd5-dd54-4210-a91d-e894fbe61683, startValue=2025-09-19T14:27, endValue=2025-09-19T14:29
[2025-09-21 06:22:45.254] INFO  [MultiTableRepo.sms] Setting timestamp parameters: start=2025-09-19 14:27:00.0, end=2025-09-19 14:29:00.0
[2025-09-21 06:22:45.255] INFO  [MultiTableRepo.sms] No results found in table sms_shard_01.sms_20250919
[2025-09-21 06:22:45.260] INFO  [MultiTableRepo.sms] Executing SQL: SELECT * FROM sms_shard_01.sms_20250917 WHERE id = ? AND created_at >= ? AND created_at < ?
[2025-09-21 06:22:45.260] INFO  [MultiTableRepo.sms] Parameters: id=fff975be-de2d-4fe1-922f-3fcc182a2565, startValue=2025-09-17T17:15:59, endValue=2025-09-17T17:16:01
[2025-09-21 06:22:45.265] INFO  [MultiTableRepo.sms] Setting timestamp parameters: start=2025-09-17 17:15:59.0, end=2025-09-17 17:16:01.0
[2025-09-21 06:22:45.267] INFO  [MultiTableRepo.sms] No results found in table sms_shard_01.sms_20250917
[2025-09-21 06:22:45.269] INFO  [MultiTableRepo.sms] Executing SQL: SELECT * FROM sms_shard_01.sms_20250917 WHERE id = ? AND created_at >= ? AND created_at < ?
[2025-09-21 06:22:45.269] INFO  [MultiTableRepo.sms] Parameters: id=f153ec89-bf76-402c-a4bd-c701d3c75647, startValue=2025-09-17T16:00, endValue=2025-09-17T16:02
[2025-09-21 06:22:45.270] INFO  [MultiTableRepo.sms] Setting timestamp parameters: start=2025-09-17 16:00:00.0, end=2025-09-17 16:02:00.0
[2025-09-21 06:22:45.270] INFO  [MultiTableRepo.sms] No results found in table sms_shard_01.sms_20250917
[2025-09-21 06:22:45.272] INFO  [MultiTableRepo.sms] Executing SQL: SELECT * FROM sms_shard_01.sms_20250915 WHERE id = ? AND created_at >= ? AND created_at < ?
[2025-09-21 06:22:45.272] INFO  [MultiTableRepo.sms] Parameters: id=d87fd50d-9deb-4edf-b408-2c9dcb716081, startValue=2025-09-15T13:04:59, endValue=2025-09-15T13:05:01
[2025-09-21 06:22:45.273] INFO  [MultiTableRepo.sms] Setting timestamp parameters: start=2025-09-15 13:04:59.0, end=2025-09-15 13:05:01.0
[2025-09-21 06:22:45.273] INFO  [MultiTableRepo.sms] No results found in table sms_shard_01.sms_20250915
[2025-09-21 06:22:45.275] INFO  [MultiTableRepo.sms] Executing SQL: SELECT * FROM sms_shard_01.sms_20250919 WHERE id = ? AND created_at >= ? AND created_at < ?
[2025-09-21 06:22:45.275] INFO  [MultiTableRepo.sms] Parameters: id=7165680e-fb5b-4e62-a200-b0b104089eb6, startValue=2025-09-19T16:23:59, endValue=2025-09-19T16:24:01
[2025-09-21 06:22:45.276] INFO  [MultiTableRepo.sms] Setting timestamp parameters: start=2025-09-19 16:23:59.0, end=2025-09-19 16:24:01.0
[2025-09-21 06:22:45.276] INFO  [MultiTableRepo.sms] No results found in table sms_shard_01.sms_20250919
[2025-09-21 06:22:45.280] INFO  [MultiTableRepo.sms] Executing SQL: SELECT * FROM sms_shard_01.sms_20250916 WHERE id = ? AND created_at >= ? AND created_at < ?
[2025-09-21 06:22:45.280] INFO  [MultiTableRepo.sms] Parameters: id=eed86758-7986-4ef2-b242-a48dc0456747, startValue=2025-09-16T21:44:59, endValue=2025-09-16T21:45:01
[2025-09-21 06:22:45.283] INFO  [MultiTableRepo.sms] Setting timestamp parameters: start=2025-09-16 21:44:59.0, end=2025-09-16 21:45:01.0
[2025-09-21 06:22:45.284] INFO  [MultiTableRepo.sms] No results found in table sms_shard_01.sms_20250916
[2025-09-21 06:22:45.287] INFO  [MultiTableRepo.sms] Executing SQL: SELECT * FROM sms_shard_01.sms_20250918 WHERE id = ? AND created_at >= ? AND created_at < ?
[2025-09-21 06:22:45.287] INFO  [MultiTableRepo.sms] Parameters: id=32504dbf-0c9a-42a4-b060-e1d21d2b57b8, startValue=2025-09-18T09:07, endValue=2025-09-18T11:07
[2025-09-21 06:22:45.302] INFO  [MultiTableRepo.sms] Setting timestamp parameters: start=2025-09-18 09:07:00.0, end=2025-09-18 11:07:00.0
[2025-09-21 06:22:45.303] INFO  [MultiTableRepo.sms] No results found in table sms_shard_01.sms_20250918
[2025-09-21 06:22:45.305] INFO  [MultiTableRepo.sms] Executing SQL: SELECT * FROM sms_shard_01.sms_20250919 WHERE id = ? AND created_at >= ? AND created_at < ?
[2025-09-21 06:22:45.305] INFO  [MultiTableRepo.sms] Parameters: id=7b3f3ed8-136f-40a1-8dd6-e8b512f4754f, startValue=2025-09-19T06:28, endValue=2025-09-19T06:30
[2025-09-21 06:22:45.306] INFO  [MultiTableRepo.sms] Setting timestamp parameters: start=2025-09-19 06:28:00.0, end=2025-09-19 06:30:00.0
[2025-09-21 06:22:45.307] INFO  [MultiTableRepo.sms] No results found in table sms_shard_01.sms_20250919
[2025-09-21 06:22:45.314] INFO  [MultiTableRepo.sms] Executing SQL: SELECT * FROM sms_shard_01.sms_20250915 WHERE id = ? AND created_at >= ? AND created_at < ?
[2025-09-21 06:22:45.314] INFO  [MultiTableRepo.sms] Parameters: id=7fe12678-dcf4-4fe4-8329-9b67a3536a56, startValue=2025-09-15T11:01:59, endValue=2025-09-15T11:02:01
[2025-09-21 06:22:45.318] INFO  [MultiTableRepo.sms] Setting timestamp parameters: start=2025-09-15 11:01:59.0, end=2025-09-15 11:02:01.0
[2025-09-21 06:22:45.319] INFO  [MultiTableRepo.sms] No results found in table sms_shard_01.sms_20250915
[2025-09-21 06:22:45.321] INFO  [MultiTableRepo.sms] Executing SQL: SELECT * FROM sms_shard_01.sms_20250920 WHERE id = ? AND created_at >= ? AND created_at < ?
[2025-09-21 06:22:45.321] INFO  [MultiTableRepo.sms] Parameters: id=6b909aef-c013-46f4-8df7-08953fafa874, startValue=2025-09-20T23:21, endValue=2025-09-21T01:21
[2025-09-21 06:22:45.322] INFO  [MultiTableRepo.sms] Setting timestamp parameters: start=2025-09-20 23:21:00.0, end=2025-09-21 01:21:00.0
[2025-09-21 06:22:45.322] INFO  [MultiTableRepo.sms] No results found in table sms_shard_01.sms_20250920
[2025-09-21 06:22:45.324] INFO  [MultiTableRepo.sms] Executing SQL: SELECT * FROM sms_shard_01.sms_20250921 WHERE id = ? AND created_at >= ? AND created_at < ?
[2025-09-21 06:22:45.324] INFO  [MultiTableRepo.sms] Parameters: id=6b909aef-c013-46f4-8df7-08953fafa874, startValue=2025-09-20T23:21, endValue=2025-09-21T01:21
[2025-09-21 06:22:45.327] INFO  [MultiTableRepo.sms] Setting timestamp parameters: start=2025-09-20 23:21:00.0, end=2025-09-21 01:21:00.0
[2025-09-21 06:22:45.328] INFO  [MultiTableRepo.sms] No results found in table sms_shard_01.sms_20250921
[2025-09-21 06:22:45.332] INFO  [MultiTableRepo.sms] Executing SQL: SELECT * FROM sms_shard_01.sms_20250921 WHERE id = ? AND created_at >= ? AND created_at < ?
[2025-09-21 06:22:45.332] INFO  [MultiTableRepo.sms] Parameters: id=5d4dc494-9c1e-4125-9fbd-6aafbeda192c, startValue=2025-09-21T17:08, endValue=2025-09-21T17:10
[2025-09-21 06:22:45.334] INFO  [MultiTableRepo.sms] Setting timestamp parameters: start=2025-09-21 17:08:00.0, end=2025-09-21 17:10:00.0
[2025-09-21 06:22:45.334] INFO  [MultiTableRepo.sms] No results found in table sms_shard_01.sms_20250921
[2025-09-21 06:22:45.336] INFO  [MultiTableRepo.sms] Executing SQL: SELECT * FROM sms_shard_01.sms_20250916 WHERE id = ? AND created_at >= ? AND created_at < ?
[2025-09-21 06:22:45.336] INFO  [MultiTableRepo.sms] Parameters: id=39d2c4b6-f78b-439f-963d-6ab275c2012b, startValue=2025-09-16T14:24:59, endValue=2025-09-16T14:25:01
[2025-09-21 06:22:45.337] INFO  [MultiTableRepo.sms] Setting timestamp parameters: start=2025-09-16 14:24:59.0, end=2025-09-16 14:25:01.0
[2025-09-21 06:22:45.337] INFO  [MultiTableRepo.sms] No results found in table sms_shard_01.sms_20250916
[2025-09-21 06:22:45.339] INFO  [MultiTableRepo.sms] Executing SQL: SELECT * FROM sms_shard_01.sms_20250918 WHERE id = ? AND created_at >= ? AND created_at < ?
[2025-09-21 06:22:45.339] INFO  [MultiTableRepo.sms] Parameters: id=73ba833a-bfec-48af-8152-b7e3121c5520, startValue=2025-09-18T22:00, endValue=2025-09-18T22:02
[2025-09-21 06:22:45.346] INFO  [MultiTableRepo.sms] Setting timestamp parameters: start=2025-09-18 22:00:00.0, end=2025-09-18 22:02:00.0
[2025-09-21 06:22:45.346] INFO  [MultiTableRepo.sms] No results found in table sms_shard_01.sms_20250918
[2025-09-21 06:22:45.348] INFO  [MultiTableRepo.sms] Executing SQL: SELECT * FROM sms_shard_01.sms_20250918 WHERE id = ? AND created_at >= ? AND created_at < ?
[2025-09-21 06:22:45.348] INFO  [MultiTableRepo.sms] Parameters: id=fa102a47-3cba-4a04-95c5-b69bf39346c6, startValue=2025-09-18T03:17, endValue=2025-09-18T03:19
[2025-09-21 06:22:45.349] INFO  [MultiTableRepo.sms] Setting timestamp parameters: start=2025-09-18 03:17:00.0, end=2025-09-18 03:19:00.0
[2025-09-21 06:22:45.349] INFO  [MultiTableRepo.sms] No results found in table sms_shard_01.sms_20250918
[2025-09-21 06:22:45.351] INFO  [MultiTableRepo.sms] Executing SQL: SELECT * FROM sms_shard_01.sms_20250918 WHERE id = ? AND created_at >= ? AND created_at < ?
[2025-09-21 06:22:45.351] INFO  [MultiTableRepo.sms] Parameters: id=e523ca0b-b461-4dce-b4d7-c86a1ddc26ba, startValue=2025-09-18T10:46, endValue=2025-09-18T10:48
[2025-09-21 06:22:45.352] INFO  [MultiTableRepo.sms] Setting timestamp parameters: start=2025-09-18 10:46:00.0, end=2025-09-18 10:48:00.0
[2025-09-21 06:22:45.352] INFO  [MultiTableRepo.sms] No results found in table sms_shard_01.sms_20250918
[2025-09-21 06:22:45.354] INFO  [MultiTableRepo.sms] Executing SQL: SELECT * FROM sms_shard_01.sms_20250915 WHERE id = ? AND created_at >= ? AND created_at < ?
[2025-09-21 06:22:45.354] INFO  [MultiTableRepo.sms] Parameters: id=bb164d9b-5813-4f49-863b-50ba2a12cf3a, startValue=2025-09-15T03:53, endValue=2025-09-15T03:55
[2025-09-21 06:22:45.355] INFO  [MultiTableRepo.sms] Setting timestamp parameters: start=2025-09-15 03:53:00.0, end=2025-09-15 03:55:00.0
[2025-09-21 06:22:45.355] INFO  [MultiTableRepo.sms] No results found in table sms_shard_01.sms_20250915
[2025-09-21 06:22:45.357] INFO  [MultiTableRepo.sms] Executing SQL: SELECT * FROM sms_shard_01.sms_20250920 WHERE id = ? AND created_at >= ? AND created_at < ?
[2025-09-21 06:22:45.357] INFO  [MultiTableRepo.sms] Parameters: id=ce969a1c-0b33-4a73-b2a0-17081c2f006f, startValue=2025-09-20T13:32, endValue=2025-09-20T13:34
[2025-09-21 06:22:45.358] INFO  [MultiTableRepo.sms] Setting timestamp parameters: start=2025-09-20 13:32:00.0, end=2025-09-20 13:34:00.0
[2025-09-21 06:22:45.358] INFO  [MultiTableRepo.sms] No results found in table sms_shard_01.sms_20250920
[2025-09-21 06:22:45.359] INFO  [MultiTableRepo.sms] Executing SQL: SELECT * FROM sms_shard_01.sms_20250915 WHERE id = ? AND created_at >= ? AND created_at < ?
[2025-09-21 06:22:45.360] INFO  [MultiTableRepo.sms] Parameters: id=f5b334b4-d6e2-409e-8610-d2c73fadcf0a, startValue=2025-09-15T15:42:59, endValue=2025-09-15T15:43:01
[2025-09-21 06:22:45.360] INFO  [MultiTableRepo.sms] Setting timestamp parameters: start=2025-09-15 15:42:59.0, end=2025-09-15 15:43:01.0
[2025-09-21 06:22:45.361] INFO  [MultiTableRepo.sms] No results found in table sms_shard_01.sms_20250915
[2025-09-21 06:22:45.362] INFO  [MultiTableRepo.sms] Executing SQL: SELECT * FROM sms_shard_01.sms_20250916 WHERE id = ? AND created_at >= ? AND created_at < ?
[2025-09-21 06:22:45.362] INFO  [MultiTableRepo.sms] Parameters: id=788b61cc-dcb4-4e95-98e3-4cb7d147e6e4, startValue=2025-09-16T03:21:59, endValue=2025-09-16T03:22:01
[2025-09-21 06:22:45.363] INFO  [MultiTableRepo.sms] Setting timestamp parameters: start=2025-09-16 03:21:59.0, end=2025-09-16 03:22:01.0
[2025-09-21 06:22:45.363] INFO  [MultiTableRepo.sms] No results found in table sms_shard_01.sms_20250916
[2025-09-21 06:22:45.364] INFO  [MultiTableRepo.sms] Executing SQL: SELECT * FROM sms_shard_01.sms_20250915 WHERE id = ? AND created_at >= ? AND created_at < ?
[2025-09-21 06:22:45.364] INFO  [MultiTableRepo.sms] Parameters: id=0860b974-896f-4251-b412-3be34e7a5846, startValue=2025-09-15T23:09:59, endValue=2025-09-15T23:10:01
[2025-09-21 06:22:45.365] INFO  [MultiTableRepo.sms] Setting timestamp parameters: start=2025-09-15 23:09:59.0, end=2025-09-15 23:10:01.0
[2025-09-21 06:22:45.366] INFO  [MultiTableRepo.sms] No results found in table sms_shard_01.sms_20250915
[2025-09-21 06:22:45.367] INFO  [MultiTableRepo.sms] Executing SQL: SELECT * FROM sms_shard_01.sms_20250916 WHERE id = ? AND created_at >= ? AND created_at < ?
[2025-09-21 06:22:45.367] INFO  [MultiTableRepo.sms] Parameters: id=1a2f1e2d-3b25-4111-8598-9aafe966cbc1, startValue=2025-09-16T21:01:59, endValue=2025-09-16T21:02:01
[2025-09-21 06:22:45.367] INFO  [MultiTableRepo.sms] Setting timestamp parameters: start=2025-09-16 21:01:59.0, end=2025-09-16 21:02:01.0
[2025-09-21 06:22:45.368] INFO  [MultiTableRepo.sms] No results found in table sms_shard_01.sms_20250916
[2025-09-21 06:22:45.369] INFO  [MultiTableRepo.sms] Executing SQL: SELECT * FROM sms_shard_01.sms_20250915 WHERE id = ? AND created_at >= ? AND created_at < ?
[2025-09-21 06:22:45.369] INFO  [MultiTableRepo.sms] Parameters: id=27f10008-f7f6-417c-af2c-785c218cb511, startValue=2025-09-15T11:13:59, endValue=2025-09-15T11:14:01
[2025-09-21 06:22:45.370] INFO  [MultiTableRepo.sms] Setting timestamp parameters: start=2025-09-15 11:13:59.0, end=2025-09-15 11:14:01.0
[2025-09-21 06:22:45.370] INFO  [MultiTableRepo.sms] No results found in table sms_shard_01.sms_20250915
[2025-09-21 06:22:45.375] INFO  [MultiTableRepo.sms] Executing SQL: SELECT * FROM sms_shard_01.sms_20250918 WHERE id = ? AND created_at >= ? AND created_at < ?
[2025-09-21 06:22:45.375] INFO  [MultiTableRepo.sms] Parameters: id=74871d43-590e-4bdc-a00c-38f577b48e42, startValue=2025-09-18T07:07, endValue=2025-09-18T09:07
[2025-09-21 06:22:45.375] INFO  [MultiTableRepo.sms] Setting timestamp parameters: start=2025-09-18 07:07:00.0, end=2025-09-18 09:07:00.0
[2025-09-21 06:22:45.376] INFO  [MultiTableRepo.sms] No results found in table sms_shard_01.sms_20250918
[2025-09-21 06:22:45.377] INFO  [MultiTableRepo.sms] Executing SQL: SELECT * FROM sms_shard_01.sms_20250920 WHERE id = ? AND created_at >= ? AND created_at < ?
[2025-09-21 06:22:45.377] INFO  [MultiTableRepo.sms] Parameters: id=6ea7bca0-3124-4a22-95be-7736d74f0224, startValue=2025-09-20T02:01:59, endValue=2025-09-20T02:02:01
[2025-09-21 06:22:45.378] INFO  [MultiTableRepo.sms] Setting timestamp parameters: start=2025-09-20 02:01:59.0, end=2025-09-20 02:02:01.0
[2025-09-21 06:22:45.378] INFO  [MultiTableRepo.sms] No results found in table sms_shard_01.sms_20250920
[2025-09-21 06:22:45.379] INFO  [MultiTableRepo.sms] Executing SQL: SELECT * FROM sms_shard_01.sms_20250916 WHERE id = ? AND created_at >= ? AND created_at < ?
[2025-09-21 06:22:45.379] INFO  [MultiTableRepo.sms] Parameters: id=e1b89c5c-3743-4d62-abc2-941f4306c17d, startValue=2025-09-16T10:07, endValue=2025-09-16T10:09
[2025-09-21 06:22:45.380] INFO  [MultiTableRepo.sms] Setting timestamp parameters: start=2025-09-16 10:07:00.0, end=2025-09-16 10:09:00.0
[2025-09-21 06:22:45.380] INFO  [MultiTableRepo.sms] No results found in table sms_shard_01.sms_20250916
[2025-09-21 06:22:45.382] INFO  [MultiTableRepo.sms] Executing SQL: SELECT * FROM sms_shard_01.sms_20250915 WHERE id = ? AND created_at >= ? AND created_at < ?
[2025-09-21 06:22:45.382] INFO  [MultiTableRepo.sms] Parameters: id=cff020c8-e7c7-4f4f-bbb7-1ef9eed5d26a, startValue=2025-09-15T04:30, endValue=2025-09-15T04:32
[2025-09-21 06:22:45.382] INFO  [MultiTableRepo.sms] Setting timestamp parameters: start=2025-09-15 04:30:00.0, end=2025-09-15 04:32:00.0
[2025-09-21 06:22:45.383] INFO  [MultiTableRepo.sms] No results found in table sms_shard_01.sms_20250915
[2025-09-21 06:22:45.384] INFO  [MultiTableRepo.sms] Executing SQL: SELECT * FROM sms_shard_01.sms_20250918 WHERE id = ? AND created_at >= ? AND created_at < ?
[2025-09-21 06:22:45.384] INFO  [MultiTableRepo.sms] Parameters: id=e96c4e0c-1aa3-4f95-b9e9-95e5838dfe51, startValue=2025-09-18T19:20:59, endValue=2025-09-18T19:21:01
[2025-09-21 06:22:45.385] INFO  [MultiTableRepo.sms] Setting timestamp parameters: start=2025-09-18 19:20:59.0, end=2025-09-18 19:21:01.0
[2025-09-21 06:22:45.385] INFO  [MultiTableRepo.sms] No results found in table sms_shard_01.sms_20250918
[2025-09-21 06:22:45.387] INFO  [MultiTableRepo.sms] Executing SQL: SELECT * FROM sms_shard_01.sms_20250919 WHERE id = ? AND created_at >= ? AND created_at < ?
[2025-09-21 06:22:45.387] INFO  [MultiTableRepo.sms] Parameters: id=96e5f040-9045-4ae5-a557-23886ca63f81, startValue=2025-09-19T04:23, endValue=2025-09-19T04:25
[2025-09-21 06:22:45.388] INFO  [MultiTableRepo.sms] Setting timestamp parameters: start=2025-09-19 04:23:00.0, end=2025-09-19 04:25:00.0
[2025-09-21 06:22:45.388] INFO  [MultiTableRepo.sms] No results found in table sms_shard_01.sms_20250919
[2025-09-21 06:22:45.389] INFO  [MultiTableRepo.sms] Executing SQL: SELECT * FROM sms_shard_01.sms_20250921 WHERE id = ? AND created_at >= ? AND created_at < ?
[2025-09-21 06:22:45.389] INFO  [MultiTableRepo.sms] Parameters: id=a0141021-2b81-43ee-adfe-19c8e191bd26, startValue=2025-09-21T17:30:59, endValue=2025-09-21T17:31:01
[2025-09-21 06:22:45.391] INFO  [MultiTableRepo.sms] Setting timestamp parameters: start=2025-09-21 17:30:59.0, end=2025-09-21 17:31:01.0
[2025-09-21 06:22:45.391] INFO  [MultiTableRepo.sms] No results found in table sms_shard_01.sms_20250921
[2025-09-21 06:22:45.394] INFO  [MultiTableRepo.sms] Executing SQL: SELECT * FROM sms_shard_01.sms_20250915 WHERE id = ? AND created_at >= ? AND created_at < ?
[2025-09-21 06:22:45.394] INFO  [MultiTableRepo.sms] Parameters: id=72fc59d4-59ab-43bb-9491-37b121b4f508, startValue=2025-09-15T03:30:59, endValue=2025-09-15T03:31:01
[2025-09-21 06:22:45.397] INFO  [MultiTableRepo.sms] Setting timestamp parameters: start=2025-09-15 03:30:59.0, end=2025-09-15 03:31:01.0
[2025-09-21 06:22:45.397] INFO  [MultiTableRepo.sms] No results found in table sms_shard_01.sms_20250915
[2025-09-21 06:22:45.401] INFO  [MultiTableRepo.sms] Executing SQL: SELECT * FROM sms_shard_01.sms_20250920 WHERE id = ? AND created_at >= ? AND created_at < ?
[2025-09-21 06:22:45.402] INFO  [MultiTableRepo.sms] Parameters: id=3e92c9f5-e554-4602-bb5a-8a12c1cb04fe, startValue=2025-09-20T09:38, endValue=2025-09-20T09:40
[2025-09-21 06:22:45.403] INFO  [MultiTableRepo.sms] Setting timestamp parameters: start=2025-09-20 09:38:00.0, end=2025-09-20 09:40:00.0
[2025-09-21 06:22:45.403] INFO  [MultiTableRepo.sms] No results found in table sms_shard_01.sms_20250920
[2025-09-21 06:22:45.404] INFO  [MultiTableRepo.sms] Executing SQL: SELECT * FROM sms_shard_01.sms_20250916 WHERE id = ? AND created_at >= ? AND created_at < ?
[2025-09-21 06:22:45.404] INFO  [MultiTableRepo.sms] Parameters: id=3da314ae-14e5-4a84-bc52-efa0cd072401, startValue=2025-09-16T02:46:59, endValue=2025-09-16T02:47:01
[2025-09-21 06:22:45.405] INFO  [MultiTableRepo.sms] Setting timestamp parameters: start=2025-09-16 02:46:59.0, end=2025-09-16 02:47:01.0
[2025-09-21 06:22:45.405] INFO  [MultiTableRepo.sms] No results found in table sms_shard_01.sms_20250916
[2025-09-21 06:22:45.412] INFO  [MultiTableRepo.sms] Executing SQL: SELECT * FROM sms_shard_01.sms_20250921 WHERE id = ? AND created_at >= ? AND created_at < ?
[2025-09-21 06:22:45.412] INFO  [MultiTableRepo.sms] Parameters: id=53988ec2-6223-4487-8bb9-8487150ade89, startValue=2025-09-21T16:43, endValue=2025-09-21T18:43
[2025-09-21 06:22:45.413] INFO  [MultiTableRepo.sms] Setting timestamp parameters: start=2025-09-21 16:43:00.0, end=2025-09-21 18:43:00.0
[2025-09-21 06:22:45.414] INFO  [MultiTableRepo.sms] No results found in table sms_shard_01.sms_20250921
[2025-09-21 06:22:45.415] INFO  [MultiTableRepo.sms] Executing SQL: SELECT * FROM sms_shard_01.sms_20250915 WHERE id = ? AND created_at >= ? AND created_at < ?
[2025-09-21 06:22:45.415] INFO  [MultiTableRepo.sms] Parameters: id=c1d88e3a-04ed-4599-b1c6-ffd933547ec1, startValue=2025-09-15T00:02, endValue=2025-09-15T00:04
[2025-09-21 06:22:45.416] INFO  [MultiTableRepo.sms] Setting timestamp parameters: start=2025-09-15 00:02:00.0, end=2025-09-15 00:04:00.0
[2025-09-21 06:22:45.417] INFO  [MultiTableRepo.sms] No results found in table sms_shard_01.sms_20250915
[2025-09-21 06:22:45.418] INFO  [MultiTableRepo.sms] Executing SQL: SELECT * FROM sms_shard_01.sms_20250918 WHERE id = ? AND created_at >= ? AND created_at < ?
[2025-09-21 06:22:45.418] INFO  [MultiTableRepo.sms] Parameters: id=3867d6b9-e0df-4468-a364-25c8eb54a139, startValue=2025-09-18T19:24:59, endValue=2025-09-18T19:25:01
[2025-09-21 06:22:45.419] INFO  [MultiTableRepo.sms] Setting timestamp parameters: start=2025-09-18 19:24:59.0, end=2025-09-18 19:25:01.0
[2025-09-21 06:22:45.420] INFO  [MultiTableRepo.sms] No results found in table sms_shard_01.sms_20250918
[2025-09-21 06:22:45.421] INFO  [MultiTableRepo.sms] Executing SQL: SELECT * FROM sms_shard_01.sms_20250915 WHERE id = ? AND created_at >= ? AND created_at < ?
[2025-09-21 06:22:45.421] INFO  [MultiTableRepo.sms] Parameters: id=bc5861b1-ddb2-427f-aac7-7e0fe3ec4a83, startValue=2025-09-15T04:44:59, endValue=2025-09-15T04:45:01
[2025-09-21 06:22:45.422] INFO  [MultiTableRepo.sms] Setting timestamp parameters: start=2025-09-15 04:44:59.0, end=2025-09-15 04:45:01.0
[2025-09-21 06:22:45.422] INFO  [MultiTableRepo.sms] No results found in table sms_shard_01.sms_20250915
[2025-09-21 06:22:45.423] INFO  [MultiTableRepo.sms] Executing SQL: SELECT * FROM sms_shard_01.sms_20250919 WHERE id = ? AND created_at >= ? AND created_at < ?
[2025-09-21 06:22:45.423] INFO  [MultiTableRepo.sms] Parameters: id=cee6e3cb-2cb6-499e-b7dd-2f4572ee7e30, startValue=2025-09-19T14:01, endValue=2025-09-19T16:01
[2025-09-21 06:22:45.424] INFO  [MultiTableRepo.sms] Setting timestamp parameters: start=2025-09-19 14:01:00.0, end=2025-09-19 16:01:00.0
[2025-09-21 06:22:45.424] INFO  [MultiTableRepo.sms] No results found in table sms_shard_01.sms_20250919
[2025-09-21 06:22:45.425] INFO  [MultiTableRepo.sms] Executing SQL: SELECT * FROM sms_shard_01.sms_20250917 WHERE id = ? AND created_at >= ? AND created_at < ?
[2025-09-21 06:22:45.425] INFO  [MultiTableRepo.sms] Parameters: id=7ad26c93-f5d2-4fdd-8a97-a33657453dd5, startValue=2025-09-17T18:37, endValue=2025-09-17T18:39
[2025-09-21 06:22:45.426] INFO  [MultiTableRepo.sms] Setting timestamp parameters: start=2025-09-17 18:37:00.0, end=2025-09-17 18:39:00.0
[2025-09-21 06:22:45.426] INFO  [MultiTableRepo.sms] No results found in table sms_shard_01.sms_20250917
[2025-09-21 06:22:45.427] INFO  [MultiTableRepo.sms] Executing SQL: SELECT * FROM sms_shard_01.sms_20250917 WHERE id = ? AND created_at >= ? AND created_at < ?
[2025-09-21 06:22:45.428] INFO  [MultiTableRepo.sms] Parameters: id=6d3faaab-648f-4ca3-a9e7-4bcdaa68e381, startValue=2025-09-17T09:07:59, endValue=2025-09-17T09:08:01
[2025-09-21 06:22:45.428] INFO  [MultiTableRepo.sms] Setting timestamp parameters: start=2025-09-17 09:07:59.0, end=2025-09-17 09:08:01.0
[2025-09-21 06:22:45.429] INFO  [MultiTableRepo.sms] No results found in table sms_shard_01.sms_20250917
[2025-09-21 06:22:45.430] INFO  [MultiTableRepo.sms] Executing SQL: SELECT * FROM sms_shard_01.sms_20250917 WHERE id = ? AND created_at >= ? AND created_at < ?
[2025-09-21 06:22:45.430] INFO  [MultiTableRepo.sms] Parameters: id=fdc01509-0985-4127-a925-0a43651f2dcd, startValue=2025-09-17T20:52, endValue=2025-09-17T20:54
[2025-09-21 06:22:45.431] INFO  [MultiTableRepo.sms] Setting timestamp parameters: start=2025-09-17 20:52:00.0, end=2025-09-17 20:54:00.0
[2025-09-21 06:22:45.431] INFO  [MultiTableRepo.sms] No results found in table sms_shard_01.sms_20250917
[2025-09-21 06:22:45.432] INFO  [MultiTableRepo.sms] Executing SQL: SELECT * FROM sms_shard_01.sms_20250918 WHERE id = ? AND created_at >= ? AND created_at < ?
[2025-09-21 06:22:45.432] INFO  [MultiTableRepo.sms] Parameters: id=c48c4921-c11e-4589-8978-9b732550e27b, startValue=2025-09-18T05:36, endValue=2025-09-18T05:38
[2025-09-21 06:22:45.433] INFO  [MultiTableRepo.sms] Setting timestamp parameters: start=2025-09-18 05:36:00.0, end=2025-09-18 05:38:00.0
[2025-09-21 06:22:45.433] INFO  [MultiTableRepo.sms] No results found in table sms_shard_01.sms_20250918
[2025-09-21 06:22:45.434] INFO  [MultiTableRepo.sms] Executing SQL: SELECT * FROM sms_shard_01.sms_20250918 WHERE id = ? AND created_at >= ? AND created_at < ?
[2025-09-21 06:22:45.434] INFO  [MultiTableRepo.sms] Parameters: id=ac5f84a0-7ee4-4405-98b4-d33629447e87, startValue=2025-09-18T15:13, endValue=2025-09-18T17:13
[2025-09-21 06:22:45.435] INFO  [MultiTableRepo.sms] Setting timestamp parameters: start=2025-09-18 15:13:00.0, end=2025-09-18 17:13:00.0
[2025-09-21 06:22:45.435] INFO  [MultiTableRepo.sms] No results found in table sms_shard_01.sms_20250918
[2025-09-21 06:22:45.437] INFO  [MultiTableRepo.sms] Executing SQL: SELECT * FROM sms_shard_01.sms_20250917 WHERE id = ? AND created_at >= ? AND created_at < ?
[2025-09-21 06:22:45.437] INFO  [MultiTableRepo.sms] Parameters: id=50fe4fe0-91c2-4631-b8b4-fd662edc0e59, startValue=2025-09-17T23:31:59, endValue=2025-09-17T23:32:01
[2025-09-21 06:22:45.438] INFO  [MultiTableRepo.sms] Setting timestamp parameters: start=2025-09-17 23:31:59.0, end=2025-09-17 23:32:01.0
[2025-09-21 06:22:45.438] INFO  [MultiTableRepo.sms] No results found in table sms_shard_01.sms_20250917
[2025-09-21 06:22:45.439] INFO  [MultiTableRepo.sms] Executing SQL: SELECT * FROM sms_shard_01.sms_20250919 WHERE id = ? AND created_at >= ? AND created_at < ?
[2025-09-21 06:22:45.439] INFO  [MultiTableRepo.sms] Parameters: id=83247b0b-c44d-43fd-af63-8c05ec4d72da, startValue=2025-09-19T09:04, endValue=2025-09-19T09:06
[2025-09-21 06:22:45.440] INFO  [MultiTableRepo.sms] Setting timestamp parameters: start=2025-09-19 09:04:00.0, end=2025-09-19 09:06:00.0
[2025-09-21 06:22:45.440] INFO  [MultiTableRepo.sms] No results found in table sms_shard_01.sms_20250919
[2025-09-21 06:22:45.441] INFO  [MultiTableRepo.sms] Executing SQL: SELECT * FROM sms_shard_01.sms_20250916 WHERE id = ? AND created_at >= ? AND created_at < ?
[2025-09-21 06:22:45.441] INFO  [MultiTableRepo.sms] Parameters: id=cbd430a4-165a-4fac-981e-56ac3bacf9d7, startValue=2025-09-16T06:31, endValue=2025-09-16T08:31
[2025-09-21 06:22:45.442] INFO  [MultiTableRepo.sms] Setting timestamp parameters: start=2025-09-16 06:31:00.0, end=2025-09-16 08:31:00.0
[2025-09-21 06:22:45.443] INFO  [MultiTableRepo.sms] No results found in table sms_shard_01.sms_20250916
[2025-09-21 06:22:45.444] INFO  [MultiTableRepo.sms] Executing SQL: SELECT * FROM sms_shard_01.sms_20250915 WHERE id = ? AND created_at >= ? AND created_at < ?
[2025-09-21 06:22:45.444] INFO  [MultiTableRepo.sms] Parameters: id=ee5a2d72-6f37-446f-95f6-ec70a8f68a98, startValue=2025-09-15T19:09, endValue=2025-09-15T19:11
[2025-09-21 06:22:45.445] INFO  [MultiTableRepo.sms] Setting timestamp parameters: start=2025-09-15 19:09:00.0, end=2025-09-15 19:11:00.0
[2025-09-21 06:22:45.445] INFO  [MultiTableRepo.sms] No results found in table sms_shard_01.sms_20250915
[2025-09-21 06:22:45.449] INFO  [MultiTableRepo.sms] Executing SQL: SELECT * FROM sms_shard_01.sms_20250921 WHERE id = ? AND created_at >= ? AND created_at < ?
[2025-09-21 06:22:45.449] INFO  [MultiTableRepo.sms] Parameters: id=154f07ae-b00e-492c-8c42-62e28a564d55, startValue=2025-09-21T09:16, endValue=2025-09-21T11:16
[2025-09-21 06:22:45.450] INFO  [MultiTableRepo.sms] Setting timestamp parameters: start=2025-09-21 09:16:00.0, end=2025-09-21 11:16:00.0
[2025-09-21 06:22:45.451] INFO  [MultiTableRepo.sms] No results found in table sms_shard_01.sms_20250921
[2025-09-21 06:22:45.454] INFO  [MultiTableRepo.sms] Executing SQL: SELECT * FROM sms_shard_01.sms_20250920 WHERE id = ? AND created_at >= ? AND created_at < ?
[2025-09-21 06:22:45.454] INFO  [MultiTableRepo.sms] Parameters: id=d2d1c765-16d3-4396-8c0e-1a00fa57fc6a, startValue=2025-09-20T23:20:59, endValue=2025-09-20T23:21:01
[2025-09-21 06:22:45.456] INFO  [MultiTableRepo.sms] Setting timestamp parameters: start=2025-09-20 23:20:59.0, end=2025-09-20 23:21:01.0
[2025-09-21 06:22:45.457] INFO  [MultiTableRepo.sms] No results found in table sms_shard_01.sms_20250920
[2025-09-21 06:22:45.469] INFO  [MultiTableRepo.sms] Executing SQL: SELECT * FROM sms_shard_01.sms_20250917 WHERE id = ? AND created_at >= ? AND created_at < ?
[2025-09-21 06:22:45.469] INFO  [MultiTableRepo.sms] Parameters: id=b5f4bb32-3a75-4daf-9d9c-6bf68dbe3605, startValue=2025-09-17T19:02:59, endValue=2025-09-17T19:03:01
[2025-09-21 06:22:45.471] INFO  [MultiTableRepo.sms] Setting timestamp parameters: start=2025-09-17 19:02:59.0, end=2025-09-17 19:03:01.0
[2025-09-21 06:22:45.471] INFO  [MultiTableRepo.sms] No results found in table sms_shard_01.sms_20250917
[2025-09-21 06:22:45.473] INFO  [MultiTableRepo.sms] Executing SQL: SELECT * FROM sms_shard_01.sms_20250920 WHERE id = ? AND created_at >= ? AND created_at < ?
[2025-09-21 06:22:45.473] INFO  [MultiTableRepo.sms] Parameters: id=da117388-e1f7-4c44-a11c-668b43e6cf42, startValue=2025-09-20T11:37:59, endValue=2025-09-20T11:38:01
[2025-09-21 06:22:45.475] INFO  [MultiTableRepo.sms] Setting timestamp parameters: start=2025-09-20 11:37:59.0, end=2025-09-20 11:38:01.0
[2025-09-21 06:22:45.475] INFO  [MultiTableRepo.sms] No results found in table sms_shard_01.sms_20250920
[2025-09-21 06:22:45.481] INFO  [MultiTableRepo.sms] Executing SQL: SELECT * FROM sms_shard_01.sms_20250921 WHERE id = ? AND created_at >= ? AND created_at < ?
[2025-09-21 06:22:45.481] INFO  [MultiTableRepo.sms] Parameters: id=f96b8315-34e1-4fcc-a577-32bdc9e62f95, startValue=2025-09-21T13:43, endValue=2025-09-21T15:43
[2025-09-21 06:22:45.482] INFO  [MultiTableRepo.sms] Setting timestamp parameters: start=2025-09-21 13:43:00.0, end=2025-09-21 15:43:00.0
[2025-09-21 06:22:45.483] INFO  [MultiTableRepo.sms] No results found in table sms_shard_01.sms_20250921
[2025-09-21 06:22:45.485] INFO  [MultiTableRepo.sms] Executing SQL: SELECT * FROM sms_shard_01.sms_20250917 WHERE id = ? AND created_at >= ? AND created_at < ?
[2025-09-21 06:22:45.485] INFO  [MultiTableRepo.sms] Parameters: id=6d126854-243e-443a-aaa7-c9016a89990d, startValue=2025-09-17T09:06, endValue=2025-09-17T09:08
[2025-09-21 06:22:45.487] INFO  [MultiTableRepo.sms] Setting timestamp parameters: start=2025-09-17 09:06:00.0, end=2025-09-17 09:08:00.0
[2025-09-21 06:22:45.488] INFO  [MultiTableRepo.sms] No results found in table sms_shard_01.sms_20250917
[2025-09-21 06:22:45.494] INFO  [MultiTableRepo.sms] Executing SQL: SELECT * FROM sms_shard_01.sms_20250918 WHERE id = ? AND created_at >= ? AND created_at < ?
[2025-09-21 06:22:45.494] INFO  [MultiTableRepo.sms] Parameters: id=ccf118b7-ad69-41e4-a644-4758bacfa8c2, startValue=2025-09-18T02:31:59, endValue=2025-09-18T02:32:01
[2025-09-21 06:22:45.497] INFO  [MultiTableRepo.sms] Setting timestamp parameters: start=2025-09-18 02:31:59.0, end=2025-09-18 02:32:01.0
[2025-09-21 06:22:45.497] INFO  [MultiTableRepo.sms] No results found in table sms_shard_01.sms_20250918
[2025-09-21 06:22:45.500] INFO  [MultiTableRepo.sms] Executing SQL: SELECT * FROM sms_shard_01.sms_20250918 WHERE id = ? AND created_at >= ? AND created_at < ?
[2025-09-21 06:22:45.500] INFO  [MultiTableRepo.sms] Parameters: id=93bf77fb-d0f8-4be4-b83c-7f00f74817b1, startValue=2025-09-18T01:22, endValue=2025-09-18T03:22
[2025-09-21 06:22:45.501] INFO  [MultiTableRepo.sms] Setting timestamp parameters: start=2025-09-18 01:22:00.0, end=2025-09-18 03:22:00.0
[2025-09-21 06:22:45.503] INFO  [MultiTableRepo.sms] No results found in table sms_shard_01.sms_20250918
[2025-09-21 06:22:45.507] INFO  [MultiTableRepo.sms] Executing SQL: SELECT * FROM sms_shard_01.sms_20250918 WHERE id = ? AND created_at >= ? AND created_at < ?
[2025-09-21 06:22:45.507] INFO  [MultiTableRepo.sms] Parameters: id=dbe9455f-b6a7-4f06-8520-9186a74f8dd8, startValue=2025-09-18T03:19, endValue=2025-09-18T05:19
[2025-09-21 06:22:45.509] INFO  [MultiTableRepo.sms] Setting timestamp parameters: start=2025-09-18 03:19:00.0, end=2025-09-18 05:19:00.0
[2025-09-21 06:22:45.509] INFO  [MultiTableRepo.sms] No results found in table sms_shard_01.sms_20250918
[2025-09-21 06:22:45.511] INFO  [MultiTableRepo.sms] Executing SQL: SELECT * FROM sms_shard_01.sms_20250920 WHERE id = ? AND created_at >= ? AND created_at < ?
[2025-09-21 06:22:45.511] INFO  [MultiTableRepo.sms] Parameters: id=23f746fe-9c8a-4893-94f4-f11a6f6f5690, startValue=2025-09-20T02:02:59, endValue=2025-09-20T02:03:01
[2025-09-21 06:22:45.514] INFO  [MultiTableRepo.sms] Setting timestamp parameters: start=2025-09-20 02:02:59.0, end=2025-09-20 02:03:01.0
[2025-09-21 06:22:45.514] INFO  [MultiTableRepo.sms] No results found in table sms_shard_01.sms_20250920
[2025-09-21 06:22:45.516] INFO  [MultiTableRepo.sms] Executing SQL: SELECT * FROM sms_shard_01.sms_20250921 WHERE id = ? AND created_at >= ? AND created_at < ?
[2025-09-21 06:22:45.516] INFO  [MultiTableRepo.sms] Parameters: id=eae8552f-4650-4576-8446-22d49d89e90a, startValue=2025-09-21T16:14, endValue=2025-09-21T18:14
[2025-09-21 06:22:45.518] INFO  [MultiTableRepo.sms] Setting timestamp parameters: start=2025-09-21 16:14:00.0, end=2025-09-21 18:14:00.0
[2025-09-21 06:22:45.520] INFO  [MultiTableRepo.sms] No results found in table sms_shard_01.sms_20250921
[2025-09-21 06:22:45.524] INFO  [MultiTableRepo.sms] Executing SQL: SELECT * FROM sms_shard_01.sms_20250921 WHERE id = ? AND created_at >= ? AND created_at < ?
[2025-09-21 06:22:45.524] INFO  [MultiTableRepo.sms] Parameters: id=cbe3995b-b613-4d81-b234-dbd99fe35db3, startValue=2025-09-21T08:52, endValue=2025-09-21T08:54
[2025-09-21 06:22:45.525] INFO  [MultiTableRepo.sms] Setting timestamp parameters: start=2025-09-21 08:52:00.0, end=2025-09-21 08:54:00.0
[2025-09-21 06:22:45.528] INFO  [MultiTableRepo.sms] No results found in table sms_shard_01.sms_20250921
[2025-09-21 06:22:45.530] INFO  [MultiTableRepo.sms] Executing SQL: SELECT * FROM sms_shard_01.sms_20250920 WHERE id = ? AND created_at >= ? AND created_at < ?
[2025-09-21 06:22:45.530] INFO  [MultiTableRepo.sms] Parameters: id=e6b0dbaa-4b8c-4b93-ae4b-330a4f962ce9, startValue=2025-09-20T01:17, endValue=2025-09-20T03:17
[2025-09-21 06:22:45.532] INFO  [MultiTableRepo.sms] Setting timestamp parameters: start=2025-09-20 01:17:00.0, end=2025-09-20 03:17:00.0
[2025-09-21 06:22:45.532] INFO  [MultiTableRepo.sms] No results found in table sms_shard_01.sms_20250920
[2025-09-21 06:22:45.535] INFO  [MultiTableRepo.sms] Executing SQL: SELECT * FROM sms_shard_01.sms_20250920 WHERE id = ? AND created_at >= ? AND created_at < ?
[2025-09-21 06:22:45.535] INFO  [MultiTableRepo.sms] Parameters: id=89a4cb5e-4eba-47ee-8b11-752e4674bb7e, startValue=2025-09-20T03:14, endValue=2025-09-20T05:14
[2025-09-21 06:22:45.540] INFO  [MultiTableRepo.sms] Setting timestamp parameters: start=2025-09-20 03:14:00.0, end=2025-09-20 05:14:00.0
[2025-09-21 06:22:45.541] INFO  [MultiTableRepo.sms] No results found in table sms_shard_01.sms_20250920
[2025-09-21 06:22:45.543] INFO  [MultiTableRepo.sms] Executing SQL: SELECT * FROM sms_shard_01.sms_20250919 WHERE id = ? AND created_at >= ? AND created_at < ?
[2025-09-21 06:22:45.543] INFO  [MultiTableRepo.sms] Parameters: id=8283e89c-fa52-4975-bdb0-9a97c7a47708, startValue=2025-09-19T00:23, endValue=2025-09-19T02:23
[2025-09-21 06:22:45.546] INFO  [MultiTableRepo.sms] Setting timestamp parameters: start=2025-09-19 00:23:00.0, end=2025-09-19 02:23:00.0
[2025-09-21 06:22:45.546] INFO  [MultiTableRepo.sms] No results found in table sms_shard_01.sms_20250919
[2025-09-21 06:22:45.548] INFO  [MultiTableRepo.sms] Executing SQL: SELECT * FROM sms_shard_01.sms_20250920 WHERE id = ? AND created_at >= ? AND created_at < ?
[2025-09-21 06:22:45.548] INFO  [MultiTableRepo.sms] Parameters: id=67171922-2f8a-4320-949b-5424ea5c1a45, startValue=2025-09-20T03:16, endValue=2025-09-20T05:16
[2025-09-21 06:22:45.549] INFO  [MultiTableRepo.sms] Setting timestamp parameters: start=2025-09-20 03:16:00.0, end=2025-09-20 05:16:00.0
[2025-09-21 06:22:45.549] INFO  [MultiTableRepo.sms] No results found in table sms_shard_01.sms_20250920
[2025-09-21 06:22:45.551] INFO  [MultiTableRepo.sms] Executing SQL: SELECT * FROM sms_shard_01.sms_20250916 WHERE id = ? AND created_at >= ? AND created_at < ?
[2025-09-21 06:22:45.551] INFO  [MultiTableRepo.sms] Parameters: id=dc8ee601-29b1-4b7b-84b6-1461cf97f534, startValue=2025-09-16T23:57:59, endValue=2025-09-16T23:58:01
[2025-09-21 06:22:45.553] INFO  [MultiTableRepo.sms] Setting timestamp parameters: start=2025-09-16 23:57:59.0, end=2025-09-16 23:58:01.0
[2025-09-21 06:22:45.553] INFO  [MultiTableRepo.sms] No results found in table sms_shard_01.sms_20250916
[2025-09-21 06:22:45.555] INFO  [MultiTableRepo.sms] Executing SQL: SELECT * FROM sms_shard_01.sms_20250915 WHERE id = ? AND created_at >= ? AND created_at < ?
[2025-09-21 06:22:45.555] INFO  [MultiTableRepo.sms] Parameters: id=ff3a15c6-4744-4129-9ed0-7cf8b451b26e, startValue=2025-09-15T13:54, endValue=2025-09-15T13:56
[2025-09-21 06:22:45.556] INFO  [MultiTableRepo.sms] Setting timestamp parameters: start=2025-09-15 13:54:00.0, end=2025-09-15 13:56:00.0
[2025-09-21 06:22:45.556] INFO  [MultiTableRepo.sms] No results found in table sms_shard_01.sms_20250915
[2025-09-21 06:22:45.557] INFO  [MultiTableRepo.sms] Executing SQL: SELECT * FROM sms_shard_01.sms_20250919 WHERE id = ? AND created_at >= ? AND created_at < ?
[2025-09-21 06:22:45.557] INFO  [MultiTableRepo.sms] Parameters: id=217dd999-f3c9-4079-8709-0188fbf1438d, startValue=2025-09-19T09:14:59, endValue=2025-09-19T09:15:01
[2025-09-21 06:22:45.558] INFO  [MultiTableRepo.sms] Setting timestamp parameters: start=2025-09-19 09:14:59.0, end=2025-09-19 09:15:01.0
[2025-09-21 06:22:45.559] INFO  [MultiTableRepo.sms] No results found in table sms_shard_01.sms_20250919
[2025-09-21 06:22:45.560] INFO  [MultiTableRepo.sms] Executing SQL: SELECT * FROM sms_shard_01.sms_20250918 WHERE id = ? AND created_at >= ? AND created_at < ?
[2025-09-21 06:22:45.560] INFO  [MultiTableRepo.sms] Parameters: id=338044b6-8e2b-4f8a-b28b-efc9a11f8f69, startValue=2025-09-18T15:45:59, endValue=2025-09-18T15:46:01
[2025-09-21 06:22:45.561] INFO  [MultiTableRepo.sms] Setting timestamp parameters: start=2025-09-18 15:45:59.0, end=2025-09-18 15:46:01.0
[2025-09-21 06:22:45.561] INFO  [MultiTableRepo.sms] No results found in table sms_shard_01.sms_20250918
[2025-09-21 06:22:45.562] INFO  [MultiTableRepo.sms] Executing SQL: SELECT * FROM sms_shard_01.sms_20250920 WHERE id = ? AND created_at >= ? AND created_at < ?
[2025-09-21 06:22:45.562] INFO  [MultiTableRepo.sms] Parameters: id=bfc7e80f-01bf-4f0e-8a70-48b0550ed21b, startValue=2025-09-20T01:43, endValue=2025-09-20T01:45
[2025-09-21 06:22:45.563] INFO  [MultiTableRepo.sms] Setting timestamp parameters: start=2025-09-20 01:43:00.0, end=2025-09-20 01:45:00.0
[2025-09-21 06:22:45.563] INFO  [MultiTableRepo.sms] No results found in table sms_shard_01.sms_20250920
[2025-09-21 06:22:45.568] INFO  [MultiTableRepo.sms] Executing SQL: SELECT * FROM sms_shard_01.sms_20250918 WHERE id = ? AND created_at >= ? AND created_at < ?
[2025-09-21 06:22:45.568] INFO  [MultiTableRepo.sms] Parameters: id=c1c7d215-eeee-452f-8c55-783b12e51c7e, startValue=2025-09-18T10:47, endValue=2025-09-18T12:47
[2025-09-21 06:22:45.569] INFO  [MultiTableRepo.sms] Setting timestamp parameters: start=2025-09-18 10:47:00.0, end=2025-09-18 12:47:00.0
[2025-09-21 06:22:45.570] INFO  [MultiTableRepo.sms] No results found in table sms_shard_01.sms_20250918
[2025-09-21 06:22:45.571] INFO  [MultiTableRepo.sms] Executing SQL: SELECT * FROM sms_shard_01.sms_20250921 WHERE id = ? AND created_at >= ? AND created_at < ?
[2025-09-21 06:22:45.571] INFO  [MultiTableRepo.sms] Parameters: id=9219278c-8643-46ef-b9e5-5709dfa6a691, startValue=2025-09-21T09:34, endValue=2025-09-21T11:34
[2025-09-21 06:22:45.572] INFO  [MultiTableRepo.sms] Setting timestamp parameters: start=2025-09-21 09:34:00.0, end=2025-09-21 11:34:00.0
[2025-09-21 06:22:45.572] INFO  [MultiTableRepo.sms] No results found in table sms_shard_01.sms_20250921
[2025-09-21 06:22:45.573] INFO  [MultiTableRepo.sms] Executing SQL: SELECT * FROM sms_shard_01.sms_20250916 WHERE id = ? AND created_at >= ? AND created_at < ?
[2025-09-21 06:22:45.573] INFO  [MultiTableRepo.sms] Parameters: id=e197083e-97b3-4550-b010-24cc33e47240, startValue=2025-09-16T22:19, endValue=2025-09-17T00:19
[2025-09-21 06:22:45.574] INFO  [MultiTableRepo.sms] Setting timestamp parameters: start=2025-09-16 22:19:00.0, end=2025-09-17 00:19:00.0
[2025-09-21 06:22:45.574] INFO  [MultiTableRepo.sms] No results found in table sms_shard_01.sms_20250916
[2025-09-21 06:22:45.575] INFO  [MultiTableRepo.sms] Executing SQL: SELECT * FROM sms_shard_01.sms_20250917 WHERE id = ? AND created_at >= ? AND created_at < ?
[2025-09-21 06:22:45.575] INFO  [MultiTableRepo.sms] Parameters: id=e197083e-97b3-4550-b010-24cc33e47240, startValue=2025-09-16T22:19, endValue=2025-09-17T00:19
[2025-09-21 06:22:45.581] INFO  [MultiTableRepo.sms] Setting timestamp parameters: start=2025-09-16 22:19:00.0, end=2025-09-17 00:19:00.0
[2025-09-21 06:22:45.582] INFO  [MultiTableRepo.sms] No results found in table sms_shard_01.sms_20250917
[2025-09-21 06:22:45.584] INFO  [MultiTableRepo.sms] Executing SQL: SELECT * FROM sms_shard_01.sms_20250917 WHERE id = ? AND created_at >= ? AND created_at < ?
[2025-09-21 06:22:45.584] INFO  [MultiTableRepo.sms] Parameters: id=192b7f19-f59b-48dc-a3b5-b8354c120fce, startValue=2025-09-17T07:18, endValue=2025-09-17T07:20
[2025-09-21 06:22:45.588] INFO  [MultiTableRepo.sms] Setting timestamp parameters: start=2025-09-17 07:18:00.0, end=2025-09-17 07:20:00.0
[2025-09-21 06:22:45.588] INFO  [MultiTableRepo.sms] No results found in table sms_shard_01.sms_20250917
[2025-09-21 06:22:45.590] INFO  [MultiTableRepo.sms] Executing SQL: SELECT * FROM sms_shard_01.sms_20250915 WHERE id = ? AND created_at >= ? AND created_at < ?
[2025-09-21 06:22:45.590] INFO  [MultiTableRepo.sms] Parameters: id=fe0c1db2-480c-49ad-90fc-dd2cf2e59c38, startValue=2025-09-15T01:53, endValue=2025-09-15T03:53
[2025-09-21 06:22:45.591] INFO  [MultiTableRepo.sms] Setting timestamp parameters: start=2025-09-15 01:53:00.0, end=2025-09-15 03:53:00.0
[2025-09-21 06:22:45.592] INFO  [MultiTableRepo.sms] No results found in table sms_shard_01.sms_20250915
[2025-09-21 06:22:45.593] INFO  [MultiTableRepo.sms] Executing SQL: SELECT * FROM sms_shard_01.sms_20250915 WHERE id = ? AND created_at >= ? AND created_at < ?
[2025-09-21 06:22:45.593] INFO  [MultiTableRepo.sms] Parameters: id=a14e53b6-8a0d-466a-9c29-5af6b62faa5c, startValue=2025-09-15T07:12, endValue=2025-09-15T09:12
[2025-09-21 06:22:45.594] INFO  [MultiTableRepo.sms] Setting timestamp parameters: start=2025-09-15 07:12:00.0, end=2025-09-15 09:12:00.0
[2025-09-21 06:22:45.594] INFO  [MultiTableRepo.sms] No results found in table sms_shard_01.sms_20250915
[2025-09-21 06:22:45.596] INFO  [MultiTableRepo.sms] Executing SQL: SELECT * FROM sms_shard_01.sms_20250920 WHERE id = ? AND created_at >= ? AND created_at < ?
[2025-09-21 06:22:45.596] INFO  [MultiTableRepo.sms] Parameters: id=4994e9e7-e9ef-43da-82fc-766a6b119ece, startValue=2025-09-20T00:27:59, endValue=2025-09-20T00:28:01
[2025-09-21 06:22:45.597] INFO  [MultiTableRepo.sms] Setting timestamp parameters: start=2025-09-20 00:27:59.0, end=2025-09-20 00:28:01.0
[2025-09-21 06:22:45.597] INFO  [MultiTableRepo.sms] No results found in table sms_shard_01.sms_20250920
[2025-09-21 06:22:45.600] INFO  [MultiTableRepo.sms] Executing SQL: SELECT * FROM sms_shard_01.sms_20250917 WHERE id = ? AND created_at >= ? AND created_at < ?
[2025-09-21 06:22:45.600] INFO  [MultiTableRepo.sms] Parameters: id=e9e8f663-8a29-4403-b6e7-f56baffe4277, startValue=2025-09-17T13:11, endValue=2025-09-17T13:13
[2025-09-21 06:22:45.601] INFO  [MultiTableRepo.sms] Setting timestamp parameters: start=2025-09-17 13:11:00.0, end=2025-09-17 13:13:00.0
[2025-09-21 06:22:45.602] INFO  [MultiTableRepo.sms] No results found in table sms_shard_01.sms_20250917
[2025-09-21 06:22:45.604] INFO  [MultiTableRepo.sms] Executing SQL: SELECT * FROM sms_shard_01.sms_20250919 WHERE id = ? AND created_at >= ? AND created_at < ?
[2025-09-21 06:22:45.604] INFO  [MultiTableRepo.sms] Parameters: id=581b02c0-7229-4b5d-90d6-ff845d74c091, startValue=2025-09-19T10:37, endValue=2025-09-19T10:39
[2025-09-21 06:22:45.605] INFO  [MultiTableRepo.sms] Setting timestamp parameters: start=2025-09-19 10:37:00.0, end=2025-09-19 10:39:00.0
[2025-09-21 06:22:45.605] INFO  [MultiTableRepo.sms] No results found in table sms_shard_01.sms_20250919
[2025-09-21 06:22:45.606] INFO  [MultiTableRepo.sms] Executing SQL: SELECT * FROM sms_shard_01.sms_20250921 WHERE id = ? AND created_at >= ? AND created_at < ?
[2025-09-21 06:22:45.606] INFO  [MultiTableRepo.sms] Parameters: id=becb0035-25bb-4860-90b4-c7eecdf94130, startValue=2025-09-21T04:55:59, endValue=2025-09-21T04:56:01
[2025-09-21 06:22:45.607] INFO  [MultiTableRepo.sms] Setting timestamp parameters: start=2025-09-21 04:55:59.0, end=2025-09-21 04:56:01.0
[2025-09-21 06:22:45.607] INFO  [MultiTableRepo.sms] No results found in table sms_shard_01.sms_20250921
[2025-09-21 06:22:45.609] INFO  [MultiTableRepo.sms] Executing SQL: SELECT * FROM sms_shard_01.sms_20250916 WHERE id = ? AND created_at >= ? AND created_at < ?
[2025-09-21 06:22:45.609] INFO  [MultiTableRepo.sms] Parameters: id=d1e43495-964d-4945-8b48-af0bfaa47e32, startValue=2025-09-16T03:18, endValue=2025-09-16T03:20
[2025-09-21 06:22:45.609] INFO  [MultiTableRepo.sms] Setting timestamp parameters: start=2025-09-16 03:18:00.0, end=2025-09-16 03:20:00.0
[2025-09-21 06:22:45.610] INFO  [MultiTableRepo.sms] No results found in table sms_shard_01.sms_20250916
[2025-09-21 06:22:45.611] INFO  [MultiTableRepo.sms] Executing SQL: SELECT * FROM sms_shard_01.sms_20250919 WHERE id = ? AND created_at >= ? AND created_at < ?
[2025-09-21 06:22:45.611] INFO  [MultiTableRepo.sms] Parameters: id=c3796927-54c4-4bf8-9bf4-b9e9bc803c98, startValue=2025-09-19T01:08, endValue=2025-09-19T03:08
[2025-09-21 06:22:45.612] INFO  [MultiTableRepo.sms] Setting timestamp parameters: start=2025-09-19 01:08:00.0, end=2025-09-19 03:08:00.0
[2025-09-21 06:22:45.612] INFO  [MultiTableRepo.sms] No results found in table sms_shard_01.sms_20250919
[2025-09-21 06:22:45.614] INFO  [MultiTableRepo.sms] Executing SQL: SELECT * FROM sms_shard_01.sms_20250915 WHERE id = ? AND created_at >= ? AND created_at < ?
[2025-09-21 06:22:45.614] INFO  [MultiTableRepo.sms] Parameters: id=0fb92a84-6440-4461-85b9-1a4852fb3243, startValue=2025-09-15T23:15, endValue=2025-09-16T01:15
[2025-09-21 06:22:45.614] INFO  [MultiTableRepo.sms] Setting timestamp parameters: start=2025-09-15 23:15:00.0, end=2025-09-16 01:15:00.0
[2025-09-21 06:22:45.615] INFO  [MultiTableRepo.sms] No results found in table sms_shard_01.sms_20250915
[2025-09-21 06:22:45.616] INFO  [MultiTableRepo.sms] Executing SQL: SELECT * FROM sms_shard_01.sms_20250916 WHERE id = ? AND created_at >= ? AND created_at < ?
[2025-09-21 06:22:45.616] INFO  [MultiTableRepo.sms] Parameters: id=0fb92a84-6440-4461-85b9-1a4852fb3243, startValue=2025-09-15T23:15, endValue=2025-09-16T01:15
[2025-09-21 06:22:45.617] INFO  [MultiTableRepo.sms] Setting timestamp parameters: start=2025-09-15 23:15:00.0, end=2025-09-16 01:15:00.0
[2025-09-21 06:22:45.617] INFO  [MultiTableRepo.sms] No results found in table sms_shard_01.sms_20250916
[2025-09-21 06:22:45.618] INFO  [MultiTableRepo.sms] Executing SQL: SELECT * FROM sms_shard_01.sms_20250920 WHERE id = ? AND created_at >= ? AND created_at < ?
[2025-09-21 06:22:45.618] INFO  [MultiTableRepo.sms] Parameters: id=a0f57b09-19c4-48f6-8a1c-4d9625c12bd8, startValue=2025-09-20T18:22:59, endValue=2025-09-20T18:23:01
[2025-09-21 06:22:45.619] INFO  [MultiTableRepo.sms] Setting timestamp parameters: start=2025-09-20 18:22:59.0, end=2025-09-20 18:23:01.0
[2025-09-21 06:22:45.619] INFO  [MultiTableRepo.sms] No results found in table sms_shard_01.sms_20250920
[2025-09-21 06:22:45.620] INFO  [MultiTableRepo.sms] Executing SQL: SELECT * FROM sms_shard_01.sms_20250921 WHERE id = ? AND created_at >= ? AND created_at < ?
[2025-09-21 06:22:45.621] INFO  [MultiTableRepo.sms] Parameters: id=a8f8e3c8-33fc-44a2-b0ff-1fbde771513d, startValue=2025-09-21T11:00, endValue=2025-09-21T13:00
[2025-09-21 06:22:45.621] INFO  [MultiTableRepo.sms] Setting timestamp parameters: start=2025-09-21 11:00:00.0, end=2025-09-21 13:00:00.0
[2025-09-21 06:22:45.622] INFO  [MultiTableRepo.sms] No results found in table sms_shard_01.sms_20250921
[2025-09-21 06:22:45.623] INFO  [MultiTableRepo.sms] Executing SQL: SELECT * FROM sms_shard_01.sms_20250917 WHERE id = ? AND created_at >= ? AND created_at < ?
[2025-09-21 06:22:45.623] INFO  [MultiTableRepo.sms] Parameters: id=a1702d79-2291-4fba-81e3-b57f131c1ca7, startValue=2025-09-17T21:22:59, endValue=2025-09-17T21:23:01
[2025-09-21 06:22:45.624] INFO  [MultiTableRepo.sms] Setting timestamp parameters: start=2025-09-17 21:22:59.0, end=2025-09-17 21:23:01.0
[2025-09-21 06:22:45.625] INFO  [MultiTableRepo.sms] No results found in table sms_shard_01.sms_20250917
[2025-09-21 06:22:45.626] INFO  [MultiTableRepo.sms] Executing SQL: SELECT * FROM sms_shard_01.sms_20250917 WHERE id = ? AND created_at >= ? AND created_at < ?
[2025-09-21 06:22:45.626] INFO  [MultiTableRepo.sms] Parameters: id=a40821bc-fd3d-46f2-a835-e0afe128c8f2, startValue=2025-09-17T21:35, endValue=2025-09-17T23:35
[2025-09-21 06:22:45.627] INFO  [MultiTableRepo.sms] Setting timestamp parameters: start=2025-09-17 21:35:00.0, end=2025-09-17 23:35:00.0
[2025-09-21 06:22:45.627] INFO  [MultiTableRepo.sms] No results found in table sms_shard_01.sms_20250917
[2025-09-21 06:22:45.628] INFO  [MultiTableRepo.sms] Executing SQL: SELECT * FROM sms_shard_01.sms_20250919 WHERE id = ? AND created_at >= ? AND created_at < ?
[2025-09-21 06:22:45.628] INFO  [MultiTableRepo.sms] Parameters: id=276b900b-672e-48f3-92cd-bb4759814603, startValue=2025-09-19T17:13, endValue=2025-09-19T19:13
[2025-09-21 06:22:45.629] INFO  [MultiTableRepo.sms] Setting timestamp parameters: start=2025-09-19 17:13:00.0, end=2025-09-19 19:13:00.0
[2025-09-21 06:22:45.630] INFO  [MultiTableRepo.sms] No results found in table sms_shard_01.sms_20250919
[2025-09-21 06:22:45.631] INFO  [MultiTableRepo.sms] Executing SQL: SELECT * FROM sms_shard_01.sms_20250921 WHERE id = ? AND created_at >= ? AND created_at < ?
[2025-09-21 06:22:45.631] INFO  [MultiTableRepo.sms] Parameters: id=e1ca5f8b-3731-4ad5-971e-df10f04efaaa, startValue=2025-09-21T12:09, endValue=2025-09-21T14:09
[2025-09-21 06:22:45.632] INFO  [MultiTableRepo.sms] Setting timestamp parameters: start=2025-09-21 12:09:00.0, end=2025-09-21 14:09:00.0
[2025-09-21 06:22:45.633] INFO  [MultiTableRepo.sms] No results found in table sms_shard_01.sms_20250921
[2025-09-21 06:22:45.634] INFO  [MultiTableRepo.sms] Executing SQL: SELECT * FROM sms_shard_01.sms_20250917 WHERE id = ? AND created_at >= ? AND created_at < ?
[2025-09-21 06:22:45.634] INFO  [MultiTableRepo.sms] Parameters: id=b841b336-3e4e-4a7e-81c8-cc9d106cae99, startValue=2025-09-17T21:37:59, endValue=2025-09-17T21:38:01
[2025-09-21 06:22:45.635] INFO  [MultiTableRepo.sms] Setting timestamp parameters: start=2025-09-17 21:37:59.0, end=2025-09-17 21:38:01.0
[2025-09-21 06:22:45.636] INFO  [MultiTableRepo.sms] No results found in table sms_shard_01.sms_20250917
[2025-09-21 06:22:45.637] INFO  [MultiTableRepo.sms] Executing SQL: SELECT * FROM sms_shard_01.sms_20250915 WHERE id = ? AND created_at >= ? AND created_at < ?
[2025-09-21 06:22:45.637] INFO  [MultiTableRepo.sms] Parameters: id=d35489a6-7d1c-4598-83d9-247be53fb7e7, startValue=2025-09-15T06:03, endValue=2025-09-15T06:05
[2025-09-21 06:22:45.638] INFO  [MultiTableRepo.sms] Setting timestamp parameters: start=2025-09-15 06:03:00.0, end=2025-09-15 06:05:00.0
[2025-09-21 06:22:45.639] INFO  [MultiTableRepo.sms] No results found in table sms_shard_01.sms_20250915
[2025-09-21 06:22:45.640] INFO  [MultiTableRepo.sms] Executing SQL: SELECT * FROM sms_shard_01.sms_20250921 WHERE id = ? AND created_at >= ? AND created_at < ?
[2025-09-21 06:22:45.640] INFO  [MultiTableRepo.sms] Parameters: id=9ad30b80-1d1a-4310-8703-3707ad88e439, startValue=2025-09-21T15:59, endValue=2025-09-21T16:01
[2025-09-21 06:22:45.641] INFO  [MultiTableRepo.sms] Setting timestamp parameters: start=2025-09-21 15:59:00.0, end=2025-09-21 16:01:00.0
[2025-09-21 06:22:45.642] INFO  [MultiTableRepo.sms] No results found in table sms_shard_01.sms_20250921
[2025-09-21 06:22:45.643] INFO  [MultiTableRepo.sms] Executing SQL: SELECT * FROM sms_shard_01.sms_20250916 WHERE id = ? AND created_at >= ? AND created_at < ?
[2025-09-21 06:22:45.643] INFO  [MultiTableRepo.sms] Parameters: id=2b99594c-ff48-4ad3-a9f4-8e1df6c1512a, startValue=2025-09-16T06:23, endValue=2025-09-16T06:25
[2025-09-21 06:22:45.644] INFO  [MultiTableRepo.sms] Setting timestamp parameters: start=2025-09-16 06:23:00.0, end=2025-09-16 06:25:00.0
[2025-09-21 06:22:45.644] INFO  [MultiTableRepo.sms] No results found in table sms_shard_01.sms_20250916
[2025-09-21 06:22:45.645] INFO  [MultiTableRepo.sms] Executing SQL: SELECT * FROM sms_shard_01.sms_20250921 WHERE id = ? AND created_at >= ? AND created_at < ?
[2025-09-21 06:22:45.646] INFO  [MultiTableRepo.sms] Parameters: id=baae1eaa-b2c4-4b6f-a80d-c7924aadc277, startValue=2025-09-21T01:32, endValue=2025-09-21T03:32
[2025-09-21 06:22:45.646] INFO  [MultiTableRepo.sms] Setting timestamp parameters: start=2025-09-21 01:32:00.0, end=2025-09-21 03:32:00.0
[2025-09-21 06:22:45.647] INFO  [MultiTableRepo.sms] No results found in table sms_shard_01.sms_20250921
[2025-09-21 06:22:45.648] INFO  [MultiTableRepo.sms] Executing SQL: SELECT * FROM sms_shard_01.sms_20250920 WHERE id = ? AND created_at >= ? AND created_at < ?
[2025-09-21 06:22:45.648] INFO  [MultiTableRepo.sms] Parameters: id=a8b95d2d-d9f3-4ca4-80ea-1ba8e9197a32, startValue=2025-09-20T07:29:59, endValue=2025-09-20T07:30:01
[2025-09-21 06:22:45.649] INFO  [MultiTableRepo.sms] Setting timestamp parameters: start=2025-09-20 07:29:59.0, end=2025-09-20 07:30:01.0
[2025-09-21 06:22:45.649] INFO  [MultiTableRepo.sms] No results found in table sms_shard_01.sms_20250920
[2025-09-21 06:22:45.651] INFO  [MultiTableRepo.sms] Executing SQL: SELECT * FROM sms_shard_01.sms_20250915 WHERE id = ? AND created_at >= ? AND created_at < ?
[2025-09-21 06:22:45.651] INFO  [MultiTableRepo.sms] Parameters: id=23844469-7837-4aba-ade9-a8c1d93d1868, startValue=2025-09-15T15:29, endValue=2025-09-15T15:31
[2025-09-21 06:22:45.654] INFO  [MultiTableRepo.sms] Setting timestamp parameters: start=2025-09-15 15:29:00.0, end=2025-09-15 15:31:00.0
[2025-09-21 06:22:45.655] INFO  [MultiTableRepo.sms] No results found in table sms_shard_01.sms_20250915
[2025-09-21 06:22:45.657] INFO  [MultiTableRepo.sms] Executing SQL: SELECT * FROM sms_shard_01.sms_20250919 WHERE id = ? AND created_at >= ? AND created_at < ?
[2025-09-21 06:22:45.657] INFO  [MultiTableRepo.sms] Parameters: id=1e1bffcd-7e47-464e-ba36-9c356b130581, startValue=2025-09-19T20:40:59, endValue=2025-09-19T20:41:01
[2025-09-21 06:22:45.658] INFO  [MultiTableRepo.sms] Setting timestamp parameters: start=2025-09-19 20:40:59.0, end=2025-09-19 20:41:01.0
[2025-09-21 06:22:45.658] INFO  [MultiTableRepo.sms] No results found in table sms_shard_01.sms_20250919
[2025-09-21 06:22:45.660] INFO  [MultiTableRepo.sms] Executing SQL: SELECT * FROM sms_shard_01.sms_20250917 WHERE id = ? AND created_at >= ? AND created_at < ?
[2025-09-21 06:22:45.660] INFO  [MultiTableRepo.sms] Parameters: id=8788d15b-433b-4934-bc22-eeecf4409037, startValue=2025-09-17T21:44:59, endValue=2025-09-17T21:45:01
[2025-09-21 06:22:45.661] INFO  [MultiTableRepo.sms] Setting timestamp parameters: start=2025-09-17 21:44:59.0, end=2025-09-17 21:45:01.0
[2025-09-21 06:22:45.661] INFO  [MultiTableRepo.sms] No results found in table sms_shard_01.sms_20250917
[2025-09-21 06:22:45.665] INFO  [MultiTableRepo.sms] Executing SQL: SELECT * FROM sms_shard_01.sms_20250915 WHERE id = ? AND created_at >= ? AND created_at < ?
[2025-09-21 06:22:45.665] INFO  [MultiTableRepo.sms] Parameters: id=e61ee5e4-95de-4098-9b40-91cd1a89a992, startValue=2025-09-15T05:50, endValue=2025-09-15T07:50
[2025-09-21 06:22:45.667] INFO  [MultiTableRepo.sms] Setting timestamp parameters: start=2025-09-15 05:50:00.0, end=2025-09-15 07:50:00.0
[2025-09-21 06:22:45.668] INFO  [MultiTableRepo.sms] No results found in table sms_shard_01.sms_20250915
[2025-09-21 06:22:45.669] INFO  [MultiTableRepo.sms] Executing SQL: SELECT * FROM sms_shard_01.sms_20250921 WHERE id = ? AND created_at >= ? AND created_at < ?
[2025-09-21 06:22:45.669] INFO  [MultiTableRepo.sms] Parameters: id=f1a8dc4e-c410-42d7-bc8c-ec27171b539d, startValue=2025-09-21T23:30:59, endValue=2025-09-21T23:31:01
[2025-09-21 06:22:45.670] INFO  [MultiTableRepo.sms] Setting timestamp parameters: start=2025-09-21 23:30:59.0, end=2025-09-21 23:31:01.0
[2025-09-21 06:22:45.671] INFO  [MultiTableRepo.sms] No results found in table sms_shard_01.sms_20250921
[2025-09-21 06:22:45.672] INFO  [MultiTableRepo.sms] Executing SQL: SELECT * FROM sms_shard_01.sms_20250921 WHERE id = ? AND created_at >= ? AND created_at < ?
[2025-09-21 06:22:45.672] INFO  [MultiTableRepo.sms] Parameters: id=cd299b59-8d5b-4150-b262-0eb600bf130e, startValue=2025-09-21T06:50, endValue=2025-09-21T06:52
[2025-09-21 06:22:45.673] INFO  [MultiTableRepo.sms] Setting timestamp parameters: start=2025-09-21 06:50:00.0, end=2025-09-21 06:52:00.0
[2025-09-21 06:22:45.673] INFO  [MultiTableRepo.sms] No results found in table sms_shard_01.sms_20250921
[2025-09-21 06:22:45.674] INFO  [MultiTableRepo.sms] Executing SQL: SELECT * FROM sms_shard_01.sms_20250921 WHERE id = ? AND created_at >= ? AND created_at < ?
[2025-09-21 06:22:45.674] INFO  [MultiTableRepo.sms] Parameters: id=520c7e74-d055-4cc2-b2d3-264ef411fa93, startValue=2025-09-21T11:17:59, endValue=2025-09-21T11:18:01
[2025-09-21 06:22:45.676] INFO  [MultiTableRepo.sms] Setting timestamp parameters: start=2025-09-21 11:17:59.0, end=2025-09-21 11:18:01.0
[2025-09-21 06:22:45.676] INFO  [MultiTableRepo.sms] No results found in table sms_shard_01.sms_20250921
[2025-09-21 06:22:45.677] INFO  [MultiTableRepo.sms] Executing SQL: SELECT * FROM sms_shard_01.sms_20250918 WHERE id = ? AND created_at >= ? AND created_at < ?
[2025-09-21 06:22:45.677] INFO  [MultiTableRepo.sms] Parameters: id=8f4886ba-9a11-4b2c-865a-11309a664924, startValue=2025-09-18T04:57, endValue=2025-09-18T04:59
[2025-09-21 06:22:45.679] INFO  [MultiTableRepo.sms] Setting timestamp parameters: start=2025-09-18 04:57:00.0, end=2025-09-18 04:59:00.0
[2025-09-21 06:22:45.679] INFO  [MultiTableRepo.sms] No results found in table sms_shard_01.sms_20250918
[2025-09-21 06:22:45.681] INFO  [MultiTableRepo.sms] Executing SQL: SELECT * FROM sms_shard_01.sms_20250917 WHERE id = ? AND created_at >= ? AND created_at < ?
[2025-09-21 06:22:45.681] INFO  [MultiTableRepo.sms] Parameters: id=ed1ff40b-baf8-4aad-b9b5-eb85e75e1fa1, startValue=2025-09-17T08:01, endValue=2025-09-17T08:03
[2025-09-21 06:22:45.682] INFO  [MultiTableRepo.sms] Setting timestamp parameters: start=2025-09-17 08:01:00.0, end=2025-09-17 08:03:00.0
[2025-09-21 06:22:45.683] INFO  [MultiTableRepo.sms] No results found in table sms_shard_01.sms_20250917
[2025-09-21 06:22:45.684] INFO  [MultiTableRepo.sms] Executing SQL: SELECT * FROM sms_shard_01.sms_20250915 WHERE id = ? AND created_at >= ? AND created_at < ?
[2025-09-21 06:22:45.684] INFO  [MultiTableRepo.sms] Parameters: id=636f5f9b-5448-46da-bae8-f3d4da2ceff0, startValue=2025-09-15T11:03, endValue=2025-09-15T11:05
[2025-09-21 06:22:45.688] INFO  [MultiTableRepo.sms] Setting timestamp parameters: start=2025-09-15 11:03:00.0, end=2025-09-15 11:05:00.0
[2025-09-21 06:22:45.688] INFO  [MultiTableRepo.sms] No results found in table sms_shard_01.sms_20250915
[2025-09-21 06:22:45.690] INFO  [MultiTableRepo.sms] Executing SQL: SELECT * FROM sms_shard_01.sms_20250917 WHERE id = ? AND created_at >= ? AND created_at < ?
[2025-09-21 06:22:45.690] INFO  [MultiTableRepo.sms] Parameters: id=a5cefef0-746f-49f5-becf-01890069e920, startValue=2025-09-17T09:07, endValue=2025-09-17T11:07
[2025-09-21 06:22:45.691] INFO  [MultiTableRepo.sms] Setting timestamp parameters: start=2025-09-17 09:07:00.0, end=2025-09-17 11:07:00.0
[2025-09-21 06:22:45.691] INFO  [MultiTableRepo.sms] No results found in table sms_shard_01.sms_20250917
[2025-09-21 06:22:45.693] INFO  [MultiTableRepo.sms] Executing SQL: SELECT * FROM sms_shard_01.sms_20250920 WHERE id = ? AND created_at >= ? AND created_at < ?
[2025-09-21 06:22:45.693] INFO  [MultiTableRepo.sms] Parameters: id=47f6ddf2-69b1-4ba0-9f29-d2f90263c870, startValue=2025-09-20T07:41, endValue=2025-09-20T09:41
[2025-09-21 06:22:45.694] INFO  [MultiTableRepo.sms] Setting timestamp parameters: start=2025-09-20 07:41:00.0, end=2025-09-20 09:41:00.0
[2025-09-21 06:22:45.694] INFO  [MultiTableRepo.sms] No results found in table sms_shard_01.sms_20250920
[2025-09-21 06:22:45.698] INFO  [MultiTableRepo.sms] Executing SQL: SELECT * FROM sms_shard_01.sms_20250920 WHERE id = ? AND created_at >= ? AND created_at < ?
[2025-09-21 06:22:45.698] INFO  [MultiTableRepo.sms] Parameters: id=1f2aa930-5ffd-4955-af19-b72539b2829d, startValue=2025-09-20T15:21, endValue=2025-09-20T15:23
[2025-09-21 06:22:45.700] INFO  [MultiTableRepo.sms] Setting timestamp parameters: start=2025-09-20 15:21:00.0, end=2025-09-20 15:23:00.0
[2025-09-21 06:22:45.700] INFO  [MultiTableRepo.sms] No results found in table sms_shard_01.sms_20250920
[2025-09-21 06:22:45.704] INFO  [MultiTableRepo.sms] Executing SQL: SELECT * FROM sms_shard_01.sms_20250915 WHERE id = ? AND created_at >= ? AND created_at < ?
[2025-09-21 06:22:45.704] INFO  [MultiTableRepo.sms] Parameters: id=2e48cd5e-c2a2-4cd8-9ae1-54bd128a37a3, startValue=2025-09-15T11:14, endValue=2025-09-15T13:14
[2025-09-21 06:22:45.706] INFO  [MultiTableRepo.sms] Setting timestamp parameters: start=2025-09-15 11:14:00.0, end=2025-09-15 13:14:00.0
[2025-09-21 06:22:45.706] INFO  [MultiTableRepo.sms] No results found in table sms_shard_01.sms_20250915
[2025-09-21 06:22:45.713] INFO  [MultiTableRepo.sms] Executing SQL: SELECT * FROM sms_shard_01.sms_20250918 WHERE id = ? AND created_at >= ? AND created_at < ?
[2025-09-21 06:22:45.713] INFO  [MultiTableRepo.sms] Parameters: id=0c2ef1be-0f65-42a2-a654-c5077126d2ce, startValue=2025-09-18T10:36, endValue=2025-09-18T12:36
[2025-09-21 06:22:45.714] INFO  [MultiTableRepo.sms] Setting timestamp parameters: start=2025-09-18 10:36:00.0, end=2025-09-18 12:36:00.0
[2025-09-21 06:22:45.714] INFO  [MultiTableRepo.sms] No results found in table sms_shard_01.sms_20250918
[2025-09-21 06:22:45.715] INFO  [MultiTableRepo.sms] Executing SQL: SELECT * FROM sms_shard_01.sms_20250915 WHERE id = ? AND created_at >= ? AND created_at < ?
[2025-09-21 06:22:45.715] INFO  [MultiTableRepo.sms] Parameters: id=0324d2c4-a00b-44e1-bf32-0c6285d0c863, startValue=2025-09-15T00:28, endValue=2025-09-15T02:28
[2025-09-21 06:22:45.716] INFO  [MultiTableRepo.sms] Setting timestamp parameters: start=2025-09-15 00:28:00.0, end=2025-09-15 02:28:00.0
[2025-09-21 06:22:45.717] INFO  [MultiTableRepo.sms] No results found in table sms_shard_01.sms_20250915
[2025-09-21 06:22:45.718] INFO  [MultiTableRepo.sms] Executing SQL: SELECT * FROM sms_shard_01.sms_20250919 WHERE id = ? AND created_at >= ? AND created_at < ?
[2025-09-21 06:22:45.718] INFO  [MultiTableRepo.sms] Parameters: id=15a22ef9-429f-4b19-92bb-fab9dd68b97c, startValue=2025-09-19T03:45, endValue=2025-09-19T03:47
[2025-09-21 06:22:45.719] INFO  [MultiTableRepo.sms] Setting timestamp parameters: start=2025-09-19 03:45:00.0, end=2025-09-19 03:47:00.0
[2025-09-21 06:22:45.719] INFO  [MultiTableRepo.sms] No results found in table sms_shard_01.sms_20250919
[2025-09-21 06:22:45.721] INFO  [MultiTableRepo.sms] Executing SQL: SELECT * FROM sms_shard_01.sms_20250915 WHERE id = ? AND created_at >= ? AND created_at < ?
[2025-09-21 06:22:45.721] INFO  [MultiTableRepo.sms] Parameters: id=049f395e-c172-47a5-94f8-5df2eb1b8283, startValue=2025-09-15T00:36, endValue=2025-09-15T02:36
[2025-09-21 06:22:45.722] INFO  [MultiTableRepo.sms] Setting timestamp parameters: start=2025-09-15 00:36:00.0, end=2025-09-15 02:36:00.0
[2025-09-21 06:22:45.722] INFO  [MultiTableRepo.sms] No results found in table sms_shard_01.sms_20250915
[2025-09-21 06:22:45.726] INFO  [MultiTableRepo.sms] Executing SQL: SELECT * FROM sms_shard_01.sms_20250919 WHERE id = ? AND created_at >= ? AND created_at < ?
[2025-09-21 06:22:45.726] INFO  [MultiTableRepo.sms] Parameters: id=c20beb73-9a3d-43c0-b894-37b72ec15b47, startValue=2025-09-19T05:43, endValue=2025-09-19T05:45
[2025-09-21 06:22:45.727] INFO  [MultiTableRepo.sms] Setting timestamp parameters: start=2025-09-19 05:43:00.0, end=2025-09-19 05:45:00.0
[2025-09-21 06:22:45.727] INFO  [MultiTableRepo.sms] No results found in table sms_shard_01.sms_20250919
[2025-09-21 06:22:45.728] INFO  [MultiTableRepo.sms] Executing SQL: SELECT * FROM sms_shard_01.sms_20250918 WHERE id = ? AND created_at >= ? AND created_at < ?
[2025-09-21 06:22:45.728] INFO  [MultiTableRepo.sms] Parameters: id=061c4de0-b500-4f89-bbed-4167018538e8, startValue=2025-09-18T05:02:59, endValue=2025-09-18T05:03:01
[2025-09-21 06:22:45.730] INFO  [MultiTableRepo.sms] Setting timestamp parameters: start=2025-09-18 05:02:59.0, end=2025-09-18 05:03:01.0
[2025-09-21 06:22:45.730] INFO  [MultiTableRepo.sms] No results found in table sms_shard_01.sms_20250918
[2025-09-21 06:22:45.732] INFO  [MultiTableRepo.sms] Executing SQL: SELECT * FROM sms_shard_01.sms_20250920 WHERE id = ? AND created_at >= ? AND created_at < ?
[2025-09-21 06:22:45.732] INFO  [MultiTableRepo.sms] Parameters: id=0369088a-3dcc-4efd-baef-b91b60d8aaed, startValue=2025-09-20T12:21, endValue=2025-09-20T12:23
[2025-09-21 06:22:45.733] INFO  [MultiTableRepo.sms] Setting timestamp parameters: start=2025-09-20 12:21:00.0, end=2025-09-20 12:23:00.0
[2025-09-21 06:22:45.734] INFO  [MultiTableRepo.sms] No results found in table sms_shard_01.sms_20250920
[2025-09-21 06:22:45.735] INFO  [MultiTableRepo.sms] Executing SQL: SELECT * FROM sms_shard_01.sms_20250921 WHERE id = ? AND created_at >= ? AND created_at < ?
[2025-09-21 06:22:45.735] INFO  [MultiTableRepo.sms] Parameters: id=0307d50a-8af8-419e-aae2-142beb895188, startValue=2025-09-21T19:31:59, endValue=2025-09-21T19:32:01
[2025-09-21 06:22:45.736] INFO  [MultiTableRepo.sms] Setting timestamp parameters: start=2025-09-21 19:31:59.0, end=2025-09-21 19:32:01.0
[2025-09-21 06:22:45.737] INFO  [MultiTableRepo.sms] No results found in table sms_shard_01.sms_20250921
[2025-09-21 06:22:45.738] INFO  [MultiTableRepo.sms] Executing SQL: SELECT * FROM sms_shard_01.sms_20250915 WHERE id = ? AND created_at >= ? AND created_at < ?
[2025-09-21 06:22:45.738] INFO  [MultiTableRepo.sms] Parameters: id=755da046-e069-4575-a881-11fd864325d5, startValue=2025-09-15T10:34, endValue=2025-09-15T10:36
[2025-09-21 06:22:45.741] INFO  [MultiTableRepo.sms] Setting timestamp parameters: start=2025-09-15 10:34:00.0, end=2025-09-15 10:36:00.0
[2025-09-21 06:22:45.743] INFO  [MultiTableRepo.sms] No results found in table sms_shard_01.sms_20250915
[2025-09-21 06:22:45.750] INFO  [MultiTableRepo.sms] Executing SQL: SELECT * FROM sms_shard_01.sms_20250921 WHERE id = ? AND created_at >= ? AND created_at < ?
[2025-09-21 06:22:45.750] INFO  [MultiTableRepo.sms] Parameters: id=8157080d-edb0-4e01-bde1-07545acbb4f6, startValue=2025-09-21T22:29, endValue=2025-09-21T22:31
[2025-09-21 06:22:45.751] INFO  [MultiTableRepo.sms] Setting timestamp parameters: start=2025-09-21 22:29:00.0, end=2025-09-21 22:31:00.0
[2025-09-21 06:22:45.752] INFO  [MultiTableRepo.sms] No results found in table sms_shard_01.sms_20250921
[2025-09-21 06:22:45.753] INFO  [MultiTableRepo.sms] Executing SQL: SELECT * FROM sms_shard_01.sms_20250921 WHERE id = ? AND created_at >= ? AND created_at < ?
[2025-09-21 06:22:45.753] INFO  [MultiTableRepo.sms] Parameters: id=4d5d1988-6dac-43fb-bf89-06f6d16e53b5, startValue=2025-09-21T16:02, endValue=2025-09-21T18:02
[2025-09-21 06:22:45.755] INFO  [MultiTableRepo.sms] Setting timestamp parameters: start=2025-09-21 16:02:00.0, end=2025-09-21 18:02:00.0
[2025-09-21 06:22:45.755] INFO  [MultiTableRepo.sms] No results found in table sms_shard_01.sms_20250921
[2025-09-21 06:22:45.757] INFO  [MultiTableRepo.sms] Executing SQL: SELECT * FROM sms_shard_01.sms_20250921 WHERE id = ? AND created_at >= ? AND created_at < ?
[2025-09-21 06:22:45.757] INFO  [MultiTableRepo.sms] Parameters: id=74e0e118-11b9-43e0-8d26-00962b0f6aa8, startValue=2025-09-21T09:23:59, endValue=2025-09-21T09:24:01
[2025-09-21 06:22:45.758] INFO  [MultiTableRepo.sms] Setting timestamp parameters: start=2025-09-21 09:23:59.0, end=2025-09-21 09:24:01.0
[2025-09-21 06:22:45.758] INFO  [MultiTableRepo.sms] No results found in table sms_shard_01.sms_20250921
[2025-09-21 06:22:45.760] INFO  [MultiTableRepo.sms] Executing SQL: SELECT * FROM sms_shard_01.sms_20250919 WHERE id = ? AND created_at >= ? AND created_at < ?
[2025-09-21 06:22:45.761] INFO  [MultiTableRepo.sms] Parameters: id=c0f78673-b214-494c-a135-e591b5064c8e, startValue=2025-09-19T03:07, endValue=2025-09-19T05:07
[2025-09-21 06:22:45.763] INFO  [MultiTableRepo.sms] Setting timestamp parameters: start=2025-09-19 03:07:00.0, end=2025-09-19 05:07:00.0
[2025-09-21 06:22:45.766] INFO  [MultiTableRepo.sms] No results found in table sms_shard_01.sms_20250919
[2025-09-21 06:22:45.771] INFO  [MultiTableRepo.sms] Executing SQL: SELECT * FROM sms_shard_01.sms_20250919 WHERE id = ? AND created_at >= ? AND created_at < ?
[2025-09-21 06:22:45.771] INFO  [MultiTableRepo.sms] Parameters: id=c4b73460-7be0-4cee-b328-a7cd55a2eebd, startValue=2025-09-19T08:06:59, endValue=2025-09-19T08:07:01
[2025-09-21 06:22:45.772] INFO  [MultiTableRepo.sms] Setting timestamp parameters: start=2025-09-19 08:06:59.0, end=2025-09-19 08:07:01.0
[2025-09-21 06:22:45.772] INFO  [MultiTableRepo.sms] No results found in table sms_shard_01.sms_20250919
[2025-09-21 06:22:45.774] INFO  [MultiTableRepo.sms] Executing SQL: SELECT * FROM sms_shard_01.sms_20250918 WHERE id = ? AND created_at >= ? AND created_at < ?
[2025-09-21 06:22:45.774] INFO  [MultiTableRepo.sms] Parameters: id=4ddf5c52-633a-4c5e-b7f8-a4588f15ef6c, startValue=2025-09-18T17:21, endValue=2025-09-18T17:23
[2025-09-21 06:22:45.775] INFO  [MultiTableRepo.sms] Setting timestamp parameters: start=2025-09-18 17:21:00.0, end=2025-09-18 17:23:00.0
[2025-09-21 06:22:45.776] INFO  [MultiTableRepo.sms] No results found in table sms_shard_01.sms_20250918
[2025-09-21 06:22:45.778] INFO  [MultiTableRepo.sms] Executing SQL: SELECT * FROM sms_shard_01.sms_20250915 WHERE id = ? AND created_at >= ? AND created_at < ?
[2025-09-21 06:22:45.778] INFO  [MultiTableRepo.sms] Parameters: id=72e9969b-b089-46fe-a006-6ccdad04b667, startValue=2025-09-15T07:36, endValue=2025-09-15T09:36
[2025-09-21 06:22:45.779] INFO  [MultiTableRepo.sms] Setting timestamp parameters: start=2025-09-15 07:36:00.0, end=2025-09-15 09:36:00.0
[2025-09-21 06:22:45.780] INFO  [MultiTableRepo.sms] No results found in table sms_shard_01.sms_20250915
[2025-09-21 06:22:45.781] INFO  [MultiTableRepo.sms] Executing SQL: SELECT * FROM sms_shard_01.sms_20250920 WHERE id = ? AND created_at >= ? AND created_at < ?
[2025-09-21 06:22:45.781] INFO  [MultiTableRepo.sms] Parameters: id=5682695c-7449-4188-8784-0c157f42e17f, startValue=2025-09-20T03:47, endValue=2025-09-20T03:49
[2025-09-21 06:22:45.782] INFO  [MultiTableRepo.sms] Setting timestamp parameters: start=2025-09-20 03:47:00.0, end=2025-09-20 03:49:00.0
[2025-09-21 06:22:45.782] INFO  [MultiTableRepo.sms] No results found in table sms_shard_01.sms_20250920
[2025-09-21 06:22:45.783] INFO  [MultiTableRepo.sms] Executing SQL: SELECT * FROM sms_shard_01.sms_20250915 WHERE id = ? AND created_at >= ? AND created_at < ?
[2025-09-21 06:22:45.783] INFO  [MultiTableRepo.sms] Parameters: id=cd2901a1-e61b-4582-89bd-a4e71c875810, startValue=2025-09-15T05:56, endValue=2025-09-15T07:56
[2025-09-21 06:22:45.784] INFO  [MultiTableRepo.sms] Setting timestamp parameters: start=2025-09-15 05:56:00.0, end=2025-09-15 07:56:00.0
[2025-09-21 06:22:45.784] INFO  [MultiTableRepo.sms] No results found in table sms_shard_01.sms_20250915
[2025-09-21 06:22:45.785] INFO  [MultiTableRepo.sms] Executing SQL: SELECT * FROM sms_shard_01.sms_20250916 WHERE id = ? AND created_at >= ? AND created_at < ?
[2025-09-21 06:22:45.785] INFO  [MultiTableRepo.sms] Parameters: id=f85d8df0-4d06-44a6-8aa9-99bba37c32d6, startValue=2025-09-16T03:15, endValue=2025-09-16T05:15
[2025-09-21 06:22:45.786] INFO  [MultiTableRepo.sms] Setting timestamp parameters: start=2025-09-16 03:15:00.0, end=2025-09-16 05:15:00.0
[2025-09-21 06:22:45.787] INFO  [MultiTableRepo.sms] No results found in table sms_shard_01.sms_20250916
[2025-09-21 06:22:45.788] INFO  [MultiTableRepo.sms] Executing SQL: SELECT * FROM sms_shard_01.sms_20250916 WHERE id = ? AND created_at >= ? AND created_at < ?
[2025-09-21 06:22:45.788] INFO  [MultiTableRepo.sms] Parameters: id=b0c9a5ce-9445-484c-acaa-490b29bed5c5, startValue=2025-09-16T04:02:59, endValue=2025-09-16T04:03:01
[2025-09-21 06:22:45.789] INFO  [MultiTableRepo.sms] Setting timestamp parameters: start=2025-09-16 04:02:59.0, end=2025-09-16 04:03:01.0
[2025-09-21 06:22:45.789] INFO  [MultiTableRepo.sms] No results found in table sms_shard_01.sms_20250916
[2025-09-21 06:22:45.790] INFO  [MultiTableRepo.sms] Executing SQL: SELECT * FROM sms_shard_01.sms_20250917 WHERE id = ? AND created_at >= ? AND created_at < ?
[2025-09-21 06:22:45.790] INFO  [MultiTableRepo.sms] Parameters: id=4d42ceb8-9c95-49a8-8535-b4228cc0fca4, startValue=2025-09-17T02:44, endValue=2025-09-17T04:44
[2025-09-21 06:22:45.791] INFO  [MultiTableRepo.sms] Setting timestamp parameters: start=2025-09-17 02:44:00.0, end=2025-09-17 04:44:00.0
[2025-09-21 06:22:45.791] INFO  [MultiTableRepo.sms] No results found in table sms_shard_01.sms_20250917
[2025-09-21 06:22:45.792] INFO  [MultiTableRepo.sms] Executing SQL: SELECT * FROM sms_shard_01.sms_20250918 WHERE id = ? AND created_at >= ? AND created_at < ?
[2025-09-21 06:22:45.792] INFO  [MultiTableRepo.sms] Parameters: id=b8c13f1a-8d64-4db4-ab36-006d684906d2, startValue=2025-09-18T11:09, endValue=2025-09-18T13:09
[2025-09-21 06:22:45.793] INFO  [MultiTableRepo.sms] Setting timestamp parameters: start=2025-09-18 11:09:00.0, end=2025-09-18 13:09:00.0
[2025-09-21 06:22:45.793] INFO  [MultiTableRepo.sms] No results found in table sms_shard_01.sms_20250918
[2025-09-21 06:22:45.795] INFO  [MultiTableRepo.sms] Executing SQL: SELECT * FROM sms_shard_01.sms_20250921 WHERE id = ? AND created_at >= ? AND created_at < ?
[2025-09-21 06:22:45.795] INFO  [MultiTableRepo.sms] Parameters: id=ba4af33b-50ee-44a4-810c-68ce396036d3, startValue=2025-09-21T07:52, endValue=2025-09-21T07:54
[2025-09-21 06:22:45.795] INFO  [MultiTableRepo.sms] Setting timestamp parameters: start=2025-09-21 07:52:00.0, end=2025-09-21 07:54:00.0
[2025-09-21 06:22:45.796] INFO  [MultiTableRepo.sms] No results found in table sms_shard_01.sms_20250921
[2025-09-21 06:22:45.798] INFO  [MultiTableRepo.sms] Executing SQL: SELECT * FROM sms_shard_01.sms_20250920 WHERE id = ? AND created_at >= ? AND created_at < ?
[2025-09-21 06:22:45.798] INFO  [MultiTableRepo.sms] Parameters: id=50fa457f-e9a9-47ef-ad31-27735a8e0961, startValue=2025-09-20T18:43, endValue=2025-09-20T18:45
[2025-09-21 06:22:45.799] INFO  [MultiTableRepo.sms] Setting timestamp parameters: start=2025-09-20 18:43:00.0, end=2025-09-20 18:45:00.0
[2025-09-21 06:22:45.799] INFO  [MultiTableRepo.sms] No results found in table sms_shard_01.sms_20250920
[2025-09-21 06:22:45.801] INFO  [MultiTableRepo.sms] Executing SQL: SELECT * FROM sms_shard_01.sms_20250920 WHERE id = ? AND created_at >= ? AND created_at < ?
[2025-09-21 06:22:45.801] INFO  [MultiTableRepo.sms] Parameters: id=8b83f769-9a03-45e2-8a17-4a9fe33d0a61, startValue=2025-09-20T14:32:59, endValue=2025-09-20T14:33:01
[2025-09-21 06:22:45.805] INFO  [MultiTableRepo.sms] Setting timestamp parameters: start=2025-09-20 14:32:59.0, end=2025-09-20 14:33:01.0
[2025-09-21 06:22:45.805] INFO  [MultiTableRepo.sms] No results found in table sms_shard_01.sms_20250920
[2025-09-21 06:22:45.812] INFO  [MultiTableRepo.sms] Executing SQL: SELECT * FROM sms_shard_01.sms_20250921 WHERE id = ? AND created_at >= ? AND created_at < ?
[2025-09-21 06:22:45.812] INFO  [MultiTableRepo.sms] Parameters: id=487cb125-da11-4709-9571-de5f3b5aa552, startValue=2025-09-21T07:13, endValue=2025-09-21T07:15
[2025-09-21 06:22:45.813] INFO  [MultiTableRepo.sms] Setting timestamp parameters: start=2025-09-21 07:13:00.0, end=2025-09-21 07:15:00.0
[2025-09-21 06:22:45.813] INFO  [MultiTableRepo.sms] No results found in table sms_shard_01.sms_20250921
[2025-09-21 06:22:45.815] INFO  [MultiTableRepo.sms] Executing SQL: SELECT * FROM sms_shard_01.sms_20250918 WHERE id = ? AND created_at >= ? AND created_at < ?
[2025-09-21 06:22:45.815] INFO  [MultiTableRepo.sms] Parameters: id=87824c17-5259-41bd-bfbc-205c2e75cc36, startValue=2025-09-18T17:14, endValue=2025-09-18T19:14
[2025-09-21 06:22:45.815] INFO  [MultiTableRepo.sms] Setting timestamp parameters: start=2025-09-18 17:14:00.0, end=2025-09-18 19:14:00.0
[2025-09-21 06:22:45.816] INFO  [MultiTableRepo.sms] No results found in table sms_shard_01.sms_20250918
[2025-09-21 06:22:45.817] INFO  [MultiTableRepo.sms] Executing SQL: SELECT * FROM sms_shard_01.sms_20250919 WHERE id = ? AND created_at >= ? AND created_at < ?
[2025-09-21 06:22:45.817] INFO  [MultiTableRepo.sms] Parameters: id=e2f65d00-00c4-49bb-8293-34e3bb07a50a, startValue=2025-09-19T06:47:59, endValue=2025-09-19T06:48:01
[2025-09-21 06:22:45.817] INFO  [MultiTableRepo.sms] Setting timestamp parameters: start=2025-09-19 06:47:59.0, end=2025-09-19 06:48:01.0
[2025-09-21 06:22:45.820] INFO  [MultiTableRepo.sms] No results found in table sms_shard_01.sms_20250919
[2025-09-21 06:22:45.821] INFO  [MultiTableRepo.sms] Executing SQL: SELECT * FROM sms_shard_01.sms_20250916 WHERE id = ? AND created_at >= ? AND created_at < ?
[2025-09-21 06:22:45.821] INFO  [MultiTableRepo.sms] Parameters: id=a5263108-511b-4e18-a26d-347f6b684d8a, startValue=2025-09-16T10:30:59, endValue=2025-09-16T10:31:01
[2025-09-21 06:22:45.822] INFO  [MultiTableRepo.sms] Setting timestamp parameters: start=2025-09-16 10:30:59.0, end=2025-09-16 10:31:01.0
[2025-09-21 06:22:45.823] INFO  [MultiTableRepo.sms] No results found in table sms_shard_01.sms_20250916
[2025-09-21 06:22:45.826] INFO  [MultiTableRepo.sms] Executing SQL: SELECT * FROM sms_shard_01.sms_20250920 WHERE id = ? AND created_at >= ? AND created_at < ?
[2025-09-21 06:22:45.826] INFO  [MultiTableRepo.sms] Parameters: id=cbb40de0-080b-4833-addb-8a6f6a5537b3, startValue=2025-09-20T08:11, endValue=2025-09-20T10:11
[2025-09-21 06:22:45.827] INFO  [MultiTableRepo.sms] Setting timestamp parameters: start=2025-09-20 08:11:00.0, end=2025-09-20 10:11:00.0
[2025-09-21 06:22:45.827] INFO  [MultiTableRepo.sms] No results found in table sms_shard_01.sms_20250920
[2025-09-21 06:22:45.829] INFO  [MultiTableRepo.sms] Executing SQL: SELECT * FROM sms_shard_01.sms_20250919 WHERE id = ? AND created_at >= ? AND created_at < ?
[2025-09-21 06:22:45.829] INFO  [MultiTableRepo.sms] Parameters: id=f2246122-4823-4794-8f89-4016e9f4f9b6, startValue=2025-09-19T17:39:59, endValue=2025-09-19T17:40:01
[2025-09-21 06:22:45.830] INFO  [MultiTableRepo.sms] Setting timestamp parameters: start=2025-09-19 17:39:59.0, end=2025-09-19 17:40:01.0
[2025-09-21 06:22:45.830] INFO  [MultiTableRepo.sms] No results found in table sms_shard_01.sms_20250919
[2025-09-21 06:22:45.832] INFO  [MultiTableRepo.sms] Executing SQL: SELECT * FROM sms_shard_01.sms_20250916 WHERE id = ? AND created_at >= ? AND created_at < ?
[2025-09-21 06:22:45.832] INFO  [MultiTableRepo.sms] Parameters: id=6ad9e282-0357-4434-a88a-585454b3ab64, startValue=2025-09-16T07:00:59, endValue=2025-09-16T07:01:01
[2025-09-21 06:22:45.832] INFO  [MultiTableRepo.sms] Setting timestamp parameters: start=2025-09-16 07:00:59.0, end=2025-09-16 07:01:01.0
[2025-09-21 06:22:45.833] INFO  [MultiTableRepo.sms] No results found in table sms_shard_01.sms_20250916
[2025-09-21 06:22:45.834] INFO  [MultiTableRepo.sms] Executing SQL: SELECT * FROM sms_shard_01.sms_20250916 WHERE id = ? AND created_at >= ? AND created_at < ?
[2025-09-21 06:22:45.834] INFO  [MultiTableRepo.sms] Parameters: id=5a130f5d-a821-4750-8566-8c0484ffdc1a, startValue=2025-09-16T12:34, endValue=2025-09-16T12:36
[2025-09-21 06:22:45.835] INFO  [MultiTableRepo.sms] Setting timestamp parameters: start=2025-09-16 12:34:00.0, end=2025-09-16 12:36:00.0
[2025-09-21 06:22:45.835] INFO  [MultiTableRepo.sms] No results found in table sms_shard_01.sms_20250916
[2025-09-21 06:22:45.837] INFO  [MultiTableRepo.sms] Executing SQL: SELECT * FROM sms_shard_01.sms_20250920 WHERE id = ? AND created_at >= ? AND created_at < ?
[2025-09-21 06:22:45.837] INFO  [MultiTableRepo.sms] Parameters: id=fcf6eaaf-ef7b-4e73-9085-032b266c866b, startValue=2025-09-20T20:26:59, endValue=2025-09-20T20:27:01
[2025-09-21 06:22:45.838] INFO  [MultiTableRepo.sms] Setting timestamp parameters: start=2025-09-20 20:26:59.0, end=2025-09-20 20:27:01.0
[2025-09-21 06:22:45.838] INFO  [MultiTableRepo.sms] No results found in table sms_shard_01.sms_20250920
[2025-09-21 06:22:45.839] INFO  [MultiTableRepo.sms] Executing SQL: SELECT * FROM sms_shard_01.sms_20250915 WHERE id = ? AND created_at >= ? AND created_at < ?
[2025-09-21 06:22:45.839] INFO  [MultiTableRepo.sms] Parameters: id=6fe0e742-0a8b-49b5-85c9-e316e28b55c3, startValue=2025-09-15T21:29, endValue=2025-09-15T21:31
[2025-09-21 06:22:45.840] INFO  [MultiTableRepo.sms] Setting timestamp parameters: start=2025-09-15 21:29:00.0, end=2025-09-15 21:31:00.0
[2025-09-21 06:22:45.841] INFO  [MultiTableRepo.sms] No results found in table sms_shard_01.sms_20250915
[2025-09-21 06:22:45.842] INFO  [MultiTableRepo.sms] Executing SQL: SELECT * FROM sms_shard_01.sms_20250915 WHERE id = ? AND created_at >= ? AND created_at < ?
[2025-09-21 06:22:45.842] INFO  [MultiTableRepo.sms] Parameters: id=e1262824-8d26-4f60-9326-a4039f421438, startValue=2025-09-15T02:22, endValue=2025-09-15T04:22
[2025-09-21 06:22:45.843] INFO  [MultiTableRepo.sms] Setting timestamp parameters: start=2025-09-15 02:22:00.0, end=2025-09-15 04:22:00.0
[2025-09-21 06:22:45.843] INFO  [MultiTableRepo.sms] No results found in table sms_shard_01.sms_20250915
[2025-09-21 06:22:45.844] INFO  [MultiTableRepo.sms] Executing SQL: SELECT * FROM sms_shard_01.sms_20250915 WHERE id = ? AND created_at >= ? AND created_at < ?
[2025-09-21 06:22:45.844] INFO  [MultiTableRepo.sms] Parameters: id=a3649776-2ceb-4eb0-ba86-d4dd3d0b76d0, startValue=2025-09-15T02:45, endValue=2025-09-15T04:45
[2025-09-21 06:22:45.845] INFO  [MultiTableRepo.sms] Setting timestamp parameters: start=2025-09-15 02:45:00.0, end=2025-09-15 04:45:00.0
[2025-09-21 06:22:45.845] INFO  [MultiTableRepo.sms] No results found in table sms_shard_01.sms_20250915
[2025-09-21 06:22:45.846] INFO  [MultiTableRepo.sms] Executing SQL: SELECT * FROM sms_shard_01.sms_20250921 WHERE id = ? AND created_at >= ? AND created_at < ?
[2025-09-21 06:22:45.846] INFO  [MultiTableRepo.sms] Parameters: id=878339dc-8a86-4c41-8aba-a2fe92f1c22c, startValue=2025-09-21T00:17, endValue=2025-09-21T02:17
[2025-09-21 06:22:45.847] INFO  [MultiTableRepo.sms] Setting timestamp parameters: start=2025-09-21 00:17:00.0, end=2025-09-21 02:17:00.0
[2025-09-21 06:22:45.847] INFO  [MultiTableRepo.sms] No results found in table sms_shard_01.sms_20250921
[2025-09-21 06:22:45.848] INFO  [MultiTableRepo.sms] Executing SQL: SELECT * FROM sms_shard_01.sms_20250916 WHERE id = ? AND created_at >= ? AND created_at < ?
[2025-09-21 06:22:45.849] INFO  [MultiTableRepo.sms] Parameters: id=69743d20-4b5f-4ecd-a76a-21f089c6bad0, startValue=2025-09-16T01:50, endValue=2025-09-16T01:52
[2025-09-21 06:22:45.849] INFO  [MultiTableRepo.sms] Setting timestamp parameters: start=2025-09-16 01:50:00.0, end=2025-09-16 01:52:00.0
[2025-09-21 06:22:45.850] INFO  [MultiTableRepo.sms] No results found in table sms_shard_01.sms_20250916
[2025-09-21 06:22:45.851] INFO  [MultiTableRepo.sms] Executing SQL: SELECT * FROM sms_shard_01.sms_20250915 WHERE id = ? AND created_at >= ? AND created_at < ?
[2025-09-21 06:22:45.851] INFO  [MultiTableRepo.sms] Parameters: id=3ba85c2d-873d-4356-a3e0-62464a139ef5, startValue=2025-09-15T05:14, endValue=2025-09-15T07:14
[2025-09-21 06:22:45.853] INFO  [MultiTableRepo.sms] Setting timestamp parameters: start=2025-09-15 05:14:00.0, end=2025-09-15 07:14:00.0
[2025-09-21 06:22:45.854] INFO  [MultiTableRepo.sms] No results found in table sms_shard_01.sms_20250915
[2025-09-21 06:22:45.855] INFO  [MultiTableRepo.sms] Executing SQL: SELECT * FROM sms_shard_01.sms_20250921 WHERE id = ? AND created_at >= ? AND created_at < ?
[2025-09-21 06:22:45.855] INFO  [MultiTableRepo.sms] Parameters: id=d9c42bda-1d0c-412d-99f8-8b698b46c036, startValue=2025-09-21T00:00:59, endValue=2025-09-21T00:01:01
[2025-09-21 06:22:45.856] INFO  [MultiTableRepo.sms] Setting timestamp parameters: start=2025-09-21 00:00:59.0, end=2025-09-21 00:01:01.0
[2025-09-21 06:22:45.857] INFO  [MultiTableRepo.sms] No results found in table sms_shard_01.sms_20250921
[2025-09-21 06:22:45.858] INFO  [MultiTableRepo.sms] Executing SQL: SELECT * FROM sms_shard_01.sms_20250917 WHERE id = ? AND created_at >= ? AND created_at < ?
[2025-09-21 06:22:45.858] INFO  [MultiTableRepo.sms] Parameters: id=9a81d7c5-cad0-465e-a02d-f464ee6f6879, startValue=2025-09-17T02:17, endValue=2025-09-17T04:17
[2025-09-21 06:22:45.859] INFO  [MultiTableRepo.sms] Setting timestamp parameters: start=2025-09-17 02:17:00.0, end=2025-09-17 04:17:00.0
[2025-09-21 06:22:45.859] INFO  [MultiTableRepo.sms] No results found in table sms_shard_01.sms_20250917
[2025-09-21 06:22:45.861] INFO  [MultiTableRepo.sms] Executing SQL: SELECT * FROM sms_shard_01.sms_20250916 WHERE id = ? AND created_at >= ? AND created_at < ?
[2025-09-21 06:22:45.861] INFO  [MultiTableRepo.sms] Parameters: id=36e00a5f-24f1-4e0e-aabb-f908730bfabe, startValue=2025-09-16T23:17, endValue=2025-09-17T01:17
[2025-09-21 06:22:45.862] INFO  [MultiTableRepo.sms] Setting timestamp parameters: start=2025-09-16 23:17:00.0, end=2025-09-17 01:17:00.0
[2025-09-21 06:22:45.862] INFO  [MultiTableRepo.sms] No results found in table sms_shard_01.sms_20250916
[2025-09-21 06:22:45.863] INFO  [MultiTableRepo.sms] Executing SQL: SELECT * FROM sms_shard_01.sms_20250917 WHERE id = ? AND created_at >= ? AND created_at < ?
[2025-09-21 06:22:45.863] INFO  [MultiTableRepo.sms] Parameters: id=36e00a5f-24f1-4e0e-aabb-f908730bfabe, startValue=2025-09-16T23:17, endValue=2025-09-17T01:17
[2025-09-21 06:22:45.865] INFO  [MultiTableRepo.sms] Setting timestamp parameters: start=2025-09-16 23:17:00.0, end=2025-09-17 01:17:00.0
[2025-09-21 06:22:45.865] INFO  [MultiTableRepo.sms] No results found in table sms_shard_01.sms_20250917
[2025-09-21 06:22:45.867] INFO  [MultiTableRepo.sms] Executing SQL: SELECT * FROM sms_shard_01.sms_20250918 WHERE id = ? AND created_at >= ? AND created_at < ?
[2025-09-21 06:22:45.867] INFO  [MultiTableRepo.sms] Parameters: id=6249899d-9478-4ad2-9e8c-b308fcf8f6f3, startValue=2025-09-18T21:18, endValue=2025-09-18T23:18
[2025-09-21 06:22:45.870] INFO  [MultiTableRepo.sms] Setting timestamp parameters: start=2025-09-18 21:18:00.0, end=2025-09-18 23:18:00.0
[2025-09-21 06:22:45.870] INFO  [MultiTableRepo.sms] No results found in table sms_shard_01.sms_20250918
[2025-09-21 06:22:45.872] INFO  [MultiTableRepo.sms] Executing SQL: SELECT * FROM sms_shard_01.sms_20250916 WHERE id = ? AND created_at >= ? AND created_at < ?
[2025-09-21 06:22:45.872] INFO  [MultiTableRepo.sms] Parameters: id=034d4f81-cbde-471f-aae7-8c7a5c02e49d, startValue=2025-09-16T21:06, endValue=2025-09-16T23:06
[2025-09-21 06:22:45.874] INFO  [MultiTableRepo.sms] Setting timestamp parameters: start=2025-09-16 21:06:00.0, end=2025-09-16 23:06:00.0
[2025-09-21 06:22:45.874] INFO  [MultiTableRepo.sms] No results found in table sms_shard_01.sms_20250916
[2025-09-21 06:22:45.875] INFO  [MultiTableRepo.sms] Executing SQL: SELECT * FROM sms_shard_01.sms_20250915 WHERE id = ? AND created_at >= ? AND created_at < ?
[2025-09-21 06:22:45.875] INFO  [MultiTableRepo.sms] Parameters: id=2769372e-5a94-45ad-8b1a-c6590dcb7149, startValue=2025-09-15T14:13:59, endValue=2025-09-15T14:14:01
[2025-09-21 06:22:45.876] INFO  [MultiTableRepo.sms] Setting timestamp parameters: start=2025-09-15 14:13:59.0, end=2025-09-15 14:14:01.0
[2025-09-21 06:22:45.876] INFO  [MultiTableRepo.sms] No results found in table sms_shard_01.sms_20250915
[2025-09-21 06:22:45.878] INFO  [MultiTableRepo.sms] Executing SQL: SELECT * FROM sms_shard_01.sms_20250915 WHERE id = ? AND created_at >= ? AND created_at < ?
[2025-09-21 06:22:45.878] INFO  [MultiTableRepo.sms] Parameters: id=79a6a845-b530-43ab-a236-ee6bbf7cf076, startValue=2025-09-15T03:49, endValue=2025-09-15T03:51
[2025-09-21 06:22:45.879] INFO  [MultiTableRepo.sms] Setting timestamp parameters: start=2025-09-15 03:49:00.0, end=2025-09-15 03:51:00.0
[2025-09-21 06:22:45.879] INFO  [MultiTableRepo.sms] No results found in table sms_shard_01.sms_20250915
[2025-09-21 06:22:45.881] INFO  [MultiTableRepo.sms] Executing SQL: SELECT * FROM sms_shard_01.sms_20250920 WHERE id = ? AND created_at >= ? AND created_at < ?
[2025-09-21 06:22:45.881] INFO  [MultiTableRepo.sms] Parameters: id=2ef7b2f0-f7cc-4a0d-a77f-336392e903b7, startValue=2025-09-20T09:33:59, endValue=2025-09-20T09:34:01
[2025-09-21 06:22:45.882] INFO  [MultiTableRepo.sms] Setting timestamp parameters: start=2025-09-20 09:33:59.0, end=2025-09-20 09:34:01.0
[2025-09-21 06:22:45.882] INFO  [MultiTableRepo.sms] No results found in table sms_shard_01.sms_20250920
[2025-09-21 06:22:45.883] INFO  [MultiTableRepo.sms] Executing SQL: SELECT * FROM sms_shard_01.sms_20250917 WHERE id = ? AND created_at >= ? AND created_at < ?
[2025-09-21 06:22:45.883] INFO  [MultiTableRepo.sms] Parameters: id=d09492f7-5458-47e4-a61b-40a08a276325, startValue=2025-09-17T15:57, endValue=2025-09-17T15:59
[2025-09-21 06:22:45.884] INFO  [MultiTableRepo.sms] Setting timestamp parameters: start=2025-09-17 15:57:00.0, end=2025-09-17 15:59:00.0
[2025-09-21 06:22:45.885] INFO  [MultiTableRepo.sms] No results found in table sms_shard_01.sms_20250917
[2025-09-21 06:22:45.886] INFO  [MultiTableRepo.sms] Executing SQL: SELECT * FROM sms_shard_01.sms_20250916 WHERE id = ? AND created_at >= ? AND created_at < ?
[2025-09-21 06:22:45.886] INFO  [MultiTableRepo.sms] Parameters: id=961d0134-ffc0-4c0f-a932-c318ffe6a3f4, startValue=2025-09-16T06:19, endValue=2025-09-16T06:21
[2025-09-21 06:22:45.887] INFO  [MultiTableRepo.sms] Setting timestamp parameters: start=2025-09-16 06:19:00.0, end=2025-09-16 06:21:00.0
[2025-09-21 06:22:45.887] INFO  [MultiTableRepo.sms] No results found in table sms_shard_01.sms_20250916
[2025-09-21 06:22:45.888] INFO  [MultiTableRepo.sms] Executing SQL: SELECT * FROM sms_shard_01.sms_20250915 WHERE id = ? AND created_at >= ? AND created_at < ?
[2025-09-21 06:22:45.888] INFO  [MultiTableRepo.sms] Parameters: id=c2e64a32-df50-4f5a-8290-3d86c20dbe5a, startValue=2025-09-15T17:59, endValue=2025-09-15T18:01
[2025-09-21 06:22:45.889] INFO  [MultiTableRepo.sms] Setting timestamp parameters: start=2025-09-15 17:59:00.0, end=2025-09-15 18:01:00.0
[2025-09-21 06:22:45.890] INFO  [MultiTableRepo.sms] No results found in table sms_shard_01.sms_20250915
[2025-09-21 06:22:45.891] INFO  [MultiTableRepo.sms] Executing SQL: SELECT * FROM sms_shard_01.sms_20250916 WHERE id = ? AND created_at >= ? AND created_at < ?
[2025-09-21 06:22:45.891] INFO  [MultiTableRepo.sms] Parameters: id=529b63ac-8d5c-485b-be14-991bfd829de1, startValue=2025-09-16T17:18:59, endValue=2025-09-16T17:19:01
[2025-09-21 06:22:45.892] INFO  [MultiTableRepo.sms] Setting timestamp parameters: start=2025-09-16 17:18:59.0, end=2025-09-16 17:19:01.0
[2025-09-21 06:22:45.892] INFO  [MultiTableRepo.sms] No results found in table sms_shard_01.sms_20250916
[2025-09-21 06:22:45.894] INFO  [MultiTableRepo.sms] Executing SQL: SELECT * FROM sms_shard_01.sms_20250919 WHERE id = ? AND created_at >= ? AND created_at < ?
[2025-09-21 06:22:45.894] INFO  [MultiTableRepo.sms] Parameters: id=5219bcac-8f47-4490-a97d-d3d410bd156a, startValue=2025-09-19T20:49:59, endValue=2025-09-19T20:50:01
[2025-09-21 06:22:45.895] INFO  [MultiTableRepo.sms] Setting timestamp parameters: start=2025-09-19 20:49:59.0, end=2025-09-19 20:50:01.0
[2025-09-21 06:22:45.895] INFO  [MultiTableRepo.sms] No results found in table sms_shard_01.sms_20250919
[2025-09-21 06:22:45.901] INFO  [MultiTableRepo.sms] Executing SQL: SELECT * FROM sms_shard_01.sms_20250917 WHERE id = ? AND created_at >= ? AND created_at < ?
[2025-09-21 06:22:45.901] INFO  [MultiTableRepo.sms] Parameters: id=98c253eb-f8cb-4ec5-89e2-19467fe4123f, startValue=2025-09-17T03:09, endValue=2025-09-17T05:09
[2025-09-21 06:22:45.902] INFO  [MultiTableRepo.sms] Setting timestamp parameters: start=2025-09-17 03:09:00.0, end=2025-09-17 05:09:00.0
[2025-09-21 06:22:45.902] INFO  [MultiTableRepo.sms] No results found in table sms_shard_01.sms_20250917
[2025-09-21 06:22:45.904] INFO  [MultiTableRepo.sms] Executing SQL: SELECT * FROM sms_shard_01.sms_20250921 WHERE id = ? AND created_at >= ? AND created_at < ?
[2025-09-21 06:22:45.904] INFO  [MultiTableRepo.sms] Parameters: id=c4295e78-1daa-40e6-8107-e13873542c94, startValue=2025-09-21T22:46, endValue=2025-09-22T00:46
[2025-09-21 06:22:45.905] INFO  [MultiTableRepo.sms] Setting timestamp parameters: start=2025-09-21 22:46:00.0, end=2025-09-22 00:46:00.0
[2025-09-21 06:22:45.905] INFO  [MultiTableRepo.sms] No results found in table sms_shard_01.sms_20250921
[2025-09-21 06:22:45.907] INFO  [MultiTableRepo.sms] Executing SQL: SELECT * FROM sms_shard_01.sms_20250922 WHERE id = ? AND created_at >= ? AND created_at < ?
[2025-09-21 06:22:45.907] INFO  [MultiTableRepo.sms] Parameters: id=c4295e78-1daa-40e6-8107-e13873542c94, startValue=2025-09-21T22:46, endValue=2025-09-22T00:46
[2025-09-21 06:22:45.908] INFO  [MultiTableRepo.sms] Setting timestamp parameters: start=2025-09-21 22:46:00.0, end=2025-09-22 00:46:00.0
[2025-09-21 06:22:45.909] INFO  [MultiTableRepo.sms] No results found in table sms_shard_01.sms_20250922
[2025-09-21 06:22:45.911] INFO  [MultiTableRepo.sms] Executing SQL: SELECT * FROM sms_shard_01.sms_20250919 WHERE id = ? AND created_at >= ? AND created_at < ?
[2025-09-21 06:22:45.911] INFO  [MultiTableRepo.sms] Parameters: id=4053299e-1364-432d-a2e9-f7dea6de041c, startValue=2025-09-19T02:46, endValue=2025-09-19T04:46
[2025-09-21 06:22:45.912] INFO  [MultiTableRepo.sms] Setting timestamp parameters: start=2025-09-19 02:46:00.0, end=2025-09-19 04:46:00.0
[2025-09-21 06:22:45.912] INFO  [MultiTableRepo.sms] No results found in table sms_shard_01.sms_20250919
[2025-09-21 06:22:45.914] INFO  [MultiTableRepo.sms] Executing SQL: SELECT * FROM sms_shard_01.sms_20250915 WHERE id = ? AND created_at >= ? AND created_at < ?
[2025-09-21 06:22:45.914] INFO  [MultiTableRepo.sms] Parameters: id=6a939ac8-bb3f-4ebf-bd95-e675c7799e6e, startValue=2025-09-15T06:38, endValue=2025-09-15T08:38
[2025-09-21 06:22:45.915] INFO  [MultiTableRepo.sms] Setting timestamp parameters: start=2025-09-15 06:38:00.0, end=2025-09-15 08:38:00.0
[2025-09-21 06:22:45.915] INFO  [MultiTableRepo.sms] No results found in table sms_shard_01.sms_20250915
[2025-09-21 06:22:45.916] INFO  [MultiTableRepo.sms] Executing SQL: SELECT * FROM sms_shard_01.sms_20250918 WHERE id = ? AND created_at >= ? AND created_at < ?
[2025-09-21 06:22:45.916] INFO  [MultiTableRepo.sms] Parameters: id=f610bbf4-3e1e-4052-8c8b-baf51128abf8, startValue=2025-09-18T12:45:59, endValue=2025-09-18T12:46:01
[2025-09-21 06:22:45.917] INFO  [MultiTableRepo.sms] Setting timestamp parameters: start=2025-09-18 12:45:59.0, end=2025-09-18 12:46:01.0
[2025-09-21 06:22:45.918] INFO  [MultiTableRepo.sms] No results found in table sms_shard_01.sms_20250918
[2025-09-21 06:22:45.920] INFO  [MultiTableRepo.sms] Executing SQL: SELECT * FROM sms_shard_01.sms_20250919 WHERE id = ? AND created_at >= ? AND created_at < ?
[2025-09-21 06:22:45.920] INFO  [MultiTableRepo.sms] Parameters: id=27521a57-91b0-4b9e-be0a-429ddc056f31, startValue=2025-09-19T21:39, endValue=2025-09-19T23:39
[2025-09-21 06:22:45.921] INFO  [MultiTableRepo.sms] Setting timestamp parameters: start=2025-09-19 21:39:00.0, end=2025-09-19 23:39:00.0
[2025-09-21 06:22:45.921] INFO  [MultiTableRepo.sms] No results found in table sms_shard_01.sms_20250919
[2025-09-21 06:22:45.922] INFO  [MultiTableRepo.sms] Executing SQL: SELECT * FROM sms_shard_01.sms_20250920 WHERE id = ? AND created_at >= ? AND created_at < ?
[2025-09-21 06:22:45.922] INFO  [MultiTableRepo.sms] Parameters: id=b0fcaa42-2922-46aa-ade1-1fbb0586762a, startValue=2025-09-20T01:24, endValue=2025-09-20T03:24
[2025-09-21 06:22:45.923] INFO  [MultiTableRepo.sms] Setting timestamp parameters: start=2025-09-20 01:24:00.0, end=2025-09-20 03:24:00.0
[2025-09-21 06:22:45.923] INFO  [MultiTableRepo.sms] No results found in table sms_shard_01.sms_20250920
[2025-09-21 06:22:45.925] INFO  [MultiTableRepo.sms] Executing SQL: SELECT * FROM sms_shard_01.sms_20250916 WHERE id = ? AND created_at >= ? AND created_at < ?
[2025-09-21 06:22:45.925] INFO  [MultiTableRepo.sms] Parameters: id=bf95b568-27d7-49b1-b742-ee66fedf3673, startValue=2025-09-16T21:09:59, endValue=2025-09-16T21:10:01
[2025-09-21 06:22:45.926] INFO  [MultiTableRepo.sms] Setting timestamp parameters: start=2025-09-16 21:09:59.0, end=2025-09-16 21:10:01.0
[2025-09-21 06:22:45.926] INFO  [MultiTableRepo.sms] No results found in table sms_shard_01.sms_20250916
[2025-09-21 06:22:45.927] INFO  [MultiTableRepo.sms] Executing SQL: SELECT * FROM sms_shard_01.sms_20250919 WHERE id = ? AND created_at >= ? AND created_at < ?
[2025-09-21 06:22:45.927] INFO  [MultiTableRepo.sms] Parameters: id=a7479ee0-efb4-4ed2-a367-348a35fa196e, startValue=2025-09-19T20:15, endValue=2025-09-19T22:15
[2025-09-21 06:22:45.928] INFO  [MultiTableRepo.sms] Setting timestamp parameters: start=2025-09-19 20:15:00.0, end=2025-09-19 22:15:00.0
[2025-09-21 06:22:45.929] INFO  [MultiTableRepo.sms] No results found in table sms_shard_01.sms_20250919
[2025-09-21 06:22:45.930] INFO  [MultiTableRepo.sms] Executing SQL: SELECT * FROM sms_shard_01.sms_20250920 WHERE id = ? AND created_at >= ? AND created_at < ?
[2025-09-21 06:22:45.930] INFO  [MultiTableRepo.sms] Parameters: id=528b3d84-e6a3-4c0a-931d-d30729b4dab8, startValue=2025-09-20T19:23:59, endValue=2025-09-20T19:24:01
[2025-09-21 06:22:45.931] INFO  [MultiTableRepo.sms] Setting timestamp parameters: start=2025-09-20 19:23:59.0, end=2025-09-20 19:24:01.0
[2025-09-21 06:22:45.931] INFO  [MultiTableRepo.sms] No results found in table sms_shard_01.sms_20250920
[2025-09-21 06:22:45.932] INFO  [MultiTableRepo.sms] Executing SQL: SELECT * FROM sms_shard_01.sms_20250915 WHERE id = ? AND created_at >= ? AND created_at < ?
[2025-09-21 06:22:45.932] INFO  [MultiTableRepo.sms] Parameters: id=d754f383-d477-494b-85bc-5b6f2aabec19, startValue=2025-09-15T11:19, endValue=2025-09-15T13:19
[2025-09-21 06:22:45.933] INFO  [MultiTableRepo.sms] Setting timestamp parameters: start=2025-09-15 11:19:00.0, end=2025-09-15 13:19:00.0
[2025-09-21 06:22:45.934] INFO  [MultiTableRepo.sms] No results found in table sms_shard_01.sms_20250915
[2025-09-21 06:22:45.935] INFO  [MultiTableRepo.sms] Executing SQL: SELECT * FROM sms_shard_01.sms_20250915 WHERE id = ? AND created_at >= ? AND created_at < ?
[2025-09-21 06:22:45.935] INFO  [MultiTableRepo.sms] Parameters: id=d6d0438b-b017-4016-aac6-c5bf491e5dfb, startValue=2025-09-15T11:46:59, endValue=2025-09-15T11:47:01
[2025-09-21 06:22:45.938] INFO  [MultiTableRepo.sms] Setting timestamp parameters: start=2025-09-15 11:46:59.0, end=2025-09-15 11:47:01.0
[2025-09-21 06:22:45.938] INFO  [MultiTableRepo.sms] No results found in table sms_shard_01.sms_20250915
[2025-09-21 06:22:45.942] INFO  [MultiTableRepo.sms] Executing SQL: SELECT * FROM sms_shard_01.sms_20250921 WHERE id = ? AND created_at >= ? AND created_at < ?
[2025-09-21 06:22:45.942] INFO  [MultiTableRepo.sms] Parameters: id=27ae9554-a0ae-404c-84c1-32082947d289, startValue=2025-09-21T05:21, endValue=2025-09-21T07:21
[2025-09-21 06:22:45.945] INFO  [MultiTableRepo.sms] Setting timestamp parameters: start=2025-09-21 05:21:00.0, end=2025-09-21 07:21:00.0
[2025-09-21 06:22:45.946] INFO  [MultiTableRepo.sms] No results found in table sms_shard_01.sms_20250921
[2025-09-21 06:22:45.947] INFO  [MultiTableRepo.sms] Executing SQL: SELECT * FROM sms_shard_01.sms_20250919 WHERE id = ? AND created_at >= ? AND created_at < ?
[2025-09-21 06:22:45.947] INFO  [MultiTableRepo.sms] Parameters: id=5b1efe47-e9a3-4049-8bb8-73d2dd868f2b, startValue=2025-09-19T05:29, endValue=2025-09-19T05:31
[2025-09-21 06:22:45.948] INFO  [MultiTableRepo.sms] Setting timestamp parameters: start=2025-09-19 05:29:00.0, end=2025-09-19 05:31:00.0
[2025-09-21 06:22:45.949] INFO  [MultiTableRepo.sms] No results found in table sms_shard_01.sms_20250919
[2025-09-21 06:22:45.950] INFO  [MultiTableRepo.sms] Executing SQL: SELECT * FROM sms_shard_01.sms_20250921 WHERE id = ? AND created_at >= ? AND created_at < ?
[2025-09-21 06:22:45.950] INFO  [MultiTableRepo.sms] Parameters: id=34157bd6-70cb-4522-bb1a-0a4f2418fdd8, startValue=2025-09-21T06:07, endValue=2025-09-21T06:09
[2025-09-21 06:22:45.951] INFO  [MultiTableRepo.sms] Setting timestamp parameters: start=2025-09-21 06:07:00.0, end=2025-09-21 06:09:00.0
[2025-09-21 06:22:45.951] INFO  [MultiTableRepo.sms] No results found in table sms_shard_01.sms_20250921
[2025-09-21 06:22:45.952] INFO  [MultiTableRepo.sms] Executing SQL: SELECT * FROM sms_shard_01.sms_20250917 WHERE id = ? AND created_at >= ? AND created_at < ?
[2025-09-21 06:22:45.952] INFO  [MultiTableRepo.sms] Parameters: id=65bb87bf-5d6c-49d1-a1d5-3f4d0387b849, startValue=2025-09-17T08:50:59, endValue=2025-09-17T08:51:01
[2025-09-21 06:22:45.953] INFO  [MultiTableRepo.sms] Setting timestamp parameters: start=2025-09-17 08:50:59.0, end=2025-09-17 08:51:01.0
[2025-09-21 06:22:45.953] INFO  [MultiTableRepo.sms] No results found in table sms_shard_01.sms_20250917
[2025-09-21 06:22:45.954] INFO  [MultiTableRepo.sms] Executing SQL: SELECT * FROM sms_shard_01.sms_20250917 WHERE id = ? AND created_at >= ? AND created_at < ?
[2025-09-21 06:22:45.954] INFO  [MultiTableRepo.sms] Parameters: id=af5748bd-0893-40b8-bc57-6469a6fcecf8, startValue=2025-09-17T12:47, endValue=2025-09-17T14:47
[2025-09-21 06:22:45.955] INFO  [MultiTableRepo.sms] Setting timestamp parameters: start=2025-09-17 12:47:00.0, end=2025-09-17 14:47:00.0
[2025-09-21 06:22:45.955] INFO  [MultiTableRepo.sms] No results found in table sms_shard_01.sms_20250917
[2025-09-21 06:22:45.957] INFO  [MultiTableRepo.sms] Executing SQL: SELECT * FROM sms_shard_01.sms_20250920 WHERE id = ? AND created_at >= ? AND created_at < ?
[2025-09-21 06:22:45.957] INFO  [MultiTableRepo.sms] Parameters: id=99d00434-b964-40c1-ab41-13645133cc10, startValue=2025-09-20T13:46, endValue=2025-09-20T13:48
[2025-09-21 06:22:45.958] INFO  [MultiTableRepo.sms] Setting timestamp parameters: start=2025-09-20 13:46:00.0, end=2025-09-20 13:48:00.0
[2025-09-21 06:22:45.958] INFO  [MultiTableRepo.sms] No results found in table sms_shard_01.sms_20250920
[2025-09-21 06:22:45.960] INFO  [MultiTableRepo.sms] Executing SQL: SELECT * FROM sms_shard_01.sms_20250918 WHERE id = ? AND created_at >= ? AND created_at < ?
[2025-09-21 06:22:45.960] INFO  [MultiTableRepo.sms] Parameters: id=0baf7c01-8e5e-490e-b1f2-9bd549f2e3c7, startValue=2025-09-18T00:10:59, endValue=2025-09-18T00:11:01
[2025-09-21 06:22:45.961] INFO  [MultiTableRepo.sms] Setting timestamp parameters: start=2025-09-18 00:10:59.0, end=2025-09-18 00:11:01.0
[2025-09-21 06:22:45.962] INFO  [MultiTableRepo.sms] No results found in table sms_shard_01.sms_20250918
[2025-09-21 06:22:45.965] INFO  [MultiTableRepo.sms] Executing SQL: SELECT * FROM sms_shard_01.sms_20250920 WHERE id = ? AND created_at >= ? AND created_at < ?
[2025-09-21 06:22:45.965] INFO  [MultiTableRepo.sms] Parameters: id=c9b95524-c05a-4a74-aa53-1e9f9e07b85d, startValue=2025-09-20T00:20:59, endValue=2025-09-20T00:21:01
[2025-09-21 06:22:45.966] INFO  [MultiTableRepo.sms] Setting timestamp parameters: start=2025-09-20 00:20:59.0, end=2025-09-20 00:21:01.0
[2025-09-21 06:22:45.966] INFO  [MultiTableRepo.sms] No results found in table sms_shard_01.sms_20250920
[2025-09-21 06:22:45.968] INFO  [MultiTableRepo.sms] Executing SQL: SELECT * FROM sms_shard_01.sms_20250919 WHERE id = ? AND created_at >= ? AND created_at < ?
[2025-09-21 06:22:45.968] INFO  [MultiTableRepo.sms] Parameters: id=f3b72c47-97bb-4f72-a622-a23e5bf926f1, startValue=2025-09-19T12:31, endValue=2025-09-19T14:31
[2025-09-21 06:22:45.969] INFO  [MultiTableRepo.sms] Setting timestamp parameters: start=2025-09-19 12:31:00.0, end=2025-09-19 14:31:00.0
[2025-09-21 06:22:45.971] INFO  [MultiTableRepo.sms] No results found in table sms_shard_01.sms_20250919
[2025-09-21 06:22:45.976] INFO  [MultiTableRepo.sms] Executing SQL: SELECT * FROM sms_shard_01.sms_20250920 WHERE id = ? AND created_at >= ? AND created_at < ?
[2025-09-21 06:22:45.976] INFO  [MultiTableRepo.sms] Parameters: id=e94b32d1-33ce-46e4-9012-dc7ba8407679, startValue=2025-09-20T23:52, endValue=2025-09-20T23:54
[2025-09-21 06:22:45.978] INFO  [MultiTableRepo.sms] Setting timestamp parameters: start=2025-09-20 23:52:00.0, end=2025-09-20 23:54:00.0
[2025-09-21 06:22:45.978] INFO  [MultiTableRepo.sms] No results found in table sms_shard_01.sms_20250920
[2025-09-21 06:22:45.980] INFO  [MultiTableRepo.sms] Executing SQL: SELECT * FROM sms_shard_01.sms_20250918 WHERE id = ? AND created_at >= ? AND created_at < ?
[2025-09-21 06:22:45.980] INFO  [MultiTableRepo.sms] Parameters: id=0a03938f-c88d-461d-830d-8bf61dc28c60, startValue=2025-09-18T16:02:59, endValue=2025-09-18T16:03:01
[2025-09-21 06:22:45.983] INFO  [MultiTableRepo.sms] Setting timestamp parameters: start=2025-09-18 16:02:59.0, end=2025-09-18 16:03:01.0
[2025-09-21 06:22:45.984] INFO  [MultiTableRepo.sms] No results found in table sms_shard_01.sms_20250918
[2025-09-21 06:22:45.985] INFO  [MultiTableRepo.sms] Executing SQL: SELECT * FROM sms_shard_01.sms_20250921 WHERE id = ? AND created_at >= ? AND created_at < ?
[2025-09-21 06:22:45.985] INFO  [MultiTableRepo.sms] Parameters: id=b02c493a-ce22-4c6b-ab2a-35a7e1e27baa, startValue=2025-09-21T14:16:59, endValue=2025-09-21T14:17:01
[2025-09-21 06:22:45.986] INFO  [MultiTableRepo.sms] Setting timestamp parameters: start=2025-09-21 14:16:59.0, end=2025-09-21 14:17:01.0
[2025-09-21 06:22:45.987] INFO  [MultiTableRepo.sms] No results found in table sms_shard_01.sms_20250921
[2025-09-21 06:22:45.989] INFO  [MultiTableRepo.sms] Executing SQL: SELECT * FROM sms_shard_01.sms_20250918 WHERE id = ? AND created_at >= ? AND created_at < ?
[2025-09-21 06:22:45.989] INFO  [MultiTableRepo.sms] Parameters: id=c23b1cc3-8a46-40d8-8849-5248ebc61f86, startValue=2025-09-18T11:40, endValue=2025-09-18T13:40
[2025-09-21 06:22:45.990] INFO  [MultiTableRepo.sms] Setting timestamp parameters: start=2025-09-18 11:40:00.0, end=2025-09-18 13:40:00.0
[2025-09-21 06:22:45.990] INFO  [MultiTableRepo.sms] No results found in table sms_shard_01.sms_20250918
[2025-09-21 06:22:45.992] INFO  [MultiTableRepo.sms] Executing SQL: SELECT * FROM sms_shard_01.sms_20250920 WHERE id = ? AND created_at >= ? AND created_at < ?
[2025-09-21 06:22:45.992] INFO  [MultiTableRepo.sms] Parameters: id=da1b8525-3043-4d83-b0b7-3d7a04f9a878, startValue=2025-09-20T03:16:59, endValue=2025-09-20T03:17:01
[2025-09-21 06:22:45.994] INFO  [MultiTableRepo.sms] Setting timestamp parameters: start=2025-09-20 03:16:59.0, end=2025-09-20 03:17:01.0
[2025-09-21 06:22:45.995] INFO  [MultiTableRepo.sms] No results found in table sms_shard_01.sms_20250920
[2025-09-21 06:22:45.998] INFO  [MultiTableRepo.sms] Executing SQL: SELECT * FROM sms_shard_01.sms_20250918 WHERE id = ? AND created_at >= ? AND created_at < ?
[2025-09-21 06:22:45.998] INFO  [MultiTableRepo.sms] Parameters: id=13211fa5-a39e-491b-ad6b-6330ca08e10c, startValue=2025-09-18T02:05, endValue=2025-09-18T02:07
[2025-09-21 06:22:46.000] INFO  [MultiTableRepo.sms] Setting timestamp parameters: start=2025-09-18 02:05:00.0, end=2025-09-18 02:07:00.0
[2025-09-21 06:22:46.000] INFO  [MultiTableRepo.sms] No results found in table sms_shard_01.sms_20250918
[2025-09-21 06:22:46.002] INFO  [MultiTableRepo.sms] Executing SQL: SELECT * FROM sms_shard_01.sms_20250917 WHERE id = ? AND created_at >= ? AND created_at < ?
[2025-09-21 06:22:46.002] INFO  [MultiTableRepo.sms] Parameters: id=cd5a29cc-e375-47eb-8dca-abb024731227, startValue=2025-09-17T18:40, endValue=2025-09-17T20:40
[2025-09-21 06:22:46.004] INFO  [MultiTableRepo.sms] Setting timestamp parameters: start=2025-09-17 18:40:00.0, end=2025-09-17 20:40:00.0
[2025-09-21 06:22:46.005] INFO  [MultiTableRepo.sms] No results found in table sms_shard_01.sms_20250917
[2025-09-21 06:22:46.007] INFO  [MultiTableRepo.sms] Executing SQL: SELECT * FROM sms_shard_01.sms_20250916 WHERE id = ? AND created_at >= ? AND created_at < ?
[2025-09-21 06:22:46.007] INFO  [MultiTableRepo.sms] Parameters: id=7214415f-aa97-4fdc-a526-241e86903d84, startValue=2025-09-16T04:27:59, endValue=2025-09-16T04:28:01
[2025-09-21 06:22:46.009] INFO  [MultiTableRepo.sms] Setting timestamp parameters: start=2025-09-16 04:27:59.0, end=2025-09-16 04:28:01.0
[2025-09-21 06:22:46.009] INFO  [MultiTableRepo.sms] No results found in table sms_shard_01.sms_20250916
[2025-09-21 06:22:46.012] INFO  [MultiTableRepo.sms] Executing SQL: SELECT * FROM sms_shard_01.sms_20250921 WHERE id = ? AND created_at >= ? AND created_at < ?
[2025-09-21 06:22:46.012] INFO  [MultiTableRepo.sms] Parameters: id=9c4b4527-7f83-481e-b564-15562606c5f5, startValue=2025-09-21T12:34, endValue=2025-09-21T12:36
[2025-09-21 06:22:46.019] INFO  [MultiTableRepo.sms] Setting timestamp parameters: start=2025-09-21 12:34:00.0, end=2025-09-21 12:36:00.0
[2025-09-21 06:22:46.020] INFO  [MultiTableRepo.sms] No results found in table sms_shard_01.sms_20250921
[2025-09-21 06:22:46.023] INFO  [MultiTableRepo.sms] Executing SQL: SELECT * FROM sms_shard_01.sms_20250916 WHERE id = ? AND created_at >= ? AND created_at < ?
[2025-09-21 06:22:46.023] INFO  [MultiTableRepo.sms] Parameters: id=cda4731e-a1bd-4b53-a16b-91109c7293e9, startValue=2025-09-16T19:09, endValue=2025-09-16T21:09
[2025-09-21 06:22:46.024] INFO  [MultiTableRepo.sms] Setting timestamp parameters: start=2025-09-16 19:09:00.0, end=2025-09-16 21:09:00.0
[2025-09-21 06:22:46.025] INFO  [MultiTableRepo.sms] No results found in table sms_shard_01.sms_20250916
[2025-09-21 06:22:46.028] INFO  [MultiTableRepo.sms] Executing SQL: SELECT * FROM sms_shard_01.sms_20250917 WHERE id = ? AND created_at >= ? AND created_at < ?
[2025-09-21 06:22:46.028] INFO  [MultiTableRepo.sms] Parameters: id=7c096177-4a41-4bc4-b576-aa624b948dd8, startValue=2025-09-17T04:25, endValue=2025-09-17T04:27
[2025-09-21 06:22:46.030] INFO  [MultiTableRepo.sms] Setting timestamp parameters: start=2025-09-17 04:25:00.0, end=2025-09-17 04:27:00.0
[2025-09-21 06:22:46.030] INFO  [MultiTableRepo.sms] No results found in table sms_shard_01.sms_20250917
[2025-09-21 06:22:46.032] INFO  [MultiTableRepo.sms] Executing SQL: SELECT * FROM sms_shard_01.sms_20250915 WHERE id = ? AND created_at >= ? AND created_at < ?
[2025-09-21 06:22:46.032] INFO  [MultiTableRepo.sms] Parameters: id=8ba16723-0415-44cb-ba98-7acb8f75dba7, startValue=2025-09-15T04:13, endValue=2025-09-15T06:13
[2025-09-21 06:22:46.033] INFO  [MultiTableRepo.sms] Setting timestamp parameters: start=2025-09-15 04:13:00.0, end=2025-09-15 06:13:00.0
[2025-09-21 06:22:46.033] INFO  [MultiTableRepo.sms] No results found in table sms_shard_01.sms_20250915
[2025-09-21 06:22:46.035] INFO  [MultiTableRepo.sms] Executing SQL: SELECT * FROM sms_shard_01.sms_20250920 WHERE id = ? AND created_at >= ? AND created_at < ?
[2025-09-21 06:22:46.035] INFO  [MultiTableRepo.sms] Parameters: id=15816871-aa52-4623-8cc5-1a1504d989a7, startValue=2025-09-20T03:59, endValue=2025-09-20T05:59
[2025-09-21 06:22:46.038] INFO  [MultiTableRepo.sms] Setting timestamp parameters: start=2025-09-20 03:59:00.0, end=2025-09-20 05:59:00.0
[2025-09-21 06:22:46.038] INFO  [MultiTableRepo.sms] No results found in table sms_shard_01.sms_20250920
[2025-09-21 06:22:46.040] INFO  [MultiTableRepo.sms] Executing SQL: SELECT * FROM sms_shard_01.sms_20250917 WHERE id = ? AND created_at >= ? AND created_at < ?
[2025-09-21 06:22:46.040] INFO  [MultiTableRepo.sms] Parameters: id=893dd531-d904-424b-a072-101462cf8345, startValue=2025-09-17T22:08, endValue=2025-09-18T00:08
[2025-09-21 06:22:46.041] INFO  [MultiTableRepo.sms] Setting timestamp parameters: start=2025-09-17 22:08:00.0, end=2025-09-18 00:08:00.0
[2025-09-21 06:22:46.041] INFO  [MultiTableRepo.sms] No results found in table sms_shard_01.sms_20250917
[2025-09-21 06:22:46.043] INFO  [MultiTableRepo.sms] Executing SQL: SELECT * FROM sms_shard_01.sms_20250918 WHERE id = ? AND created_at >= ? AND created_at < ?
[2025-09-21 06:22:46.043] INFO  [MultiTableRepo.sms] Parameters: id=893dd531-d904-424b-a072-101462cf8345, startValue=2025-09-17T22:08, endValue=2025-09-18T00:08
[2025-09-21 06:22:46.043] INFO  [MultiTableRepo.sms] Setting timestamp parameters: start=2025-09-17 22:08:00.0, end=2025-09-18 00:08:00.0
[2025-09-21 06:22:46.044] INFO  [MultiTableRepo.sms] No results found in table sms_shard_01.sms_20250918
[2025-09-21 06:22:46.046] INFO  [MultiTableRepo.sms] Executing SQL: SELECT * FROM sms_shard_01.sms_20250921 WHERE id = ? AND created_at >= ? AND created_at < ?
[2025-09-21 06:22:46.046] INFO  [MultiTableRepo.sms] Parameters: id=35eae8f6-7d2b-483e-8bbf-1b04930d13ea, startValue=2025-09-21T20:07, endValue=2025-09-21T20:09
[2025-09-21 06:22:46.047] INFO  [MultiTableRepo.sms] Setting timestamp parameters: start=2025-09-21 20:07:00.0, end=2025-09-21 20:09:00.0
[2025-09-21 06:22:46.048] INFO  [MultiTableRepo.sms] No results found in table sms_shard_01.sms_20250921
[2025-09-21 06:22:46.050] INFO  [MultiTableRepo.sms] Executing SQL: SELECT * FROM sms_shard_01.sms_20250916 WHERE id = ? AND created_at >= ? AND created_at < ?
[2025-09-21 06:22:46.050] INFO  [MultiTableRepo.sms] Parameters: id=491627ee-2ab3-4021-876f-0d26c6053591, startValue=2025-09-16T02:44:59, endValue=2025-09-16T02:45:01
[2025-09-21 06:22:46.052] INFO  [MultiTableRepo.sms] Setting timestamp parameters: start=2025-09-16 02:44:59.0, end=2025-09-16 02:45:01.0
[2025-09-21 06:22:46.053] INFO  [MultiTableRepo.sms] No results found in table sms_shard_01.sms_20250916
[2025-09-21 06:22:46.058] INFO  [MultiTableRepo.sms] Executing SQL: SELECT * FROM sms_shard_01.sms_20250917 WHERE id = ? AND created_at >= ? AND created_at < ?
[2025-09-21 06:22:46.058] INFO  [MultiTableRepo.sms] Parameters: id=1c70b275-9302-40d8-888e-8d880261a76c, startValue=2025-09-17T03:03, endValue=2025-09-17T03:05
[2025-09-21 06:22:46.059] INFO  [MultiTableRepo.sms] Setting timestamp parameters: start=2025-09-17 03:03:00.0, end=2025-09-17 03:05:00.0
[2025-09-21 06:22:46.059] INFO  [MultiTableRepo.sms] No results found in table sms_shard_01.sms_20250917
[2025-09-21 06:22:46.061] INFO  [MultiTableRepo.sms] Executing SQL: SELECT * FROM sms_shard_01.sms_20250916 WHERE id = ? AND created_at >= ? AND created_at < ?
[2025-09-21 06:22:46.061] INFO  [MultiTableRepo.sms] Parameters: id=076b72a4-6497-4072-b28d-8e7ee4bb6f80, startValue=2025-09-16T19:38:59, endValue=2025-09-16T19:39:01
[2025-09-21 06:22:46.062] INFO  [MultiTableRepo.sms] Setting timestamp parameters: start=2025-09-16 19:38:59.0, end=2025-09-16 19:39:01.0
[2025-09-21 06:22:46.062] INFO  [MultiTableRepo.sms] No results found in table sms_shard_01.sms_20250916
[2025-09-21 06:22:46.067] INFO  [MultiTableRepo.sms] Executing SQL: SELECT * FROM sms_shard_01.sms_20250919 WHERE id = ? AND created_at >= ? AND created_at < ?
[2025-09-21 06:22:46.067] INFO  [MultiTableRepo.sms] Parameters: id=43cb712e-25ae-438d-869c-1d4d53bc0597, startValue=2025-09-19T05:44, endValue=2025-09-19T05:46
[2025-09-21 06:22:46.068] INFO  [MultiTableRepo.sms] Setting timestamp parameters: start=2025-09-19 05:44:00.0, end=2025-09-19 05:46:00.0
[2025-09-21 06:22:46.069] INFO  [MultiTableRepo.sms] No results found in table sms_shard_01.sms_20250919
[2025-09-21 06:22:46.073] INFO  [MultiTableRepo.sms] Executing SQL: SELECT * FROM sms_shard_01.sms_20250920 WHERE id = ? AND created_at >= ? AND created_at < ?
[2025-09-21 06:22:46.074] INFO  [MultiTableRepo.sms] Parameters: id=4d53c9a1-d567-4101-9ac2-84f212028b39, startValue=2025-09-20T01:30, endValue=2025-09-20T03:30
[2025-09-21 06:22:46.074] INFO  [MultiTableRepo.sms] Setting timestamp parameters: start=2025-09-20 01:30:00.0, end=2025-09-20 03:30:00.0
[2025-09-21 06:22:46.075] INFO  [MultiTableRepo.sms] No results found in table sms_shard_01.sms_20250920
[2025-09-21 06:22:46.076] INFO  [MultiTableRepo.sms] Executing SQL: SELECT * FROM sms_shard_01.sms_20250919 WHERE id = ? AND created_at >= ? AND created_at < ?
[2025-09-21 06:22:46.076] INFO  [MultiTableRepo.sms] Parameters: id=b78de628-e6cc-417f-b469-04098e059eb3, startValue=2025-09-19T09:29, endValue=2025-09-19T09:31
[2025-09-21 06:22:46.077] INFO  [MultiTableRepo.sms] Setting timestamp parameters: start=2025-09-19 09:29:00.0, end=2025-09-19 09:31:00.0
[2025-09-21 06:22:46.077] INFO  [MultiTableRepo.sms] No results found in table sms_shard_01.sms_20250919
[2025-09-21 06:22:46.082] INFO  [MultiTableRepo.sms] Executing SQL: SELECT * FROM sms_shard_01.sms_20250920 WHERE id = ? AND created_at >= ? AND created_at < ?
[2025-09-21 06:22:46.082] INFO  [MultiTableRepo.sms] Parameters: id=d8d23166-a9a5-4977-91bc-9a3fc583158e, startValue=2025-09-20T00:36:59, endValue=2025-09-20T00:37:01
[2025-09-21 06:22:46.083] INFO  [MultiTableRepo.sms] Setting timestamp parameters: start=2025-09-20 00:36:59.0, end=2025-09-20 00:37:01.0
[2025-09-21 06:22:46.084] INFO  [MultiTableRepo.sms] No results found in table sms_shard_01.sms_20250920
[2025-09-21 06:22:46.085] INFO  [MultiTableRepo.sms] Executing SQL: SELECT * FROM sms_shard_01.sms_20250919 WHERE id = ? AND created_at >= ? AND created_at < ?
[2025-09-21 06:22:46.085] INFO  [MultiTableRepo.sms] Parameters: id=3da70154-e317-4299-bc2a-670fa334d8ef, startValue=2025-09-19T13:09, endValue=2025-09-19T13:11
[2025-09-21 06:22:46.086] INFO  [MultiTableRepo.sms] Setting timestamp parameters: start=2025-09-19 13:09:00.0, end=2025-09-19 13:11:00.0
[2025-09-21 06:22:46.087] INFO  [MultiTableRepo.sms] No results found in table sms_shard_01.sms_20250919
[2025-09-21 06:22:46.088] INFO  [MultiTableRepo.sms] Executing SQL: SELECT * FROM sms_shard_01.sms_20250919 WHERE id = ? AND created_at >= ? AND created_at < ?
[2025-09-21 06:22:46.088] INFO  [MultiTableRepo.sms] Parameters: id=1e371025-4fdb-4dcb-bba1-d9c9fb9441ca, startValue=2025-09-19T23:25:59, endValue=2025-09-19T23:26:01
[2025-09-21 06:22:46.092] INFO  [MultiTableRepo.sms] Setting timestamp parameters: start=2025-09-19 23:25:59.0, end=2025-09-19 23:26:01.0
[2025-09-21 06:22:46.094] INFO  [MultiTableRepo.sms] No results found in table sms_shard_01.sms_20250919
[2025-09-21 06:22:46.096] INFO  [MultiTableRepo.sms] Executing SQL: SELECT * FROM sms_shard_01.sms_20250915 WHERE id = ? AND created_at >= ? AND created_at < ?
[2025-09-21 06:22:46.096] INFO  [MultiTableRepo.sms] Parameters: id=7e2c2559-3091-4a06-888d-b0d107958367, startValue=2025-09-15T19:44, endValue=2025-09-15T21:44
[2025-09-21 06:22:46.097] INFO  [MultiTableRepo.sms] Setting timestamp parameters: start=2025-09-15 19:44:00.0, end=2025-09-15 21:44:00.0
[2025-09-21 06:22:46.097] INFO  [MultiTableRepo.sms] No results found in table sms_shard_01.sms_20250915
[2025-09-21 06:22:46.099] INFO  [MultiTableRepo.sms] Executing SQL: SELECT * FROM sms_shard_01.sms_20250915 WHERE id = ? AND created_at >= ? AND created_at < ?
[2025-09-21 06:22:46.099] INFO  [MultiTableRepo.sms] Parameters: id=96ee4ac2-dcd3-4458-a8d5-988fd5fb4546, startValue=2025-09-15T21:39:59, endValue=2025-09-15T21:40:01
[2025-09-21 06:22:46.100] INFO  [MultiTableRepo.sms] Setting timestamp parameters: start=2025-09-15 21:39:59.0, end=2025-09-15 21:40:01.0
[2025-09-21 06:22:46.101] INFO  [MultiTableRepo.sms] No results found in table sms_shard_01.sms_20250915
[2025-09-21 06:22:46.102] INFO  [MultiTableRepo.sms] Executing SQL: SELECT * FROM sms_shard_01.sms_20250917 WHERE id = ? AND created_at >= ? AND created_at < ?
[2025-09-21 06:22:46.102] INFO  [MultiTableRepo.sms] Parameters: id=e9bdcbcc-27d8-4eb6-9f40-90a3c78778f7, startValue=2025-09-17T16:04, endValue=2025-09-17T18:04
[2025-09-21 06:22:46.103] INFO  [MultiTableRepo.sms] Setting timestamp parameters: start=2025-09-17 16:04:00.0, end=2025-09-17 18:04:00.0
[2025-09-21 06:22:46.103] INFO  [MultiTableRepo.sms] No results found in table sms_shard_01.sms_20250917
[2025-09-21 06:22:46.104] INFO  [MultiTableRepo.sms] Executing SQL: SELECT * FROM sms_shard_01.sms_20250918 WHERE id = ? AND created_at >= ? AND created_at < ?
[2025-09-21 06:22:46.104] INFO  [MultiTableRepo.sms] Parameters: id=20a823f6-552d-48ca-aed6-30c28a1ba18a, startValue=2025-09-18T18:20:59, endValue=2025-09-18T18:21:01
[2025-09-21 06:22:46.105] INFO  [MultiTableRepo.sms] Setting timestamp parameters: start=2025-09-18 18:20:59.0, end=2025-09-18 18:21:01.0
[2025-09-21 06:22:46.105] INFO  [MultiTableRepo.sms] No results found in table sms_shard_01.sms_20250918
[2025-09-21 06:22:46.106] INFO  [MultiTableRepo.sms] Executing SQL: SELECT * FROM sms_shard_01.sms_20250919 WHERE id = ? AND created_at >= ? AND created_at < ?
[2025-09-21 06:22:46.106] INFO  [MultiTableRepo.sms] Parameters: id=4baf8c8a-0e55-4a4d-8119-04ab7e4124c3, startValue=2025-09-19T12:25, endValue=2025-09-19T14:25
[2025-09-21 06:22:46.107] INFO  [MultiTableRepo.sms] Setting timestamp parameters: start=2025-09-19 12:25:00.0, end=2025-09-19 14:25:00.0
[2025-09-21 06:22:46.107] INFO  [MultiTableRepo.sms] No results found in table sms_shard_01.sms_20250919
[2025-09-21 06:22:46.108] INFO  [MultiTableRepo.sms] Executing SQL: SELECT * FROM sms_shard_01.sms_20250915 WHERE id = ? AND created_at >= ? AND created_at < ?
[2025-09-21 06:22:46.108] INFO  [MultiTableRepo.sms] Parameters: id=792fdeaa-b96d-4373-b19c-f2779aae4d7e, startValue=2025-09-15T00:20:59, endValue=2025-09-15T00:21:01
[2025-09-21 06:22:46.110] INFO  [MultiTableRepo.sms] Setting timestamp parameters: start=2025-09-15 00:20:59.0, end=2025-09-15 00:21:01.0
[2025-09-21 06:22:46.110] INFO  [MultiTableRepo.sms] No results found in table sms_shard_01.sms_20250915
[2025-09-21 06:22:46.111] INFO  [MultiTableRepo.sms] Executing SQL: SELECT * FROM sms_shard_01.sms_20250920 WHERE id = ? AND created_at >= ? AND created_at < ?
[2025-09-21 06:22:46.111] INFO  [MultiTableRepo.sms] Parameters: id=2ac053df-9319-4c2b-bbd6-0aec99881863, startValue=2025-09-20T22:58:59, endValue=2025-09-20T22:59:01
[2025-09-21 06:22:46.112] INFO  [MultiTableRepo.sms] Setting timestamp parameters: start=2025-09-20 22:58:59.0, end=2025-09-20 22:59:01.0
[2025-09-21 06:22:46.113] INFO  [MultiTableRepo.sms] No results found in table sms_shard_01.sms_20250920
[2025-09-21 06:22:46.114] INFO  [MultiTableRepo.sms] Executing SQL: SELECT * FROM sms_shard_01.sms_20250921 WHERE id = ? AND created_at >= ? AND created_at < ?
[2025-09-21 06:22:46.114] INFO  [MultiTableRepo.sms] Parameters: id=951b30e1-c936-491b-91bc-ceb1247080bf, startValue=2025-09-21T08:40, endValue=2025-09-21T10:40
[2025-09-21 06:22:46.115] INFO  [MultiTableRepo.sms] Setting timestamp parameters: start=2025-09-21 08:40:00.0, end=2025-09-21 10:40:00.0
[2025-09-21 06:22:46.116] INFO  [MultiTableRepo.sms] No results found in table sms_shard_01.sms_20250921
[2025-09-21 06:22:46.118] INFO  [MultiTableRepo.sms] Executing SQL: SELECT * FROM sms_shard_01.sms_20250915 WHERE id = ? AND created_at >= ? AND created_at < ?
[2025-09-21 06:22:46.118] INFO  [MultiTableRepo.sms] Parameters: id=9f2a46f4-eb01-438b-ab5f-7a1a92e6a6b8, startValue=2025-09-15T13:52, endValue=2025-09-15T13:54
[2025-09-21 06:22:46.119] INFO  [MultiTableRepo.sms] Setting timestamp parameters: start=2025-09-15 13:52:00.0, end=2025-09-15 13:54:00.0
[2025-09-21 06:22:46.119] INFO  [MultiTableRepo.sms] No results found in table sms_shard_01.sms_20250915
[2025-09-21 06:22:46.121] INFO  [MultiTableRepo.sms] Executing SQL: SELECT * FROM sms_shard_01.sms_20250915 WHERE id = ? AND created_at >= ? AND created_at < ?
[2025-09-21 06:22:46.121] INFO  [MultiTableRepo.sms] Parameters: id=9befc4e2-c774-4ea8-a6a5-b2c0110840b4, startValue=2025-09-15T14:22:59, endValue=2025-09-15T14:23:01
[2025-09-21 06:22:46.122] INFO  [MultiTableRepo.sms] Setting timestamp parameters: start=2025-09-15 14:22:59.0, end=2025-09-15 14:23:01.0
[2025-09-21 06:22:46.122] INFO  [MultiTableRepo.sms] No results found in table sms_shard_01.sms_20250915
[2025-09-21 06:22:46.124] INFO  [MultiTableRepo.sms] Executing SQL: SELECT * FROM sms_shard_01.sms_20250921 WHERE id = ? AND created_at >= ? AND created_at < ?
[2025-09-21 06:22:46.125] INFO  [MultiTableRepo.sms] Parameters: id=e0352b92-7366-49d8-8b9b-e081cc413b73, startValue=2025-09-21T17:03:59, endValue=2025-09-21T17:04:01
[2025-09-21 06:22:46.126] INFO  [MultiTableRepo.sms] Setting timestamp parameters: start=2025-09-21 17:03:59.0, end=2025-09-21 17:04:01.0
[2025-09-21 06:22:46.126] INFO  [MultiTableRepo.sms] No results found in table sms_shard_01.sms_20250921
[2025-09-21 06:22:46.127] INFO  [MultiTableRepo.sms] Executing SQL: SELECT * FROM sms_shard_01.sms_20250921 WHERE id = ? AND created_at >= ? AND created_at < ?
[2025-09-21 06:22:46.127] INFO  [MultiTableRepo.sms] Parameters: id=3bb167fd-92f3-44cf-8bfa-36fca2b700e0, startValue=2025-09-21T06:21:59, endValue=2025-09-21T06:22:01
[2025-09-21 06:22:46.128] INFO  [MultiTableRepo.sms] Setting timestamp parameters: start=2025-09-21 06:21:59.0, end=2025-09-21 06:22:01.0
[2025-09-21 06:22:46.128] INFO  [MultiTableRepo.sms] No results found in table sms_shard_01.sms_20250921
[2025-09-21 06:22:46.129] INFO  [MultiTableRepo.sms] Executing SQL: SELECT * FROM sms_shard_01.sms_20250915 WHERE id = ? AND created_at >= ? AND created_at < ?
[2025-09-21 06:22:46.129] INFO  [MultiTableRepo.sms] Parameters: id=9db1dbcd-5e88-425e-8f04-3752dcc993b7, startValue=2025-09-15T05:54:59, endValue=2025-09-15T05:55:01
[2025-09-21 06:22:46.130] INFO  [MultiTableRepo.sms] Setting timestamp parameters: start=2025-09-15 05:54:59.0, end=2025-09-15 05:55:01.0
[2025-09-21 06:22:46.131] INFO  [MultiTableRepo.sms] No results found in table sms_shard_01.sms_20250915
[2025-09-21 06:22:46.132] INFO  [MultiTableRepo.sms] Executing SQL: SELECT * FROM sms_shard_01.sms_20250917 WHERE id = ? AND created_at >= ? AND created_at < ?
[2025-09-21 06:22:46.132] INFO  [MultiTableRepo.sms] Parameters: id=2bf68baf-e438-4a25-aa06-d8eeff73a7bd, startValue=2025-09-17T17:56:59, endValue=2025-09-17T17:57:01
[2025-09-21 06:22:46.133] INFO  [MultiTableRepo.sms] Setting timestamp parameters: start=2025-09-17 17:56:59.0, end=2025-09-17 17:57:01.0
[2025-09-21 06:22:46.133] INFO  [MultiTableRepo.sms] No results found in table sms_shard_01.sms_20250917
[2025-09-21 06:22:46.134] INFO  [MultiTableRepo.sms] Executing SQL: SELECT * FROM sms_shard_01.sms_20250919 WHERE id = ? AND created_at >= ? AND created_at < ?
[2025-09-21 06:22:46.134] INFO  [MultiTableRepo.sms] Parameters: id=fb17f30b-6159-484d-b523-b8b73caa0a9d, startValue=2025-09-19T09:03, endValue=2025-09-19T09:05
[2025-09-21 06:22:46.135] INFO  [MultiTableRepo.sms] Setting timestamp parameters: start=2025-09-19 09:03:00.0, end=2025-09-19 09:05:00.0
[2025-09-21 06:22:46.136] INFO  [MultiTableRepo.sms] No results found in table sms_shard_01.sms_20250919
[2025-09-21 06:22:46.137] INFO  [MultiTableRepo.sms] Executing SQL: SELECT * FROM sms_shard_01.sms_20250915 WHERE id = ? AND created_at >= ? AND created_at < ?
[2025-09-21 06:22:46.137] INFO  [MultiTableRepo.sms] Parameters: id=859ce58c-07ed-4114-b3c8-e616b5f813c2, startValue=2025-09-15T16:10, endValue=2025-09-15T16:12
[2025-09-21 06:22:46.138] INFO  [MultiTableRepo.sms] Setting timestamp parameters: start=2025-09-15 16:10:00.0, end=2025-09-15 16:12:00.0
[2025-09-21 06:22:46.138] INFO  [MultiTableRepo.sms] No results found in table sms_shard_01.sms_20250915
[2025-09-21 06:22:46.139] INFO  [MultiTableRepo.sms] Executing SQL: SELECT * FROM sms_shard_01.sms_20250918 WHERE id = ? AND created_at >= ? AND created_at < ?
[2025-09-21 06:22:46.139] INFO  [MultiTableRepo.sms] Parameters: id=6ccd91b0-cc38-4244-971a-73f46302d984, startValue=2025-09-18T01:16, endValue=2025-09-18T01:18
[2025-09-21 06:22:46.140] INFO  [MultiTableRepo.sms] Setting timestamp parameters: start=2025-09-18 01:16:00.0, end=2025-09-18 01:18:00.0
[2025-09-21 06:22:46.141] INFO  [MultiTableRepo.sms] No results found in table sms_shard_01.sms_20250918
[2025-09-21 06:22:46.142] INFO  [MultiTableRepo.sms] Executing SQL: SELECT * FROM sms_shard_01.sms_20250916 WHERE id = ? AND created_at >= ? AND created_at < ?
[2025-09-21 06:22:46.142] INFO  [MultiTableRepo.sms] Parameters: id=f8d116df-7d57-4837-8b3e-126af2533cd8, startValue=2025-09-16T00:14:59, endValue=2025-09-16T00:15:01
[2025-09-21 06:22:46.143] INFO  [MultiTableRepo.sms] Setting timestamp parameters: start=2025-09-16 00:14:59.0, end=2025-09-16 00:15:01.0
[2025-09-21 06:22:46.143] INFO  [MultiTableRepo.sms] No results found in table sms_shard_01.sms_20250916
[2025-09-21 06:22:46.144] INFO  [MultiTableRepo.sms] Executing SQL: SELECT * FROM sms_shard_01.sms_20250919 WHERE id = ? AND created_at >= ? AND created_at < ?
[2025-09-21 06:22:46.144] INFO  [MultiTableRepo.sms] Parameters: id=4832bbc2-0020-4e78-826b-1ccdc41c58b6, startValue=2025-09-19T00:23, endValue=2025-09-19T00:25
[2025-09-21 06:22:46.145] INFO  [MultiTableRepo.sms] Setting timestamp parameters: start=2025-09-19 00:23:00.0, end=2025-09-19 00:25:00.0
[2025-09-21 06:22:46.145] INFO  [MultiTableRepo.sms] No results found in table sms_shard_01.sms_20250919
[2025-09-21 06:22:46.147] INFO  [MultiTableRepo.sms] Executing SQL: SELECT * FROM sms_shard_01.sms_20250921 WHERE id = ? AND created_at >= ? AND created_at < ?
[2025-09-21 06:22:46.147] INFO  [MultiTableRepo.sms] Parameters: id=a8b92a35-09ca-4418-bfb6-d80d60c86ae6, startValue=2025-09-21T04:27, endValue=2025-09-21T04:29
[2025-09-21 06:22:46.148] INFO  [MultiTableRepo.sms] Setting timestamp parameters: start=2025-09-21 04:27:00.0, end=2025-09-21 04:29:00.0
[2025-09-21 06:22:46.148] INFO  [MultiTableRepo.sms] No results found in table sms_shard_01.sms_20250921
[2025-09-21 06:22:46.149] INFO  [MultiTableRepo.sms] Executing SQL: SELECT * FROM sms_shard_01.sms_20250919 WHERE id = ? AND created_at >= ? AND created_at < ?
[2025-09-21 06:22:46.149] INFO  [MultiTableRepo.sms] Parameters: id=a4422970-b0c3-441e-97e2-270f9a929f31, startValue=2025-09-19T08:36, endValue=2025-09-19T10:36
[2025-09-21 06:22:46.150] INFO  [MultiTableRepo.sms] Setting timestamp parameters: start=2025-09-19 08:36:00.0, end=2025-09-19 10:36:00.0
[2025-09-21 06:22:46.151] INFO  [MultiTableRepo.sms] No results found in table sms_shard_01.sms_20250919
[2025-09-21 06:22:46.152] INFO  [MultiTableRepo.sms] Executing SQL: SELECT * FROM sms_shard_01.sms_20250917 WHERE id = ? AND created_at >= ? AND created_at < ?
[2025-09-21 06:22:46.152] INFO  [MultiTableRepo.sms] Parameters: id=1ffcdb40-4bb8-4eba-bf1a-2f14f7d3724a, startValue=2025-09-17T06:59, endValue=2025-09-17T07:01
[2025-09-21 06:22:46.152] INFO  [MultiTableRepo.sms] Setting timestamp parameters: start=2025-09-17 06:59:00.0, end=2025-09-17 07:01:00.0
[2025-09-21 06:22:46.153] INFO  [MultiTableRepo.sms] No results found in table sms_shard_01.sms_20250917
[2025-09-21 06:22:46.154] INFO  [MultiTableRepo.sms] Executing SQL: SELECT * FROM sms_shard_01.sms_20250919 WHERE id = ? AND created_at >= ? AND created_at < ?
[2025-09-21 06:22:46.154] INFO  [MultiTableRepo.sms] Parameters: id=558e9323-71bd-40d3-9232-f9c1d8c07bf9, startValue=2025-09-19T14:32, endValue=2025-09-19T16:32
[2025-09-21 06:22:46.155] INFO  [MultiTableRepo.sms] Setting timestamp parameters: start=2025-09-19 14:32:00.0, end=2025-09-19 16:32:00.0
[2025-09-21 06:22:46.155] INFO  [MultiTableRepo.sms] No results found in table sms_shard_01.sms_20250919
[2025-09-21 06:22:46.156] INFO  [MultiTableRepo.sms] Executing SQL: SELECT * FROM sms_shard_01.sms_20250918 WHERE id = ? AND created_at >= ? AND created_at < ?
[2025-09-21 06:22:46.156] INFO  [MultiTableRepo.sms] Parameters: id=e097f613-181d-439f-ae80-da5bd68b2b8a, startValue=2025-09-18T02:13, endValue=2025-09-18T04:13
[2025-09-21 06:22:46.157] INFO  [MultiTableRepo.sms] Setting timestamp parameters: start=2025-09-18 02:13:00.0, end=2025-09-18 04:13:00.0
[2025-09-21 06:22:46.158] INFO  [MultiTableRepo.sms] No results found in table sms_shard_01.sms_20250918
[2025-09-21 06:22:46.159] INFO  [MultiTableRepo.sms] Executing SQL: SELECT * FROM sms_shard_01.sms_20250917 WHERE id = ? AND created_at >= ? AND created_at < ?
[2025-09-21 06:22:46.159] INFO  [MultiTableRepo.sms] Parameters: id=65bb6c3f-0c3c-46bf-9c31-14ca0375c87d, startValue=2025-09-17T19:28:59, endValue=2025-09-17T19:29:01
[2025-09-21 06:22:46.160] INFO  [MultiTableRepo.sms] Setting timestamp parameters: start=2025-09-17 19:28:59.0, end=2025-09-17 19:29:01.0
[2025-09-21 06:22:46.160] INFO  [MultiTableRepo.sms] No results found in table sms_shard_01.sms_20250917
[2025-09-21 06:22:46.161] INFO  [MultiTableRepo.sms] Executing SQL: SELECT * FROM sms_shard_01.sms_20250918 WHERE id = ? AND created_at >= ? AND created_at < ?
[2025-09-21 06:22:46.161] INFO  [MultiTableRepo.sms] Parameters: id=b3fa7142-c532-4fac-9e7c-23060046f9f9, startValue=2025-09-18T22:22:59, endValue=2025-09-18T22:23:01
[2025-09-21 06:22:46.162] INFO  [MultiTableRepo.sms] Setting timestamp parameters: start=2025-09-18 22:22:59.0, end=2025-09-18 22:23:01.0
[2025-09-21 06:22:46.162] INFO  [MultiTableRepo.sms] No results found in table sms_shard_01.sms_20250918
[2025-09-21 06:22:46.163] INFO  [MultiTableRepo.sms] Executing SQL: SELECT * FROM sms_shard_01.sms_20250921 WHERE id = ? AND created_at >= ? AND created_at < ?
[2025-09-21 06:22:46.163] INFO  [MultiTableRepo.sms] Parameters: id=94bf0945-ba26-4ceb-b2e1-eb22c992d4ed, startValue=2025-09-21T04:37, endValue=2025-09-21T06:37
[2025-09-21 06:22:46.164] INFO  [MultiTableRepo.sms] Setting timestamp parameters: start=2025-09-21 04:37:00.0, end=2025-09-21 06:37:00.0
[2025-09-21 06:22:46.164] INFO  [MultiTableRepo.sms] No results found in table sms_shard_01.sms_20250921
[2025-09-21 06:22:46.165] INFO  [MultiTableRepo.sms] Executing SQL: SELECT * FROM sms_shard_01.sms_20250915 WHERE id = ? AND created_at >= ? AND created_at < ?
[2025-09-21 06:22:46.165] INFO  [MultiTableRepo.sms] Parameters: id=8a78ac7f-ed4c-49a6-8c79-621c96460c3d, startValue=2025-09-15T15:33, endValue=2025-09-15T17:33
[2025-09-21 06:22:46.166] INFO  [MultiTableRepo.sms] Setting timestamp parameters: start=2025-09-15 15:33:00.0, end=2025-09-15 17:33:00.0
[2025-09-21 06:22:46.167] INFO  [MultiTableRepo.sms] No results found in table sms_shard_01.sms_20250915
[2025-09-21 06:22:46.168] INFO  [MultiTableRepo.sms] Executing SQL: SELECT * FROM sms_shard_01.sms_20250921 WHERE id = ? AND created_at >= ? AND created_at < ?
[2025-09-21 06:22:46.168] INFO  [MultiTableRepo.sms] Parameters: id=1d6cc2a5-6d6e-417b-ad0f-d0d0c95798be, startValue=2025-09-21T03:50:59, endValue=2025-09-21T03:51:01
[2025-09-21 06:22:46.169] INFO  [MultiTableRepo.sms] Setting timestamp parameters: start=2025-09-21 03:50:59.0, end=2025-09-21 03:51:01.0
[2025-09-21 06:22:46.169] INFO  [MultiTableRepo.sms] No results found in table sms_shard_01.sms_20250921
[2025-09-21 06:22:46.170] INFO  [MultiTableRepo.sms] Executing SQL: SELECT * FROM sms_shard_01.sms_20250918 WHERE id = ? AND created_at >= ? AND created_at < ?
[2025-09-21 06:22:46.170] INFO  [MultiTableRepo.sms] Parameters: id=05eb2d8e-0e50-4035-b252-289fa58896e4, startValue=2025-09-18T11:23:59, endValue=2025-09-18T11:24:01
[2025-09-21 06:22:46.171] INFO  [MultiTableRepo.sms] Setting timestamp parameters: start=2025-09-18 11:23:59.0, end=2025-09-18 11:24:01.0
[2025-09-21 06:22:46.171] INFO  [MultiTableRepo.sms] No results found in table sms_shard_01.sms_20250918
[2025-09-21 06:22:46.173] INFO  [MultiTableRepo.sms] Executing SQL: SELECT * FROM sms_shard_01.sms_20250917 WHERE id = ? AND created_at >= ? AND created_at < ?
[2025-09-21 06:22:46.173] INFO  [MultiTableRepo.sms] Parameters: id=6cd5166a-6d0e-486d-884e-8d802e35dddd, startValue=2025-09-17T17:46, endValue=2025-09-17T19:46
[2025-09-21 06:22:46.174] INFO  [MultiTableRepo.sms] Setting timestamp parameters: start=2025-09-17 17:46:00.0, end=2025-09-17 19:46:00.0
[2025-09-21 06:22:46.175] INFO  [MultiTableRepo.sms] No results found in table sms_shard_01.sms_20250917
[2025-09-21 06:22:46.176] INFO  [MultiTableRepo.sms] Executing SQL: SELECT * FROM sms_shard_01.sms_20250921 WHERE id = ? AND created_at >= ? AND created_at < ?
[2025-09-21 06:22:46.176] INFO  [MultiTableRepo.sms] Parameters: id=305eff46-7278-43ac-add8-482f54834139, startValue=2025-09-21T06:15:59, endValue=2025-09-21T06:16:01
[2025-09-21 06:22:46.177] INFO  [MultiTableRepo.sms] Setting timestamp parameters: start=2025-09-21 06:15:59.0, end=2025-09-21 06:16:01.0
[2025-09-21 06:22:46.177] INFO  [MultiTableRepo.sms] No results found in table sms_shard_01.sms_20250921
[2025-09-21 06:22:46.183] INFO  [MultiTableRepo.sms] Executing SQL: SELECT * FROM sms_shard_01.sms_20250915 WHERE id = ? AND created_at >= ? AND created_at < ?
[2025-09-21 06:22:46.183] INFO  [MultiTableRepo.sms] Parameters: id=d82991ed-dc9d-44a0-aa2d-3b1ebb4f5029, startValue=2025-09-15T02:49, endValue=2025-09-15T04:49
[2025-09-21 06:22:46.184] INFO  [MultiTableRepo.sms] Setting timestamp parameters: start=2025-09-15 02:49:00.0, end=2025-09-15 04:49:00.0
[2025-09-21 06:22:46.185] INFO  [MultiTableRepo.sms] No results found in table sms_shard_01.sms_20250915
[2025-09-21 06:22:46.186] INFO  [MultiTableRepo.sms] Executing SQL: SELECT * FROM sms_shard_01.sms_20250916 WHERE id = ? AND created_at >= ? AND created_at < ?
[2025-09-21 06:22:46.186] INFO  [MultiTableRepo.sms] Parameters: id=a3c6c84f-81a8-4ede-9ac0-916d0f75b9ed, startValue=2025-09-16T01:33, endValue=2025-09-16T03:33
[2025-09-21 06:22:46.187] INFO  [MultiTableRepo.sms] Setting timestamp parameters: start=2025-09-16 01:33:00.0, end=2025-09-16 03:33:00.0
[2025-09-21 06:22:46.187] INFO  [MultiTableRepo.sms] No results found in table sms_shard_01.sms_20250916
[2025-09-21 06:22:46.189] INFO  [MultiTableRepo.sms] Executing SQL: SELECT * FROM sms_shard_01.sms_20250916 WHERE id = ? AND created_at >= ? AND created_at < ?
[2025-09-21 06:22:46.189] INFO  [MultiTableRepo.sms] Parameters: id=4f0beb67-7b8b-450b-8427-f60a524e9c63, startValue=2025-09-16T23:41, endValue=2025-09-16T23:43
[2025-09-21 06:22:46.190] INFO  [MultiTableRepo.sms] Setting timestamp parameters: start=2025-09-16 23:41:00.0, end=2025-09-16 23:43:00.0
[2025-09-21 06:22:46.190] INFO  [MultiTableRepo.sms] No results found in table sms_shard_01.sms_20250916
[2025-09-21 06:22:46.191] INFO  [MultiTableRepo.sms] Executing SQL: SELECT * FROM sms_shard_01.sms_20250921 WHERE id = ? AND created_at >= ? AND created_at < ?
[2025-09-21 06:22:46.191] INFO  [MultiTableRepo.sms] Parameters: id=335d1b2a-71f6-4849-bb10-4d0182eb6621, startValue=2025-09-21T13:40, endValue=2025-09-21T13:42
[2025-09-21 06:22:46.192] INFO  [MultiTableRepo.sms] Setting timestamp parameters: start=2025-09-21 13:40:00.0, end=2025-09-21 13:42:00.0
[2025-09-21 06:22:46.192] INFO  [MultiTableRepo.sms] No results found in table sms_shard_01.sms_20250921
[2025-09-21 06:22:46.194] INFO  [MultiTableRepo.sms] Executing SQL: SELECT * FROM sms_shard_01.sms_20250920 WHERE id = ? AND created_at >= ? AND created_at < ?
[2025-09-21 06:22:46.194] INFO  [MultiTableRepo.sms] Parameters: id=1ec24d94-b7eb-427d-b3b3-57db4a8af71f, startValue=2025-09-20T04:50, endValue=2025-09-20T04:52
[2025-09-21 06:22:46.195] INFO  [MultiTableRepo.sms] Setting timestamp parameters: start=2025-09-20 04:50:00.0, end=2025-09-20 04:52:00.0
[2025-09-21 06:22:46.196] INFO  [MultiTableRepo.sms] No results found in table sms_shard_01.sms_20250920
[2025-09-21 06:22:46.205] INFO  [MultiTableRepo.sms] Executing SQL: SELECT * FROM sms_shard_01.sms_20250918 WHERE id = ? AND created_at >= ? AND created_at < ?
[2025-09-21 06:22:46.205] INFO  [MultiTableRepo.sms] Parameters: id=4cb7a0cb-fd54-4b65-a0ff-4fe1d815f41e, startValue=2025-09-18T09:31, endValue=2025-09-18T09:33
[2025-09-21 06:22:46.206] INFO  [MultiTableRepo.sms] Setting timestamp parameters: start=2025-09-18 09:31:00.0, end=2025-09-18 09:33:00.0
[2025-09-21 06:22:46.207] INFO  [MultiTableRepo.sms] No results found in table sms_shard_01.sms_20250918
[2025-09-21 06:22:46.208] INFO  [MultiTableRepo.sms] Executing SQL: SELECT * FROM sms_shard_01.sms_20250916 WHERE id = ? AND created_at >= ? AND created_at < ?
[2025-09-21 06:22:46.208] INFO  [MultiTableRepo.sms] Parameters: id=68634997-34f2-4b16-8aec-d62ff266b010, startValue=2025-09-16T05:40:59, endValue=2025-09-16T05:41:01
[2025-09-21 06:22:46.209] INFO  [MultiTableRepo.sms] Setting timestamp parameters: start=2025-09-16 05:40:59.0, end=2025-09-16 05:41:01.0
[2025-09-21 06:22:46.210] INFO  [MultiTableRepo.sms] No results found in table sms_shard_01.sms_20250916
[2025-09-21 06:22:46.211] INFO  [MultiTableRepo.sms] Executing SQL: SELECT * FROM sms_shard_01.sms_20250919 WHERE id = ? AND created_at >= ? AND created_at < ?
[2025-09-21 06:22:46.211] INFO  [MultiTableRepo.sms] Parameters: id=a817bfa8-6619-47ea-b2a4-017ed79bb68f, startValue=2025-09-19T03:47, endValue=2025-09-19T05:47
[2025-09-21 06:22:46.212] INFO  [MultiTableRepo.sms] Setting timestamp parameters: start=2025-09-19 03:47:00.0, end=2025-09-19 05:47:00.0
[2025-09-21 06:22:46.212] INFO  [MultiTableRepo.sms] No results found in table sms_shard_01.sms_20250919
[2025-09-21 06:22:46.213] INFO  [MultiTableRepo.sms] Executing SQL: SELECT * FROM sms_shard_01.sms_20250918 WHERE id = ? AND created_at >= ? AND created_at < ?
[2025-09-21 06:22:46.213] INFO  [MultiTableRepo.sms] Parameters: id=185e899b-cac3-46a4-9da6-12e636f20d6c, startValue=2025-09-18T21:03, endValue=2025-09-18T23:03
[2025-09-21 06:22:46.214] INFO  [MultiTableRepo.sms] Setting timestamp parameters: start=2025-09-18 21:03:00.0, end=2025-09-18 23:03:00.0
[2025-09-21 06:22:46.215] INFO  [MultiTableRepo.sms] No results found in table sms_shard_01.sms_20250918
[2025-09-21 06:22:46.216] INFO  [MultiTableRepo.sms] Executing SQL: SELECT * FROM sms_shard_01.sms_20250919 WHERE id = ? AND created_at >= ? AND created_at < ?
[2025-09-21 06:22:46.216] INFO  [MultiTableRepo.sms] Parameters: id=761a62fe-001f-4989-a502-5bbc2c9503f9, startValue=2025-09-19T01:16, endValue=2025-09-19T03:16
[2025-09-21 06:22:46.217] INFO  [MultiTableRepo.sms] Setting timestamp parameters: start=2025-09-19 01:16:00.0, end=2025-09-19 03:16:00.0
[2025-09-21 06:22:46.217] INFO  [MultiTableRepo.sms] No results found in table sms_shard_01.sms_20250919
[2025-09-21 06:22:46.221] INFO  [MultiTableRepo.sms] Executing SQL: SELECT * FROM sms_shard_01.sms_20250920 WHERE id = ? AND created_at >= ? AND created_at < ?
[2025-09-21 06:22:46.222] INFO  [MultiTableRepo.sms] Parameters: id=d42f2d99-6ed2-434e-aa84-d840279b2a0c, startValue=2025-09-20T00:30, endValue=2025-09-20T00:32
[2025-09-21 06:22:46.223] INFO  [MultiTableRepo.sms] Setting timestamp parameters: start=2025-09-20 00:30:00.0, end=2025-09-20 00:32:00.0
[2025-09-21 06:22:46.223] INFO  [MultiTableRepo.sms] No results found in table sms_shard_01.sms_20250920
[2025-09-21 06:22:46.224] INFO  [MultiTableRepo.sms] Executing SQL: SELECT * FROM sms_shard_01.sms_20250917 WHERE id = ? AND created_at >= ? AND created_at < ?
[2025-09-21 06:22:46.224] INFO  [MultiTableRepo.sms] Parameters: id=9ddfd0bb-c7e2-4df3-860a-4eb3aea9f730, startValue=2025-09-17T23:58, endValue=2025-09-18T00:00
[2025-09-21 06:22:46.225] INFO  [MultiTableRepo.sms] Setting timestamp parameters: start=2025-09-17 23:58:00.0, end=2025-09-18 00:00:00.0
[2025-09-21 06:22:46.225] INFO  [MultiTableRepo.sms] No results found in table sms_shard_01.sms_20250917
[2025-09-21 06:22:46.226] INFO  [MultiTableRepo.sms] Executing SQL: SELECT * FROM sms_shard_01.sms_20250918 WHERE id = ? AND created_at >= ? AND created_at < ?
[2025-09-21 06:22:46.226] INFO  [MultiTableRepo.sms] Parameters: id=9ddfd0bb-c7e2-4df3-860a-4eb3aea9f730, startValue=2025-09-17T23:58, endValue=2025-09-18T00:00
[2025-09-21 06:22:46.233] INFO  [MultiTableRepo.sms] Setting timestamp parameters: start=2025-09-17 23:58:00.0, end=2025-09-18 00:00:00.0
[2025-09-21 06:22:46.233] INFO  [MultiTableRepo.sms] No results found in table sms_shard_01.sms_20250918
[2025-09-21 06:22:46.234] INFO  [MultiTableRepo.sms] Executing SQL: SELECT * FROM sms_shard_01.sms_20250920 WHERE id = ? AND created_at >= ? AND created_at < ?
[2025-09-21 06:22:46.234] INFO  [MultiTableRepo.sms] Parameters: id=63d68dbe-e324-43c1-9b16-ccaade6e7527, startValue=2025-09-20T23:47, endValue=2025-09-21T01:47
[2025-09-21 06:22:46.235] INFO  [MultiTableRepo.sms] Setting timestamp parameters: start=2025-09-20 23:47:00.0, end=2025-09-21 01:47:00.0
[2025-09-21 06:22:46.236] INFO  [MultiTableRepo.sms] No results found in table sms_shard_01.sms_20250920
[2025-09-21 06:22:46.237] INFO  [MultiTableRepo.sms] Executing SQL: SELECT * FROM sms_shard_01.sms_20250921 WHERE id = ? AND created_at >= ? AND created_at < ?
[2025-09-21 06:22:46.237] INFO  [MultiTableRepo.sms] Parameters: id=63d68dbe-e324-43c1-9b16-ccaade6e7527, startValue=2025-09-20T23:47, endValue=2025-09-21T01:47
[2025-09-21 06:22:46.241] INFO  [MultiTableRepo.sms] Setting timestamp parameters: start=2025-09-20 23:47:00.0, end=2025-09-21 01:47:00.0
[2025-09-21 06:22:46.242] INFO  [MultiTableRepo.sms] No results found in table sms_shard_01.sms_20250921
[2025-09-21 06:22:46.245] INFO  [MultiTableRepo.sms] Executing SQL: SELECT * FROM sms_shard_01.sms_20250916 WHERE id = ? AND created_at >= ? AND created_at < ?
[2025-09-21 06:22:46.245] INFO  [MultiTableRepo.sms] Parameters: id=dfaef5e7-fa48-4834-a351-e267ef75374f, startValue=2025-09-16T19:07, endValue=2025-09-16T19:09
[2025-09-21 06:22:46.246] INFO  [MultiTableRepo.sms] Setting timestamp parameters: start=2025-09-16 19:07:00.0, end=2025-09-16 19:09:00.0
[2025-09-21 06:22:46.247] INFO  [MultiTableRepo.sms] No results found in table sms_shard_01.sms_20250916
[2025-09-21 06:22:46.248] INFO  [MultiTableRepo.sms] Executing SQL: SELECT * FROM sms_shard_01.sms_20250918 WHERE id = ? AND created_at >= ? AND created_at < ?
[2025-09-21 06:22:46.248] INFO  [MultiTableRepo.sms] Parameters: id=9085c982-57f4-4793-94a2-b867d5905b2f, startValue=2025-09-18T21:27:59, endValue=2025-09-18T21:28:01
[2025-09-21 06:22:46.249] INFO  [MultiTableRepo.sms] Setting timestamp parameters: start=2025-09-18 21:27:59.0, end=2025-09-18 21:28:01.0
[2025-09-21 06:22:46.249] INFO  [MultiTableRepo.sms] No results found in table sms_shard_01.sms_20250918
[2025-09-21 06:22:46.250] INFO  [MultiTableRepo.sms] Executing SQL: SELECT * FROM sms_shard_01.sms_20250919 WHERE id = ? AND created_at >= ? AND created_at < ?
[2025-09-21 06:22:46.250] INFO  [MultiTableRepo.sms] Parameters: id=86671dce-1089-4275-b4ca-df148881be82, startValue=2025-09-19T22:12, endValue=2025-09-19T22:14
[2025-09-21 06:22:46.251] INFO  [MultiTableRepo.sms] Setting timestamp parameters: start=2025-09-19 22:12:00.0, end=2025-09-19 22:14:00.0
[2025-09-21 06:22:46.252] INFO  [MultiTableRepo.sms] No results found in table sms_shard_01.sms_20250919
[2025-09-21 06:22:46.253] INFO  [MultiTableRepo.sms] Executing SQL: SELECT * FROM sms_shard_01.sms_20250918 WHERE id = ? AND created_at >= ? AND created_at < ?
[2025-09-21 06:22:46.253] INFO  [MultiTableRepo.sms] Parameters: id=ecc332a5-121a-46af-80b1-053235503143, startValue=2025-09-18T01:08, endValue=2025-09-18T03:08
[2025-09-21 06:22:46.257] INFO  [MultiTableRepo.sms] Setting timestamp parameters: start=2025-09-18 01:08:00.0, end=2025-09-18 03:08:00.0
[2025-09-21 06:22:46.257] INFO  [MultiTableRepo.sms] No results found in table sms_shard_01.sms_20250918
[2025-09-21 06:22:46.258] INFO  [MultiTableRepo.sms] Executing SQL: SELECT * FROM sms_shard_01.sms_20250915 WHERE id = ? AND created_at >= ? AND created_at < ?
[2025-09-21 06:22:46.259] INFO  [MultiTableRepo.sms] Parameters: id=56315597-3baa-4148-ab64-6bc056d7b018, startValue=2025-09-15T23:45, endValue=2025-09-16T01:45
[2025-09-21 06:22:46.265] INFO  [MultiTableRepo.sms] Setting timestamp parameters: start=2025-09-15 23:45:00.0, end=2025-09-16 01:45:00.0
[2025-09-21 06:22:46.266] INFO  [MultiTableRepo.sms] No results found in table sms_shard_01.sms_20250915
[2025-09-21 06:22:46.269] INFO  [MultiTableRepo.sms] Executing SQL: SELECT * FROM sms_shard_01.sms_20250916 WHERE id = ? AND created_at >= ? AND created_at < ?
[2025-09-21 06:22:46.269] INFO  [MultiTableRepo.sms] Parameters: id=56315597-3baa-4148-ab64-6bc056d7b018, startValue=2025-09-15T23:45, endValue=2025-09-16T01:45
[2025-09-21 06:22:46.270] INFO  [MultiTableRepo.sms] Setting timestamp parameters: start=2025-09-15 23:45:00.0, end=2025-09-16 01:45:00.0
[2025-09-21 06:22:46.270] INFO  [MultiTableRepo.sms] No results found in table sms_shard_01.sms_20250916
[2025-09-21 06:22:46.272] INFO  [MultiTableRepo.sms] Executing SQL: SELECT * FROM sms_shard_01.sms_20250918 WHERE id = ? AND created_at >= ? AND created_at < ?
[2025-09-21 06:22:46.272] INFO  [MultiTableRepo.sms] Parameters: id=d3b0371c-c505-46b4-9ae3-95795dc3593b, startValue=2025-09-18T18:36, endValue=2025-09-18T18:38
[2025-09-21 06:22:46.273] INFO  [MultiTableRepo.sms] Setting timestamp parameters: start=2025-09-18 18:36:00.0, end=2025-09-18 18:38:00.0
[2025-09-21 06:22:46.274] INFO  [MultiTableRepo.sms] No results found in table sms_shard_01.sms_20250918
[2025-09-21 06:22:46.275] INFO  [MultiTableRepo.sms] Executing SQL: SELECT * FROM sms_shard_01.sms_20250915 WHERE id = ? AND created_at >= ? AND created_at < ?
[2025-09-21 06:22:46.276] INFO  [MultiTableRepo.sms] Parameters: id=13568010-590e-4e0e-84e7-f9dd1640facd, startValue=2025-09-15T17:29:59, endValue=2025-09-15T17:30:01
[2025-09-21 06:22:46.277] INFO  [MultiTableRepo.sms] Setting timestamp parameters: start=2025-09-15 17:29:59.0, end=2025-09-15 17:30:01.0
[2025-09-21 06:22:46.280] INFO  [MultiTableRepo.sms] No results found in table sms_shard_01.sms_20250915
[2025-09-21 06:22:46.286] INFO  [MultiTableRepo.sms] Executing SQL: SELECT * FROM sms_shard_01.sms_20250916 WHERE id = ? AND created_at >= ? AND created_at < ?
[2025-09-21 06:22:46.286] INFO  [MultiTableRepo.sms] Parameters: id=fdfae997-4777-4661-bbf7-2f74fc2eeb9a, startValue=2025-09-16T09:10:59, endValue=2025-09-16T09:11:01
[2025-09-21 06:22:46.289] INFO  [MultiTableRepo.sms] Setting timestamp parameters: start=2025-09-16 09:10:59.0, end=2025-09-16 09:11:01.0
[2025-09-21 06:22:46.292] INFO  [MultiTableRepo.sms] No results found in table sms_shard_01.sms_20250916
[2025-09-21 06:22:46.304] INFO  [MultiTableRepo.sms] Executing SQL: SELECT * FROM sms_shard_01.sms_20250919 WHERE id = ? AND created_at >= ? AND created_at < ?
[2025-09-21 06:22:46.304] INFO  [MultiTableRepo.sms] Parameters: id=0aeeedb9-b38b-420d-873f-b2767f6423ba, startValue=2025-09-19T16:09, endValue=2025-09-19T16:11
[2025-09-21 06:22:46.307] INFO  [MultiTableRepo.sms] Setting timestamp parameters: start=2025-09-19 16:09:00.0, end=2025-09-19 16:11:00.0
[2025-09-21 06:22:46.307] INFO  [MultiTableRepo.sms] No results found in table sms_shard_01.sms_20250919
[2025-09-21 06:22:46.309] INFO  [MultiTableRepo.sms] Executing SQL: SELECT * FROM sms_shard_01.sms_20250920 WHERE id = ? AND created_at >= ? AND created_at < ?
[2025-09-21 06:22:46.309] INFO  [MultiTableRepo.sms] Parameters: id=da7bbfb7-7436-4dfd-a307-67c7b623ac12, startValue=2025-09-20T02:06:59, endValue=2025-09-20T02:07:01
[2025-09-21 06:22:46.313] INFO  [MultiTableRepo.sms] Setting timestamp parameters: start=2025-09-20 02:06:59.0, end=2025-09-20 02:07:01.0
[2025-09-21 06:22:46.313] INFO  [MultiTableRepo.sms] No results found in table sms_shard_01.sms_20250920
[2025-09-21 06:22:46.315] INFO  [MultiTableRepo.sms] Executing SQL: SELECT * FROM sms_shard_01.sms_20250918 WHERE id = ? AND created_at >= ? AND created_at < ?
[2025-09-21 06:22:46.315] INFO  [MultiTableRepo.sms] Parameters: id=a9ad559d-d032-465c-b150-1099956df96f, startValue=2025-09-18T00:34, endValue=2025-09-18T00:36
[2025-09-21 06:22:46.321] INFO  [MultiTableRepo.sms] Setting timestamp parameters: start=2025-09-18 00:34:00.0, end=2025-09-18 00:36:00.0
[2025-09-21 06:22:46.322] INFO  [MultiTableRepo.sms] No results found in table sms_shard_01.sms_20250918
[2025-09-21 06:22:46.325] INFO  [MultiTableRepo.sms] Executing SQL: SELECT * FROM sms_shard_01.sms_20250921 WHERE id = ? AND created_at >= ? AND created_at < ?
[2025-09-21 06:22:46.325] INFO  [MultiTableRepo.sms] Parameters: id=ad7d3107-c1c5-43d5-b50b-bf28e8d0bc20, startValue=2025-09-21T17:25, endValue=2025-09-21T19:25
[2025-09-21 06:22:46.331] INFO  [MultiTableRepo.sms] Setting timestamp parameters: start=2025-09-21 17:25:00.0, end=2025-09-21 19:25:00.0
[2025-09-21 06:22:46.332] INFO  [MultiTableRepo.sms] No results found in table sms_shard_01.sms_20250921
[2025-09-21 06:22:46.333] INFO  [MultiTableRepo.sms] Executing SQL: SELECT * FROM sms_shard_01.sms_20250915 WHERE id = ? AND created_at >= ? AND created_at < ?
[2025-09-21 06:22:46.333] INFO  [MultiTableRepo.sms] Parameters: id=c618608f-15aa-4685-b1ef-d289924c57eb, startValue=2025-09-15T09:59, endValue=2025-09-15T10:01
[2025-09-21 06:22:46.337] INFO  [MultiTableRepo.sms] Setting timestamp parameters: start=2025-09-15 09:59:00.0, end=2025-09-15 10:01:00.0
[2025-09-21 06:22:46.337] INFO  [MultiTableRepo.sms] No results found in table sms_shard_01.sms_20250915
[2025-09-21 06:22:46.338] INFO  [MultiTableRepo.sms] Executing SQL: SELECT * FROM sms_shard_01.sms_20250915 WHERE id = ? AND created_at >= ? AND created_at < ?
[2025-09-21 06:22:46.338] INFO  [MultiTableRepo.sms] Parameters: id=24345b05-0b8c-4bbf-9c15-9f010aa62002, startValue=2025-09-15T09:40, endValue=2025-09-15T09:42
[2025-09-21 06:22:46.339] INFO  [MultiTableRepo.sms] Setting timestamp parameters: start=2025-09-15 09:40:00.0, end=2025-09-15 09:42:00.0
[2025-09-21 06:22:46.340] INFO  [MultiTableRepo.sms] No results found in table sms_shard_01.sms_20250915
[2025-09-21 06:22:46.341] INFO  [MultiTableRepo.sms] Executing SQL: SELECT * FROM sms_shard_01.sms_20250921 WHERE id = ? AND created_at >= ? AND created_at < ?
[2025-09-21 06:22:46.341] INFO  [MultiTableRepo.sms] Parameters: id=897493bc-72fd-43fa-813a-98a460558acb, startValue=2025-09-21T16:23, endValue=2025-09-21T16:25
[2025-09-21 06:22:46.342] INFO  [MultiTableRepo.sms] Setting timestamp parameters: start=2025-09-21 16:23:00.0, end=2025-09-21 16:25:00.0
[2025-09-21 06:22:46.342] INFO  [MultiTableRepo.sms] No results found in table sms_shard_01.sms_20250921
[2025-09-21 06:22:46.344] INFO  [MultiTableRepo.sms] Executing SQL: SELECT * FROM sms_shard_01.sms_20250915 WHERE id = ? AND created_at >= ? AND created_at < ?
[2025-09-21 06:22:46.344] INFO  [MultiTableRepo.sms] Parameters: id=8c55c5cd-5aab-4808-a1e6-9a0c072ba425, startValue=2025-09-15T07:26, endValue=2025-09-15T09:26
[2025-09-21 06:22:46.345] INFO  [MultiTableRepo.sms] Setting timestamp parameters: start=2025-09-15 07:26:00.0, end=2025-09-15 09:26:00.0
[2025-09-21 06:22:46.345] INFO  [MultiTableRepo.sms] No results found in table sms_shard_01.sms_20250915
[2025-09-21 06:22:46.346] INFO  [MultiTableRepo.sms] Executing SQL: SELECT * FROM sms_shard_01.sms_20250920 WHERE id = ? AND created_at >= ? AND created_at < ?
[2025-09-21 06:22:46.346] INFO  [MultiTableRepo.sms] Parameters: id=02890288-692a-480f-a205-3c7f2e8249e1, startValue=2025-09-20T06:27, endValue=2025-09-20T08:27
[2025-09-21 06:22:46.347] INFO  [MultiTableRepo.sms] Setting timestamp parameters: start=2025-09-20 06:27:00.0, end=2025-09-20 08:27:00.0
[2025-09-21 06:22:46.348] INFO  [MultiTableRepo.sms] No results found in table sms_shard_01.sms_20250920
[2025-09-21 06:22:46.349] INFO  [MultiTableRepo.sms] Executing SQL: SELECT * FROM sms_shard_01.sms_20250915 WHERE id = ? AND created_at >= ? AND created_at < ?
[2025-09-21 06:22:46.349] INFO  [MultiTableRepo.sms] Parameters: id=5f0662df-5315-4b26-804b-5f40752370d5, startValue=2025-09-15T02:03, endValue=2025-09-15T02:05
[2025-09-21 06:22:46.350] INFO  [MultiTableRepo.sms] Setting timestamp parameters: start=2025-09-15 02:03:00.0, end=2025-09-15 02:05:00.0
[2025-09-21 06:22:46.351] INFO  [MultiTableRepo.sms] No results found in table sms_shard_01.sms_20250915
[2025-09-21 06:22:46.353] INFO  [MultiTableRepo.sms] Executing SQL: SELECT * FROM sms_shard_01.sms_20250917 WHERE id = ? AND created_at >= ? AND created_at < ?
[2025-09-21 06:22:46.353] INFO  [MultiTableRepo.sms] Parameters: id=012ff716-7487-442c-91b8-8052f57b7140, startValue=2025-09-17T21:13:59, endValue=2025-09-17T21:14:01
[2025-09-21 06:22:46.354] INFO  [MultiTableRepo.sms] Setting timestamp parameters: start=2025-09-17 21:13:59.0, end=2025-09-17 21:14:01.0
[2025-09-21 06:22:46.354] INFO  [MultiTableRepo.sms] No results found in table sms_shard_01.sms_20250917
[2025-09-21 06:22:46.356] INFO  [MultiTableRepo.sms] Executing SQL: SELECT * FROM sms_shard_01.sms_20250916 WHERE id = ? AND created_at >= ? AND created_at < ?
[2025-09-21 06:22:46.356] INFO  [MultiTableRepo.sms] Parameters: id=14f3248d-9eb3-42e2-9733-61dd2a7121ff, startValue=2025-09-16T23:28, endValue=2025-09-17T01:28
[2025-09-21 06:22:46.357] INFO  [MultiTableRepo.sms] Setting timestamp parameters: start=2025-09-16 23:28:00.0, end=2025-09-17 01:28:00.0
[2025-09-21 06:22:46.357] INFO  [MultiTableRepo.sms] No results found in table sms_shard_01.sms_20250916
[2025-09-21 06:22:46.358] INFO  [MultiTableRepo.sms] Executing SQL: SELECT * FROM sms_shard_01.sms_20250917 WHERE id = ? AND created_at >= ? AND created_at < ?
[2025-09-21 06:22:46.358] INFO  [MultiTableRepo.sms] Parameters: id=14f3248d-9eb3-42e2-9733-61dd2a7121ff, startValue=2025-09-16T23:28, endValue=2025-09-17T01:28
[2025-09-21 06:22:46.359] INFO  [MultiTableRepo.sms] Setting timestamp parameters: start=2025-09-16 23:28:00.0, end=2025-09-17 01:28:00.0
[2025-09-21 06:22:46.360] INFO  [MultiTableRepo.sms] No results found in table sms_shard_01.sms_20250917
[2025-09-21 06:22:46.361] INFO  [MultiTableRepo.sms] Executing SQL: SELECT * FROM sms_shard_01.sms_20250920 WHERE id = ? AND created_at >= ? AND created_at < ?
[2025-09-21 06:22:46.361] INFO  [MultiTableRepo.sms] Parameters: id=9e25b9a6-ae14-4674-9c9f-e5b131166595, startValue=2025-09-20T15:32:59, endValue=2025-09-20T15:33:01
[2025-09-21 06:22:46.362] INFO  [MultiTableRepo.sms] Setting timestamp parameters: start=2025-09-20 15:32:59.0, end=2025-09-20 15:33:01.0
[2025-09-21 06:22:46.363] INFO  [MultiTableRepo.sms] No results found in table sms_shard_01.sms_20250920
[2025-09-21 06:22:46.364] INFO  [MultiTableRepo.sms] Executing SQL: SELECT * FROM sms_shard_01.sms_20250916 WHERE id = ? AND created_at >= ? AND created_at < ?
[2025-09-21 06:22:46.364] INFO  [MultiTableRepo.sms] Parameters: id=c0f042d7-8c47-4d2b-9209-176af010f265, startValue=2025-09-16T13:22, endValue=2025-09-16T13:24
[2025-09-21 06:22:46.368] INFO  [MultiTableRepo.sms] Setting timestamp parameters: start=2025-09-16 13:22:00.0, end=2025-09-16 13:24:00.0
[2025-09-21 06:22:46.368] INFO  [MultiTableRepo.sms] No results found in table sms_shard_01.sms_20250916
[2025-09-21 06:22:46.370] INFO  [MultiTableRepo.sms] Executing SQL: SELECT * FROM sms_shard_01.sms_20250915 WHERE id = ? AND created_at >= ? AND created_at < ?
[2025-09-21 06:22:46.370] INFO  [MultiTableRepo.sms] Parameters: id=57d0008b-33ef-4f05-93d0-642192217a2b, startValue=2025-09-15T23:44:59, endValue=2025-09-15T23:45:01
[2025-09-21 06:22:46.371] INFO  [MultiTableRepo.sms] Setting timestamp parameters: start=2025-09-15 23:44:59.0, end=2025-09-15 23:45:01.0
[2025-09-21 06:22:46.371] INFO  [MultiTableRepo.sms] No results found in table sms_shard_01.sms_20250915
[2025-09-21 06:22:46.373] INFO  [MultiTableRepo.sms] Executing SQL: SELECT * FROM sms_shard_01.sms_20250921 WHERE id = ? AND created_at >= ? AND created_at < ?
[2025-09-21 06:22:46.373] INFO  [MultiTableRepo.sms] Parameters: id=c2ccfc48-9c5b-4c94-a70d-4f277f8f5b48, startValue=2025-09-21T17:55:59, endValue=2025-09-21T17:56:01
[2025-09-21 06:22:46.374] INFO  [MultiTableRepo.sms] Setting timestamp parameters: start=2025-09-21 17:55:59.0, end=2025-09-21 17:56:01.0
[2025-09-21 06:22:46.374] INFO  [MultiTableRepo.sms] No results found in table sms_shard_01.sms_20250921
[2025-09-21 06:22:46.376] INFO  [MultiTableRepo.sms] Executing SQL: SELECT * FROM sms_shard_01.sms_20250917 WHERE id = ? AND created_at >= ? AND created_at < ?
[2025-09-21 06:22:46.376] INFO  [MultiTableRepo.sms] Parameters: id=c17de023-f327-461c-b22d-91a4e66a3357, startValue=2025-09-17T07:29, endValue=2025-09-17T09:29
[2025-09-21 06:22:46.377] INFO  [MultiTableRepo.sms] Setting timestamp parameters: start=2025-09-17 07:29:00.0, end=2025-09-17 09:29:00.0
[2025-09-21 06:22:46.378] INFO  [MultiTableRepo.sms] No results found in table sms_shard_01.sms_20250917
[2025-09-21 06:22:46.379] INFO  [MultiTableRepo.sms] Executing SQL: SELECT * FROM sms_shard_01.sms_20250921 WHERE id = ? AND created_at >= ? AND created_at < ?
[2025-09-21 06:22:46.379] INFO  [MultiTableRepo.sms] Parameters: id=3612bf36-d26c-419a-866c-5b22bac45067, startValue=2025-09-21T14:03, endValue=2025-09-21T16:03
[2025-09-21 06:22:46.380] INFO  [MultiTableRepo.sms] Setting timestamp parameters: start=2025-09-21 14:03:00.0, end=2025-09-21 16:03:00.0
[2025-09-21 06:22:46.381] INFO  [MultiTableRepo.sms] No results found in table sms_shard_01.sms_20250921
[2025-09-21 06:22:46.383] INFO  [MultiTableRepo.sms] Executing SQL: SELECT * FROM sms_shard_01.sms_20250915 WHERE id = ? AND created_at >= ? AND created_at < ?
[2025-09-21 06:22:46.383] INFO  [MultiTableRepo.sms] Parameters: id=bfb1d402-0400-4f71-942c-c105d8f6d043, startValue=2025-09-15T12:36, endValue=2025-09-15T14:36
[2025-09-21 06:22:46.386] INFO  [MultiTableRepo.sms] Setting timestamp parameters: start=2025-09-15 12:36:00.0, end=2025-09-15 14:36:00.0
[2025-09-21 06:22:46.386] INFO  [MultiTableRepo.sms] No results found in table sms_shard_01.sms_20250915
[2025-09-21 06:22:46.387] INFO  [MultiTableRepo.sms] Executing SQL: SELECT * FROM sms_shard_01.sms_20250919 WHERE id = ? AND created_at >= ? AND created_at < ?
[2025-09-21 06:22:46.387] INFO  [MultiTableRepo.sms] Parameters: id=645f36a0-f033-4381-a084-4ae1c7f5bc05, startValue=2025-09-19T21:58:59, endValue=2025-09-19T21:59:01
[2025-09-21 06:22:46.388] INFO  [MultiTableRepo.sms] Setting timestamp parameters: start=2025-09-19 21:58:59.0, end=2025-09-19 21:59:01.0
[2025-09-21 06:22:46.389] INFO  [MultiTableRepo.sms] No results found in table sms_shard_01.sms_20250919
[2025-09-21 06:22:46.390] INFO  [MultiTableRepo.sms] Executing SQL: SELECT * FROM sms_shard_01.sms_20250918 WHERE id = ? AND created_at >= ? AND created_at < ?
[2025-09-21 06:22:46.390] INFO  [MultiTableRepo.sms] Parameters: id=71554a30-7fdd-45e9-9326-c0604be29aad, startValue=2025-09-18T17:06:59, endValue=2025-09-18T17:07:01
[2025-09-21 06:22:46.393] INFO  [MultiTableRepo.sms] Setting timestamp parameters: start=2025-09-18 17:06:59.0, end=2025-09-18 17:07:01.0
[2025-09-21 06:22:46.394] INFO  [MultiTableRepo.sms] No results found in table sms_shard_01.sms_20250918
[2025-09-21 06:22:46.395] INFO  [MultiTableRepo.sms] Executing SQL: SELECT * FROM sms_shard_01.sms_20250915 WHERE id = ? AND created_at >= ? AND created_at < ?
[2025-09-21 06:22:46.395] INFO  [MultiTableRepo.sms] Parameters: id=a573bf23-4089-4cd1-bf83-a0afd82f65cc, startValue=2025-09-15T01:34:59, endValue=2025-09-15T01:35:01
[2025-09-21 06:22:46.399] INFO  [MultiTableRepo.sms] Setting timestamp parameters: start=2025-09-15 01:34:59.0, end=2025-09-15 01:35:01.0
[2025-09-21 06:22:46.399] INFO  [MultiTableRepo.sms] No results found in table sms_shard_01.sms_20250915
[2025-09-21 06:22:46.401] INFO  [MultiTableRepo.sms] Executing SQL: SELECT * FROM sms_shard_01.sms_20250918 WHERE id = ? AND created_at >= ? AND created_at < ?
[2025-09-21 06:22:46.401] INFO  [MultiTableRepo.sms] Parameters: id=f6877430-b643-4d12-ad5f-85c801cab4b4, startValue=2025-09-18T00:26, endValue=2025-09-18T00:28
[2025-09-21 06:22:46.404] INFO  [MultiTableRepo.sms] Setting timestamp parameters: start=2025-09-18 00:26:00.0, end=2025-09-18 00:28:00.0
[2025-09-21 06:22:46.404] INFO  [MultiTableRepo.sms] No results found in table sms_shard_01.sms_20250918
[2025-09-21 06:22:46.406] INFO  [MultiTableRepo.sms] Executing SQL: SELECT * FROM sms_shard_01.sms_20250918 WHERE id = ? AND created_at >= ? AND created_at < ?
[2025-09-21 06:22:46.406] INFO  [MultiTableRepo.sms] Parameters: id=ae7ceb9d-3db8-4f35-9edc-282833c37601, startValue=2025-09-18T07:54, endValue=2025-09-18T07:56
[2025-09-21 06:22:46.407] INFO  [MultiTableRepo.sms] Setting timestamp parameters: start=2025-09-18 07:54:00.0, end=2025-09-18 07:56:00.0
[2025-09-21 06:22:46.407] INFO  [MultiTableRepo.sms] No results found in table sms_shard_01.sms_20250918
[2025-09-21 06:22:46.409] INFO  [MultiTableRepo.sms] Executing SQL: SELECT * FROM sms_shard_01.sms_20250919 WHERE id = ? AND created_at >= ? AND created_at < ?
[2025-09-21 06:22:46.409] INFO  [MultiTableRepo.sms] Parameters: id=9aa3495a-20e0-4ffd-a8d7-bd6091553b91, startValue=2025-09-19T14:22, endValue=2025-09-19T14:24
[2025-09-21 06:22:46.410] INFO  [MultiTableRepo.sms] Setting timestamp parameters: start=2025-09-19 14:22:00.0, end=2025-09-19 14:24:00.0
[2025-09-21 06:22:46.410] INFO  [MultiTableRepo.sms] No results found in table sms_shard_01.sms_20250919
[2025-09-21 06:22:46.412] INFO  [MultiTableRepo.sms] Executing SQL: SELECT * FROM sms_shard_01.sms_20250920 WHERE id = ? AND created_at >= ? AND created_at < ?
[2025-09-21 06:22:46.412] INFO  [MultiTableRepo.sms] Parameters: id=4deb0a93-3866-4f0f-ba12-9f33616553f0, startValue=2025-09-20T10:09, endValue=2025-09-20T12:09
[2025-09-21 06:22:46.413] INFO  [MultiTableRepo.sms] Setting timestamp parameters: start=2025-09-20 10:09:00.0, end=2025-09-20 12:09:00.0
[2025-09-21 06:22:46.413] INFO  [MultiTableRepo.sms] No results found in table sms_shard_01.sms_20250920
[2025-09-21 06:22:46.418] INFO  [MultiTableRepo.sms] Executing SQL: SELECT * FROM sms_shard_01.sms_20250915 WHERE id = ? AND created_at >= ? AND created_at < ?
[2025-09-21 06:22:46.418] INFO  [MultiTableRepo.sms] Parameters: id=78e25d2f-4b70-4561-af8c-a4b97e924110, startValue=2025-09-15T10:11, endValue=2025-09-15T10:13
[2025-09-21 06:22:46.419] INFO  [MultiTableRepo.sms] Setting timestamp parameters: start=2025-09-15 10:11:00.0, end=2025-09-15 10:13:00.0
[2025-09-21 06:22:46.419] INFO  [MultiTableRepo.sms] No results found in table sms_shard_01.sms_20250915
[2025-09-21 06:22:46.421] INFO  [MultiTableRepo.sms] Executing SQL: SELECT * FROM sms_shard_01.sms_20250921 WHERE id = ? AND created_at >= ? AND created_at < ?
[2025-09-21 06:22:46.421] INFO  [MultiTableRepo.sms] Parameters: id=62775337-2461-4b77-a875-6f2e54218b56, startValue=2025-09-21T03:54:59, endValue=2025-09-21T03:55:01
[2025-09-21 06:22:46.423] INFO  [MultiTableRepo.sms] Setting timestamp parameters: start=2025-09-21 03:54:59.0, end=2025-09-21 03:55:01.0
[2025-09-21 06:22:46.423] INFO  [MultiTableRepo.sms] No results found in table sms_shard_01.sms_20250921
[2025-09-21 06:22:46.424] INFO  [MultiTableRepo.sms] Executing SQL: SELECT * FROM sms_shard_01.sms_20250918 WHERE id = ? AND created_at >= ? AND created_at < ?
[2025-09-21 06:22:46.424] INFO  [MultiTableRepo.sms] Parameters: id=92639ac0-3db7-4b7f-9dc8-fc6de5dc7e54, startValue=2025-09-18T19:51:59, endValue=2025-09-18T19:52:01
[2025-09-21 06:22:46.426] INFO  [MultiTableRepo.sms] Setting timestamp parameters: start=2025-09-18 19:51:59.0, end=2025-09-18 19:52:01.0
[2025-09-21 06:22:46.426] INFO  [MultiTableRepo.sms] No results found in table sms_shard_01.sms_20250918
[2025-09-21 06:22:46.428] INFO  [MultiTableRepo.sms] Executing SQL: SELECT * FROM sms_shard_01.sms_20250921 WHERE id = ? AND created_at >= ? AND created_at < ?
[2025-09-21 06:22:46.428] INFO  [MultiTableRepo.sms] Parameters: id=a1a6b257-cbd6-49e9-a7ac-f5731e9c55d5, startValue=2025-09-21T23:30, endValue=2025-09-21T23:32
[2025-09-21 06:22:46.431] INFO  [MultiTableRepo.sms] Setting timestamp parameters: start=2025-09-21 23:30:00.0, end=2025-09-21 23:32:00.0
[2025-09-21 06:22:46.432] INFO  [MultiTableRepo.sms] No results found in table sms_shard_01.sms_20250921
[2025-09-21 06:22:46.434] INFO  [MultiTableRepo.sms] Executing SQL: SELECT * FROM sms_shard_01.sms_20250919 WHERE id = ? AND created_at >= ? AND created_at < ?
[2025-09-21 06:22:46.434] INFO  [MultiTableRepo.sms] Parameters: id=af2cea48-c27d-49ef-a227-23b741a9a2c9, startValue=2025-09-19T12:55, endValue=2025-09-19T12:57
[2025-09-21 06:22:46.435] INFO  [MultiTableRepo.sms] Setting timestamp parameters: start=2025-09-19 12:55:00.0, end=2025-09-19 12:57:00.0
[2025-09-21 06:22:46.435] INFO  [MultiTableRepo.sms] No results found in table sms_shard_01.sms_20250919
[2025-09-21 06:22:46.436] INFO  [MultiTableRepo.sms] Executing SQL: SELECT * FROM sms_shard_01.sms_20250919 WHERE id = ? AND created_at >= ? AND created_at < ?
[2025-09-21 06:22:46.436] INFO  [MultiTableRepo.sms] Parameters: id=f0e4f977-36dc-4869-a736-77c014a777ee, startValue=2025-09-19T11:46, endValue=2025-09-19T13:46
[2025-09-21 06:22:46.438] INFO  [MultiTableRepo.sms] Setting timestamp parameters: start=2025-09-19 11:46:00.0, end=2025-09-19 13:46:00.0
[2025-09-21 06:22:46.438] INFO  [MultiTableRepo.sms] No results found in table sms_shard_01.sms_20250919
[2025-09-21 06:22:46.439] INFO  [MultiTableRepo.sms] Executing SQL: SELECT * FROM sms_shard_01.sms_20250921 WHERE id = ? AND created_at >= ? AND created_at < ?
[2025-09-21 06:22:46.439] INFO  [MultiTableRepo.sms] Parameters: id=ade2f3f4-78b4-4a15-b7fe-79077756d848, startValue=2025-09-21T23:19:59, endValue=2025-09-21T23:20:01
[2025-09-21 06:22:46.440] INFO  [MultiTableRepo.sms] Setting timestamp parameters: start=2025-09-21 23:19:59.0, end=2025-09-21 23:20:01.0
[2025-09-21 06:22:46.441] INFO  [MultiTableRepo.sms] No results found in table sms_shard_01.sms_20250921
[2025-09-21 06:22:46.442] INFO  [MultiTableRepo.sms] Executing SQL: SELECT * FROM sms_shard_01.sms_20250915 WHERE id = ? AND created_at >= ? AND created_at < ?
[2025-09-21 06:22:46.442] INFO  [MultiTableRepo.sms] Parameters: id=15fdb748-9934-43b6-b58b-8f2c08dcf7a2, startValue=2025-09-15T14:57:59, endValue=2025-09-15T14:58:01
[2025-09-21 06:22:46.443] INFO  [MultiTableRepo.sms] Setting timestamp parameters: start=2025-09-15 14:57:59.0, end=2025-09-15 14:58:01.0
[2025-09-21 06:22:46.444] INFO  [MultiTableRepo.sms] No results found in table sms_shard_01.sms_20250915
[2025-09-21 06:22:46.445] INFO  [MultiTableRepo.sms] Executing SQL: SELECT * FROM sms_shard_01.sms_20250921 WHERE id = ? AND created_at >= ? AND created_at < ?
[2025-09-21 06:22:46.445] INFO  [MultiTableRepo.sms] Parameters: id=2d7284c4-be12-4bae-a763-9360f3e7e229, startValue=2025-09-21T15:36, endValue=2025-09-21T15:38
[2025-09-21 06:22:46.446] INFO  [MultiTableRepo.sms] Setting timestamp parameters: start=2025-09-21 15:36:00.0, end=2025-09-21 15:38:00.0
[2025-09-21 06:22:46.446] INFO  [MultiTableRepo.sms] No results found in table sms_shard_01.sms_20250921
[2025-09-21 06:22:46.448] INFO  [MultiTableRepo.sms] Executing SQL: SELECT * FROM sms_shard_01.sms_20250917 WHERE id = ? AND created_at >= ? AND created_at < ?
[2025-09-21 06:22:46.448] INFO  [MultiTableRepo.sms] Parameters: id=82dc6923-80a1-49e7-ad15-20a2fcd2029b, startValue=2025-09-17T06:52, endValue=2025-09-17T06:54
[2025-09-21 06:22:46.450] INFO  [MultiTableRepo.sms] Setting timestamp parameters: start=2025-09-17 06:52:00.0, end=2025-09-17 06:54:00.0
[2025-09-21 06:22:46.450] INFO  [MultiTableRepo.sms] No results found in table sms_shard_01.sms_20250917
[2025-09-21 06:22:46.455] INFO  [MultiTableRepo.sms] Executing SQL: SELECT * FROM sms_shard_01.sms_20250920 WHERE id = ? AND created_at >= ? AND created_at < ?
[2025-09-21 06:22:46.455] INFO  [MultiTableRepo.sms] Parameters: id=92f6267c-0e67-45b0-8beb-31fcc5b11ee6, startValue=2025-09-20T01:33, endValue=2025-09-20T01:35
[2025-09-21 06:22:46.457] INFO  [MultiTableRepo.sms] Setting timestamp parameters: start=2025-09-20 01:33:00.0, end=2025-09-20 01:35:00.0
[2025-09-21 06:22:46.457] INFO  [MultiTableRepo.sms] No results found in table sms_shard_01.sms_20250920
[2025-09-21 06:22:46.458] INFO  [MultiTableRepo.sms] Executing SQL: SELECT * FROM sms_shard_01.sms_20250921 WHERE id = ? AND created_at >= ? AND created_at < ?
[2025-09-21 06:22:46.458] INFO  [MultiTableRepo.sms] Parameters: id=3b76b8d7-df84-45f2-8234-be22bc26cf74, startValue=2025-09-21T18:23, endValue=2025-09-21T18:25
[2025-09-21 06:22:46.460] INFO  [MultiTableRepo.sms] Setting timestamp parameters: start=2025-09-21 18:23:00.0, end=2025-09-21 18:25:00.0
[2025-09-21 06:22:46.460] INFO  [MultiTableRepo.sms] No results found in table sms_shard_01.sms_20250921
[2025-09-21 06:22:46.463] INFO  [MultiTableRepo.sms] Executing SQL: SELECT * FROM sms_shard_01.sms_20250915 WHERE id = ? AND created_at >= ? AND created_at < ?
[2025-09-21 06:22:46.463] INFO  [MultiTableRepo.sms] Parameters: id=759b62b1-6152-4ca0-9acf-66334521d806, startValue=2025-09-15T01:54, endValue=2025-09-15T01:56
[2025-09-21 06:22:46.464] INFO  [MultiTableRepo.sms] Setting timestamp parameters: start=2025-09-15 01:54:00.0, end=2025-09-15 01:56:00.0
[2025-09-21 06:22:46.465] INFO  [MultiTableRepo.sms] No results found in table sms_shard_01.sms_20250915
[2025-09-21 06:22:46.466] INFO  [MultiTableRepo.sms] Executing SQL: SELECT * FROM sms_shard_01.sms_20250917 WHERE id = ? AND created_at >= ? AND created_at < ?
[2025-09-21 06:22:46.466] INFO  [MultiTableRepo.sms] Parameters: id=3f2d74aa-41de-4405-8a9e-4af68ac8a996, startValue=2025-09-17T18:45, endValue=2025-09-17T18:47
[2025-09-21 06:22:46.467] INFO  [MultiTableRepo.sms] Setting timestamp parameters: start=2025-09-17 18:45:00.0, end=2025-09-17 18:47:00.0
[2025-09-21 06:22:46.467] INFO  [MultiTableRepo.sms] No results found in table sms_shard_01.sms_20250917
[2025-09-21 06:22:46.468] INFO  [MultiTableRepo.sms] Executing SQL: SELECT * FROM sms_shard_01.sms_20250917 WHERE id = ? AND created_at >= ? AND created_at < ?
[2025-09-21 06:22:46.468] INFO  [MultiTableRepo.sms] Parameters: id=e2167069-a106-4dc4-8adb-1967f9d31c1f, startValue=2025-09-17T02:38, endValue=2025-09-17T02:40
[2025-09-21 06:22:46.469] INFO  [MultiTableRepo.sms] Setting timestamp parameters: start=2025-09-17 02:38:00.0, end=2025-09-17 02:40:00.0
[2025-09-21 06:22:46.470] INFO  [MultiTableRepo.sms] No results found in table sms_shard_01.sms_20250917
[2025-09-21 06:22:46.472] INFO  [MultiTableRepo.sms] Executing SQL: SELECT * FROM sms_shard_01.sms_20250917 WHERE id = ? AND created_at >= ? AND created_at < ?
[2025-09-21 06:22:46.472] INFO  [MultiTableRepo.sms] Parameters: id=88617547-2037-48f1-a221-0dd2b2bf2070, startValue=2025-09-17T13:54, endValue=2025-09-17T13:56
[2025-09-21 06:22:46.473] INFO  [MultiTableRepo.sms] Setting timestamp parameters: start=2025-09-17 13:54:00.0, end=2025-09-17 13:56:00.0
[2025-09-21 06:22:46.473] INFO  [MultiTableRepo.sms] No results found in table sms_shard_01.sms_20250917
[2025-09-21 06:22:46.476] INFO  [MultiTableRepo.sms] Executing SQL: SELECT * FROM sms_shard_01.sms_20250916 WHERE id = ? AND created_at >= ? AND created_at < ?
[2025-09-21 06:22:46.476] INFO  [MultiTableRepo.sms] Parameters: id=89d8a224-71a4-4c61-b613-54f16a2e3e97, startValue=2025-09-16T00:04:59, endValue=2025-09-16T00:05:01
[2025-09-21 06:22:46.477] INFO  [MultiTableRepo.sms] Setting timestamp parameters: start=2025-09-16 00:04:59.0, end=2025-09-16 00:05:01.0
[2025-09-21 06:22:46.478] INFO  [MultiTableRepo.sms] No results found in table sms_shard_01.sms_20250916
[2025-09-21 06:22:46.481] INFO  [MultiTableRepo.sms] Executing SQL: SELECT * FROM sms_shard_01.sms_20250921 WHERE id = ? AND created_at >= ? AND created_at < ?
[2025-09-21 06:22:46.481] INFO  [MultiTableRepo.sms] Parameters: id=880b9c91-dc34-4991-9371-72b5974c4ce1, startValue=2025-09-21T00:29, endValue=2025-09-21T02:29
[2025-09-21 06:22:46.484] INFO  [MultiTableRepo.sms] Setting timestamp parameters: start=2025-09-21 00:29:00.0, end=2025-09-21 02:29:00.0
[2025-09-21 06:22:46.485] INFO  [MultiTableRepo.sms] No results found in table sms_shard_01.sms_20250921
[2025-09-21 06:22:46.491] INFO  [MultiTableRepo.sms] Executing SQL: SELECT * FROM sms_shard_01.sms_20250918 WHERE id = ? AND created_at >= ? AND created_at < ?
[2025-09-21 06:22:46.491] INFO  [MultiTableRepo.sms] Parameters: id=67624e29-f165-40c3-a837-7816a85eed0d, startValue=2025-09-18T15:51, endValue=2025-09-18T15:53
[2025-09-21 06:22:46.493] INFO  [MultiTableRepo.sms] Setting timestamp parameters: start=2025-09-18 15:51:00.0, end=2025-09-18 15:53:00.0
[2025-09-21 06:22:46.493] INFO  [MultiTableRepo.sms] No results found in table sms_shard_01.sms_20250918
[2025-09-21 06:22:46.498] INFO  [MultiTableRepo.sms] Executing SQL: SELECT * FROM sms_shard_01.sms_20250919 WHERE id = ? AND created_at >= ? AND created_at < ?
[2025-09-21 06:22:46.498] INFO  [MultiTableRepo.sms] Parameters: id=d78ea00f-4c9f-4514-a360-e360f759d9c1, startValue=2025-09-19T02:54:59, endValue=2025-09-19T02:55:01
[2025-09-21 06:22:46.500] INFO  [MultiTableRepo.sms] Setting timestamp parameters: start=2025-09-19 02:54:59.0, end=2025-09-19 02:55:01.0
[2025-09-21 06:22:46.501] INFO  [MultiTableRepo.sms] No results found in table sms_shard_01.sms_20250919
[2025-09-21 06:22:46.503] INFO  [MultiTableRepo.sms] Executing SQL: SELECT * FROM sms_shard_01.sms_20250915 WHERE id = ? AND created_at >= ? AND created_at < ?
[2025-09-21 06:22:46.503] INFO  [MultiTableRepo.sms] Parameters: id=93a8c3f9-d409-425c-8e16-9461944304bd, startValue=2025-09-15T13:01:59, endValue=2025-09-15T13:02:01
[2025-09-21 06:22:46.504] INFO  [MultiTableRepo.sms] Setting timestamp parameters: start=2025-09-15 13:01:59.0, end=2025-09-15 13:02:01.0
[2025-09-21 06:22:46.504] INFO  [MultiTableRepo.sms] No results found in table sms_shard_01.sms_20250915
[2025-09-21 06:22:46.506] INFO  [MultiTableRepo.sms] Executing SQL: SELECT * FROM sms_shard_01.sms_20250921 WHERE id = ? AND created_at >= ? AND created_at < ?
[2025-09-21 06:22:46.506] INFO  [MultiTableRepo.sms] Parameters: id=5aa7e5b9-b301-4852-abc5-6b4214bd560a, startValue=2025-09-21T13:26, endValue=2025-09-21T13:28
[2025-09-21 06:22:46.510] INFO  [MultiTableRepo.sms] Setting timestamp parameters: start=2025-09-21 13:26:00.0, end=2025-09-21 13:28:00.0
[2025-09-21 06:22:46.511] INFO  [MultiTableRepo.sms] No results found in table sms_shard_01.sms_20250921
[2025-09-21 06:22:46.512] INFO  [MultiTableRepo.sms] Executing SQL: SELECT * FROM sms_shard_01.sms_20250919 WHERE id = ? AND created_at >= ? AND created_at < ?
[2025-09-21 06:22:46.512] INFO  [MultiTableRepo.sms] Parameters: id=66e88d77-a1ad-48db-ac01-69c22d296f94, startValue=2025-09-19T04:10:59, endValue=2025-09-19T04:11:01
[2025-09-21 06:22:46.513] INFO  [MultiTableRepo.sms] Setting timestamp parameters: start=2025-09-19 04:10:59.0, end=2025-09-19 04:11:01.0
[2025-09-21 06:22:46.514] INFO  [MultiTableRepo.sms] No results found in table sms_shard_01.sms_20250919
[2025-09-21 06:22:46.515] INFO  [MultiTableRepo.sms] Executing SQL: SELECT * FROM sms_shard_01.sms_20250915 WHERE id = ? AND created_at >= ? AND created_at < ?
[2025-09-21 06:22:46.515] INFO  [MultiTableRepo.sms] Parameters: id=f074f1e7-83b7-4459-9873-6ec65f6e31b8, startValue=2025-09-15T10:55, endValue=2025-09-15T10:57
[2025-09-21 06:22:46.516] INFO  [MultiTableRepo.sms] Setting timestamp parameters: start=2025-09-15 10:55:00.0, end=2025-09-15 10:57:00.0
[2025-09-21 06:22:46.516] INFO  [MultiTableRepo.sms] No results found in table sms_shard_01.sms_20250915
[2025-09-21 06:22:46.519] INFO  [MultiTableRepo.sms] Executing SQL: SELECT * FROM sms_shard_01.sms_20250915 WHERE id = ? AND created_at >= ? AND created_at < ?
[2025-09-21 06:22:46.519] INFO  [MultiTableRepo.sms] Parameters: id=5bb7b1b6-8976-49fe-9840-7dd4c5779d5c, startValue=2025-09-15T23:32:59, endValue=2025-09-15T23:33:01
[2025-09-21 06:22:46.525] INFO  [MultiTableRepo.sms] Setting timestamp parameters: start=2025-09-15 23:32:59.0, end=2025-09-15 23:33:01.0
[2025-09-21 06:22:46.526] INFO  [MultiTableRepo.sms] No results found in table sms_shard_01.sms_20250915
[2025-09-21 06:22:46.529] INFO  [MultiTableRepo.sms] Executing SQL: SELECT * FROM sms_shard_01.sms_20250921 WHERE id = ? AND created_at >= ? AND created_at < ?
[2025-09-21 06:22:46.530] INFO  [MultiTableRepo.sms] Parameters: id=fce4fcd6-ebfa-40ce-aae3-1404d43e6ff9, startValue=2025-09-21T11:56, endValue=2025-09-21T11:58
[2025-09-21 06:22:46.531] INFO  [MultiTableRepo.sms] Setting timestamp parameters: start=2025-09-21 11:56:00.0, end=2025-09-21 11:58:00.0
[2025-09-21 06:22:46.531] INFO  [MultiTableRepo.sms] No results found in table sms_shard_01.sms_20250921
[2025-09-21 06:22:46.532] INFO  [MultiTableRepo.sms] Executing SQL: SELECT * FROM sms_shard_01.sms_20250915 WHERE id = ? AND created_at >= ? AND created_at < ?
[2025-09-21 06:22:46.532] INFO  [MultiTableRepo.sms] Parameters: id=1db54546-899b-40b6-a9ce-cc6068ddd787, startValue=2025-09-15T00:00, endValue=2025-09-15T00:02
[2025-09-21 06:22:46.533] INFO  [MultiTableRepo.sms] Setting timestamp parameters: start=2025-09-15 00:00:00.0, end=2025-09-15 00:02:00.0
[2025-09-21 06:22:46.534] INFO  [MultiTableRepo.sms] No results found in table sms_shard_01.sms_20250915
[2025-09-21 06:22:46.535] INFO  [MultiTableRepo.sms] Executing SQL: SELECT * FROM sms_shard_01.sms_20250920 WHERE id = ? AND created_at >= ? AND created_at < ?
[2025-09-21 06:22:46.535] INFO  [MultiTableRepo.sms] Parameters: id=1820476c-ed78-4b80-83ca-8647c91cbd3b, startValue=2025-09-20T05:25, endValue=2025-09-20T07:25
[2025-09-21 06:22:46.536] INFO  [MultiTableRepo.sms] Setting timestamp parameters: start=2025-09-20 05:25:00.0, end=2025-09-20 07:25:00.0
[2025-09-21 06:22:46.537] INFO  [MultiTableRepo.sms] No results found in table sms_shard_01.sms_20250920
[2025-09-21 06:22:46.538] INFO  [MultiTableRepo.sms] Executing SQL: SELECT * FROM sms_shard_01.sms_20250918 WHERE id = ? AND created_at >= ? AND created_at < ?
[2025-09-21 06:22:46.538] INFO  [MultiTableRepo.sms] Parameters: id=bc9ccc23-cd48-4c34-90ed-a169aee61dcd, startValue=2025-09-18T02:25:59, endValue=2025-09-18T02:26:01
[2025-09-21 06:22:46.542] INFO  [MultiTableRepo.sms] Setting timestamp parameters: start=2025-09-18 02:25:59.0, end=2025-09-18 02:26:01.0
[2025-09-21 06:22:46.543] INFO  [MultiTableRepo.sms] No results found in table sms_shard_01.sms_20250918
[2025-09-21 06:22:46.554] INFO  [MultiTableRepo.sms] Executing SQL: SELECT * FROM sms_shard_01.sms_20250915 WHERE id = ? AND created_at >= ? AND created_at < ?
[2025-09-21 06:22:46.554] INFO  [MultiTableRepo.sms] Parameters: id=7eb17f1d-aa90-4d28-8cd8-6f0e4febd662, startValue=2025-09-15T17:07, endValue=2025-09-15T17:09
[2025-09-21 06:22:46.556] INFO  [MultiTableRepo.sms] Setting timestamp parameters: start=2025-09-15 17:07:00.0, end=2025-09-15 17:09:00.0
[2025-09-21 06:22:46.556] INFO  [MultiTableRepo.sms] No results found in table sms_shard_01.sms_20250915
[2025-09-21 06:22:46.561] INFO  [MultiTableRepo.sms] Executing SQL: SELECT * FROM sms_shard_01.sms_20250917 WHERE id = ? AND created_at >= ? AND created_at < ?
[2025-09-21 06:22:46.561] INFO  [MultiTableRepo.sms] Parameters: id=384eb748-61c6-49a2-85d0-886aa1861303, startValue=2025-09-17T04:19:59, endValue=2025-09-17T04:20:01
[2025-09-21 06:22:46.562] INFO  [MultiTableRepo.sms] Setting timestamp parameters: start=2025-09-17 04:19:59.0, end=2025-09-17 04:20:01.0
[2025-09-21 06:22:46.563] INFO  [MultiTableRepo.sms] No results found in table sms_shard_01.sms_20250917
[2025-09-21 06:22:46.565] INFO  [MultiTableRepo.sms] Executing SQL: SELECT * FROM sms_shard_01.sms_20250915 WHERE id = ? AND created_at >= ? AND created_at < ?
[2025-09-21 06:22:46.565] INFO  [MultiTableRepo.sms] Parameters: id=c3217d7b-a31e-47b6-8e95-ddea47b407fe, startValue=2025-09-15T11:26, endValue=2025-09-15T11:28
[2025-09-21 06:22:46.566] INFO  [MultiTableRepo.sms] Setting timestamp parameters: start=2025-09-15 11:26:00.0, end=2025-09-15 11:28:00.0
[2025-09-21 06:22:46.566] INFO  [MultiTableRepo.sms] No results found in table sms_shard_01.sms_20250915
[2025-09-21 06:22:46.568] INFO  [MultiTableRepo.sms] Executing SQL: SELECT * FROM sms_shard_01.sms_20250915 WHERE id = ? AND created_at >= ? AND created_at < ?
[2025-09-21 06:22:46.568] INFO  [MultiTableRepo.sms] Parameters: id=3364c43e-c7a9-4bc8-91a9-ddd88cbfc9b4, startValue=2025-09-15T00:45:59, endValue=2025-09-15T00:46:01
[2025-09-21 06:22:46.570] INFO  [MultiTableRepo.sms] Setting timestamp parameters: start=2025-09-15 00:45:59.0, end=2025-09-15 00:46:01.0
[2025-09-21 06:22:46.570] INFO  [MultiTableRepo.sms] No results found in table sms_shard_01.sms_20250915
[2025-09-21 06:22:46.574] INFO  [MultiTableRepo.sms] Executing SQL: SELECT * FROM sms_shard_01.sms_20250915 WHERE id = ? AND created_at >= ? AND created_at < ?
[2025-09-21 06:22:46.574] INFO  [MultiTableRepo.sms] Parameters: id=637d1186-0caa-4a29-9d5e-416dc7aa2a4e, startValue=2025-09-15T18:00, endValue=2025-09-15T18:02
[2025-09-21 06:22:46.575] INFO  [MultiTableRepo.sms] Setting timestamp parameters: start=2025-09-15 18:00:00.0, end=2025-09-15 18:02:00.0
[2025-09-21 06:22:46.575] INFO  [MultiTableRepo.sms] No results found in table sms_shard_01.sms_20250915
[2025-09-21 06:22:46.577] INFO  [MultiTableRepo.sms] Executing SQL: SELECT * FROM sms_shard_01.sms_20250921 WHERE id = ? AND created_at >= ? AND created_at < ?
[2025-09-21 06:22:46.577] INFO  [MultiTableRepo.sms] Parameters: id=0c3a20fd-ad12-4076-8bfb-9a8c1d49f8b0, startValue=2025-09-21T01:32, endValue=2025-09-21T01:34
[2025-09-21 06:22:46.578] INFO  [MultiTableRepo.sms] Setting timestamp parameters: start=2025-09-21 01:32:00.0, end=2025-09-21 01:34:00.0
[2025-09-21 06:22:46.578] INFO  [MultiTableRepo.sms] No results found in table sms_shard_01.sms_20250921
[2025-09-21 06:22:46.579] INFO  [MultiTableRepo.sms] Executing SQL: SELECT * FROM sms_shard_01.sms_20250916 WHERE id = ? AND created_at >= ? AND created_at < ?
[2025-09-21 06:22:46.579] INFO  [MultiTableRepo.sms] Parameters: id=45bae109-55fe-42a2-93ce-a8b9051ef4c0, startValue=2025-09-16T01:50, endValue=2025-09-16T03:50
[2025-09-21 06:22:46.583] INFO  [MultiTableRepo.sms] Setting timestamp parameters: start=2025-09-16 01:50:00.0, end=2025-09-16 03:50:00.0
[2025-09-21 06:22:46.583] INFO  [MultiTableRepo.sms] No results found in table sms_shard_01.sms_20250916
[2025-09-21 06:22:46.584] INFO  [MultiTableRepo.sms] Executing SQL: SELECT * FROM sms_shard_01.sms_20250918 WHERE id = ? AND created_at >= ? AND created_at < ?
[2025-09-21 06:22:46.584] INFO  [MultiTableRepo.sms] Parameters: id=6248c24f-4e28-498b-a74b-4ea01c8fb59c, startValue=2025-09-18T13:11:59, endValue=2025-09-18T13:12:01
[2025-09-21 06:22:46.585] INFO  [MultiTableRepo.sms] Setting timestamp parameters: start=2025-09-18 13:11:59.0, end=2025-09-18 13:12:01.0
[2025-09-21 06:22:46.586] INFO  [MultiTableRepo.sms] No results found in table sms_shard_01.sms_20250918
[2025-09-21 06:22:46.587] INFO  [MultiTableRepo.sms] Executing SQL: SELECT * FROM sms_shard_01.sms_20250914 WHERE id = ? AND created_at >= ? AND created_at < ?
[2025-09-21 06:22:46.587] INFO  [MultiTableRepo.sms] Parameters: id=3c85bf9e-5889-4b6e-8582-4443e7baff8c, startValue=2025-09-14T23:09, endValue=2025-09-15T01:09
[2025-09-21 06:22:46.590] INFO  [MultiTableRepo.sms] Setting timestamp parameters: start=2025-09-14 23:09:00.0, end=2025-09-15 01:09:00.0
[2025-09-21 06:22:46.591] INFO  [MultiTableRepo.sms] No results found in table sms_shard_01.sms_20250914
[2025-09-21 06:22:46.592] INFO  [MultiTableRepo.sms] Executing SQL: SELECT * FROM sms_shard_01.sms_20250915 WHERE id = ? AND created_at >= ? AND created_at < ?
[2025-09-21 06:22:46.592] INFO  [MultiTableRepo.sms] Parameters: id=3c85bf9e-5889-4b6e-8582-4443e7baff8c, startValue=2025-09-14T23:09, endValue=2025-09-15T01:09
[2025-09-21 06:22:46.593] INFO  [MultiTableRepo.sms] Setting timestamp parameters: start=2025-09-14 23:09:00.0, end=2025-09-15 01:09:00.0
[2025-09-21 06:22:46.593] INFO  [MultiTableRepo.sms] No results found in table sms_shard_01.sms_20250915
[2025-09-21 06:22:46.594] INFO  [MultiTableRepo.sms] Executing SQL: SELECT * FROM sms_shard_01.sms_20250917 WHERE id = ? AND created_at >= ? AND created_at < ?
[2025-09-21 06:22:46.594] INFO  [MultiTableRepo.sms] Parameters: id=18d632a6-dfb9-40fb-9583-bb86aaca934f, startValue=2025-09-17T17:44, endValue=2025-09-17T19:44
[2025-09-21 06:22:46.595] INFO  [MultiTableRepo.sms] Setting timestamp parameters: start=2025-09-17 17:44:00.0, end=2025-09-17 19:44:00.0
[2025-09-21 06:22:46.595] INFO  [MultiTableRepo.sms] No results found in table sms_shard_01.sms_20250917
[2025-09-21 06:22:46.597] INFO  [MultiTableRepo.sms] Executing SQL: SELECT * FROM sms_shard_01.sms_20250920 WHERE id = ? AND created_at >= ? AND created_at < ?
[2025-09-21 06:22:46.597] INFO  [MultiTableRepo.sms] Parameters: id=39d9b692-b030-46ad-85dc-05131c715060, startValue=2025-09-20T10:32:59, endValue=2025-09-20T10:33:01
[2025-09-21 06:22:46.597] INFO  [MultiTableRepo.sms] Setting timestamp parameters: start=2025-09-20 10:32:59.0, end=2025-09-20 10:33:01.0
[2025-09-21 06:22:46.598] INFO  [MultiTableRepo.sms] No results found in table sms_shard_01.sms_20250920
[2025-09-21 06:22:46.600] INFO  [MultiTableRepo.sms] Executing SQL: SELECT * FROM sms_shard_01.sms_20250916 WHERE id = ? AND created_at >= ? AND created_at < ?
[2025-09-21 06:22:46.600] INFO  [MultiTableRepo.sms] Parameters: id=3478254b-706c-4082-b316-99595de61af9, startValue=2025-09-16T17:17:59, endValue=2025-09-16T17:18:01
[2025-09-21 06:22:46.601] INFO  [MultiTableRepo.sms] Setting timestamp parameters: start=2025-09-16 17:17:59.0, end=2025-09-16 17:18:01.0
[2025-09-21 06:22:46.601] INFO  [MultiTableRepo.sms] No results found in table sms_shard_01.sms_20250916
[2025-09-21 06:22:46.603] INFO  [MultiTableRepo.sms] Executing SQL: SELECT * FROM sms_shard_01.sms_20250916 WHERE id = ? AND created_at >= ? AND created_at < ?
[2025-09-21 06:22:46.603] INFO  [MultiTableRepo.sms] Parameters: id=5f99263d-4362-4b05-bab0-3b2080ca0f4d, startValue=2025-09-16T18:47, endValue=2025-09-16T20:47
[2025-09-21 06:22:46.604] INFO  [MultiTableRepo.sms] Setting timestamp parameters: start=2025-09-16 18:47:00.0, end=2025-09-16 20:47:00.0
[2025-09-21 06:22:46.604] INFO  [MultiTableRepo.sms] No results found in table sms_shard_01.sms_20250916
[2025-09-21 06:22:46.605] INFO  [MultiTableRepo.sms] Executing SQL: SELECT * FROM sms_shard_01.sms_20250919 WHERE id = ? AND created_at >= ? AND created_at < ?
[2025-09-21 06:22:46.605] INFO  [MultiTableRepo.sms] Parameters: id=f9db4f03-5c4e-431e-a0b2-1370b829efc9, startValue=2025-09-19T16:01:59, endValue=2025-09-19T16:02:01
[2025-09-21 06:22:46.606] INFO  [MultiTableRepo.sms] Setting timestamp parameters: start=2025-09-19 16:01:59.0, end=2025-09-19 16:02:01.0
[2025-09-21 06:22:46.606] INFO  [MultiTableRepo.sms] No results found in table sms_shard_01.sms_20250919
[2025-09-21 06:22:46.608] INFO  [MultiTableRepo.sms] Executing SQL: SELECT * FROM sms_shard_01.sms_20250916 WHERE id = ? AND created_at >= ? AND created_at < ?
[2025-09-21 06:22:46.608] INFO  [MultiTableRepo.sms] Parameters: id=7ee0d14a-2b65-442f-8937-65bdaff9aeea, startValue=2025-09-16T14:18, endValue=2025-09-16T16:18
[2025-09-21 06:22:46.608] INFO  [MultiTableRepo.sms] Setting timestamp parameters: start=2025-09-16 14:18:00.0, end=2025-09-16 16:18:00.0
[2025-09-21 06:22:46.609] INFO  [MultiTableRepo.sms] No results found in table sms_shard_01.sms_20250916
[2025-09-21 06:22:46.610] INFO  [MultiTableRepo.sms] Executing SQL: SELECT * FROM sms_shard_01.sms_20250916 WHERE id = ? AND created_at >= ? AND created_at < ?
[2025-09-21 06:22:46.610] INFO  [MultiTableRepo.sms] Parameters: id=5d0bada1-2b9e-484c-ae59-fd553454f235, startValue=2025-09-16T09:11, endValue=2025-09-16T11:11
[2025-09-21 06:22:46.611] INFO  [MultiTableRepo.sms] Setting timestamp parameters: start=2025-09-16 09:11:00.0, end=2025-09-16 11:11:00.0
[2025-09-21 06:22:46.611] INFO  [MultiTableRepo.sms] No results found in table sms_shard_01.sms_20250916
[2025-09-21 06:22:46.612] INFO  [MultiTableRepo.sms] Executing SQL: SELECT * FROM sms_shard_01.sms_20250920 WHERE id = ? AND created_at >= ? AND created_at < ?
[2025-09-21 06:22:46.612] INFO  [MultiTableRepo.sms] Parameters: id=e02998bd-cada-432b-b65d-f1e9a8a34dab, startValue=2025-09-20T12:03, endValue=2025-09-20T12:05
[2025-09-21 06:22:46.613] INFO  [MultiTableRepo.sms] Setting timestamp parameters: start=2025-09-20 12:03:00.0, end=2025-09-20 12:05:00.0
[2025-09-21 06:22:46.613] INFO  [MultiTableRepo.sms] No results found in table sms_shard_01.sms_20250920
[2025-09-21 06:22:46.614] INFO  [MultiTableRepo.sms] Executing SQL: SELECT * FROM sms_shard_01.sms_20250919 WHERE id = ? AND created_at >= ? AND created_at < ?
[2025-09-21 06:22:46.614] INFO  [MultiTableRepo.sms] Parameters: id=7808ae0e-df99-40f4-8297-21524325eac4, startValue=2025-09-19T08:30, endValue=2025-09-19T10:30
[2025-09-21 06:22:46.615] INFO  [MultiTableRepo.sms] Setting timestamp parameters: start=2025-09-19 08:30:00.0, end=2025-09-19 10:30:00.0
[2025-09-21 06:22:46.615] INFO  [MultiTableRepo.sms] No results found in table sms_shard_01.sms_20250919
[2025-09-21 06:22:46.616] INFO  [MultiTableRepo.sms] Executing SQL: SELECT * FROM sms_shard_01.sms_20250921 WHERE id = ? AND created_at >= ? AND created_at < ?
[2025-09-21 06:22:46.616] INFO  [MultiTableRepo.sms] Parameters: id=7af451ac-11b4-460e-9ab7-68498af9c5ea, startValue=2025-09-21T20:11, endValue=2025-09-21T20:13
[2025-09-21 06:22:46.617] INFO  [MultiTableRepo.sms] Setting timestamp parameters: start=2025-09-21 20:11:00.0, end=2025-09-21 20:13:00.0
[2025-09-21 06:22:46.617] INFO  [MultiTableRepo.sms] No results found in table sms_shard_01.sms_20250921
[2025-09-21 06:22:46.618] INFO  [MultiTableRepo.sms] Executing SQL: SELECT * FROM sms_shard_01.sms_20250921 WHERE id = ? AND created_at >= ? AND created_at < ?
[2025-09-21 06:22:46.618] INFO  [MultiTableRepo.sms] Parameters: id=8e21a048-9668-46b7-bffc-e7e5bfbb680b, startValue=2025-09-21T20:38, endValue=2025-09-21T22:38
[2025-09-21 06:22:46.619] INFO  [MultiTableRepo.sms] Setting timestamp parameters: start=2025-09-21 20:38:00.0, end=2025-09-21 22:38:00.0
[2025-09-21 06:22:46.619] INFO  [MultiTableRepo.sms] No results found in table sms_shard_01.sms_20250921
[2025-09-21 06:22:46.620] INFO  [MultiTableRepo.sms] Executing SQL: SELECT * FROM sms_shard_01.sms_20250921 WHERE id = ? AND created_at >= ? AND created_at < ?
[2025-09-21 06:22:46.620] INFO  [MultiTableRepo.sms] Parameters: id=42e7a588-cc5f-4068-9109-9b477d4b49da, startValue=2025-09-21T00:58:59, endValue=2025-09-21T00:59:01
[2025-09-21 06:22:46.621] INFO  [MultiTableRepo.sms] Setting timestamp parameters: start=2025-09-21 00:58:59.0, end=2025-09-21 00:59:01.0
[2025-09-21 06:22:46.621] INFO  [MultiTableRepo.sms] No results found in table sms_shard_01.sms_20250921
[2025-09-21 06:22:46.622] INFO  [MultiTableRepo.sms] Executing SQL: SELECT * FROM sms_shard_01.sms_20250915 WHERE id = ? AND created_at >= ? AND created_at < ?
[2025-09-21 06:22:46.622] INFO  [MultiTableRepo.sms] Parameters: id=9dd11115-34db-4483-a115-5f6b5eaa61e7, startValue=2025-09-15T07:35, endValue=2025-09-15T09:35
[2025-09-21 06:22:46.625] INFO  [MultiTableRepo.sms] Setting timestamp parameters: start=2025-09-15 07:35:00.0, end=2025-09-15 09:35:00.0
[2025-09-21 06:22:46.626] INFO  [MultiTableRepo.sms] No results found in table sms_shard_01.sms_20250915
[2025-09-21 06:22:46.627] INFO  [MultiTableRepo.sms] Executing SQL: SELECT * FROM sms_shard_01.sms_20250919 WHERE id = ? AND created_at >= ? AND created_at < ?
[2025-09-21 06:22:46.627] INFO  [MultiTableRepo.sms] Parameters: id=b1358b9a-4ca0-46e5-b898-790e16016b97, startValue=2025-09-19T21:09:59, endValue=2025-09-19T21:10:01
[2025-09-21 06:22:46.627] INFO  [MultiTableRepo.sms] Setting timestamp parameters: start=2025-09-19 21:09:59.0, end=2025-09-19 21:10:01.0
[2025-09-21 06:22:46.628] INFO  [MultiTableRepo.sms] No results found in table sms_shard_01.sms_20250919
[2025-09-21 06:22:46.630] INFO  [MultiTableRepo.sms] Executing SQL: SELECT * FROM sms_shard_01.sms_20250920 WHERE id = ? AND created_at >= ? AND created_at < ?
[2025-09-21 06:22:46.630] INFO  [MultiTableRepo.sms] Parameters: id=7b9fd491-fa39-40c4-b8a9-699401f76ffc, startValue=2025-09-20T15:16:59, endValue=2025-09-20T15:17:01
[2025-09-21 06:22:46.631] INFO  [MultiTableRepo.sms] Setting timestamp parameters: start=2025-09-20 15:16:59.0, end=2025-09-20 15:17:01.0
[2025-09-21 06:22:46.631] INFO  [MultiTableRepo.sms] No results found in table sms_shard_01.sms_20250920
[2025-09-21 06:22:46.632] INFO  [MultiTableRepo.sms] Executing SQL: SELECT * FROM sms_shard_01.sms_20250915 WHERE id = ? AND created_at >= ? AND created_at < ?
[2025-09-21 06:22:46.632] INFO  [MultiTableRepo.sms] Parameters: id=9db2740a-5e6b-48ef-b7e1-7c04b22f337a, startValue=2025-09-15T08:55, endValue=2025-09-15T08:57
[2025-09-21 06:22:46.633] INFO  [MultiTableRepo.sms] Setting timestamp parameters: start=2025-09-15 08:55:00.0, end=2025-09-15 08:57:00.0
[2025-09-21 06:22:46.633] INFO  [MultiTableRepo.sms] No results found in table sms_shard_01.sms_20250915
[2025-09-21 06:22:46.635] INFO  [MultiTableRepo.sms] Executing SQL: SELECT * FROM sms_shard_01.sms_20250917 WHERE id = ? AND created_at >= ? AND created_at < ?
[2025-09-21 06:22:46.635] INFO  [MultiTableRepo.sms] Parameters: id=5f61462b-c6a6-4042-9ddc-4136a0016663, startValue=2025-09-17T15:31:59, endValue=2025-09-17T15:32:01
[2025-09-21 06:22:46.635] INFO  [MultiTableRepo.sms] Setting timestamp parameters: start=2025-09-17 15:31:59.0, end=2025-09-17 15:32:01.0
[2025-09-21 06:22:46.636] INFO  [MultiTableRepo.sms] No results found in table sms_shard_01.sms_20250917
[2025-09-21 06:22:46.637] INFO  [MultiTableRepo.sms] Executing SQL: SELECT * FROM sms_shard_01.sms_20250920 WHERE id = ? AND created_at >= ? AND created_at < ?
[2025-09-21 06:22:46.637] INFO  [MultiTableRepo.sms] Parameters: id=059e20a8-75c3-4bf9-8b72-58a6cf661167, startValue=2025-09-20T00:26, endValue=2025-09-20T02:26
[2025-09-21 06:22:46.637] INFO  [MultiTableRepo.sms] Setting timestamp parameters: start=2025-09-20 00:26:00.0, end=2025-09-20 02:26:00.0
[2025-09-21 06:22:46.638] INFO  [MultiTableRepo.sms] No results found in table sms_shard_01.sms_20250920
[2025-09-21 06:22:46.639] INFO  [MultiTableRepo.sms] Executing SQL: SELECT * FROM sms_shard_01.sms_20250920 WHERE id = ? AND created_at >= ? AND created_at < ?
[2025-09-21 06:22:46.639] INFO  [MultiTableRepo.sms] Parameters: id=3a4498fe-e29c-430d-8296-7b8ae431d3ce, startValue=2025-09-20T04:48:59, endValue=2025-09-20T04:49:01
[2025-09-21 06:22:46.639] INFO  [MultiTableRepo.sms] Setting timestamp parameters: start=2025-09-20 04:48:59.0, end=2025-09-20 04:49:01.0
[2025-09-21 06:22:46.640] INFO  [MultiTableRepo.sms] No results found in table sms_shard_01.sms_20250920
[2025-09-21 06:22:46.641] INFO  [MultiTableRepo.sms] Executing SQL: SELECT * FROM sms_shard_01.sms_20250918 WHERE id = ? AND created_at >= ? AND created_at < ?
[2025-09-21 06:22:46.641] INFO  [MultiTableRepo.sms] Parameters: id=a8d8c13d-fd93-4ac6-9c1d-2598d4419992, startValue=2025-09-18T16:12, endValue=2025-09-18T16:14
[2025-09-21 06:22:46.642] INFO  [MultiTableRepo.sms] Setting timestamp parameters: start=2025-09-18 16:12:00.0, end=2025-09-18 16:14:00.0
[2025-09-21 06:22:46.642] INFO  [MultiTableRepo.sms] No results found in table sms_shard_01.sms_20250918
[2025-09-21 06:22:46.643] INFO  [MultiTableRepo.sms] Executing SQL: SELECT * FROM sms_shard_01.sms_20250916 WHERE id = ? AND created_at >= ? AND created_at < ?
[2025-09-21 06:22:46.643] INFO  [MultiTableRepo.sms] Parameters: id=78787955-c0be-421c-b135-5e11ac1e9e0a, startValue=2025-09-16T23:00, endValue=2025-09-17T01:00
[2025-09-21 06:22:46.644] INFO  [MultiTableRepo.sms] Setting timestamp parameters: start=2025-09-16 23:00:00.0, end=2025-09-17 01:00:00.0
[2025-09-21 06:22:46.644] INFO  [MultiTableRepo.sms] No results found in table sms_shard_01.sms_20250916
[2025-09-21 06:22:46.645] INFO  [MultiTableRepo.sms] Executing SQL: SELECT * FROM sms_shard_01.sms_20250917 WHERE id = ? AND created_at >= ? AND created_at < ?
[2025-09-21 06:22:46.645] INFO  [MultiTableRepo.sms] Parameters: id=78787955-c0be-421c-b135-5e11ac1e9e0a, startValue=2025-09-16T23:00, endValue=2025-09-17T01:00
[2025-09-21 06:22:46.646] INFO  [MultiTableRepo.sms] Setting timestamp parameters: start=2025-09-16 23:00:00.0, end=2025-09-17 01:00:00.0
[2025-09-21 06:22:46.646] INFO  [MultiTableRepo.sms] No results found in table sms_shard_01.sms_20250917
[2025-09-21 06:22:46.647] INFO  [MultiTableRepo.sms] Executing SQL: SELECT * FROM sms_shard_01.sms_20250915 WHERE id = ? AND created_at >= ? AND created_at < ?
[2025-09-21 06:22:46.647] INFO  [MultiTableRepo.sms] Parameters: id=ae16a054-5669-4943-8d38-d04f722c33ce, startValue=2025-09-15T17:35:59, endValue=2025-09-15T17:36:01
[2025-09-21 06:22:46.650] INFO  [MultiTableRepo.sms] Setting timestamp parameters: start=2025-09-15 17:35:59.0, end=2025-09-15 17:36:01.0
[2025-09-21 06:22:46.650] INFO  [MultiTableRepo.sms] No results found in table sms_shard_01.sms_20250915
[2025-09-21 06:22:46.652] INFO  [MultiTableRepo.sms] Executing SQL: SELECT * FROM sms_shard_01.sms_20250917 WHERE id = ? AND created_at >= ? AND created_at < ?
[2025-09-21 06:22:46.652] INFO  [MultiTableRepo.sms] Parameters: id=b6b83599-90ef-4e62-92fb-a1bb6cd246ec, startValue=2025-09-17T15:53, endValue=2025-09-17T17:53
[2025-09-21 06:22:46.653] INFO  [MultiTableRepo.sms] Setting timestamp parameters: start=2025-09-17 15:53:00.0, end=2025-09-17 17:53:00.0
[2025-09-21 06:22:46.653] INFO  [MultiTableRepo.sms] No results found in table sms_shard_01.sms_20250917
[2025-09-21 06:22:46.655] INFO  [MultiTableRepo.sms] Executing SQL: SELECT * FROM sms_shard_01.sms_20250920 WHERE id = ? AND created_at >= ? AND created_at < ?
[2025-09-21 06:22:46.655] INFO  [MultiTableRepo.sms] Parameters: id=be90dfe6-ce3e-4b4c-a92d-fe9d3db7a0f5, startValue=2025-09-20T06:26:59, endValue=2025-09-20T06:27:01
[2025-09-21 06:22:46.655] INFO  [MultiTableRepo.sms] Setting timestamp parameters: start=2025-09-20 06:26:59.0, end=2025-09-20 06:27:01.0
[2025-09-21 06:22:46.656] INFO  [MultiTableRepo.sms] No results found in table sms_shard_01.sms_20250920
[2025-09-21 06:22:46.657] INFO  [MultiTableRepo.sms] Executing SQL: SELECT * FROM sms_shard_01.sms_20250916 WHERE id = ? AND created_at >= ? AND created_at < ?
[2025-09-21 06:22:46.657] INFO  [MultiTableRepo.sms] Parameters: id=f5a20dc2-94e6-4743-bc21-442983de9029, startValue=2025-09-16T07:34, endValue=2025-09-16T07:36
[2025-09-21 06:22:46.658] INFO  [MultiTableRepo.sms] Setting timestamp parameters: start=2025-09-16 07:34:00.0, end=2025-09-16 07:36:00.0
[2025-09-21 06:22:46.658] INFO  [MultiTableRepo.sms] No results found in table sms_shard_01.sms_20250916
[2025-09-21 06:22:46.659] INFO  [MultiTableRepo.sms] Executing SQL: SELECT * FROM sms_shard_01.sms_20250920 WHERE id = ? AND created_at >= ? AND created_at < ?
[2025-09-21 06:22:46.659] INFO  [MultiTableRepo.sms] Parameters: id=6d76522d-d06b-4cd8-9e52-6134ea83adab, startValue=2025-09-20T03:47, endValue=2025-09-20T05:47
[2025-09-21 06:22:46.660] INFO  [MultiTableRepo.sms] Setting timestamp parameters: start=2025-09-20 03:47:00.0, end=2025-09-20 05:47:00.0
[2025-09-21 06:22:46.660] INFO  [MultiTableRepo.sms] No results found in table sms_shard_01.sms_20250920
[2025-09-21 06:22:46.661] INFO  [MultiTableRepo.sms] Executing SQL: SELECT * FROM sms_shard_01.sms_20250916 WHERE id = ? AND created_at >= ? AND created_at < ?
[2025-09-21 06:22:46.661] INFO  [MultiTableRepo.sms] Parameters: id=3c569367-c1f4-4d1c-83a5-e494775caab9, startValue=2025-09-16T15:33:59, endValue=2025-09-16T15:34:01
[2025-09-21 06:22:46.662] INFO  [MultiTableRepo.sms] Setting timestamp parameters: start=2025-09-16 15:33:59.0, end=2025-09-16 15:34:01.0
[2025-09-21 06:22:46.662] INFO  [MultiTableRepo.sms] No results found in table sms_shard_01.sms_20250916
[2025-09-21 06:22:46.663] INFO  [MultiTableRepo.sms] Executing SQL: SELECT * FROM sms_shard_01.sms_20250921 WHERE id = ? AND created_at >= ? AND created_at < ?
[2025-09-21 06:22:46.663] INFO  [MultiTableRepo.sms] Parameters: id=0c2922c0-4cc5-464b-bfd2-1383c2bda015, startValue=2025-09-21T00:13:59, endValue=2025-09-21T00:14:01
[2025-09-21 06:22:46.664] INFO  [MultiTableRepo.sms] Setting timestamp parameters: start=2025-09-21 00:13:59.0, end=2025-09-21 00:14:01.0
[2025-09-21 06:22:46.664] INFO  [MultiTableRepo.sms] No results found in table sms_shard_01.sms_20250921
[2025-09-21 06:22:46.665] INFO  [MultiTableRepo.sms] Executing SQL: SELECT * FROM sms_shard_01.sms_20250919 WHERE id = ? AND created_at >= ? AND created_at < ?
[2025-09-21 06:22:46.665] INFO  [MultiTableRepo.sms] Parameters: id=69f7b134-842e-484a-a420-b2731d1ff34c, startValue=2025-09-19T06:05, endValue=2025-09-19T08:05
[2025-09-21 06:22:46.666] INFO  [MultiTableRepo.sms] Setting timestamp parameters: start=2025-09-19 06:05:00.0, end=2025-09-19 08:05:00.0
[2025-09-21 06:22:46.666] INFO  [MultiTableRepo.sms] No results found in table sms_shard_01.sms_20250919
[2025-09-21 06:22:46.667] INFO  [MultiTableRepo.sms] Executing SQL: SELECT * FROM sms_shard_01.sms_20250917 WHERE id = ? AND created_at >= ? AND created_at < ?
[2025-09-21 06:22:46.667] INFO  [MultiTableRepo.sms] Parameters: id=07cc7f86-5378-49d1-b3ce-0cdbb1b1d3eb, startValue=2025-09-17T15:50, endValue=2025-09-17T15:52
[2025-09-21 06:22:46.668] INFO  [MultiTableRepo.sms] Setting timestamp parameters: start=2025-09-17 15:50:00.0, end=2025-09-17 15:52:00.0
[2025-09-21 06:22:46.668] INFO  [MultiTableRepo.sms] No results found in table sms_shard_01.sms_20250917
[2025-09-21 06:22:46.669] INFO  [MultiTableRepo.sms] Executing SQL: SELECT * FROM sms_shard_01.sms_20250921 WHERE id = ? AND created_at >= ? AND created_at < ?
[2025-09-21 06:22:46.669] INFO  [MultiTableRepo.sms] Parameters: id=c634af56-025f-425e-9129-a8ac00adb678, startValue=2025-09-21T08:02:59, endValue=2025-09-21T08:03:01
[2025-09-21 06:22:46.670] INFO  [MultiTableRepo.sms] Setting timestamp parameters: start=2025-09-21 08:02:59.0, end=2025-09-21 08:03:01.0
[2025-09-21 06:22:46.670] INFO  [MultiTableRepo.sms] No results found in table sms_shard_01.sms_20250921
[2025-09-21 06:22:46.671] INFO  [MultiTableRepo.sms] Executing SQL: SELECT * FROM sms_shard_01.sms_20250915 WHERE id = ? AND created_at >= ? AND created_at < ?
[2025-09-21 06:22:46.671] INFO  [MultiTableRepo.sms] Parameters: id=0ad37c30-4d8a-431f-b2ed-a0019d2bef6f, startValue=2025-09-15T20:24, endValue=2025-09-15T22:24
[2025-09-21 06:22:46.672] INFO  [MultiTableRepo.sms] Setting timestamp parameters: start=2025-09-15 20:24:00.0, end=2025-09-15 22:24:00.0
[2025-09-21 06:22:46.672] INFO  [MultiTableRepo.sms] No results found in table sms_shard_01.sms_20250915
[2025-09-21 06:22:46.674] INFO  [MultiTableRepo.sms] Executing SQL: SELECT * FROM sms_shard_01.sms_20250919 WHERE id = ? AND created_at >= ? AND created_at < ?
[2025-09-21 06:22:46.674] INFO  [MultiTableRepo.sms] Parameters: id=9d48fe59-89d2-4de3-987d-09cd6c1614c8, startValue=2025-09-19T04:16, endValue=2025-09-19T06:16
[2025-09-21 06:22:46.675] INFO  [MultiTableRepo.sms] Setting timestamp parameters: start=2025-09-19 04:16:00.0, end=2025-09-19 06:16:00.0
[2025-09-21 06:22:46.675] INFO  [MultiTableRepo.sms] No results found in table sms_shard_01.sms_20250919
[2025-09-21 06:22:46.676] INFO  [MultiTableRepo.sms] Executing SQL: SELECT * FROM sms_shard_01.sms_20250917 WHERE id = ? AND created_at >= ? AND created_at < ?
[2025-09-21 06:22:46.676] INFO  [MultiTableRepo.sms] Parameters: id=e95f7b18-2671-4bf1-b9d7-d495b073eaed, startValue=2025-09-17T03:02, endValue=2025-09-17T03:04
[2025-09-21 06:22:46.677] INFO  [MultiTableRepo.sms] Setting timestamp parameters: start=2025-09-17 03:02:00.0, end=2025-09-17 03:04:00.0
[2025-09-21 06:22:46.677] INFO  [MultiTableRepo.sms] No results found in table sms_shard_01.sms_20250917
[2025-09-21 06:22:46.679] INFO  [MultiTableRepo.sms] Executing SQL: SELECT * FROM sms_shard_01.sms_20250916 WHERE id = ? AND created_at >= ? AND created_at < ?
[2025-09-21 06:22:46.679] INFO  [MultiTableRepo.sms] Parameters: id=798599cc-f732-4d0d-9297-dc9a1992b8c8, startValue=2025-09-16T23:17, endValue=2025-09-16T23:19
[2025-09-21 06:22:46.680] INFO  [MultiTableRepo.sms] Setting timestamp parameters: start=2025-09-16 23:17:00.0, end=2025-09-16 23:19:00.0
[2025-09-21 06:22:46.681] INFO  [MultiTableRepo.sms] No results found in table sms_shard_01.sms_20250916
[2025-09-21 06:22:46.683] INFO  [MultiTableRepo.sms] Executing SQL: SELECT * FROM sms_shard_01.sms_20250919 WHERE id = ? AND created_at >= ? AND created_at < ?
[2025-09-21 06:22:46.683] INFO  [MultiTableRepo.sms] Parameters: id=2ca13fb2-3c48-4bc8-a4ad-8cf321bf727f, startValue=2025-09-19T03:43, endValue=2025-09-19T05:43
[2025-09-21 06:22:46.684] INFO  [MultiTableRepo.sms] Setting timestamp parameters: start=2025-09-19 03:43:00.0, end=2025-09-19 05:43:00.0
[2025-09-21 06:22:46.684] INFO  [MultiTableRepo.sms] No results found in table sms_shard_01.sms_20250919
[2025-09-21 06:22:46.686] INFO  [MultiTableRepo.sms] Executing SQL: SELECT * FROM sms_shard_01.sms_20250918 WHERE id = ? AND created_at >= ? AND created_at < ?
[2025-09-21 06:22:46.686] INFO  [MultiTableRepo.sms] Parameters: id=8b6512d2-d843-4cd0-b7b2-0588ed730900, startValue=2025-09-18T22:51, endValue=2025-09-18T22:53
[2025-09-21 06:22:46.687] INFO  [MultiTableRepo.sms] Setting timestamp parameters: start=2025-09-18 22:51:00.0, end=2025-09-18 22:53:00.0
[2025-09-21 06:22:46.687] INFO  [MultiTableRepo.sms] No results found in table sms_shard_01.sms_20250918
[2025-09-21 06:22:46.688] INFO  [MultiTableRepo.sms] Executing SQL: SELECT * FROM sms_shard_01.sms_20250918 WHERE id = ? AND created_at >= ? AND created_at < ?
[2025-09-21 06:22:46.688] INFO  [MultiTableRepo.sms] Parameters: id=3703f08f-94f0-4af0-a617-96ca039b6ccf, startValue=2025-09-18T14:34, endValue=2025-09-18T16:34
[2025-09-21 06:22:46.689] INFO  [MultiTableRepo.sms] Setting timestamp parameters: start=2025-09-18 14:34:00.0, end=2025-09-18 16:34:00.0
[2025-09-21 06:22:46.689] INFO  [MultiTableRepo.sms] No results found in table sms_shard_01.sms_20250918
[2025-09-21 06:22:46.691] INFO  [MultiTableRepo.sms] Executing SQL: SELECT * FROM sms_shard_01.sms_20250919 WHERE id = ? AND created_at >= ? AND created_at < ?
[2025-09-21 06:22:46.691] INFO  [MultiTableRepo.sms] Parameters: id=93bf3da6-87c4-4f34-a69c-c97d510627c6, startValue=2025-09-19T04:12, endValue=2025-09-19T06:12
[2025-09-21 06:22:46.692] INFO  [MultiTableRepo.sms] Setting timestamp parameters: start=2025-09-19 04:12:00.0, end=2025-09-19 06:12:00.0
[2025-09-21 06:22:46.692] INFO  [MultiTableRepo.sms] No results found in table sms_shard_01.sms_20250919
[2025-09-21 06:22:46.693] INFO  [MultiTableRepo.sms] Executing SQL: SELECT * FROM sms_shard_01.sms_20250917 WHERE id = ? AND created_at >= ? AND created_at < ?
[2025-09-21 06:22:46.693] INFO  [MultiTableRepo.sms] Parameters: id=fb42cf30-0279-45ab-86c5-996bb477852b, startValue=2025-09-17T22:53, endValue=2025-09-17T22:55
[2025-09-21 06:22:46.694] INFO  [MultiTableRepo.sms] Setting timestamp parameters: start=2025-09-17 22:53:00.0, end=2025-09-17 22:55:00.0
[2025-09-21 06:22:46.694] INFO  [MultiTableRepo.sms] No results found in table sms_shard_01.sms_20250917
[2025-09-21 06:22:46.696] INFO  [MultiTableRepo.sms] Executing SQL: SELECT * FROM sms_shard_01.sms_20250920 WHERE id = ? AND created_at >= ? AND created_at < ?
[2025-09-21 06:22:46.696] INFO  [MultiTableRepo.sms] Parameters: id=73ebf0a6-e842-4b6c-9074-4fc96d6a2dcc, startValue=2025-09-20T11:32:59, endValue=2025-09-20T11:33:01
[2025-09-21 06:22:46.696] INFO  [MultiTableRepo.sms] Setting timestamp parameters: start=2025-09-20 11:32:59.0, end=2025-09-20 11:33:01.0
[2025-09-21 06:22:46.697] INFO  [MultiTableRepo.sms] No results found in table sms_shard_01.sms_20250920
[2025-09-21 06:22:46.698] INFO  [MultiTableRepo.sms] Executing SQL: SELECT * FROM sms_shard_01.sms_20250919 WHERE id = ? AND created_at >= ? AND created_at < ?
[2025-09-21 06:22:46.698] INFO  [MultiTableRepo.sms] Parameters: id=d9554220-079a-47c2-98c7-ebaa37cc4ded, startValue=2025-09-19T09:15, endValue=2025-09-19T11:15
[2025-09-21 06:22:46.699] INFO  [MultiTableRepo.sms] Setting timestamp parameters: start=2025-09-19 09:15:00.0, end=2025-09-19 11:15:00.0
[2025-09-21 06:22:46.699] INFO  [MultiTableRepo.sms] No results found in table sms_shard_01.sms_20250919
[2025-09-21 06:22:46.700] INFO  [MultiTableRepo.sms] Executing SQL: SELECT * FROM sms_shard_01.sms_20250916 WHERE id = ? AND created_at >= ? AND created_at < ?
[2025-09-21 06:22:46.700] INFO  [MultiTableRepo.sms] Parameters: id=f4162253-9706-460a-9020-434fa0e94d2b, startValue=2025-09-16T06:21:59, endValue=2025-09-16T06:22:01
[2025-09-21 06:22:46.701] INFO  [MultiTableRepo.sms] Setting timestamp parameters: start=2025-09-16 06:21:59.0, end=2025-09-16 06:22:01.0
[2025-09-21 06:22:46.702] INFO  [MultiTableRepo.sms] No results found in table sms_shard_01.sms_20250916
[2025-09-21 06:22:46.703] INFO  [MultiTableRepo.sms] Executing SQL: SELECT * FROM sms_shard_01.sms_20250918 WHERE id = ? AND created_at >= ? AND created_at < ?
[2025-09-21 06:22:46.703] INFO  [MultiTableRepo.sms] Parameters: id=5f5bed7f-7552-45a0-91f7-5a47055d7017, startValue=2025-09-18T16:01, endValue=2025-09-18T16:03
[2025-09-21 06:22:46.704] INFO  [MultiTableRepo.sms] Setting timestamp parameters: start=2025-09-18 16:01:00.0, end=2025-09-18 16:03:00.0
[2025-09-21 06:22:46.704] INFO  [MultiTableRepo.sms] No results found in table sms_shard_01.sms_20250918
[2025-09-21 06:22:46.705] INFO  [MultiTableRepo.sms] Executing SQL: SELECT * FROM sms_shard_01.sms_20250921 WHERE id = ? AND created_at >= ? AND created_at < ?
[2025-09-21 06:22:46.705] INFO  [MultiTableRepo.sms] Parameters: id=2c0d6d88-ede7-4fc3-b25c-e267598df6e2, startValue=2025-09-21T14:24, endValue=2025-09-21T14:26
[2025-09-21 06:22:46.706] INFO  [MultiTableRepo.sms] Setting timestamp parameters: start=2025-09-21 14:24:00.0, end=2025-09-21 14:26:00.0
[2025-09-21 06:22:46.706] INFO  [MultiTableRepo.sms] No results found in table sms_shard_01.sms_20250921
[2025-09-21 06:22:46.707] INFO  [MultiTableRepo.sms] Executing SQL: SELECT * FROM sms_shard_01.sms_20250915 WHERE id = ? AND created_at >= ? AND created_at < ?
[2025-09-21 06:22:46.707] INFO  [MultiTableRepo.sms] Parameters: id=25e14cea-64b9-4a59-a3d3-6ec02f709936, startValue=2025-09-15T04:48, endValue=2025-09-15T06:48
[2025-09-21 06:22:46.708] INFO  [MultiTableRepo.sms] Setting timestamp parameters: start=2025-09-15 04:48:00.0, end=2025-09-15 06:48:00.0
[2025-09-21 06:22:46.708] INFO  [MultiTableRepo.sms] No results found in table sms_shard_01.sms_20250915
[2025-09-21 06:22:46.709] INFO  [MultiTableRepo.sms] Executing SQL: SELECT * FROM sms_shard_01.sms_20250915 WHERE id = ? AND created_at >= ? AND created_at < ?
[2025-09-21 06:22:46.709] INFO  [MultiTableRepo.sms] Parameters: id=e496aaea-e8d1-4d0c-8d1d-11644a27ee46, startValue=2025-09-15T18:15, endValue=2025-09-15T20:15
[2025-09-21 06:22:46.710] INFO  [MultiTableRepo.sms] Setting timestamp parameters: start=2025-09-15 18:15:00.0, end=2025-09-15 20:15:00.0
[2025-09-21 06:22:46.710] INFO  [MultiTableRepo.sms] No results found in table sms_shard_01.sms_20250915
[2025-09-21 06:22:46.712] INFO  [MultiTableRepo.sms] Executing SQL: SELECT * FROM sms_shard_01.sms_20250920 WHERE id = ? AND created_at >= ? AND created_at < ?
[2025-09-21 06:22:46.712] INFO  [MultiTableRepo.sms] Parameters: id=f76e85f3-d921-4150-828e-94dc2d982cd5, startValue=2025-09-20T01:49:59, endValue=2025-09-20T01:50:01
[2025-09-21 06:22:46.712] INFO  [MultiTableRepo.sms] Setting timestamp parameters: start=2025-09-20 01:49:59.0, end=2025-09-20 01:50:01.0
[2025-09-21 06:22:46.713] INFO  [MultiTableRepo.sms] No results found in table sms_shard_01.sms_20250920
[2025-09-21 06:22:46.714] INFO  [MultiTableRepo.sms] Executing SQL: SELECT * FROM sms_shard_01.sms_20250918 WHERE id = ? AND created_at >= ? AND created_at < ?
[2025-09-21 06:22:46.714] INFO  [MultiTableRepo.sms] Parameters: id=b4b69e60-6c69-4c61-9d0d-8175f0bbd655, startValue=2025-09-18T11:29, endValue=2025-09-18T13:29
[2025-09-21 06:22:46.715] INFO  [MultiTableRepo.sms] Setting timestamp parameters: start=2025-09-18 11:29:00.0, end=2025-09-18 13:29:00.0
[2025-09-21 06:22:46.715] INFO  [MultiTableRepo.sms] No results found in table sms_shard_01.sms_20250918
[2025-09-21 06:22:46.716] INFO  [MultiTableRepo.sms] Executing SQL: SELECT * FROM sms_shard_01.sms_20250919 WHERE id = ? AND created_at >= ? AND created_at < ?
[2025-09-21 06:22:46.716] INFO  [MultiTableRepo.sms] Parameters: id=fe1bce93-c015-496b-9c28-f5a63e7c0c22, startValue=2025-09-19T11:53:59, endValue=2025-09-19T11:54:01
[2025-09-21 06:22:46.717] INFO  [MultiTableRepo.sms] Setting timestamp parameters: start=2025-09-19 11:53:59.0, end=2025-09-19 11:54:01.0
[2025-09-21 06:22:46.717] INFO  [MultiTableRepo.sms] No results found in table sms_shard_01.sms_20250919
[2025-09-21 06:22:46.718] INFO  [MultiTableRepo.sms] Executing SQL: SELECT * FROM sms_shard_01.sms_20250917 WHERE id = ? AND created_at >= ? AND created_at < ?
[2025-09-21 06:22:46.718] INFO  [MultiTableRepo.sms] Parameters: id=10dd3b54-1600-4dfb-944f-92c24104b4c0, startValue=2025-09-17T05:16:59, endValue=2025-09-17T05:17:01
[2025-09-21 06:22:46.719] INFO  [MultiTableRepo.sms] Setting timestamp parameters: start=2025-09-17 05:16:59.0, end=2025-09-17 05:17:01.0
[2025-09-21 06:22:46.720] INFO  [MultiTableRepo.sms] No results found in table sms_shard_01.sms_20250917
[2025-09-21 06:22:46.721] INFO  [MultiTableRepo.sms] Executing SQL: SELECT * FROM sms_shard_01.sms_20250916 WHERE id = ? AND created_at >= ? AND created_at < ?
[2025-09-21 06:22:46.721] INFO  [MultiTableRepo.sms] Parameters: id=3ea78f3e-4498-4e6e-a916-4501b628aa95, startValue=2025-09-16T01:57, endValue=2025-09-16T03:57
[2025-09-21 06:22:46.721] INFO  [MultiTableRepo.sms] Setting timestamp parameters: start=2025-09-16 01:57:00.0, end=2025-09-16 03:57:00.0
[2025-09-21 06:22:46.722] INFO  [MultiTableRepo.sms] No results found in table sms_shard_01.sms_20250916
[2025-09-21 06:22:46.723] INFO  [MultiTableRepo.sms] Executing SQL: SELECT * FROM sms_shard_01.sms_20250918 WHERE id = ? AND created_at >= ? AND created_at < ?
[2025-09-21 06:22:46.723] INFO  [MultiTableRepo.sms] Parameters: id=1da00e2d-5e0d-411f-9618-efd72eb2db63, startValue=2025-09-18T17:25:59, endValue=2025-09-18T17:26:01
[2025-09-21 06:22:46.724] INFO  [MultiTableRepo.sms] Setting timestamp parameters: start=2025-09-18 17:25:59.0, end=2025-09-18 17:26:01.0
[2025-09-21 06:22:46.724] INFO  [MultiTableRepo.sms] No results found in table sms_shard_01.sms_20250918
[2025-09-21 06:22:46.725] INFO  [MultiTableRepo.sms] Executing SQL: SELECT * FROM sms_shard_01.sms_20250920 WHERE id = ? AND created_at >= ? AND created_at < ?
[2025-09-21 06:22:46.725] INFO  [MultiTableRepo.sms] Parameters: id=1dc75009-ad32-4c71-8fed-3c7a59ca2271, startValue=2025-09-20T01:03, endValue=2025-09-20T01:05
[2025-09-21 06:22:46.726] INFO  [MultiTableRepo.sms] Setting timestamp parameters: start=2025-09-20 01:03:00.0, end=2025-09-20 01:05:00.0
[2025-09-21 06:22:46.726] INFO  [MultiTableRepo.sms] No results found in table sms_shard_01.sms_20250920
[2025-09-21 06:22:46.727] INFO  [MultiTableRepo.sms] Executing SQL: SELECT * FROM sms_shard_01.sms_20250921 WHERE id = ? AND created_at >= ? AND created_at < ?
[2025-09-21 06:22:46.727] INFO  [MultiTableRepo.sms] Parameters: id=19642a22-94bf-403a-a238-9bc88e36383f, startValue=2025-09-21T12:23, endValue=2025-09-21T14:23
[2025-09-21 06:22:46.728] INFO  [MultiTableRepo.sms] Setting timestamp parameters: start=2025-09-21 12:23:00.0, end=2025-09-21 14:23:00.0
[2025-09-21 06:22:46.728] INFO  [MultiTableRepo.sms] No results found in table sms_shard_01.sms_20250921
[2025-09-21 06:22:46.730] INFO  [MultiTableRepo.sms] Executing SQL: SELECT * FROM sms_shard_01.sms_20250921 WHERE id = ? AND created_at >= ? AND created_at < ?
[2025-09-21 06:22:46.730] INFO  [MultiTableRepo.sms] Parameters: id=0badbe6c-e569-40e1-ab14-29a3ab4c4d16, startValue=2025-09-21T04:19:59, endValue=2025-09-21T04:20:01
[2025-09-21 06:22:46.730] INFO  [MultiTableRepo.sms] Setting timestamp parameters: start=2025-09-21 04:19:59.0, end=2025-09-21 04:20:01.0
[2025-09-21 06:22:46.731] INFO  [MultiTableRepo.sms] No results found in table sms_shard_01.sms_20250921
[2025-09-21 06:22:46.734] INFO  [MultiTableRepo.sms] Executing SQL: SELECT * FROM sms_shard_01.sms_20250919 WHERE id = ? AND created_at >= ? AND created_at < ?
[2025-09-21 06:22:46.734] INFO  [MultiTableRepo.sms] Parameters: id=c0131224-d6f1-4fe1-a39d-1d184a587599, startValue=2025-09-19T18:12, endValue=2025-09-19T18:14
[2025-09-21 06:22:46.736] INFO  [MultiTableRepo.sms] Setting timestamp parameters: start=2025-09-19 18:12:00.0, end=2025-09-19 18:14:00.0
[2025-09-21 06:22:46.736] INFO  [MultiTableRepo.sms] No results found in table sms_shard_01.sms_20250919
[2025-09-21 06:22:46.742] INFO  [MultiTableRepo.sms] Executing SQL: SELECT * FROM sms_shard_01.sms_20250918 WHERE id = ? AND created_at >= ? AND created_at < ?
[2025-09-21 06:22:46.742] INFO  [MultiTableRepo.sms] Parameters: id=c43563cc-a508-4e89-a754-f51ef6407b86, startValue=2025-09-18T12:40, endValue=2025-09-18T12:42
[2025-09-21 06:22:46.744] INFO  [MultiTableRepo.sms] Setting timestamp parameters: start=2025-09-18 12:40:00.0, end=2025-09-18 12:42:00.0
[2025-09-21 06:22:46.745] INFO  [MultiTableRepo.sms] No results found in table sms_shard_01.sms_20250918
[2025-09-21 06:22:46.760] INFO  [MultiTableRepo.sms] Executing SQL: SELECT * FROM sms_shard_01.sms_20250916 WHERE id = ? AND created_at >= ? AND created_at < ?
[2025-09-21 06:22:46.760] INFO  [MultiTableRepo.sms] Parameters: id=fab28ff8-cc99-4c90-a11b-de34da63a43a, startValue=2025-09-16T22:25, endValue=2025-09-16T22:27
[2025-09-21 06:22:46.763] INFO  [MultiTableRepo.sms] Setting timestamp parameters: start=2025-09-16 22:25:00.0, end=2025-09-16 22:27:00.0
[2025-09-21 06:22:46.763] INFO  [MultiTableRepo.sms] No results found in table sms_shard_01.sms_20250916
[2025-09-21 06:22:46.764] INFO  [MultiTableRepo.sms] Executing SQL: SELECT * FROM sms_shard_01.sms_20250919 WHERE id = ? AND created_at >= ? AND created_at < ?
[2025-09-21 06:22:46.765] INFO  [MultiTableRepo.sms] Parameters: id=adbde920-8685-4ca4-a512-6c08657fea26, startValue=2025-09-19T12:56:59, endValue=2025-09-19T12:57:01
[2025-09-21 06:22:46.766] INFO  [MultiTableRepo.sms] Setting timestamp parameters: start=2025-09-19 12:56:59.0, end=2025-09-19 12:57:01.0
[2025-09-21 06:22:46.766] INFO  [MultiTableRepo.sms] No results found in table sms_shard_01.sms_20250919
[2025-09-21 06:22:46.767] INFO  [MultiTableRepo.sms] Executing SQL: SELECT * FROM sms_shard_01.sms_20250920 WHERE id = ? AND created_at >= ? AND created_at < ?
[2025-09-21 06:22:46.767] INFO  [MultiTableRepo.sms] Parameters: id=88dea33d-84a4-43b6-a78d-ba381a761a77, startValue=2025-09-20T03:03, endValue=2025-09-20T03:05
[2025-09-21 06:22:46.768] INFO  [MultiTableRepo.sms] Setting timestamp parameters: start=2025-09-20 03:03:00.0, end=2025-09-20 03:05:00.0
[2025-09-21 06:22:46.768] INFO  [MultiTableRepo.sms] No results found in table sms_shard_01.sms_20250920
[2025-09-21 06:22:46.770] INFO  [MultiTableRepo.sms] Executing SQL: SELECT * FROM sms_shard_01.sms_20250918 WHERE id = ? AND created_at >= ? AND created_at < ?
[2025-09-21 06:22:46.770] INFO  [MultiTableRepo.sms] Parameters: id=8a07f769-76de-467d-be7a-81476942dc83, startValue=2025-09-18T00:35, endValue=2025-09-18T00:37
[2025-09-21 06:22:46.770] INFO  [MultiTableRepo.sms] Setting timestamp parameters: start=2025-09-18 00:35:00.0, end=2025-09-18 00:37:00.0
[2025-09-21 06:22:46.771] INFO  [MultiTableRepo.sms] No results found in table sms_shard_01.sms_20250918
[2025-09-21 06:22:46.772] INFO  [MultiTableRepo.sms] Executing SQL: SELECT * FROM sms_shard_01.sms_20250915 WHERE id = ? AND created_at >= ? AND created_at < ?
[2025-09-21 06:22:46.772] INFO  [MultiTableRepo.sms] Parameters: id=8741deff-9732-4793-80c0-354255390795, startValue=2025-09-15T08:35:59, endValue=2025-09-15T08:36:01
[2025-09-21 06:22:46.773] INFO  [MultiTableRepo.sms] Setting timestamp parameters: start=2025-09-15 08:35:59.0, end=2025-09-15 08:36:01.0
[2025-09-21 06:22:46.773] INFO  [MultiTableRepo.sms] No results found in table sms_shard_01.sms_20250915
[2025-09-21 06:22:46.776] INFO  [MultiTableRepo.sms] Executing SQL: SELECT * FROM sms_shard_01.sms_20250916 WHERE id = ? AND created_at >= ? AND created_at < ?
[2025-09-21 06:22:46.776] INFO  [MultiTableRepo.sms] Parameters: id=eca3fb4f-c6f5-4d41-a6b3-cb69a734596f, startValue=2025-09-16T10:46, endValue=2025-09-16T12:46
[2025-09-21 06:22:46.777] INFO  [MultiTableRepo.sms] Setting timestamp parameters: start=2025-09-16 10:46:00.0, end=2025-09-16 12:46:00.0
[2025-09-21 06:22:46.777] INFO  [MultiTableRepo.sms] No results found in table sms_shard_01.sms_20250916
[2025-09-21 06:22:46.778] INFO  [MultiTableRepo.sms] Executing SQL: SELECT * FROM sms_shard_01.sms_20250918 WHERE id = ? AND created_at >= ? AND created_at < ?
[2025-09-21 06:22:46.778] INFO  [MultiTableRepo.sms] Parameters: id=07b9b5f8-9833-49a8-ba84-5bb9850beccb, startValue=2025-09-18T03:00:59, endValue=2025-09-18T03:01:01
[2025-09-21 06:22:46.779] INFO  [MultiTableRepo.sms] Setting timestamp parameters: start=2025-09-18 03:00:59.0, end=2025-09-18 03:01:01.0
[2025-09-21 06:22:46.779] INFO  [MultiTableRepo.sms] No results found in table sms_shard_01.sms_20250918
[2025-09-21 06:22:46.781] INFO  [MultiTableRepo.sms] Executing SQL: SELECT * FROM sms_shard_01.sms_20250920 WHERE id = ? AND created_at >= ? AND created_at < ?
[2025-09-21 06:22:46.781] INFO  [MultiTableRepo.sms] Parameters: id=6518c856-9f71-494f-92a3-a0321677972e, startValue=2025-09-20T11:29, endValue=2025-09-20T13:29
[2025-09-21 06:22:46.781] INFO  [MultiTableRepo.sms] Setting timestamp parameters: start=2025-09-20 11:29:00.0, end=2025-09-20 13:29:00.0
[2025-09-21 06:22:46.782] INFO  [MultiTableRepo.sms] No results found in table sms_shard_01.sms_20250920
[2025-09-21 06:22:46.783] INFO  [MultiTableRepo.sms] Executing SQL: SELECT * FROM sms_shard_01.sms_20250917 WHERE id = ? AND created_at >= ? AND created_at < ?
[2025-09-21 06:22:46.783] INFO  [MultiTableRepo.sms] Parameters: id=c71db6f5-153e-4254-bb16-7f5864854b3e, startValue=2025-09-17T19:53, endValue=2025-09-17T21:53
[2025-09-21 06:22:46.786] INFO  [MultiTableRepo.sms] Setting timestamp parameters: start=2025-09-17 19:53:00.0, end=2025-09-17 21:53:00.0
[2025-09-21 06:22:46.786] INFO  [MultiTableRepo.sms] No results found in table sms_shard_01.sms_20250917
[2025-09-21 06:22:46.787] INFO  [MultiTableRepo.sms] Executing SQL: SELECT * FROM sms_shard_01.sms_20250916 WHERE id = ? AND created_at >= ? AND created_at < ?
[2025-09-21 06:22:46.787] INFO  [MultiTableRepo.sms] Parameters: id=1b5ed8ec-bcbe-4a8f-ab6d-1ec121ea6971, startValue=2025-09-16T20:46, endValue=2025-09-16T20:48
[2025-09-21 06:22:46.788] INFO  [MultiTableRepo.sms] Setting timestamp parameters: start=2025-09-16 20:46:00.0, end=2025-09-16 20:48:00.0
[2025-09-21 06:22:46.789] INFO  [MultiTableRepo.sms] No results found in table sms_shard_01.sms_20250916
[2025-09-21 06:22:46.792] INFO  [MultiTableRepo.sms] Executing SQL: SELECT * FROM sms_shard_01.sms_20250921 WHERE id = ? AND created_at >= ? AND created_at < ?
[2025-09-21 06:22:46.792] INFO  [MultiTableRepo.sms] Parameters: id=a22a3844-4ec7-415b-8306-257ada040068, startValue=2025-09-21T08:21, endValue=2025-09-21T10:21
[2025-09-21 06:22:46.793] INFO  [MultiTableRepo.sms] Setting timestamp parameters: start=2025-09-21 08:21:00.0, end=2025-09-21 10:21:00.0
[2025-09-21 06:22:46.795] INFO  [MultiTableRepo.sms] No results found in table sms_shard_01.sms_20250921
[2025-09-21 06:22:46.797] INFO  [MultiTableRepo.sms] Executing SQL: SELECT * FROM sms_shard_01.sms_20250921 WHERE id = ? AND created_at >= ? AND created_at < ?
[2025-09-21 06:22:46.797] INFO  [MultiTableRepo.sms] Parameters: id=d9dab5b5-bf01-4e6c-8439-36a5c24acc0c, startValue=2025-09-21T09:43, endValue=2025-09-21T09:45
[2025-09-21 06:22:46.798] INFO  [MultiTableRepo.sms] Setting timestamp parameters: start=2025-09-21 09:43:00.0, end=2025-09-21 09:45:00.0
[2025-09-21 06:22:46.798] INFO  [MultiTableRepo.sms] No results found in table sms_shard_01.sms_20250921
[2025-09-21 06:22:46.802] INFO  [MultiTableRepo.sms] Executing SQL: SELECT * FROM sms_shard_01.sms_20250920 WHERE id = ? AND created_at >= ? AND created_at < ?
[2025-09-21 06:22:46.802] INFO  [MultiTableRepo.sms] Parameters: id=6c19ca7e-3a99-488d-b200-8760bc260365, startValue=2025-09-20T23:57:59, endValue=2025-09-20T23:58:01
[2025-09-21 06:22:46.811] INFO  [MultiTableRepo.sms] Setting timestamp parameters: start=2025-09-20 23:57:59.0, end=2025-09-20 23:58:01.0
[2025-09-21 06:22:46.812] INFO  [MultiTableRepo.sms] No results found in table sms_shard_01.sms_20250920
[2025-09-21 06:22:46.814] INFO  [MultiTableRepo.sms] Executing SQL: SELECT * FROM sms_shard_01.sms_20250918 WHERE id = ? AND created_at >= ? AND created_at < ?
[2025-09-21 06:22:46.814] INFO  [MultiTableRepo.sms] Parameters: id=aa1836c0-837a-4143-a58e-77ae62a7d326, startValue=2025-09-18T22:01, endValue=2025-09-19T00:01
[2025-09-21 06:22:46.815] INFO  [MultiTableRepo.sms] Setting timestamp parameters: start=2025-09-18 22:01:00.0, end=2025-09-19 00:01:00.0
[2025-09-21 06:22:46.815] INFO  [MultiTableRepo.sms] No results found in table sms_shard_01.sms_20250918
[2025-09-21 06:22:46.816] INFO  [MultiTableRepo.sms] Executing SQL: SELECT * FROM sms_shard_01.sms_20250919 WHERE id = ? AND created_at >= ? AND created_at < ?
[2025-09-21 06:22:46.817] INFO  [MultiTableRepo.sms] Parameters: id=aa1836c0-837a-4143-a58e-77ae62a7d326, startValue=2025-09-18T22:01, endValue=2025-09-19T00:01
[2025-09-21 06:22:46.818] INFO  [MultiTableRepo.sms] Setting timestamp parameters: start=2025-09-18 22:01:00.0, end=2025-09-19 00:01:00.0
[2025-09-21 06:22:46.818] INFO  [MultiTableRepo.sms] No results found in table sms_shard_01.sms_20250919
[2025-09-21 06:22:46.819] INFO  [MultiTableRepo.sms] Executing SQL: SELECT * FROM sms_shard_01.sms_20250916 WHERE id = ? AND created_at >= ? AND created_at < ?
[2025-09-21 06:22:46.819] INFO  [MultiTableRepo.sms] Parameters: id=9f9fb9b9-e273-47c0-99da-c77f53798ebf, startValue=2025-09-16T00:43, endValue=2025-09-16T02:43
[2025-09-21 06:22:46.821] INFO  [MultiTableRepo.sms] Setting timestamp parameters: start=2025-09-16 00:43:00.0, end=2025-09-16 02:43:00.0
[2025-09-21 06:22:46.822] INFO  [MultiTableRepo.sms] No results found in table sms_shard_01.sms_20250916
[2025-09-21 06:22:46.823] INFO  [MultiTableRepo.sms] Executing SQL: SELECT * FROM sms_shard_01.sms_20250916 WHERE id = ? AND created_at >= ? AND created_at < ?
[2025-09-21 06:22:46.823] INFO  [MultiTableRepo.sms] Parameters: id=520151d7-071c-4447-bd68-506588936a64, startValue=2025-09-16T15:03, endValue=2025-09-16T17:03
[2025-09-21 06:22:46.824] INFO  [MultiTableRepo.sms] Setting timestamp parameters: start=2025-09-16 15:03:00.0, end=2025-09-16 17:03:00.0
[2025-09-21 06:22:46.824] INFO  [MultiTableRepo.sms] No results found in table sms_shard_01.sms_20250916
[2025-09-21 06:22:46.826] INFO  [MultiTableRepo.sms] Executing SQL: SELECT * FROM sms_shard_01.sms_20250921 WHERE id = ? AND created_at >= ? AND created_at < ?
[2025-09-21 06:22:46.826] INFO  [MultiTableRepo.sms] Parameters: id=bc059a51-7962-4d0c-8ca9-c96ddc8840a3, startValue=2025-09-21T19:04:59, endValue=2025-09-21T19:05:01
[2025-09-21 06:22:46.827] INFO  [MultiTableRepo.sms] Setting timestamp parameters: start=2025-09-21 19:04:59.0, end=2025-09-21 19:05:01.0
[2025-09-21 06:22:46.827] INFO  [MultiTableRepo.sms] No results found in table sms_shard_01.sms_20250921
[2025-09-21 06:22:46.828] INFO  [MultiTableRepo.sms] Executing SQL: SELECT * FROM sms_shard_01.sms_20250919 WHERE id = ? AND created_at >= ? AND created_at < ?
[2025-09-21 06:22:46.828] INFO  [MultiTableRepo.sms] Parameters: id=a93fcf1d-9c38-4b45-9514-584f7ef2d0e3, startValue=2025-09-19T00:48, endValue=2025-09-19T00:50
[2025-09-21 06:22:46.829] INFO  [MultiTableRepo.sms] Setting timestamp parameters: start=2025-09-19 00:48:00.0, end=2025-09-19 00:50:00.0
[2025-09-21 06:22:46.829] INFO  [MultiTableRepo.sms] No results found in table sms_shard_01.sms_20250919
[2025-09-21 06:22:46.830] INFO  [MultiTableRepo.sms] Executing SQL: SELECT * FROM sms_shard_01.sms_20250918 WHERE id = ? AND created_at >= ? AND created_at < ?
[2025-09-21 06:22:46.830] INFO  [MultiTableRepo.sms] Parameters: id=3b74f922-6e4c-4940-bc5e-13f22f92e4fc, startValue=2025-09-18T16:38:59, endValue=2025-09-18T16:39:01
[2025-09-21 06:22:46.831] INFO  [MultiTableRepo.sms] Setting timestamp parameters: start=2025-09-18 16:38:59.0, end=2025-09-18 16:39:01.0
[2025-09-21 06:22:46.831] INFO  [MultiTableRepo.sms] No results found in table sms_shard_01.sms_20250918
[2025-09-21 06:22:46.833] INFO  [MultiTableRepo.sms] Executing SQL: SELECT * FROM sms_shard_01.sms_20250920 WHERE id = ? AND created_at >= ? AND created_at < ?
[2025-09-21 06:22:46.833] INFO  [MultiTableRepo.sms] Parameters: id=12d852a7-0e27-4975-a5a1-65622ae43ffa, startValue=2025-09-20T22:37, endValue=2025-09-21T00:37
[2025-09-21 06:22:46.833] INFO  [MultiTableRepo.sms] Setting timestamp parameters: start=2025-09-20 22:37:00.0, end=2025-09-21 00:37:00.0
[2025-09-21 06:22:46.834] INFO  [MultiTableRepo.sms] No results found in table sms_shard_01.sms_20250920
[2025-09-21 06:22:46.835] INFO  [MultiTableRepo.sms] Executing SQL: SELECT * FROM sms_shard_01.sms_20250921 WHERE id = ? AND created_at >= ? AND created_at < ?
[2025-09-21 06:22:46.835] INFO  [MultiTableRepo.sms] Parameters: id=12d852a7-0e27-4975-a5a1-65622ae43ffa, startValue=2025-09-20T22:37, endValue=2025-09-21T00:37
[2025-09-21 06:22:46.836] INFO  [MultiTableRepo.sms] Setting timestamp parameters: start=2025-09-20 22:37:00.0, end=2025-09-21 00:37:00.0
[2025-09-21 06:22:46.836] INFO  [MultiTableRepo.sms] No results found in table sms_shard_01.sms_20250921
[2025-09-21 06:22:46.837] INFO  [MultiTableRepo.sms] Executing SQL: SELECT * FROM sms_shard_01.sms_20250918 WHERE id = ? AND created_at >= ? AND created_at < ?
[2025-09-21 06:22:46.837] INFO  [MultiTableRepo.sms] Parameters: id=fdf3e1b3-6c94-4048-a7d3-bc9c4b1278ee, startValue=2025-09-18T05:55, endValue=2025-09-18T05:57
[2025-09-21 06:22:46.838] INFO  [MultiTableRepo.sms] Setting timestamp parameters: start=2025-09-18 05:55:00.0, end=2025-09-18 05:57:00.0
[2025-09-21 06:22:46.838] INFO  [MultiTableRepo.sms] No results found in table sms_shard_01.sms_20250918
[2025-09-21 06:22:46.839] INFO  [MultiTableRepo.sms] Executing SQL: SELECT * FROM sms_shard_01.sms_20250921 WHERE id = ? AND created_at >= ? AND created_at < ?
[2025-09-21 06:22:46.839] INFO  [MultiTableRepo.sms] Parameters: id=33016577-3ff5-4f19-aed6-4d2c87732e95, startValue=2025-09-21T08:56, endValue=2025-09-21T10:56
[2025-09-21 06:22:46.840] INFO  [MultiTableRepo.sms] Setting timestamp parameters: start=2025-09-21 08:56:00.0, end=2025-09-21 10:56:00.0
[2025-09-21 06:22:46.840] INFO  [MultiTableRepo.sms] No results found in table sms_shard_01.sms_20250921
[2025-09-21 06:22:46.841] INFO  [MultiTableRepo.sms] Executing SQL: SELECT * FROM sms_shard_01.sms_20250919 WHERE id = ? AND created_at >= ? AND created_at < ?
[2025-09-21 06:22:46.841] INFO  [MultiTableRepo.sms] Parameters: id=d82bae8d-4b45-4a82-8d79-f0171222ff59, startValue=2025-09-19T11:46, endValue=2025-09-19T11:48
[2025-09-21 06:22:46.842] INFO  [MultiTableRepo.sms] Setting timestamp parameters: start=2025-09-19 11:46:00.0, end=2025-09-19 11:48:00.0
[2025-09-21 06:22:46.842] INFO  [MultiTableRepo.sms] No results found in table sms_shard_01.sms_20250919
[2025-09-21 06:22:46.843] INFO  [MultiTableRepo.sms] Executing SQL: SELECT * FROM sms_shard_01.sms_20250916 WHERE id = ? AND created_at >= ? AND created_at < ?
[2025-09-21 06:22:46.843] INFO  [MultiTableRepo.sms] Parameters: id=bc58d939-1f59-4ce1-bbc4-6bc06dcc5e3d, startValue=2025-09-16T23:13, endValue=2025-09-17T01:13
[2025-09-21 06:22:46.844] INFO  [MultiTableRepo.sms] Setting timestamp parameters: start=2025-09-16 23:13:00.0, end=2025-09-17 01:13:00.0
[2025-09-21 06:22:46.845] INFO  [MultiTableRepo.sms] No results found in table sms_shard_01.sms_20250916
[2025-09-21 06:22:46.846] INFO  [MultiTableRepo.sms] Executing SQL: SELECT * FROM sms_shard_01.sms_20250917 WHERE id = ? AND created_at >= ? AND created_at < ?
[2025-09-21 06:22:46.846] INFO  [MultiTableRepo.sms] Parameters: id=bc58d939-1f59-4ce1-bbc4-6bc06dcc5e3d, startValue=2025-09-16T23:13, endValue=2025-09-17T01:13
[2025-09-21 06:22:46.846] INFO  [MultiTableRepo.sms] Setting timestamp parameters: start=2025-09-16 23:13:00.0, end=2025-09-17 01:13:00.0
[2025-09-21 06:22:46.847] INFO  [MultiTableRepo.sms] No results found in table sms_shard_01.sms_20250917
[2025-09-21 06:22:46.848] INFO  [MultiTableRepo.sms] Executing SQL: SELECT * FROM sms_shard_01.sms_20250915 WHERE id = ? AND created_at >= ? AND created_at < ?
[2025-09-21 06:22:46.848] INFO  [MultiTableRepo.sms] Parameters: id=dd4db970-0ce1-49a7-a9b4-44b83fd2b333, startValue=2025-09-15T00:33:59, endValue=2025-09-15T00:34:01
[2025-09-21 06:22:46.849] INFO  [MultiTableRepo.sms] Setting timestamp parameters: start=2025-09-15 00:33:59.0, end=2025-09-15 00:34:01.0
[2025-09-21 06:22:46.849] INFO  [MultiTableRepo.sms] No results found in table sms_shard_01.sms_20250915
[2025-09-21 06:22:46.850] INFO  [MultiTableRepo.sms] Executing SQL: SELECT * FROM sms_shard_01.sms_20250920 WHERE id = ? AND created_at >= ? AND created_at < ?
[2025-09-21 06:22:46.850] INFO  [MultiTableRepo.sms] Parameters: id=5b1c533a-b797-48d0-87e9-fae740a7783d, startValue=2025-09-20T05:12, endValue=2025-09-20T05:14
[2025-09-21 06:22:46.851] INFO  [MultiTableRepo.sms] Setting timestamp parameters: start=2025-09-20 05:12:00.0, end=2025-09-20 05:14:00.0
[2025-09-21 06:22:46.852] INFO  [MultiTableRepo.sms] No results found in table sms_shard_01.sms_20250920
[2025-09-21 06:22:46.853] INFO  [MultiTableRepo.sms] Executing SQL: SELECT * FROM sms_shard_01.sms_20250915 WHERE id = ? AND created_at >= ? AND created_at < ?
[2025-09-21 06:22:46.853] INFO  [MultiTableRepo.sms] Parameters: id=553bf8a8-d522-4aea-8800-aa8a91288ab5, startValue=2025-09-15T02:30:59, endValue=2025-09-15T02:31:01
[2025-09-21 06:22:46.854] INFO  [MultiTableRepo.sms] Setting timestamp parameters: start=2025-09-15 02:30:59.0, end=2025-09-15 02:31:01.0
[2025-09-21 06:22:46.854] INFO  [MultiTableRepo.sms] No results found in table sms_shard_01.sms_20250915
[2025-09-21 06:22:46.855] INFO  [MultiTableRepo.sms] Executing SQL: SELECT * FROM sms_shard_01.sms_20250917 WHERE id = ? AND created_at >= ? AND created_at < ?
[2025-09-21 06:22:46.855] INFO  [MultiTableRepo.sms] Parameters: id=8e6014c8-566f-4121-a76a-f97ff6ee09f4, startValue=2025-09-17T12:41:59, endValue=2025-09-17T12:42:01
[2025-09-21 06:22:46.856] INFO  [MultiTableRepo.sms] Setting timestamp parameters: start=2025-09-17 12:41:59.0, end=2025-09-17 12:42:01.0
[2025-09-21 06:22:46.856] INFO  [MultiTableRepo.sms] No results found in table sms_shard_01.sms_20250917
[2025-09-21 06:22:46.857] INFO  [MultiTableRepo.sms] Executing SQL: SELECT * FROM sms_shard_01.sms_20250917 WHERE id = ? AND created_at >= ? AND created_at < ?
[2025-09-21 06:22:46.857] INFO  [MultiTableRepo.sms] Parameters: id=f9904a96-d3ed-4b2f-801a-28534ee96d66, startValue=2025-09-17T22:56, endValue=2025-09-18T00:56
[2025-09-21 06:22:46.858] INFO  [MultiTableRepo.sms] Setting timestamp parameters: start=2025-09-17 22:56:00.0, end=2025-09-18 00:56:00.0
[2025-09-21 06:22:46.858] INFO  [MultiTableRepo.sms] No results found in table sms_shard_01.sms_20250917
[2025-09-21 06:22:46.859] INFO  [MultiTableRepo.sms] Executing SQL: SELECT * FROM sms_shard_01.sms_20250918 WHERE id = ? AND created_at >= ? AND created_at < ?
[2025-09-21 06:22:46.859] INFO  [MultiTableRepo.sms] Parameters: id=f9904a96-d3ed-4b2f-801a-28534ee96d66, startValue=2025-09-17T22:56, endValue=2025-09-18T00:56
[2025-09-21 06:22:46.860] INFO  [MultiTableRepo.sms] Setting timestamp parameters: start=2025-09-17 22:56:00.0, end=2025-09-18 00:56:00.0
[2025-09-21 06:22:46.860] INFO  [MultiTableRepo.sms] No results found in table sms_shard_01.sms_20250918
[2025-09-21 06:22:46.861] INFO  [MultiTableRepo.sms] Executing SQL: SELECT * FROM sms_shard_01.sms_20250919 WHERE id = ? AND created_at >= ? AND created_at < ?
[2025-09-21 06:22:46.861] INFO  [MultiTableRepo.sms] Parameters: id=766a4e39-1b60-44c4-babb-2fbc6a8c8b84, startValue=2025-09-19T10:48:59, endValue=2025-09-19T10:49:01
[2025-09-21 06:22:46.862] INFO  [MultiTableRepo.sms] Setting timestamp parameters: start=2025-09-19 10:48:59.0, end=2025-09-19 10:49:01.0
[2025-09-21 06:22:46.862] INFO  [MultiTableRepo.sms] No results found in table sms_shard_01.sms_20250919
[2025-09-21 06:22:46.864] INFO  [MultiTableRepo.sms] Executing SQL: SELECT * FROM sms_shard_01.sms_20250918 WHERE id = ? AND created_at >= ? AND created_at < ?
[2025-09-21 06:22:46.864] INFO  [MultiTableRepo.sms] Parameters: id=a39df21b-9dd4-48dd-b1d8-7407f051adfd, startValue=2025-09-18T22:58, endValue=2025-09-18T23:00
[2025-09-21 06:22:46.865] INFO  [MultiTableRepo.sms] Setting timestamp parameters: start=2025-09-18 22:58:00.0, end=2025-09-18 23:00:00.0
[2025-09-21 06:22:46.866] INFO  [MultiTableRepo.sms] No results found in table sms_shard_01.sms_20250918
[2025-09-21 06:22:46.868] INFO  [MultiTableRepo.sms] Executing SQL: SELECT * FROM sms_shard_01.sms_20250915 WHERE id = ? AND created_at >= ? AND created_at < ?
[2025-09-21 06:22:46.868] INFO  [MultiTableRepo.sms] Parameters: id=fa887217-1e40-4303-8570-a6f92b01c74e, startValue=2025-09-15T23:05, endValue=2025-09-15T23:07
[2025-09-21 06:22:46.869] INFO  [MultiTableRepo.sms] Setting timestamp parameters: start=2025-09-15 23:05:00.0, end=2025-09-15 23:07:00.0
[2025-09-21 06:22:46.870] INFO  [MultiTableRepo.sms] No results found in table sms_shard_01.sms_20250915
[2025-09-21 06:22:46.871] INFO  [MultiTableRepo.sms] Executing SQL: SELECT * FROM sms_shard_01.sms_20250918 WHERE id = ? AND created_at >= ? AND created_at < ?
[2025-09-21 06:22:46.871] INFO  [MultiTableRepo.sms] Parameters: id=e030600d-38e0-45ea-8e0a-8d5489b74655, startValue=2025-09-18T04:00, endValue=2025-09-18T04:02
[2025-09-21 06:22:46.872] INFO  [MultiTableRepo.sms] Setting timestamp parameters: start=2025-09-18 04:00:00.0, end=2025-09-18 04:02:00.0
[2025-09-21 06:22:46.872] INFO  [MultiTableRepo.sms] No results found in table sms_shard_01.sms_20250918
[2025-09-21 06:22:46.873] INFO  [MultiTableRepo.sms] Executing SQL: SELECT * FROM sms_shard_01.sms_20250919 WHERE id = ? AND created_at >= ? AND created_at < ?
[2025-09-21 06:22:46.873] INFO  [MultiTableRepo.sms] Parameters: id=e556a1fb-63ab-431f-b8ae-3d33d449a8d0, startValue=2025-09-19T08:45:59, endValue=2025-09-19T08:46:01
[2025-09-21 06:22:46.874] INFO  [MultiTableRepo.sms] Setting timestamp parameters: start=2025-09-19 08:45:59.0, end=2025-09-19 08:46:01.0
[2025-09-21 06:22:46.874] INFO  [MultiTableRepo.sms] No results found in table sms_shard_01.sms_20250919
[2025-09-21 06:22:46.875] INFO  [MultiTableRepo.sms] Executing SQL: SELECT * FROM sms_shard_01.sms_20250920 WHERE id = ? AND created_at >= ? AND created_at < ?
[2025-09-21 06:22:46.875] INFO  [MultiTableRepo.sms] Parameters: id=0984c997-d67a-46fb-9738-2c32a1f12f04, startValue=2025-09-20T15:35:59, endValue=2025-09-20T15:36:01
[2025-09-21 06:22:46.876] INFO  [MultiTableRepo.sms] Setting timestamp parameters: start=2025-09-20 15:35:59.0, end=2025-09-20 15:36:01.0
[2025-09-21 06:22:46.876] INFO  [MultiTableRepo.sms] No results found in table sms_shard_01.sms_20250920
[2025-09-21 06:22:46.877] INFO  [MultiTableRepo.sms] Executing SQL: SELECT * FROM sms_shard_01.sms_20250917 WHERE id = ? AND created_at >= ? AND created_at < ?
[2025-09-21 06:22:46.877] INFO  [MultiTableRepo.sms] Parameters: id=11c73ff4-0056-4b72-9922-92c652bd47f8, startValue=2025-09-17T13:42, endValue=2025-09-17T13:44
[2025-09-21 06:22:46.878] INFO  [MultiTableRepo.sms] Setting timestamp parameters: start=2025-09-17 13:42:00.0, end=2025-09-17 13:44:00.0
[2025-09-21 06:22:46.878] INFO  [MultiTableRepo.sms] No results found in table sms_shard_01.sms_20250917
[2025-09-21 06:22:46.879] INFO  [MultiTableRepo.sms] Executing SQL: SELECT * FROM sms_shard_01.sms_20250915 WHERE id = ? AND created_at >= ? AND created_at < ?
[2025-09-21 06:22:46.879] INFO  [MultiTableRepo.sms] Parameters: id=4b3a4022-2f4d-4cac-8e4e-7ab5da31fe69, startValue=2025-09-15T20:07, endValue=2025-09-15T20:09
[2025-09-21 06:22:46.880] INFO  [MultiTableRepo.sms] Setting timestamp parameters: start=2025-09-15 20:07:00.0, end=2025-09-15 20:09:00.0
[2025-09-21 06:22:46.880] INFO  [MultiTableRepo.sms] No results found in table sms_shard_01.sms_20250915
[2025-09-21 06:22:46.881] INFO  [MultiTableRepo.sms] Executing SQL: SELECT * FROM sms_shard_01.sms_20250920 WHERE id = ? AND created_at >= ? AND created_at < ?
[2025-09-21 06:22:46.881] INFO  [MultiTableRepo.sms] Parameters: id=f875376d-eb45-4711-9936-c692b05824d5, startValue=2025-09-20T09:47, endValue=2025-09-20T11:47
[2025-09-21 06:22:46.883] INFO  [MultiTableRepo.sms] Setting timestamp parameters: start=2025-09-20 09:47:00.0, end=2025-09-20 11:47:00.0
[2025-09-21 06:22:46.884] INFO  [MultiTableRepo.sms] No results found in table sms_shard_01.sms_20250920
[2025-09-21 06:22:46.885] INFO  [MultiTableRepo.sms] Executing SQL: SELECT * FROM sms_shard_01.sms_20250919 WHERE id = ? AND created_at >= ? AND created_at < ?
[2025-09-21 06:22:46.885] INFO  [MultiTableRepo.sms] Parameters: id=58583268-debb-47dd-a183-de876d981914, startValue=2025-09-19T07:51:59, endValue=2025-09-19T07:52:01
[2025-09-21 06:22:46.886] INFO  [MultiTableRepo.sms] Setting timestamp parameters: start=2025-09-19 07:51:59.0, end=2025-09-19 07:52:01.0
[2025-09-21 06:22:46.887] INFO  [MultiTableRepo.sms] No results found in table sms_shard_01.sms_20250919
[2025-09-21 06:22:46.888] INFO  [MultiTableRepo.sms] Executing SQL: SELECT * FROM sms_shard_01.sms_20250918 WHERE id = ? AND created_at >= ? AND created_at < ?
[2025-09-21 06:22:46.888] INFO  [MultiTableRepo.sms] Parameters: id=5b84e75e-fd9b-4cd4-9776-d12f2c38c1f6, startValue=2025-09-18T09:13:59, endValue=2025-09-18T09:14:01
[2025-09-21 06:22:46.889] INFO  [MultiTableRepo.sms] Setting timestamp parameters: start=2025-09-18 09:13:59.0, end=2025-09-18 09:14:01.0
[2025-09-21 06:22:46.889] INFO  [MultiTableRepo.sms] No results found in table sms_shard_01.sms_20250918
[2025-09-21 06:22:46.891] INFO  [MultiTableRepo.sms] Executing SQL: SELECT * FROM sms_shard_01.sms_20250918 WHERE id = ? AND created_at >= ? AND created_at < ?
[2025-09-21 06:22:46.891] INFO  [MultiTableRepo.sms] Parameters: id=fd5576b6-fc38-427a-970a-c703fd427158, startValue=2025-09-18T10:39, endValue=2025-09-18T12:39
[2025-09-21 06:22:46.893] INFO  [MultiTableRepo.sms] Setting timestamp parameters: start=2025-09-18 10:39:00.0, end=2025-09-18 12:39:00.0
[2025-09-21 06:22:46.894] INFO  [MultiTableRepo.sms] No results found in table sms_shard_01.sms_20250918
[2025-09-21 06:22:46.895] INFO  [MultiTableRepo.sms] Executing SQL: SELECT * FROM sms_shard_01.sms_20250915 WHERE id = ? AND created_at >= ? AND created_at < ?
[2025-09-21 06:22:46.895] INFO  [MultiTableRepo.sms] Parameters: id=f128fe69-a2b4-4ef0-b059-c7932bbe2562, startValue=2025-09-15T16:18, endValue=2025-09-15T16:20
[2025-09-21 06:22:46.896] INFO  [MultiTableRepo.sms] Setting timestamp parameters: start=2025-09-15 16:18:00.0, end=2025-09-15 16:20:00.0
[2025-09-21 06:22:46.896] INFO  [MultiTableRepo.sms] No results found in table sms_shard_01.sms_20250915
[2025-09-21 06:22:46.901] INFO  [MultiTableRepo.sms] Executing SQL: SELECT * FROM sms_shard_01.sms_20250921 WHERE id = ? AND created_at >= ? AND created_at < ?
[2025-09-21 06:22:46.901] INFO  [MultiTableRepo.sms] Parameters: id=97d51610-c361-4bee-b254-4dc126202779, startValue=2025-09-21T00:07, endValue=2025-09-21T00:09
[2025-09-21 06:22:46.903] INFO  [MultiTableRepo.sms] Setting timestamp parameters: start=2025-09-21 00:07:00.0, end=2025-09-21 00:09:00.0
[2025-09-21 06:22:46.903] INFO  [MultiTableRepo.sms] No results found in table sms_shard_01.sms_20250921
[2025-09-21 06:22:46.906] INFO  [MultiTableRepo.sms] Executing SQL: SELECT * FROM sms_shard_01.sms_20250916 WHERE id = ? AND created_at >= ? AND created_at < ?
[2025-09-21 06:22:46.906] INFO  [MultiTableRepo.sms] Parameters: id=e66d1cbe-9bfa-45b0-ad93-5879b11d4975, startValue=2025-09-16T13:55, endValue=2025-09-16T13:57
[2025-09-21 06:22:46.907] INFO  [MultiTableRepo.sms] Setting timestamp parameters: start=2025-09-16 13:55:00.0, end=2025-09-16 13:57:00.0
[2025-09-21 06:22:46.907] INFO  [MultiTableRepo.sms] No results found in table sms_shard_01.sms_20250916
[2025-09-21 06:22:46.908] INFO  [MultiTableRepo.sms] Executing SQL: SELECT * FROM sms_shard_01.sms_20250917 WHERE id = ? AND created_at >= ? AND created_at < ?
[2025-09-21 06:22:46.908] INFO  [MultiTableRepo.sms] Parameters: id=725e467d-988d-49d3-9ca6-4fc4ecfcbab6, startValue=2025-09-17T17:58:59, endValue=2025-09-17T17:59:01
[2025-09-21 06:22:46.909] INFO  [MultiTableRepo.sms] Setting timestamp parameters: start=2025-09-17 17:58:59.0, end=2025-09-17 17:59:01.0
[2025-09-21 06:22:46.909] INFO  [MultiTableRepo.sms] No results found in table sms_shard_01.sms_20250917
[2025-09-21 06:22:46.910] INFO  [MultiTableRepo.sms] Executing SQL: SELECT * FROM sms_shard_01.sms_20250921 WHERE id = ? AND created_at >= ? AND created_at < ?
[2025-09-21 06:22:46.910] INFO  [MultiTableRepo.sms] Parameters: id=11c4f1c2-8dc7-40ab-a642-f03e70c5df5b, startValue=2025-09-21T06:15, endValue=2025-09-21T08:15
[2025-09-21 06:22:46.911] INFO  [MultiTableRepo.sms] Setting timestamp parameters: start=2025-09-21 06:15:00.0, end=2025-09-21 08:15:00.0
[2025-09-21 06:22:46.911] INFO  [MultiTableRepo.sms] No results found in table sms_shard_01.sms_20250921
[2025-09-21 06:22:46.912] INFO  [MultiTableRepo.sms] Executing SQL: SELECT * FROM sms_shard_01.sms_20250921 WHERE id = ? AND created_at >= ? AND created_at < ?
[2025-09-21 06:22:46.912] INFO  [MultiTableRepo.sms] Parameters: id=06a98d2c-f533-4946-aaac-2bd93c3122e1, startValue=2025-09-21T00:49, endValue=2025-09-21T00:51
[2025-09-21 06:22:46.913] INFO  [MultiTableRepo.sms] Setting timestamp parameters: start=2025-09-21 00:49:00.0, end=2025-09-21 00:51:00.0
[2025-09-21 06:22:46.914] INFO  [MultiTableRepo.sms] No results found in table sms_shard_01.sms_20250921
[2025-09-21 06:22:46.915] INFO  [MultiTableRepo.sms] Executing SQL: SELECT * FROM sms_shard_01.sms_20250918 WHERE id = ? AND created_at >= ? AND created_at < ?
[2025-09-21 06:22:46.915] INFO  [MultiTableRepo.sms] Parameters: id=073970e2-a6fa-44f4-9493-23107c81c135, startValue=2025-09-18T01:39, endValue=2025-09-18T01:41
[2025-09-21 06:22:46.915] INFO  [MultiTableRepo.sms] Setting timestamp parameters: start=2025-09-18 01:39:00.0, end=2025-09-18 01:41:00.0
[2025-09-21 06:22:46.916] INFO  [MultiTableRepo.sms] No results found in table sms_shard_01.sms_20250918
[2025-09-21 06:22:46.917] INFO  [MultiTableRepo.sms] Executing SQL: SELECT * FROM sms_shard_01.sms_20250919 WHERE id = ? AND created_at >= ? AND created_at < ?
[2025-09-21 06:22:46.917] INFO  [MultiTableRepo.sms] Parameters: id=dca97a90-9347-4e8c-89d6-ba32e333652e, startValue=2025-09-19T20:28:59, endValue=2025-09-19T20:29:01
[2025-09-21 06:22:46.917] INFO  [MultiTableRepo.sms] Setting timestamp parameters: start=2025-09-19 20:28:59.0, end=2025-09-19 20:29:01.0
[2025-09-21 06:22:46.918] INFO  [MultiTableRepo.sms] No results found in table sms_shard_01.sms_20250919
[2025-09-21 06:22:46.919] INFO  [MultiTableRepo.sms] Executing SQL: SELECT * FROM sms_shard_01.sms_20250920 WHERE id = ? AND created_at >= ? AND created_at < ?
[2025-09-21 06:22:46.919] INFO  [MultiTableRepo.sms] Parameters: id=4ddca8e0-a6dd-4e39-aaef-bcfda1eea00d, startValue=2025-09-20T17:46, endValue=2025-09-20T19:46
[2025-09-21 06:22:46.919] INFO  [MultiTableRepo.sms] Setting timestamp parameters: start=2025-09-20 17:46:00.0, end=2025-09-20 19:46:00.0
[2025-09-21 06:22:46.920] INFO  [MultiTableRepo.sms] No results found in table sms_shard_01.sms_20250920
[2025-09-21 06:22:46.921] INFO  [MultiTableRepo.sms] Executing SQL: SELECT * FROM sms_shard_01.sms_20250921 WHERE id = ? AND created_at >= ? AND created_at < ?
[2025-09-21 06:22:46.921] INFO  [MultiTableRepo.sms] Parameters: id=81539317-627e-4e38-90cc-e11c4eb9f344, startValue=2025-09-21T00:13, endValue=2025-09-21T00:15
[2025-09-21 06:22:46.922] INFO  [MultiTableRepo.sms] Setting timestamp parameters: start=2025-09-21 00:13:00.0, end=2025-09-21 00:15:00.0
[2025-09-21 06:22:46.922] INFO  [MultiTableRepo.sms] No results found in table sms_shard_01.sms_20250921
[2025-09-21 06:22:46.923] INFO  [MultiTableRepo.sms] Executing SQL: SELECT * FROM sms_shard_01.sms_20250915 WHERE id = ? AND created_at >= ? AND created_at < ?
[2025-09-21 06:22:46.923] INFO  [MultiTableRepo.sms] Parameters: id=1aebed71-0b44-48e6-b5c1-08e9bded7142, startValue=2025-09-15T09:47, endValue=2025-09-15T11:47
[2025-09-21 06:22:46.924] INFO  [MultiTableRepo.sms] Setting timestamp parameters: start=2025-09-15 09:47:00.0, end=2025-09-15 11:47:00.0
[2025-09-21 06:22:46.924] INFO  [MultiTableRepo.sms] No results found in table sms_shard_01.sms_20250915
[2025-09-21 06:22:46.925] INFO  [MultiTableRepo.sms] Executing SQL: SELECT * FROM sms_shard_01.sms_20250921 WHERE id = ? AND created_at >= ? AND created_at < ?
[2025-09-21 06:22:46.925] INFO  [MultiTableRepo.sms] Parameters: id=bddec4e4-9840-4fe2-b98a-1da380387199, startValue=2025-09-21T22:50, endValue=2025-09-22T00:50
[2025-09-21 06:22:46.926] INFO  [MultiTableRepo.sms] Setting timestamp parameters: start=2025-09-21 22:50:00.0, end=2025-09-22 00:50:00.0
[2025-09-21 06:22:46.926] INFO  [MultiTableRepo.sms] No results found in table sms_shard_01.sms_20250921
[2025-09-21 06:22:46.927] INFO  [MultiTableRepo.sms] Executing SQL: SELECT * FROM sms_shard_01.sms_20250922 WHERE id = ? AND created_at >= ? AND created_at < ?
[2025-09-21 06:22:46.927] INFO  [MultiTableRepo.sms] Parameters: id=bddec4e4-9840-4fe2-b98a-1da380387199, startValue=2025-09-21T22:50, endValue=2025-09-22T00:50
[2025-09-21 06:22:46.928] INFO  [MultiTableRepo.sms] Setting timestamp parameters: start=2025-09-21 22:50:00.0, end=2025-09-22 00:50:00.0
[2025-09-21 06:22:46.928] INFO  [MultiTableRepo.sms] No results found in table sms_shard_01.sms_20250922
[2025-09-21 06:22:46.929] INFO  [MultiTableRepo.sms] Executing SQL: SELECT * FROM sms_shard_01.sms_20250916 WHERE id = ? AND created_at >= ? AND created_at < ?
[2025-09-21 06:22:46.929] INFO  [MultiTableRepo.sms] Parameters: id=561327fd-5956-4b4f-a23c-32129854e38b, startValue=2025-09-16T02:31, endValue=2025-09-16T04:31
[2025-09-21 06:22:46.930] INFO  [MultiTableRepo.sms] Setting timestamp parameters: start=2025-09-16 02:31:00.0, end=2025-09-16 04:31:00.0
[2025-09-21 06:22:46.930] INFO  [MultiTableRepo.sms] No results found in table sms_shard_01.sms_20250916
[2025-09-21 06:22:46.931] INFO  [MultiTableRepo.sms] Executing SQL: SELECT * FROM sms_shard_01.sms_20250921 WHERE id = ? AND created_at >= ? AND created_at < ?
[2025-09-21 06:22:46.931] INFO  [MultiTableRepo.sms] Parameters: id=2eed9e13-4445-4864-a64b-50b65e9562da, startValue=2025-09-21T08:08, endValue=2025-09-21T08:10
[2025-09-21 06:22:46.932] INFO  [MultiTableRepo.sms] Setting timestamp parameters: start=2025-09-21 08:08:00.0, end=2025-09-21 08:10:00.0
[2025-09-21 06:22:46.933] INFO  [MultiTableRepo.sms] No results found in table sms_shard_01.sms_20250921
[2025-09-21 06:22:46.934] INFO  [MultiTableRepo.sms] Executing SQL: SELECT * FROM sms_shard_01.sms_20250915 WHERE id = ? AND created_at >= ? AND created_at < ?
[2025-09-21 06:22:46.934] INFO  [MultiTableRepo.sms] Parameters: id=db94261a-fba6-4dd4-9249-78949a5add15, startValue=2025-09-15T15:23, endValue=2025-09-15T15:25
[2025-09-21 06:22:46.935] INFO  [MultiTableRepo.sms] Setting timestamp parameters: start=2025-09-15 15:23:00.0, end=2025-09-15 15:25:00.0
[2025-09-21 06:22:46.935] INFO  [MultiTableRepo.sms] No results found in table sms_shard_01.sms_20250915
[2025-09-21 06:22:46.936] INFO  [MultiTableRepo.sms] Executing SQL: SELECT * FROM sms_shard_01.sms_20250920 WHERE id = ? AND created_at >= ? AND created_at < ?
[2025-09-21 06:22:46.936] INFO  [MultiTableRepo.sms] Parameters: id=204cb6cc-4db2-427c-87d8-0f92fdb680c1, startValue=2025-09-20T20:02, endValue=2025-09-20T22:02
[2025-09-21 06:22:46.937] INFO  [MultiTableRepo.sms] Setting timestamp parameters: start=2025-09-20 20:02:00.0, end=2025-09-20 22:02:00.0
[2025-09-21 06:22:46.937] INFO  [MultiTableRepo.sms] No results found in table sms_shard_01.sms_20250920
[2025-09-21 06:22:46.938] INFO  [MultiTableRepo.sms] Executing SQL: SELECT * FROM sms_shard_01.sms_20250920 WHERE id = ? AND created_at >= ? AND created_at < ?
[2025-09-21 06:22:46.938] INFO  [MultiTableRepo.sms] Parameters: id=64e56845-3659-4c35-a3c0-a462048cd171, startValue=2025-09-20T16:25:59, endValue=2025-09-20T16:26:01
[2025-09-21 06:22:46.940] INFO  [MultiTableRepo.sms] Setting timestamp parameters: start=2025-09-20 16:25:59.0, end=2025-09-20 16:26:01.0
[2025-09-21 06:22:46.940] INFO  [MultiTableRepo.sms] No results found in table sms_shard_01.sms_20250920
[2025-09-21 06:22:46.941] INFO  [MultiTableRepo.sms] Executing SQL: SELECT * FROM sms_shard_01.sms_20250919 WHERE id = ? AND created_at >= ? AND created_at < ?
[2025-09-21 06:22:46.941] INFO  [MultiTableRepo.sms] Parameters: id=26d3f621-382a-41bb-8040-07f4d14ca2de, startValue=2025-09-19T02:31, endValue=2025-09-19T02:33
[2025-09-21 06:22:46.942] INFO  [MultiTableRepo.sms] Setting timestamp parameters: start=2025-09-19 02:31:00.0, end=2025-09-19 02:33:00.0
[2025-09-21 06:22:46.942] INFO  [MultiTableRepo.sms] No results found in table sms_shard_01.sms_20250919
[2025-09-21 06:22:46.943] INFO  [MultiTableRepo.sms] Executing SQL: SELECT * FROM sms_shard_01.sms_20250916 WHERE id = ? AND created_at >= ? AND created_at < ?
[2025-09-21 06:22:46.943] INFO  [MultiTableRepo.sms] Parameters: id=1973c1b8-9dd8-4533-9aa2-1062b9c2d10b, startValue=2025-09-16T11:12, endValue=2025-09-16T13:12
[2025-09-21 06:22:46.949] INFO  [MultiTableRepo.sms] Setting timestamp parameters: start=2025-09-16 11:12:00.0, end=2025-09-16 13:12:00.0
[2025-09-21 06:22:46.949] INFO  [MultiTableRepo.sms] No results found in table sms_shard_01.sms_20250916
[2025-09-21 06:22:46.950] INFO  [MultiTableRepo.sms] Executing SQL: SELECT * FROM sms_shard_01.sms_20250919 WHERE id = ? AND created_at >= ? AND created_at < ?
[2025-09-21 06:22:46.950] INFO  [MultiTableRepo.sms] Parameters: id=0d59bd0c-bfdd-4cd6-8538-c4c98bfd49c9, startValue=2025-09-19T18:33:59, endValue=2025-09-19T18:34:01
[2025-09-21 06:22:46.951] INFO  [MultiTableRepo.sms] Setting timestamp parameters: start=2025-09-19 18:33:59.0, end=2025-09-19 18:34:01.0
[2025-09-21 06:22:46.951] INFO  [MultiTableRepo.sms] No results found in table sms_shard_01.sms_20250919
[2025-09-21 06:22:46.953] INFO  [MultiTableRepo.sms] Executing SQL: SELECT * FROM sms_shard_01.sms_20250919 WHERE id = ? AND created_at >= ? AND created_at < ?
[2025-09-21 06:22:46.953] INFO  [MultiTableRepo.sms] Parameters: id=566d10df-4f3d-4b1c-aad1-4c83b99bbb9b, startValue=2025-09-19T10:49:59, endValue=2025-09-19T10:50:01
[2025-09-21 06:22:46.954] INFO  [MultiTableRepo.sms] Setting timestamp parameters: start=2025-09-19 10:49:59.0, end=2025-09-19 10:50:01.0
[2025-09-21 06:22:46.954] INFO  [MultiTableRepo.sms] No results found in table sms_shard_01.sms_20250919
[2025-09-21 06:22:46.955] INFO  [MultiTableRepo.sms] Executing SQL: SELECT * FROM sms_shard_01.sms_20250917 WHERE id = ? AND created_at >= ? AND created_at < ?
[2025-09-21 06:22:46.955] INFO  [MultiTableRepo.sms] Parameters: id=a7356c42-871e-4aed-ad74-0a88bbe5a306, startValue=2025-09-17T09:58:59, endValue=2025-09-17T09:59:01
[2025-09-21 06:22:46.956] INFO  [MultiTableRepo.sms] Setting timestamp parameters: start=2025-09-17 09:58:59.0, end=2025-09-17 09:59:01.0
[2025-09-21 06:22:46.956] INFO  [MultiTableRepo.sms] No results found in table sms_shard_01.sms_20250917
[2025-09-21 06:22:46.957] INFO  [MultiTableRepo.sms] Executing SQL: SELECT * FROM sms_shard_01.sms_20250920 WHERE id = ? AND created_at >= ? AND created_at < ?
[2025-09-21 06:22:46.957] INFO  [MultiTableRepo.sms] Parameters: id=e8f636f2-3ea8-4cc3-960c-93530094b957, startValue=2025-09-20T01:09, endValue=2025-09-20T03:09
[2025-09-21 06:22:46.960] INFO  [MultiTableRepo.sms] Setting timestamp parameters: start=2025-09-20 01:09:00.0, end=2025-09-20 03:09:00.0
[2025-09-21 06:22:46.965] INFO  [MultiTableRepo.sms] No results found in table sms_shard_01.sms_20250920
[2025-09-21 06:22:46.967] INFO  [MultiTableRepo.sms] Executing SQL: SELECT * FROM sms_shard_01.sms_20250915 WHERE id = ? AND created_at >= ? AND created_at < ?
[2025-09-21 06:22:46.967] INFO  [MultiTableRepo.sms] Parameters: id=93bb96f2-d1ec-4aed-91a3-febf43ff4fcf, startValue=2025-09-15T23:41, endValue=2025-09-15T23:43
[2025-09-21 06:22:46.968] INFO  [MultiTableRepo.sms] Setting timestamp parameters: start=2025-09-15 23:41:00.0, end=2025-09-15 23:43:00.0
[2025-09-21 06:22:46.968] INFO  [MultiTableRepo.sms] No results found in table sms_shard_01.sms_20250915
[2025-09-21 06:22:46.969] INFO  [MultiTableRepo.sms] Executing SQL: SELECT * FROM sms_shard_01.sms_20250915 WHERE id = ? AND created_at >= ? AND created_at < ?
[2025-09-21 06:22:46.969] INFO  [MultiTableRepo.sms] Parameters: id=4a2fb7db-a0a8-4b7d-bfc6-ec2d25539ce5, startValue=2025-09-15T15:07, endValue=2025-09-15T15:09
[2025-09-21 06:22:46.970] INFO  [MultiTableRepo.sms] Setting timestamp parameters: start=2025-09-15 15:07:00.0, end=2025-09-15 15:09:00.0
[2025-09-21 06:22:46.970] INFO  [MultiTableRepo.sms] No results found in table sms_shard_01.sms_20250915
[2025-09-21 06:22:46.971] INFO  [MultiTableRepo.sms] Executing SQL: SELECT * FROM sms_shard_01.sms_20250921 WHERE id = ? AND created_at >= ? AND created_at < ?
[2025-09-21 06:22:46.971] INFO  [MultiTableRepo.sms] Parameters: id=cabf21d4-f326-4ff6-8dac-1efeacd27333, startValue=2025-09-21T18:30, endValue=2025-09-21T18:32
[2025-09-21 06:22:46.972] INFO  [MultiTableRepo.sms] Setting timestamp parameters: start=2025-09-21 18:30:00.0, end=2025-09-21 18:32:00.0
[2025-09-21 06:22:46.972] INFO  [MultiTableRepo.sms] No results found in table sms_shard_01.sms_20250921
[2025-09-21 06:22:46.973] INFO  [MultiTableRepo.sms] Executing SQL: SELECT * FROM sms_shard_01.sms_20250920 WHERE id = ? AND created_at >= ? AND created_at < ?
[2025-09-21 06:22:46.973] INFO  [MultiTableRepo.sms] Parameters: id=28aed2e7-8dcd-44f6-b2c1-cc6bf394359f, startValue=2025-09-20T16:33, endValue=2025-09-20T16:35
[2025-09-21 06:22:46.974] INFO  [MultiTableRepo.sms] Setting timestamp parameters: start=2025-09-20 16:33:00.0, end=2025-09-20 16:35:00.0
[2025-09-21 06:22:46.974] INFO  [MultiTableRepo.sms] No results found in table sms_shard_01.sms_20250920
[2025-09-21 06:22:46.975] INFO  [MultiTableRepo.sms] Executing SQL: SELECT * FROM sms_shard_01.sms_20250916 WHERE id = ? AND created_at >= ? AND created_at < ?
[2025-09-21 06:22:46.975] INFO  [MultiTableRepo.sms] Parameters: id=8715186c-305a-4e3b-96c0-02c5ac52ac63, startValue=2025-09-16T01:10:59, endValue=2025-09-16T01:11:01
[2025-09-21 06:22:46.976] INFO  [MultiTableRepo.sms] Setting timestamp parameters: start=2025-09-16 01:10:59.0, end=2025-09-16 01:11:01.0
[2025-09-21 06:22:46.976] INFO  [MultiTableRepo.sms] No results found in table sms_shard_01.sms_20250916
[2025-09-21 06:22:46.977] INFO  [MultiTableRepo.sms] Executing SQL: SELECT * FROM sms_shard_01.sms_20250918 WHERE id = ? AND created_at >= ? AND created_at < ?
[2025-09-21 06:22:46.977] INFO  [MultiTableRepo.sms] Parameters: id=58095096-300a-4b4f-9de7-9c79632daa8b, startValue=2025-09-18T15:49, endValue=2025-09-18T17:49
[2025-09-21 06:22:46.978] INFO  [MultiTableRepo.sms] Setting timestamp parameters: start=2025-09-18 15:49:00.0, end=2025-09-18 17:49:00.0
[2025-09-21 06:22:46.978] INFO  [MultiTableRepo.sms] No results found in table sms_shard_01.sms_20250918
[2025-09-21 06:22:46.980] INFO  [MultiTableRepo.sms] Executing SQL: SELECT * FROM sms_shard_01.sms_20250920 WHERE id = ? AND created_at >= ? AND created_at < ?
[2025-09-21 06:22:46.980] INFO  [MultiTableRepo.sms] Parameters: id=059e0765-e6ba-44df-8c20-7585ec0d98e1, startValue=2025-09-20T13:46:59, endValue=2025-09-20T13:47:01
[2025-09-21 06:22:46.981] INFO  [MultiTableRepo.sms] Setting timestamp parameters: start=2025-09-20 13:46:59.0, end=2025-09-20 13:47:01.0
[2025-09-21 06:22:46.981] INFO  [MultiTableRepo.sms] No results found in table sms_shard_01.sms_20250920
[2025-09-21 06:22:46.985] INFO  [MultiTableRepo.sms] Executing SQL: SELECT * FROM sms_shard_01.sms_20250917 WHERE id = ? AND created_at >= ? AND created_at < ?
[2025-09-21 06:22:46.985] INFO  [MultiTableRepo.sms] Parameters: id=8594e39d-bd13-4f34-852d-8521ccdd218b, startValue=2025-09-17T04:19, endValue=2025-09-17T04:21
[2025-09-21 06:22:46.986] INFO  [MultiTableRepo.sms] Setting timestamp parameters: start=2025-09-17 04:19:00.0, end=2025-09-17 04:21:00.0
[2025-09-21 06:22:46.986] INFO  [MultiTableRepo.sms] No results found in table sms_shard_01.sms_20250917
[2025-09-21 06:22:46.987] INFO  [MultiTableRepo.sms] Executing SQL: SELECT * FROM sms_shard_01.sms_20250916 WHERE id = ? AND created_at >= ? AND created_at < ?
[2025-09-21 06:22:46.987] INFO  [MultiTableRepo.sms] Parameters: id=8f1695e2-b0a2-41e1-a787-a00d0d556f90, startValue=2025-09-16T00:41, endValue=2025-09-16T02:41
[2025-09-21 06:22:46.988] INFO  [MultiTableRepo.sms] Setting timestamp parameters: start=2025-09-16 00:41:00.0, end=2025-09-16 02:41:00.0
[2025-09-21 06:22:46.988] INFO  [MultiTableRepo.sms] No results found in table sms_shard_01.sms_20250916
[2025-09-21 06:22:46.989] INFO  [MultiTableRepo.sms] Executing SQL: SELECT * FROM sms_shard_01.sms_20250920 WHERE id = ? AND created_at >= ? AND created_at < ?
[2025-09-21 06:22:46.989] INFO  [MultiTableRepo.sms] Parameters: id=f5448af9-ecd3-400a-8a63-205b087db215, startValue=2025-09-20T23:12, endValue=2025-09-21T01:12
[2025-09-21 06:22:46.991] INFO  [MultiTableRepo.sms] Setting timestamp parameters: start=2025-09-20 23:12:00.0, end=2025-09-21 01:12:00.0
[2025-09-21 06:22:46.992] INFO  [MultiTableRepo.sms] No results found in table sms_shard_01.sms_20250920
[2025-09-21 06:22:46.998] INFO  [MultiTableRepo.sms] Executing SQL: SELECT * FROM sms_shard_01.sms_20250921 WHERE id = ? AND created_at >= ? AND created_at < ?
[2025-09-21 06:22:46.998] INFO  [MultiTableRepo.sms] Parameters: id=f5448af9-ecd3-400a-8a63-205b087db215, startValue=2025-09-20T23:12, endValue=2025-09-21T01:12
[2025-09-21 06:22:47.001] INFO  [MultiTableRepo.sms] Setting timestamp parameters: start=2025-09-20 23:12:00.0, end=2025-09-21 01:12:00.0
[2025-09-21 06:22:47.002] INFO  [MultiTableRepo.sms] No results found in table sms_shard_01.sms_20250921
[2025-09-21 06:22:47.004] INFO  [MultiTableRepo.sms] Executing SQL: SELECT * FROM sms_shard_01.sms_20250919 WHERE id = ? AND created_at >= ? AND created_at < ?
[2025-09-21 06:22:47.004] INFO  [MultiTableRepo.sms] Parameters: id=f156f9aa-9f50-42e3-89f5-994e53f81d0e, startValue=2025-09-19T08:32, endValue=2025-09-19T08:34
[2025-09-21 06:22:47.005] INFO  [MultiTableRepo.sms] Setting timestamp parameters: start=2025-09-19 08:32:00.0, end=2025-09-19 08:34:00.0
[2025-09-21 06:22:47.005] INFO  [MultiTableRepo.sms] No results found in table sms_shard_01.sms_20250919
[2025-09-21 06:22:47.010] INFO  [MultiTableRepo.sms] Executing SQL: SELECT * FROM sms_shard_01.sms_20250917 WHERE id = ? AND created_at >= ? AND created_at < ?
[2025-09-21 06:22:47.011] INFO  [MultiTableRepo.sms] Parameters: id=536c5c91-618c-4f05-82c4-f2919dfd689a, startValue=2025-09-17T16:47, endValue=2025-09-17T16:49
[2025-09-21 06:22:47.012] INFO  [MultiTableRepo.sms] Setting timestamp parameters: start=2025-09-17 16:47:00.0, end=2025-09-17 16:49:00.0
[2025-09-21 06:22:47.012] INFO  [MultiTableRepo.sms] No results found in table sms_shard_01.sms_20250917
[2025-09-21 06:22:47.017] INFO  [MultiTableRepo.sms] Executing SQL: SELECT * FROM sms_shard_01.sms_20250915 WHERE id = ? AND created_at >= ? AND created_at < ?
[2025-09-21 06:22:47.017] INFO  [MultiTableRepo.sms] Parameters: id=4da84d13-6d85-4e27-bc80-1beb79e1744a, startValue=2025-09-15T07:20:59, endValue=2025-09-15T07:21:01
[2025-09-21 06:22:47.020] INFO  [MultiTableRepo.sms] Setting timestamp parameters: start=2025-09-15 07:20:59.0, end=2025-09-15 07:21:01.0
[2025-09-21 06:22:47.024] INFO  [MultiTableRepo.sms] No results found in table sms_shard_01.sms_20250915
[2025-09-21 06:22:47.029] INFO  [MultiTableRepo.sms] Executing SQL: SELECT * FROM sms_shard_01.sms_20250921 WHERE id = ? AND created_at >= ? AND created_at < ?
[2025-09-21 06:22:47.029] INFO  [MultiTableRepo.sms] Parameters: id=10c936d7-3668-4761-8204-f1152a82886d, startValue=2025-09-21T00:34, endValue=2025-09-21T00:36
[2025-09-21 06:22:47.031] INFO  [MultiTableRepo.sms] Setting timestamp parameters: start=2025-09-21 00:34:00.0, end=2025-09-21 00:36:00.0
[2025-09-21 06:22:47.031] INFO  [MultiTableRepo.sms] No results found in table sms_shard_01.sms_20250921
[2025-09-21 06:22:47.033] INFO  [MultiTableRepo.sms] Executing SQL: SELECT * FROM sms_shard_01.sms_20250918 WHERE id = ? AND created_at >= ? AND created_at < ?
[2025-09-21 06:22:47.034] INFO  [MultiTableRepo.sms] Parameters: id=ff33e07c-7ddb-4218-b08a-d4dc9c21021a, startValue=2025-09-18T05:05, endValue=2025-09-18T07:05
[2025-09-21 06:22:47.036] INFO  [MultiTableRepo.sms] Setting timestamp parameters: start=2025-09-18 05:05:00.0, end=2025-09-18 07:05:00.0
[2025-09-21 06:22:47.037] INFO  [MultiTableRepo.sms] No results found in table sms_shard_01.sms_20250918
[2025-09-21 06:22:47.039] INFO  [MultiTableRepo.sms] Executing SQL: SELECT * FROM sms_shard_01.sms_20250915 WHERE id = ? AND created_at >= ? AND created_at < ?
[2025-09-21 06:22:47.039] INFO  [MultiTableRepo.sms] Parameters: id=86b2c907-0de2-4ad4-b065-5358e12af13f, startValue=2025-09-15T11:22:59, endValue=2025-09-15T11:23:01
[2025-09-21 06:22:47.040] INFO  [MultiTableRepo.sms] Setting timestamp parameters: start=2025-09-15 11:22:59.0, end=2025-09-15 11:23:01.0
[2025-09-21 06:22:47.041] INFO  [MultiTableRepo.sms] No results found in table sms_shard_01.sms_20250915
[2025-09-21 06:22:47.045] INFO  [MultiTableRepo.sms] Executing SQL: SELECT * FROM sms_shard_01.sms_20250920 WHERE id = ? AND created_at >= ? AND created_at < ?
[2025-09-21 06:22:47.045] INFO  [MultiTableRepo.sms] Parameters: id=fb5774b6-19a5-41b0-98c8-2c0f6426daae, startValue=2025-09-20T20:08, endValue=2025-09-20T22:08
[2025-09-21 06:22:47.046] INFO  [MultiTableRepo.sms] Setting timestamp parameters: start=2025-09-20 20:08:00.0, end=2025-09-20 22:08:00.0
[2025-09-21 06:22:47.047] INFO  [MultiTableRepo.sms] No results found in table sms_shard_01.sms_20250920
[2025-09-21 06:22:47.049] INFO  [MultiTableRepo.sms] Executing SQL: SELECT * FROM sms_shard_01.sms_20250919 WHERE id = ? AND created_at >= ? AND created_at < ?
[2025-09-21 06:22:47.049] INFO  [MultiTableRepo.sms] Parameters: id=a7df700d-d55e-4b0c-b2af-b4e07a9d5a3f, startValue=2025-09-19T22:46, endValue=2025-09-20T00:46
[2025-09-21 06:22:47.050] INFO  [MultiTableRepo.sms] Setting timestamp parameters: start=2025-09-19 22:46:00.0, end=2025-09-20 00:46:00.0
[2025-09-21 06:22:47.051] INFO  [MultiTableRepo.sms] No results found in table sms_shard_01.sms_20250919
[2025-09-21 06:22:47.053] INFO  [MultiTableRepo.sms] Executing SQL: SELECT * FROM sms_shard_01.sms_20250920 WHERE id = ? AND created_at >= ? AND created_at < ?
[2025-09-21 06:22:47.053] INFO  [MultiTableRepo.sms] Parameters: id=a7df700d-d55e-4b0c-b2af-b4e07a9d5a3f, startValue=2025-09-19T22:46, endValue=2025-09-20T00:46
[2025-09-21 06:22:47.054] INFO  [MultiTableRepo.sms] Setting timestamp parameters: start=2025-09-19 22:46:00.0, end=2025-09-20 00:46:00.0
[2025-09-21 06:22:47.055] INFO  [MultiTableRepo.sms] No results found in table sms_shard_01.sms_20250920
[2025-09-21 06:22:47.058] INFO  [MultiTableRepo.sms] Executing SQL: SELECT * FROM sms_shard_01.sms_20250917 WHERE id = ? AND created_at >= ? AND created_at < ?
[2025-09-21 06:22:47.058] INFO  [MultiTableRepo.sms] Parameters: id=a6c12626-0b50-4348-b060-d7a3b2c0dac0, startValue=2025-09-17T09:53:59, endValue=2025-09-17T09:54:01
[2025-09-21 06:22:47.060] INFO  [MultiTableRepo.sms] Setting timestamp parameters: start=2025-09-17 09:53:59.0, end=2025-09-17 09:54:01.0
[2025-09-21 06:22:47.060] INFO  [MultiTableRepo.sms] No results found in table sms_shard_01.sms_20250917
[2025-09-21 06:22:47.062] INFO  [MultiTableRepo.sms] Executing SQL: SELECT * FROM sms_shard_01.sms_20250920 WHERE id = ? AND created_at >= ? AND created_at < ?
[2025-09-21 06:22:47.062] INFO  [MultiTableRepo.sms] Parameters: id=69918f9c-cf9b-43c5-8323-287074a88ad8, startValue=2025-09-20T18:16, endValue=2025-09-20T20:16
[2025-09-21 06:22:47.063] INFO  [MultiTableRepo.sms] Setting timestamp parameters: start=2025-09-20 18:16:00.0, end=2025-09-20 20:16:00.0
[2025-09-21 06:22:47.064] INFO  [MultiTableRepo.sms] No results found in table sms_shard_01.sms_20250920
[2025-09-21 06:22:47.065] INFO  [MultiTableRepo.sms] Executing SQL: SELECT * FROM sms_shard_01.sms_20250916 WHERE id = ? AND created_at >= ? AND created_at < ?
[2025-09-21 06:22:47.065] INFO  [MultiTableRepo.sms] Parameters: id=8e6280f0-dc17-4fc4-a54c-a346fd3a5222, startValue=2025-09-16T23:45:59, endValue=2025-09-16T23:46:01
[2025-09-21 06:22:47.066] INFO  [MultiTableRepo.sms] Setting timestamp parameters: start=2025-09-16 23:45:59.0, end=2025-09-16 23:46:01.0
[2025-09-21 06:22:47.066] INFO  [MultiTableRepo.sms] No results found in table sms_shard_01.sms_20250916
[2025-09-21 06:22:47.067] INFO  [MultiTableRepo.sms] Executing SQL: SELECT * FROM sms_shard_01.sms_20250919 WHERE id = ? AND created_at >= ? AND created_at < ?
[2025-09-21 06:22:47.067] INFO  [MultiTableRepo.sms] Parameters: id=cd46a30f-85c7-48bb-8527-22d0bc62f6a4, startValue=2025-09-19T08:23:59, endValue=2025-09-19T08:24:01
[2025-09-21 06:22:47.068] INFO  [MultiTableRepo.sms] Setting timestamp parameters: start=2025-09-19 08:23:59.0, end=2025-09-19 08:24:01.0
[2025-09-21 06:22:47.068] INFO  [MultiTableRepo.sms] No results found in table sms_shard_01.sms_20250919
[2025-09-21 06:22:47.069] INFO  [MultiTableRepo.sms] Executing SQL: SELECT * FROM sms_shard_01.sms_20250920 WHERE id = ? AND created_at >= ? AND created_at < ?
[2025-09-21 06:22:47.069] INFO  [MultiTableRepo.sms] Parameters: id=b8e54d9c-d688-4a3b-a77f-559b1ba045d8, startValue=2025-09-20T07:57, endValue=2025-09-20T09:57
[2025-09-21 06:22:47.070] INFO  [MultiTableRepo.sms] Setting timestamp parameters: start=2025-09-20 07:57:00.0, end=2025-09-20 09:57:00.0
[2025-09-21 06:22:47.070] INFO  [MultiTableRepo.sms] No results found in table sms_shard_01.sms_20250920
[2025-09-21 06:22:47.072] INFO  [MultiTableRepo.sms] Executing SQL: SELECT * FROM sms_shard_01.sms_20250920 WHERE id = ? AND created_at >= ? AND created_at < ?
[2025-09-21 06:22:47.072] INFO  [MultiTableRepo.sms] Parameters: id=35232a04-b224-4ee0-944e-bed301a8cbe5, startValue=2025-09-20T17:58:59, endValue=2025-09-20T17:59:01
[2025-09-21 06:22:47.072] INFO  [MultiTableRepo.sms] Setting timestamp parameters: start=2025-09-20 17:58:59.0, end=2025-09-20 17:59:01.0
[2025-09-21 06:22:47.073] INFO  [MultiTableRepo.sms] No results found in table sms_shard_01.sms_20250920
[2025-09-21 06:22:47.077] INFO  [MultiTableRepo.sms] Executing SQL: SELECT * FROM sms_shard_01.sms_20250918 WHERE id = ? AND created_at >= ? AND created_at < ?
[2025-09-21 06:22:47.077] INFO  [MultiTableRepo.sms] Parameters: id=9307bf09-24e7-47eb-9fdf-0cc5b59355cd, startValue=2025-09-18T17:06, endValue=2025-09-18T19:06
[2025-09-21 06:22:47.078] INFO  [MultiTableRepo.sms] Setting timestamp parameters: start=2025-09-18 17:06:00.0, end=2025-09-18 19:06:00.0
[2025-09-21 06:22:47.079] INFO  [MultiTableRepo.sms] No results found in table sms_shard_01.sms_20250918
[2025-09-21 06:22:47.080] INFO  [MultiTableRepo.sms] Executing SQL: SELECT * FROM sms_shard_01.sms_20250921 WHERE id = ? AND created_at >= ? AND created_at < ?
[2025-09-21 06:22:47.080] INFO  [MultiTableRepo.sms] Parameters: id=993073e0-b429-4b13-8849-3f744ae6250c, startValue=2025-09-21T14:25:59, endValue=2025-09-21T14:26:01
[2025-09-21 06:22:47.084] INFO  [MultiTableRepo.sms] Setting timestamp parameters: start=2025-09-21 14:25:59.0, end=2025-09-21 14:26:01.0
[2025-09-21 06:22:47.084] INFO  [MultiTableRepo.sms] No results found in table sms_shard_01.sms_20250921
[2025-09-21 06:22:47.087] INFO  [MultiTableRepo.sms] Executing SQL: SELECT * FROM sms_shard_01.sms_20250917 WHERE id = ? AND created_at >= ? AND created_at < ?
[2025-09-21 06:22:47.087] INFO  [MultiTableRepo.sms] Parameters: id=9be4765e-39e0-48ff-9f07-11d616229bca, startValue=2025-09-17T07:31, endValue=2025-09-17T09:31
[2025-09-21 06:22:47.087] INFO  [MultiTableRepo.sms] Setting timestamp parameters: start=2025-09-17 07:31:00.0, end=2025-09-17 09:31:00.0
[2025-09-21 06:22:47.088] INFO  [MultiTableRepo.sms] No results found in table sms_shard_01.sms_20250917
[2025-09-21 06:22:47.089] INFO  [MultiTableRepo.sms] Executing SQL: SELECT * FROM sms_shard_01.sms_20250918 WHERE id = ? AND created_at >= ? AND created_at < ?
[2025-09-21 06:22:47.089] INFO  [MultiTableRepo.sms] Parameters: id=9463a7e4-2c99-47a9-8d07-75d990e30875, startValue=2025-09-18T15:35, endValue=2025-09-18T17:35
[2025-09-21 06:22:47.090] INFO  [MultiTableRepo.sms] Setting timestamp parameters: start=2025-09-18 15:35:00.0, end=2025-09-18 17:35:00.0
[2025-09-21 06:22:47.090] INFO  [MultiTableRepo.sms] No results found in table sms_shard_01.sms_20250918
[2025-09-21 06:22:47.091] INFO  [MultiTableRepo.sms] Executing SQL: SELECT * FROM sms_shard_01.sms_20250917 WHERE id = ? AND created_at >= ? AND created_at < ?
[2025-09-21 06:22:47.091] INFO  [MultiTableRepo.sms] Parameters: id=87038f38-7d93-42a5-81fe-04d3bda077b7, startValue=2025-09-17T03:19, endValue=2025-09-17T03:21
[2025-09-21 06:22:47.092] INFO  [MultiTableRepo.sms] Setting timestamp parameters: start=2025-09-17 03:19:00.0, end=2025-09-17 03:21:00.0
[2025-09-21 06:22:47.092] INFO  [MultiTableRepo.sms] No results found in table sms_shard_01.sms_20250917
[2025-09-21 06:22:47.094] INFO  [MultiTableRepo.sms] Executing SQL: SELECT * FROM sms_shard_01.sms_20250916 WHERE id = ? AND created_at >= ? AND created_at < ?
[2025-09-21 06:22:47.094] INFO  [MultiTableRepo.sms] Parameters: id=c661977d-f4b4-477b-b1a3-0b7b503158f1, startValue=2025-09-16T14:36, endValue=2025-09-16T14:38
[2025-09-21 06:22:47.095] INFO  [MultiTableRepo.sms] Setting timestamp parameters: start=2025-09-16 14:36:00.0, end=2025-09-16 14:38:00.0
[2025-09-21 06:22:47.095] INFO  [MultiTableRepo.sms] No results found in table sms_shard_01.sms_20250916
[2025-09-21 06:22:47.096] INFO  [MultiTableRepo.sms] Executing SQL: SELECT * FROM sms_shard_01.sms_20250921 WHERE id = ? AND created_at >= ? AND created_at < ?
[2025-09-21 06:22:47.097] INFO  [MultiTableRepo.sms] Parameters: id=c6c9f973-239a-4dbd-ac18-da5ae7d1d6ac, startValue=2025-09-21T19:29:59, endValue=2025-09-21T19:30:01
[2025-09-21 06:22:47.098] INFO  [MultiTableRepo.sms] Setting timestamp parameters: start=2025-09-21 19:29:59.0, end=2025-09-21 19:30:01.0
[2025-09-21 06:22:47.098] INFO  [MultiTableRepo.sms] No results found in table sms_shard_01.sms_20250921
[2025-09-21 06:22:47.099] INFO  [MultiTableRepo.sms] Executing SQL: SELECT * FROM sms_shard_01.sms_20250915 WHERE id = ? AND created_at >= ? AND created_at < ?
[2025-09-21 06:22:47.099] INFO  [MultiTableRepo.sms] Parameters: id=0d128c00-0b78-49ca-aa02-da71c5653447, startValue=2025-09-15T22:58, endValue=2025-09-15T23:00
[2025-09-21 06:22:47.101] INFO  [MultiTableRepo.sms] Setting timestamp parameters: start=2025-09-15 22:58:00.0, end=2025-09-15 23:00:00.0
[2025-09-21 06:22:47.102] INFO  [MultiTableRepo.sms] No results found in table sms_shard_01.sms_20250915
[2025-09-21 06:22:47.103] INFO  [MultiTableRepo.sms] Executing SQL: SELECT * FROM sms_shard_01.sms_20250919 WHERE id = ? AND created_at >= ? AND created_at < ?
[2025-09-21 06:22:47.103] INFO  [MultiTableRepo.sms] Parameters: id=547a0856-5cc9-464d-a0b0-9834b84787cc, startValue=2025-09-19T09:15, endValue=2025-09-19T11:15
[2025-09-21 06:22:47.104] INFO  [MultiTableRepo.sms] Setting timestamp parameters: start=2025-09-19 09:15:00.0, end=2025-09-19 11:15:00.0
[2025-09-21 06:22:47.105] INFO  [MultiTableRepo.sms] No results found in table sms_shard_01.sms_20250919
[2025-09-21 06:22:47.106] INFO  [MultiTableRepo.sms] Executing SQL: SELECT * FROM sms_shard_01.sms_20250917 WHERE id = ? AND created_at >= ? AND created_at < ?
[2025-09-21 06:22:47.106] INFO  [MultiTableRepo.sms] Parameters: id=42d544de-38a4-47ea-aba6-5266f5e2030e, startValue=2025-09-17T12:37, endValue=2025-09-17T14:37
[2025-09-21 06:22:47.107] INFO  [MultiTableRepo.sms] Setting timestamp parameters: start=2025-09-17 12:37:00.0, end=2025-09-17 14:37:00.0
[2025-09-21 06:22:47.107] INFO  [MultiTableRepo.sms] No results found in table sms_shard_01.sms_20250917
[2025-09-21 06:22:47.108] INFO  [MultiTableRepo.sms] Executing SQL: SELECT * FROM sms_shard_01.sms_20250920 WHERE id = ? AND created_at >= ? AND created_at < ?
[2025-09-21 06:22:47.108] INFO  [MultiTableRepo.sms] Parameters: id=a66080bb-0657-46ef-86af-232116b32b37, startValue=2025-09-20T06:20, endValue=2025-09-20T06:22
[2025-09-21 06:22:47.109] INFO  [MultiTableRepo.sms] Setting timestamp parameters: start=2025-09-20 06:20:00.0, end=2025-09-20 06:22:00.0
[2025-09-21 06:22:47.110] INFO  [MultiTableRepo.sms] No results found in table sms_shard_01.sms_20250920
[2025-09-21 06:22:47.112] INFO  [MultiTableRepo.sms] Executing SQL: SELECT * FROM sms_shard_01.sms_20250919 WHERE id = ? AND created_at >= ? AND created_at < ?
[2025-09-21 06:22:47.116] INFO  [MultiTableRepo.sms] Parameters: id=7290d182-689f-4d09-92d0-442e1b566215, startValue=2025-09-19T00:09:59, endValue=2025-09-19T00:10:01
[2025-09-21 06:22:47.117] INFO  [MultiTableRepo.sms] Setting timestamp parameters: start=2025-09-19 00:09:59.0, end=2025-09-19 00:10:01.0
[2025-09-21 06:22:47.117] INFO  [MultiTableRepo.sms] No results found in table sms_shard_01.sms_20250919
[2025-09-21 06:22:47.118] INFO  [MultiTableRepo.sms] Executing SQL: SELECT * FROM sms_shard_01.sms_20250919 WHERE id = ? AND created_at >= ? AND created_at < ?
[2025-09-21 06:22:47.118] INFO  [MultiTableRepo.sms] Parameters: id=7927a093-1443-4438-9270-c3f521f58942, startValue=2025-09-19T19:18, endValue=2025-09-19T19:20
[2025-09-21 06:22:47.119] INFO  [MultiTableRepo.sms] Setting timestamp parameters: start=2025-09-19 19:18:00.0, end=2025-09-19 19:20:00.0
[2025-09-21 06:22:47.120] INFO  [MultiTableRepo.sms] No results found in table sms_shard_01.sms_20250919
[2025-09-21 06:22:47.121] INFO  [MultiTableRepo.sms] Executing SQL: SELECT * FROM sms_shard_01.sms_20250915 WHERE id = ? AND created_at >= ? AND created_at < ?
[2025-09-21 06:22:47.121] INFO  [MultiTableRepo.sms] Parameters: id=fdfb3bea-2eda-4615-b95e-1922660c0be9, startValue=2025-09-15T12:30, endValue=2025-09-15T14:30
[2025-09-21 06:22:47.121] INFO  [MultiTableRepo.sms] Setting timestamp parameters: start=2025-09-15 12:30:00.0, end=2025-09-15 14:30:00.0
[2025-09-21 06:22:47.122] INFO  [MultiTableRepo.sms] No results found in table sms_shard_01.sms_20250915
[2025-09-21 06:22:47.123] INFO  [MultiTableRepo.sms] Executing SQL: SELECT * FROM sms_shard_01.sms_20250915 WHERE id = ? AND created_at >= ? AND created_at < ?
[2025-09-21 06:22:47.123] INFO  [MultiTableRepo.sms] Parameters: id=939e14f2-0b1b-4239-842f-f068fd2d54e2, startValue=2025-09-15T13:57:59, endValue=2025-09-15T13:58:01
[2025-09-21 06:22:47.123] INFO  [MultiTableRepo.sms] Setting timestamp parameters: start=2025-09-15 13:57:59.0, end=2025-09-15 13:58:01.0
[2025-09-21 06:22:47.124] INFO  [MultiTableRepo.sms] No results found in table sms_shard_01.sms_20250915
[2025-09-21 06:22:47.125] INFO  [MultiTableRepo.sms] Executing SQL: SELECT * FROM sms_shard_01.sms_20250915 WHERE id = ? AND created_at >= ? AND created_at < ?
[2025-09-21 06:22:47.125] INFO  [MultiTableRepo.sms] Parameters: id=44863916-c42e-4554-b56e-4ec05af7b13b, startValue=2025-09-15T12:09:59, endValue=2025-09-15T12:10:01
[2025-09-21 06:22:47.126] INFO  [MultiTableRepo.sms] Setting timestamp parameters: start=2025-09-15 12:09:59.0, end=2025-09-15 12:10:01.0
[2025-09-21 06:22:47.126] INFO  [MultiTableRepo.sms] No results found in table sms_shard_01.sms_20250915
[2025-09-21 06:22:47.127] INFO  [MultiTableRepo.sms] Executing SQL: SELECT * FROM sms_shard_01.sms_20250920 WHERE id = ? AND created_at >= ? AND created_at < ?
[2025-09-21 06:22:47.127] INFO  [MultiTableRepo.sms] Parameters: id=6c094636-3968-48e4-983c-c1d5d0786910, startValue=2025-09-20T06:10, endValue=2025-09-20T08:10
[2025-09-21 06:22:47.128] INFO  [MultiTableRepo.sms] Setting timestamp parameters: start=2025-09-20 06:10:00.0, end=2025-09-20 08:10:00.0
[2025-09-21 06:22:47.128] INFO  [MultiTableRepo.sms] No results found in table sms_shard_01.sms_20250920
[2025-09-21 06:22:47.129] INFO  [MultiTableRepo.sms] Executing SQL: SELECT * FROM sms_shard_01.sms_20250920 WHERE id = ? AND created_at >= ? AND created_at < ?
[2025-09-21 06:22:47.129] INFO  [MultiTableRepo.sms] Parameters: id=5395c88d-9dce-4f32-b406-7aa2bca20aff, startValue=2025-09-20T20:58, endValue=2025-09-20T21:00
[2025-09-21 06:22:47.129] INFO  [MultiTableRepo.sms] Setting timestamp parameters: start=2025-09-20 20:58:00.0, end=2025-09-20 21:00:00.0
[2025-09-21 06:22:47.130] INFO  [MultiTableRepo.sms] No results found in table sms_shard_01.sms_20250920
[2025-09-21 06:22:47.131] INFO  [MultiTableRepo.sms] Executing SQL: SELECT * FROM sms_shard_01.sms_20250916 WHERE id = ? AND created_at >= ? AND created_at < ?
[2025-09-21 06:22:47.131] INFO  [MultiTableRepo.sms] Parameters: id=d16846e4-b603-454d-8fef-4bdea74002e7, startValue=2025-09-16T09:15, endValue=2025-09-16T11:15
[2025-09-21 06:22:47.131] INFO  [MultiTableRepo.sms] Setting timestamp parameters: start=2025-09-16 09:15:00.0, end=2025-09-16 11:15:00.0
[2025-09-21 06:22:47.131] INFO  [MultiTableRepo.sms] No results found in table sms_shard_01.sms_20250916
[2025-09-21 06:22:47.132] INFO  [MultiTableRepo.sms] Executing SQL: SELECT * FROM sms_shard_01.sms_20250917 WHERE id = ? AND created_at >= ? AND created_at < ?
[2025-09-21 06:22:47.132] INFO  [MultiTableRepo.sms] Parameters: id=ac47c6d4-cee3-44de-9c85-f1f63526a785, startValue=2025-09-17T11:15, endValue=2025-09-17T13:15
[2025-09-21 06:22:47.133] INFO  [MultiTableRepo.sms] Setting timestamp parameters: start=2025-09-17 11:15:00.0, end=2025-09-17 13:15:00.0
[2025-09-21 06:22:47.133] INFO  [MultiTableRepo.sms] No results found in table sms_shard_01.sms_20250917
[2025-09-21 06:22:47.134] INFO  [MultiTableRepo.sms] Executing SQL: SELECT * FROM sms_shard_01.sms_20250920 WHERE id = ? AND created_at >= ? AND created_at < ?
[2025-09-21 06:22:47.134] INFO  [MultiTableRepo.sms] Parameters: id=551cadc6-a318-487c-babf-282b82f24751, startValue=2025-09-20T07:59, endValue=2025-09-20T08:01
[2025-09-21 06:22:47.135] INFO  [MultiTableRepo.sms] Setting timestamp parameters: start=2025-09-20 07:59:00.0, end=2025-09-20 08:01:00.0
[2025-09-21 06:22:47.136] INFO  [MultiTableRepo.sms] No results found in table sms_shard_01.sms_20250920
[2025-09-21 06:22:47.137] INFO  [MultiTableRepo.sms] Executing SQL: SELECT * FROM sms_shard_01.sms_20250916 WHERE id = ? AND created_at >= ? AND created_at < ?
[2025-09-21 06:22:47.137] INFO  [MultiTableRepo.sms] Parameters: id=f66678f8-c2b8-47c8-9548-b4247fcb1164, startValue=2025-09-16T10:57, endValue=2025-09-16T12:57
[2025-09-21 06:22:47.138] INFO  [MultiTableRepo.sms] Setting timestamp parameters: start=2025-09-16 10:57:00.0, end=2025-09-16 12:57:00.0
[2025-09-21 06:22:47.138] INFO  [MultiTableRepo.sms] No results found in table sms_shard_01.sms_20250916
[2025-09-21 06:22:47.139] INFO  [MultiTableRepo.sms] Executing SQL: SELECT * FROM sms_shard_01.sms_20250916 WHERE id = ? AND created_at >= ? AND created_at < ?
[2025-09-21 06:22:47.139] INFO  [MultiTableRepo.sms] Parameters: id=7a63de62-3695-4af7-a253-2dbffbbd4235, startValue=2025-09-16T17:51:59, endValue=2025-09-16T17:52:01
[2025-09-21 06:22:47.140] INFO  [MultiTableRepo.sms] Setting timestamp parameters: start=2025-09-16 17:51:59.0, end=2025-09-16 17:52:01.0
[2025-09-21 06:22:47.140] INFO  [MultiTableRepo.sms] No results found in table sms_shard_01.sms_20250916
[2025-09-21 06:22:47.142] INFO  [MultiTableRepo.sms] Executing SQL: SELECT * FROM sms_shard_01.sms_20250921 WHERE id = ? AND created_at >= ? AND created_at < ?
[2025-09-21 06:22:47.142] INFO  [MultiTableRepo.sms] Parameters: id=c0efe2cb-4601-4d50-b671-6ac49b365faa, startValue=2025-09-21T16:03:59, endValue=2025-09-21T16:04:01
[2025-09-21 06:22:47.145] INFO  [MultiTableRepo.sms] Setting timestamp parameters: start=2025-09-21 16:03:59.0, end=2025-09-21 16:04:01.0
[2025-09-21 06:22:47.145] INFO  [MultiTableRepo.sms] No results found in table sms_shard_01.sms_20250921
[2025-09-21 06:22:47.147] INFO  [MultiTableRepo.sms] Executing SQL: SELECT * FROM sms_shard_01.sms_20250919 WHERE id = ? AND created_at >= ? AND created_at < ?
[2025-09-21 06:22:47.147] INFO  [MultiTableRepo.sms] Parameters: id=7a30b1fa-27f4-4653-91b3-31cd50a41c5a, startValue=2025-09-19T22:24, endValue=2025-09-19T22:26
[2025-09-21 06:22:47.148] INFO  [MultiTableRepo.sms] Setting timestamp parameters: start=2025-09-19 22:24:00.0, end=2025-09-19 22:26:00.0
[2025-09-21 06:22:47.148] INFO  [MultiTableRepo.sms] No results found in table sms_shard_01.sms_20250919
[2025-09-21 06:22:47.149] INFO  [MultiTableRepo.sms] Executing SQL: SELECT * FROM sms_shard_01.sms_20250916 WHERE id = ? AND created_at >= ? AND created_at < ?
[2025-09-21 06:22:47.149] INFO  [MultiTableRepo.sms] Parameters: id=83148613-20c1-4356-85fb-6edff612a989, startValue=2025-09-16T16:03:59, endValue=2025-09-16T16:04:01
[2025-09-21 06:22:47.153] INFO  [MultiTableRepo.sms] Setting timestamp parameters: start=2025-09-16 16:03:59.0, end=2025-09-16 16:04:01.0
[2025-09-21 06:22:47.153] INFO  [MultiTableRepo.sms] No results found in table sms_shard_01.sms_20250916
[2025-09-21 06:22:47.154] INFO  [MultiTableRepo.sms] Executing SQL: SELECT * FROM sms_shard_01.sms_20250916 WHERE id = ? AND created_at >= ? AND created_at < ?
[2025-09-21 06:22:47.154] INFO  [MultiTableRepo.sms] Parameters: id=1cf2eaa1-d144-4fbf-b6c0-db543a53e076, startValue=2025-09-16T02:02, endValue=2025-09-16T04:02
[2025-09-21 06:22:47.155] INFO  [MultiTableRepo.sms] Setting timestamp parameters: start=2025-09-16 02:02:00.0, end=2025-09-16 04:02:00.0
[2025-09-21 06:22:47.156] INFO  [MultiTableRepo.sms] No results found in table sms_shard_01.sms_20250916
[2025-09-21 06:22:47.157] INFO  [MultiTableRepo.sms] Executing SQL: SELECT * FROM sms_shard_01.sms_20250918 WHERE id = ? AND created_at >= ? AND created_at < ?
[2025-09-21 06:22:47.157] INFO  [MultiTableRepo.sms] Parameters: id=eb59809d-171f-406c-9e44-b9b731625099, startValue=2025-09-18T13:49, endValue=2025-09-18T15:49
[2025-09-21 06:22:47.158] INFO  [MultiTableRepo.sms] Setting timestamp parameters: start=2025-09-18 13:49:00.0, end=2025-09-18 15:49:00.0
[2025-09-21 06:22:47.158] INFO  [MultiTableRepo.sms] No results found in table sms_shard_01.sms_20250918
[2025-09-21 06:22:47.162] INFO  [MultiTableRepo.sms] Executing SQL: SELECT * FROM sms_shard_01.sms_20250915 WHERE id = ? AND created_at >= ? AND created_at < ?
[2025-09-21 06:22:47.162] INFO  [MultiTableRepo.sms] Parameters: id=da60bac5-8ba6-4db8-8218-9f7db76583f6, startValue=2025-09-15T10:24, endValue=2025-09-15T12:24
[2025-09-21 06:22:47.164] INFO  [MultiTableRepo.sms] Setting timestamp parameters: start=2025-09-15 10:24:00.0, end=2025-09-15 12:24:00.0
[2025-09-21 06:22:47.164] INFO  [MultiTableRepo.sms] No results found in table sms_shard_01.sms_20250915
[2025-09-21 06:22:47.165] INFO  [MultiTableRepo.sms] Executing SQL: SELECT * FROM sms_shard_01.sms_20250921 WHERE id = ? AND created_at >= ? AND created_at < ?
[2025-09-21 06:22:47.165] INFO  [MultiTableRepo.sms] Parameters: id=f85d7af2-ba6e-4b9e-9da5-80d8bf5b319b, startValue=2025-09-21T12:45:59, endValue=2025-09-21T12:46:01
[2025-09-21 06:22:47.166] INFO  [MultiTableRepo.sms] Setting timestamp parameters: start=2025-09-21 12:45:59.0, end=2025-09-21 12:46:01.0
[2025-09-21 06:22:47.167] INFO  [MultiTableRepo.sms] No results found in table sms_shard_01.sms_20250921
[2025-09-21 06:22:47.168] INFO  [MultiTableRepo.sms] Executing SQL: SELECT * FROM sms_shard_01.sms_20250919 WHERE id = ? AND created_at >= ? AND created_at < ?
[2025-09-21 06:22:47.168] INFO  [MultiTableRepo.sms] Parameters: id=4cd23dcf-8d72-4c3c-b626-d16a97ea0810, startValue=2025-09-19T16:05, endValue=2025-09-19T18:05
[2025-09-21 06:22:47.169] INFO  [MultiTableRepo.sms] Setting timestamp parameters: start=2025-09-19 16:05:00.0, end=2025-09-19 18:05:00.0
[2025-09-21 06:22:47.169] INFO  [MultiTableRepo.sms] No results found in table sms_shard_01.sms_20250919
[2025-09-21 06:22:47.170] INFO  [MultiTableRepo.sms] Executing SQL: SELECT * FROM sms_shard_01.sms_20250915 WHERE id = ? AND created_at >= ? AND created_at < ?
[2025-09-21 06:22:47.170] INFO  [MultiTableRepo.sms] Parameters: id=620a1df6-cd78-4e34-ad76-b081869e0d4d, startValue=2025-09-15T11:07:59, endValue=2025-09-15T11:08:01
[2025-09-21 06:22:47.173] INFO  [MultiTableRepo.sms] Setting timestamp parameters: start=2025-09-15 11:07:59.0, end=2025-09-15 11:08:01.0
[2025-09-21 06:22:47.173] INFO  [MultiTableRepo.sms] No results found in table sms_shard_01.sms_20250915
[2025-09-21 06:22:47.174] INFO  [MultiTableRepo.sms] Executing SQL: SELECT * FROM sms_shard_01.sms_20250917 WHERE id = ? AND created_at >= ? AND created_at < ?
[2025-09-21 06:22:47.174] INFO  [MultiTableRepo.sms] Parameters: id=e776c079-aef4-402f-9d61-cb5ac24e3238, startValue=2025-09-17T10:10, endValue=2025-09-17T10:12
[2025-09-21 06:22:47.175] INFO  [MultiTableRepo.sms] Setting timestamp parameters: start=2025-09-17 10:10:00.0, end=2025-09-17 10:12:00.0
[2025-09-21 06:22:47.176] INFO  [MultiTableRepo.sms] No results found in table sms_shard_01.sms_20250917
[2025-09-21 06:22:47.177] INFO  [MultiTableRepo.sms] Executing SQL: SELECT * FROM sms_shard_01.sms_20250919 WHERE id = ? AND created_at >= ? AND created_at < ?
[2025-09-21 06:22:47.177] INFO  [MultiTableRepo.sms] Parameters: id=20e02d0c-bafb-4f9d-982c-f0f82f3bd6cc, startValue=2025-09-19T17:20, endValue=2025-09-19T17:22
[2025-09-21 06:22:47.178] INFO  [MultiTableRepo.sms] Setting timestamp parameters: start=2025-09-19 17:20:00.0, end=2025-09-19 17:22:00.0
[2025-09-21 06:22:47.178] INFO  [MultiTableRepo.sms] No results found in table sms_shard_01.sms_20250919
[2025-09-21 06:22:47.179] INFO  [MultiTableRepo.sms] Executing SQL: SELECT * FROM sms_shard_01.sms_20250921 WHERE id = ? AND created_at >= ? AND created_at < ?
[2025-09-21 06:22:47.179] INFO  [MultiTableRepo.sms] Parameters: id=4a12f18b-2dd8-4c0b-8ab0-2315fb0f0230, startValue=2025-09-21T22:59, endValue=2025-09-21T23:01
[2025-09-21 06:22:47.180] INFO  [MultiTableRepo.sms] Setting timestamp parameters: start=2025-09-21 22:59:00.0, end=2025-09-21 23:01:00.0
[2025-09-21 06:22:47.180] INFO  [MultiTableRepo.sms] No results found in table sms_shard_01.sms_20250921
[2025-09-21 06:22:47.182] INFO  [MultiTableRepo.sms] Executing SQL: SELECT * FROM sms_shard_01.sms_20250920 WHERE id = ? AND created_at >= ? AND created_at < ?
[2025-09-21 06:22:47.182] INFO  [MultiTableRepo.sms] Parameters: id=e3d7386e-2722-441f-ab75-533a4fced087, startValue=2025-09-20T09:13, endValue=2025-09-20T09:15
[2025-09-21 06:22:47.183] INFO  [MultiTableRepo.sms] Setting timestamp parameters: start=2025-09-20 09:13:00.0, end=2025-09-20 09:15:00.0
[2025-09-21 06:22:47.184] INFO  [MultiTableRepo.sms] No results found in table sms_shard_01.sms_20250920
[2025-09-21 06:22:47.186] INFO  [MultiTableRepo.sms] Executing SQL: SELECT * FROM sms_shard_01.sms_20250915 WHERE id = ? AND created_at >= ? AND created_at < ?
[2025-09-21 06:22:47.186] INFO  [MultiTableRepo.sms] Parameters: id=ce746a9c-3cbe-4c24-8bd2-ea4da5f10ba1, startValue=2025-09-15T16:34:59, endValue=2025-09-15T16:35:01
[2025-09-21 06:22:47.187] INFO  [MultiTableRepo.sms] Setting timestamp parameters: start=2025-09-15 16:34:59.0, end=2025-09-15 16:35:01.0
[2025-09-21 06:22:47.187] INFO  [MultiTableRepo.sms] No results found in table sms_shard_01.sms_20250915
[2025-09-21 06:22:47.189] INFO  [MultiTableRepo.sms] Executing SQL: SELECT * FROM sms_shard_01.sms_20250918 WHERE id = ? AND created_at >= ? AND created_at < ?
[2025-09-21 06:22:47.189] INFO  [MultiTableRepo.sms] Parameters: id=2ea6ca62-39ae-4b39-a4ba-2a2492b055db, startValue=2025-09-18T12:49:59, endValue=2025-09-18T12:50:01
[2025-09-21 06:22:47.192] INFO  [MultiTableRepo.sms] Setting timestamp parameters: start=2025-09-18 12:49:59.0, end=2025-09-18 12:50:01.0
[2025-09-21 06:22:47.192] INFO  [MultiTableRepo.sms] No results found in table sms_shard_01.sms_20250918
[2025-09-21 06:22:47.194] INFO  [MultiTableRepo.sms] Executing SQL: SELECT * FROM sms_shard_01.sms_20250915 WHERE id = ? AND created_at >= ? AND created_at < ?
[2025-09-21 06:22:47.194] INFO  [MultiTableRepo.sms] Parameters: id=11cfddb5-0465-4e26-ba1c-6fe1fffb8360, startValue=2025-09-15T12:05, endValue=2025-09-15T14:05
[2025-09-21 06:22:47.198] INFO  [MultiTableRepo.sms] Setting timestamp parameters: start=2025-09-15 12:05:00.0, end=2025-09-15 14:05:00.0
[2025-09-21 06:22:47.198] INFO  [MultiTableRepo.sms] No results found in table sms_shard_01.sms_20250915
[2025-09-21 06:22:47.200] INFO  [MultiTableRepo.sms] Executing SQL: SELECT * FROM sms_shard_01.sms_20250915 WHERE id = ? AND created_at >= ? AND created_at < ?
[2025-09-21 06:22:47.200] INFO  [MultiTableRepo.sms] Parameters: id=8420840a-7b50-4f1d-9ce9-80d4f9008c52, startValue=2025-09-15T16:20, endValue=2025-09-15T16:22
[2025-09-21 06:22:47.201] INFO  [MultiTableRepo.sms] Setting timestamp parameters: start=2025-09-15 16:20:00.0, end=2025-09-15 16:22:00.0
[2025-09-21 06:22:47.201] INFO  [MultiTableRepo.sms] No results found in table sms_shard_01.sms_20250915
[2025-09-21 06:22:47.204] INFO  [MultiTableRepo.sms] Executing SQL: SELECT * FROM sms_shard_01.sms_20250920 WHERE id = ? AND created_at >= ? AND created_at < ?
[2025-09-21 06:22:47.204] INFO  [MultiTableRepo.sms] Parameters: id=473a6795-ec7d-42a1-802d-7d9d69c26107, startValue=2025-09-20T23:04, endValue=2025-09-20T23:06
[2025-09-21 06:22:47.205] INFO  [MultiTableRepo.sms] Setting timestamp parameters: start=2025-09-20 23:04:00.0, end=2025-09-20 23:06:00.0
[2025-09-21 06:22:47.206] INFO  [MultiTableRepo.sms] No results found in table sms_shard_01.sms_20250920
[2025-09-21 06:22:47.210] INFO  [MultiTableRepo.sms] Executing SQL: SELECT * FROM sms_shard_01.sms_20250917 WHERE id = ? AND created_at >= ? AND created_at < ?
[2025-09-21 06:22:47.210] INFO  [MultiTableRepo.sms] Parameters: id=5e66c037-6e84-4229-91d8-debd5908f923, startValue=2025-09-17T05:37, endValue=2025-09-17T05:39
[2025-09-21 06:22:47.211] INFO  [MultiTableRepo.sms] Setting timestamp parameters: start=2025-09-17 05:37:00.0, end=2025-09-17 05:39:00.0
[2025-09-21 06:22:47.212] INFO  [MultiTableRepo.sms] No results found in table sms_shard_01.sms_20250917
[2025-09-21 06:22:47.214] INFO  [MultiTableRepo.sms] Executing SQL: SELECT * FROM sms_shard_01.sms_20250915 WHERE id = ? AND created_at >= ? AND created_at < ?
[2025-09-21 06:22:47.214] INFO  [MultiTableRepo.sms] Parameters: id=2641a3e1-937e-46b3-af7a-8425a217cae7, startValue=2025-09-15T09:41:59, endValue=2025-09-15T09:42:01
[2025-09-21 06:22:47.218] INFO  [MultiTableRepo.sms] Setting timestamp parameters: start=2025-09-15 09:41:59.0, end=2025-09-15 09:42:01.0
[2025-09-21 06:22:47.218] INFO  [MultiTableRepo.sms] No results found in table sms_shard_01.sms_20250915
[2025-09-21 06:22:47.219] INFO  [MultiTableRepo.sms] Executing SQL: SELECT * FROM sms_shard_01.sms_20250919 WHERE id = ? AND created_at >= ? AND created_at < ?
[2025-09-21 06:22:47.219] INFO  [MultiTableRepo.sms] Parameters: id=7157215a-1ab4-4d54-a55c-f1fa37dedeba, startValue=2025-09-19T09:09:59, endValue=2025-09-19T09:10:01
[2025-09-21 06:22:47.220] INFO  [MultiTableRepo.sms] Setting timestamp parameters: start=2025-09-19 09:09:59.0, end=2025-09-19 09:10:01.0
[2025-09-21 06:22:47.220] INFO  [MultiTableRepo.sms] No results found in table sms_shard_01.sms_20250919
[2025-09-21 06:22:47.221] INFO  [MultiTableRepo.sms] Executing SQL: SELECT * FROM sms_shard_01.sms_20250921 WHERE id = ? AND created_at >= ? AND created_at < ?
[2025-09-21 06:22:47.221] INFO  [MultiTableRepo.sms] Parameters: id=384f42bb-71c7-430a-973a-65adefafd0fc, startValue=2025-09-21T14:16, endValue=2025-09-21T16:16
[2025-09-21 06:22:47.224] INFO  [MultiTableRepo.sms] Setting timestamp parameters: start=2025-09-21 14:16:00.0, end=2025-09-21 16:16:00.0
[2025-09-21 06:22:47.225] INFO  [MultiTableRepo.sms] No results found in table sms_shard_01.sms_20250921
[2025-09-21 06:22:47.226] INFO  [MultiTableRepo.sms] Executing SQL: SELECT * FROM sms_shard_01.sms_20250916 WHERE id = ? AND created_at >= ? AND created_at < ?
[2025-09-21 06:22:47.226] INFO  [MultiTableRepo.sms] Parameters: id=c1e9b9f8-9eda-4fee-8462-24de528e7018, startValue=2025-09-16T00:03, endValue=2025-09-16T00:05
[2025-09-21 06:22:47.227] INFO  [MultiTableRepo.sms] Setting timestamp parameters: start=2025-09-16 00:03:00.0, end=2025-09-16 00:05:00.0
[2025-09-21 06:22:47.227] INFO  [MultiTableRepo.sms] No results found in table sms_shard_01.sms_20250916
[2025-09-21 06:22:47.229] INFO  [MultiTableRepo.sms] Executing SQL: SELECT * FROM sms_shard_01.sms_20250918 WHERE id = ? AND created_at >= ? AND created_at < ?
[2025-09-21 06:22:47.229] INFO  [MultiTableRepo.sms] Parameters: id=93f52e19-3649-4db8-a567-47e55a85a823, startValue=2025-09-18T02:46, endValue=2025-09-18T02:48
[2025-09-21 06:22:47.230] INFO  [MultiTableRepo.sms] Setting timestamp parameters: start=2025-09-18 02:46:00.0, end=2025-09-18 02:48:00.0
[2025-09-21 06:22:47.230] INFO  [MultiTableRepo.sms] No results found in table sms_shard_01.sms_20250918
[2025-09-21 06:22:47.232] INFO  [MultiTableRepo.sms] Executing SQL: SELECT * FROM sms_shard_01.sms_20250915 WHERE id = ? AND created_at >= ? AND created_at < ?
[2025-09-21 06:22:47.232] INFO  [MultiTableRepo.sms] Parameters: id=c40984a1-17d3-4cd5-818c-ddef9a06fbc3, startValue=2025-09-15T18:38, endValue=2025-09-15T18:40
[2025-09-21 06:22:47.233] INFO  [MultiTableRepo.sms] Setting timestamp parameters: start=2025-09-15 18:38:00.0, end=2025-09-15 18:40:00.0
[2025-09-21 06:22:47.233] INFO  [MultiTableRepo.sms] No results found in table sms_shard_01.sms_20250915
[2025-09-21 06:22:47.234] INFO  [MultiTableRepo.sms] Executing SQL: SELECT * FROM sms_shard_01.sms_20250916 WHERE id = ? AND created_at >= ? AND created_at < ?
[2025-09-21 06:22:47.234] INFO  [MultiTableRepo.sms] Parameters: id=fd10fbe5-191e-4fd4-bcf7-8992dee6be4d, startValue=2025-09-16T20:06, endValue=2025-09-16T20:08
[2025-09-21 06:22:47.235] INFO  [MultiTableRepo.sms] Setting timestamp parameters: start=2025-09-16 20:06:00.0, end=2025-09-16 20:08:00.0
[2025-09-21 06:22:47.235] INFO  [MultiTableRepo.sms] No results found in table sms_shard_01.sms_20250916
[2025-09-21 06:22:47.236] INFO  [MultiTableRepo.sms] Executing SQL: SELECT * FROM sms_shard_01.sms_20250919 WHERE id = ? AND created_at >= ? AND created_at < ?
[2025-09-21 06:22:47.236] INFO  [MultiTableRepo.sms] Parameters: id=0155f91c-5c5d-4308-a4d5-f75649532223, startValue=2025-09-19T17:06, endValue=2025-09-19T17:08
[2025-09-21 06:22:47.239] INFO  [MultiTableRepo.sms] Setting timestamp parameters: start=2025-09-19 17:06:00.0, end=2025-09-19 17:08:00.0
[2025-09-21 06:22:47.240] INFO  [MultiTableRepo.sms] No results found in table sms_shard_01.sms_20250919
[2025-09-21 06:22:47.245] INFO  [MultiTableRepo.sms] Executing SQL: SELECT * FROM sms_shard_01.sms_20250921 WHERE id = ? AND created_at >= ? AND created_at < ?
[2025-09-21 06:22:47.245] INFO  [MultiTableRepo.sms] Parameters: id=97c2b95e-afe9-491e-ae5d-7843ed3d184b, startValue=2025-09-21T06:16, endValue=2025-09-21T08:16
[2025-09-21 06:22:47.246] INFO  [MultiTableRepo.sms] Setting timestamp parameters: start=2025-09-21 06:16:00.0, end=2025-09-21 08:16:00.0
[2025-09-21 06:22:47.247] INFO  [MultiTableRepo.sms] No results found in table sms_shard_01.sms_20250921
[2025-09-21 06:22:47.248] INFO  [MultiTableRepo.sms] Executing SQL: SELECT * FROM sms_shard_01.sms_20250921 WHERE id = ? AND created_at >= ? AND created_at < ?
[2025-09-21 06:22:47.248] INFO  [MultiTableRepo.sms] Parameters: id=d1e72905-88b2-4a77-8922-fa8322da47dd, startValue=2025-09-21T09:11, endValue=2025-09-21T11:11
[2025-09-21 06:22:47.253] INFO  [MultiTableRepo.sms] Setting timestamp parameters: start=2025-09-21 09:11:00.0, end=2025-09-21 11:11:00.0
[2025-09-21 06:22:47.255] INFO  [MultiTableRepo.sms] No results found in table sms_shard_01.sms_20250921
[2025-09-21 06:22:47.256] INFO  [MultiTableRepo.sms] Executing SQL: SELECT * FROM sms_shard_01.sms_20250917 WHERE id = ? AND created_at >= ? AND created_at < ?
[2025-09-21 06:22:47.256] INFO  [MultiTableRepo.sms] Parameters: id=f971790a-f184-4762-b4de-6d7f3378fb95, startValue=2025-09-17T18:04:59, endValue=2025-09-17T18:05:01
[2025-09-21 06:22:47.257] INFO  [MultiTableRepo.sms] Setting timestamp parameters: start=2025-09-17 18:04:59.0, end=2025-09-17 18:05:01.0
[2025-09-21 06:22:47.258] INFO  [MultiTableRepo.sms] No results found in table sms_shard_01.sms_20250917
[2025-09-21 06:22:47.259] INFO  [MultiTableRepo.sms] Executing SQL: SELECT * FROM sms_shard_01.sms_20250921 WHERE id = ? AND created_at >= ? AND created_at < ?
[2025-09-21 06:22:47.259] INFO  [MultiTableRepo.sms] Parameters: id=ba5b3866-7881-49bf-94fd-8a7c6305d049, startValue=2025-09-21T09:00, endValue=2025-09-21T11:00
[2025-09-21 06:22:47.264] INFO  [MultiTableRepo.sms] Setting timestamp parameters: start=2025-09-21 09:00:00.0, end=2025-09-21 11:00:00.0
[2025-09-21 06:22:47.268] INFO  [MultiTableRepo.sms] No results found in table sms_shard_01.sms_20250921
[2025-09-21 06:22:47.271] INFO  [MultiTableRepo.sms] Executing SQL: SELECT * FROM sms_shard_01.sms_20250915 WHERE id = ? AND created_at >= ? AND created_at < ?
[2025-09-21 06:22:47.271] INFO  [MultiTableRepo.sms] Parameters: id=269ecf17-6fd9-4ce2-b934-ceb6d8c84310, startValue=2025-09-15T10:50, endValue=2025-09-15T12:50
[2025-09-21 06:22:47.274] INFO  [MultiTableRepo.sms] Setting timestamp parameters: start=2025-09-15 10:50:00.0, end=2025-09-15 12:50:00.0
[2025-09-21 06:22:47.275] INFO  [MultiTableRepo.sms] No results found in table sms_shard_01.sms_20250915
[2025-09-21 06:22:47.277] INFO  [MultiTableRepo.sms] Executing SQL: SELECT * FROM sms_shard_01.sms_20250917 WHERE id = ? AND created_at >= ? AND created_at < ?
[2025-09-21 06:22:47.277] INFO  [MultiTableRepo.sms] Parameters: id=a5231215-2885-4719-b7e6-450e044aef9f, startValue=2025-09-17T23:38:59, endValue=2025-09-17T23:39:01
[2025-09-21 06:22:47.278] INFO  [MultiTableRepo.sms] Setting timestamp parameters: start=2025-09-17 23:38:59.0, end=2025-09-17 23:39:01.0
[2025-09-21 06:22:47.278] INFO  [MultiTableRepo.sms] No results found in table sms_shard_01.sms_20250917
[2025-09-21 06:22:47.284] INFO  [MultiTableRepo.sms] Executing SQL: SELECT * FROM sms_shard_01.sms_20250918 WHERE id = ? AND created_at >= ? AND created_at < ?
[2025-09-21 06:22:47.284] INFO  [MultiTableRepo.sms] Parameters: id=394aecbc-328c-4b3b-8ac3-35716ad9c529, startValue=2025-09-18T18:27, endValue=2025-09-18T20:27
[2025-09-21 06:22:47.288] INFO  [MultiTableRepo.sms] Setting timestamp parameters: start=2025-09-18 18:27:00.0, end=2025-09-18 20:27:00.0
[2025-09-21 06:22:47.289] INFO  [MultiTableRepo.sms] No results found in table sms_shard_01.sms_20250918
[2025-09-21 06:22:47.292] INFO  [MultiTableRepo.sms] Executing SQL: SELECT * FROM sms_shard_01.sms_20250919 WHERE id = ? AND created_at >= ? AND created_at < ?
[2025-09-21 06:22:47.292] INFO  [MultiTableRepo.sms] Parameters: id=95a69698-d78a-4b7a-8281-37eec097a18f, startValue=2025-09-19T12:29, endValue=2025-09-19T12:31
[2025-09-21 06:22:47.294] INFO  [MultiTableRepo.sms] Setting timestamp parameters: start=2025-09-19 12:29:00.0, end=2025-09-19 12:31:00.0
[2025-09-21 06:22:47.294] INFO  [MultiTableRepo.sms] No results found in table sms_shard_01.sms_20250919
[2025-09-21 06:22:47.304] INFO  [MultiTableRepo.sms] Executing SQL: SELECT * FROM sms_shard_01.sms_20250917 WHERE id = ? AND created_at >= ? AND created_at < ?
[2025-09-21 06:22:47.304] INFO  [MultiTableRepo.sms] Parameters: id=b5024ad4-4f15-4940-970d-bfae6ddbabef, startValue=2025-09-17T22:17, endValue=2025-09-18T00:17
[2025-09-21 06:22:47.314] INFO  [MultiTableRepo.sms] Setting timestamp parameters: start=2025-09-17 22:17:00.0, end=2025-09-18 00:17:00.0
[2025-09-21 06:22:47.315] INFO  [MultiTableRepo.sms] No results found in table sms_shard_01.sms_20250917
[2025-09-21 06:22:47.319] INFO  [MultiTableRepo.sms] Executing SQL: SELECT * FROM sms_shard_01.sms_20250918 WHERE id = ? AND created_at >= ? AND created_at < ?
[2025-09-21 06:22:47.319] INFO  [MultiTableRepo.sms] Parameters: id=b5024ad4-4f15-4940-970d-bfae6ddbabef, startValue=2025-09-17T22:17, endValue=2025-09-18T00:17
[2025-09-21 06:22:47.321] INFO  [MultiTableRepo.sms] Setting timestamp parameters: start=2025-09-17 22:17:00.0, end=2025-09-18 00:17:00.0
[2025-09-21 06:22:47.322] INFO  [MultiTableRepo.sms] No results found in table sms_shard_01.sms_20250918
[2025-09-21 06:22:47.326] INFO  [MultiTableRepo.sms] Executing SQL: SELECT * FROM sms_shard_01.sms_20250915 WHERE id = ? AND created_at >= ? AND created_at < ?
[2025-09-21 06:22:47.326] INFO  [MultiTableRepo.sms] Parameters: id=3cd7d012-5e62-4751-b75e-91db53661df3, startValue=2025-09-15T18:37, endValue=2025-09-15T18:39
[2025-09-21 06:22:47.327] INFO  [MultiTableRepo.sms] Setting timestamp parameters: start=2025-09-15 18:37:00.0, end=2025-09-15 18:39:00.0
[2025-09-21 06:22:47.328] INFO  [MultiTableRepo.sms] No results found in table sms_shard_01.sms_20250915
[2025-09-21 06:22:47.330] INFO  [MultiTableRepo.sms] Executing SQL: SELECT * FROM sms_shard_01.sms_20250921 WHERE id = ? AND created_at >= ? AND created_at < ?
[2025-09-21 06:22:47.330] INFO  [MultiTableRepo.sms] Parameters: id=13be6fbd-dcc4-49e0-b988-d5707eac8c6e, startValue=2025-09-21T11:15, endValue=2025-09-21T11:17
[2025-09-21 06:22:47.331] INFO  [MultiTableRepo.sms] Setting timestamp parameters: start=2025-09-21 11:15:00.0, end=2025-09-21 11:17:00.0
[2025-09-21 06:22:47.331] INFO  [MultiTableRepo.sms] No results found in table sms_shard_01.sms_20250921
[2025-09-21 06:22:47.335] INFO  [MultiTableRepo.sms] Executing SQL: SELECT * FROM sms_shard_01.sms_20250921 WHERE id = ? AND created_at >= ? AND created_at < ?
[2025-09-21 06:22:47.335] INFO  [MultiTableRepo.sms] Parameters: id=53a7266c-7366-4bfd-a8b9-4b0b930c9d5e, startValue=2025-09-21T17:23:59, endValue=2025-09-21T17:24:01
[2025-09-21 06:22:47.337] INFO  [MultiTableRepo.sms] Setting timestamp parameters: start=2025-09-21 17:23:59.0, end=2025-09-21 17:24:01.0
[2025-09-21 06:22:47.337] INFO  [MultiTableRepo.sms] No results found in table sms_shard_01.sms_20250921
[2025-09-21 06:22:47.339] INFO  [MultiTableRepo.sms] Executing SQL: SELECT * FROM sms_shard_01.sms_20250921 WHERE id = ? AND created_at >= ? AND created_at < ?
[2025-09-21 06:22:47.339] INFO  [MultiTableRepo.sms] Parameters: id=278538c8-4677-4a00-a0a2-5ff424cdab67, startValue=2025-09-21T15:57, endValue=2025-09-21T17:57
[2025-09-21 06:22:47.341] INFO  [MultiTableRepo.sms] Setting timestamp parameters: start=2025-09-21 15:57:00.0, end=2025-09-21 17:57:00.0
[2025-09-21 06:22:47.342] INFO  [MultiTableRepo.sms] No results found in table sms_shard_01.sms_20250921
[2025-09-21 06:22:47.343] INFO  [MultiTableRepo.sms] Executing SQL: SELECT * FROM sms_shard_01.sms_20250918 WHERE id = ? AND created_at >= ? AND created_at < ?
[2025-09-21 06:22:47.343] INFO  [MultiTableRepo.sms] Parameters: id=0f1184b6-7e36-477c-bb71-8dacc365f371, startValue=2025-09-18T09:36, endValue=2025-09-18T11:36
[2025-09-21 06:22:47.345] INFO  [MultiTableRepo.sms] Setting timestamp parameters: start=2025-09-18 09:36:00.0, end=2025-09-18 11:36:00.0
[2025-09-21 06:22:47.345] INFO  [MultiTableRepo.sms] No results found in table sms_shard_01.sms_20250918
[2025-09-21 06:22:47.347] INFO  [MultiTableRepo.sms] Executing SQL: SELECT * FROM sms_shard_01.sms_20250918 WHERE id = ? AND created_at >= ? AND created_at < ?
[2025-09-21 06:22:47.347] INFO  [MultiTableRepo.sms] Parameters: id=2728e0f8-ac3a-4f97-9284-460422c608cd, startValue=2025-09-18T02:06, endValue=2025-09-18T04:06
[2025-09-21 06:22:47.348] INFO  [MultiTableRepo.sms] Setting timestamp parameters: start=2025-09-18 02:06:00.0, end=2025-09-18 04:06:00.0
[2025-09-21 06:22:47.348] INFO  [MultiTableRepo.sms] No results found in table sms_shard_01.sms_20250918
[2025-09-21 06:22:47.350] INFO  [MultiTableRepo.sms] Executing SQL: SELECT * FROM sms_shard_01.sms_20250918 WHERE id = ? AND created_at >= ? AND created_at < ?
[2025-09-21 06:22:47.350] INFO  [MultiTableRepo.sms] Parameters: id=b23c565f-d82b-4a39-b708-c6689ce0a8bb, startValue=2025-09-18T18:33, endValue=2025-09-18T18:35
[2025-09-21 06:22:47.352] INFO  [MultiTableRepo.sms] Setting timestamp parameters: start=2025-09-18 18:33:00.0, end=2025-09-18 18:35:00.0
[2025-09-21 06:22:47.352] INFO  [MultiTableRepo.sms] No results found in table sms_shard_01.sms_20250918
[2025-09-21 06:22:47.355] INFO  [MultiTableRepo.sms] Executing SQL: SELECT * FROM sms_shard_01.sms_20250921 WHERE id = ? AND created_at >= ? AND created_at < ?
[2025-09-21 06:22:47.355] INFO  [MultiTableRepo.sms] Parameters: id=6a2788ab-c4fa-450f-8f3e-90fcf2aaa683, startValue=2025-09-21T22:44:59, endValue=2025-09-21T22:45:01
[2025-09-21 06:22:47.359] INFO  [MultiTableRepo.sms] Setting timestamp parameters: start=2025-09-21 22:44:59.0, end=2025-09-21 22:45:01.0
[2025-09-21 06:22:47.360] INFO  [MultiTableRepo.sms] No results found in table sms_shard_01.sms_20250921
[2025-09-21 06:22:47.362] INFO  [MultiTableRepo.sms] Executing SQL: SELECT * FROM sms_shard_01.sms_20250919 WHERE id = ? AND created_at >= ? AND created_at < ?
[2025-09-21 06:22:47.362] INFO  [MultiTableRepo.sms] Parameters: id=69bee87e-eacb-4c1b-b386-bf4caa19b68f, startValue=2025-09-19T05:27, endValue=2025-09-19T07:27
[2025-09-21 06:22:47.365] INFO  [MultiTableRepo.sms] Setting timestamp parameters: start=2025-09-19 05:27:00.0, end=2025-09-19 07:27:00.0
[2025-09-21 06:22:47.366] INFO  [MultiTableRepo.sms] No results found in table sms_shard_01.sms_20250919
[2025-09-21 06:22:47.368] INFO  [MultiTableRepo.sms] Executing SQL: SELECT * FROM sms_shard_01.sms_20250915 WHERE id = ? AND created_at >= ? AND created_at < ?
[2025-09-21 06:22:47.368] INFO  [MultiTableRepo.sms] Parameters: id=68f280b8-c0a3-4232-b64c-f10d927f5783, startValue=2025-09-15T14:38:59, endValue=2025-09-15T14:39:01
[2025-09-21 06:22:47.371] INFO  [MultiTableRepo.sms] Setting timestamp parameters: start=2025-09-15 14:38:59.0, end=2025-09-15 14:39:01.0
[2025-09-21 06:22:47.371] INFO  [MultiTableRepo.sms] No results found in table sms_shard_01.sms_20250915
[2025-09-21 06:22:47.373] INFO  [MultiTableRepo.sms] Executing SQL: SELECT * FROM sms_shard_01.sms_20250919 WHERE id = ? AND created_at >= ? AND created_at < ?
[2025-09-21 06:22:47.373] INFO  [MultiTableRepo.sms] Parameters: id=3f9f6260-b3a8-4453-8128-8946628c7522, startValue=2025-09-19T18:44, endValue=2025-09-19T20:44
[2025-09-21 06:22:47.376] INFO  [MultiTableRepo.sms] Setting timestamp parameters: start=2025-09-19 18:44:00.0, end=2025-09-19 20:44:00.0
[2025-09-21 06:22:47.376] INFO  [MultiTableRepo.sms] No results found in table sms_shard_01.sms_20250919
[2025-09-21 06:22:47.377] INFO  [MultiTableRepo.sms] Executing SQL: SELECT * FROM sms_shard_01.sms_20250921 WHERE id = ? AND created_at >= ? AND created_at < ?
[2025-09-21 06:22:47.378] INFO  [MultiTableRepo.sms] Parameters: id=1132ed1a-8ffe-4341-be33-5ac42873e710, startValue=2025-09-21T13:35, endValue=2025-09-21T13:37
[2025-09-21 06:22:47.381] INFO  [MultiTableRepo.sms] Setting timestamp parameters: start=2025-09-21 13:35:00.0, end=2025-09-21 13:37:00.0
[2025-09-21 06:22:47.382] INFO  [MultiTableRepo.sms] No results found in table sms_shard_01.sms_20250921
[2025-09-21 06:22:47.385] INFO  [MultiTableRepo.sms] Executing SQL: SELECT * FROM sms_shard_01.sms_20250915 WHERE id = ? AND created_at >= ? AND created_at < ?
[2025-09-21 06:22:47.385] INFO  [MultiTableRepo.sms] Parameters: id=9a1c9c8e-47b4-4155-9acd-e480c54350f1, startValue=2025-09-15T13:21:59, endValue=2025-09-15T13:22:01
[2025-09-21 06:22:47.386] INFO  [MultiTableRepo.sms] Setting timestamp parameters: start=2025-09-15 13:21:59.0, end=2025-09-15 13:22:01.0
[2025-09-21 06:22:47.387] INFO  [MultiTableRepo.sms] No results found in table sms_shard_01.sms_20250915
[2025-09-21 06:22:47.388] INFO  [MultiTableRepo.sms] Executing SQL: SELECT * FROM sms_shard_01.sms_20250921 WHERE id = ? AND created_at >= ? AND created_at < ?
[2025-09-21 06:22:47.388] INFO  [MultiTableRepo.sms] Parameters: id=1cfb7d46-aa8a-4bb3-9c6b-a6ce21ef8a3c, startValue=2025-09-21T13:08, endValue=2025-09-21T15:08
[2025-09-21 06:22:47.389] INFO  [MultiTableRepo.sms] Setting timestamp parameters: start=2025-09-21 13:08:00.0, end=2025-09-21 15:08:00.0
[2025-09-21 06:22:47.389] INFO  [MultiTableRepo.sms] No results found in table sms_shard_01.sms_20250921
[2025-09-21 06:22:47.390] INFO  [MultiTableRepo.sms] Executing SQL: SELECT * FROM sms_shard_01.sms_20250921 WHERE id = ? AND created_at >= ? AND created_at < ?
[2025-09-21 06:22:47.390] INFO  [MultiTableRepo.sms] Parameters: id=7267edc5-c99e-4413-8ac5-44a5d1406284, startValue=2025-09-21T04:09, endValue=2025-09-21T04:11
[2025-09-21 06:22:47.391] INFO  [MultiTableRepo.sms] Setting timestamp parameters: start=2025-09-21 04:09:00.0, end=2025-09-21 04:11:00.0
[2025-09-21 06:22:47.391] INFO  [MultiTableRepo.sms] No results found in table sms_shard_01.sms_20250921
[2025-09-21 06:22:47.392] INFO  [MultiTableRepo.sms] Executing SQL: SELECT * FROM sms_shard_01.sms_20250919 WHERE id = ? AND created_at >= ? AND created_at < ?
[2025-09-21 06:22:47.392] INFO  [MultiTableRepo.sms] Parameters: id=089ef904-53da-494e-8046-3ea64902eda9, startValue=2025-09-19T15:06, endValue=2025-09-19T17:06
[2025-09-21 06:22:47.393] INFO  [MultiTableRepo.sms] Setting timestamp parameters: start=2025-09-19 15:06:00.0, end=2025-09-19 17:06:00.0
[2025-09-21 06:22:47.393] INFO  [MultiTableRepo.sms] No results found in table sms_shard_01.sms_20250919
[2025-09-21 06:22:47.395] INFO  [MultiTableRepo.sms] Executing SQL: SELECT * FROM sms_shard_01.sms_20250921 WHERE id = ? AND created_at >= ? AND created_at < ?
[2025-09-21 06:22:47.395] INFO  [MultiTableRepo.sms] Parameters: id=e487af7e-4ea5-406d-a57b-12ff30647b82, startValue=2025-09-21T11:08:59, endValue=2025-09-21T11:09:01
[2025-09-21 06:22:47.396] INFO  [MultiTableRepo.sms] Setting timestamp parameters: start=2025-09-21 11:08:59.0, end=2025-09-21 11:09:01.0
[2025-09-21 06:22:47.397] INFO  [MultiTableRepo.sms] No results found in table sms_shard_01.sms_20250921
[2025-09-21 06:22:47.399] INFO  [MultiTableRepo.sms] Executing SQL: SELECT * FROM sms_shard_01.sms_20250919 WHERE id = ? AND created_at >= ? AND created_at < ?
[2025-09-21 06:22:47.399] INFO  [MultiTableRepo.sms] Parameters: id=dd2a9c1b-ba52-4d4e-8a93-0564e8c10bb5, startValue=2025-09-19T20:02:59, endValue=2025-09-19T20:03:01
[2025-09-21 06:22:47.400] INFO  [MultiTableRepo.sms] Setting timestamp parameters: start=2025-09-19 20:02:59.0, end=2025-09-19 20:03:01.0
[2025-09-21 06:22:47.400] INFO  [MultiTableRepo.sms] No results found in table sms_shard_01.sms_20250919
[2025-09-21 06:22:47.401] INFO  [MultiTableRepo.sms] Executing SQL: SELECT * FROM sms_shard_01.sms_20250916 WHERE id = ? AND created_at >= ? AND created_at < ?
[2025-09-21 06:22:47.401] INFO  [MultiTableRepo.sms] Parameters: id=e0071beb-32b6-49b6-b741-fe14c5bf0def, startValue=2025-09-16T08:58:59, endValue=2025-09-16T08:59:01
[2025-09-21 06:22:47.406] INFO  [MultiTableRepo.sms] Setting timestamp parameters: start=2025-09-16 08:58:59.0, end=2025-09-16 08:59:01.0
[2025-09-21 06:22:47.407] INFO  [MultiTableRepo.sms] No results found in table sms_shard_01.sms_20250916
[2025-09-21 06:22:47.408] INFO  [MultiTableRepo.sms] Executing SQL: SELECT * FROM sms_shard_01.sms_20250917 WHERE id = ? AND created_at >= ? AND created_at < ?
[2025-09-21 06:22:47.408] INFO  [MultiTableRepo.sms] Parameters: id=e61dd59a-5795-4f2e-8402-e70bce030d64, startValue=2025-09-17T18:27, endValue=2025-09-17T18:29
[2025-09-21 06:22:47.409] INFO  [MultiTableRepo.sms] Setting timestamp parameters: start=2025-09-17 18:27:00.0, end=2025-09-17 18:29:00.0
[2025-09-21 06:22:47.409] INFO  [MultiTableRepo.sms] No results found in table sms_shard_01.sms_20250917
[2025-09-21 06:22:47.410] INFO  [MultiTableRepo.sms] Executing SQL: SELECT * FROM sms_shard_01.sms_20250915 WHERE id = ? AND created_at >= ? AND created_at < ?
[2025-09-21 06:22:47.410] INFO  [MultiTableRepo.sms] Parameters: id=46ae83e1-95b9-45f8-ac72-6af23ffa41ca, startValue=2025-09-15T08:45, endValue=2025-09-15T08:47
[2025-09-21 06:22:47.411] INFO  [MultiTableRepo.sms] Setting timestamp parameters: start=2025-09-15 08:45:00.0, end=2025-09-15 08:47:00.0
[2025-09-21 06:22:47.413] INFO  [MultiTableRepo.sms] No results found in table sms_shard_01.sms_20250915
[2025-09-21 06:22:47.418] INFO  [MultiTableRepo.sms] Executing SQL: SELECT * FROM sms_shard_01.sms_20250920 WHERE id = ? AND created_at >= ? AND created_at < ?
[2025-09-21 06:22:47.418] INFO  [MultiTableRepo.sms] Parameters: id=ca4efc14-2994-4f08-b758-41d59f752bcc, startValue=2025-09-20T12:08:59, endValue=2025-09-20T12:09:01
[2025-09-21 06:22:47.421] INFO  [MultiTableRepo.sms] Setting timestamp parameters: start=2025-09-20 12:08:59.0, end=2025-09-20 12:09:01.0
[2025-09-21 06:22:47.423] INFO  [MultiTableRepo.sms] No results found in table sms_shard_01.sms_20250920
[2025-09-21 06:22:47.430] INFO  [MultiTableRepo.sms] Executing SQL: SELECT * FROM sms_shard_01.sms_20250921 WHERE id = ? AND created_at >= ? AND created_at < ?
[2025-09-21 06:22:47.430] INFO  [MultiTableRepo.sms] Parameters: id=ccc9bdfd-00ee-4b50-8864-cdf7778800fa, startValue=2025-09-21T16:34, endValue=2025-09-21T16:36
[2025-09-21 06:22:47.431] INFO  [MultiTableRepo.sms] Setting timestamp parameters: start=2025-09-21 16:34:00.0, end=2025-09-21 16:36:00.0
[2025-09-21 06:22:47.431] INFO  [MultiTableRepo.sms] No results found in table sms_shard_01.sms_20250921
[2025-09-21 06:22:47.433] INFO  [MultiTableRepo.sms] Executing SQL: SELECT * FROM sms_shard_01.sms_20250917 WHERE id = ? AND created_at >= ? AND created_at < ?
[2025-09-21 06:22:47.433] INFO  [MultiTableRepo.sms] Parameters: id=6e8a2a9e-8269-46bd-bfb1-2d2e97864a3b, startValue=2025-09-17T15:43, endValue=2025-09-17T17:43
[2025-09-21 06:22:47.434] INFO  [MultiTableRepo.sms] Setting timestamp parameters: start=2025-09-17 15:43:00.0, end=2025-09-17 17:43:00.0
[2025-09-21 06:22:47.434] INFO  [MultiTableRepo.sms] No results found in table sms_shard_01.sms_20250917
[2025-09-21 06:22:47.435] INFO  [MultiTableRepo.sms] Executing SQL: SELECT * FROM sms_shard_01.sms_20250917 WHERE id = ? AND created_at >= ? AND created_at < ?
[2025-09-21 06:22:47.435] INFO  [MultiTableRepo.sms] Parameters: id=c84c31a7-fbc7-4bbc-a97f-3c26ed21f1d6, startValue=2025-09-17T07:32:59, endValue=2025-09-17T07:33:01
[2025-09-21 06:22:47.437] INFO  [MultiTableRepo.sms] Setting timestamp parameters: start=2025-09-17 07:32:59.0, end=2025-09-17 07:33:01.0
[2025-09-21 06:22:47.438] INFO  [MultiTableRepo.sms] No results found in table sms_shard_01.sms_20250917
[2025-09-21 06:22:47.439] INFO  [MultiTableRepo.sms] Executing SQL: SELECT * FROM sms_shard_01.sms_20250920 WHERE id = ? AND created_at >= ? AND created_at < ?
[2025-09-21 06:22:47.439] INFO  [MultiTableRepo.sms] Parameters: id=f52eeec0-a3c1-46eb-b263-2b2b0a03238a, startValue=2025-09-20T04:22, endValue=2025-09-20T06:22
[2025-09-21 06:22:47.440] INFO  [MultiTableRepo.sms] Setting timestamp parameters: start=2025-09-20 04:22:00.0, end=2025-09-20 06:22:00.0
[2025-09-21 06:22:47.440] INFO  [MultiTableRepo.sms] No results found in table sms_shard_01.sms_20250920
[2025-09-21 06:22:47.442] INFO  [MultiTableRepo.sms] Executing SQL: SELECT * FROM sms_shard_01.sms_20250918 WHERE id = ? AND created_at >= ? AND created_at < ?
[2025-09-21 06:22:47.442] INFO  [MultiTableRepo.sms] Parameters: id=b83fe23e-716f-4c6c-b51e-68f20a86a677, startValue=2025-09-18T23:22:59, endValue=2025-09-18T23:23:01
[2025-09-21 06:22:47.442] INFO  [MultiTableRepo.sms] Setting timestamp parameters: start=2025-09-18 23:22:59.0, end=2025-09-18 23:23:01.0
[2025-09-21 06:22:47.443] INFO  [MultiTableRepo.sms] No results found in table sms_shard_01.sms_20250918
[2025-09-21 06:22:47.444] INFO  [MultiTableRepo.sms] Executing SQL: SELECT * FROM sms_shard_01.sms_20250918 WHERE id = ? AND created_at >= ? AND created_at < ?
[2025-09-21 06:22:47.444] INFO  [MultiTableRepo.sms] Parameters: id=d3fe0476-0a7c-4521-9897-fa3bb0118077, startValue=2025-09-18T04:08, endValue=2025-09-18T04:10
[2025-09-21 06:22:47.445] INFO  [MultiTableRepo.sms] Setting timestamp parameters: start=2025-09-18 04:08:00.0, end=2025-09-18 04:10:00.0
[2025-09-21 06:22:47.445] INFO  [MultiTableRepo.sms] No results found in table sms_shard_01.sms_20250918
[2025-09-21 06:22:47.446] INFO  [MultiTableRepo.sms] Executing SQL: SELECT * FROM sms_shard_01.sms_20250915 WHERE id = ? AND created_at >= ? AND created_at < ?
[2025-09-21 06:22:47.446] INFO  [MultiTableRepo.sms] Parameters: id=85b04af6-2a2a-4f07-b6a1-40d433c6b3ec, startValue=2025-09-15T17:54:59, endValue=2025-09-15T17:55:01
[2025-09-21 06:22:47.447] INFO  [MultiTableRepo.sms] Setting timestamp parameters: start=2025-09-15 17:54:59.0, end=2025-09-15 17:55:01.0
[2025-09-21 06:22:47.447] INFO  [MultiTableRepo.sms] No results found in table sms_shard_01.sms_20250915
[2025-09-21 06:22:47.449] INFO  [MultiTableRepo.sms] Executing SQL: SELECT * FROM sms_shard_01.sms_20250920 WHERE id = ? AND created_at >= ? AND created_at < ?
[2025-09-21 06:22:47.449] INFO  [MultiTableRepo.sms] Parameters: id=de28e085-f1de-40eb-a2ef-77f08d79f42b, startValue=2025-09-20T10:14, endValue=2025-09-20T10:16
[2025-09-21 06:22:47.450] INFO  [MultiTableRepo.sms] Setting timestamp parameters: start=2025-09-20 10:14:00.0, end=2025-09-20 10:16:00.0
[2025-09-21 06:22:47.450] INFO  [MultiTableRepo.sms] No results found in table sms_shard_01.sms_20250920
[2025-09-21 06:22:47.452] INFO  [MultiTableRepo.sms] Executing SQL: SELECT * FROM sms_shard_01.sms_20250918 WHERE id = ? AND created_at >= ? AND created_at < ?
[2025-09-21 06:22:47.452] INFO  [MultiTableRepo.sms] Parameters: id=db1e463e-15e9-4268-969f-596b595a8b1e, startValue=2025-09-18T03:20, endValue=2025-09-18T03:22
[2025-09-21 06:22:47.452] INFO  [MultiTableRepo.sms] Setting timestamp parameters: start=2025-09-18 03:20:00.0, end=2025-09-18 03:22:00.0
[2025-09-21 06:22:47.453] INFO  [MultiTableRepo.sms] No results found in table sms_shard_01.sms_20250918
[2025-09-21 06:22:47.454] INFO  [MultiTableRepo.sms] Executing SQL: SELECT * FROM sms_shard_01.sms_20250921 WHERE id = ? AND created_at >= ? AND created_at < ?
[2025-09-21 06:22:47.454] INFO  [MultiTableRepo.sms] Parameters: id=d020b33f-1e02-4fba-ad42-a0861f5c808e, startValue=2025-09-21T08:58:59, endValue=2025-09-21T08:59:01
[2025-09-21 06:22:47.454] INFO  [MultiTableRepo.sms] Setting timestamp parameters: start=2025-09-21 08:58:59.0, end=2025-09-21 08:59:01.0
[2025-09-21 06:22:47.455] INFO  [MultiTableRepo.sms] No results found in table sms_shard_01.sms_20250921
[2025-09-21 06:22:47.456] INFO  [MultiTableRepo.sms] Executing SQL: SELECT * FROM sms_shard_01.sms_20250920 WHERE id = ? AND created_at >= ? AND created_at < ?
[2025-09-21 06:22:47.456] INFO  [MultiTableRepo.sms] Parameters: id=3ec973bf-f6b8-4355-b0b2-87f5d726b198, startValue=2025-09-20T16:55, endValue=2025-09-20T18:55
[2025-09-21 06:22:47.457] INFO  [MultiTableRepo.sms] Setting timestamp parameters: start=2025-09-20 16:55:00.0, end=2025-09-20 18:55:00.0
[2025-09-21 06:22:47.457] INFO  [MultiTableRepo.sms] No results found in table sms_shard_01.sms_20250920
[2025-09-21 06:22:47.458] INFO  [MultiTableRepo.sms] Executing SQL: SELECT * FROM sms_shard_01.sms_20250921 WHERE id = ? AND created_at >= ? AND created_at < ?
[2025-09-21 06:22:47.458] INFO  [MultiTableRepo.sms] Parameters: id=3740851f-277e-410b-ad77-4742b17d251e, startValue=2025-09-21T03:05:59, endValue=2025-09-21T03:06:01
[2025-09-21 06:22:47.459] INFO  [MultiTableRepo.sms] Setting timestamp parameters: start=2025-09-21 03:05:59.0, end=2025-09-21 03:06:01.0
[2025-09-21 06:22:47.459] INFO  [MultiTableRepo.sms] No results found in table sms_shard_01.sms_20250921
[2025-09-21 06:22:47.460] INFO  [MultiTableRepo.sms] Executing SQL: SELECT * FROM sms_shard_01.sms_20250920 WHERE id = ? AND created_at >= ? AND created_at < ?
[2025-09-21 06:22:47.460] INFO  [MultiTableRepo.sms] Parameters: id=82b16474-008c-4092-8546-dc307ac65006, startValue=2025-09-20T04:38, endValue=2025-09-20T06:38
[2025-09-21 06:22:47.464] INFO  [MultiTableRepo.sms] Setting timestamp parameters: start=2025-09-20 04:38:00.0, end=2025-09-20 06:38:00.0
[2025-09-21 06:22:47.464] INFO  [MultiTableRepo.sms] No results found in table sms_shard_01.sms_20250920
[2025-09-21 06:22:47.466] INFO  [MultiTableRepo.sms] Executing SQL: SELECT * FROM sms_shard_01.sms_20250920 WHERE id = ? AND created_at >= ? AND created_at < ?
[2025-09-21 06:22:47.466] INFO  [MultiTableRepo.sms] Parameters: id=e6879ab6-29cd-4a7f-a4dc-92d2221697db, startValue=2025-09-20T03:13:59, endValue=2025-09-20T03:14:01
[2025-09-21 06:22:47.467] INFO  [MultiTableRepo.sms] Setting timestamp parameters: start=2025-09-20 03:13:59.0, end=2025-09-20 03:14:01.0
[2025-09-21 06:22:47.468] INFO  [MultiTableRepo.sms] No results found in table sms_shard_01.sms_20250920
[2025-09-21 06:22:47.469] INFO  [MultiTableRepo.sms] Executing SQL: SELECT * FROM sms_shard_01.sms_20250918 WHERE id = ? AND created_at >= ? AND created_at < ?
[2025-09-21 06:22:47.469] INFO  [MultiTableRepo.sms] Parameters: id=4fefee6c-e077-4dbe-830f-51ff49d13a98, startValue=2025-09-18T04:58, endValue=2025-09-18T06:58
[2025-09-21 06:22:47.470] INFO  [MultiTableRepo.sms] Setting timestamp parameters: start=2025-09-18 04:58:00.0, end=2025-09-18 06:58:00.0
[2025-09-21 06:22:47.470] INFO  [MultiTableRepo.sms] No results found in table sms_shard_01.sms_20250918
[2025-09-21 06:22:47.472] INFO  [MultiTableRepo.sms] Executing SQL: SELECT * FROM sms_shard_01.sms_20250917 WHERE id = ? AND created_at >= ? AND created_at < ?
[2025-09-21 06:22:47.472] INFO  [MultiTableRepo.sms] Parameters: id=efd51701-f3fb-46eb-a9de-7a7e350a309d, startValue=2025-09-17T13:41, endValue=2025-09-17T15:41
[2025-09-21 06:22:47.473] INFO  [MultiTableRepo.sms] Setting timestamp parameters: start=2025-09-17 13:41:00.0, end=2025-09-17 15:41:00.0
[2025-09-21 06:22:47.473] INFO  [MultiTableRepo.sms] No results found in table sms_shard_01.sms_20250917
[2025-09-21 06:22:47.474] INFO  [MultiTableRepo.sms] Executing SQL: SELECT * FROM sms_shard_01.sms_20250918 WHERE id = ? AND created_at >= ? AND created_at < ?
[2025-09-21 06:22:47.474] INFO  [MultiTableRepo.sms] Parameters: id=704f6f1a-b2d0-49ed-9fe0-04cd37c8cb45, startValue=2025-09-18T02:43, endValue=2025-09-18T04:43
[2025-09-21 06:22:47.475] INFO  [MultiTableRepo.sms] Setting timestamp parameters: start=2025-09-18 02:43:00.0, end=2025-09-18 04:43:00.0
[2025-09-21 06:22:47.475] INFO  [MultiTableRepo.sms] No results found in table sms_shard_01.sms_20250918
[2025-09-21 06:22:47.477] INFO  [MultiTableRepo.sms] Executing SQL: SELECT * FROM sms_shard_01.sms_20250919 WHERE id = ? AND created_at >= ? AND created_at < ?
[2025-09-21 06:22:47.477] INFO  [MultiTableRepo.sms] Parameters: id=9dce4d07-43b1-491d-95cc-edeb224a691d, startValue=2025-09-19T11:09, endValue=2025-09-19T13:09
[2025-09-21 06:22:47.478] INFO  [MultiTableRepo.sms] Setting timestamp parameters: start=2025-09-19 11:09:00.0, end=2025-09-19 13:09:00.0
[2025-09-21 06:22:47.478] INFO  [MultiTableRepo.sms] No results found in table sms_shard_01.sms_20250919
[2025-09-21 06:22:47.480] INFO  [MultiTableRepo.sms] Executing SQL: SELECT * FROM sms_shard_01.sms_20250919 WHERE id = ? AND created_at >= ? AND created_at < ?
[2025-09-21 06:22:47.480] INFO  [MultiTableRepo.sms] Parameters: id=56bbe457-1921-4e17-a127-426b2e6b4ec2, startValue=2025-09-19T23:14:59, endValue=2025-09-19T23:15:01
[2025-09-21 06:22:47.482] INFO  [MultiTableRepo.sms] Setting timestamp parameters: start=2025-09-19 23:14:59.0, end=2025-09-19 23:15:01.0
[2025-09-21 06:22:47.484] INFO  [MultiTableRepo.sms] No results found in table sms_shard_01.sms_20250919
[2025-09-21 06:22:47.489] INFO  [MultiTableRepo.sms] Executing SQL: SELECT * FROM sms_shard_01.sms_20250915 WHERE id = ? AND created_at >= ? AND created_at < ?
[2025-09-21 06:22:47.489] INFO  [MultiTableRepo.sms] Parameters: id=ba4c5003-a367-433e-af75-a368d029be8a, startValue=2025-09-15T08:37:59, endValue=2025-09-15T08:38:01
[2025-09-21 06:22:47.493] INFO  [MultiTableRepo.sms] Setting timestamp parameters: start=2025-09-15 08:37:59.0, end=2025-09-15 08:38:01.0
[2025-09-21 06:22:47.497] INFO  [MultiTableRepo.sms] No results found in table sms_shard_01.sms_20250915
[2025-09-21 06:22:47.500] INFO  [MultiTableRepo.sms] Executing SQL: SELECT * FROM sms_shard_01.sms_20250918 WHERE id = ? AND created_at >= ? AND created_at < ?
[2025-09-21 06:22:47.500] INFO  [MultiTableRepo.sms] Parameters: id=4804d31f-6a04-476f-9253-cae727fe1d3e, startValue=2025-09-18T08:38, endValue=2025-09-18T10:38
[2025-09-21 06:22:47.511] INFO  [MultiTableRepo.sms] Setting timestamp parameters: start=2025-09-18 08:38:00.0, end=2025-09-18 10:38:00.0
[2025-09-21 06:22:47.511] INFO  [MultiTableRepo.sms] No results found in table sms_shard_01.sms_20250918
[2025-09-21 06:22:47.521] INFO  [MultiTableRepo.sms] Executing SQL: SELECT * FROM sms_shard_01.sms_20250919 WHERE id = ? AND created_at >= ? AND created_at < ?
[2025-09-21 06:22:47.521] INFO  [MultiTableRepo.sms] Parameters: id=0f74a4f9-a169-49f0-9cec-fc27b0ea1f0a, startValue=2025-09-19T05:23:59, endValue=2025-09-19T05:24:01
[2025-09-21 06:22:47.522] INFO  [MultiTableRepo.sms] Setting timestamp parameters: start=2025-09-19 05:23:59.0, end=2025-09-19 05:24:01.0
[2025-09-21 06:22:47.523] INFO  [MultiTableRepo.sms] No results found in table sms_shard_01.sms_20250919
[2025-09-21 06:22:47.525] INFO  [MultiTableRepo.sms] Executing SQL: SELECT * FROM sms_shard_01.sms_20250921 WHERE id = ? AND created_at >= ? AND created_at < ?
[2025-09-21 06:22:47.525] INFO  [MultiTableRepo.sms] Parameters: id=4aa67f6f-6fd1-4c53-82aa-9494bfaf1036, startValue=2025-09-21T07:59, endValue=2025-09-21T08:01
[2025-09-21 06:22:47.526] INFO  [MultiTableRepo.sms] Setting timestamp parameters: start=2025-09-21 07:59:00.0, end=2025-09-21 08:01:00.0
[2025-09-21 06:22:47.526] INFO  [MultiTableRepo.sms] No results found in table sms_shard_01.sms_20250921
[2025-09-21 06:22:47.528] INFO  [MultiTableRepo.sms] Executing SQL: SELECT * FROM sms_shard_01.sms_20250916 WHERE id = ? AND created_at >= ? AND created_at < ?
[2025-09-21 06:22:47.528] INFO  [MultiTableRepo.sms] Parameters: id=414aa921-40d8-4d01-a68d-75980ef9b7ff, startValue=2025-09-16T03:46, endValue=2025-09-16T03:48
[2025-09-21 06:22:47.529] INFO  [MultiTableRepo.sms] Setting timestamp parameters: start=2025-09-16 03:46:00.0, end=2025-09-16 03:48:00.0
[2025-09-21 06:22:47.529] INFO  [MultiTableRepo.sms] No results found in table sms_shard_01.sms_20250916
[2025-09-21 06:22:47.534] INFO  [MultiTableRepo.sms] Executing SQL: SELECT * FROM sms_shard_01.sms_20250920 WHERE id = ? AND created_at >= ? AND created_at < ?
[2025-09-21 06:22:47.534] INFO  [MultiTableRepo.sms] Parameters: id=a22acad8-c647-4016-9382-f3c6fddc6cfb, startValue=2025-09-20T15:33, endValue=2025-09-20T15:35
[2025-09-21 06:22:47.535] INFO  [MultiTableRepo.sms] Setting timestamp parameters: start=2025-09-20 15:33:00.0, end=2025-09-20 15:35:00.0
[2025-09-21 06:22:47.535] INFO  [MultiTableRepo.sms] No results found in table sms_shard_01.sms_20250920
[2025-09-21 06:22:47.542] INFO  [MultiTableRepo.sms] Executing SQL: SELECT * FROM sms_shard_01.sms_20250920 WHERE id = ? AND created_at >= ? AND created_at < ?
[2025-09-21 06:22:47.542] INFO  [MultiTableRepo.sms] Parameters: id=5d378701-86d9-4f96-9134-895372784ce0, startValue=2025-09-20T22:06, endValue=2025-09-21T00:06
[2025-09-21 06:22:47.543] INFO  [MultiTableRepo.sms] Setting timestamp parameters: start=2025-09-20 22:06:00.0, end=2025-09-21 00:06:00.0
[2025-09-21 06:22:47.543] INFO  [MultiTableRepo.sms] No results found in table sms_shard_01.sms_20250920
[2025-09-21 06:22:47.545] INFO  [MultiTableRepo.sms] Executing SQL: SELECT * FROM sms_shard_01.sms_20250921 WHERE id = ? AND created_at >= ? AND created_at < ?
[2025-09-21 06:22:47.545] INFO  [MultiTableRepo.sms] Parameters: id=5d378701-86d9-4f96-9134-895372784ce0, startValue=2025-09-20T22:06, endValue=2025-09-21T00:06
[2025-09-21 06:22:47.546] INFO  [MultiTableRepo.sms] Setting timestamp parameters: start=2025-09-20 22:06:00.0, end=2025-09-21 00:06:00.0
[2025-09-21 06:22:47.546] INFO  [MultiTableRepo.sms] No results found in table sms_shard_01.sms_20250921
[2025-09-21 06:22:47.548] INFO  [MultiTableRepo.sms] Executing SQL: SELECT * FROM sms_shard_01.sms_20250919 WHERE id = ? AND created_at >= ? AND created_at < ?
[2025-09-21 06:22:47.550] INFO  [MultiTableRepo.sms] Parameters: id=9d4ee85a-98b0-4762-957d-87648eb1a2b4, startValue=2025-09-19T19:36, endValue=2025-09-19T21:36
[2025-09-21 06:22:47.551] INFO  [MultiTableRepo.sms] Setting timestamp parameters: start=2025-09-19 19:36:00.0, end=2025-09-19 21:36:00.0
[2025-09-21 06:22:47.552] INFO  [MultiTableRepo.sms] No results found in table sms_shard_01.sms_20250919
[2025-09-21 06:22:47.553] INFO  [MultiTableRepo.sms] Executing SQL: SELECT * FROM sms_shard_01.sms_20250917 WHERE id = ? AND created_at >= ? AND created_at < ?
[2025-09-21 06:22:47.553] INFO  [MultiTableRepo.sms] Parameters: id=ca01b0b5-4d57-4a64-ae17-a8b38d1f026b, startValue=2025-09-17T16:50, endValue=2025-09-17T16:52
[2025-09-21 06:22:47.554] INFO  [MultiTableRepo.sms] Setting timestamp parameters: start=2025-09-17 16:50:00.0, end=2025-09-17 16:52:00.0
[2025-09-21 06:22:47.555] INFO  [MultiTableRepo.sms] No results found in table sms_shard_01.sms_20250917
[2025-09-21 06:22:47.558] INFO  [MultiTableRepo.sms] Executing SQL: SELECT * FROM sms_shard_01.sms_20250921 WHERE id = ? AND created_at >= ? AND created_at < ?
[2025-09-21 06:22:47.558] INFO  [MultiTableRepo.sms] Parameters: id=f335f9dd-0934-4699-9801-c96cca6e618a, startValue=2025-09-21T19:11, endValue=2025-09-21T21:11
[2025-09-21 06:22:47.559] INFO  [MultiTableRepo.sms] Setting timestamp parameters: start=2025-09-21 19:11:00.0, end=2025-09-21 21:11:00.0
[2025-09-21 06:22:47.560] INFO  [MultiTableRepo.sms] No results found in table sms_shard_01.sms_20250921
[2025-09-21 06:22:47.562] INFO  [MultiTableRepo.sms] Executing SQL: SELECT * FROM sms_shard_01.sms_20250915 WHERE id = ? AND created_at >= ? AND created_at < ?
[2025-09-21 06:22:47.562] INFO  [MultiTableRepo.sms] Parameters: id=0615745c-0724-465c-b0d9-7eb49001c2ef, startValue=2025-09-15T21:47, endValue=2025-09-15T21:49
[2025-09-21 06:22:47.563] INFO  [MultiTableRepo.sms] Setting timestamp parameters: start=2025-09-15 21:47:00.0, end=2025-09-15 21:49:00.0
[2025-09-21 06:22:47.564] INFO  [MultiTableRepo.sms] No results found in table sms_shard_01.sms_20250915
[2025-09-21 06:22:47.566] INFO  [MultiTableRepo.sms] Executing SQL: SELECT * FROM sms_shard_01.sms_20250916 WHERE id = ? AND created_at >= ? AND created_at < ?
[2025-09-21 06:22:47.566] INFO  [MultiTableRepo.sms] Parameters: id=e5c91593-b79e-40a1-9fab-5e36418d6d64, startValue=2025-09-16T01:51, endValue=2025-09-16T01:53
[2025-09-21 06:22:47.567] INFO  [MultiTableRepo.sms] Setting timestamp parameters: start=2025-09-16 01:51:00.0, end=2025-09-16 01:53:00.0
[2025-09-21 06:22:47.567] INFO  [MultiTableRepo.sms] No results found in table sms_shard_01.sms_20250916
[2025-09-21 06:22:47.569] INFO  [MultiTableRepo.sms] Executing SQL: SELECT * FROM sms_shard_01.sms_20250919 WHERE id = ? AND created_at >= ? AND created_at < ?
[2025-09-21 06:22:47.569] INFO  [MultiTableRepo.sms] Parameters: id=afd35129-1558-4711-84a6-bacd54edc991, startValue=2025-09-19T10:41, endValue=2025-09-19T10:43
[2025-09-21 06:22:47.570] INFO  [MultiTableRepo.sms] Setting timestamp parameters: start=2025-09-19 10:41:00.0, end=2025-09-19 10:43:00.0
[2025-09-21 06:22:47.570] INFO  [MultiTableRepo.sms] No results found in table sms_shard_01.sms_20250919
[2025-09-21 06:22:47.571] INFO  [MultiTableRepo.sms] Executing SQL: SELECT * FROM sms_shard_01.sms_20250921 WHERE id = ? AND created_at >= ? AND created_at < ?
[2025-09-21 06:22:47.572] INFO  [MultiTableRepo.sms] Parameters: id=f96e8fa1-6bef-4752-b785-5feb37a4cee8, startValue=2025-09-21T22:12:59, endValue=2025-09-21T22:13:01
[2025-09-21 06:22:47.572] INFO  [MultiTableRepo.sms] Setting timestamp parameters: start=2025-09-21 22:12:59.0, end=2025-09-21 22:13:01.0
[2025-09-21 06:22:47.573] INFO  [MultiTableRepo.sms] No results found in table sms_shard_01.sms_20250921
[2025-09-21 06:22:47.574] INFO  [MultiTableRepo.sms] Executing SQL: SELECT * FROM sms_shard_01.sms_20250918 WHERE id = ? AND created_at >= ? AND created_at < ?
[2025-09-21 06:22:47.574] INFO  [MultiTableRepo.sms] Parameters: id=40df87e2-9a3f-4915-aca9-db89dbb7222e, startValue=2025-09-18T22:17, endValue=2025-09-19T00:17
[2025-09-21 06:22:47.575] INFO  [MultiTableRepo.sms] Setting timestamp parameters: start=2025-09-18 22:17:00.0, end=2025-09-19 00:17:00.0
[2025-09-21 06:22:47.575] INFO  [MultiTableRepo.sms] No results found in table sms_shard_01.sms_20250918
[2025-09-21 06:22:47.578] INFO  [MultiTableRepo.sms] Executing SQL: SELECT * FROM sms_shard_01.sms_20250919 WHERE id = ? AND created_at >= ? AND created_at < ?
[2025-09-21 06:22:47.578] INFO  [MultiTableRepo.sms] Parameters: id=40df87e2-9a3f-4915-aca9-db89dbb7222e, startValue=2025-09-18T22:17, endValue=2025-09-19T00:17
[2025-09-21 06:22:47.581] INFO  [MultiTableRepo.sms] Setting timestamp parameters: start=2025-09-18 22:17:00.0, end=2025-09-19 00:17:00.0
[2025-09-21 06:22:47.581] INFO  [MultiTableRepo.sms] No results found in table sms_shard_01.sms_20250919
[2025-09-21 06:22:47.583] INFO  [MultiTableRepo.sms] Executing SQL: SELECT * FROM sms_shard_01.sms_20250919 WHERE id = ? AND created_at >= ? AND created_at < ?
[2025-09-21 06:22:47.583] INFO  [MultiTableRepo.sms] Parameters: id=c387488b-7165-440c-8abf-d3570fbf0d3e, startValue=2025-09-19T21:13, endValue=2025-09-19T23:13
[2025-09-21 06:22:47.584] INFO  [MultiTableRepo.sms] Setting timestamp parameters: start=2025-09-19 21:13:00.0, end=2025-09-19 23:13:00.0
[2025-09-21 06:22:47.585] INFO  [MultiTableRepo.sms] No results found in table sms_shard_01.sms_20250919
[2025-09-21 06:22:47.586] INFO  [MultiTableRepo.sms] Executing SQL: SELECT * FROM sms_shard_01.sms_20250919 WHERE id = ? AND created_at >= ? AND created_at < ?
[2025-09-21 06:22:47.586] INFO  [MultiTableRepo.sms] Parameters: id=c2f88006-8a2e-4459-ba5f-38566527be4c, startValue=2025-09-19T12:31, endValue=2025-09-19T14:31
[2025-09-21 06:22:47.587] INFO  [MultiTableRepo.sms] Setting timestamp parameters: start=2025-09-19 12:31:00.0, end=2025-09-19 14:31:00.0
[2025-09-21 06:22:47.587] INFO  [MultiTableRepo.sms] No results found in table sms_shard_01.sms_20250919
[2025-09-21 06:22:47.589] INFO  [MultiTableRepo.sms] Executing SQL: SELECT * FROM sms_shard_01.sms_20250916 WHERE id = ? AND created_at >= ? AND created_at < ?
[2025-09-21 06:22:47.589] INFO  [MultiTableRepo.sms] Parameters: id=b81c33c4-5a90-4858-b8e9-4e4ccbdc745f, startValue=2025-09-16T02:48, endValue=2025-09-16T02:50
[2025-09-21 06:22:47.590] INFO  [MultiTableRepo.sms] Setting timestamp parameters: start=2025-09-16 02:48:00.0, end=2025-09-16 02:50:00.0
[2025-09-21 06:22:47.591] INFO  [MultiTableRepo.sms] No results found in table sms_shard_01.sms_20250916
[2025-09-21 06:22:47.592] INFO  [MultiTableRepo.sms] Executing SQL: SELECT * FROM sms_shard_01.sms_20250916 WHERE id = ? AND created_at >= ? AND created_at < ?
[2025-09-21 06:22:47.592] INFO  [MultiTableRepo.sms] Parameters: id=90546170-36c3-4d9d-9e51-234e735e8720, startValue=2025-09-16T14:48:59, endValue=2025-09-16T14:49:01
[2025-09-21 06:22:47.596] INFO  [MultiTableRepo.sms] Setting timestamp parameters: start=2025-09-16 14:48:59.0, end=2025-09-16 14:49:01.0
[2025-09-21 06:22:47.596] INFO  [MultiTableRepo.sms] No results found in table sms_shard_01.sms_20250916
[2025-09-21 06:22:47.600] INFO  [MultiTableRepo.sms] Executing SQL: SELECT * FROM sms_shard_01.sms_20250920 WHERE id = ? AND created_at >= ? AND created_at < ?
[2025-09-21 06:22:47.600] INFO  [MultiTableRepo.sms] Parameters: id=82ee79d2-d748-414b-a37f-5cd29773f477, startValue=2025-09-20T07:41:59, endValue=2025-09-20T07:42:01
[2025-09-21 06:22:47.601] INFO  [MultiTableRepo.sms] Setting timestamp parameters: start=2025-09-20 07:41:59.0, end=2025-09-20 07:42:01.0
[2025-09-21 06:22:47.601] INFO  [MultiTableRepo.sms] No results found in table sms_shard_01.sms_20250920
[2025-09-21 06:22:47.603] INFO  [MultiTableRepo.sms] Executing SQL: SELECT * FROM sms_shard_01.sms_20250918 WHERE id = ? AND created_at >= ? AND created_at < ?
[2025-09-21 06:22:47.603] INFO  [MultiTableRepo.sms] Parameters: id=009ce7b5-878d-4313-a25f-118c221a7b0a, startValue=2025-09-18T19:46, endValue=2025-09-18T21:46
[2025-09-21 06:22:47.604] INFO  [MultiTableRepo.sms] Setting timestamp parameters: start=2025-09-18 19:46:00.0, end=2025-09-18 21:46:00.0
[2025-09-21 06:22:47.604] INFO  [MultiTableRepo.sms] No results found in table sms_shard_01.sms_20250918
[2025-09-21 06:22:47.606] INFO  [MultiTableRepo.sms] Executing SQL: SELECT * FROM sms_shard_01.sms_20250921 WHERE id = ? AND created_at >= ? AND created_at < ?
[2025-09-21 06:22:47.606] INFO  [MultiTableRepo.sms] Parameters: id=7be8fdfa-2123-4baa-82a7-bf5265da3fb9, startValue=2025-09-21T15:45, endValue=2025-09-21T15:47
[2025-09-21 06:22:47.606] INFO  [MultiTableRepo.sms] Setting timestamp parameters: start=2025-09-21 15:45:00.0, end=2025-09-21 15:47:00.0
[2025-09-21 06:22:47.607] INFO  [MultiTableRepo.sms] No results found in table sms_shard_01.sms_20250921
[2025-09-21 06:22:47.608] INFO  [MultiTableRepo.sms] Executing SQL: SELECT * FROM sms_shard_01.sms_20250917 WHERE id = ? AND created_at >= ? AND created_at < ?
[2025-09-21 06:22:47.608] INFO  [MultiTableRepo.sms] Parameters: id=66303fdb-8243-4e31-ac77-723ee27136cd, startValue=2025-09-17T00:50, endValue=2025-09-17T02:50
[2025-09-21 06:22:47.608] INFO  [MultiTableRepo.sms] Setting timestamp parameters: start=2025-09-17 00:50:00.0, end=2025-09-17 02:50:00.0
[2025-09-21 06:22:47.609] INFO  [MultiTableRepo.sms] No results found in table sms_shard_01.sms_20250917
[2025-09-21 06:22:47.610] INFO  [MultiTableRepo.sms] Executing SQL: SELECT * FROM sms_shard_01.sms_20250920 WHERE id = ? AND created_at >= ? AND created_at < ?
[2025-09-21 06:22:47.610] INFO  [MultiTableRepo.sms] Parameters: id=6ba02170-ceb9-4473-bc92-f1eb567f67c8, startValue=2025-09-20T01:32:59, endValue=2025-09-20T01:33:01
[2025-09-21 06:22:47.611] INFO  [MultiTableRepo.sms] Setting timestamp parameters: start=2025-09-20 01:32:59.0, end=2025-09-20 01:33:01.0
[2025-09-21 06:22:47.611] INFO  [MultiTableRepo.sms] No results found in table sms_shard_01.sms_20250920
[2025-09-21 06:22:47.613] INFO  [MultiTableRepo.sms] Executing SQL: SELECT * FROM sms_shard_01.sms_20250920 WHERE id = ? AND created_at >= ? AND created_at < ?
[2025-09-21 06:22:47.613] INFO  [MultiTableRepo.sms] Parameters: id=56cbc7bd-e7c6-4d35-9254-a2d8fc9ee4df, startValue=2025-09-20T21:46:59, endValue=2025-09-20T21:47:01
[2025-09-21 06:22:47.614] INFO  [MultiTableRepo.sms] Setting timestamp parameters: start=2025-09-20 21:46:59.0, end=2025-09-20 21:47:01.0
[2025-09-21 06:22:47.614] INFO  [MultiTableRepo.sms] No results found in table sms_shard_01.sms_20250920
[2025-09-21 06:22:47.616] INFO  [MultiTableRepo.sms] Executing SQL: SELECT * FROM sms_shard_01.sms_20250919 WHERE id = ? AND created_at >= ? AND created_at < ?
[2025-09-21 06:22:47.616] INFO  [MultiTableRepo.sms] Parameters: id=111446d3-44cb-4822-9e8a-2fe7c72e7212, startValue=2025-09-19T04:35:59, endValue=2025-09-19T04:36:01
[2025-09-21 06:22:47.617] INFO  [MultiTableRepo.sms] Setting timestamp parameters: start=2025-09-19 04:35:59.0, end=2025-09-19 04:36:01.0
[2025-09-21 06:22:47.617] INFO  [MultiTableRepo.sms] No results found in table sms_shard_01.sms_20250919
[2025-09-21 06:22:47.619] INFO  [MultiTableRepo.sms] Executing SQL: SELECT * FROM sms_shard_01.sms_20250920 WHERE id = ? AND created_at >= ? AND created_at < ?
[2025-09-21 06:22:47.619] INFO  [MultiTableRepo.sms] Parameters: id=c9a1af24-e61a-4e63-a069-b59416da40e1, startValue=2025-09-20T23:31, endValue=2025-09-20T23:33
[2025-09-21 06:22:47.620] INFO  [MultiTableRepo.sms] Setting timestamp parameters: start=2025-09-20 23:31:00.0, end=2025-09-20 23:33:00.0
[2025-09-21 06:22:47.620] INFO  [MultiTableRepo.sms] No results found in table sms_shard_01.sms_20250920
[2025-09-21 06:22:47.622] INFO  [MultiTableRepo.sms] Executing SQL: SELECT * FROM sms_shard_01.sms_20250919 WHERE id = ? AND created_at >= ? AND created_at < ?
[2025-09-21 06:22:47.622] INFO  [MultiTableRepo.sms] Parameters: id=b0a2a53c-c18c-4c28-bc34-accf6e0905e8, startValue=2025-09-19T11:50, endValue=2025-09-19T13:50
[2025-09-21 06:22:47.623] INFO  [MultiTableRepo.sms] Setting timestamp parameters: start=2025-09-19 11:50:00.0, end=2025-09-19 13:50:00.0
[2025-09-21 06:22:47.623] INFO  [MultiTableRepo.sms] No results found in table sms_shard_01.sms_20250919
[2025-09-21 06:22:47.625] INFO  [MultiTableRepo.sms] Executing SQL: SELECT * FROM sms_shard_01.sms_20250920 WHERE id = ? AND created_at >= ? AND created_at < ?
[2025-09-21 06:22:47.625] INFO  [MultiTableRepo.sms] Parameters: id=c207b19b-08af-48e2-9f32-72a1779a7dd1, startValue=2025-09-20T23:40, endValue=2025-09-21T01:40
[2025-09-21 06:22:47.626] INFO  [MultiTableRepo.sms] Setting timestamp parameters: start=2025-09-20 23:40:00.0, end=2025-09-21 01:40:00.0
[2025-09-21 06:22:47.626] INFO  [MultiTableRepo.sms] No results found in table sms_shard_01.sms_20250920
[2025-09-21 06:22:47.627] INFO  [MultiTableRepo.sms] Executing SQL: SELECT * FROM sms_shard_01.sms_20250921 WHERE id = ? AND created_at >= ? AND created_at < ?
[2025-09-21 06:22:47.627] INFO  [MultiTableRepo.sms] Parameters: id=c207b19b-08af-48e2-9f32-72a1779a7dd1, startValue=2025-09-20T23:40, endValue=2025-09-21T01:40
[2025-09-21 06:22:47.628] INFO  [MultiTableRepo.sms] Setting timestamp parameters: start=2025-09-20 23:40:00.0, end=2025-09-21 01:40:00.0
[2025-09-21 06:22:47.629] INFO  [MultiTableRepo.sms] No results found in table sms_shard_01.sms_20250921
[2025-09-21 06:22:47.630] INFO  [MultiTableRepo.sms] Executing SQL: SELECT * FROM sms_shard_01.sms_20250919 WHERE id = ? AND created_at >= ? AND created_at < ?
[2025-09-21 06:22:47.631] INFO  [MultiTableRepo.sms] Parameters: id=3c9a9983-2701-41f3-b1bd-b877b2e73978, startValue=2025-09-19T18:39, endValue=2025-09-19T20:39
[2025-09-21 06:22:47.631] INFO  [MultiTableRepo.sms] Setting timestamp parameters: start=2025-09-19 18:39:00.0, end=2025-09-19 20:39:00.0
[2025-09-21 06:22:47.632] INFO  [MultiTableRepo.sms] No results found in table sms_shard_01.sms_20250919
[2025-09-21 06:22:47.636] INFO  [MultiTableRepo.sms] Executing SQL: SELECT * FROM sms_shard_01.sms_20250915 WHERE id = ? AND created_at >= ? AND created_at < ?
[2025-09-21 06:22:47.636] INFO  [MultiTableRepo.sms] Parameters: id=935efdc8-4f38-4b27-bd6f-c36fe3dc5fda, startValue=2025-09-15T10:24, endValue=2025-09-15T10:26
[2025-09-21 06:22:47.638] INFO  [MultiTableRepo.sms] Setting timestamp parameters: start=2025-09-15 10:24:00.0, end=2025-09-15 10:26:00.0
[2025-09-21 06:22:47.638] INFO  [MultiTableRepo.sms] No results found in table sms_shard_01.sms_20250915
[2025-09-21 06:22:47.640] INFO  [MultiTableRepo.sms] Executing SQL: SELECT * FROM sms_shard_01.sms_20250915 WHERE id = ? AND created_at >= ? AND created_at < ?
[2025-09-21 06:22:47.640] INFO  [MultiTableRepo.sms] Parameters: id=8a250681-5ba3-4a78-aa70-9cdedb4c23fa, startValue=2025-09-15T15:58, endValue=2025-09-15T17:58
[2025-09-21 06:22:47.642] INFO  [MultiTableRepo.sms] Setting timestamp parameters: start=2025-09-15 15:58:00.0, end=2025-09-15 17:58:00.0
[2025-09-21 06:22:47.642] INFO  [MultiTableRepo.sms] No results found in table sms_shard_01.sms_20250915
[2025-09-21 06:22:47.645] INFO  [MultiTableRepo.sms] Executing SQL: SELECT * FROM sms_shard_01.sms_20250915 WHERE id = ? AND created_at >= ? AND created_at < ?
[2025-09-21 06:22:47.645] INFO  [MultiTableRepo.sms] Parameters: id=cd0b3cd6-c698-4d7e-9716-81af5e3fb16a, startValue=2025-09-15T22:57, endValue=2025-09-15T22:59
[2025-09-21 06:22:47.646] INFO  [MultiTableRepo.sms] Setting timestamp parameters: start=2025-09-15 22:57:00.0, end=2025-09-15 22:59:00.0
[2025-09-21 06:22:47.647] INFO  [MultiTableRepo.sms] No results found in table sms_shard_01.sms_20250915
[2025-09-21 06:22:47.648] INFO  [MultiTableRepo.sms] Executing SQL: SELECT * FROM sms_shard_01.sms_20250915 WHERE id = ? AND created_at >= ? AND created_at < ?
[2025-09-21 06:22:47.648] INFO  [MultiTableRepo.sms] Parameters: id=e726c94f-9291-4325-8c0c-16acb02223bb, startValue=2025-09-15T16:45, endValue=2025-09-15T16:47
[2025-09-21 06:22:47.649] INFO  [MultiTableRepo.sms] Setting timestamp parameters: start=2025-09-15 16:45:00.0, end=2025-09-15 16:47:00.0
[2025-09-21 06:22:47.649] INFO  [MultiTableRepo.sms] No results found in table sms_shard_01.sms_20250915
[2025-09-21 06:22:47.650] INFO  [MultiTableRepo.sms] Executing SQL: SELECT * FROM sms_shard_01.sms_20250920 WHERE id = ? AND created_at >= ? AND created_at < ?
[2025-09-21 06:22:47.650] INFO  [MultiTableRepo.sms] Parameters: id=ca9e05ec-a41e-47df-b3ec-443ce94fedab, startValue=2025-09-20T10:09:59, endValue=2025-09-20T10:10:01
[2025-09-21 06:22:47.651] INFO  [MultiTableRepo.sms] Setting timestamp parameters: start=2025-09-20 10:09:59.0, end=2025-09-20 10:10:01.0
[2025-09-21 06:22:47.651] INFO  [MultiTableRepo.sms] No results found in table sms_shard_01.sms_20250920
[2025-09-21 06:22:47.652] INFO  [MultiTableRepo.sms] Executing SQL: SELECT * FROM sms_shard_01.sms_20250916 WHERE id = ? AND created_at >= ? AND created_at < ?
[2025-09-21 06:22:47.652] INFO  [MultiTableRepo.sms] Parameters: id=03fb8d96-7e8b-4892-b8a0-50323de0bbfa, startValue=2025-09-16T01:52, endValue=2025-09-16T01:54
[2025-09-21 06:22:47.653] INFO  [MultiTableRepo.sms] Setting timestamp parameters: start=2025-09-16 01:52:00.0, end=2025-09-16 01:54:00.0
[2025-09-21 06:22:47.653] INFO  [MultiTableRepo.sms] No results found in table sms_shard_01.sms_20250916
[2025-09-21 06:22:47.654] INFO  [MultiTableRepo.sms] Executing SQL: SELECT * FROM sms_shard_01.sms_20250920 WHERE id = ? AND created_at >= ? AND created_at < ?
[2025-09-21 06:22:47.654] INFO  [MultiTableRepo.sms] Parameters: id=2d2bb5b1-42f7-4ec9-929c-af08a773ae65, startValue=2025-09-20T20:55, endValue=2025-09-20T22:55
[2025-09-21 06:22:47.655] INFO  [MultiTableRepo.sms] Setting timestamp parameters: start=2025-09-20 20:55:00.0, end=2025-09-20 22:55:00.0
[2025-09-21 06:22:47.655] INFO  [MultiTableRepo.sms] No results found in table sms_shard_01.sms_20250920
[2025-09-21 06:22:47.656] INFO  [MultiTableRepo.sms] Executing SQL: SELECT * FROM sms_shard_01.sms_20250919 WHERE id = ? AND created_at >= ? AND created_at < ?
[2025-09-21 06:22:47.656] INFO  [MultiTableRepo.sms] Parameters: id=63a34994-ec40-442f-8324-1728880f43b5, startValue=2025-09-19T21:48, endValue=2025-09-19T23:48
[2025-09-21 06:22:47.657] INFO  [MultiTableRepo.sms] Setting timestamp parameters: start=2025-09-19 21:48:00.0, end=2025-09-19 23:48:00.0
[2025-09-21 06:22:47.657] INFO  [MultiTableRepo.sms] No results found in table sms_shard_01.sms_20250919
[2025-09-21 06:22:47.658] INFO  [MultiTableRepo.sms] Executing SQL: SELECT * FROM sms_shard_01.sms_20250916 WHERE id = ? AND created_at >= ? AND created_at < ?
[2025-09-21 06:22:47.658] INFO  [MultiTableRepo.sms] Parameters: id=fce6a29d-b4cc-4c72-8ae0-4f73658b0abd, startValue=2025-09-16T14:48, endValue=2025-09-16T16:48
[2025-09-21 06:22:47.659] INFO  [MultiTableRepo.sms] Setting timestamp parameters: start=2025-09-16 14:48:00.0, end=2025-09-16 16:48:00.0
[2025-09-21 06:22:47.659] INFO  [MultiTableRepo.sms] No results found in table sms_shard_01.sms_20250916
[2025-09-21 06:22:47.660] INFO  [MultiTableRepo.sms] Executing SQL: SELECT * FROM sms_shard_01.sms_20250916 WHERE id = ? AND created_at >= ? AND created_at < ?
[2025-09-21 06:22:47.660] INFO  [MultiTableRepo.sms] Parameters: id=44b72e56-0ebd-477f-ae22-bb8861d17baa, startValue=2025-09-16T12:35:59, endValue=2025-09-16T12:36:01
[2025-09-21 06:22:47.661] INFO  [MultiTableRepo.sms] Setting timestamp parameters: start=2025-09-16 12:35:59.0, end=2025-09-16 12:36:01.0
[2025-09-21 06:22:47.661] INFO  [MultiTableRepo.sms] No results found in table sms_shard_01.sms_20250916
[2025-09-21 06:22:47.663] INFO  [MultiTableRepo.sms] Executing SQL: SELECT * FROM sms_shard_01.sms_20250921 WHERE id = ? AND created_at >= ? AND created_at < ?
[2025-09-21 06:22:47.663] INFO  [MultiTableRepo.sms] Parameters: id=3b507851-9611-4883-ab8b-88a9c0aed83e, startValue=2025-09-21T18:16:59, endValue=2025-09-21T18:17:01
[2025-09-21 06:22:47.663] INFO  [MultiTableRepo.sms] Setting timestamp parameters: start=2025-09-21 18:16:59.0, end=2025-09-21 18:17:01.0
[2025-09-21 06:22:47.664] INFO  [MultiTableRepo.sms] No results found in table sms_shard_01.sms_20250921
[2025-09-21 06:22:47.665] INFO  [MultiTableRepo.sms] Executing SQL: SELECT * FROM sms_shard_01.sms_20250916 WHERE id = ? AND created_at >= ? AND created_at < ?
[2025-09-21 06:22:47.665] INFO  [MultiTableRepo.sms] Parameters: id=4a871f29-73f4-4947-93d8-7833bdf75d9f, startValue=2025-09-16T09:20:59, endValue=2025-09-16T09:21:01
[2025-09-21 06:22:47.665] INFO  [MultiTableRepo.sms] Setting timestamp parameters: start=2025-09-16 09:20:59.0, end=2025-09-16 09:21:01.0
[2025-09-21 06:22:47.666] INFO  [MultiTableRepo.sms] No results found in table sms_shard_01.sms_20250916
[2025-09-21 06:22:47.667] INFO  [MultiTableRepo.sms] Executing SQL: SELECT * FROM sms_shard_01.sms_20250921 WHERE id = ? AND created_at >= ? AND created_at < ?
[2025-09-21 06:22:47.667] INFO  [MultiTableRepo.sms] Parameters: id=16723394-6009-4373-9804-2c3abefdacfd, startValue=2025-09-21T11:36, endValue=2025-09-21T13:36
[2025-09-21 06:22:47.667] INFO  [MultiTableRepo.sms] Setting timestamp parameters: start=2025-09-21 11:36:00.0, end=2025-09-21 13:36:00.0
[2025-09-21 06:22:47.668] INFO  [MultiTableRepo.sms] No results found in table sms_shard_01.sms_20250921
[2025-09-21 06:22:47.669] INFO  [MultiTableRepo.sms] Executing SQL: SELECT * FROM sms_shard_01.sms_20250921 WHERE id = ? AND created_at >= ? AND created_at < ?
[2025-09-21 06:22:47.669] INFO  [MultiTableRepo.sms] Parameters: id=b7ecbb25-0012-4727-8766-8079d7721e03, startValue=2025-09-21T22:59, endValue=2025-09-21T23:01
[2025-09-21 06:22:47.669] INFO  [MultiTableRepo.sms] Setting timestamp parameters: start=2025-09-21 22:59:00.0, end=2025-09-21 23:01:00.0
[2025-09-21 06:22:47.670] INFO  [MultiTableRepo.sms] No results found in table sms_shard_01.sms_20250921
[2025-09-21 06:22:47.670] INFO  [MultiTableRepo.sms] Executing SQL: SELECT * FROM sms_shard_01.sms_20250917 WHERE id = ? AND created_at >= ? AND created_at < ?
[2025-09-21 06:22:47.670] INFO  [MultiTableRepo.sms] Parameters: id=518ff66e-d798-458b-b348-3b58bd942106, startValue=2025-09-17T04:37, endValue=2025-09-17T04:39
[2025-09-21 06:22:47.671] INFO  [MultiTableRepo.sms] Setting timestamp parameters: start=2025-09-17 04:37:00.0, end=2025-09-17 04:39:00.0
[2025-09-21 06:22:47.671] INFO  [MultiTableRepo.sms] No results found in table sms_shard_01.sms_20250917
[2025-09-21 06:22:47.672] INFO  [MultiTableRepo.sms] Executing SQL: SELECT * FROM sms_shard_01.sms_20250917 WHERE id = ? AND created_at >= ? AND created_at < ?
[2025-09-21 06:22:47.672] INFO  [MultiTableRepo.sms] Parameters: id=4aec45b5-b390-4036-b351-d10d25649981, startValue=2025-09-17T04:07, endValue=2025-09-17T06:07
[2025-09-21 06:22:47.673] INFO  [MultiTableRepo.sms] Setting timestamp parameters: start=2025-09-17 04:07:00.0, end=2025-09-17 06:07:00.0
[2025-09-21 06:22:47.673] INFO  [MultiTableRepo.sms] No results found in table sms_shard_01.sms_20250917
[2025-09-21 06:22:47.674] INFO  [MultiTableRepo.sms] Executing SQL: SELECT * FROM sms_shard_01.sms_20250917 WHERE id = ? AND created_at >= ? AND created_at < ?
[2025-09-21 06:22:47.674] INFO  [MultiTableRepo.sms] Parameters: id=d2283bba-449e-43e1-90e6-b29e2b16a3fc, startValue=2025-09-17T22:42, endValue=2025-09-18T00:42
[2025-09-21 06:22:47.675] INFO  [MultiTableRepo.sms] Setting timestamp parameters: start=2025-09-17 22:42:00.0, end=2025-09-18 00:42:00.0
[2025-09-21 06:22:47.676] INFO  [MultiTableRepo.sms] No results found in table sms_shard_01.sms_20250917
[2025-09-21 06:22:47.677] INFO  [MultiTableRepo.sms] Executing SQL: SELECT * FROM sms_shard_01.sms_20250918 WHERE id = ? AND created_at >= ? AND created_at < ?
[2025-09-21 06:22:47.677] INFO  [MultiTableRepo.sms] Parameters: id=d2283bba-449e-43e1-90e6-b29e2b16a3fc, startValue=2025-09-17T22:42, endValue=2025-09-18T00:42
[2025-09-21 06:22:47.677] INFO  [MultiTableRepo.sms] Setting timestamp parameters: start=2025-09-17 22:42:00.0, end=2025-09-18 00:42:00.0
[2025-09-21 06:22:47.678] INFO  [MultiTableRepo.sms] No results found in table sms_shard_01.sms_20250918
[2025-09-21 06:22:47.679] INFO  [MultiTableRepo.sms] Executing SQL: SELECT * FROM sms_shard_01.sms_20250920 WHERE id = ? AND created_at >= ? AND created_at < ?
[2025-09-21 06:22:47.679] INFO  [MultiTableRepo.sms] Parameters: id=32b16c86-aa04-47a7-adad-6fe96b0e375d, startValue=2025-09-20T15:25, endValue=2025-09-20T15:27
[2025-09-21 06:22:47.680] INFO  [MultiTableRepo.sms] Setting timestamp parameters: start=2025-09-20 15:25:00.0, end=2025-09-20 15:27:00.0
[2025-09-21 06:22:47.680] INFO  [MultiTableRepo.sms] No results found in table sms_shard_01.sms_20250920
[2025-09-21 06:22:47.681] INFO  [MultiTableRepo.sms] Executing SQL: SELECT * FROM sms_shard_01.sms_20250919 WHERE id = ? AND created_at >= ? AND created_at < ?
[2025-09-21 06:22:47.681] INFO  [MultiTableRepo.sms] Parameters: id=9bbbc4dc-b47e-454b-93e5-1bbf555e5f4e, startValue=2025-09-19T08:38:59, endValue=2025-09-19T08:39:01
[2025-09-21 06:22:47.682] INFO  [MultiTableRepo.sms] Setting timestamp parameters: start=2025-09-19 08:38:59.0, end=2025-09-19 08:39:01.0
[2025-09-21 06:22:47.683] INFO  [MultiTableRepo.sms] No results found in table sms_shard_01.sms_20250919
[2025-09-21 06:22:47.686] INFO  [MultiTableRepo.sms] Executing SQL: SELECT * FROM sms_shard_01.sms_20250917 WHERE id = ? AND created_at >= ? AND created_at < ?
[2025-09-21 06:22:47.686] INFO  [MultiTableRepo.sms] Parameters: id=572a5638-d8c9-496f-9435-00f7f2dd8439, startValue=2025-09-17T12:47, endValue=2025-09-17T12:49
[2025-09-21 06:22:47.687] INFO  [MultiTableRepo.sms] Setting timestamp parameters: start=2025-09-17 12:47:00.0, end=2025-09-17 12:49:00.0
[2025-09-21 06:22:47.688] INFO  [MultiTableRepo.sms] No results found in table sms_shard_01.sms_20250917
[2025-09-21 06:22:47.689] INFO  [MultiTableRepo.sms] Executing SQL: SELECT * FROM sms_shard_01.sms_20250915 WHERE id = ? AND created_at >= ? AND created_at < ?
[2025-09-21 06:22:47.689] INFO  [MultiTableRepo.sms] Parameters: id=a11b4fed-33ac-4f73-8177-2ac281ab88ce, startValue=2025-09-15T08:08, endValue=2025-09-15T08:10
[2025-09-21 06:22:47.690] INFO  [MultiTableRepo.sms] Setting timestamp parameters: start=2025-09-15 08:08:00.0, end=2025-09-15 08:10:00.0
[2025-09-21 06:22:47.690] INFO  [MultiTableRepo.sms] No results found in table sms_shard_01.sms_20250915
[2025-09-21 06:22:47.693] INFO  [MultiTableRepo.sms] Executing SQL: SELECT * FROM sms_shard_01.sms_20250917 WHERE id = ? AND created_at >= ? AND created_at < ?
[2025-09-21 06:22:47.693] INFO  [MultiTableRepo.sms] Parameters: id=0723690a-9b57-4703-a6bc-78308f9b09f6, startValue=2025-09-17T09:15, endValue=2025-09-17T09:17
[2025-09-21 06:22:47.694] INFO  [MultiTableRepo.sms] Setting timestamp parameters: start=2025-09-17 09:15:00.0, end=2025-09-17 09:17:00.0
[2025-09-21 06:22:47.695] INFO  [MultiTableRepo.sms] No results found in table sms_shard_01.sms_20250917
[2025-09-21 06:22:47.696] INFO  [MultiTableRepo.sms] Executing SQL: SELECT * FROM sms_shard_01.sms_20250921 WHERE id = ? AND created_at >= ? AND created_at < ?
[2025-09-21 06:22:47.696] INFO  [MultiTableRepo.sms] Parameters: id=8279d68b-a2c9-48ae-9a0a-5819b77ff916, startValue=2025-09-21T01:34, endValue=2025-09-21T01:36
[2025-09-21 06:22:47.697] INFO  [MultiTableRepo.sms] Setting timestamp parameters: start=2025-09-21 01:34:00.0, end=2025-09-21 01:36:00.0
[2025-09-21 06:22:47.697] INFO  [MultiTableRepo.sms] No results found in table sms_shard_01.sms_20250921
[2025-09-21 06:22:47.698] INFO  [MultiTableRepo.sms] Executing SQL: SELECT * FROM sms_shard_01.sms_20250920 WHERE id = ? AND created_at >= ? AND created_at < ?
[2025-09-21 06:22:47.698] INFO  [MultiTableRepo.sms] Parameters: id=80d27267-3174-4455-aca4-9acf6c1140b8, startValue=2025-09-20T16:41, endValue=2025-09-20T18:41
[2025-09-21 06:22:47.699] INFO  [MultiTableRepo.sms] Setting timestamp parameters: start=2025-09-20 16:41:00.0, end=2025-09-20 18:41:00.0
[2025-09-21 06:22:47.700] INFO  [MultiTableRepo.sms] No results found in table sms_shard_01.sms_20250920
[2025-09-21 06:22:47.701] INFO  [MultiTableRepo.sms] Executing SQL: SELECT * FROM sms_shard_01.sms_20250915 WHERE id = ? AND created_at >= ? AND created_at < ?
[2025-09-21 06:22:47.701] INFO  [MultiTableRepo.sms] Parameters: id=a85c6d4c-314e-45fb-83eb-9ed04d426c91, startValue=2025-09-15T21:37:59, endValue=2025-09-15T21:38:01
[2025-09-21 06:22:47.702] INFO  [MultiTableRepo.sms] Setting timestamp parameters: start=2025-09-15 21:37:59.0, end=2025-09-15 21:38:01.0
[2025-09-21 06:22:47.702] INFO  [MultiTableRepo.sms] No results found in table sms_shard_01.sms_20250915
[2025-09-21 06:22:47.704] INFO  [MultiTableRepo.sms] Executing SQL: SELECT * FROM sms_shard_01.sms_20250919 WHERE id = ? AND created_at >= ? AND created_at < ?
[2025-09-21 06:22:47.704] INFO  [MultiTableRepo.sms] Parameters: id=de39a336-072a-4c03-9445-51e978e492fe, startValue=2025-09-19T23:22, endValue=2025-09-19T23:24
[2025-09-21 06:22:47.705] INFO  [MultiTableRepo.sms] Setting timestamp parameters: start=2025-09-19 23:22:00.0, end=2025-09-19 23:24:00.0
[2025-09-21 06:22:47.705] INFO  [MultiTableRepo.sms] No results found in table sms_shard_01.sms_20250919
[2025-09-21 06:22:47.706] INFO  [MultiTableRepo.sms] Executing SQL: SELECT * FROM sms_shard_01.sms_20250919 WHERE id = ? AND created_at >= ? AND created_at < ?
[2025-09-21 06:22:47.706] INFO  [MultiTableRepo.sms] Parameters: id=d5b12743-4116-4009-9365-72b266cca232, startValue=2025-09-19T15:49, endValue=2025-09-19T15:51
[2025-09-21 06:22:47.707] INFO  [MultiTableRepo.sms] Setting timestamp parameters: start=2025-09-19 15:49:00.0, end=2025-09-19 15:51:00.0
[2025-09-21 06:22:47.707] INFO  [MultiTableRepo.sms] No results found in table sms_shard_01.sms_20250919
[2025-09-21 06:22:47.708] INFO  [MultiTableRepo.sms] Executing SQL: SELECT * FROM sms_shard_01.sms_20250921 WHERE id = ? AND created_at >= ? AND created_at < ?
[2025-09-21 06:22:47.708] INFO  [MultiTableRepo.sms] Parameters: id=b0c6da06-78ab-4827-8e5e-83b15eb958d3, startValue=2025-09-21T20:28, endValue=2025-09-21T22:28
[2025-09-21 06:22:47.709] INFO  [MultiTableRepo.sms] Setting timestamp parameters: start=2025-09-21 20:28:00.0, end=2025-09-21 22:28:00.0
[2025-09-21 06:22:47.709] INFO  [MultiTableRepo.sms] No results found in table sms_shard_01.sms_20250921
[2025-09-21 06:22:47.710] INFO  [MultiTableRepo.sms] Executing SQL: SELECT * FROM sms_shard_01.sms_20250917 WHERE id = ? AND created_at >= ? AND created_at < ?
[2025-09-21 06:22:47.710] INFO  [MultiTableRepo.sms] Parameters: id=1f0b47be-d62e-4aa1-bc12-7c2241cc7b1b, startValue=2025-09-17T16:55, endValue=2025-09-17T18:55
[2025-09-21 06:22:47.711] INFO  [MultiTableRepo.sms] Setting timestamp parameters: start=2025-09-17 16:55:00.0, end=2025-09-17 18:55:00.0
[2025-09-21 06:22:47.711] INFO  [MultiTableRepo.sms] No results found in table sms_shard_01.sms_20250917
[2025-09-21 06:22:47.712] INFO  [MultiTableRepo.sms] Executing SQL: SELECT * FROM sms_shard_01.sms_20250917 WHERE id = ? AND created_at >= ? AND created_at < ?
[2025-09-21 06:22:47.713] INFO  [MultiTableRepo.sms] Parameters: id=96024109-7d66-4803-ab12-2d863c25990e, startValue=2025-09-17T19:02, endValue=2025-09-17T21:02
[2025-09-21 06:22:47.713] INFO  [MultiTableRepo.sms] Setting timestamp parameters: start=2025-09-17 19:02:00.0, end=2025-09-17 21:02:00.0
[2025-09-21 06:22:47.714] INFO  [MultiTableRepo.sms] No results found in table sms_shard_01.sms_20250917
[2025-09-21 06:22:47.715] INFO  [MultiTableRepo.sms] Executing SQL: SELECT * FROM sms_shard_01.sms_20250915 WHERE id = ? AND created_at >= ? AND created_at < ?
[2025-09-21 06:22:47.715] INFO  [MultiTableRepo.sms] Parameters: id=603f0691-49b5-4a83-bbb2-898bae9c7ab6, startValue=2025-09-15T03:57, endValue=2025-09-15T05:57
[2025-09-21 06:22:47.716] INFO  [MultiTableRepo.sms] Setting timestamp parameters: start=2025-09-15 03:57:00.0, end=2025-09-15 05:57:00.0
[2025-09-21 06:22:47.716] INFO  [MultiTableRepo.sms] No results found in table sms_shard_01.sms_20250915
[2025-09-21 06:22:47.717] INFO  [MultiTableRepo.sms] Executing SQL: SELECT * FROM sms_shard_01.sms_20250915 WHERE id = ? AND created_at >= ? AND created_at < ?
[2025-09-21 06:22:47.717] INFO  [MultiTableRepo.sms] Parameters: id=de3abe07-e8a7-4201-8593-f651fa421b06, startValue=2025-09-15T07:57, endValue=2025-09-15T09:57
[2025-09-21 06:22:47.718] INFO  [MultiTableRepo.sms] Setting timestamp parameters: start=2025-09-15 07:57:00.0, end=2025-09-15 09:57:00.0
[2025-09-21 06:22:47.718] INFO  [MultiTableRepo.sms] No results found in table sms_shard_01.sms_20250915
[2025-09-21 06:22:47.719] INFO  [MultiTableRepo.sms] Executing SQL: SELECT * FROM sms_shard_01.sms_20250915 WHERE id = ? AND created_at >= ? AND created_at < ?
[2025-09-21 06:22:47.719] INFO  [MultiTableRepo.sms] Parameters: id=1c11f92a-28b7-43fd-b067-42fd5ed9fabe, startValue=2025-09-15T00:02, endValue=2025-09-15T00:04
[2025-09-21 06:22:47.720] INFO  [MultiTableRepo.sms] Setting timestamp parameters: start=2025-09-15 00:02:00.0, end=2025-09-15 00:04:00.0
[2025-09-21 06:22:47.720] INFO  [MultiTableRepo.sms] No results found in table sms_shard_01.sms_20250915
[2025-09-21 06:22:47.721] INFO  [MultiTableRepo.sms] Executing SQL: SELECT * FROM sms_shard_01.sms_20250919 WHERE id = ? AND created_at >= ? AND created_at < ?
[2025-09-21 06:22:47.721] INFO  [MultiTableRepo.sms] Parameters: id=7dcce70c-2a30-4e34-9a36-35b99bf4743a, startValue=2025-09-19T12:18:59, endValue=2025-09-19T12:19:01
[2025-09-21 06:22:47.722] INFO  [MultiTableRepo.sms] Setting timestamp parameters: start=2025-09-19 12:18:59.0, end=2025-09-19 12:19:01.0
[2025-09-21 06:22:47.723] INFO  [MultiTableRepo.sms] No results found in table sms_shard_01.sms_20250919
[2025-09-21 06:22:47.724] INFO  [MultiTableRepo.sms] Executing SQL: SELECT * FROM sms_shard_01.sms_20250919 WHERE id = ? AND created_at >= ? AND created_at < ?
[2025-09-21 06:22:47.724] INFO  [MultiTableRepo.sms] Parameters: id=a421dcfd-e9ae-49fb-9847-034d9a0f300e, startValue=2025-09-19T23:09, endValue=2025-09-19T23:11
[2025-09-21 06:22:47.725] INFO  [MultiTableRepo.sms] Setting timestamp parameters: start=2025-09-19 23:09:00.0, end=2025-09-19 23:11:00.0
[2025-09-21 06:22:47.725] INFO  [MultiTableRepo.sms] No results found in table sms_shard_01.sms_20250919
[2025-09-21 06:22:47.726] INFO  [MultiTableRepo.sms] Executing SQL: SELECT * FROM sms_shard_01.sms_20250915 WHERE id = ? AND created_at >= ? AND created_at < ?
[2025-09-21 06:22:47.726] INFO  [MultiTableRepo.sms] Parameters: id=e16d710c-8502-457f-9f00-feb0f73b73b1, startValue=2025-09-15T03:42, endValue=2025-09-15T05:42
[2025-09-21 06:22:47.727] INFO  [MultiTableRepo.sms] Setting timestamp parameters: start=2025-09-15 03:42:00.0, end=2025-09-15 05:42:00.0
[2025-09-21 06:22:47.727] INFO  [MultiTableRepo.sms] No results found in table sms_shard_01.sms_20250915
[2025-09-21 06:22:47.728] INFO  [MultiTableRepo.sms] Executing SQL: SELECT * FROM sms_shard_01.sms_20250916 WHERE id = ? AND created_at >= ? AND created_at < ?
[2025-09-21 06:22:47.728] INFO  [MultiTableRepo.sms] Parameters: id=daabe9ae-a694-4645-8be8-0b3bf4f07fb3, startValue=2025-09-16T21:01, endValue=2025-09-16T23:01
[2025-09-21 06:22:47.729] INFO  [MultiTableRepo.sms] Setting timestamp parameters: start=2025-09-16 21:01:00.0, end=2025-09-16 23:01:00.0
[2025-09-21 06:22:47.730] INFO  [MultiTableRepo.sms] No results found in table sms_shard_01.sms_20250916
[2025-09-21 06:22:47.731] INFO  [MultiTableRepo.sms] Executing SQL: SELECT * FROM sms_shard_01.sms_20250920 WHERE id = ? AND created_at >= ? AND created_at < ?
[2025-09-21 06:22:47.731] INFO  [MultiTableRepo.sms] Parameters: id=3651b294-2169-402b-8c82-80f9faf27a56, startValue=2025-09-20T15:14, endValue=2025-09-20T15:16
[2025-09-21 06:22:47.732] INFO  [MultiTableRepo.sms] Setting timestamp parameters: start=2025-09-20 15:14:00.0, end=2025-09-20 15:16:00.0
[2025-09-21 06:22:47.733] INFO  [MultiTableRepo.sms] No results found in table sms_shard_01.sms_20250920
[2025-09-21 06:22:47.734] INFO  [MultiTableRepo.sms] Executing SQL: SELECT * FROM sms_shard_01.sms_20250915 WHERE id = ? AND created_at >= ? AND created_at < ?
[2025-09-21 06:22:47.734] INFO  [MultiTableRepo.sms] Parameters: id=3a433815-b76b-4303-bbb1-1f30723e6855, startValue=2025-09-15T01:17:59, endValue=2025-09-15T01:18:01
[2025-09-21 06:22:47.735] INFO  [MultiTableRepo.sms] Setting timestamp parameters: start=2025-09-15 01:17:59.0, end=2025-09-15 01:18:01.0
[2025-09-21 06:22:47.735] INFO  [MultiTableRepo.sms] No results found in table sms_shard_01.sms_20250915
[2025-09-21 06:22:47.738] INFO  [MultiTableRepo.sms] Executing SQL: SELECT * FROM sms_shard_01.sms_20250917 WHERE id = ? AND created_at >= ? AND created_at < ?
[2025-09-21 06:22:47.738] INFO  [MultiTableRepo.sms] Parameters: id=9d1f9762-bdd2-4513-acee-db1c8c2c7cf6, startValue=2025-09-17T10:38:59, endValue=2025-09-17T10:39:01
[2025-09-21 06:22:47.742] INFO  [MultiTableRepo.sms] Setting timestamp parameters: start=2025-09-17 10:38:59.0, end=2025-09-17 10:39:01.0
[2025-09-21 06:22:47.743] INFO  [MultiTableRepo.sms] No results found in table sms_shard_01.sms_20250917
[2025-09-21 06:22:47.746] INFO  [MultiTableRepo.sms] Executing SQL: SELECT * FROM sms_shard_01.sms_20250916 WHERE id = ? AND created_at >= ? AND created_at < ?
[2025-09-21 06:22:47.746] INFO  [MultiTableRepo.sms] Parameters: id=e00160b5-abaf-4a76-92be-f2bc95e1379d, startValue=2025-09-16T03:12:59, endValue=2025-09-16T03:13:01
[2025-09-21 06:22:47.747] INFO  [MultiTableRepo.sms] Setting timestamp parameters: start=2025-09-16 03:12:59.0, end=2025-09-16 03:13:01.0
[2025-09-21 06:22:47.748] INFO  [MultiTableRepo.sms] No results found in table sms_shard_01.sms_20250916
[2025-09-21 06:22:47.749] INFO  [MultiTableRepo.sms] Executing SQL: SELECT * FROM sms_shard_01.sms_20250917 WHERE id = ? AND created_at >= ? AND created_at < ?
[2025-09-21 06:22:47.749] INFO  [MultiTableRepo.sms] Parameters: id=da62039f-4f47-414e-b2f2-4233e3f2e1dd, startValue=2025-09-17T09:49:59, endValue=2025-09-17T09:50:01
[2025-09-21 06:22:47.758] INFO  [MultiTableRepo.sms] Setting timestamp parameters: start=2025-09-17 09:49:59.0, end=2025-09-17 09:50:01.0
[2025-09-21 06:22:47.758] INFO  [MultiTableRepo.sms] No results found in table sms_shard_01.sms_20250917
[2025-09-21 06:22:47.762] INFO  [MultiTableRepo.sms] Executing SQL: SELECT * FROM sms_shard_01.sms_20250919 WHERE id = ? AND created_at >= ? AND created_at < ?
[2025-09-21 06:22:47.762] INFO  [MultiTableRepo.sms] Parameters: id=386717b8-0619-4c0b-921c-a9374dee6a0b, startValue=2025-09-19T03:20, endValue=2025-09-19T03:22
[2025-09-21 06:22:47.763] INFO  [MultiTableRepo.sms] Setting timestamp parameters: start=2025-09-19 03:20:00.0, end=2025-09-19 03:22:00.0
[2025-09-21 06:22:47.764] INFO  [MultiTableRepo.sms] No results found in table sms_shard_01.sms_20250919
[2025-09-21 06:22:47.768] INFO  [MultiTableRepo.sms] Executing SQL: SELECT * FROM sms_shard_01.sms_20250921 WHERE id = ? AND created_at >= ? AND created_at < ?
[2025-09-21 06:22:47.768] INFO  [MultiTableRepo.sms] Parameters: id=9c81d948-6118-4f68-9d8b-0d2cbe18fa73, startValue=2025-09-21T08:32, endValue=2025-09-21T10:32
[2025-09-21 06:22:47.770] INFO  [MultiTableRepo.sms] Setting timestamp parameters: start=2025-09-21 08:32:00.0, end=2025-09-21 10:32:00.0
[2025-09-21 06:22:47.770] INFO  [MultiTableRepo.sms] No results found in table sms_shard_01.sms_20250921
[2025-09-21 06:22:47.772] INFO  [MultiTableRepo.sms] Executing SQL: SELECT * FROM sms_shard_01.sms_20250918 WHERE id = ? AND created_at >= ? AND created_at < ?
[2025-09-21 06:22:47.772] INFO  [MultiTableRepo.sms] Parameters: id=219db266-596a-4395-8b03-2a964179e4ca, startValue=2025-09-18T21:58, endValue=2025-09-18T23:58
[2025-09-21 06:22:47.775] INFO  [MultiTableRepo.sms] Setting timestamp parameters: start=2025-09-18 21:58:00.0, end=2025-09-18 23:58:00.0
[2025-09-21 06:22:47.775] INFO  [MultiTableRepo.sms] No results found in table sms_shard_01.sms_20250918
[2025-09-21 06:22:47.777] INFO  [MultiTableRepo.sms] Executing SQL: SELECT * FROM sms_shard_01.sms_20250915 WHERE id = ? AND created_at >= ? AND created_at < ?
[2025-09-21 06:22:47.777] INFO  [MultiTableRepo.sms] Parameters: id=1c228631-88db-43ce-a1b9-6f5ae6b0215a, startValue=2025-09-15T15:49:59, endValue=2025-09-15T15:50:01
[2025-09-21 06:22:47.780] INFO  [MultiTableRepo.sms] Setting timestamp parameters: start=2025-09-15 15:49:59.0, end=2025-09-15 15:50:01.0
[2025-09-21 06:22:47.780] INFO  [MultiTableRepo.sms] No results found in table sms_shard_01.sms_20250915
[2025-09-21 06:22:47.784] INFO  [MultiTableRepo.sms] Executing SQL: SELECT * FROM sms_shard_01.sms_20250918 WHERE id = ? AND created_at >= ? AND created_at < ?
[2025-09-21 06:22:47.784] INFO  [MultiTableRepo.sms] Parameters: id=b63ad6f0-6fd6-475c-b31e-ee9d5cbed79b, startValue=2025-09-18T14:08:59, endValue=2025-09-18T14:09:01
[2025-09-21 06:22:47.785] INFO  [MultiTableRepo.sms] Setting timestamp parameters: start=2025-09-18 14:08:59.0, end=2025-09-18 14:09:01.0
[2025-09-21 06:22:47.786] INFO  [MultiTableRepo.sms] No results found in table sms_shard_01.sms_20250918
[2025-09-21 06:22:47.798] INFO  [MultiTableRepo.sms] Executing SQL: SELECT * FROM sms_shard_01.sms_20250917 WHERE id = ? AND created_at >= ? AND created_at < ?
[2025-09-21 06:22:47.798] INFO  [MultiTableRepo.sms] Parameters: id=d372e6fa-857e-4c88-b82a-dbe0b81a1f56, startValue=2025-09-17T21:45, endValue=2025-09-17T23:45
[2025-09-21 06:22:47.800] INFO  [MultiTableRepo.sms] Setting timestamp parameters: start=2025-09-17 21:45:00.0, end=2025-09-17 23:45:00.0
[2025-09-21 06:22:47.801] INFO  [MultiTableRepo.sms] No results found in table sms_shard_01.sms_20250917
[2025-09-21 06:22:47.805] INFO  [MultiTableRepo.sms] Executing SQL: SELECT * FROM sms_shard_01.sms_20250915 WHERE id = ? AND created_at >= ? AND created_at < ?
[2025-09-21 06:22:47.805] INFO  [MultiTableRepo.sms] Parameters: id=014847a9-7ee4-4080-a306-f7dfbb9cf868, startValue=2025-09-15T16:20:59, endValue=2025-09-15T16:21:01
[2025-09-21 06:22:47.808] INFO  [MultiTableRepo.sms] Setting timestamp parameters: start=2025-09-15 16:20:59.0, end=2025-09-15 16:21:01.0
[2025-09-21 06:22:47.809] INFO  [MultiTableRepo.sms] No results found in table sms_shard_01.sms_20250915
[2025-09-21 06:22:47.810] INFO  [MultiTableRepo.sms] Executing SQL: SELECT * FROM sms_shard_01.sms_20250916 WHERE id = ? AND created_at >= ? AND created_at < ?
[2025-09-21 06:22:47.810] INFO  [MultiTableRepo.sms] Parameters: id=1e5997c9-1ddc-41a9-bc1e-fdf3f5d3c0c5, startValue=2025-09-16T19:49:59, endValue=2025-09-16T19:50:01
[2025-09-21 06:22:47.811] INFO  [MultiTableRepo.sms] Setting timestamp parameters: start=2025-09-16 19:49:59.0, end=2025-09-16 19:50:01.0
[2025-09-21 06:22:47.812] INFO  [MultiTableRepo.sms] No results found in table sms_shard_01.sms_20250916
[2025-09-21 06:22:47.814] INFO  [MultiTableRepo.sms] Executing SQL: SELECT * FROM sms_shard_01.sms_20250921 WHERE id = ? AND created_at >= ? AND created_at < ?
[2025-09-21 06:22:47.814] INFO  [MultiTableRepo.sms] Parameters: id=7017f035-e0c9-4eff-86f4-1d8e327f1f93, startValue=2025-09-21T11:39:59, endValue=2025-09-21T11:40:01
[2025-09-21 06:22:47.815] INFO  [MultiTableRepo.sms] Setting timestamp parameters: start=2025-09-21 11:39:59.0, end=2025-09-21 11:40:01.0
[2025-09-21 06:22:47.815] INFO  [MultiTableRepo.sms] No results found in table sms_shard_01.sms_20250921
[2025-09-21 06:22:47.816] INFO  [MultiTableRepo.sms] Executing SQL: SELECT * FROM sms_shard_01.sms_20250916 WHERE id = ? AND created_at >= ? AND created_at < ?
[2025-09-21 06:22:47.816] INFO  [MultiTableRepo.sms] Parameters: id=35ba2086-1c60-4b01-85fe-e4ae54dc0e5c, startValue=2025-09-16T08:21, endValue=2025-09-16T08:23
[2025-09-21 06:22:47.818] INFO  [MultiTableRepo.sms] Setting timestamp parameters: start=2025-09-16 08:21:00.0, end=2025-09-16 08:23:00.0
[2025-09-21 06:22:47.819] INFO  [MultiTableRepo.sms] No results found in table sms_shard_01.sms_20250916
[2025-09-21 06:22:47.823] INFO  [MultiTableRepo.sms] Executing SQL: SELECT * FROM sms_shard_01.sms_20250920 WHERE id = ? AND created_at >= ? AND created_at < ?
[2025-09-21 06:22:47.823] INFO  [MultiTableRepo.sms] Parameters: id=2d4f5374-d850-40d8-a59b-9b9eb3265eb4, startValue=2025-09-20T00:30, endValue=2025-09-20T02:30
[2025-09-21 06:22:47.827] INFO  [MultiTableRepo.sms] Setting timestamp parameters: start=2025-09-20 00:30:00.0, end=2025-09-20 02:30:00.0
[2025-09-21 06:22:47.832] INFO  [MultiTableRepo.sms] No results found in table sms_shard_01.sms_20250920
[2025-09-21 06:22:47.840] INFO  [MultiTableRepo.sms] Executing SQL: SELECT * FROM sms_shard_01.sms_20250915 WHERE id = ? AND created_at >= ? AND created_at < ?
[2025-09-21 06:22:47.840] INFO  [MultiTableRepo.sms] Parameters: id=786310ee-ff20-4972-90f2-7f7c8255f465, startValue=2025-09-15T06:18:59, endValue=2025-09-15T06:19:01
[2025-09-21 06:22:47.841] INFO  [MultiTableRepo.sms] Setting timestamp parameters: start=2025-09-15 06:18:59.0, end=2025-09-15 06:19:01.0
[2025-09-21 06:22:47.842] INFO  [MultiTableRepo.sms] No results found in table sms_shard_01.sms_20250915
[2025-09-21 06:22:47.843] INFO  [MultiTableRepo.sms] Executing SQL: SELECT * FROM sms_shard_01.sms_20250919 WHERE id = ? AND created_at >= ? AND created_at < ?
[2025-09-21 06:22:47.843] INFO  [MultiTableRepo.sms] Parameters: id=d18a11f7-ec1f-4c10-8f50-da5adabb594a, startValue=2025-09-19T01:47, endValue=2025-09-19T03:47
[2025-09-21 06:22:47.844] INFO  [MultiTableRepo.sms] Setting timestamp parameters: start=2025-09-19 01:47:00.0, end=2025-09-19 03:47:00.0
[2025-09-21 06:22:47.844] INFO  [MultiTableRepo.sms] No results found in table sms_shard_01.sms_20250919
[2025-09-21 06:22:47.846] INFO  [MultiTableRepo.sms] Executing SQL: SELECT * FROM sms_shard_01.sms_20250915 WHERE id = ? AND created_at >= ? AND created_at < ?
[2025-09-21 06:22:47.846] INFO  [MultiTableRepo.sms] Parameters: id=3e342100-b185-40d4-9a88-6ed0fcc4f722, startValue=2025-09-15T01:31, endValue=2025-09-15T01:33
[2025-09-21 06:22:47.849] INFO  [MultiTableRepo.sms] Setting timestamp parameters: start=2025-09-15 01:31:00.0, end=2025-09-15 01:33:00.0
[2025-09-21 06:22:47.849] INFO  [MultiTableRepo.sms] No results found in table sms_shard_01.sms_20250915
[2025-09-21 06:22:47.850] INFO  [MultiTableRepo.sms] Executing SQL: SELECT * FROM sms_shard_01.sms_20250919 WHERE id = ? AND created_at >= ? AND created_at < ?
[2025-09-21 06:22:47.850] INFO  [MultiTableRepo.sms] Parameters: id=3eb7933b-fb12-4ed9-ac1a-3003103b6347, startValue=2025-09-19T14:53:59, endValue=2025-09-19T14:54:01
[2025-09-21 06:22:47.853] INFO  [MultiTableRepo.sms] Setting timestamp parameters: start=2025-09-19 14:53:59.0, end=2025-09-19 14:54:01.0
[2025-09-21 06:22:47.854] INFO  [MultiTableRepo.sms] No results found in table sms_shard_01.sms_20250919
[2025-09-21 06:22:47.855] INFO  [MultiTableRepo.sms] Executing SQL: SELECT * FROM sms_shard_01.sms_20250917 WHERE id = ? AND created_at >= ? AND created_at < ?
[2025-09-21 06:22:47.855] INFO  [MultiTableRepo.sms] Parameters: id=e6603a8d-82d1-424e-9b74-fc3dfdefdd1c, startValue=2025-09-17T07:06, endValue=2025-09-17T07:08
[2025-09-21 06:22:47.856] INFO  [MultiTableRepo.sms] Setting timestamp parameters: start=2025-09-17 07:06:00.0, end=2025-09-17 07:08:00.0
[2025-09-21 06:22:47.856] INFO  [MultiTableRepo.sms] No results found in table sms_shard_01.sms_20250917
[2025-09-21 06:22:47.857] INFO  [MultiTableRepo.sms] Executing SQL: SELECT * FROM sms_shard_01.sms_20250918 WHERE id = ? AND created_at >= ? AND created_at < ?
[2025-09-21 06:22:47.857] INFO  [MultiTableRepo.sms] Parameters: id=5fafac31-4351-4b8b-83c9-661180206db1, startValue=2025-09-18T19:32:59, endValue=2025-09-18T19:33:01
[2025-09-21 06:22:47.858] INFO  [MultiTableRepo.sms] Setting timestamp parameters: start=2025-09-18 19:32:59.0, end=2025-09-18 19:33:01.0
[2025-09-21 06:22:47.859] INFO  [MultiTableRepo.sms] No results found in table sms_shard_01.sms_20250918
[2025-09-21 06:22:47.860] INFO  [MultiTableRepo.sms] Executing SQL: SELECT * FROM sms_shard_01.sms_20250918 WHERE id = ? AND created_at >= ? AND created_at < ?
[2025-09-21 06:22:47.860] INFO  [MultiTableRepo.sms] Parameters: id=28469c29-3e60-41ec-b427-ae6d758478da, startValue=2025-09-18T09:45, endValue=2025-09-18T11:45
[2025-09-21 06:22:47.861] INFO  [MultiTableRepo.sms] Setting timestamp parameters: start=2025-09-18 09:45:00.0, end=2025-09-18 11:45:00.0
[2025-09-21 06:22:47.861] INFO  [MultiTableRepo.sms] No results found in table sms_shard_01.sms_20250918
[2025-09-21 06:22:47.863] INFO  [MultiTableRepo.sms] Executing SQL: SELECT * FROM sms_shard_01.sms_20250915 WHERE id = ? AND created_at >= ? AND created_at < ?
[2025-09-21 06:22:47.863] INFO  [MultiTableRepo.sms] Parameters: id=662d8b3c-36de-4d36-a328-992ee4b8fb3f, startValue=2025-09-15T03:25:59, endValue=2025-09-15T03:26:01
[2025-09-21 06:22:47.864] INFO  [MultiTableRepo.sms] Setting timestamp parameters: start=2025-09-15 03:25:59.0, end=2025-09-15 03:26:01.0
[2025-09-21 06:22:47.865] INFO  [MultiTableRepo.sms] No results found in table sms_shard_01.sms_20250915
[2025-09-21 06:22:47.866] INFO  [MultiTableRepo.sms] Executing SQL: SELECT * FROM sms_shard_01.sms_20250917 WHERE id = ? AND created_at >= ? AND created_at < ?
[2025-09-21 06:22:47.866] INFO  [MultiTableRepo.sms] Parameters: id=a60febf5-b23a-40df-8c82-e2d261c6005d, startValue=2025-09-17T04:49, endValue=2025-09-17T06:49
[2025-09-21 06:22:47.868] INFO  [MultiTableRepo.sms] Setting timestamp parameters: start=2025-09-17 04:49:00.0, end=2025-09-17 06:49:00.0
[2025-09-21 06:22:47.868] INFO  [MultiTableRepo.sms] No results found in table sms_shard_01.sms_20250917
[2025-09-21 06:22:47.871] INFO  [MultiTableRepo.sms] Executing SQL: SELECT * FROM sms_shard_01.sms_20250915 WHERE id = ? AND created_at >= ? AND created_at < ?
[2025-09-21 06:22:47.871] INFO  [MultiTableRepo.sms] Parameters: id=f730b5d8-094a-44d4-a4b7-9d71e4c45a16, startValue=2025-09-15T21:57, endValue=2025-09-15T23:57
[2025-09-21 06:22:47.873] INFO  [MultiTableRepo.sms] Setting timestamp parameters: start=2025-09-15 21:57:00.0, end=2025-09-15 23:57:00.0
[2025-09-21 06:22:47.873] INFO  [MultiTableRepo.sms] No results found in table sms_shard_01.sms_20250915
[2025-09-21 06:22:47.874] INFO  [MultiTableRepo.sms] Executing SQL: SELECT * FROM sms_shard_01.sms_20250921 WHERE id = ? AND created_at >= ? AND created_at < ?
[2025-09-21 06:22:47.874] INFO  [MultiTableRepo.sms] Parameters: id=cc9a7c97-0e6a-4018-8d87-2b5f2a59cf41, startValue=2025-09-21T02:17:59, endValue=2025-09-21T02:18:01
[2025-09-21 06:22:47.875] INFO  [MultiTableRepo.sms] Setting timestamp parameters: start=2025-09-21 02:17:59.0, end=2025-09-21 02:18:01.0
[2025-09-21 06:22:47.876] INFO  [MultiTableRepo.sms] No results found in table sms_shard_01.sms_20250921
[2025-09-21 06:22:47.877] INFO  [MultiTableRepo.sms] Executing SQL: SELECT * FROM sms_shard_01.sms_20250918 WHERE id = ? AND created_at >= ? AND created_at < ?
[2025-09-21 06:22:47.877] INFO  [MultiTableRepo.sms] Parameters: id=a1f5a341-ea92-4985-9e3f-1bb8979db3dc, startValue=2025-09-18T08:38, endValue=2025-09-18T08:40
[2025-09-21 06:22:47.878] INFO  [MultiTableRepo.sms] Setting timestamp parameters: start=2025-09-18 08:38:00.0, end=2025-09-18 08:40:00.0
[2025-09-21 06:22:47.878] INFO  [MultiTableRepo.sms] No results found in table sms_shard_01.sms_20250918
[2025-09-21 06:22:47.880] INFO  [MultiTableRepo.sms] Executing SQL: SELECT * FROM sms_shard_01.sms_20250917 WHERE id = ? AND created_at >= ? AND created_at < ?
[2025-09-21 06:22:47.880] INFO  [MultiTableRepo.sms] Parameters: id=67969ea5-1db4-4661-83e6-149eb4539502, startValue=2025-09-17T08:18, endValue=2025-09-17T10:18
[2025-09-21 06:22:47.884] INFO  [MultiTableRepo.sms] Setting timestamp parameters: start=2025-09-17 08:18:00.0, end=2025-09-17 10:18:00.0
[2025-09-21 06:22:47.885] INFO  [MultiTableRepo.sms] No results found in table sms_shard_01.sms_20250917
[2025-09-21 06:22:47.886] INFO  [MultiTableRepo.sms] Executing SQL: SELECT * FROM sms_shard_01.sms_20250915 WHERE id = ? AND created_at >= ? AND created_at < ?
[2025-09-21 06:22:47.886] INFO  [MultiTableRepo.sms] Parameters: id=85d37e75-8476-4226-b238-8745def2f265, startValue=2025-09-15T14:44:59, endValue=2025-09-15T14:45:01
[2025-09-21 06:22:47.887] INFO  [MultiTableRepo.sms] Setting timestamp parameters: start=2025-09-15 14:44:59.0, end=2025-09-15 14:45:01.0
[2025-09-21 06:22:47.887] INFO  [MultiTableRepo.sms] No results found in table sms_shard_01.sms_20250915
[2025-09-21 06:22:47.888] INFO  [MultiTableRepo.sms] Executing SQL: SELECT * FROM sms_shard_01.sms_20250919 WHERE id = ? AND created_at >= ? AND created_at < ?
[2025-09-21 06:22:47.888] INFO  [MultiTableRepo.sms] Parameters: id=271d6f04-77c5-4602-9ad6-cfac4eb4953e, startValue=2025-09-19T06:03:59, endValue=2025-09-19T06:04:01
[2025-09-21 06:22:47.889] INFO  [MultiTableRepo.sms] Setting timestamp parameters: start=2025-09-19 06:03:59.0, end=2025-09-19 06:04:01.0
[2025-09-21 06:22:47.889] INFO  [MultiTableRepo.sms] No results found in table sms_shard_01.sms_20250919
[2025-09-21 06:22:47.891] INFO  [MultiTableRepo.sms] Executing SQL: SELECT * FROM sms_shard_01.sms_20250916 WHERE id = ? AND created_at >= ? AND created_at < ?
[2025-09-21 06:22:47.891] INFO  [MultiTableRepo.sms] Parameters: id=fafcf2dd-f20d-476a-92fa-ccd37286ce88, startValue=2025-09-16T03:13, endValue=2025-09-16T03:15
[2025-09-21 06:22:47.891] INFO  [MultiTableRepo.sms] Setting timestamp parameters: start=2025-09-16 03:13:00.0, end=2025-09-16 03:15:00.0
[2025-09-21 06:22:47.892] INFO  [MultiTableRepo.sms] No results found in table sms_shard_01.sms_20250916
[2025-09-21 06:22:47.893] INFO  [MultiTableRepo.sms] Executing SQL: SELECT * FROM sms_shard_01.sms_20250920 WHERE id = ? AND created_at >= ? AND created_at < ?
[2025-09-21 06:22:47.893] INFO  [MultiTableRepo.sms] Parameters: id=60b1675a-d3e6-4c10-885d-ec33253d2e27, startValue=2025-09-20T12:48:59, endValue=2025-09-20T12:49:01
[2025-09-21 06:22:47.893] INFO  [MultiTableRepo.sms] Setting timestamp parameters: start=2025-09-20 12:48:59.0, end=2025-09-20 12:49:01.0
[2025-09-21 06:22:47.894] INFO  [MultiTableRepo.sms] No results found in table sms_shard_01.sms_20250920
[2025-09-21 06:22:47.895] INFO  [MultiTableRepo.sms] Executing SQL: SELECT * FROM sms_shard_01.sms_20250920 WHERE id = ? AND created_at >= ? AND created_at < ?
[2025-09-21 06:22:47.895] INFO  [MultiTableRepo.sms] Parameters: id=893a265d-0045-4d1f-a4b5-7ed9bc8e89b2, startValue=2025-09-20T20:46, endValue=2025-09-20T20:48
[2025-09-21 06:22:47.896] INFO  [MultiTableRepo.sms] Setting timestamp parameters: start=2025-09-20 20:46:00.0, end=2025-09-20 20:48:00.0
[2025-09-21 06:22:47.896] INFO  [MultiTableRepo.sms] No results found in table sms_shard_01.sms_20250920
[2025-09-21 06:22:47.897] INFO  [MultiTableRepo.sms] Executing SQL: SELECT * FROM sms_shard_01.sms_20250918 WHERE id = ? AND created_at >= ? AND created_at < ?
[2025-09-21 06:22:47.897] INFO  [MultiTableRepo.sms] Parameters: id=c3afd4bc-8ea3-4195-a9ba-be7069d6a1b3, startValue=2025-09-18T20:46, endValue=2025-09-18T22:46
[2025-09-21 06:22:47.898] INFO  [MultiTableRepo.sms] Setting timestamp parameters: start=2025-09-18 20:46:00.0, end=2025-09-18 22:46:00.0
[2025-09-21 06:22:47.898] INFO  [MultiTableRepo.sms] No results found in table sms_shard_01.sms_20250918
[2025-09-21 06:22:47.899] INFO  [MultiTableRepo.sms] Executing SQL: SELECT * FROM sms_shard_01.sms_20250916 WHERE id = ? AND created_at >= ? AND created_at < ?
[2025-09-21 06:22:47.899] INFO  [MultiTableRepo.sms] Parameters: id=ac5995f0-5524-4ba7-8c28-110205095d27, startValue=2025-09-16T22:31:59, endValue=2025-09-16T22:32:01
[2025-09-21 06:22:47.900] INFO  [MultiTableRepo.sms] Setting timestamp parameters: start=2025-09-16 22:31:59.0, end=2025-09-16 22:32:01.0
[2025-09-21 06:22:47.900] INFO  [MultiTableRepo.sms] No results found in table sms_shard_01.sms_20250916
[2025-09-21 06:22:47.904] INFO  [MultiTableRepo.sms] Executing SQL: SELECT * FROM sms_shard_01.sms_20250919 WHERE id = ? AND created_at >= ? AND created_at < ?
[2025-09-21 06:22:47.904] INFO  [MultiTableRepo.sms] Parameters: id=3ad3bd46-d799-4a69-8c3f-0fe9fd98a6f9, startValue=2025-09-19T01:50, endValue=2025-09-19T01:52
[2025-09-21 06:22:47.905] INFO  [MultiTableRepo.sms] Setting timestamp parameters: start=2025-09-19 01:50:00.0, end=2025-09-19 01:52:00.0
[2025-09-21 06:22:47.905] INFO  [MultiTableRepo.sms] No results found in table sms_shard_01.sms_20250919
[2025-09-21 06:22:47.906] INFO  [MultiTableRepo.sms] Executing SQL: SELECT * FROM sms_shard_01.sms_20250920 WHERE id = ? AND created_at >= ? AND created_at < ?
[2025-09-21 06:22:47.906] INFO  [MultiTableRepo.sms] Parameters: id=ba475d48-b601-4724-9f67-3029757adabd, startValue=2025-09-20T00:54:59, endValue=2025-09-20T00:55:01
[2025-09-21 06:22:47.907] INFO  [MultiTableRepo.sms] Setting timestamp parameters: start=2025-09-20 00:54:59.0, end=2025-09-20 00:55:01.0
[2025-09-21 06:22:47.907] INFO  [MultiTableRepo.sms] No results found in table sms_shard_01.sms_20250920
[2025-09-21 06:22:47.908] INFO  [MultiTableRepo.sms] Executing SQL: SELECT * FROM sms_shard_01.sms_20250915 WHERE id = ? AND created_at >= ? AND created_at < ?
[2025-09-21 06:22:47.908] INFO  [MultiTableRepo.sms] Parameters: id=4444f33a-e6ae-408c-a6e8-e6990a648924, startValue=2025-09-15T10:33, endValue=2025-09-15T12:33
[2025-09-21 06:22:47.909] INFO  [MultiTableRepo.sms] Setting timestamp parameters: start=2025-09-15 10:33:00.0, end=2025-09-15 12:33:00.0
[2025-09-21 06:22:47.910] INFO  [MultiTableRepo.sms] No results found in table sms_shard_01.sms_20250915
[2025-09-21 06:22:47.911] INFO  [MultiTableRepo.sms] Executing SQL: SELECT * FROM sms_shard_01.sms_20250920 WHERE id = ? AND created_at >= ? AND created_at < ?
[2025-09-21 06:22:47.911] INFO  [MultiTableRepo.sms] Parameters: id=4467c213-afb7-4bd3-946a-994287cd76e5, startValue=2025-09-20T16:10, endValue=2025-09-20T16:12
[2025-09-21 06:22:47.912] INFO  [MultiTableRepo.sms] Setting timestamp parameters: start=2025-09-20 16:10:00.0, end=2025-09-20 16:12:00.0
[2025-09-21 06:22:47.912] INFO  [MultiTableRepo.sms] No results found in table sms_shard_01.sms_20250920
[2025-09-21 06:22:47.913] INFO  [MultiTableRepo.sms] Executing SQL: SELECT * FROM sms_shard_01.sms_20250916 WHERE id = ? AND created_at >= ? AND created_at < ?
[2025-09-21 06:22:47.913] INFO  [MultiTableRepo.sms] Parameters: id=c6dcf372-255d-418f-b299-1d9239289457, startValue=2025-09-16T19:08, endValue=2025-09-16T19:10
[2025-09-21 06:22:47.914] INFO  [MultiTableRepo.sms] Setting timestamp parameters: start=2025-09-16 19:08:00.0, end=2025-09-16 19:10:00.0
[2025-09-21 06:22:47.914] INFO  [MultiTableRepo.sms] No results found in table sms_shard_01.sms_20250916
[2025-09-21 06:22:47.915] INFO  [MultiTableRepo.sms] Executing SQL: SELECT * FROM sms_shard_01.sms_20250919 WHERE id = ? AND created_at >= ? AND created_at < ?
[2025-09-21 06:22:47.915] INFO  [MultiTableRepo.sms] Parameters: id=44128bd4-1c94-42cd-892a-12afa26ff900, startValue=2025-09-19T05:04:59, endValue=2025-09-19T05:05:01
[2025-09-21 06:22:47.916] INFO  [MultiTableRepo.sms] Setting timestamp parameters: start=2025-09-19 05:04:59.0, end=2025-09-19 05:05:01.0
[2025-09-21 06:22:47.916] INFO  [MultiTableRepo.sms] No results found in table sms_shard_01.sms_20250919
[2025-09-21 06:22:47.917] INFO  [MultiTableRepo.sms] Executing SQL: SELECT * FROM sms_shard_01.sms_20250918 WHERE id = ? AND created_at >= ? AND created_at < ?
[2025-09-21 06:22:47.917] INFO  [MultiTableRepo.sms] Parameters: id=8f14644f-c089-4814-9ee9-bd060d357ff4, startValue=2025-09-18T21:53, endValue=2025-09-18T23:53
[2025-09-21 06:22:47.918] INFO  [MultiTableRepo.sms] Setting timestamp parameters: start=2025-09-18 21:53:00.0, end=2025-09-18 23:53:00.0
[2025-09-21 06:22:47.918] INFO  [MultiTableRepo.sms] No results found in table sms_shard_01.sms_20250918
[2025-09-21 06:22:47.920] INFO  [MultiTableRepo.sms] Executing SQL: SELECT * FROM sms_shard_01.sms_20250920 WHERE id = ? AND created_at >= ? AND created_at < ?
[2025-09-21 06:22:47.920] INFO  [MultiTableRepo.sms] Parameters: id=96dc2653-bf32-4166-b351-37444be82278, startValue=2025-09-20T09:30:59, endValue=2025-09-20T09:31:01
[2025-09-21 06:22:47.923] INFO  [MultiTableRepo.sms] Setting timestamp parameters: start=2025-09-20 09:30:59.0, end=2025-09-20 09:31:01.0
[2025-09-21 06:22:47.923] INFO  [MultiTableRepo.sms] No results found in table sms_shard_01.sms_20250920
[2025-09-21 06:22:47.924] INFO  [MultiTableRepo.sms] Executing SQL: SELECT * FROM sms_shard_01.sms_20250921 WHERE id = ? AND created_at >= ? AND created_at < ?
[2025-09-21 06:22:47.924] INFO  [MultiTableRepo.sms] Parameters: id=99c64196-3936-4316-89dd-b25a3fb23b63, startValue=2025-09-21T16:16:59, endValue=2025-09-21T16:17:01
[2025-09-21 06:22:47.925] INFO  [MultiTableRepo.sms] Setting timestamp parameters: start=2025-09-21 16:16:59.0, end=2025-09-21 16:17:01.0
[2025-09-21 06:22:47.926] INFO  [MultiTableRepo.sms] No results found in table sms_shard_01.sms_20250921
[2025-09-21 06:22:47.927] INFO  [MultiTableRepo.sms] Executing SQL: SELECT * FROM sms_shard_01.sms_20250915 WHERE id = ? AND created_at >= ? AND created_at < ?
[2025-09-21 06:22:47.927] INFO  [MultiTableRepo.sms] Parameters: id=9c4cb96b-e28c-4f90-bb9c-5dca73fea6eb, startValue=2025-09-15T09:32, endValue=2025-09-15T11:32
[2025-09-21 06:22:47.927] INFO  [MultiTableRepo.sms] Setting timestamp parameters: start=2025-09-15 09:32:00.0, end=2025-09-15 11:32:00.0
[2025-09-21 06:22:47.928] INFO  [MultiTableRepo.sms] No results found in table sms_shard_01.sms_20250915
[2025-09-21 06:22:47.929] INFO  [MultiTableRepo.sms] Executing SQL: SELECT * FROM sms_shard_01.sms_20250920 WHERE id = ? AND created_at >= ? AND created_at < ?
[2025-09-21 06:22:47.929] INFO  [MultiTableRepo.sms] Parameters: id=73b2f0fa-f30e-4b59-b3b6-a3372b14d09d, startValue=2025-09-20T01:47:59, endValue=2025-09-20T01:48:01
[2025-09-21 06:22:47.929] INFO  [MultiTableRepo.sms] Setting timestamp parameters: start=2025-09-20 01:47:59.0, end=2025-09-20 01:48:01.0
[2025-09-21 06:22:47.930] INFO  [MultiTableRepo.sms] No results found in table sms_shard_01.sms_20250920
[2025-09-21 06:22:47.931] INFO  [MultiTableRepo.sms] Executing SQL: SELECT * FROM sms_shard_01.sms_20250915 WHERE id = ? AND created_at >= ? AND created_at < ?
[2025-09-21 06:22:47.931] INFO  [MultiTableRepo.sms] Parameters: id=0fd7cfbc-a14b-4488-8f94-2f5f26e8928f, startValue=2025-09-15T23:54:59, endValue=2025-09-15T23:55:01
[2025-09-21 06:22:47.932] INFO  [MultiTableRepo.sms] Setting timestamp parameters: start=2025-09-15 23:54:59.0, end=2025-09-15 23:55:01.0
[2025-09-21 06:22:47.933] INFO  [MultiTableRepo.sms] No results found in table sms_shard_01.sms_20250915
[2025-09-21 06:22:47.934] INFO  [MultiTableRepo.sms] Executing SQL: SELECT * FROM sms_shard_01.sms_20250915 WHERE id = ? AND created_at >= ? AND created_at < ?
[2025-09-21 06:22:47.934] INFO  [MultiTableRepo.sms] Parameters: id=11fb4dd1-4f49-4991-8b42-d0626b051fb7, startValue=2025-09-15T17:18:59, endValue=2025-09-15T17:19:01
[2025-09-21 06:22:47.935] INFO  [MultiTableRepo.sms] Setting timestamp parameters: start=2025-09-15 17:18:59.0, end=2025-09-15 17:19:01.0
[2025-09-21 06:22:47.935] INFO  [MultiTableRepo.sms] No results found in table sms_shard_01.sms_20250915
[2025-09-21 06:22:47.937] INFO  [MultiTableRepo.sms] Executing SQL: SELECT * FROM sms_shard_01.sms_20250918 WHERE id = ? AND created_at >= ? AND created_at < ?
[2025-09-21 06:22:47.937] INFO  [MultiTableRepo.sms] Parameters: id=f8f50964-399f-49cc-9ec4-d87f537468a9, startValue=2025-09-18T20:29, endValue=2025-09-18T20:31
[2025-09-21 06:22:47.938] INFO  [MultiTableRepo.sms] Setting timestamp parameters: start=2025-09-18 20:29:00.0, end=2025-09-18 20:31:00.0
[2025-09-21 06:22:47.938] INFO  [MultiTableRepo.sms] No results found in table sms_shard_01.sms_20250918
[2025-09-21 06:22:47.939] INFO  [MultiTableRepo.sms] Executing SQL: SELECT * FROM sms_shard_01.sms_20250915 WHERE id = ? AND created_at >= ? AND created_at < ?
[2025-09-21 06:22:47.939] INFO  [MultiTableRepo.sms] Parameters: id=2fa81449-ffd4-4a75-9d69-d263da27af5e, startValue=2025-09-15T16:39, endValue=2025-09-15T16:41
[2025-09-21 06:22:47.940] INFO  [MultiTableRepo.sms] Setting timestamp parameters: start=2025-09-15 16:39:00.0, end=2025-09-15 16:41:00.0
[2025-09-21 06:22:47.941] INFO  [MultiTableRepo.sms] No results found in table sms_shard_01.sms_20250915
[2025-09-21 06:22:47.942] INFO  [MultiTableRepo.sms] Executing SQL: SELECT * FROM sms_shard_01.sms_20250915 WHERE id = ? AND created_at >= ? AND created_at < ?
[2025-09-21 06:22:47.942] INFO  [MultiTableRepo.sms] Parameters: id=6009b76b-d751-4b1e-b762-311de18a53a9, startValue=2025-09-15T21:34:59, endValue=2025-09-15T21:35:01
[2025-09-21 06:22:47.943] INFO  [MultiTableRepo.sms] Setting timestamp parameters: start=2025-09-15 21:34:59.0, end=2025-09-15 21:35:01.0
[2025-09-21 06:22:47.943] INFO  [MultiTableRepo.sms] No results found in table sms_shard_01.sms_20250915
[2025-09-21 06:22:47.947] INFO  [MultiTableRepo.sms] Executing SQL: SELECT * FROM sms_shard_01.sms_20250917 WHERE id = ? AND created_at >= ? AND created_at < ?
[2025-09-21 06:22:47.947] INFO  [MultiTableRepo.sms] Parameters: id=b8274378-3086-466b-b699-34d48fb4dc7c, startValue=2025-09-17T07:14, endValue=2025-09-17T07:16
[2025-09-21 06:22:47.948] INFO  [MultiTableRepo.sms] Setting timestamp parameters: start=2025-09-17 07:14:00.0, end=2025-09-17 07:16:00.0
[2025-09-21 06:22:47.948] INFO  [MultiTableRepo.sms] No results found in table sms_shard_01.sms_20250917
[2025-09-21 06:22:47.950] INFO  [MultiTableRepo.sms] Executing SQL: SELECT * FROM sms_shard_01.sms_20250915 WHERE id = ? AND created_at >= ? AND created_at < ?
[2025-09-21 06:22:47.950] INFO  [MultiTableRepo.sms] Parameters: id=84ce134f-1503-4b3e-8ada-ec61bbfce249, startValue=2025-09-15T04:58, endValue=2025-09-15T06:58
[2025-09-21 06:22:47.951] INFO  [MultiTableRepo.sms] Setting timestamp parameters: start=2025-09-15 04:58:00.0, end=2025-09-15 06:58:00.0
[2025-09-21 06:22:47.952] INFO  [MultiTableRepo.sms] No results found in table sms_shard_01.sms_20250915
[2025-09-21 06:22:47.955] INFO  [MultiTableRepo.sms] Executing SQL: SELECT * FROM sms_shard_01.sms_20250918 WHERE id = ? AND created_at >= ? AND created_at < ?
[2025-09-21 06:22:47.955] INFO  [MultiTableRepo.sms] Parameters: id=cea2a689-fb1e-4546-b660-ff191cc05ba8, startValue=2025-09-18T09:03, endValue=2025-09-18T11:03
[2025-09-21 06:22:47.956] INFO  [MultiTableRepo.sms] Setting timestamp parameters: start=2025-09-18 09:03:00.0, end=2025-09-18 11:03:00.0
[2025-09-21 06:22:47.956] INFO  [MultiTableRepo.sms] No results found in table sms_shard_01.sms_20250918
[2025-09-21 06:22:47.958] INFO  [MultiTableRepo.sms] Executing SQL: SELECT * FROM sms_shard_01.sms_20250916 WHERE id = ? AND created_at >= ? AND created_at < ?
[2025-09-21 06:22:47.958] INFO  [MultiTableRepo.sms] Parameters: id=c740c71e-c9ff-4166-8042-4effed99e569, startValue=2025-09-16T01:37, endValue=2025-09-16T01:39
[2025-09-21 06:22:47.960] INFO  [MultiTableRepo.sms] Setting timestamp parameters: start=2025-09-16 01:37:00.0, end=2025-09-16 01:39:00.0
[2025-09-21 06:22:47.961] INFO  [MultiTableRepo.sms] No results found in table sms_shard_01.sms_20250916
[2025-09-21 06:22:47.963] INFO  [MultiTableRepo.sms] Executing SQL: SELECT * FROM sms_shard_01.sms_20250920 WHERE id = ? AND created_at >= ? AND created_at < ?
[2025-09-21 06:22:47.963] INFO  [MultiTableRepo.sms] Parameters: id=8b761d79-f68e-4f99-85a0-9e09e04d2899, startValue=2025-09-20T21:36:59, endValue=2025-09-20T21:37:01
[2025-09-21 06:22:47.966] INFO  [MultiTableRepo.sms] Setting timestamp parameters: start=2025-09-20 21:36:59.0, end=2025-09-20 21:37:01.0
[2025-09-21 06:22:47.966] INFO  [MultiTableRepo.sms] No results found in table sms_shard_01.sms_20250920
[2025-09-21 06:22:47.968] INFO  [MultiTableRepo.sms] Executing SQL: SELECT * FROM sms_shard_01.sms_20250918 WHERE id = ? AND created_at >= ? AND created_at < ?
[2025-09-21 06:22:47.968] INFO  [MultiTableRepo.sms] Parameters: id=6d6b055b-56b0-4ddf-bce7-7863b0dfcef7, startValue=2025-09-18T15:27, endValue=2025-09-18T17:27
[2025-09-21 06:22:47.969] INFO  [MultiTableRepo.sms] Setting timestamp parameters: start=2025-09-18 15:27:00.0, end=2025-09-18 17:27:00.0
[2025-09-21 06:22:47.969] INFO  [MultiTableRepo.sms] No results found in table sms_shard_01.sms_20250918
[2025-09-21 06:22:47.970] INFO  [MultiTableRepo.sms] Executing SQL: SELECT * FROM sms_shard_01.sms_20250918 WHERE id = ? AND created_at >= ? AND created_at < ?
[2025-09-21 06:22:47.970] INFO  [MultiTableRepo.sms] Parameters: id=b765b855-1061-41e5-a0c6-a7d249e53bcd, startValue=2025-09-18T09:17:59, endValue=2025-09-18T09:18:01
[2025-09-21 06:22:47.971] INFO  [MultiTableRepo.sms] Setting timestamp parameters: start=2025-09-18 09:17:59.0, end=2025-09-18 09:18:01.0
[2025-09-21 06:22:47.971] INFO  [MultiTableRepo.sms] No results found in table sms_shard_01.sms_20250918
[2025-09-21 06:22:47.973] INFO  [MultiTableRepo.sms] Executing SQL: SELECT * FROM sms_shard_01.sms_20250919 WHERE id = ? AND created_at >= ? AND created_at < ?
[2025-09-21 06:22:47.973] INFO  [MultiTableRepo.sms] Parameters: id=968503ef-eed2-4de5-95a7-a9666e61e0d9, startValue=2025-09-19T04:58:59, endValue=2025-09-19T04:59:01
[2025-09-21 06:22:47.973] INFO  [MultiTableRepo.sms] Setting timestamp parameters: start=2025-09-19 04:58:59.0, end=2025-09-19 04:59:01.0
[2025-09-21 06:22:47.974] INFO  [MultiTableRepo.sms] No results found in table sms_shard_01.sms_20250919
[2025-09-21 06:22:47.975] INFO  [MultiTableRepo.sms] Executing SQL: SELECT * FROM sms_shard_01.sms_20250916 WHERE id = ? AND created_at >= ? AND created_at < ?
[2025-09-21 06:22:47.975] INFO  [MultiTableRepo.sms] Parameters: id=1dab7cf4-4f1e-4d88-ae09-9675015a1a60, startValue=2025-09-16T00:17, endValue=2025-09-16T00:19
[2025-09-21 06:22:47.976] INFO  [MultiTableRepo.sms] Setting timestamp parameters: start=2025-09-16 00:17:00.0, end=2025-09-16 00:19:00.0
[2025-09-21 06:22:47.976] INFO  [MultiTableRepo.sms] No results found in table sms_shard_01.sms_20250916
[2025-09-21 06:22:47.977] INFO  [MultiTableRepo.sms] Executing SQL: SELECT * FROM sms_shard_01.sms_20250918 WHERE id = ? AND created_at >= ? AND created_at < ?
[2025-09-21 06:22:47.977] INFO  [MultiTableRepo.sms] Parameters: id=4ac93773-a8d1-46bc-8455-01b911af9f84, startValue=2025-09-18T15:15, endValue=2025-09-18T15:17
[2025-09-21 06:22:47.978] INFO  [MultiTableRepo.sms] Setting timestamp parameters: start=2025-09-18 15:15:00.0, end=2025-09-18 15:17:00.0
[2025-09-21 06:22:47.980] INFO  [MultiTableRepo.sms] No results found in table sms_shard_01.sms_20250918
[2025-09-21 06:22:47.981] INFO  [MultiTableRepo.sms] Executing SQL: SELECT * FROM sms_shard_01.sms_20250916 WHERE id = ? AND created_at >= ? AND created_at < ?
[2025-09-21 06:22:47.981] INFO  [MultiTableRepo.sms] Parameters: id=31be87a5-f525-4ec6-8a51-72ddacd2f99c, startValue=2025-09-16T10:37:59, endValue=2025-09-16T10:38:01
[2025-09-21 06:22:47.985] INFO  [MultiTableRepo.sms] Setting timestamp parameters: start=2025-09-16 10:37:59.0, end=2025-09-16 10:38:01.0
[2025-09-21 06:22:47.985] INFO  [MultiTableRepo.sms] No results found in table sms_shard_01.sms_20250916
[2025-09-21 06:22:47.989] INFO  [MultiTableRepo.sms] Executing SQL: SELECT * FROM sms_shard_01.sms_20250920 WHERE id = ? AND created_at >= ? AND created_at < ?
[2025-09-21 06:22:47.989] INFO  [MultiTableRepo.sms] Parameters: id=7230c05b-c067-4e5e-8c85-e4a4d9d11f50, startValue=2025-09-20T05:24, endValue=2025-09-20T05:26
[2025-09-21 06:22:47.990] INFO  [MultiTableRepo.sms] Setting timestamp parameters: start=2025-09-20 05:24:00.0, end=2025-09-20 05:26:00.0
[2025-09-21 06:22:47.990] INFO  [MultiTableRepo.sms] No results found in table sms_shard_01.sms_20250920
[2025-09-21 06:22:47.992] INFO  [MultiTableRepo.sms] Executing SQL: SELECT * FROM sms_shard_01.sms_20250915 WHERE id = ? AND created_at >= ? AND created_at < ?
[2025-09-21 06:22:47.992] INFO  [MultiTableRepo.sms] Parameters: id=f2879003-27dd-47a8-99d9-5af692cca662, startValue=2025-09-15T14:33, endValue=2025-09-15T16:33
[2025-09-21 06:22:47.993] INFO  [MultiTableRepo.sms] Setting timestamp parameters: start=2025-09-15 14:33:00.0, end=2025-09-15 16:33:00.0
[2025-09-21 06:22:47.993] INFO  [MultiTableRepo.sms] No results found in table sms_shard_01.sms_20250915
[2025-09-21 06:22:47.995] INFO  [MultiTableRepo.sms] Executing SQL: SELECT * FROM sms_shard_01.sms_20250915 WHERE id = ? AND created_at >= ? AND created_at < ?
[2025-09-21 06:22:47.995] INFO  [MultiTableRepo.sms] Parameters: id=ff075ac5-4aec-4229-8585-bc1a6ec18ce4, startValue=2025-09-15T15:13, endValue=2025-09-15T17:13
[2025-09-21 06:22:47.996] INFO  [MultiTableRepo.sms] Setting timestamp parameters: start=2025-09-15 15:13:00.0, end=2025-09-15 17:13:00.0
[2025-09-21 06:22:47.997] INFO  [MultiTableRepo.sms] No results found in table sms_shard_01.sms_20250915
[2025-09-21 06:22:48.002] INFO  [MultiTableRepo.sms] Executing SQL: SELECT * FROM sms_shard_01.sms_20250918 WHERE id = ? AND created_at >= ? AND created_at < ?
[2025-09-21 06:22:48.002] INFO  [MultiTableRepo.sms] Parameters: id=d0951077-4fae-4f78-a623-4267c3022fb9, startValue=2025-09-18T07:18:59, endValue=2025-09-18T07:19:01
[2025-09-21 06:22:48.003] INFO  [MultiTableRepo.sms] Setting timestamp parameters: start=2025-09-18 07:18:59.0, end=2025-09-18 07:19:01.0
[2025-09-21 06:22:48.003] INFO  [MultiTableRepo.sms] No results found in table sms_shard_01.sms_20250918
[2025-09-21 06:22:48.005] INFO  [MultiTableRepo.sms] Executing SQL: SELECT * FROM sms_shard_01.sms_20250919 WHERE id = ? AND created_at >= ? AND created_at < ?
[2025-09-21 06:22:48.005] INFO  [MultiTableRepo.sms] Parameters: id=a1e05285-7257-465d-a911-b736c4e2b146, startValue=2025-09-19T17:50:59, endValue=2025-09-19T17:51:01
[2025-09-21 06:22:48.006] INFO  [MultiTableRepo.sms] Setting timestamp parameters: start=2025-09-19 17:50:59.0, end=2025-09-19 17:51:01.0
[2025-09-21 06:22:48.007] INFO  [MultiTableRepo.sms] No results found in table sms_shard_01.sms_20250919
[2025-09-21 06:22:48.008] INFO  [MultiTableRepo.sms] Executing SQL: SELECT * FROM sms_shard_01.sms_20250918 WHERE id = ? AND created_at >= ? AND created_at < ?
[2025-09-21 06:22:48.008] INFO  [MultiTableRepo.sms] Parameters: id=4aef52d1-3789-4bc6-9b1e-0c3c0d8c259b, startValue=2025-09-18T04:37:59, endValue=2025-09-18T04:38:01
[2025-09-21 06:22:48.009] INFO  [MultiTableRepo.sms] Setting timestamp parameters: start=2025-09-18 04:37:59.0, end=2025-09-18 04:38:01.0
[2025-09-21 06:22:48.009] INFO  [MultiTableRepo.sms] No results found in table sms_shard_01.sms_20250918
[2025-09-21 06:22:48.014] INFO  [MultiTableRepo.sms] Executing SQL: SELECT * FROM sms_shard_01.sms_20250916 WHERE id = ? AND created_at >= ? AND created_at < ?
[2025-09-21 06:22:48.014] INFO  [MultiTableRepo.sms] Parameters: id=e242eebb-96b2-4ac1-912e-52f734bfb03b, startValue=2025-09-16T01:12, endValue=2025-09-16T03:12
[2025-09-21 06:22:48.015] INFO  [MultiTableRepo.sms] Setting timestamp parameters: start=2025-09-16 01:12:00.0, end=2025-09-16 03:12:00.0
[2025-09-21 06:22:48.015] INFO  [MultiTableRepo.sms] No results found in table sms_shard_01.sms_20250916
[2025-09-21 06:22:48.019] INFO  [MultiTableRepo.sms] Executing SQL: SELECT * FROM sms_shard_01.sms_20250915 WHERE id = ? AND created_at >= ? AND created_at < ?
[2025-09-21 06:22:48.019] INFO  [MultiTableRepo.sms] Parameters: id=314a3590-358e-4a5e-91fd-38ff3930c5d9, startValue=2025-09-15T16:52:59, endValue=2025-09-15T16:53:01
[2025-09-21 06:22:48.020] INFO  [MultiTableRepo.sms] Setting timestamp parameters: start=2025-09-15 16:52:59.0, end=2025-09-15 16:53:01.0
[2025-09-21 06:22:48.020] INFO  [MultiTableRepo.sms] No results found in table sms_shard_01.sms_20250915
[2025-09-21 06:22:48.022] INFO  [MultiTableRepo.sms] Executing SQL: SELECT * FROM sms_shard_01.sms_20250919 WHERE id = ? AND created_at >= ? AND created_at < ?
[2025-09-21 06:22:48.022] INFO  [MultiTableRepo.sms] Parameters: id=7bffc5a3-c947-4e78-af15-43dc7d7dc9bf, startValue=2025-09-19T15:32, endValue=2025-09-19T15:34
[2025-09-21 06:22:48.023] INFO  [MultiTableRepo.sms] Setting timestamp parameters: start=2025-09-19 15:32:00.0, end=2025-09-19 15:34:00.0
[2025-09-21 06:22:48.023] INFO  [MultiTableRepo.sms] No results found in table sms_shard_01.sms_20250919
[2025-09-21 06:22:48.024] INFO  [MultiTableRepo.sms] Executing SQL: SELECT * FROM sms_shard_01.sms_20250915 WHERE id = ? AND created_at >= ? AND created_at < ?
[2025-09-21 06:22:48.024] INFO  [MultiTableRepo.sms] Parameters: id=7ba85c20-9e2e-477c-ab12-e68263e34afe, startValue=2025-09-15T18:37:59, endValue=2025-09-15T18:38:01
[2025-09-21 06:22:48.025] INFO  [MultiTableRepo.sms] Setting timestamp parameters: start=2025-09-15 18:37:59.0, end=2025-09-15 18:38:01.0
[2025-09-21 06:22:48.025] INFO  [MultiTableRepo.sms] No results found in table sms_shard_01.sms_20250915
[2025-09-21 06:22:48.027] INFO  [MultiTableRepo.sms] Executing SQL: SELECT * FROM sms_shard_01.sms_20250919 WHERE id = ? AND created_at >= ? AND created_at < ?
[2025-09-21 06:22:48.027] INFO  [MultiTableRepo.sms] Parameters: id=76f9645d-6edf-4a0d-b7c4-1f907c62de53, startValue=2025-09-19T01:59, endValue=2025-09-19T03:59
[2025-09-21 06:22:48.028] INFO  [MultiTableRepo.sms] Setting timestamp parameters: start=2025-09-19 01:59:00.0, end=2025-09-19 03:59:00.0
[2025-09-21 06:22:48.028] INFO  [MultiTableRepo.sms] No results found in table sms_shard_01.sms_20250919
[2025-09-21 06:22:48.030] INFO  [MultiTableRepo.sms] Executing SQL: SELECT * FROM sms_shard_01.sms_20250915 WHERE id = ? AND created_at >= ? AND created_at < ?
[2025-09-21 06:22:48.030] INFO  [MultiTableRepo.sms] Parameters: id=2921e41c-2dee-4cbe-868e-57faaad5b60f, startValue=2025-09-15T01:17, endValue=2025-09-15T03:17
[2025-09-21 06:22:48.031] INFO  [MultiTableRepo.sms] Setting timestamp parameters: start=2025-09-15 01:17:00.0, end=2025-09-15 03:17:00.0
[2025-09-21 06:22:48.031] INFO  [MultiTableRepo.sms] No results found in table sms_shard_01.sms_20250915
[2025-09-21 06:22:48.032] INFO  [MultiTableRepo.sms] Executing SQL: SELECT * FROM sms_shard_01.sms_20250920 WHERE id = ? AND created_at >= ? AND created_at < ?
[2025-09-21 06:22:48.032] INFO  [MultiTableRepo.sms] Parameters: id=7dced87b-3cbb-41c3-ad8b-513d0d90e53f, startValue=2025-09-20T15:55:59, endValue=2025-09-20T15:56:01
[2025-09-21 06:22:48.033] INFO  [MultiTableRepo.sms] Setting timestamp parameters: start=2025-09-20 15:55:59.0, end=2025-09-20 15:56:01.0
[2025-09-21 06:22:48.034] INFO  [MultiTableRepo.sms] No results found in table sms_shard_01.sms_20250920
[2025-09-21 06:22:48.035] INFO  [MultiTableRepo.sms] Executing SQL: SELECT * FROM sms_shard_01.sms_20250915 WHERE id = ? AND created_at >= ? AND created_at < ?
[2025-09-21 06:22:48.035] INFO  [MultiTableRepo.sms] Parameters: id=4659ab20-cb58-496b-b330-a43884a7bcbe, startValue=2025-09-15T16:19:59, endValue=2025-09-15T16:20:01
[2025-09-21 06:22:48.036] INFO  [MultiTableRepo.sms] Setting timestamp parameters: start=2025-09-15 16:19:59.0, end=2025-09-15 16:20:01.0
[2025-09-21 06:22:48.036] INFO  [MultiTableRepo.sms] No results found in table sms_shard_01.sms_20250915
[2025-09-21 06:22:48.038] INFO  [MultiTableRepo.sms] Executing SQL: SELECT * FROM sms_shard_01.sms_20250915 WHERE id = ? AND created_at >= ? AND created_at < ?
[2025-09-21 06:22:48.038] INFO  [MultiTableRepo.sms] Parameters: id=4abf487b-b80c-4d88-886f-dd322096ed71, startValue=2025-09-15T16:55, endValue=2025-09-15T16:57
[2025-09-21 06:22:48.039] INFO  [MultiTableRepo.sms] Setting timestamp parameters: start=2025-09-15 16:55:00.0, end=2025-09-15 16:57:00.0
[2025-09-21 06:22:48.039] INFO  [MultiTableRepo.sms] No results found in table sms_shard_01.sms_20250915
[2025-09-21 06:22:48.041] INFO  [MultiTableRepo.sms] Executing SQL: SELECT * FROM sms_shard_01.sms_20250915 WHERE id = ? AND created_at >= ? AND created_at < ?
[2025-09-21 06:22:48.041] INFO  [MultiTableRepo.sms] Parameters: id=491512f7-d09a-4c23-9a79-92a370e6bd16, startValue=2025-09-15T04:20:59, endValue=2025-09-15T04:21:01
[2025-09-21 06:22:48.043] INFO  [MultiTableRepo.sms] Setting timestamp parameters: start=2025-09-15 04:20:59.0, end=2025-09-15 04:21:01.0
[2025-09-21 06:22:48.044] INFO  [MultiTableRepo.sms] No results found in table sms_shard_01.sms_20250915
[2025-09-21 06:22:48.045] INFO  [MultiTableRepo.sms] Executing SQL: SELECT * FROM sms_shard_01.sms_20250920 WHERE id = ? AND created_at >= ? AND created_at < ?
[2025-09-21 06:22:48.045] INFO  [MultiTableRepo.sms] Parameters: id=5fd74ad1-6d1b-4020-b7cf-0dbb74cce476, startValue=2025-09-20T12:22, endValue=2025-09-20T12:24
[2025-09-21 06:22:48.047] INFO  [MultiTableRepo.sms] Setting timestamp parameters: start=2025-09-20 12:22:00.0, end=2025-09-20 12:24:00.0
[2025-09-21 06:22:48.047] INFO  [MultiTableRepo.sms] No results found in table sms_shard_01.sms_20250920
[2025-09-21 06:22:48.048] INFO  [MultiTableRepo.sms] Executing SQL: SELECT * FROM sms_shard_01.sms_20250920 WHERE id = ? AND created_at >= ? AND created_at < ?
[2025-09-21 06:22:48.048] INFO  [MultiTableRepo.sms] Parameters: id=a7391034-052c-4d94-a637-6086f7c1c8f5, startValue=2025-09-20T05:03:59, endValue=2025-09-20T05:04:01
[2025-09-21 06:22:48.049] INFO  [MultiTableRepo.sms] Setting timestamp parameters: start=2025-09-20 05:03:59.0, end=2025-09-20 05:04:01.0
[2025-09-21 06:22:48.049] INFO  [MultiTableRepo.sms] No results found in table sms_shard_01.sms_20250920
[2025-09-21 06:22:48.050] INFO  [MultiTableRepo.sms] Executing SQL: SELECT * FROM sms_shard_01.sms_20250920 WHERE id = ? AND created_at >= ? AND created_at < ?
[2025-09-21 06:22:48.050] INFO  [MultiTableRepo.sms] Parameters: id=444ead75-5fa0-474b-8d9e-c2929bf07691, startValue=2025-09-20T22:07, endValue=2025-09-21T00:07
[2025-09-21 06:22:48.052] INFO  [MultiTableRepo.sms] Setting timestamp parameters: start=2025-09-20 22:07:00.0, end=2025-09-21 00:07:00.0
[2025-09-21 06:22:48.052] INFO  [MultiTableRepo.sms] No results found in table sms_shard_01.sms_20250920
[2025-09-21 06:22:48.053] INFO  [MultiTableRepo.sms] Executing SQL: SELECT * FROM sms_shard_01.sms_20250921 WHERE id = ? AND created_at >= ? AND created_at < ?
[2025-09-21 06:22:48.053] INFO  [MultiTableRepo.sms] Parameters: id=444ead75-5fa0-474b-8d9e-c2929bf07691, startValue=2025-09-20T22:07, endValue=2025-09-21T00:07
[2025-09-21 06:22:48.054] INFO  [MultiTableRepo.sms] Setting timestamp parameters: start=2025-09-20 22:07:00.0, end=2025-09-21 00:07:00.0
[2025-09-21 06:22:48.054] INFO  [MultiTableRepo.sms] No results found in table sms_shard_01.sms_20250921
[2025-09-21 06:22:48.056] INFO  [MultiTableRepo.sms] Executing SQL: SELECT * FROM sms_shard_01.sms_20250918 WHERE id = ? AND created_at >= ? AND created_at < ?
[2025-09-21 06:22:48.056] INFO  [MultiTableRepo.sms] Parameters: id=712e9a69-c6bc-432f-a2d1-262b5231e40e, startValue=2025-09-18T20:17:59, endValue=2025-09-18T20:18:01
[2025-09-21 06:22:48.057] INFO  [MultiTableRepo.sms] Setting timestamp parameters: start=2025-09-18 20:17:59.0, end=2025-09-18 20:18:01.0
[2025-09-21 06:22:48.057] INFO  [MultiTableRepo.sms] No results found in table sms_shard_01.sms_20250918
[2025-09-21 06:22:48.059] INFO  [MultiTableRepo.sms] Executing SQL: SELECT * FROM sms_shard_01.sms_20250920 WHERE id = ? AND created_at >= ? AND created_at < ?
[2025-09-21 06:22:48.059] INFO  [MultiTableRepo.sms] Parameters: id=34f45463-a901-4efc-9362-96d5bc270f08, startValue=2025-09-20T06:11, endValue=2025-09-20T06:13
[2025-09-21 06:22:48.059] INFO  [MultiTableRepo.sms] Setting timestamp parameters: start=2025-09-20 06:11:00.0, end=2025-09-20 06:13:00.0
[2025-09-21 06:22:48.060] INFO  [MultiTableRepo.sms] No results found in table sms_shard_01.sms_20250920
[2025-09-21 06:22:48.061] INFO  [MultiTableRepo.sms] Executing SQL: SELECT * FROM sms_shard_01.sms_20250919 WHERE id = ? AND created_at >= ? AND created_at < ?
[2025-09-21 06:22:48.061] INFO  [MultiTableRepo.sms] Parameters: id=60e99ae2-823d-435a-95c9-636aedc5d062, startValue=2025-09-19T15:26, endValue=2025-09-19T15:28
[2025-09-21 06:22:48.062] INFO  [MultiTableRepo.sms] Setting timestamp parameters: start=2025-09-19 15:26:00.0, end=2025-09-19 15:28:00.0
[2025-09-21 06:22:48.062] INFO  [MultiTableRepo.sms] No results found in table sms_shard_01.sms_20250919
[2025-09-21 06:22:48.063] INFO  [MultiTableRepo.sms] Executing SQL: SELECT * FROM sms_shard_01.sms_20250916 WHERE id = ? AND created_at >= ? AND created_at < ?
[2025-09-21 06:22:48.063] INFO  [MultiTableRepo.sms] Parameters: id=286db027-547c-42c5-b6f1-3d3b30d56160, startValue=2025-09-16T22:16, endValue=2025-09-16T22:18
[2025-09-21 06:22:48.064] INFO  [MultiTableRepo.sms] Setting timestamp parameters: start=2025-09-16 22:16:00.0, end=2025-09-16 22:18:00.0
[2025-09-21 06:22:48.064] INFO  [MultiTableRepo.sms] No results found in table sms_shard_01.sms_20250916
[2025-09-21 06:22:48.065] INFO  [MultiTableRepo.sms] Executing SQL: SELECT * FROM sms_shard_01.sms_20250919 WHERE id = ? AND created_at >= ? AND created_at < ?
[2025-09-21 06:22:48.065] INFO  [MultiTableRepo.sms] Parameters: id=aaa30067-5911-4ea3-9fba-74774fc1be4a, startValue=2025-09-19T05:24, endValue=2025-09-19T05:26
[2025-09-21 06:22:48.067] INFO  [MultiTableRepo.sms] Setting timestamp parameters: start=2025-09-19 05:24:00.0, end=2025-09-19 05:26:00.0
[2025-09-21 06:22:48.067] INFO  [MultiTableRepo.sms] No results found in table sms_shard_01.sms_20250919
[2025-09-21 06:22:48.070] INFO  [MultiTableRepo.sms] Executing SQL: SELECT * FROM sms_shard_01.sms_20250915 WHERE id = ? AND created_at >= ? AND created_at < ?
[2025-09-21 06:22:48.070] INFO  [MultiTableRepo.sms] Parameters: id=cf89fb38-d33c-46b6-a33e-a2747317cb64, startValue=2025-09-15T14:52, endValue=2025-09-15T14:54
[2025-09-21 06:22:48.071] INFO  [MultiTableRepo.sms] Setting timestamp parameters: start=2025-09-15 14:52:00.0, end=2025-09-15 14:54:00.0
[2025-09-21 06:22:48.072] INFO  [MultiTableRepo.sms] No results found in table sms_shard_01.sms_20250915
[2025-09-21 06:22:48.073] INFO  [MultiTableRepo.sms] Executing SQL: SELECT * FROM sms_shard_01.sms_20250916 WHERE id = ? AND created_at >= ? AND created_at < ?
[2025-09-21 06:22:48.073] INFO  [MultiTableRepo.sms] Parameters: id=8a4699c6-a053-4660-8281-2d3e5f20e7b2, startValue=2025-09-16T09:12, endValue=2025-09-16T11:12
[2025-09-21 06:22:48.074] INFO  [MultiTableRepo.sms] Setting timestamp parameters: start=2025-09-16 09:12:00.0, end=2025-09-16 11:12:00.0
[2025-09-21 06:22:48.074] INFO  [MultiTableRepo.sms] No results found in table sms_shard_01.sms_20250916
[2025-09-21 06:22:48.075] INFO  [MultiTableRepo.sms] Executing SQL: SELECT * FROM sms_shard_01.sms_20250918 WHERE id = ? AND created_at >= ? AND created_at < ?
[2025-09-21 06:22:48.075] INFO  [MultiTableRepo.sms] Parameters: id=de157454-cbcc-493c-84d3-8a057fcb2c04, startValue=2025-09-18T11:44:59, endValue=2025-09-18T11:45:01
[2025-09-21 06:22:48.076] INFO  [MultiTableRepo.sms] Setting timestamp parameters: start=2025-09-18 11:44:59.0, end=2025-09-18 11:45:01.0
[2025-09-21 06:22:48.076] INFO  [MultiTableRepo.sms] No results found in table sms_shard_01.sms_20250918
[2025-09-21 06:22:48.077] INFO  [MultiTableRepo.sms] Executing SQL: SELECT * FROM sms_shard_01.sms_20250918 WHERE id = ? AND created_at >= ? AND created_at < ?
[2025-09-21 06:22:48.077] INFO  [MultiTableRepo.sms] Parameters: id=ad8739b6-65f0-43df-ad8d-d67bc0acf94a, startValue=2025-09-18T13:34, endValue=2025-09-18T15:34
[2025-09-21 06:22:48.078] INFO  [MultiTableRepo.sms] Setting timestamp parameters: start=2025-09-18 13:34:00.0, end=2025-09-18 15:34:00.0
[2025-09-21 06:22:48.078] INFO  [MultiTableRepo.sms] No results found in table sms_shard_01.sms_20250918
[2025-09-21 06:22:48.079] INFO  [MultiTableRepo.sms] Executing SQL: SELECT * FROM sms_shard_01.sms_20250917 WHERE id = ? AND created_at >= ? AND created_at < ?
[2025-09-21 06:22:48.079] INFO  [MultiTableRepo.sms] Parameters: id=1afc5adb-fe6b-41a5-a868-33a983d94b7e, startValue=2025-09-17T20:49:59, endValue=2025-09-17T20:50:01
[2025-09-21 06:22:48.080] INFO  [MultiTableRepo.sms] Setting timestamp parameters: start=2025-09-17 20:49:59.0, end=2025-09-17 20:50:01.0
[2025-09-21 06:22:48.080] INFO  [MultiTableRepo.sms] No results found in table sms_shard_01.sms_20250917
[2025-09-21 06:22:48.081] INFO  [MultiTableRepo.sms] Executing SQL: SELECT * FROM sms_shard_01.sms_20250920 WHERE id = ? AND created_at >= ? AND created_at < ?
[2025-09-21 06:22:48.081] INFO  [MultiTableRepo.sms] Parameters: id=1c80feff-3809-40ff-94ab-3e2354bee4cb, startValue=2025-09-20T07:11:59, endValue=2025-09-20T07:12:01
[2025-09-21 06:22:48.082] INFO  [MultiTableRepo.sms] Setting timestamp parameters: start=2025-09-20 07:11:59.0, end=2025-09-20 07:12:01.0
[2025-09-21 06:22:48.082] INFO  [MultiTableRepo.sms] No results found in table sms_shard_01.sms_20250920
[2025-09-21 06:22:48.083] INFO  [MultiTableRepo.sms] Executing SQL: SELECT * FROM sms_shard_01.sms_20250918 WHERE id = ? AND created_at >= ? AND created_at < ?
[2025-09-21 06:22:48.083] INFO  [MultiTableRepo.sms] Parameters: id=57e8e25b-2315-4956-8b38-7eb4520f551a, startValue=2025-09-18T00:54, endValue=2025-09-18T02:54
[2025-09-21 06:22:48.086] INFO  [MultiTableRepo.sms] Setting timestamp parameters: start=2025-09-18 00:54:00.0, end=2025-09-18 02:54:00.0
[2025-09-21 06:22:48.087] INFO  [MultiTableRepo.sms] No results found in table sms_shard_01.sms_20250918
[2025-09-21 06:22:48.088] INFO  [MultiTableRepo.sms] Executing SQL: SELECT * FROM sms_shard_01.sms_20250920 WHERE id = ? AND created_at >= ? AND created_at < ?
[2025-09-21 06:22:48.088] INFO  [MultiTableRepo.sms] Parameters: id=0f7338cb-a103-4e33-948b-0a5c812d3735, startValue=2025-09-20T06:24:59, endValue=2025-09-20T06:25:01
[2025-09-21 06:22:48.089] INFO  [MultiTableRepo.sms] Setting timestamp parameters: start=2025-09-20 06:24:59.0, end=2025-09-20 06:25:01.0
[2025-09-21 06:22:48.089] INFO  [MultiTableRepo.sms] No results found in table sms_shard_01.sms_20250920
[2025-09-21 06:22:48.090] INFO  [MultiTableRepo.sms] Executing SQL: SELECT * FROM sms_shard_01.sms_20250918 WHERE id = ? AND created_at >= ? AND created_at < ?
[2025-09-21 06:22:48.090] INFO  [MultiTableRepo.sms] Parameters: id=8a6ff528-61c0-478c-be6d-7f7a0853a927, startValue=2025-09-18T03:35, endValue=2025-09-18T03:37
[2025-09-21 06:22:48.091] INFO  [MultiTableRepo.sms] Setting timestamp parameters: start=2025-09-18 03:35:00.0, end=2025-09-18 03:37:00.0
[2025-09-21 06:22:48.091] INFO  [MultiTableRepo.sms] No results found in table sms_shard_01.sms_20250918
[2025-09-21 06:22:48.092] INFO  [MultiTableRepo.sms] Executing SQL: SELECT * FROM sms_shard_01.sms_20250916 WHERE id = ? AND created_at >= ? AND created_at < ?
[2025-09-21 06:22:48.092] INFO  [MultiTableRepo.sms] Parameters: id=1b7b8797-37b9-4283-97b1-f6f58418be9f, startValue=2025-09-16T00:02, endValue=2025-09-16T02:02
[2025-09-21 06:22:48.094] INFO  [MultiTableRepo.sms] Setting timestamp parameters: start=2025-09-16 00:02:00.0, end=2025-09-16 02:02:00.0
[2025-09-21 06:22:48.094] INFO  [MultiTableRepo.sms] No results found in table sms_shard_01.sms_20250916
[2025-09-21 06:22:48.096] INFO  [MultiTableRepo.sms] Executing SQL: SELECT * FROM sms_shard_01.sms_20250919 WHERE id = ? AND created_at >= ? AND created_at < ?
[2025-09-21 06:22:48.096] INFO  [MultiTableRepo.sms] Parameters: id=f6bcf7f7-9ecb-4abb-abf4-f517529607df, startValue=2025-09-19T08:11:59, endValue=2025-09-19T08:12:01
[2025-09-21 06:22:48.096] INFO  [MultiTableRepo.sms] Setting timestamp parameters: start=2025-09-19 08:11:59.0, end=2025-09-19 08:12:01.0
[2025-09-21 06:22:48.097] INFO  [MultiTableRepo.sms] No results found in table sms_shard_01.sms_20250919
[2025-09-21 06:22:48.099] INFO  [MultiTableRepo.sms] Executing SQL: SELECT * FROM sms_shard_01.sms_20250918 WHERE id = ? AND created_at >= ? AND created_at < ?
[2025-09-21 06:22:48.099] INFO  [MultiTableRepo.sms] Parameters: id=f8e09d10-b950-42e1-b3d5-af53276a7759, startValue=2025-09-18T07:03, endValue=2025-09-18T07:05
[2025-09-21 06:22:48.100] INFO  [MultiTableRepo.sms] Setting timestamp parameters: start=2025-09-18 07:03:00.0, end=2025-09-18 07:05:00.0
[2025-09-21 06:22:48.100] INFO  [MultiTableRepo.sms] No results found in table sms_shard_01.sms_20250918
[2025-09-21 06:22:48.101] INFO  [MultiTableRepo.sms] Executing SQL: SELECT * FROM sms_shard_01.sms_20250919 WHERE id = ? AND created_at >= ? AND created_at < ?
[2025-09-21 06:22:48.102] INFO  [MultiTableRepo.sms] Parameters: id=343bd0cd-5d97-43ce-bab4-3003309a9040, startValue=2025-09-19T08:07, endValue=2025-09-19T08:09
[2025-09-21 06:22:48.109] INFO  [MultiTableRepo.sms] Setting timestamp parameters: start=2025-09-19 08:07:00.0, end=2025-09-19 08:09:00.0
[2025-09-21 06:22:48.110] INFO  [MultiTableRepo.sms] No results found in table sms_shard_01.sms_20250919
[2025-09-21 06:22:48.111] INFO  [MultiTableRepo.sms] Executing SQL: SELECT * FROM sms_shard_01.sms_20250921 WHERE id = ? AND created_at >= ? AND created_at < ?
[2025-09-21 06:22:48.112] INFO  [MultiTableRepo.sms] Parameters: id=94919bc3-abe0-4766-8aca-7300b592dbf9, startValue=2025-09-21T17:02:59, endValue=2025-09-21T17:03:01
[2025-09-21 06:22:48.113] INFO  [MultiTableRepo.sms] Setting timestamp parameters: start=2025-09-21 17:02:59.0, end=2025-09-21 17:03:01.0
[2025-09-21 06:22:48.113] INFO  [MultiTableRepo.sms] No results found in table sms_shard_01.sms_20250921
[2025-09-21 06:22:48.114] INFO  [MultiTableRepo.sms] Executing SQL: SELECT * FROM sms_shard_01.sms_20250921 WHERE id = ? AND created_at >= ? AND created_at < ?
[2025-09-21 06:22:48.114] INFO  [MultiTableRepo.sms] Parameters: id=edac727f-3ccf-4af4-bf94-31d87aa9f62f, startValue=2025-09-21T00:58, endValue=2025-09-21T02:58
[2025-09-21 06:22:48.115] INFO  [MultiTableRepo.sms] Setting timestamp parameters: start=2025-09-21 00:58:00.0, end=2025-09-21 02:58:00.0
[2025-09-21 06:22:48.116] INFO  [MultiTableRepo.sms] No results found in table sms_shard_01.sms_20250921
[2025-09-21 06:22:48.118] INFO  [MultiTableRepo.sms] Executing SQL: SELECT * FROM sms_shard_01.sms_20250921 WHERE id = ? AND created_at >= ? AND created_at < ?
[2025-09-21 06:22:48.118] INFO  [MultiTableRepo.sms] Parameters: id=6de2309e-b6dd-4b68-8043-d6294971c335, startValue=2025-09-21T00:21, endValue=2025-09-21T02:21
[2025-09-21 06:22:48.119] INFO  [MultiTableRepo.sms] Setting timestamp parameters: start=2025-09-21 00:21:00.0, end=2025-09-21 02:21:00.0
[2025-09-21 06:22:48.119] INFO  [MultiTableRepo.sms] No results found in table sms_shard_01.sms_20250921
[2025-09-21 06:22:48.120] INFO  [MultiTableRepo.sms] Executing SQL: SELECT * FROM sms_shard_01.sms_20250921 WHERE id = ? AND created_at >= ? AND created_at < ?
[2025-09-21 06:22:48.120] INFO  [MultiTableRepo.sms] Parameters: id=a2f241cd-1b0c-4b71-a33e-2128d0a08f76, startValue=2025-09-21T01:43, endValue=2025-09-21T03:43
[2025-09-21 06:22:48.121] INFO  [MultiTableRepo.sms] Setting timestamp parameters: start=2025-09-21 01:43:00.0, end=2025-09-21 03:43:00.0
[2025-09-21 06:22:48.121] INFO  [MultiTableRepo.sms] No results found in table sms_shard_01.sms_20250921
[2025-09-21 06:22:48.123] INFO  [MultiTableRepo.sms] Executing SQL: SELECT * FROM sms_shard_01.sms_20250921 WHERE id = ? AND created_at >= ? AND created_at < ?
[2025-09-21 06:22:48.123] INFO  [MultiTableRepo.sms] Parameters: id=7d157d7a-2782-40c1-8ca6-a8b95ddd8ce9, startValue=2025-09-21T09:42, endValue=2025-09-21T09:44
[2025-09-21 06:22:48.123] INFO  [MultiTableRepo.sms] Setting timestamp parameters: start=2025-09-21 09:42:00.0, end=2025-09-21 09:44:00.0
[2025-09-21 06:22:48.124] INFO  [MultiTableRepo.sms] No results found in table sms_shard_01.sms_20250921
[2025-09-21 06:22:48.125] INFO  [MultiTableRepo.sms] Executing SQL: SELECT * FROM sms_shard_01.sms_20250919 WHERE id = ? AND created_at >= ? AND created_at < ?
[2025-09-21 06:22:48.125] INFO  [MultiTableRepo.sms] Parameters: id=14f90302-0f7f-499e-bf10-51772f39f73f, startValue=2025-09-19T23:14, endValue=2025-09-20T01:14
[2025-09-21 06:22:48.125] INFO  [MultiTableRepo.sms] Setting timestamp parameters: start=2025-09-19 23:14:00.0, end=2025-09-20 01:14:00.0
[2025-09-21 06:22:48.126] INFO  [MultiTableRepo.sms] No results found in table sms_shard_01.sms_20250919
[2025-09-21 06:22:48.127] INFO  [MultiTableRepo.sms] Executing SQL: SELECT * FROM sms_shard_01.sms_20250920 WHERE id = ? AND created_at >= ? AND created_at < ?
[2025-09-21 06:22:48.127] INFO  [MultiTableRepo.sms] Parameters: id=14f90302-0f7f-499e-bf10-51772f39f73f, startValue=2025-09-19T23:14, endValue=2025-09-20T01:14
[2025-09-21 06:22:48.130] INFO  [MultiTableRepo.sms] Setting timestamp parameters: start=2025-09-19 23:14:00.0, end=2025-09-20 01:14:00.0
[2025-09-21 06:22:48.131] INFO  [MultiTableRepo.sms] No results found in table sms_shard_01.sms_20250920
[2025-09-21 06:22:48.132] INFO  [MultiTableRepo.sms] Executing SQL: SELECT * FROM sms_shard_01.sms_20250919 WHERE id = ? AND created_at >= ? AND created_at < ?
[2025-09-21 06:22:48.132] INFO  [MultiTableRepo.sms] Parameters: id=0d73baa8-934c-4a4b-8a9d-5b0b59efa75d, startValue=2025-09-19T01:55, endValue=2025-09-19T01:57
[2025-09-21 06:22:48.133] INFO  [MultiTableRepo.sms] Setting timestamp parameters: start=2025-09-19 01:55:00.0, end=2025-09-19 01:57:00.0
[2025-09-21 06:22:48.133] INFO  [MultiTableRepo.sms] No results found in table sms_shard_01.sms_20250919
[2025-09-21 06:22:48.134] INFO  [MultiTableRepo.sms] Executing SQL: SELECT * FROM sms_shard_01.sms_20250916 WHERE id = ? AND created_at >= ? AND created_at < ?
[2025-09-21 06:22:48.134] INFO  [MultiTableRepo.sms] Parameters: id=e3978959-8358-405b-804f-e8f6cf54db7a, startValue=2025-09-16T10:40, endValue=2025-09-16T12:40
[2025-09-21 06:22:48.135] INFO  [MultiTableRepo.sms] Setting timestamp parameters: start=2025-09-16 10:40:00.0, end=2025-09-16 12:40:00.0
[2025-09-21 06:22:48.135] INFO  [MultiTableRepo.sms] No results found in table sms_shard_01.sms_20250916
[2025-09-21 06:22:48.137] INFO  [MultiTableRepo.sms] Executing SQL: SELECT * FROM sms_shard_01.sms_20250921 WHERE id = ? AND created_at >= ? AND created_at < ?
[2025-09-21 06:22:48.137] INFO  [MultiTableRepo.sms] Parameters: id=daa057ef-4838-4927-9a87-b6f06f4dafd6, startValue=2025-09-21T19:08, endValue=2025-09-21T21:08
[2025-09-21 06:22:48.138] INFO  [MultiTableRepo.sms] Setting timestamp parameters: start=2025-09-21 19:08:00.0, end=2025-09-21 21:08:00.0
[2025-09-21 06:22:48.138] INFO  [MultiTableRepo.sms] No results found in table sms_shard_01.sms_20250921
[2025-09-21 06:22:48.139] INFO  [MultiTableRepo.sms] Executing SQL: SELECT * FROM sms_shard_01.sms_20250921 WHERE id = ? AND created_at >= ? AND created_at < ?
[2025-09-21 06:22:48.139] INFO  [MultiTableRepo.sms] Parameters: id=2c67ebd6-18b3-475f-9c7d-d02664e9ca12, startValue=2025-09-21T04:27:59, endValue=2025-09-21T04:28:01
[2025-09-21 06:22:48.140] INFO  [MultiTableRepo.sms] Setting timestamp parameters: start=2025-09-21 04:27:59.0, end=2025-09-21 04:28:01.0
[2025-09-21 06:22:48.140] INFO  [MultiTableRepo.sms] No results found in table sms_shard_01.sms_20250921
[2025-09-21 06:22:48.142] INFO  [MultiTableRepo.sms] Executing SQL: SELECT * FROM sms_shard_01.sms_20250917 WHERE id = ? AND created_at >= ? AND created_at < ?
[2025-09-21 06:22:48.142] INFO  [MultiTableRepo.sms] Parameters: id=7bd46529-76dd-443a-9d48-23fff5b221f3, startValue=2025-09-17T17:36, endValue=2025-09-17T19:36
[2025-09-21 06:22:48.142] INFO  [MultiTableRepo.sms] Setting timestamp parameters: start=2025-09-17 17:36:00.0, end=2025-09-17 19:36:00.0
[2025-09-21 06:22:48.143] INFO  [MultiTableRepo.sms] No results found in table sms_shard_01.sms_20250917
[2025-09-21 06:22:48.144] INFO  [MultiTableRepo.sms] Executing SQL: SELECT * FROM sms_shard_01.sms_20250915 WHERE id = ? AND created_at >= ? AND created_at < ?
[2025-09-21 06:22:48.144] INFO  [MultiTableRepo.sms] Parameters: id=ad8b2d14-9e61-483e-8167-23465f2dac01, startValue=2025-09-15T06:42, endValue=2025-09-15T08:42
[2025-09-21 06:22:48.145] INFO  [MultiTableRepo.sms] Setting timestamp parameters: start=2025-09-15 06:42:00.0, end=2025-09-15 08:42:00.0
[2025-09-21 06:22:48.145] INFO  [MultiTableRepo.sms] No results found in table sms_shard_01.sms_20250915
[2025-09-21 06:22:48.146] INFO  [MultiTableRepo.sms] Executing SQL: SELECT * FROM sms_shard_01.sms_20250920 WHERE id = ? AND created_at >= ? AND created_at < ?
[2025-09-21 06:22:48.146] INFO  [MultiTableRepo.sms] Parameters: id=b821ab4c-2324-4dce-995a-5d3205ce4bfb, startValue=2025-09-20T12:15, endValue=2025-09-20T12:17
[2025-09-21 06:22:48.147] INFO  [MultiTableRepo.sms] Setting timestamp parameters: start=2025-09-20 12:15:00.0, end=2025-09-20 12:17:00.0
[2025-09-21 06:22:48.147] INFO  [MultiTableRepo.sms] No results found in table sms_shard_01.sms_20250920
[2025-09-21 06:22:48.149] INFO  [MultiTableRepo.sms] Executing SQL: SELECT * FROM sms_shard_01.sms_20250916 WHERE id = ? AND created_at >= ? AND created_at < ?
[2025-09-21 06:22:48.149] INFO  [MultiTableRepo.sms] Parameters: id=b3eefec9-4a74-448e-8566-8beab1335337, startValue=2025-09-16T07:54:59, endValue=2025-09-16T07:55:01
[2025-09-21 06:22:48.149] INFO  [MultiTableRepo.sms] Setting timestamp parameters: start=2025-09-16 07:54:59.0, end=2025-09-16 07:55:01.0
[2025-09-21 06:22:48.150] INFO  [MultiTableRepo.sms] No results found in table sms_shard_01.sms_20250916
[2025-09-21 06:22:48.151] INFO  [MultiTableRepo.sms] Executing SQL: SELECT * FROM sms_shard_01.sms_20250918 WHERE id = ? AND created_at >= ? AND created_at < ?
[2025-09-21 06:22:48.151] INFO  [MultiTableRepo.sms] Parameters: id=4343c3c2-2d89-4fd3-9899-50fc635a6c5c, startValue=2025-09-18T15:46, endValue=2025-09-18T15:48
[2025-09-21 06:22:48.152] INFO  [MultiTableRepo.sms] Setting timestamp parameters: start=2025-09-18 15:46:00.0, end=2025-09-18 15:48:00.0
[2025-09-21 06:22:48.152] INFO  [MultiTableRepo.sms] No results found in table sms_shard_01.sms_20250918
[2025-09-21 06:22:48.153] INFO  [MultiTableRepo.sms] Executing SQL: SELECT * FROM sms_shard_01.sms_20250920 WHERE id = ? AND created_at >= ? AND created_at < ?
[2025-09-21 06:22:48.153] INFO  [MultiTableRepo.sms] Parameters: id=4b40823a-ad4d-4acb-a464-c8e3f8323e92, startValue=2025-09-20T06:45:59, endValue=2025-09-20T06:46:01
[2025-09-21 06:22:48.154] INFO  [MultiTableRepo.sms] Setting timestamp parameters: start=2025-09-20 06:45:59.0, end=2025-09-20 06:46:01.0
[2025-09-21 06:22:48.155] INFO  [MultiTableRepo.sms] No results found in table sms_shard_01.sms_20250920
[2025-09-21 06:22:48.156] INFO  [MultiTableRepo.sms] Executing SQL: SELECT * FROM sms_shard_01.sms_20250917 WHERE id = ? AND created_at >= ? AND created_at < ?
[2025-09-21 06:22:48.156] INFO  [MultiTableRepo.sms] Parameters: id=0dcda2db-4c7f-4d84-92b0-873580d13433, startValue=2025-09-17T21:29, endValue=2025-09-17T23:29
[2025-09-21 06:22:48.160] INFO  [MultiTableRepo.sms] Setting timestamp parameters: start=2025-09-17 21:29:00.0, end=2025-09-17 23:29:00.0
[2025-09-21 06:22:48.160] INFO  [MultiTableRepo.sms] No results found in table sms_shard_01.sms_20250917
[2025-09-21 06:22:48.161] INFO  [MultiTableRepo.sms] Executing SQL: SELECT * FROM sms_shard_01.sms_20250920 WHERE id = ? AND created_at >= ? AND created_at < ?
[2025-09-21 06:22:48.161] INFO  [MultiTableRepo.sms] Parameters: id=dd8d5eae-ccb5-4993-bfb2-86c8f3f4aa54, startValue=2025-09-20T04:03:59, endValue=2025-09-20T04:04:01
[2025-09-21 06:22:48.162] INFO  [MultiTableRepo.sms] Setting timestamp parameters: start=2025-09-20 04:03:59.0, end=2025-09-20 04:04:01.0
[2025-09-21 06:22:48.163] INFO  [MultiTableRepo.sms] No results found in table sms_shard_01.sms_20250920
[2025-09-21 06:22:48.164] INFO  [MultiTableRepo.sms] Executing SQL: SELECT * FROM sms_shard_01.sms_20250917 WHERE id = ? AND created_at >= ? AND created_at < ?
[2025-09-21 06:22:48.164] INFO  [MultiTableRepo.sms] Parameters: id=f835bd37-485d-418c-99b2-c3c793268bc1, startValue=2025-09-17T21:53, endValue=2025-09-17T23:53
[2025-09-21 06:22:48.165] INFO  [MultiTableRepo.sms] Setting timestamp parameters: start=2025-09-17 21:53:00.0, end=2025-09-17 23:53:00.0
[2025-09-21 06:22:48.165] INFO  [MultiTableRepo.sms] No results found in table sms_shard_01.sms_20250917
[2025-09-21 06:22:48.166] INFO  [MultiTableRepo.sms] Executing SQL: SELECT * FROM sms_shard_01.sms_20250918 WHERE id = ? AND created_at >= ? AND created_at < ?
[2025-09-21 06:22:48.166] INFO  [MultiTableRepo.sms] Parameters: id=284ddcb3-4b22-4cb4-a08f-add8cb30f0ff, startValue=2025-09-18T03:24:59, endValue=2025-09-18T03:25:01
[2025-09-21 06:22:48.167] INFO  [MultiTableRepo.sms] Setting timestamp parameters: start=2025-09-18 03:24:59.0, end=2025-09-18 03:25:01.0
[2025-09-21 06:22:48.167] INFO  [MultiTableRepo.sms] No results found in table sms_shard_01.sms_20250918
[2025-09-21 06:22:48.168] INFO  [MultiTableRepo.sms] Executing SQL: SELECT * FROM sms_shard_01.sms_20250920 WHERE id = ? AND created_at >= ? AND created_at < ?
[2025-09-21 06:22:48.168] INFO  [MultiTableRepo.sms] Parameters: id=55e59dbc-70f3-49b5-a319-d8a86b83f0a3, startValue=2025-09-20T14:54, endValue=2025-09-20T14:56
[2025-09-21 06:22:48.169] INFO  [MultiTableRepo.sms] Setting timestamp parameters: start=2025-09-20 14:54:00.0, end=2025-09-20 14:56:00.0
[2025-09-21 06:22:48.169] INFO  [MultiTableRepo.sms] No results found in table sms_shard_01.sms_20250920
[2025-09-21 06:22:48.170] INFO  [MultiTableRepo.sms] Executing SQL: SELECT * FROM sms_shard_01.sms_20250917 WHERE id = ? AND created_at >= ? AND created_at < ?
[2025-09-21 06:22:48.170] INFO  [MultiTableRepo.sms] Parameters: id=37062405-a3c7-49eb-835b-db92c6f1e044, startValue=2025-09-17T05:38:59, endValue=2025-09-17T05:39:01
[2025-09-21 06:22:48.171] INFO  [MultiTableRepo.sms] Setting timestamp parameters: start=2025-09-17 05:38:59.0, end=2025-09-17 05:39:01.0
[2025-09-21 06:22:48.172] INFO  [MultiTableRepo.sms] No results found in table sms_shard_01.sms_20250917
[2025-09-21 06:22:48.173] INFO  [MultiTableRepo.sms] Executing SQL: SELECT * FROM sms_shard_01.sms_20250921 WHERE id = ? AND created_at >= ? AND created_at < ?
[2025-09-21 06:22:48.173] INFO  [MultiTableRepo.sms] Parameters: id=2a682cd1-035b-4dae-8121-4e7f95259e31, startValue=2025-09-21T13:14, endValue=2025-09-21T13:16
[2025-09-21 06:22:48.174] INFO  [MultiTableRepo.sms] Setting timestamp parameters: start=2025-09-21 13:14:00.0, end=2025-09-21 13:16:00.0
[2025-09-21 06:22:48.174] INFO  [MultiTableRepo.sms] No results found in table sms_shard_01.sms_20250921
[2025-09-21 06:22:48.177] INFO  [MultiTableRepo.sms] Executing SQL: SELECT * FROM sms_shard_01.sms_20250919 WHERE id = ? AND created_at >= ? AND created_at < ?
[2025-09-21 06:22:48.177] INFO  [MultiTableRepo.sms] Parameters: id=6d1381a6-9c28-495b-89ed-8b8742473f62, startValue=2025-09-19T09:58, endValue=2025-09-19T11:58
[2025-09-21 06:22:48.178] INFO  [MultiTableRepo.sms] Setting timestamp parameters: start=2025-09-19 09:58:00.0, end=2025-09-19 11:58:00.0
[2025-09-21 06:22:48.179] INFO  [MultiTableRepo.sms] No results found in table sms_shard_01.sms_20250919
[2025-09-21 06:22:48.180] INFO  [MultiTableRepo.sms] Executing SQL: SELECT * FROM sms_shard_01.sms_20250919 WHERE id = ? AND created_at >= ? AND created_at < ?
[2025-09-21 06:22:48.180] INFO  [MultiTableRepo.sms] Parameters: id=742c2d19-b39f-490a-8827-3a73b6bc10ca, startValue=2025-09-19T17:52:59, endValue=2025-09-19T17:53:01
[2025-09-21 06:22:48.180] INFO  [MultiTableRepo.sms] Setting timestamp parameters: start=2025-09-19 17:52:59.0, end=2025-09-19 17:53:01.0
[2025-09-21 06:22:48.181] INFO  [MultiTableRepo.sms] No results found in table sms_shard_01.sms_20250919
[2025-09-21 06:22:48.182] INFO  [MultiTableRepo.sms] Executing SQL: SELECT * FROM sms_shard_01.sms_20250919 WHERE id = ? AND created_at >= ? AND created_at < ?
[2025-09-21 06:22:48.182] INFO  [MultiTableRepo.sms] Parameters: id=f2f5cd9c-5e71-4dc3-a27c-f84f864c3749, startValue=2025-09-19T18:51:59, endValue=2025-09-19T18:52:01
[2025-09-21 06:22:48.183] INFO  [MultiTableRepo.sms] Setting timestamp parameters: start=2025-09-19 18:51:59.0, end=2025-09-19 18:52:01.0
[2025-09-21 06:22:48.183] INFO  [MultiTableRepo.sms] No results found in table sms_shard_01.sms_20250919
[2025-09-21 06:22:48.185] INFO  [MultiTableRepo.sms] Executing SQL: SELECT * FROM sms_shard_01.sms_20250917 WHERE id = ? AND created_at >= ? AND created_at < ?
[2025-09-21 06:22:48.185] INFO  [MultiTableRepo.sms] Parameters: id=b9a7b250-7a60-4268-add9-473cb4081610, startValue=2025-09-17T03:47, endValue=2025-09-17T05:47
[2025-09-21 06:22:48.186] INFO  [MultiTableRepo.sms] Setting timestamp parameters: start=2025-09-17 03:47:00.0, end=2025-09-17 05:47:00.0
[2025-09-21 06:22:48.186] INFO  [MultiTableRepo.sms] No results found in table sms_shard_01.sms_20250917
[2025-09-21 06:22:48.187] INFO  [MultiTableRepo.sms] Executing SQL: SELECT * FROM sms_shard_01.sms_20250920 WHERE id = ? AND created_at >= ? AND created_at < ?
[2025-09-21 06:22:48.187] INFO  [MultiTableRepo.sms] Parameters: id=0b74a437-469f-4cae-b09b-4460df8c0a28, startValue=2025-09-20T01:47, endValue=2025-09-20T03:47
[2025-09-21 06:22:48.188] INFO  [MultiTableRepo.sms] Setting timestamp parameters: start=2025-09-20 01:47:00.0, end=2025-09-20 03:47:00.0
[2025-09-21 06:22:48.189] INFO  [MultiTableRepo.sms] No results found in table sms_shard_01.sms_20250920
[2025-09-21 06:22:48.190] INFO  [MultiTableRepo.sms] Executing SQL: SELECT * FROM sms_shard_01.sms_20250919 WHERE id = ? AND created_at >= ? AND created_at < ?
[2025-09-21 06:22:48.190] INFO  [MultiTableRepo.sms] Parameters: id=a28352a5-7143-4f4e-9b92-ea4bd7d15401, startValue=2025-09-19T11:59, endValue=2025-09-19T13:59
[2025-09-21 06:22:48.191] INFO  [MultiTableRepo.sms] Setting timestamp parameters: start=2025-09-19 11:59:00.0, end=2025-09-19 13:59:00.0
[2025-09-21 06:22:48.191] INFO  [MultiTableRepo.sms] No results found in table sms_shard_01.sms_20250919
[2025-09-21 06:22:48.192] INFO  [MultiTableRepo.sms] Executing SQL: SELECT * FROM sms_shard_01.sms_20250920 WHERE id = ? AND created_at >= ? AND created_at < ?
[2025-09-21 06:22:48.192] INFO  [MultiTableRepo.sms] Parameters: id=9a24ffa9-5e9f-4243-8d2d-92b948efadfe, startValue=2025-09-20T06:58, endValue=2025-09-20T08:58
[2025-09-21 06:22:48.193] INFO  [MultiTableRepo.sms] Setting timestamp parameters: start=2025-09-20 06:58:00.0, end=2025-09-20 08:58:00.0
[2025-09-21 06:22:48.193] INFO  [MultiTableRepo.sms] No results found in table sms_shard_01.sms_20250920
[2025-09-21 06:22:48.194] INFO  [MultiTableRepo.sms] Executing SQL: SELECT * FROM sms_shard_01.sms_20250921 WHERE id = ? AND created_at >= ? AND created_at < ?
[2025-09-21 06:22:48.194] INFO  [MultiTableRepo.sms] Parameters: id=2e57c39f-3fd5-4371-b198-cf592646d610, startValue=2025-09-21T04:43, endValue=2025-09-21T06:43
[2025-09-21 06:22:48.195] INFO  [MultiTableRepo.sms] Setting timestamp parameters: start=2025-09-21 04:43:00.0, end=2025-09-21 06:43:00.0
[2025-09-21 06:22:48.196] INFO  [MultiTableRepo.sms] No results found in table sms_shard_01.sms_20250921
[2025-09-21 06:22:48.197] INFO  [MultiTableRepo.sms] Executing SQL: SELECT * FROM sms_shard_01.sms_20250921 WHERE id = ? AND created_at >= ? AND created_at < ?
[2025-09-21 06:22:48.197] INFO  [MultiTableRepo.sms] Parameters: id=48548f6b-d192-478c-a98f-a25c10bb9636, startValue=2025-09-21T00:02, endValue=2025-09-21T00:04
[2025-09-21 06:22:48.198] INFO  [MultiTableRepo.sms] Setting timestamp parameters: start=2025-09-21 00:02:00.0, end=2025-09-21 00:04:00.0
[2025-09-21 06:22:48.198] INFO  [MultiTableRepo.sms] No results found in table sms_shard_01.sms_20250921
[2025-09-21 06:22:48.199] INFO  [MultiTableRepo.sms] Executing SQL: SELECT * FROM sms_shard_01.sms_20250919 WHERE id = ? AND created_at >= ? AND created_at < ?
[2025-09-21 06:22:48.199] INFO  [MultiTableRepo.sms] Parameters: id=8b31dd07-54df-4cf1-a7a1-c156e1409f48, startValue=2025-09-19T13:49, endValue=2025-09-19T15:49
[2025-09-21 06:22:48.200] INFO  [MultiTableRepo.sms] Setting timestamp parameters: start=2025-09-19 13:49:00.0, end=2025-09-19 15:49:00.0
[2025-09-21 06:22:48.200] INFO  [MultiTableRepo.sms] No results found in table sms_shard_01.sms_20250919
[2025-09-21 06:22:48.201] INFO  [MultiTableRepo.sms] Executing SQL: SELECT * FROM sms_shard_01.sms_20250916 WHERE id = ? AND created_at >= ? AND created_at < ?
[2025-09-21 06:22:48.201] INFO  [MultiTableRepo.sms] Parameters: id=f191f345-ed11-42cf-927d-f6314f071933, startValue=2025-09-16T03:29:59, endValue=2025-09-16T03:30:01
[2025-09-21 06:22:48.203] INFO  [MultiTableRepo.sms] Setting timestamp parameters: start=2025-09-16 03:29:59.0, end=2025-09-16 03:30:01.0
[2025-09-21 06:22:48.204] INFO  [MultiTableRepo.sms] No results found in table sms_shard_01.sms_20250916
[2025-09-21 06:22:48.205] INFO  [MultiTableRepo.sms] Executing SQL: SELECT * FROM sms_shard_01.sms_20250915 WHERE id = ? AND created_at >= ? AND created_at < ?
[2025-09-21 06:22:48.205] INFO  [MultiTableRepo.sms] Parameters: id=eaf6df25-9e62-4e5d-93fb-f8bfffabac54, startValue=2025-09-15T22:39, endValue=2025-09-16T00:39
[2025-09-21 06:22:48.206] INFO  [MultiTableRepo.sms] Setting timestamp parameters: start=2025-09-15 22:39:00.0, end=2025-09-16 00:39:00.0
[2025-09-21 06:22:48.206] INFO  [MultiTableRepo.sms] No results found in table sms_shard_01.sms_20250915
[2025-09-21 06:22:48.207] INFO  [MultiTableRepo.sms] Executing SQL: SELECT * FROM sms_shard_01.sms_20250916 WHERE id = ? AND created_at >= ? AND created_at < ?
[2025-09-21 06:22:48.207] INFO  [MultiTableRepo.sms] Parameters: id=eaf6df25-9e62-4e5d-93fb-f8bfffabac54, startValue=2025-09-15T22:39, endValue=2025-09-16T00:39
[2025-09-21 06:22:48.208] INFO  [MultiTableRepo.sms] Setting timestamp parameters: start=2025-09-15 22:39:00.0, end=2025-09-16 00:39:00.0
[2025-09-21 06:22:48.208] INFO  [MultiTableRepo.sms] No results found in table sms_shard_01.sms_20250916
[2025-09-21 06:22:48.209] INFO  [MultiTableRepo.sms] Executing SQL: SELECT * FROM sms_shard_01.sms_20250920 WHERE id = ? AND created_at >= ? AND created_at < ?
[2025-09-21 06:22:48.209] INFO  [MultiTableRepo.sms] Parameters: id=d8a7f7a3-7a8c-4c59-8648-3f896ad516f4, startValue=2025-09-20T09:57, endValue=2025-09-20T11:57
[2025-09-21 06:22:48.210] INFO  [MultiTableRepo.sms] Setting timestamp parameters: start=2025-09-20 09:57:00.0, end=2025-09-20 11:57:00.0
[2025-09-21 06:22:48.210] INFO  [MultiTableRepo.sms] No results found in table sms_shard_01.sms_20250920
[2025-09-21 06:22:48.211] INFO  [MultiTableRepo.sms] Executing SQL: SELECT * FROM sms_shard_01.sms_20250921 WHERE id = ? AND created_at >= ? AND created_at < ?
[2025-09-21 06:22:48.211] INFO  [MultiTableRepo.sms] Parameters: id=492fa1ec-0a99-4ae9-9561-8d68c35d3805, startValue=2025-09-21T16:58, endValue=2025-09-21T18:58
[2025-09-21 06:22:48.212] INFO  [MultiTableRepo.sms] Setting timestamp parameters: start=2025-09-21 16:58:00.0, end=2025-09-21 18:58:00.0
[2025-09-21 06:22:48.213] INFO  [MultiTableRepo.sms] No results found in table sms_shard_01.sms_20250921
[2025-09-21 06:22:48.213] INFO  [MultiTableRepo.sms] Executing SQL: SELECT * FROM sms_shard_01.sms_20250915 WHERE id = ? AND created_at >= ? AND created_at < ?
[2025-09-21 06:22:48.213] INFO  [MultiTableRepo.sms] Parameters: id=957d239b-d831-4a2b-9fea-229f489dd950, startValue=2025-09-15T05:41, endValue=2025-09-15T05:43
[2025-09-21 06:22:48.214] INFO  [MultiTableRepo.sms] Setting timestamp parameters: start=2025-09-15 05:41:00.0, end=2025-09-15 05:43:00.0
[2025-09-21 06:22:48.214] INFO  [MultiTableRepo.sms] No results found in table sms_shard_01.sms_20250915
[2025-09-21 06:22:48.215] INFO  [MultiTableRepo.sms] Executing SQL: SELECT * FROM sms_shard_01.sms_20250916 WHERE id = ? AND created_at >= ? AND created_at < ?
[2025-09-21 06:22:48.215] INFO  [MultiTableRepo.sms] Parameters: id=844cba4a-1ac7-4fb1-8048-c23f5975a675, startValue=2025-09-16T02:49, endValue=2025-09-16T02:51
[2025-09-21 06:22:48.216] INFO  [MultiTableRepo.sms] Setting timestamp parameters: start=2025-09-16 02:49:00.0, end=2025-09-16 02:51:00.0
[2025-09-21 06:22:48.216] INFO  [MultiTableRepo.sms] No results found in table sms_shard_01.sms_20250916
[2025-09-21 06:22:48.217] INFO  [MultiTableRepo.sms] Executing SQL: SELECT * FROM sms_shard_01.sms_20250917 WHERE id = ? AND created_at >= ? AND created_at < ?
[2025-09-21 06:22:48.218] INFO  [MultiTableRepo.sms] Parameters: id=d7c8ed35-9e40-425e-9b05-f2a5eeb5bd24, startValue=2025-09-17T17:59:59, endValue=2025-09-17T18:00:01
[2025-09-21 06:22:48.218] INFO  [MultiTableRepo.sms] Setting timestamp parameters: start=2025-09-17 17:59:59.0, end=2025-09-17 18:00:01.0
[2025-09-21 06:22:48.219] INFO  [MultiTableRepo.sms] No results found in table sms_shard_01.sms_20250917
[2025-09-21 06:22:48.220] INFO  [MultiTableRepo.sms] Executing SQL: SELECT * FROM sms_shard_01.sms_20250919 WHERE id = ? AND created_at >= ? AND created_at < ?
[2025-09-21 06:22:48.220] INFO  [MultiTableRepo.sms] Parameters: id=1ca6f50c-710c-42b1-ae66-5cc09a18f1a4, startValue=2025-09-19T00:15, endValue=2025-09-19T02:15
[2025-09-21 06:22:48.221] INFO  [MultiTableRepo.sms] Setting timestamp parameters: start=2025-09-19 00:15:00.0, end=2025-09-19 02:15:00.0
[2025-09-21 06:22:48.221] INFO  [MultiTableRepo.sms] No results found in table sms_shard_01.sms_20250919
[2025-09-21 06:22:48.223] INFO  [MultiTableRepo.sms] Executing SQL: SELECT * FROM sms_shard_01.sms_20250921 WHERE id = ? AND created_at >= ? AND created_at < ?
[2025-09-21 06:22:48.223] INFO  [MultiTableRepo.sms] Parameters: id=65aa402f-d065-4001-ac51-44e80de5700f, startValue=2025-09-21T09:42, endValue=2025-09-21T11:42
[2025-09-21 06:22:48.224] INFO  [MultiTableRepo.sms] Setting timestamp parameters: start=2025-09-21 09:42:00.0, end=2025-09-21 11:42:00.0
[2025-09-21 06:22:48.224] INFO  [MultiTableRepo.sms] No results found in table sms_shard_01.sms_20250921
[2025-09-21 06:22:48.228] INFO  [MultiTableRepo.sms] Executing SQL: SELECT * FROM sms_shard_01.sms_20250915 WHERE id = ? AND created_at >= ? AND created_at < ?
[2025-09-21 06:22:48.228] INFO  [MultiTableRepo.sms] Parameters: id=3f492909-40ca-46d5-bf67-ef7995970853, startValue=2025-09-15T16:30, endValue=2025-09-15T18:30
[2025-09-21 06:22:48.230] INFO  [MultiTableRepo.sms] Setting timestamp parameters: start=2025-09-15 16:30:00.0, end=2025-09-15 18:30:00.0
[2025-09-21 06:22:48.230] INFO  [MultiTableRepo.sms] No results found in table sms_shard_01.sms_20250915
[2025-09-21 06:22:48.231] INFO  [MultiTableRepo.sms] Executing SQL: SELECT * FROM sms_shard_01.sms_20250916 WHERE id = ? AND created_at >= ? AND created_at < ?
[2025-09-21 06:22:48.231] INFO  [MultiTableRepo.sms] Parameters: id=1dc7a77f-edcc-4b50-82d3-a67c4d7067b3, startValue=2025-09-16T09:32, endValue=2025-09-16T11:32
[2025-09-21 06:22:48.232] INFO  [MultiTableRepo.sms] Setting timestamp parameters: start=2025-09-16 09:32:00.0, end=2025-09-16 11:32:00.0
[2025-09-21 06:22:48.233] INFO  [MultiTableRepo.sms] No results found in table sms_shard_01.sms_20250916
[2025-09-21 06:22:48.242] INFO  [MultiTableRepo.sms] Executing SQL: SELECT * FROM sms_shard_01.sms_20250918 WHERE id = ? AND created_at >= ? AND created_at < ?
[2025-09-21 06:22:48.242] INFO  [MultiTableRepo.sms] Parameters: id=53ce40d0-cbdf-4283-a936-16b43909fcea, startValue=2025-09-18T05:13:59, endValue=2025-09-18T05:14:01
[2025-09-21 06:22:48.243] INFO  [MultiTableRepo.sms] Setting timestamp parameters: start=2025-09-18 05:13:59.0, end=2025-09-18 05:14:01.0
[2025-09-21 06:22:48.244] INFO  [MultiTableRepo.sms] No results found in table sms_shard_01.sms_20250918
[2025-09-21 06:22:48.248] INFO  [MultiTableRepo.sms] Executing SQL: SELECT * FROM sms_shard_01.sms_20250921 WHERE id = ? AND created_at >= ? AND created_at < ?
[2025-09-21 06:22:48.248] INFO  [MultiTableRepo.sms] Parameters: id=8c4f7024-3b57-4ead-8c5d-e2a11452c26c, startValue=2025-09-21T05:29, endValue=2025-09-21T05:31
[2025-09-21 06:22:48.251] INFO  [MultiTableRepo.sms] Setting timestamp parameters: start=2025-09-21 05:29:00.0, end=2025-09-21 05:31:00.0
[2025-09-21 06:22:48.251] INFO  [MultiTableRepo.sms] No results found in table sms_shard_01.sms_20250921
[2025-09-21 06:22:48.253] INFO  [MultiTableRepo.sms] Executing SQL: SELECT * FROM sms_shard_01.sms_20250920 WHERE id = ? AND created_at >= ? AND created_at < ?
[2025-09-21 06:22:48.253] INFO  [MultiTableRepo.sms] Parameters: id=71032393-8d27-4f62-bb20-15fa60bbbb35, startValue=2025-09-20T19:44, endValue=2025-09-20T21:44
[2025-09-21 06:22:48.254] INFO  [MultiTableRepo.sms] Setting timestamp parameters: start=2025-09-20 19:44:00.0, end=2025-09-20 21:44:00.0
[2025-09-21 06:22:48.256] INFO  [MultiTableRepo.sms] No results found in table sms_shard_01.sms_20250920
[2025-09-21 06:22:48.258] INFO  [MultiTableRepo.sms] Executing SQL: SELECT * FROM sms_shard_01.sms_20250921 WHERE id = ? AND created_at >= ? AND created_at < ?
[2025-09-21 06:22:48.258] INFO  [MultiTableRepo.sms] Parameters: id=b72bdaba-44f1-476b-aec9-6b1b8e27d4b2, startValue=2025-09-21T22:10, endValue=2025-09-21T22:12
[2025-09-21 06:22:48.259] INFO  [MultiTableRepo.sms] Setting timestamp parameters: start=2025-09-21 22:10:00.0, end=2025-09-21 22:12:00.0
[2025-09-21 06:22:48.259] INFO  [MultiTableRepo.sms] No results found in table sms_shard_01.sms_20250921
[2025-09-21 06:22:48.262] INFO  [MultiTableRepo.sms] Executing SQL: SELECT * FROM sms_shard_01.sms_20250916 WHERE id = ? AND created_at >= ? AND created_at < ?
[2025-09-21 06:22:48.262] INFO  [MultiTableRepo.sms] Parameters: id=69c0c001-6226-48d8-ab86-4af7af41811a, startValue=2025-09-16T01:37, endValue=2025-09-16T01:39
[2025-09-21 06:22:48.263] INFO  [MultiTableRepo.sms] Setting timestamp parameters: start=2025-09-16 01:37:00.0, end=2025-09-16 01:39:00.0
[2025-09-21 06:22:48.264] INFO  [MultiTableRepo.sms] No results found in table sms_shard_01.sms_20250916
[2025-09-21 06:22:48.265] INFO  [MultiTableRepo.sms] Executing SQL: SELECT * FROM sms_shard_01.sms_20250917 WHERE id = ? AND created_at >= ? AND created_at < ?
[2025-09-21 06:22:48.265] INFO  [MultiTableRepo.sms] Parameters: id=84c7a5a7-4971-4505-9d3a-7e0ff342a7cf, startValue=2025-09-17T11:03, endValue=2025-09-17T11:05
[2025-09-21 06:22:48.266] INFO  [MultiTableRepo.sms] Setting timestamp parameters: start=2025-09-17 11:03:00.0, end=2025-09-17 11:05:00.0
[2025-09-21 06:22:48.266] INFO  [MultiTableRepo.sms] No results found in table sms_shard_01.sms_20250917
[2025-09-21 06:22:48.272] INFO  [MultiTableRepo.sms] Executing SQL: SELECT * FROM sms_shard_01.sms_20250921 WHERE id = ? AND created_at >= ? AND created_at < ?
[2025-09-21 06:22:48.272] INFO  [MultiTableRepo.sms] Parameters: id=b5b5ea7f-6116-45ee-b6dd-9437cdda4b5b, startValue=2025-09-21T16:26, endValue=2025-09-21T16:28
[2025-09-21 06:22:48.273] INFO  [MultiTableRepo.sms] Setting timestamp parameters: start=2025-09-21 16:26:00.0, end=2025-09-21 16:28:00.0
[2025-09-21 06:22:48.274] INFO  [MultiTableRepo.sms] No results found in table sms_shard_01.sms_20250921
[2025-09-21 06:22:48.275] INFO  [MultiTableRepo.sms] Executing SQL: SELECT * FROM sms_shard_01.sms_20250917 WHERE id = ? AND created_at >= ? AND created_at < ?
[2025-09-21 06:22:48.275] INFO  [MultiTableRepo.sms] Parameters: id=30015376-8bcf-465f-b501-d6e9b2d69ae3, startValue=2025-09-17T09:40, endValue=2025-09-17T09:42
[2025-09-21 06:22:48.276] INFO  [MultiTableRepo.sms] Setting timestamp parameters: start=2025-09-17 09:40:00.0, end=2025-09-17 09:42:00.0
[2025-09-21 06:22:48.277] INFO  [MultiTableRepo.sms] No results found in table sms_shard_01.sms_20250917
[2025-09-21 06:22:48.280] INFO  [MultiTableRepo.sms] Executing SQL: SELECT * FROM sms_shard_01.sms_20250919 WHERE id = ? AND created_at >= ? AND created_at < ?
[2025-09-21 06:22:48.280] INFO  [MultiTableRepo.sms] Parameters: id=8ca802ce-b5d1-4926-a954-06e3e32f7132, startValue=2025-09-19T05:30:59, endValue=2025-09-19T05:31:01
[2025-09-21 06:22:48.282] INFO  [MultiTableRepo.sms] Setting timestamp parameters: start=2025-09-19 05:30:59.0, end=2025-09-19 05:31:01.0
[2025-09-21 06:22:48.282] INFO  [MultiTableRepo.sms] No results found in table sms_shard_01.sms_20250919
[2025-09-21 06:22:48.284] INFO  [MultiTableRepo.sms] Executing SQL: SELECT * FROM sms_shard_01.sms_20250921 WHERE id = ? AND created_at >= ? AND created_at < ?
[2025-09-21 06:22:48.284] INFO  [MultiTableRepo.sms] Parameters: id=f80c224c-d981-425f-ad37-baf08d2aeaab, startValue=2025-09-21T21:49, endValue=2025-09-21T21:51
[2025-09-21 06:22:48.287] INFO  [MultiTableRepo.sms] Setting timestamp parameters: start=2025-09-21 21:49:00.0, end=2025-09-21 21:51:00.0
[2025-09-21 06:22:48.288] INFO  [MultiTableRepo.sms] No results found in table sms_shard_01.sms_20250921
[2025-09-21 06:22:48.297] INFO  [MultiTableRepo.sms] Executing SQL: SELECT * FROM sms_shard_01.sms_20250921 WHERE id = ? AND created_at >= ? AND created_at < ?
[2025-09-21 06:22:48.297] INFO  [MultiTableRepo.sms] Parameters: id=0a967b24-bfc6-4c1d-b523-97008ef29d64, startValue=2025-09-21T03:33:59, endValue=2025-09-21T03:34:01
[2025-09-21 06:22:48.300] INFO  [MultiTableRepo.sms] Setting timestamp parameters: start=2025-09-21 03:33:59.0, end=2025-09-21 03:34:01.0
[2025-09-21 06:22:48.301] INFO  [MultiTableRepo.sms] No results found in table sms_shard_01.sms_20250921
[2025-09-21 06:22:48.303] INFO  [MultiTableRepo.sms] Executing SQL: SELECT * FROM sms_shard_01.sms_20250919 WHERE id = ? AND created_at >= ? AND created_at < ?
[2025-09-21 06:22:48.303] INFO  [MultiTableRepo.sms] Parameters: id=e4132413-ee7f-4d7b-9166-9054f77454e3, startValue=2025-09-19T10:56, endValue=2025-09-19T10:58
[2025-09-21 06:22:48.305] INFO  [MultiTableRepo.sms] Setting timestamp parameters: start=2025-09-19 10:56:00.0, end=2025-09-19 10:58:00.0
[2025-09-21 06:22:48.306] INFO  [MultiTableRepo.sms] No results found in table sms_shard_01.sms_20250919
[2025-09-21 06:22:48.310] INFO  [MultiTableRepo.sms] Executing SQL: SELECT * FROM sms_shard_01.sms_20250916 WHERE id = ? AND created_at >= ? AND created_at < ?
[2025-09-21 06:22:48.310] INFO  [MultiTableRepo.sms] Parameters: id=d2427ee6-aeac-4d14-91ba-f3ce61ae25a6, startValue=2025-09-16T20:50, endValue=2025-09-16T20:52
[2025-09-21 06:22:48.312] INFO  [MultiTableRepo.sms] Setting timestamp parameters: start=2025-09-16 20:50:00.0, end=2025-09-16 20:52:00.0
[2025-09-21 06:22:48.312] INFO  [MultiTableRepo.sms] No results found in table sms_shard_01.sms_20250916
[2025-09-21 06:22:48.313] INFO  [MultiTableRepo.sms] Executing SQL: SELECT * FROM sms_shard_01.sms_20250919 WHERE id = ? AND created_at >= ? AND created_at < ?
[2025-09-21 06:22:48.313] INFO  [MultiTableRepo.sms] Parameters: id=df4874be-792b-42e9-ae61-551540b76648, startValue=2025-09-19T02:07, endValue=2025-09-19T04:07
[2025-09-21 06:22:48.314] INFO  [MultiTableRepo.sms] Setting timestamp parameters: start=2025-09-19 02:07:00.0, end=2025-09-19 04:07:00.0
[2025-09-21 06:22:48.315] INFO  [MultiTableRepo.sms] No results found in table sms_shard_01.sms_20250919
[2025-09-21 06:22:48.316] INFO  [MultiTableRepo.sms] Executing SQL: SELECT * FROM sms_shard_01.sms_20250915 WHERE id = ? AND created_at >= ? AND created_at < ?
[2025-09-21 06:22:48.316] INFO  [MultiTableRepo.sms] Parameters: id=fe21e177-d897-4f68-89bc-44420fdaad34, startValue=2025-09-15T16:44, endValue=2025-09-15T16:46
[2025-09-21 06:22:48.317] INFO  [MultiTableRepo.sms] Setting timestamp parameters: start=2025-09-15 16:44:00.0, end=2025-09-15 16:46:00.0
[2025-09-21 06:22:48.317] INFO  [MultiTableRepo.sms] No results found in table sms_shard_01.sms_20250915
[2025-09-21 06:22:48.319] INFO  [MultiTableRepo.sms] Executing SQL: SELECT * FROM sms_shard_01.sms_20250917 WHERE id = ? AND created_at >= ? AND created_at < ?
[2025-09-21 06:22:48.319] INFO  [MultiTableRepo.sms] Parameters: id=3cbb2a56-f949-42d9-a7ed-2e8076489144, startValue=2025-09-17T00:26, endValue=2025-09-17T00:28
[2025-09-21 06:22:48.320] INFO  [MultiTableRepo.sms] Setting timestamp parameters: start=2025-09-17 00:26:00.0, end=2025-09-17 00:28:00.0
[2025-09-21 06:22:48.320] INFO  [MultiTableRepo.sms] No results found in table sms_shard_01.sms_20250917
[2025-09-21 06:22:48.321] INFO  [MultiTableRepo.sms] Executing SQL: SELECT * FROM sms_shard_01.sms_20250919 WHERE id = ? AND created_at >= ? AND created_at < ?
[2025-09-21 06:22:48.321] INFO  [MultiTableRepo.sms] Parameters: id=a088d6be-cc9e-4dce-90d7-c08d4f572788, startValue=2025-09-19T00:24, endValue=2025-09-19T02:24
[2025-09-21 06:22:48.322] INFO  [MultiTableRepo.sms] Setting timestamp parameters: start=2025-09-19 00:24:00.0, end=2025-09-19 02:24:00.0
[2025-09-21 06:22:48.322] INFO  [MultiTableRepo.sms] No results found in table sms_shard_01.sms_20250919
[2025-09-21 06:22:48.323] INFO  [MultiTableRepo.sms] Executing SQL: SELECT * FROM sms_shard_01.sms_20250918 WHERE id = ? AND created_at >= ? AND created_at < ?
[2025-09-21 06:22:48.323] INFO  [MultiTableRepo.sms] Parameters: id=3a886ab2-aded-4d34-b77c-31df96cd6047, startValue=2025-09-18T03:10:59, endValue=2025-09-18T03:11:01
[2025-09-21 06:22:48.324] INFO  [MultiTableRepo.sms] Setting timestamp parameters: start=2025-09-18 03:10:59.0, end=2025-09-18 03:11:01.0
[2025-09-21 06:22:48.324] INFO  [MultiTableRepo.sms] No results found in table sms_shard_01.sms_20250918
[2025-09-21 06:22:48.326] INFO  [MultiTableRepo.sms] Executing SQL: SELECT * FROM sms_shard_01.sms_20250918 WHERE id = ? AND created_at >= ? AND created_at < ?
[2025-09-21 06:22:48.326] INFO  [MultiTableRepo.sms] Parameters: id=be36cc94-aae6-47ae-a489-20bc22df755d, startValue=2025-09-18T10:14:59, endValue=2025-09-18T10:15:01
[2025-09-21 06:22:48.326] INFO  [MultiTableRepo.sms] Setting timestamp parameters: start=2025-09-18 10:14:59.0, end=2025-09-18 10:15:01.0
[2025-09-21 06:22:48.327] INFO  [MultiTableRepo.sms] No results found in table sms_shard_01.sms_20250918
[2025-09-21 06:22:48.328] INFO  [MultiTableRepo.sms] Executing SQL: SELECT * FROM sms_shard_01.sms_20250919 WHERE id = ? AND created_at >= ? AND created_at < ?
[2025-09-21 06:22:48.328] INFO  [MultiTableRepo.sms] Parameters: id=89d89448-993c-4ddf-9d6f-443b0cf61dce, startValue=2025-09-19T18:36:59, endValue=2025-09-19T18:37:01
[2025-09-21 06:22:48.329] INFO  [MultiTableRepo.sms] Setting timestamp parameters: start=2025-09-19 18:36:59.0, end=2025-09-19 18:37:01.0
[2025-09-21 06:22:48.329] INFO  [MultiTableRepo.sms] No results found in table sms_shard_01.sms_20250919
[2025-09-21 06:22:48.330] INFO  [MultiTableRepo.sms] Executing SQL: SELECT * FROM sms_shard_01.sms_20250921 WHERE id = ? AND created_at >= ? AND created_at < ?
[2025-09-21 06:22:48.330] INFO  [MultiTableRepo.sms] Parameters: id=8d3fb301-c01f-4bbc-a46e-2f8258db35c6, startValue=2025-09-21T19:01:59, endValue=2025-09-21T19:02:01
[2025-09-21 06:22:48.331] INFO  [MultiTableRepo.sms] Setting timestamp parameters: start=2025-09-21 19:01:59.0, end=2025-09-21 19:02:01.0
[2025-09-21 06:22:48.331] INFO  [MultiTableRepo.sms] No results found in table sms_shard_01.sms_20250921
[2025-09-21 06:22:48.333] INFO  [MultiTableRepo.sms] Executing SQL: SELECT * FROM sms_shard_01.sms_20250918 WHERE id = ? AND created_at >= ? AND created_at < ?
[2025-09-21 06:22:48.333] INFO  [MultiTableRepo.sms] Parameters: id=aa2f2dc7-2657-4c2f-9fd4-fb548bcf4f67, startValue=2025-09-18T15:43, endValue=2025-09-18T15:45
[2025-09-21 06:22:48.334] INFO  [MultiTableRepo.sms] Setting timestamp parameters: start=2025-09-18 15:43:00.0, end=2025-09-18 15:45:00.0
[2025-09-21 06:22:48.334] INFO  [MultiTableRepo.sms] No results found in table sms_shard_01.sms_20250918
[2025-09-21 06:22:48.335] INFO  [MultiTableRepo.sms] Executing SQL: SELECT * FROM sms_shard_01.sms_20250920 WHERE id = ? AND created_at >= ? AND created_at < ?
[2025-09-21 06:22:48.335] INFO  [MultiTableRepo.sms] Parameters: id=7c42574c-8283-48de-87c6-4ff6a22f3c75, startValue=2025-09-20T08:12:59, endValue=2025-09-20T08:13:01
[2025-09-21 06:22:48.336] INFO  [MultiTableRepo.sms] Setting timestamp parameters: start=2025-09-20 08:12:59.0, end=2025-09-20 08:13:01.0
[2025-09-21 06:22:48.336] INFO  [MultiTableRepo.sms] No results found in table sms_shard_01.sms_20250920

=== Comprehensive Entity Verification Summary ===
Total SMS records tested: 1000
Successfully found with all fields matching: 0
Found but with field mismatches: 0
Not found with valid range: 1000
Correctly returned null for invalid ranges: 0
Success rate (valid ranges): 0.00%
]]></system-out>
    <system-err><![CDATA[  ✗ Failed to find SMS 1580701b with MINUTE range (created: 2025-09-20T17:53, range: 2025-09-20T17:52 to 2025-09-20T17:54)
  ✗ Failed to find SMS 8a42628d with MINUTE range (created: 2025-09-15T12:11, range: 2025-09-15T12:10 to 2025-09-15T12:12)
  ✗ Failed to find SMS 51a30f15 with MINUTE range (created: 2025-09-15T03:59, range: 2025-09-15T03:58 to 2025-09-15T04:00)
  ✗ Failed to find SMS 6a20397b with HOUR range (created: 2025-09-20T10:35, range: 2025-09-20T09:35 to 2025-09-20T11:35)
  ✗ Failed to find SMS e73958b6 with MINUTE range (created: 2025-09-19T20:05, range: 2025-09-19T20:04 to 2025-09-19T20:06)
  ✗ Failed to find SMS 2cc75728 with MINUTE range (created: 2025-09-16T01:28, range: 2025-09-16T01:27 to 2025-09-16T01:29)
  ✗ Failed to find SMS 175cc042 with HOUR range (created: 2025-09-20T01:26, range: 2025-09-20T00:26 to 2025-09-20T02:26)
  ✗ Failed to find SMS cb0b4646 with SECOND range (created: 2025-09-21T16:20, range: 2025-09-21T16:19:59 to 2025-09-21T16:20:01)
  ✗ Failed to find SMS e64553ad with HOUR range (created: 2025-09-17T02:24, range: 2025-09-17T01:24 to 2025-09-17T03:24)
  ✗ Failed to find SMS 22112be7 with SECOND range (created: 2025-09-17T18:33, range: 2025-09-17T18:32:59 to 2025-09-17T18:33:01)
]]></system-err>
  </testcase>
</testsuite>