<?xml version="1.0" encoding="UTF-8"?>
<testsuite xmlns:xsi="http://www.w3.org/2001/XMLSchema-instance" xsi:noNamespaceSchemaLocation="https://maven.apache.org/surefire/maven-surefire-plugin/xsd/surefire-test-report.xsd" version="3.0.2" name="com.telcobright.splitverse.tests.SmsMultiTableHourlyPartitionTest" time="110.607" tests="7" errors="0" skipped="0" failures="0">
  <properties>
    <property name="java.specification.version" value="21"/>
    <property name="sun.jnu.encoding" value="UTF-8"/>
    <property name="java.class.path" value="/home/mustafa/telcobright-projects/routesphere/split-verse/target/test-classes:/home/mustafa/telcobright-projects/routesphere/split-verse/target/classes:/home/mustafa/.m2/repository/org/slf4j/slf4j-api/1.7.36/slf4j-api-1.7.36.jar:/home/mustafa/.m2/repository/com/mysql/mysql-connector-j/8.0.33/mysql-connector-j-8.0.33.jar:/home/mustafa/.m2/repository/com/telcobright/dbutil/1.0-SNAPSHOT/dbutil-1.0-SNAPSHOT.jar:/home/mustafa/.m2/repository/commons-io/commons-io/2.20.0/commons-io-2.20.0.jar:/home/mustafa/.m2/repository/org/apache/commons/commons-lang3/3.18.0/commons-lang3-3.18.0.jar:/home/mustafa/.m2/repository/ch/qos/logback/logback-classic/1.4.11/logback-classic-1.4.11.jar:/home/mustafa/.m2/repository/ch/qos/logback/logback-core/1.4.11/logback-core-1.4.11.jar:/home/mustafa/.m2/repository/org/springframework/data/spring-data-jpa/2.7.14/spring-data-jpa-2.7.14.jar:/home/mustafa/.m2/repository/org/springframework/data/spring-data-commons/2.7.14/spring-data-commons-2.7.14.jar:/home/mustafa/.m2/repository/org/springframework/spring-orm/5.3.29/spring-orm-5.3.29.jar:/home/mustafa/.m2/repository/org/springframework/spring-jdbc/5.3.29/spring-jdbc-5.3.29.jar:/home/mustafa/.m2/repository/org/springframework/spring-aop/5.3.29/spring-aop-5.3.29.jar:/home/mustafa/.m2/repository/org/springframework/spring-tx/5.3.29/spring-tx-5.3.29.jar:/home/mustafa/.m2/repository/org/springframework/spring-beans/5.3.29/spring-beans-5.3.29.jar:/home/mustafa/.m2/repository/org/springframework/spring-core/5.3.29/spring-core-5.3.29.jar:/home/mustafa/.m2/repository/org/springframework/spring-jcl/5.3.29/spring-jcl-5.3.29.jar:/home/mustafa/.m2/repository/javax/persistence/javax.persistence-api/2.2/javax.persistence-api-2.2.jar:/home/mustafa/.m2/repository/org/hibernate/hibernate-core/5.6.15.Final/hibernate-core-5.6.15.Final.jar:/home/mustafa/.m2/repository/org/jboss/logging/jboss-logging/3.6.1.Final/jboss-logging-3.6.1.Final.jar:/home/mustafa/.m2/repository/net/bytebuddy/byte-buddy/1.17.6/byte-buddy-1.17.6.jar:/home/mustafa/.m2/repository/antlr/antlr/2.7.7/antlr-2.7.7.jar:/home/mustafa/.m2/repository/org/jboss/spec/javax/transaction/jboss-transaction-api_1.2_spec/1.1.1.Final/jboss-transaction-api_1.2_spec-1.1.1.Final.jar:/home/mustafa/.m2/repository/org/jboss/jandex/2.4.2.Final/jandex-2.4.2.Final.jar:/home/mustafa/.m2/repository/com/fasterxml/classmate/1.7.0/classmate-1.7.0.jar:/home/mustafa/.m2/repository/javax/activation/javax.activation-api/1.2.0/javax.activation-api-1.2.0.jar:/home/mustafa/.m2/repository/org/hibernate/common/hibernate-commons-annotations/5.1.2.Final/hibernate-commons-annotations-5.1.2.Final.jar:/home/mustafa/.m2/repository/javax/xml/bind/jaxb-api/2.3.1/jaxb-api-2.3.1.jar:/home/mustafa/.m2/repository/org/glassfish/jaxb/jaxb-runtime/4.0.5/jaxb-runtime-4.0.5.jar:/home/mustafa/.m2/repository/org/glassfish/jaxb/jaxb-core/4.0.5/jaxb-core-4.0.5.jar:/home/mustafa/.m2/repository/org/eclipse/angus/angus-activation/2.0.2/angus-activation-2.0.2.jar:/home/mustafa/.m2/repository/org/glassfish/jaxb/txw2/4.0.5/txw2-4.0.5.jar:/home/mustafa/.m2/repository/com/sun/istack/istack-commons-runtime/4.1.2/istack-commons-runtime-4.1.2.jar:/home/mustafa/.m2/repository/org/springframework/spring-context/5.3.30/spring-context-5.3.30.jar:/home/mustafa/.m2/repository/org/springframework/spring-expression/5.3.30/spring-expression-5.3.30.jar:/home/mustafa/.m2/repository/com/zaxxer/HikariCP/5.0.1/HikariCP-5.0.1.jar:/home/mustafa/.m2/repository/org/springframework/boot/spring-boot-starter-test/2.7.14/spring-boot-starter-test-2.7.14.jar:/home/mustafa/.m2/repository/org/springframework/boot/spring-boot-starter/2.7.14/spring-boot-starter-2.7.14.jar:/home/mustafa/.m2/repository/org/springframework/boot/spring-boot/2.7.14/spring-boot-2.7.14.jar:/home/mustafa/.m2/repository/org/springframework/boot/spring-boot-autoconfigure/2.7.14/spring-boot-autoconfigure-2.7.14.jar:/home/mustafa/.m2/repository/org/springframework/boot/spring-boot-starter-logging/2.7.14/spring-boot-starter-logging-2.7.14.jar:/home/mustafa/.m2/repository/org/slf4j/jul-to-slf4j/1.7.36/jul-to-slf4j-1.7.36.jar:/home/mustafa/.m2/repository/jakarta/annotation/jakarta.annotation-api/3.0.0/jakarta.annotation-api-3.0.0.jar:/home/mustafa/.m2/repository/org/yaml/snakeyaml/2.4/snakeyaml-2.4.jar:/home/mustafa/.m2/repository/org/springframework/boot/spring-boot-test/2.7.14/spring-boot-test-2.7.14.jar:/home/mustafa/.m2/repository/org/springframework/boot/spring-boot-test-autoconfigure/2.7.14/spring-boot-test-autoconfigure-2.7.14.jar:/home/mustafa/.m2/repository/com/jayway/jsonpath/json-path/2.7.0/json-path-2.7.0.jar:/home/mustafa/.m2/repository/net/minidev/json-smart/2.4.7/json-smart-2.4.7.jar:/home/mustafa/.m2/repository/net/minidev/accessors-smart/2.4.7/accessors-smart-2.4.7.jar:/home/mustafa/.m2/repository/org/ow2/asm/asm/9.8/asm-9.8.jar:/home/mustafa/.m2/repository/jakarta/xml/bind/jakarta.xml.bind-api/4.0.2/jakarta.xml.bind-api-4.0.2.jar:/home/mustafa/.m2/repository/jakarta/activation/jakarta.activation-api/2.1.3/jakarta.activation-api-2.1.3.jar:/home/mustafa/.m2/repository/org/hamcrest/hamcrest/2.2/hamcrest-2.2.jar:/home/mustafa/.m2/repository/org/skyscreamer/jsonassert/1.5.1/jsonassert-1.5.1.jar:/home/mustafa/.m2/repository/com/vaadin/external/google/android-json/0.0.20131108.vaadin1/android-json-0.0.20131108.vaadin1.jar:/home/mustafa/.m2/repository/org/springframework/spring-test/5.3.29/spring-test-5.3.29.jar:/home/mustafa/.m2/repository/org/xmlunit/xmlunit-core/2.9.1/xmlunit-core-2.9.1.jar:/home/mustafa/.m2/repository/com/fasterxml/jackson/core/jackson-databind/2.15.2/jackson-databind-2.15.2.jar:/home/mustafa/.m2/repository/com/fasterxml/jackson/core/jackson-annotations/2.19.2/jackson-annotations-2.19.2.jar:/home/mustafa/.m2/repository/com/fasterxml/jackson/core/jackson-core/2.19.2/jackson-core-2.19.2.jar:/home/mustafa/.m2/repository/com/fasterxml/jackson/datatype/jackson-datatype-jsr310/2.15.2/jackson-datatype-jsr310-2.15.2.jar:/home/mustafa/.m2/repository/org/junit/jupiter/junit-jupiter/5.9.2/junit-jupiter-5.9.2.jar:/home/mustafa/.m2/repository/org/junit/jupiter/junit-jupiter-api/5.13.4/junit-jupiter-api-5.13.4.jar:/home/mustafa/.m2/repository/org/opentest4j/opentest4j/1.3.0/opentest4j-1.3.0.jar:/home/mustafa/.m2/repository/org/junit/platform/junit-platform-commons/1.13.4/junit-platform-commons-1.13.4.jar:/home/mustafa/.m2/repository/org/junit/jupiter/junit-jupiter-engine/5.13.4/junit-jupiter-engine-5.13.4.jar:/home/mustafa/.m2/repository/org/junit/platform/junit-platform-engine/1.13.4/junit-platform-engine-1.13.4.jar:/home/mustafa/.m2/repository/org/junit/jupiter/junit-jupiter-params/5.9.2/junit-jupiter-params-5.9.2.jar:/home/mustafa/.m2/repository/org/apiguardian/apiguardian-api/1.1.2/apiguardian-api-1.1.2.jar:/home/mustafa/.m2/repository/org/mockito/mockito-core/5.1.1/mockito-core-5.1.1.jar:/home/mustafa/.m2/repository/net/bytebuddy/byte-buddy-agent/1.12.22/byte-buddy-agent-1.12.22.jar:/home/mustafa/.m2/repository/org/objenesis/objenesis/3.3/objenesis-3.3.jar:/home/mustafa/.m2/repository/org/mockito/mockito-junit-jupiter/5.1.1/mockito-junit-jupiter-5.1.1.jar:/home/mustafa/.m2/repository/org/assertj/assertj-core/3.24.2/assertj-core-3.24.2.jar:/home/mustafa/.m2/repository/org/testcontainers/junit-jupiter/1.19.0/junit-jupiter-1.19.0.jar:/home/mustafa/.m2/repository/org/testcontainers/testcontainers/1.21.3/testcontainers-1.21.3.jar:/home/mustafa/.m2/repository/junit/junit/4.13.2/junit-4.13.2.jar:/home/mustafa/.m2/repository/org/apache/commons/commons-compress/1.28.0/commons-compress-1.28.0.jar:/home/mustafa/.m2/repository/commons-codec/commons-codec/1.19.0/commons-codec-1.19.0.jar:/home/mustafa/.m2/repository/org/rnorth/duct-tape/duct-tape/1.0.8/duct-tape-1.0.8.jar:/home/mustafa/.m2/repository/org/jetbrains/annotations/26.0.2/annotations-26.0.2.jar:/home/mustafa/.m2/repository/com/github/docker-java/docker-java-api/3.4.2/docker-java-api-3.4.2.jar:/home/mustafa/.m2/repository/com/github/docker-java/docker-java-transport-zerodep/3.4.2/docker-java-transport-zerodep-3.4.2.jar:/home/mustafa/.m2/repository/com/github/docker-java/docker-java-transport/3.4.2/docker-java-transport-3.4.2.jar:/home/mustafa/.m2/repository/net/java/dev/jna/jna/5.8.0/jna-5.8.0.jar:/home/mustafa/.m2/repository/org/testcontainers/mysql/1.19.0/mysql-1.19.0.jar:/home/mustafa/.m2/repository/org/testcontainers/jdbc/1.21.3/jdbc-1.21.3.jar:/home/mustafa/.m2/repository/org/testcontainers/database-commons/1.21.3/database-commons-1.21.3.jar:/home/mustafa/.m2/repository/org/awaitility/awaitility/4.2.0/awaitility-4.2.0.jar:/home/mustafa/.m2/repository/org/slf4j/slf4j-simple/1.7.36/slf4j-simple-1.7.36.jar:"/>
    <property name="java.vm.vendor" value="Eclipse Adoptium"/>
    <property name="sun.arch.data.model" value="64"/>
    <property name="java.vendor.url" value="https://adoptium.net/"/>
    <property name="user.timezone" value="Asia/Dhaka"/>
    <property name="os.name" value="Linux"/>
    <property name="java.vm.specification.version" value="21"/>
    <property name="sun.java.launcher" value="SUN_STANDARD"/>
    <property name="user.country" value="US"/>
    <property name="sun.boot.library.path" value="/home/mustafa/.sdkman/candidates/java/21-tem/lib"/>
    <property name="sun.java.command" value="/home/mustafa/telcobright-projects/routesphere/split-verse/target/surefire/surefirebooter-20250921003334400_3.jar /home/mustafa/telcobright-projects/routesphere/split-verse/target/surefire 2025-09-21T00-33-34_323-jvmRun1 surefire-20250921003334400_1tmp surefire_0-20250921003334400_2tmp"/>
    <property name="jdk.debug" value="release"/>
    <property name="test" value="SmsMultiTableHourlyPartitionTest"/>
    <property name="surefire.test.class.path" value="/home/mustafa/telcobright-projects/routesphere/split-verse/target/test-classes:/home/mustafa/telcobright-projects/routesphere/split-verse/target/classes:/home/mustafa/.m2/repository/org/slf4j/slf4j-api/1.7.36/slf4j-api-1.7.36.jar:/home/mustafa/.m2/repository/com/mysql/mysql-connector-j/8.0.33/mysql-connector-j-8.0.33.jar:/home/mustafa/.m2/repository/com/telcobright/dbutil/1.0-SNAPSHOT/dbutil-1.0-SNAPSHOT.jar:/home/mustafa/.m2/repository/commons-io/commons-io/2.20.0/commons-io-2.20.0.jar:/home/mustafa/.m2/repository/org/apache/commons/commons-lang3/3.18.0/commons-lang3-3.18.0.jar:/home/mustafa/.m2/repository/ch/qos/logback/logback-classic/1.4.11/logback-classic-1.4.11.jar:/home/mustafa/.m2/repository/ch/qos/logback/logback-core/1.4.11/logback-core-1.4.11.jar:/home/mustafa/.m2/repository/org/springframework/data/spring-data-jpa/2.7.14/spring-data-jpa-2.7.14.jar:/home/mustafa/.m2/repository/org/springframework/data/spring-data-commons/2.7.14/spring-data-commons-2.7.14.jar:/home/mustafa/.m2/repository/org/springframework/spring-orm/5.3.29/spring-orm-5.3.29.jar:/home/mustafa/.m2/repository/org/springframework/spring-jdbc/5.3.29/spring-jdbc-5.3.29.jar:/home/mustafa/.m2/repository/org/springframework/spring-aop/5.3.29/spring-aop-5.3.29.jar:/home/mustafa/.m2/repository/org/springframework/spring-tx/5.3.29/spring-tx-5.3.29.jar:/home/mustafa/.m2/repository/org/springframework/spring-beans/5.3.29/spring-beans-5.3.29.jar:/home/mustafa/.m2/repository/org/springframework/spring-core/5.3.29/spring-core-5.3.29.jar:/home/mustafa/.m2/repository/org/springframework/spring-jcl/5.3.29/spring-jcl-5.3.29.jar:/home/mustafa/.m2/repository/javax/persistence/javax.persistence-api/2.2/javax.persistence-api-2.2.jar:/home/mustafa/.m2/repository/org/hibernate/hibernate-core/5.6.15.Final/hibernate-core-5.6.15.Final.jar:/home/mustafa/.m2/repository/org/jboss/logging/jboss-logging/3.6.1.Final/jboss-logging-3.6.1.Final.jar:/home/mustafa/.m2/repository/net/bytebuddy/byte-buddy/1.17.6/byte-buddy-1.17.6.jar:/home/mustafa/.m2/repository/antlr/antlr/2.7.7/antlr-2.7.7.jar:/home/mustafa/.m2/repository/org/jboss/spec/javax/transaction/jboss-transaction-api_1.2_spec/1.1.1.Final/jboss-transaction-api_1.2_spec-1.1.1.Final.jar:/home/mustafa/.m2/repository/org/jboss/jandex/2.4.2.Final/jandex-2.4.2.Final.jar:/home/mustafa/.m2/repository/com/fasterxml/classmate/1.7.0/classmate-1.7.0.jar:/home/mustafa/.m2/repository/javax/activation/javax.activation-api/1.2.0/javax.activation-api-1.2.0.jar:/home/mustafa/.m2/repository/org/hibernate/common/hibernate-commons-annotations/5.1.2.Final/hibernate-commons-annotations-5.1.2.Final.jar:/home/mustafa/.m2/repository/javax/xml/bind/jaxb-api/2.3.1/jaxb-api-2.3.1.jar:/home/mustafa/.m2/repository/org/glassfish/jaxb/jaxb-runtime/4.0.5/jaxb-runtime-4.0.5.jar:/home/mustafa/.m2/repository/org/glassfish/jaxb/jaxb-core/4.0.5/jaxb-core-4.0.5.jar:/home/mustafa/.m2/repository/org/eclipse/angus/angus-activation/2.0.2/angus-activation-2.0.2.jar:/home/mustafa/.m2/repository/org/glassfish/jaxb/txw2/4.0.5/txw2-4.0.5.jar:/home/mustafa/.m2/repository/com/sun/istack/istack-commons-runtime/4.1.2/istack-commons-runtime-4.1.2.jar:/home/mustafa/.m2/repository/org/springframework/spring-context/5.3.30/spring-context-5.3.30.jar:/home/mustafa/.m2/repository/org/springframework/spring-expression/5.3.30/spring-expression-5.3.30.jar:/home/mustafa/.m2/repository/com/zaxxer/HikariCP/5.0.1/HikariCP-5.0.1.jar:/home/mustafa/.m2/repository/org/springframework/boot/spring-boot-starter-test/2.7.14/spring-boot-starter-test-2.7.14.jar:/home/mustafa/.m2/repository/org/springframework/boot/spring-boot-starter/2.7.14/spring-boot-starter-2.7.14.jar:/home/mustafa/.m2/repository/org/springframework/boot/spring-boot/2.7.14/spring-boot-2.7.14.jar:/home/mustafa/.m2/repository/org/springframework/boot/spring-boot-autoconfigure/2.7.14/spring-boot-autoconfigure-2.7.14.jar:/home/mustafa/.m2/repository/org/springframework/boot/spring-boot-starter-logging/2.7.14/spring-boot-starter-logging-2.7.14.jar:/home/mustafa/.m2/repository/org/slf4j/jul-to-slf4j/1.7.36/jul-to-slf4j-1.7.36.jar:/home/mustafa/.m2/repository/jakarta/annotation/jakarta.annotation-api/3.0.0/jakarta.annotation-api-3.0.0.jar:/home/mustafa/.m2/repository/org/yaml/snakeyaml/2.4/snakeyaml-2.4.jar:/home/mustafa/.m2/repository/org/springframework/boot/spring-boot-test/2.7.14/spring-boot-test-2.7.14.jar:/home/mustafa/.m2/repository/org/springframework/boot/spring-boot-test-autoconfigure/2.7.14/spring-boot-test-autoconfigure-2.7.14.jar:/home/mustafa/.m2/repository/com/jayway/jsonpath/json-path/2.7.0/json-path-2.7.0.jar:/home/mustafa/.m2/repository/net/minidev/json-smart/2.4.7/json-smart-2.4.7.jar:/home/mustafa/.m2/repository/net/minidev/accessors-smart/2.4.7/accessors-smart-2.4.7.jar:/home/mustafa/.m2/repository/org/ow2/asm/asm/9.8/asm-9.8.jar:/home/mustafa/.m2/repository/jakarta/xml/bind/jakarta.xml.bind-api/4.0.2/jakarta.xml.bind-api-4.0.2.jar:/home/mustafa/.m2/repository/jakarta/activation/jakarta.activation-api/2.1.3/jakarta.activation-api-2.1.3.jar:/home/mustafa/.m2/repository/org/hamcrest/hamcrest/2.2/hamcrest-2.2.jar:/home/mustafa/.m2/repository/org/skyscreamer/jsonassert/1.5.1/jsonassert-1.5.1.jar:/home/mustafa/.m2/repository/com/vaadin/external/google/android-json/0.0.20131108.vaadin1/android-json-0.0.20131108.vaadin1.jar:/home/mustafa/.m2/repository/org/springframework/spring-test/5.3.29/spring-test-5.3.29.jar:/home/mustafa/.m2/repository/org/xmlunit/xmlunit-core/2.9.1/xmlunit-core-2.9.1.jar:/home/mustafa/.m2/repository/com/fasterxml/jackson/core/jackson-databind/2.15.2/jackson-databind-2.15.2.jar:/home/mustafa/.m2/repository/com/fasterxml/jackson/core/jackson-annotations/2.19.2/jackson-annotations-2.19.2.jar:/home/mustafa/.m2/repository/com/fasterxml/jackson/core/jackson-core/2.19.2/jackson-core-2.19.2.jar:/home/mustafa/.m2/repository/com/fasterxml/jackson/datatype/jackson-datatype-jsr310/2.15.2/jackson-datatype-jsr310-2.15.2.jar:/home/mustafa/.m2/repository/org/junit/jupiter/junit-jupiter/5.9.2/junit-jupiter-5.9.2.jar:/home/mustafa/.m2/repository/org/junit/jupiter/junit-jupiter-api/5.13.4/junit-jupiter-api-5.13.4.jar:/home/mustafa/.m2/repository/org/opentest4j/opentest4j/1.3.0/opentest4j-1.3.0.jar:/home/mustafa/.m2/repository/org/junit/platform/junit-platform-commons/1.13.4/junit-platform-commons-1.13.4.jar:/home/mustafa/.m2/repository/org/junit/jupiter/junit-jupiter-engine/5.13.4/junit-jupiter-engine-5.13.4.jar:/home/mustafa/.m2/repository/org/junit/platform/junit-platform-engine/1.13.4/junit-platform-engine-1.13.4.jar:/home/mustafa/.m2/repository/org/junit/jupiter/junit-jupiter-params/5.9.2/junit-jupiter-params-5.9.2.jar:/home/mustafa/.m2/repository/org/apiguardian/apiguardian-api/1.1.2/apiguardian-api-1.1.2.jar:/home/mustafa/.m2/repository/org/mockito/mockito-core/5.1.1/mockito-core-5.1.1.jar:/home/mustafa/.m2/repository/net/bytebuddy/byte-buddy-agent/1.12.22/byte-buddy-agent-1.12.22.jar:/home/mustafa/.m2/repository/org/objenesis/objenesis/3.3/objenesis-3.3.jar:/home/mustafa/.m2/repository/org/mockito/mockito-junit-jupiter/5.1.1/mockito-junit-jupiter-5.1.1.jar:/home/mustafa/.m2/repository/org/assertj/assertj-core/3.24.2/assertj-core-3.24.2.jar:/home/mustafa/.m2/repository/org/testcontainers/junit-jupiter/1.19.0/junit-jupiter-1.19.0.jar:/home/mustafa/.m2/repository/org/testcontainers/testcontainers/1.21.3/testcontainers-1.21.3.jar:/home/mustafa/.m2/repository/junit/junit/4.13.2/junit-4.13.2.jar:/home/mustafa/.m2/repository/org/apache/commons/commons-compress/1.28.0/commons-compress-1.28.0.jar:/home/mustafa/.m2/repository/commons-codec/commons-codec/1.19.0/commons-codec-1.19.0.jar:/home/mustafa/.m2/repository/org/rnorth/duct-tape/duct-tape/1.0.8/duct-tape-1.0.8.jar:/home/mustafa/.m2/repository/org/jetbrains/annotations/26.0.2/annotations-26.0.2.jar:/home/mustafa/.m2/repository/com/github/docker-java/docker-java-api/3.4.2/docker-java-api-3.4.2.jar:/home/mustafa/.m2/repository/com/github/docker-java/docker-java-transport-zerodep/3.4.2/docker-java-transport-zerodep-3.4.2.jar:/home/mustafa/.m2/repository/com/github/docker-java/docker-java-transport/3.4.2/docker-java-transport-3.4.2.jar:/home/mustafa/.m2/repository/net/java/dev/jna/jna/5.8.0/jna-5.8.0.jar:/home/mustafa/.m2/repository/org/testcontainers/mysql/1.19.0/mysql-1.19.0.jar:/home/mustafa/.m2/repository/org/testcontainers/jdbc/1.21.3/jdbc-1.21.3.jar:/home/mustafa/.m2/repository/org/testcontainers/database-commons/1.21.3/database-commons-1.21.3.jar:/home/mustafa/.m2/repository/org/awaitility/awaitility/4.2.0/awaitility-4.2.0.jar:/home/mustafa/.m2/repository/org/slf4j/slf4j-simple/1.7.36/slf4j-simple-1.7.36.jar:"/>
    <property name="sun.cpu.endian" value="little"/>
    <property name="user.home" value="/home/mustafa"/>
    <property name="user.language" value="en"/>
    <property name="java.specification.vendor" value="Oracle Corporation"/>
    <property name="java.version.date" value="2023-09-19"/>
    <property name="java.home" value="/home/mustafa/.sdkman/candidates/java/21-tem"/>
    <property name="file.separator" value="/"/>
    <property name="basedir" value="/home/mustafa/telcobright-projects/routesphere/split-verse"/>
    <property name="java.vm.compressedOopsMode" value="Zero based"/>
    <property name="line.separator" value="&#10;"/>
    <property name="java.vm.specification.vendor" value="Oracle Corporation"/>
    <property name="java.specification.name" value="Java Platform API Specification"/>
    <property name="surefire.real.class.path" value="/home/mustafa/telcobright-projects/routesphere/split-verse/target/surefire/surefirebooter-20250921003334400_3.jar"/>
    <property name="sun.management.compiler" value="HotSpot 64-Bit Tiered Compilers"/>
    <property name="java.runtime.version" value="21+35-LTS"/>
    <property name="user.name" value="mustafa"/>
    <property name="stdout.encoding" value="UTF-8"/>
    <property name="path.separator" value=":"/>
    <property name="os.version" value="6.14.0-29-generic"/>
    <property name="java.runtime.name" value="OpenJDK Runtime Environment"/>
    <property name="file.encoding" value="UTF-8"/>
    <property name="java.vm.name" value="OpenJDK 64-Bit Server VM"/>
    <property name="java.vendor.version" value="Temurin-21+35"/>
    <property name="localRepository" value="/home/mustafa/.m2/repository"/>
    <property name="java.vendor.url.bug" value="https://github.com/adoptium/adoptium-support/issues"/>
    <property name="java.io.tmpdir" value="/tmp"/>
    <property name="java.version" value="21"/>
    <property name="user.dir" value="/home/mustafa/telcobright-projects/routesphere/split-verse"/>
    <property name="os.arch" value="amd64"/>
    <property name="java.vm.specification.name" value="Java Virtual Machine Specification"/>
    <property name="native.encoding" value="UTF-8"/>
    <property name="java.library.path" value="/usr/java/packages/lib:/usr/lib64:/lib64:/lib:/usr/lib"/>
    <property name="java.vm.info" value="mixed mode, sharing"/>
    <property name="stderr.encoding" value="UTF-8"/>
    <property name="java.vendor" value="Eclipse Adoptium"/>
    <property name="java.vm.version" value="21+35-LTS"/>
    <property name="sun.io.unicode.encoding" value="UnicodeLittle"/>
    <property name="java.class.version" value="65.0"/>
  </properties>
  <testcase name="testInsertTenThousandSmsRecords" classname="com.telcobright.splitverse.tests.SmsMultiTableHourlyPartitionTest" time="65.769">
    <system-out><![CDATA[
=== SMS Multi-Table Hourly Partition Test Setup ===
Database: sms_shard_01
Mode: Multi-table with daily tables, hourly native partitions
Tables to create: 15 days
Test period: 7 days
Total records: 10000
✓ Database created
[SplitVerse] Building repository with:
  Entity: SmsRecord
  Table: auto-detect
  Sharding Strategy: SINGLE_KEY_HASH
  Repository Mode: MULTI_TABLE
  Table Granularity: DAILY
  Retention Days: 15
  ID Size: 22 bytes
  Charset: utf8mb4, Collation: utf8mb4_bin
  Shards: 1
[2025-09-21 00:33:46.393] INFO  [MultiTableRepo.sms] Initializing daily tables for retention period: 2025-09-06 to 2025-10-06 (31 days)
[2025-09-21 00:34:05.118] INFO  [MultiTableRepo.sms] Completed table initialization
[SplitVerse] Initialized shard: shard_01
[SplitVerse] Initialized with 1 active shard(s)
✓ Repository configured with daily tables and hourly partitions

=== Test 1: Insert 10,000 SMS Records ===
Inserting 10000 SMS records across 7 days...
  Progress: 1000/10000
  Progress: 2000/10000
  Progress: 3000/10000
  Progress: 4000/10000
  Progress: 5000/10000
  Progress: 6000/10000
  Progress: 7000/10000
  Progress: 8000/10000
  Progress: 9000/10000
  Progress: 10000/10000
✓ Successfully inserted 10000 SMS records

Record distribution by day:
  2025-09-18: 1429 records
  2025-09-17: 1428 records
  2025-09-16: 1428 records
  2025-09-15: 1428 records
  2025-09-19: 1429 records
  2025-09-21: 1429 records
  2025-09-20: 1429 records
]]></system-out>
    <system-err><![CDATA[Sep 21, 2025 12:33:46 AM com.telcobright.core.connection.ConnectionProvider <init>
INFO: ConnectionProvider initialized for: jdbc:mysql://127.0.0.1:3306/sms_shard_01?useSSL=false&serverTimezone=UTC&useLegacyDatetimeCode=false&preserveInstants=true
]]></system-err>
  </testcase>
  <testcase name="testVerifyDailyTables" classname="com.telcobright.splitverse.tests.SmsMultiTableHourlyPartitionTest" time="0.039">
    <system-out><![CDATA[
=== Test 2: Verify Daily Tables Creation ===

Created tables:
  ✓ sms_20250906
  ✓ sms_20250907
  ✓ sms_20250908
  ✓ sms_20250909
  ✓ sms_20250910
  ✓ sms_20250911
  ✓ sms_20250912
  ✓ sms_20250913
  ✓ sms_20250914
  ✓ sms_20250915
  ✓ sms_20250916
  ✓ sms_20250917
  ✓ sms_20250918
  ✓ sms_20250919
  ✓ sms_20250920
  ✓ sms_20250921
  ✓ sms_20250922
  ✓ sms_20250923
  ✓ sms_20250924
  ✓ sms_20250925
  ✓ sms_20250926
  ✓ sms_20250927
  ✓ sms_20250928
  ✓ sms_20250929
  ✓ sms_20250930
  ✓ sms_20251001
  ✓ sms_20251002
  ✓ sms_20251003
  ✓ sms_20251004
  ✓ sms_20251005
  ✓ sms_20251006

✓ Verified 31 daily tables created
]]></system-out>
  </testcase>
  <testcase name="testVerifyHourlyPartitions" classname="com.telcobright.splitverse.tests.SmsMultiTableHourlyPartitionTest" time="0.03">
    <system-out><![CDATA[
=== Test 3: Verify Hourly Partitions in Each Table ===

Partitions for table: sms_20250906
  Total partitions: 24, Total rows: 0

Partitions for table: sms_20250907
  Total partitions: 24, Total rows: 0

Partitions for table: sms_20250908
  Total partitions: 24, Total rows: 0

✓ Verified hourly partitions in daily tables
]]></system-out>
  </testcase>
  <testcase name="testVerifyPartitionDistribution" classname="com.telcobright.splitverse.tests.SmsMultiTableHourlyPartitionTest" time="0.017">
    <system-out><![CDATA[
=== Test 4: Verify Partition Distribution Within Day ===

Analyzing hourly distribution for table: sms_20250921

Hourly distribution:
  Hour 01: 60 records
  Hour 02: 57 records
  Hour 03: 61 records
  Hour 04: 69 records
  Hour 05: 58 records
  Hour 06: 56 records
  Hour 07: 65 records
  Hour 08: 48 records
  Hour 09: 61 records
  Hour 10: 72 records
  Hour 11: 55 records
  Hour 12: 50 records
  Hour 13: 65 records
  Hour 14: 76 records
  Hour 15: 53 records
  Hour 16: 53 records
  Hour 17: 55 records
  Hour 18: 64 records
  Hour 19: 65 records
  Hour 20: 56 records
  Hour 21: 60 records
  Hour 22: 59 records
  Hour 23: 57 records
  Hour 24: 54 records

Total records in sms_20250921: 1429
Non-empty partitions: 24/24
✓ Verified hourly partition distribution
]]></system-out>
  </testcase>
  <testcase name="testRetrieveRecordsByTimeRange" classname="com.telcobright.splitverse.tests.SmsMultiTableHourlyPartitionTest" time="0.011">
    <system-out><![CDATA[
=== Test 5: Retrieve Records by Time Range ===
Querying records between:
  Start: 2025-09-20T10:00
  End: 2025-09-20T11:00

Records found in time range: 59
Partitions accessed: p_h05
✓ Successfully retrieved records with partition pruning
]]></system-out>
  </testcase>
  <testcase name="testVerifyTableStructure" classname="com.telcobright.splitverse.tests.SmsMultiTableHourlyPartitionTest" time="0.009">
    <system-out><![CDATA[
=== Test 6: Verify Table Structure with Partitions ===

Table structure for sms_20250921:
✓ Table has correct structure with 24 hourly partitions
✓ Using RANGE COLUMNS partitioning on created_at
]]></system-out>
  </testcase>
  <testcase name="testFindByIdAndPartitionColRange" classname="com.telcobright.splitverse.tests.SmsMultiTableHourlyPartitionTest" time="15.069">
    <system-out><![CDATA[
=== Test 7: Comprehensive Entity Verification with findByIdAndPartitionColRange ===
Testing all 10000 SMS records with complete entity comparison...

  ✓ [1000/1000] Correctly returned null for invalid range

=== Comprehensive Entity Verification Summary ===
Total SMS records tested: 1000
Successfully found with all fields matching: 784
Found but with field mismatches: 0
Not found with valid range: 0
Correctly returned null for invalid ranges: 216
Success rate (valid ranges): 100.00%

=== Testing Edge Cases ===
✓ Found SMS with exact timestamp range
✓ Found SMS with wide date range

✓ Comprehensive entity verification test completed successfully
]]></system-out>
    <system-err><![CDATA[[2025-09-21 00:35:11.093] WARN  [MultiTableRepo.sms] Table does not exist: sms_shard_01.sms_20250816
[2025-09-21 00:35:11.095] WARN  [MultiTableRepo.sms] Table does not exist: sms_shard_01.sms_20250817
[2025-09-21 00:35:11.097] WARN  [MultiTableRepo.sms] Table does not exist: sms_shard_01.sms_20250818
[2025-09-21 00:35:11.102] WARN  [MultiTableRepo.sms] Table does not exist: sms_shard_01.sms_20250819
[2025-09-21 00:35:11.106] WARN  [MultiTableRepo.sms] Table does not exist: sms_shard_01.sms_20250820
[2025-09-21 00:35:11.109] WARN  [MultiTableRepo.sms] Table does not exist: sms_shard_01.sms_20250821
[2025-09-21 00:35:11.110] WARN  [MultiTableRepo.sms] Table does not exist: sms_shard_01.sms_20250822
[2025-09-21 00:35:11.114] WARN  [MultiTableRepo.sms] Table does not exist: sms_shard_01.sms_20250823
[2025-09-21 00:35:11.115] WARN  [MultiTableRepo.sms] Table does not exist: sms_shard_01.sms_20250824
[2025-09-21 00:35:11.117] WARN  [MultiTableRepo.sms] Table does not exist: sms_shard_01.sms_20250825
[2025-09-21 00:35:11.119] WARN  [MultiTableRepo.sms] Table does not exist: sms_shard_01.sms_20250826
[2025-09-21 00:35:11.121] WARN  [MultiTableRepo.sms] Table does not exist: sms_shard_01.sms_20250827
[2025-09-21 00:35:11.122] WARN  [MultiTableRepo.sms] Table does not exist: sms_shard_01.sms_20250828
[2025-09-21 00:35:11.124] WARN  [MultiTableRepo.sms] Table does not exist: sms_shard_01.sms_20250829
[2025-09-21 00:35:11.126] WARN  [MultiTableRepo.sms] Table does not exist: sms_shard_01.sms_20250830
[2025-09-21 00:35:11.128] WARN  [MultiTableRepo.sms] Table does not exist: sms_shard_01.sms_20250831
[2025-09-21 00:35:11.130] WARN  [MultiTableRepo.sms] Table does not exist: sms_shard_01.sms_20250901
[2025-09-21 00:35:11.131] WARN  [MultiTableRepo.sms] Table does not exist: sms_shard_01.sms_20250902
[2025-09-21 00:35:11.134] WARN  [MultiTableRepo.sms] Table does not exist: sms_shard_01.sms_20250903
[2025-09-21 00:35:11.135] WARN  [MultiTableRepo.sms] Table does not exist: sms_shard_01.sms_20250904
[2025-09-21 00:35:11.137] WARN  [MultiTableRepo.sms] Table does not exist: sms_shard_01.sms_20250905
[2025-09-21 00:35:11.183] WARN  [MultiTableRepo.sms] Table does not exist: sms_shard_01.sms_20250819
[2025-09-21 00:35:11.184] WARN  [MultiTableRepo.sms] Table does not exist: sms_shard_01.sms_20250820
[2025-09-21 00:35:11.186] WARN  [MultiTableRepo.sms] Table does not exist: sms_shard_01.sms_20250821
[2025-09-21 00:35:11.188] WARN  [MultiTableRepo.sms] Table does not exist: sms_shard_01.sms_20250822
[2025-09-21 00:35:11.189] WARN  [MultiTableRepo.sms] Table does not exist: sms_shard_01.sms_20250823
[2025-09-21 00:35:11.191] WARN  [MultiTableRepo.sms] Table does not exist: sms_shard_01.sms_20250824
[2025-09-21 00:35:11.192] WARN  [MultiTableRepo.sms] Table does not exist: sms_shard_01.sms_20250825
[2025-09-21 00:35:11.193] WARN  [MultiTableRepo.sms] Table does not exist: sms_shard_01.sms_20250826
[2025-09-21 00:35:11.195] WARN  [MultiTableRepo.sms] Table does not exist: sms_shard_01.sms_20250827
[2025-09-21 00:35:11.196] WARN  [MultiTableRepo.sms] Table does not exist: sms_shard_01.sms_20250828
[2025-09-21 00:35:11.197] WARN  [MultiTableRepo.sms] Table does not exist: sms_shard_01.sms_20250829
[2025-09-21 00:35:11.199] WARN  [MultiTableRepo.sms] Table does not exist: sms_shard_01.sms_20250830
[2025-09-21 00:35:11.200] WARN  [MultiTableRepo.sms] Table does not exist: sms_shard_01.sms_20250831
[2025-09-21 00:35:11.202] WARN  [MultiTableRepo.sms] Table does not exist: sms_shard_01.sms_20250901
[2025-09-21 00:35:11.203] WARN  [MultiTableRepo.sms] Table does not exist: sms_shard_01.sms_20250902
[2025-09-21 00:35:11.204] WARN  [MultiTableRepo.sms] Table does not exist: sms_shard_01.sms_20250903
[2025-09-21 00:35:11.205] WARN  [MultiTableRepo.sms] Table does not exist: sms_shard_01.sms_20250904
[2025-09-21 00:35:11.206] WARN  [MultiTableRepo.sms] Table does not exist: sms_shard_01.sms_20250905
[2025-09-21 00:35:11.405] WARN  [MultiTableRepo.sms] Table does not exist: sms_shard_01.sms_20250821
[2025-09-21 00:35:11.406] WARN  [MultiTableRepo.sms] Table does not exist: sms_shard_01.sms_20250822
[2025-09-21 00:35:11.407] WARN  [MultiTableRepo.sms] Table does not exist: sms_shard_01.sms_20250823
[2025-09-21 00:35:11.409] WARN  [MultiTableRepo.sms] Table does not exist: sms_shard_01.sms_20250824
[2025-09-21 00:35:11.410] WARN  [MultiTableRepo.sms] Table does not exist: sms_shard_01.sms_20250825
[2025-09-21 00:35:11.411] WARN  [MultiTableRepo.sms] Table does not exist: sms_shard_01.sms_20250826
[2025-09-21 00:35:11.412] WARN  [MultiTableRepo.sms] Table does not exist: sms_shard_01.sms_20250827
[2025-09-21 00:35:11.413] WARN  [MultiTableRepo.sms] Table does not exist: sms_shard_01.sms_20250828
[2025-09-21 00:35:11.414] WARN  [MultiTableRepo.sms] Table does not exist: sms_shard_01.sms_20250829
[2025-09-21 00:35:11.415] WARN  [MultiTableRepo.sms] Table does not exist: sms_shard_01.sms_20250830
[2025-09-21 00:35:11.416] WARN  [MultiTableRepo.sms] Table does not exist: sms_shard_01.sms_20250831
[2025-09-21 00:35:11.417] WARN  [MultiTableRepo.sms] Table does not exist: sms_shard_01.sms_20250901
[2025-09-21 00:35:11.418] WARN  [MultiTableRepo.sms] Table does not exist: sms_shard_01.sms_20250902
[2025-09-21 00:35:11.419] WARN  [MultiTableRepo.sms] Table does not exist: sms_shard_01.sms_20250903
[2025-09-21 00:35:11.420] WARN  [MultiTableRepo.sms] Table does not exist: sms_shard_01.sms_20250904
[2025-09-21 00:35:11.421] WARN  [MultiTableRepo.sms] Table does not exist: sms_shard_01.sms_20250905
[2025-09-21 00:35:11.568] WARN  [MultiTableRepo.sms] Table does not exist: sms_shard_01.sms_20250818
[2025-09-21 00:35:11.570] WARN  [MultiTableRepo.sms] Table does not exist: sms_shard_01.sms_20250819
[2025-09-21 00:35:11.572] WARN  [MultiTableRepo.sms] Table does not exist: sms_shard_01.sms_20250820
[2025-09-21 00:35:11.576] WARN  [MultiTableRepo.sms] Table does not exist: sms_shard_01.sms_20250821
[2025-09-21 00:35:11.577] WARN  [MultiTableRepo.sms] Table does not exist: sms_shard_01.sms_20250822
[2025-09-21 00:35:11.579] WARN  [MultiTableRepo.sms] Table does not exist: sms_shard_01.sms_20250823
[2025-09-21 00:35:11.580] WARN  [MultiTableRepo.sms] Table does not exist: sms_shard_01.sms_20250824
[2025-09-21 00:35:11.583] WARN  [MultiTableRepo.sms] Table does not exist: sms_shard_01.sms_20250825
[2025-09-21 00:35:11.584] WARN  [MultiTableRepo.sms] Table does not exist: sms_shard_01.sms_20250826
[2025-09-21 00:35:11.585] WARN  [MultiTableRepo.sms] Table does not exist: sms_shard_01.sms_20250827
[2025-09-21 00:35:11.586] WARN  [MultiTableRepo.sms] Table does not exist: sms_shard_01.sms_20250828
[2025-09-21 00:35:11.587] WARN  [MultiTableRepo.sms] Table does not exist: sms_shard_01.sms_20250829
[2025-09-21 00:35:11.588] WARN  [MultiTableRepo.sms] Table does not exist: sms_shard_01.sms_20250830
[2025-09-21 00:35:11.589] WARN  [MultiTableRepo.sms] Table does not exist: sms_shard_01.sms_20250831
[2025-09-21 00:35:11.591] WARN  [MultiTableRepo.sms] Table does not exist: sms_shard_01.sms_20250901
[2025-09-21 00:35:11.592] WARN  [MultiTableRepo.sms] Table does not exist: sms_shard_01.sms_20250902
[2025-09-21 00:35:11.594] WARN  [MultiTableRepo.sms] Table does not exist: sms_shard_01.sms_20250903
[2025-09-21 00:35:11.596] WARN  [MultiTableRepo.sms] Table does not exist: sms_shard_01.sms_20250904
[2025-09-21 00:35:11.597] WARN  [MultiTableRepo.sms] Table does not exist: sms_shard_01.sms_20250905
[2025-09-21 00:35:11.955] WARN  [MultiTableRepo.sms] Table does not exist: sms_shard_01.sms_20250815
[2025-09-21 00:35:11.956] WARN  [MultiTableRepo.sms] Table does not exist: sms_shard_01.sms_20250816
[2025-09-21 00:35:11.957] WARN  [MultiTableRepo.sms] Table does not exist: sms_shard_01.sms_20250817
[2025-09-21 00:35:11.958] WARN  [MultiTableRepo.sms] Table does not exist: sms_shard_01.sms_20250818
[2025-09-21 00:35:11.965] WARN  [MultiTableRepo.sms] Table does not exist: sms_shard_01.sms_20250819
[2025-09-21 00:35:11.966] WARN  [MultiTableRepo.sms] Table does not exist: sms_shard_01.sms_20250820
[2025-09-21 00:35:11.968] WARN  [MultiTableRepo.sms] Table does not exist: sms_shard_01.sms_20250821
[2025-09-21 00:35:11.970] WARN  [MultiTableRepo.sms] Table does not exist: sms_shard_01.sms_20250822
[2025-09-21 00:35:11.971] WARN  [MultiTableRepo.sms] Table does not exist: sms_shard_01.sms_20250823
[2025-09-21 00:35:11.973] WARN  [MultiTableRepo.sms] Table does not exist: sms_shard_01.sms_20250824
[2025-09-21 00:35:11.974] WARN  [MultiTableRepo.sms] Table does not exist: sms_shard_01.sms_20250825
[2025-09-21 00:35:11.975] WARN  [MultiTableRepo.sms] Table does not exist: sms_shard_01.sms_20250826
[2025-09-21 00:35:11.976] WARN  [MultiTableRepo.sms] Table does not exist: sms_shard_01.sms_20250827
[2025-09-21 00:35:11.977] WARN  [MultiTableRepo.sms] Table does not exist: sms_shard_01.sms_20250828
[2025-09-21 00:35:11.978] WARN  [MultiTableRepo.sms] Table does not exist: sms_shard_01.sms_20250829
[2025-09-21 00:35:11.979] WARN  [MultiTableRepo.sms] Table does not exist: sms_shard_01.sms_20250830
[2025-09-21 00:35:11.980] WARN  [MultiTableRepo.sms] Table does not exist: sms_shard_01.sms_20250831
[2025-09-21 00:35:11.982] WARN  [MultiTableRepo.sms] Table does not exist: sms_shard_01.sms_20250901
[2025-09-21 00:35:11.983] WARN  [MultiTableRepo.sms] Table does not exist: sms_shard_01.sms_20250902
[2025-09-21 00:35:11.984] WARN  [MultiTableRepo.sms] Table does not exist: sms_shard_01.sms_20250903
[2025-09-21 00:35:11.985] WARN  [MultiTableRepo.sms] Table does not exist: sms_shard_01.sms_20250904
[2025-09-21 00:35:11.986] WARN  [MultiTableRepo.sms] Table does not exist: sms_shard_01.sms_20250905
[2025-09-21 00:35:12.363] WARN  [MultiTableRepo.sms] Table does not exist: sms_shard_01.sms_20250817
[2025-09-21 00:35:12.364] WARN  [MultiTableRepo.sms] Table does not exist: sms_shard_01.sms_20250818
[2025-09-21 00:35:12.366] WARN  [MultiTableRepo.sms] Table does not exist: sms_shard_01.sms_20250819
[2025-09-21 00:35:12.366] WARN  [MultiTableRepo.sms] Table does not exist: sms_shard_01.sms_20250820
[2025-09-21 00:35:12.368] WARN  [MultiTableRepo.sms] Table does not exist: sms_shard_01.sms_20250821
[2025-09-21 00:35:12.369] WARN  [MultiTableRepo.sms] Table does not exist: sms_shard_01.sms_20250822
[2025-09-21 00:35:12.370] WARN  [MultiTableRepo.sms] Table does not exist: sms_shard_01.sms_20250823
[2025-09-21 00:35:12.371] WARN  [MultiTableRepo.sms] Table does not exist: sms_shard_01.sms_20250824
[2025-09-21 00:35:12.372] WARN  [MultiTableRepo.sms] Table does not exist: sms_shard_01.sms_20250825
[2025-09-21 00:35:12.373] WARN  [MultiTableRepo.sms] Table does not exist: sms_shard_01.sms_20250826
[2025-09-21 00:35:12.374] WARN  [MultiTableRepo.sms] Table does not exist: sms_shard_01.sms_20250827
[2025-09-21 00:35:12.376] WARN  [MultiTableRepo.sms] Table does not exist: sms_shard_01.sms_20250828
[2025-09-21 00:35:12.377] WARN  [MultiTableRepo.sms] Table does not exist: sms_shard_01.sms_20250829
[2025-09-21 00:35:12.378] WARN  [MultiTableRepo.sms] Table does not exist: sms_shard_01.sms_20250830
[2025-09-21 00:35:12.379] WARN  [MultiTableRepo.sms] Table does not exist: sms_shard_01.sms_20250831
[2025-09-21 00:35:12.380] WARN  [MultiTableRepo.sms] Table does not exist: sms_shard_01.sms_20250901
[2025-09-21 00:35:12.381] WARN  [MultiTableRepo.sms] Table does not exist: sms_shard_01.sms_20250902
[2025-09-21 00:35:12.383] WARN  [MultiTableRepo.sms] Table does not exist: sms_shard_01.sms_20250903
[2025-09-21 00:35:12.384] WARN  [MultiTableRepo.sms] Table does not exist: sms_shard_01.sms_20250904
[2025-09-21 00:35:12.385] WARN  [MultiTableRepo.sms] Table does not exist: sms_shard_01.sms_20250905
[2025-09-21 00:35:12.452] WARN  [MultiTableRepo.sms] Table does not exist: sms_shard_01.sms_20250816
[2025-09-21 00:35:12.454] WARN  [MultiTableRepo.sms] Table does not exist: sms_shard_01.sms_20250817
[2025-09-21 00:35:12.456] WARN  [MultiTableRepo.sms] Table does not exist: sms_shard_01.sms_20250818
[2025-09-21 00:35:12.458] WARN  [MultiTableRepo.sms] Table does not exist: sms_shard_01.sms_20250819
[2025-09-21 00:35:12.460] WARN  [MultiTableRepo.sms] Table does not exist: sms_shard_01.sms_20250820
[2025-09-21 00:35:12.462] WARN  [MultiTableRepo.sms] Table does not exist: sms_shard_01.sms_20250821
[2025-09-21 00:35:12.464] WARN  [MultiTableRepo.sms] Table does not exist: sms_shard_01.sms_20250822
[2025-09-21 00:35:12.466] WARN  [MultiTableRepo.sms] Table does not exist: sms_shard_01.sms_20250823
[2025-09-21 00:35:12.468] WARN  [MultiTableRepo.sms] Table does not exist: sms_shard_01.sms_20250824
[2025-09-21 00:35:12.470] WARN  [MultiTableRepo.sms] Table does not exist: sms_shard_01.sms_20250825
[2025-09-21 00:35:12.474] WARN  [MultiTableRepo.sms] Table does not exist: sms_shard_01.sms_20250826
[2025-09-21 00:35:12.477] WARN  [MultiTableRepo.sms] Table does not exist: sms_shard_01.sms_20250827
[2025-09-21 00:35:12.481] WARN  [MultiTableRepo.sms] Table does not exist: sms_shard_01.sms_20250828
[2025-09-21 00:35:12.483] WARN  [MultiTableRepo.sms] Table does not exist: sms_shard_01.sms_20250829
[2025-09-21 00:35:12.486] WARN  [MultiTableRepo.sms] Table does not exist: sms_shard_01.sms_20250830
[2025-09-21 00:35:12.488] WARN  [MultiTableRepo.sms] Table does not exist: sms_shard_01.sms_20250831
[2025-09-21 00:35:12.490] WARN  [MultiTableRepo.sms] Table does not exist: sms_shard_01.sms_20250901
[2025-09-21 00:35:12.492] WARN  [MultiTableRepo.sms] Table does not exist: sms_shard_01.sms_20250902
[2025-09-21 00:35:12.495] WARN  [MultiTableRepo.sms] Table does not exist: sms_shard_01.sms_20250903
[2025-09-21 00:35:12.497] WARN  [MultiTableRepo.sms] Table does not exist: sms_shard_01.sms_20250904
[2025-09-21 00:35:12.499] WARN  [MultiTableRepo.sms] Table does not exist: sms_shard_01.sms_20250905
[2025-09-21 00:35:12.581] WARN  [MultiTableRepo.sms] Table does not exist: sms_shard_01.sms_20250821
[2025-09-21 00:35:12.583] WARN  [MultiTableRepo.sms] Table does not exist: sms_shard_01.sms_20250822
[2025-09-21 00:35:12.585] WARN  [MultiTableRepo.sms] Table does not exist: sms_shard_01.sms_20250823
[2025-09-21 00:35:12.587] WARN  [MultiTableRepo.sms] Table does not exist: sms_shard_01.sms_20250824
[2025-09-21 00:35:12.593] WARN  [MultiTableRepo.sms] Table does not exist: sms_shard_01.sms_20250825
[2025-09-21 00:35:12.595] WARN  [MultiTableRepo.sms] Table does not exist: sms_shard_01.sms_20250826
[2025-09-21 00:35:12.597] WARN  [MultiTableRepo.sms] Table does not exist: sms_shard_01.sms_20250827
[2025-09-21 00:35:12.599] WARN  [MultiTableRepo.sms] Table does not exist: sms_shard_01.sms_20250828
[2025-09-21 00:35:12.602] WARN  [MultiTableRepo.sms] Table does not exist: sms_shard_01.sms_20250829
[2025-09-21 00:35:12.604] WARN  [MultiTableRepo.sms] Table does not exist: sms_shard_01.sms_20250830
[2025-09-21 00:35:12.606] WARN  [MultiTableRepo.sms] Table does not exist: sms_shard_01.sms_20250831
[2025-09-21 00:35:12.608] WARN  [MultiTableRepo.sms] Table does not exist: sms_shard_01.sms_20250901
[2025-09-21 00:35:12.609] WARN  [MultiTableRepo.sms] Table does not exist: sms_shard_01.sms_20250902
[2025-09-21 00:35:12.611] WARN  [MultiTableRepo.sms] Table does not exist: sms_shard_01.sms_20250903
[2025-09-21 00:35:12.613] WARN  [MultiTableRepo.sms] Table does not exist: sms_shard_01.sms_20250904
[2025-09-21 00:35:12.615] WARN  [MultiTableRepo.sms] Table does not exist: sms_shard_01.sms_20250905
[2025-09-21 00:35:12.832] WARN  [MultiTableRepo.sms] Table does not exist: sms_shard_01.sms_20250820
[2025-09-21 00:35:12.836] WARN  [MultiTableRepo.sms] Table does not exist: sms_shard_01.sms_20250821
[2025-09-21 00:35:12.841] WARN  [MultiTableRepo.sms] Table does not exist: sms_shard_01.sms_20250822
[2025-09-21 00:35:12.843] WARN  [MultiTableRepo.sms] Table does not exist: sms_shard_01.sms_20250823
[2025-09-21 00:35:12.845] WARN  [MultiTableRepo.sms] Table does not exist: sms_shard_01.sms_20250824
[2025-09-21 00:35:12.847] WARN  [MultiTableRepo.sms] Table does not exist: sms_shard_01.sms_20250825
[2025-09-21 00:35:12.849] WARN  [MultiTableRepo.sms] Table does not exist: sms_shard_01.sms_20250826
[2025-09-21 00:35:12.852] WARN  [MultiTableRepo.sms] Table does not exist: sms_shard_01.sms_20250827
[2025-09-21 00:35:12.854] WARN  [MultiTableRepo.sms] Table does not exist: sms_shard_01.sms_20250828
[2025-09-21 00:35:12.855] WARN  [MultiTableRepo.sms] Table does not exist: sms_shard_01.sms_20250829
[2025-09-21 00:35:12.857] WARN  [MultiTableRepo.sms] Table does not exist: sms_shard_01.sms_20250830
[2025-09-21 00:35:12.858] WARN  [MultiTableRepo.sms] Table does not exist: sms_shard_01.sms_20250831
[2025-09-21 00:35:12.860] WARN  [MultiTableRepo.sms] Table does not exist: sms_shard_01.sms_20250901
[2025-09-21 00:35:12.862] WARN  [MultiTableRepo.sms] Table does not exist: sms_shard_01.sms_20250902
[2025-09-21 00:35:12.864] WARN  [MultiTableRepo.sms] Table does not exist: sms_shard_01.sms_20250903
[2025-09-21 00:35:12.866] WARN  [MultiTableRepo.sms] Table does not exist: sms_shard_01.sms_20250904
[2025-09-21 00:35:12.869] WARN  [MultiTableRepo.sms] Table does not exist: sms_shard_01.sms_20250905
[2025-09-21 00:35:12.953] WARN  [MultiTableRepo.sms] Table does not exist: sms_shard_01.sms_20250821
[2025-09-21 00:35:12.954] WARN  [MultiTableRepo.sms] Table does not exist: sms_shard_01.sms_20250822
[2025-09-21 00:35:12.955] WARN  [MultiTableRepo.sms] Table does not exist: sms_shard_01.sms_20250823
[2025-09-21 00:35:12.957] WARN  [MultiTableRepo.sms] Table does not exist: sms_shard_01.sms_20250824
[2025-09-21 00:35:12.958] WARN  [MultiTableRepo.sms] Table does not exist: sms_shard_01.sms_20250825
[2025-09-21 00:35:12.959] WARN  [MultiTableRepo.sms] Table does not exist: sms_shard_01.sms_20250826
[2025-09-21 00:35:12.961] WARN  [MultiTableRepo.sms] Table does not exist: sms_shard_01.sms_20250827
[2025-09-21 00:35:12.965] WARN  [MultiTableRepo.sms] Table does not exist: sms_shard_01.sms_20250828
[2025-09-21 00:35:12.967] WARN  [MultiTableRepo.sms] Table does not exist: sms_shard_01.sms_20250829
[2025-09-21 00:35:12.968] WARN  [MultiTableRepo.sms] Table does not exist: sms_shard_01.sms_20250830
[2025-09-21 00:35:12.969] WARN  [MultiTableRepo.sms] Table does not exist: sms_shard_01.sms_20250831
[2025-09-21 00:35:12.971] WARN  [MultiTableRepo.sms] Table does not exist: sms_shard_01.sms_20250901
[2025-09-21 00:35:12.974] WARN  [MultiTableRepo.sms] Table does not exist: sms_shard_01.sms_20250902
[2025-09-21 00:35:12.975] WARN  [MultiTableRepo.sms] Table does not exist: sms_shard_01.sms_20250903
[2025-09-21 00:35:12.976] WARN  [MultiTableRepo.sms] Table does not exist: sms_shard_01.sms_20250904
[2025-09-21 00:35:12.977] WARN  [MultiTableRepo.sms] Table does not exist: sms_shard_01.sms_20250905
[2025-09-21 00:35:13.112] WARN  [MultiTableRepo.sms] Table does not exist: sms_shard_01.sms_20250819
[2025-09-21 00:35:13.114] WARN  [MultiTableRepo.sms] Table does not exist: sms_shard_01.sms_20250820
[2025-09-21 00:35:13.115] WARN  [MultiTableRepo.sms] Table does not exist: sms_shard_01.sms_20250821
[2025-09-21 00:35:13.116] WARN  [MultiTableRepo.sms] Table does not exist: sms_shard_01.sms_20250822
[2025-09-21 00:35:13.117] WARN  [MultiTableRepo.sms] Table does not exist: sms_shard_01.sms_20250823
[2025-09-21 00:35:13.119] WARN  [MultiTableRepo.sms] Table does not exist: sms_shard_01.sms_20250824
[2025-09-21 00:35:13.120] WARN  [MultiTableRepo.sms] Table does not exist: sms_shard_01.sms_20250825
[2025-09-21 00:35:13.124] WARN  [MultiTableRepo.sms] Table does not exist: sms_shard_01.sms_20250826
[2025-09-21 00:35:13.126] WARN  [MultiTableRepo.sms] Table does not exist: sms_shard_01.sms_20250827
[2025-09-21 00:35:13.131] WARN  [MultiTableRepo.sms] Table does not exist: sms_shard_01.sms_20250828
[2025-09-21 00:35:13.133] WARN  [MultiTableRepo.sms] Table does not exist: sms_shard_01.sms_20250829
[2025-09-21 00:35:13.135] WARN  [MultiTableRepo.sms] Table does not exist: sms_shard_01.sms_20250830
[2025-09-21 00:35:13.138] WARN  [MultiTableRepo.sms] Table does not exist: sms_shard_01.sms_20250831
[2025-09-21 00:35:13.144] WARN  [MultiTableRepo.sms] Table does not exist: sms_shard_01.sms_20250901
[2025-09-21 00:35:13.145] WARN  [MultiTableRepo.sms] Table does not exist: sms_shard_01.sms_20250902
[2025-09-21 00:35:13.147] WARN  [MultiTableRepo.sms] Table does not exist: sms_shard_01.sms_20250903
[2025-09-21 00:35:13.148] WARN  [MultiTableRepo.sms] Table does not exist: sms_shard_01.sms_20250904
[2025-09-21 00:35:13.150] WARN  [MultiTableRepo.sms] Table does not exist: sms_shard_01.sms_20250905
[2025-09-21 00:35:13.206] WARN  [MultiTableRepo.sms] Table does not exist: sms_shard_01.sms_20250816
[2025-09-21 00:35:13.209] WARN  [MultiTableRepo.sms] Table does not exist: sms_shard_01.sms_20250817
[2025-09-21 00:35:13.211] WARN  [MultiTableRepo.sms] Table does not exist: sms_shard_01.sms_20250818
[2025-09-21 00:35:13.214] WARN  [MultiTableRepo.sms] Table does not exist: sms_shard_01.sms_20250819
[2025-09-21 00:35:13.216] WARN  [MultiTableRepo.sms] Table does not exist: sms_shard_01.sms_20250820
[2025-09-21 00:35:13.219] WARN  [MultiTableRepo.sms] Table does not exist: sms_shard_01.sms_20250821
[2025-09-21 00:35:13.221] WARN  [MultiTableRepo.sms] Table does not exist: sms_shard_01.sms_20250822
[2025-09-21 00:35:13.223] WARN  [MultiTableRepo.sms] Table does not exist: sms_shard_01.sms_20250823
[2025-09-21 00:35:13.226] WARN  [MultiTableRepo.sms] Table does not exist: sms_shard_01.sms_20250824
[2025-09-21 00:35:13.228] WARN  [MultiTableRepo.sms] Table does not exist: sms_shard_01.sms_20250825
[2025-09-21 00:35:13.230] WARN  [MultiTableRepo.sms] Table does not exist: sms_shard_01.sms_20250826
[2025-09-21 00:35:13.235] WARN  [MultiTableRepo.sms] Table does not exist: sms_shard_01.sms_20250827
[2025-09-21 00:35:13.238] WARN  [MultiTableRepo.sms] Table does not exist: sms_shard_01.sms_20250828
[2025-09-21 00:35:13.240] WARN  [MultiTableRepo.sms] Table does not exist: sms_shard_01.sms_20250829
[2025-09-21 00:35:13.244] WARN  [MultiTableRepo.sms] Table does not exist: sms_shard_01.sms_20250830
[2025-09-21 00:35:13.248] WARN  [MultiTableRepo.sms] Table does not exist: sms_shard_01.sms_20250831
[2025-09-21 00:35:13.253] WARN  [MultiTableRepo.sms] Table does not exist: sms_shard_01.sms_20250901
[2025-09-21 00:35:13.256] WARN  [MultiTableRepo.sms] Table does not exist: sms_shard_01.sms_20250902
[2025-09-21 00:35:13.262] WARN  [MultiTableRepo.sms] Table does not exist: sms_shard_01.sms_20250903
[2025-09-21 00:35:13.265] WARN  [MultiTableRepo.sms] Table does not exist: sms_shard_01.sms_20250904
[2025-09-21 00:35:13.271] WARN  [MultiTableRepo.sms] Table does not exist: sms_shard_01.sms_20250905
[2025-09-21 00:35:13.355] WARN  [MultiTableRepo.sms] Table does not exist: sms_shard_01.sms_20250816
[2025-09-21 00:35:13.358] WARN  [MultiTableRepo.sms] Table does not exist: sms_shard_01.sms_20250817
[2025-09-21 00:35:13.360] WARN  [MultiTableRepo.sms] Table does not exist: sms_shard_01.sms_20250818
[2025-09-21 00:35:13.361] WARN  [MultiTableRepo.sms] Table does not exist: sms_shard_01.sms_20250819
[2025-09-21 00:35:13.364] WARN  [MultiTableRepo.sms] Table does not exist: sms_shard_01.sms_20250820
[2025-09-21 00:35:13.365] WARN  [MultiTableRepo.sms] Table does not exist: sms_shard_01.sms_20250821
[2025-09-21 00:35:13.367] WARN  [MultiTableRepo.sms] Table does not exist: sms_shard_01.sms_20250822
[2025-09-21 00:35:13.369] WARN  [MultiTableRepo.sms] Table does not exist: sms_shard_01.sms_20250823
[2025-09-21 00:35:13.371] WARN  [MultiTableRepo.sms] Table does not exist: sms_shard_01.sms_20250824
[2025-09-21 00:35:13.375] WARN  [MultiTableRepo.sms] Table does not exist: sms_shard_01.sms_20250825
[2025-09-21 00:35:13.377] WARN  [MultiTableRepo.sms] Table does not exist: sms_shard_01.sms_20250826
[2025-09-21 00:35:13.378] WARN  [MultiTableRepo.sms] Table does not exist: sms_shard_01.sms_20250827
[2025-09-21 00:35:13.384] WARN  [MultiTableRepo.sms] Table does not exist: sms_shard_01.sms_20250828
[2025-09-21 00:35:13.385] WARN  [MultiTableRepo.sms] Table does not exist: sms_shard_01.sms_20250829
[2025-09-21 00:35:13.386] WARN  [MultiTableRepo.sms] Table does not exist: sms_shard_01.sms_20250830
[2025-09-21 00:35:13.387] WARN  [MultiTableRepo.sms] Table does not exist: sms_shard_01.sms_20250831
[2025-09-21 00:35:13.388] WARN  [MultiTableRepo.sms] Table does not exist: sms_shard_01.sms_20250901
[2025-09-21 00:35:13.389] WARN  [MultiTableRepo.sms] Table does not exist: sms_shard_01.sms_20250902
[2025-09-21 00:35:13.390] WARN  [MultiTableRepo.sms] Table does not exist: sms_shard_01.sms_20250903
[2025-09-21 00:35:13.391] WARN  [MultiTableRepo.sms] Table does not exist: sms_shard_01.sms_20250904
[2025-09-21 00:35:13.392] WARN  [MultiTableRepo.sms] Table does not exist: sms_shard_01.sms_20250905
[2025-09-21 00:35:13.474] WARN  [MultiTableRepo.sms] Table does not exist: sms_shard_01.sms_20250816
[2025-09-21 00:35:13.475] WARN  [MultiTableRepo.sms] Table does not exist: sms_shard_01.sms_20250817
[2025-09-21 00:35:13.477] WARN  [MultiTableRepo.sms] Table does not exist: sms_shard_01.sms_20250818
[2025-09-21 00:35:13.478] WARN  [MultiTableRepo.sms] Table does not exist: sms_shard_01.sms_20250819
[2025-09-21 00:35:13.480] WARN  [MultiTableRepo.sms] Table does not exist: sms_shard_01.sms_20250820
[2025-09-21 00:35:13.481] WARN  [MultiTableRepo.sms] Table does not exist: sms_shard_01.sms_20250821
[2025-09-21 00:35:13.482] WARN  [MultiTableRepo.sms] Table does not exist: sms_shard_01.sms_20250822
[2025-09-21 00:35:13.484] WARN  [MultiTableRepo.sms] Table does not exist: sms_shard_01.sms_20250823
[2025-09-21 00:35:13.486] WARN  [MultiTableRepo.sms] Table does not exist: sms_shard_01.sms_20250824
[2025-09-21 00:35:13.487] WARN  [MultiTableRepo.sms] Table does not exist: sms_shard_01.sms_20250825
[2025-09-21 00:35:13.489] WARN  [MultiTableRepo.sms] Table does not exist: sms_shard_01.sms_20250826
[2025-09-21 00:35:13.490] WARN  [MultiTableRepo.sms] Table does not exist: sms_shard_01.sms_20250827
[2025-09-21 00:35:13.491] WARN  [MultiTableRepo.sms] Table does not exist: sms_shard_01.sms_20250828
[2025-09-21 00:35:13.492] WARN  [MultiTableRepo.sms] Table does not exist: sms_shard_01.sms_20250829
[2025-09-21 00:35:13.494] WARN  [MultiTableRepo.sms] Table does not exist: sms_shard_01.sms_20250830
[2025-09-21 00:35:13.495] WARN  [MultiTableRepo.sms] Table does not exist: sms_shard_01.sms_20250831
[2025-09-21 00:35:13.498] WARN  [MultiTableRepo.sms] Table does not exist: sms_shard_01.sms_20250901
[2025-09-21 00:35:13.500] WARN  [MultiTableRepo.sms] Table does not exist: sms_shard_01.sms_20250902
[2025-09-21 00:35:13.501] WARN  [MultiTableRepo.sms] Table does not exist: sms_shard_01.sms_20250903
[2025-09-21 00:35:13.503] WARN  [MultiTableRepo.sms] Table does not exist: sms_shard_01.sms_20250904
[2025-09-21 00:35:13.504] WARN  [MultiTableRepo.sms] Table does not exist: sms_shard_01.sms_20250905
[2025-09-21 00:35:13.598] WARN  [MultiTableRepo.sms] Table does not exist: sms_shard_01.sms_20250818
[2025-09-21 00:35:13.600] WARN  [MultiTableRepo.sms] Table does not exist: sms_shard_01.sms_20250819
[2025-09-21 00:35:13.601] WARN  [MultiTableRepo.sms] Table does not exist: sms_shard_01.sms_20250820
[2025-09-21 00:35:13.602] WARN  [MultiTableRepo.sms] Table does not exist: sms_shard_01.sms_20250821
[2025-09-21 00:35:13.603] WARN  [MultiTableRepo.sms] Table does not exist: sms_shard_01.sms_20250822
[2025-09-21 00:35:13.612] WARN  [MultiTableRepo.sms] Table does not exist: sms_shard_01.sms_20250823
[2025-09-21 00:35:13.616] WARN  [MultiTableRepo.sms] Table does not exist: sms_shard_01.sms_20250824
[2025-09-21 00:35:13.619] WARN  [MultiTableRepo.sms] Table does not exist: sms_shard_01.sms_20250825
[2025-09-21 00:35:13.620] WARN  [MultiTableRepo.sms] Table does not exist: sms_shard_01.sms_20250826
[2025-09-21 00:35:13.621] WARN  [MultiTableRepo.sms] Table does not exist: sms_shard_01.sms_20250827
[2025-09-21 00:35:13.624] WARN  [MultiTableRepo.sms] Table does not exist: sms_shard_01.sms_20250828
[2025-09-21 00:35:13.626] WARN  [MultiTableRepo.sms] Table does not exist: sms_shard_01.sms_20250829
[2025-09-21 00:35:13.628] WARN  [MultiTableRepo.sms] Table does not exist: sms_shard_01.sms_20250830
[2025-09-21 00:35:13.630] WARN  [MultiTableRepo.sms] Table does not exist: sms_shard_01.sms_20250831
[2025-09-21 00:35:13.631] WARN  [MultiTableRepo.sms] Table does not exist: sms_shard_01.sms_20250901
[2025-09-21 00:35:13.632] WARN  [MultiTableRepo.sms] Table does not exist: sms_shard_01.sms_20250902
[2025-09-21 00:35:13.636] WARN  [MultiTableRepo.sms] Table does not exist: sms_shard_01.sms_20250903
[2025-09-21 00:35:13.639] WARN  [MultiTableRepo.sms] Table does not exist: sms_shard_01.sms_20250904
[2025-09-21 00:35:13.640] WARN  [MultiTableRepo.sms] Table does not exist: sms_shard_01.sms_20250905
[2025-09-21 00:35:13.695] WARN  [MultiTableRepo.sms] Table does not exist: sms_shard_01.sms_20250819
[2025-09-21 00:35:13.697] WARN  [MultiTableRepo.sms] Table does not exist: sms_shard_01.sms_20250820
[2025-09-21 00:35:13.698] WARN  [MultiTableRepo.sms] Table does not exist: sms_shard_01.sms_20250821
[2025-09-21 00:35:13.699] WARN  [MultiTableRepo.sms] Table does not exist: sms_shard_01.sms_20250822
[2025-09-21 00:35:13.700] WARN  [MultiTableRepo.sms] Table does not exist: sms_shard_01.sms_20250823
[2025-09-21 00:35:13.701] WARN  [MultiTableRepo.sms] Table does not exist: sms_shard_01.sms_20250824
[2025-09-21 00:35:13.702] WARN  [MultiTableRepo.sms] Table does not exist: sms_shard_01.sms_20250825
[2025-09-21 00:35:13.703] WARN  [MultiTableRepo.sms] Table does not exist: sms_shard_01.sms_20250826
[2025-09-21 00:35:13.704] WARN  [MultiTableRepo.sms] Table does not exist: sms_shard_01.sms_20250827
[2025-09-21 00:35:13.705] WARN  [MultiTableRepo.sms] Table does not exist: sms_shard_01.sms_20250828
[2025-09-21 00:35:13.706] WARN  [MultiTableRepo.sms] Table does not exist: sms_shard_01.sms_20250829
[2025-09-21 00:35:13.706] WARN  [MultiTableRepo.sms] Table does not exist: sms_shard_01.sms_20250830
[2025-09-21 00:35:13.707] WARN  [MultiTableRepo.sms] Table does not exist: sms_shard_01.sms_20250831
[2025-09-21 00:35:13.708] WARN  [MultiTableRepo.sms] Table does not exist: sms_shard_01.sms_20250901
[2025-09-21 00:35:13.711] WARN  [MultiTableRepo.sms] Table does not exist: sms_shard_01.sms_20250902
[2025-09-21 00:35:13.712] WARN  [MultiTableRepo.sms] Table does not exist: sms_shard_01.sms_20250903
[2025-09-21 00:35:13.713] WARN  [MultiTableRepo.sms] Table does not exist: sms_shard_01.sms_20250904
[2025-09-21 00:35:13.714] WARN  [MultiTableRepo.sms] Table does not exist: sms_shard_01.sms_20250905
[2025-09-21 00:35:13.745] WARN  [MultiTableRepo.sms] Table does not exist: sms_shard_01.sms_20250818
[2025-09-21 00:35:13.746] WARN  [MultiTableRepo.sms] Table does not exist: sms_shard_01.sms_20250819
[2025-09-21 00:35:13.746] WARN  [MultiTableRepo.sms] Table does not exist: sms_shard_01.sms_20250820
[2025-09-21 00:35:13.747] WARN  [MultiTableRepo.sms] Table does not exist: sms_shard_01.sms_20250821
[2025-09-21 00:35:13.748] WARN  [MultiTableRepo.sms] Table does not exist: sms_shard_01.sms_20250822
[2025-09-21 00:35:13.750] WARN  [MultiTableRepo.sms] Table does not exist: sms_shard_01.sms_20250823
[2025-09-21 00:35:13.751] WARN  [MultiTableRepo.sms] Table does not exist: sms_shard_01.sms_20250824
[2025-09-21 00:35:13.752] WARN  [MultiTableRepo.sms] Table does not exist: sms_shard_01.sms_20250825
[2025-09-21 00:35:13.754] WARN  [MultiTableRepo.sms] Table does not exist: sms_shard_01.sms_20250826
[2025-09-21 00:35:13.755] WARN  [MultiTableRepo.sms] Table does not exist: sms_shard_01.sms_20250827
[2025-09-21 00:35:13.757] WARN  [MultiTableRepo.sms] Table does not exist: sms_shard_01.sms_20250828
[2025-09-21 00:35:13.763] WARN  [MultiTableRepo.sms] Table does not exist: sms_shard_01.sms_20250829
[2025-09-21 00:35:13.765] WARN  [MultiTableRepo.sms] Table does not exist: sms_shard_01.sms_20250830
[2025-09-21 00:35:13.767] WARN  [MultiTableRepo.sms] Table does not exist: sms_shard_01.sms_20250831
[2025-09-21 00:35:13.771] WARN  [MultiTableRepo.sms] Table does not exist: sms_shard_01.sms_20250901
[2025-09-21 00:35:13.779] WARN  [MultiTableRepo.sms] Table does not exist: sms_shard_01.sms_20250902
[2025-09-21 00:35:13.781] WARN  [MultiTableRepo.sms] Table does not exist: sms_shard_01.sms_20250903
[2025-09-21 00:35:13.782] WARN  [MultiTableRepo.sms] Table does not exist: sms_shard_01.sms_20250904
[2025-09-21 00:35:13.784] WARN  [MultiTableRepo.sms] Table does not exist: sms_shard_01.sms_20250905
[2025-09-21 00:35:13.885] WARN  [MultiTableRepo.sms] Table does not exist: sms_shard_01.sms_20250820
[2025-09-21 00:35:13.887] WARN  [MultiTableRepo.sms] Table does not exist: sms_shard_01.sms_20250821
[2025-09-21 00:35:13.888] WARN  [MultiTableRepo.sms] Table does not exist: sms_shard_01.sms_20250822
[2025-09-21 00:35:13.889] WARN  [MultiTableRepo.sms] Table does not exist: sms_shard_01.sms_20250823
[2025-09-21 00:35:13.890] WARN  [MultiTableRepo.sms] Table does not exist: sms_shard_01.sms_20250824
[2025-09-21 00:35:13.891] WARN  [MultiTableRepo.sms] Table does not exist: sms_shard_01.sms_20250825
[2025-09-21 00:35:13.892] WARN  [MultiTableRepo.sms] Table does not exist: sms_shard_01.sms_20250826
[2025-09-21 00:35:13.893] WARN  [MultiTableRepo.sms] Table does not exist: sms_shard_01.sms_20250827
[2025-09-21 00:35:13.895] WARN  [MultiTableRepo.sms] Table does not exist: sms_shard_01.sms_20250828
[2025-09-21 00:35:13.896] WARN  [MultiTableRepo.sms] Table does not exist: sms_shard_01.sms_20250829
[2025-09-21 00:35:13.897] WARN  [MultiTableRepo.sms] Table does not exist: sms_shard_01.sms_20250830
[2025-09-21 00:35:13.898] WARN  [MultiTableRepo.sms] Table does not exist: sms_shard_01.sms_20250831
[2025-09-21 00:35:13.899] WARN  [MultiTableRepo.sms] Table does not exist: sms_shard_01.sms_20250901
[2025-09-21 00:35:13.899] WARN  [MultiTableRepo.sms] Table does not exist: sms_shard_01.sms_20250902
[2025-09-21 00:35:13.900] WARN  [MultiTableRepo.sms] Table does not exist: sms_shard_01.sms_20250903
[2025-09-21 00:35:13.901] WARN  [MultiTableRepo.sms] Table does not exist: sms_shard_01.sms_20250904
[2025-09-21 00:35:13.902] WARN  [MultiTableRepo.sms] Table does not exist: sms_shard_01.sms_20250905
[2025-09-21 00:35:14.027] WARN  [MultiTableRepo.sms] Table does not exist: sms_shard_01.sms_20250817
[2025-09-21 00:35:14.029] WARN  [MultiTableRepo.sms] Table does not exist: sms_shard_01.sms_20250818
[2025-09-21 00:35:14.030] WARN  [MultiTableRepo.sms] Table does not exist: sms_shard_01.sms_20250819
[2025-09-21 00:35:14.032] WARN  [MultiTableRepo.sms] Table does not exist: sms_shard_01.sms_20250820
[2025-09-21 00:35:14.033] WARN  [MultiTableRepo.sms] Table does not exist: sms_shard_01.sms_20250821
[2025-09-21 00:35:14.039] WARN  [MultiTableRepo.sms] Table does not exist: sms_shard_01.sms_20250822
[2025-09-21 00:35:14.042] WARN  [MultiTableRepo.sms] Table does not exist: sms_shard_01.sms_20250823
[2025-09-21 00:35:14.051] WARN  [MultiTableRepo.sms] Table does not exist: sms_shard_01.sms_20250824
[2025-09-21 00:35:14.058] WARN  [MultiTableRepo.sms] Table does not exist: sms_shard_01.sms_20250825
[2025-09-21 00:35:14.060] WARN  [MultiTableRepo.sms] Table does not exist: sms_shard_01.sms_20250826
[2025-09-21 00:35:14.063] WARN  [MultiTableRepo.sms] Table does not exist: sms_shard_01.sms_20250827
[2025-09-21 00:35:14.067] WARN  [MultiTableRepo.sms] Table does not exist: sms_shard_01.sms_20250828
[2025-09-21 00:35:14.071] WARN  [MultiTableRepo.sms] Table does not exist: sms_shard_01.sms_20250829
[2025-09-21 00:35:14.072] WARN  [MultiTableRepo.sms] Table does not exist: sms_shard_01.sms_20250830
[2025-09-21 00:35:14.075] WARN  [MultiTableRepo.sms] Table does not exist: sms_shard_01.sms_20250831
[2025-09-21 00:35:14.077] WARN  [MultiTableRepo.sms] Table does not exist: sms_shard_01.sms_20250901
[2025-09-21 00:35:14.078] WARN  [MultiTableRepo.sms] Table does not exist: sms_shard_01.sms_20250902
[2025-09-21 00:35:14.080] WARN  [MultiTableRepo.sms] Table does not exist: sms_shard_01.sms_20250903
[2025-09-21 00:35:14.082] WARN  [MultiTableRepo.sms] Table does not exist: sms_shard_01.sms_20250904
[2025-09-21 00:35:14.083] WARN  [MultiTableRepo.sms] Table does not exist: sms_shard_01.sms_20250905
[2025-09-21 00:35:14.133] WARN  [MultiTableRepo.sms] Table does not exist: sms_shard_01.sms_20250815
[2025-09-21 00:35:14.135] WARN  [MultiTableRepo.sms] Table does not exist: sms_shard_01.sms_20250816
[2025-09-21 00:35:14.136] WARN  [MultiTableRepo.sms] Table does not exist: sms_shard_01.sms_20250817
[2025-09-21 00:35:14.140] WARN  [MultiTableRepo.sms] Table does not exist: sms_shard_01.sms_20250818
[2025-09-21 00:35:14.142] WARN  [MultiTableRepo.sms] Table does not exist: sms_shard_01.sms_20250819
[2025-09-21 00:35:14.143] WARN  [MultiTableRepo.sms] Table does not exist: sms_shard_01.sms_20250820
[2025-09-21 00:35:14.144] WARN  [MultiTableRepo.sms] Table does not exist: sms_shard_01.sms_20250821
[2025-09-21 00:35:14.145] WARN  [MultiTableRepo.sms] Table does not exist: sms_shard_01.sms_20250822
[2025-09-21 00:35:14.146] WARN  [MultiTableRepo.sms] Table does not exist: sms_shard_01.sms_20250823
[2025-09-21 00:35:14.148] WARN  [MultiTableRepo.sms] Table does not exist: sms_shard_01.sms_20250824
[2025-09-21 00:35:14.149] WARN  [MultiTableRepo.sms] Table does not exist: sms_shard_01.sms_20250825
[2025-09-21 00:35:14.153] WARN  [MultiTableRepo.sms] Table does not exist: sms_shard_01.sms_20250826
[2025-09-21 00:35:14.155] WARN  [MultiTableRepo.sms] Table does not exist: sms_shard_01.sms_20250827
[2025-09-21 00:35:14.156] WARN  [MultiTableRepo.sms] Table does not exist: sms_shard_01.sms_20250828
[2025-09-21 00:35:14.157] WARN  [MultiTableRepo.sms] Table does not exist: sms_shard_01.sms_20250829
[2025-09-21 00:35:14.158] WARN  [MultiTableRepo.sms] Table does not exist: sms_shard_01.sms_20250830
[2025-09-21 00:35:14.160] WARN  [MultiTableRepo.sms] Table does not exist: sms_shard_01.sms_20250831
[2025-09-21 00:35:14.161] WARN  [MultiTableRepo.sms] Table does not exist: sms_shard_01.sms_20250901
[2025-09-21 00:35:14.162] WARN  [MultiTableRepo.sms] Table does not exist: sms_shard_01.sms_20250902
[2025-09-21 00:35:14.163] WARN  [MultiTableRepo.sms] Table does not exist: sms_shard_01.sms_20250903
[2025-09-21 00:35:14.164] WARN  [MultiTableRepo.sms] Table does not exist: sms_shard_01.sms_20250904
[2025-09-21 00:35:14.165] WARN  [MultiTableRepo.sms] Table does not exist: sms_shard_01.sms_20250905
[2025-09-21 00:35:14.279] WARN  [MultiTableRepo.sms] Table does not exist: sms_shard_01.sms_20250815
[2025-09-21 00:35:14.281] WARN  [MultiTableRepo.sms] Table does not exist: sms_shard_01.sms_20250816
[2025-09-21 00:35:14.282] WARN  [MultiTableRepo.sms] Table does not exist: sms_shard_01.sms_20250817
[2025-09-21 00:35:14.283] WARN  [MultiTableRepo.sms] Table does not exist: sms_shard_01.sms_20250818
[2025-09-21 00:35:14.284] WARN  [MultiTableRepo.sms] Table does not exist: sms_shard_01.sms_20250819
[2025-09-21 00:35:14.285] WARN  [MultiTableRepo.sms] Table does not exist: sms_shard_01.sms_20250820
[2025-09-21 00:35:14.286] WARN  [MultiTableRepo.sms] Table does not exist: sms_shard_01.sms_20250821
[2025-09-21 00:35:14.288] WARN  [MultiTableRepo.sms] Table does not exist: sms_shard_01.sms_20250822
[2025-09-21 00:35:14.289] WARN  [MultiTableRepo.sms] Table does not exist: sms_shard_01.sms_20250823
[2025-09-21 00:35:14.292] WARN  [MultiTableRepo.sms] Table does not exist: sms_shard_01.sms_20250824
[2025-09-21 00:35:14.293] WARN  [MultiTableRepo.sms] Table does not exist: sms_shard_01.sms_20250825
[2025-09-21 00:35:14.294] WARN  [MultiTableRepo.sms] Table does not exist: sms_shard_01.sms_20250826
[2025-09-21 00:35:14.295] WARN  [MultiTableRepo.sms] Table does not exist: sms_shard_01.sms_20250827
[2025-09-21 00:35:14.298] WARN  [MultiTableRepo.sms] Table does not exist: sms_shard_01.sms_20250828
[2025-09-21 00:35:14.299] WARN  [MultiTableRepo.sms] Table does not exist: sms_shard_01.sms_20250829
[2025-09-21 00:35:14.300] WARN  [MultiTableRepo.sms] Table does not exist: sms_shard_01.sms_20250830
[2025-09-21 00:35:14.302] WARN  [MultiTableRepo.sms] Table does not exist: sms_shard_01.sms_20250831
[2025-09-21 00:35:14.305] WARN  [MultiTableRepo.sms] Table does not exist: sms_shard_01.sms_20250901
[2025-09-21 00:35:14.307] WARN  [MultiTableRepo.sms] Table does not exist: sms_shard_01.sms_20250902
[2025-09-21 00:35:14.308] WARN  [MultiTableRepo.sms] Table does not exist: sms_shard_01.sms_20250903
[2025-09-21 00:35:14.309] WARN  [MultiTableRepo.sms] Table does not exist: sms_shard_01.sms_20250904
[2025-09-21 00:35:14.310] WARN  [MultiTableRepo.sms] Table does not exist: sms_shard_01.sms_20250905
[2025-09-21 00:35:14.390] WARN  [MultiTableRepo.sms] Table does not exist: sms_shard_01.sms_20250821
[2025-09-21 00:35:14.392] WARN  [MultiTableRepo.sms] Table does not exist: sms_shard_01.sms_20250822
[2025-09-21 00:35:14.394] WARN  [MultiTableRepo.sms] Table does not exist: sms_shard_01.sms_20250823
[2025-09-21 00:35:14.395] WARN  [MultiTableRepo.sms] Table does not exist: sms_shard_01.sms_20250824
[2025-09-21 00:35:14.396] WARN  [MultiTableRepo.sms] Table does not exist: sms_shard_01.sms_20250825
[2025-09-21 00:35:14.397] WARN  [MultiTableRepo.sms] Table does not exist: sms_shard_01.sms_20250826
[2025-09-21 00:35:14.400] WARN  [MultiTableRepo.sms] Table does not exist: sms_shard_01.sms_20250827
[2025-09-21 00:35:14.401] WARN  [MultiTableRepo.sms] Table does not exist: sms_shard_01.sms_20250828
[2025-09-21 00:35:14.403] WARN  [MultiTableRepo.sms] Table does not exist: sms_shard_01.sms_20250829
[2025-09-21 00:35:14.404] WARN  [MultiTableRepo.sms] Table does not exist: sms_shard_01.sms_20250830
[2025-09-21 00:35:14.405] WARN  [MultiTableRepo.sms] Table does not exist: sms_shard_01.sms_20250831
[2025-09-21 00:35:14.406] WARN  [MultiTableRepo.sms] Table does not exist: sms_shard_01.sms_20250901
[2025-09-21 00:35:14.407] WARN  [MultiTableRepo.sms] Table does not exist: sms_shard_01.sms_20250902
[2025-09-21 00:35:14.408] WARN  [MultiTableRepo.sms] Table does not exist: sms_shard_01.sms_20250903
[2025-09-21 00:35:14.409] WARN  [MultiTableRepo.sms] Table does not exist: sms_shard_01.sms_20250904
[2025-09-21 00:35:14.410] WARN  [MultiTableRepo.sms] Table does not exist: sms_shard_01.sms_20250905
[2025-09-21 00:35:14.513] WARN  [MultiTableRepo.sms] Table does not exist: sms_shard_01.sms_20250905
[2025-09-21 00:35:14.639] WARN  [MultiTableRepo.sms] Table does not exist: sms_shard_01.sms_20250815
[2025-09-21 00:35:14.640] WARN  [MultiTableRepo.sms] Table does not exist: sms_shard_01.sms_20250816
[2025-09-21 00:35:14.641] WARN  [MultiTableRepo.sms] Table does not exist: sms_shard_01.sms_20250817
[2025-09-21 00:35:14.642] WARN  [MultiTableRepo.sms] Table does not exist: sms_shard_01.sms_20250818
[2025-09-21 00:35:14.643] WARN  [MultiTableRepo.sms] Table does not exist: sms_shard_01.sms_20250819
[2025-09-21 00:35:14.643] WARN  [MultiTableRepo.sms] Table does not exist: sms_shard_01.sms_20250820
[2025-09-21 00:35:14.644] WARN  [MultiTableRepo.sms] Table does not exist: sms_shard_01.sms_20250821
[2025-09-21 00:35:14.645] WARN  [MultiTableRepo.sms] Table does not exist: sms_shard_01.sms_20250822
[2025-09-21 00:35:14.646] WARN  [MultiTableRepo.sms] Table does not exist: sms_shard_01.sms_20250823
[2025-09-21 00:35:14.647] WARN  [MultiTableRepo.sms] Table does not exist: sms_shard_01.sms_20250824
[2025-09-21 00:35:14.648] WARN  [MultiTableRepo.sms] Table does not exist: sms_shard_01.sms_20250825
[2025-09-21 00:35:14.649] WARN  [MultiTableRepo.sms] Table does not exist: sms_shard_01.sms_20250826
[2025-09-21 00:35:14.650] WARN  [MultiTableRepo.sms] Table does not exist: sms_shard_01.sms_20250827
[2025-09-21 00:35:14.651] WARN  [MultiTableRepo.sms] Table does not exist: sms_shard_01.sms_20250828
[2025-09-21 00:35:14.652] WARN  [MultiTableRepo.sms] Table does not exist: sms_shard_01.sms_20250829
[2025-09-21 00:35:14.653] WARN  [MultiTableRepo.sms] Table does not exist: sms_shard_01.sms_20250830
[2025-09-21 00:35:14.654] WARN  [MultiTableRepo.sms] Table does not exist: sms_shard_01.sms_20250831
[2025-09-21 00:35:14.655] WARN  [MultiTableRepo.sms] Table does not exist: sms_shard_01.sms_20250901
[2025-09-21 00:35:14.655] WARN  [MultiTableRepo.sms] Table does not exist: sms_shard_01.sms_20250902
[2025-09-21 00:35:14.656] WARN  [MultiTableRepo.sms] Table does not exist: sms_shard_01.sms_20250903
[2025-09-21 00:35:14.657] WARN  [MultiTableRepo.sms] Table does not exist: sms_shard_01.sms_20250904
[2025-09-21 00:35:14.658] WARN  [MultiTableRepo.sms] Table does not exist: sms_shard_01.sms_20250905
[2025-09-21 00:35:14.716] WARN  [MultiTableRepo.sms] Table does not exist: sms_shard_01.sms_20250905
[2025-09-21 00:35:14.772] WARN  [MultiTableRepo.sms] Table does not exist: sms_shard_01.sms_20250905
[2025-09-21 00:35:14.790] WARN  [MultiTableRepo.sms] Table does not exist: sms_shard_01.sms_20250818
[2025-09-21 00:35:14.791] WARN  [MultiTableRepo.sms] Table does not exist: sms_shard_01.sms_20250819
[2025-09-21 00:35:14.792] WARN  [MultiTableRepo.sms] Table does not exist: sms_shard_01.sms_20250820
[2025-09-21 00:35:14.793] WARN  [MultiTableRepo.sms] Table does not exist: sms_shard_01.sms_20250821
[2025-09-21 00:35:14.794] WARN  [MultiTableRepo.sms] Table does not exist: sms_shard_01.sms_20250822
[2025-09-21 00:35:14.795] WARN  [MultiTableRepo.sms] Table does not exist: sms_shard_01.sms_20250823
[2025-09-21 00:35:14.796] WARN  [MultiTableRepo.sms] Table does not exist: sms_shard_01.sms_20250824
[2025-09-21 00:35:14.797] WARN  [MultiTableRepo.sms] Table does not exist: sms_shard_01.sms_20250825
[2025-09-21 00:35:14.798] WARN  [MultiTableRepo.sms] Table does not exist: sms_shard_01.sms_20250826
[2025-09-21 00:35:14.800] WARN  [MultiTableRepo.sms] Table does not exist: sms_shard_01.sms_20250827
[2025-09-21 00:35:14.800] WARN  [MultiTableRepo.sms] Table does not exist: sms_shard_01.sms_20250828
[2025-09-21 00:35:14.804] WARN  [MultiTableRepo.sms] Table does not exist: sms_shard_01.sms_20250829
[2025-09-21 00:35:14.805] WARN  [MultiTableRepo.sms] Table does not exist: sms_shard_01.sms_20250830
[2025-09-21 00:35:14.806] WARN  [MultiTableRepo.sms] Table does not exist: sms_shard_01.sms_20250831
[2025-09-21 00:35:14.807] WARN  [MultiTableRepo.sms] Table does not exist: sms_shard_01.sms_20250901
[2025-09-21 00:35:14.808] WARN  [MultiTableRepo.sms] Table does not exist: sms_shard_01.sms_20250902
[2025-09-21 00:35:14.810] WARN  [MultiTableRepo.sms] Table does not exist: sms_shard_01.sms_20250903
[2025-09-21 00:35:14.811] WARN  [MultiTableRepo.sms] Table does not exist: sms_shard_01.sms_20250904
[2025-09-21 00:35:14.812] WARN  [MultiTableRepo.sms] Table does not exist: sms_shard_01.sms_20250905
[2025-09-21 00:35:14.844] WARN  [MultiTableRepo.sms] Table does not exist: sms_shard_01.sms_20250817
[2025-09-21 00:35:14.845] WARN  [MultiTableRepo.sms] Table does not exist: sms_shard_01.sms_20250818
[2025-09-21 00:35:14.846] WARN  [MultiTableRepo.sms] Table does not exist: sms_shard_01.sms_20250819
[2025-09-21 00:35:14.847] WARN  [MultiTableRepo.sms] Table does not exist: sms_shard_01.sms_20250820
[2025-09-21 00:35:14.848] WARN  [MultiTableRepo.sms] Table does not exist: sms_shard_01.sms_20250821
[2025-09-21 00:35:14.849] WARN  [MultiTableRepo.sms] Table does not exist: sms_shard_01.sms_20250822
[2025-09-21 00:35:14.851] WARN  [MultiTableRepo.sms] Table does not exist: sms_shard_01.sms_20250823
[2025-09-21 00:35:14.852] WARN  [MultiTableRepo.sms] Table does not exist: sms_shard_01.sms_20250824
[2025-09-21 00:35:14.852] WARN  [MultiTableRepo.sms] Table does not exist: sms_shard_01.sms_20250825
[2025-09-21 00:35:14.853] WARN  [MultiTableRepo.sms] Table does not exist: sms_shard_01.sms_20250826
[2025-09-21 00:35:14.854] WARN  [MultiTableRepo.sms] Table does not exist: sms_shard_01.sms_20250827
[2025-09-21 00:35:14.855] WARN  [MultiTableRepo.sms] Table does not exist: sms_shard_01.sms_20250828
[2025-09-21 00:35:14.856] WARN  [MultiTableRepo.sms] Table does not exist: sms_shard_01.sms_20250829
[2025-09-21 00:35:14.857] WARN  [MultiTableRepo.sms] Table does not exist: sms_shard_01.sms_20250830
[2025-09-21 00:35:14.858] WARN  [MultiTableRepo.sms] Table does not exist: sms_shard_01.sms_20250831
[2025-09-21 00:35:14.859] WARN  [MultiTableRepo.sms] Table does not exist: sms_shard_01.sms_20250901
[2025-09-21 00:35:14.860] WARN  [MultiTableRepo.sms] Table does not exist: sms_shard_01.sms_20250902
[2025-09-21 00:35:14.861] WARN  [MultiTableRepo.sms] Table does not exist: sms_shard_01.sms_20250903
[2025-09-21 00:35:14.862] WARN  [MultiTableRepo.sms] Table does not exist: sms_shard_01.sms_20250904
[2025-09-21 00:35:14.862] WARN  [MultiTableRepo.sms] Table does not exist: sms_shard_01.sms_20250905
[2025-09-21 00:35:15.048] WARN  [MultiTableRepo.sms] Table does not exist: sms_shard_01.sms_20250817
[2025-09-21 00:35:15.049] WARN  [MultiTableRepo.sms] Table does not exist: sms_shard_01.sms_20250818
[2025-09-21 00:35:15.050] WARN  [MultiTableRepo.sms] Table does not exist: sms_shard_01.sms_20250819
[2025-09-21 00:35:15.051] WARN  [MultiTableRepo.sms] Table does not exist: sms_shard_01.sms_20250820
[2025-09-21 00:35:15.052] WARN  [MultiTableRepo.sms] Table does not exist: sms_shard_01.sms_20250821
[2025-09-21 00:35:15.054] WARN  [MultiTableRepo.sms] Table does not exist: sms_shard_01.sms_20250822
[2025-09-21 00:35:15.055] WARN  [MultiTableRepo.sms] Table does not exist: sms_shard_01.sms_20250823
[2025-09-21 00:35:15.056] WARN  [MultiTableRepo.sms] Table does not exist: sms_shard_01.sms_20250824
[2025-09-21 00:35:15.057] WARN  [MultiTableRepo.sms] Table does not exist: sms_shard_01.sms_20250825
[2025-09-21 00:35:15.058] WARN  [MultiTableRepo.sms] Table does not exist: sms_shard_01.sms_20250826
[2025-09-21 00:35:15.059] WARN  [MultiTableRepo.sms] Table does not exist: sms_shard_01.sms_20250827
[2025-09-21 00:35:15.060] WARN  [MultiTableRepo.sms] Table does not exist: sms_shard_01.sms_20250828
[2025-09-21 00:35:15.061] WARN  [MultiTableRepo.sms] Table does not exist: sms_shard_01.sms_20250829
[2025-09-21 00:35:15.062] WARN  [MultiTableRepo.sms] Table does not exist: sms_shard_01.sms_20250830
[2025-09-21 00:35:15.064] WARN  [MultiTableRepo.sms] Table does not exist: sms_shard_01.sms_20250831
[2025-09-21 00:35:15.065] WARN  [MultiTableRepo.sms] Table does not exist: sms_shard_01.sms_20250901
[2025-09-21 00:35:15.065] WARN  [MultiTableRepo.sms] Table does not exist: sms_shard_01.sms_20250902
[2025-09-21 00:35:15.066] WARN  [MultiTableRepo.sms] Table does not exist: sms_shard_01.sms_20250903
[2025-09-21 00:35:15.068] WARN  [MultiTableRepo.sms] Table does not exist: sms_shard_01.sms_20250904
[2025-09-21 00:35:15.069] WARN  [MultiTableRepo.sms] Table does not exist: sms_shard_01.sms_20250905
[2025-09-21 00:35:15.128] WARN  [MultiTableRepo.sms] Table does not exist: sms_shard_01.sms_20250815
[2025-09-21 00:35:15.129] WARN  [MultiTableRepo.sms] Table does not exist: sms_shard_01.sms_20250816
[2025-09-21 00:35:15.130] WARN  [MultiTableRepo.sms] Table does not exist: sms_shard_01.sms_20250817
[2025-09-21 00:35:15.131] WARN  [MultiTableRepo.sms] Table does not exist: sms_shard_01.sms_20250818
[2025-09-21 00:35:15.132] WARN  [MultiTableRepo.sms] Table does not exist: sms_shard_01.sms_20250819
[2025-09-21 00:35:15.133] WARN  [MultiTableRepo.sms] Table does not exist: sms_shard_01.sms_20250820
[2025-09-21 00:35:15.134] WARN  [MultiTableRepo.sms] Table does not exist: sms_shard_01.sms_20250821
[2025-09-21 00:35:15.135] WARN  [MultiTableRepo.sms] Table does not exist: sms_shard_01.sms_20250822
[2025-09-21 00:35:15.136] WARN  [MultiTableRepo.sms] Table does not exist: sms_shard_01.sms_20250823
[2025-09-21 00:35:15.137] WARN  [MultiTableRepo.sms] Table does not exist: sms_shard_01.sms_20250824
[2025-09-21 00:35:15.139] WARN  [MultiTableRepo.sms] Table does not exist: sms_shard_01.sms_20250825
[2025-09-21 00:35:15.140] WARN  [MultiTableRepo.sms] Table does not exist: sms_shard_01.sms_20250826
[2025-09-21 00:35:15.141] WARN  [MultiTableRepo.sms] Table does not exist: sms_shard_01.sms_20250827
[2025-09-21 00:35:15.142] WARN  [MultiTableRepo.sms] Table does not exist: sms_shard_01.sms_20250828
[2025-09-21 00:35:15.143] WARN  [MultiTableRepo.sms] Table does not exist: sms_shard_01.sms_20250829
[2025-09-21 00:35:15.144] WARN  [MultiTableRepo.sms] Table does not exist: sms_shard_01.sms_20250830
[2025-09-21 00:35:15.145] WARN  [MultiTableRepo.sms] Table does not exist: sms_shard_01.sms_20250831
[2025-09-21 00:35:15.146] WARN  [MultiTableRepo.sms] Table does not exist: sms_shard_01.sms_20250901
[2025-09-21 00:35:15.147] WARN  [MultiTableRepo.sms] Table does not exist: sms_shard_01.sms_20250902
[2025-09-21 00:35:15.148] WARN  [MultiTableRepo.sms] Table does not exist: sms_shard_01.sms_20250903
[2025-09-21 00:35:15.149] WARN  [MultiTableRepo.sms] Table does not exist: sms_shard_01.sms_20250904
[2025-09-21 00:35:15.150] WARN  [MultiTableRepo.sms] Table does not exist: sms_shard_01.sms_20250905
[2025-09-21 00:35:15.184] WARN  [MultiTableRepo.sms] Table does not exist: sms_shard_01.sms_20250815
[2025-09-21 00:35:15.185] WARN  [MultiTableRepo.sms] Table does not exist: sms_shard_01.sms_20250816
[2025-09-21 00:35:15.187] WARN  [MultiTableRepo.sms] Table does not exist: sms_shard_01.sms_20250817
[2025-09-21 00:35:15.187] WARN  [MultiTableRepo.sms] Table does not exist: sms_shard_01.sms_20250818
[2025-09-21 00:35:15.189] WARN  [MultiTableRepo.sms] Table does not exist: sms_shard_01.sms_20250819
[2025-09-21 00:35:15.189] WARN  [MultiTableRepo.sms] Table does not exist: sms_shard_01.sms_20250820
[2025-09-21 00:35:15.190] WARN  [MultiTableRepo.sms] Table does not exist: sms_shard_01.sms_20250821
[2025-09-21 00:35:15.191] WARN  [MultiTableRepo.sms] Table does not exist: sms_shard_01.sms_20250822
[2025-09-21 00:35:15.192] WARN  [MultiTableRepo.sms] Table does not exist: sms_shard_01.sms_20250823
[2025-09-21 00:35:15.193] WARN  [MultiTableRepo.sms] Table does not exist: sms_shard_01.sms_20250824
[2025-09-21 00:35:15.194] WARN  [MultiTableRepo.sms] Table does not exist: sms_shard_01.sms_20250825
[2025-09-21 00:35:15.195] WARN  [MultiTableRepo.sms] Table does not exist: sms_shard_01.sms_20250826
[2025-09-21 00:35:15.195] WARN  [MultiTableRepo.sms] Table does not exist: sms_shard_01.sms_20250827
[2025-09-21 00:35:15.196] WARN  [MultiTableRepo.sms] Table does not exist: sms_shard_01.sms_20250828
[2025-09-21 00:35:15.197] WARN  [MultiTableRepo.sms] Table does not exist: sms_shard_01.sms_20250829
[2025-09-21 00:35:15.198] WARN  [MultiTableRepo.sms] Table does not exist: sms_shard_01.sms_20250830
[2025-09-21 00:35:15.201] WARN  [MultiTableRepo.sms] Table does not exist: sms_shard_01.sms_20250831
[2025-09-21 00:35:15.202] WARN  [MultiTableRepo.sms] Table does not exist: sms_shard_01.sms_20250901
[2025-09-21 00:35:15.203] WARN  [MultiTableRepo.sms] Table does not exist: sms_shard_01.sms_20250902
[2025-09-21 00:35:15.204] WARN  [MultiTableRepo.sms] Table does not exist: sms_shard_01.sms_20250903
[2025-09-21 00:35:15.205] WARN  [MultiTableRepo.sms] Table does not exist: sms_shard_01.sms_20250904
[2025-09-21 00:35:15.206] WARN  [MultiTableRepo.sms] Table does not exist: sms_shard_01.sms_20250905
[2025-09-21 00:35:15.232] WARN  [MultiTableRepo.sms] Table does not exist: sms_shard_01.sms_20250815
[2025-09-21 00:35:15.233] WARN  [MultiTableRepo.sms] Table does not exist: sms_shard_01.sms_20250816
[2025-09-21 00:35:15.234] WARN  [MultiTableRepo.sms] Table does not exist: sms_shard_01.sms_20250817
[2025-09-21 00:35:15.235] WARN  [MultiTableRepo.sms] Table does not exist: sms_shard_01.sms_20250818
[2025-09-21 00:35:15.236] WARN  [MultiTableRepo.sms] Table does not exist: sms_shard_01.sms_20250819
[2025-09-21 00:35:15.236] WARN  [MultiTableRepo.sms] Table does not exist: sms_shard_01.sms_20250820
[2025-09-21 00:35:15.237] WARN  [MultiTableRepo.sms] Table does not exist: sms_shard_01.sms_20250821
[2025-09-21 00:35:15.238] WARN  [MultiTableRepo.sms] Table does not exist: sms_shard_01.sms_20250822
[2025-09-21 00:35:15.239] WARN  [MultiTableRepo.sms] Table does not exist: sms_shard_01.sms_20250823
[2025-09-21 00:35:15.240] WARN  [MultiTableRepo.sms] Table does not exist: sms_shard_01.sms_20250824
[2025-09-21 00:35:15.241] WARN  [MultiTableRepo.sms] Table does not exist: sms_shard_01.sms_20250825
[2025-09-21 00:35:15.242] WARN  [MultiTableRepo.sms] Table does not exist: sms_shard_01.sms_20250826
[2025-09-21 00:35:15.243] WARN  [MultiTableRepo.sms] Table does not exist: sms_shard_01.sms_20250827
[2025-09-21 00:35:15.244] WARN  [MultiTableRepo.sms] Table does not exist: sms_shard_01.sms_20250828
[2025-09-21 00:35:15.244] WARN  [MultiTableRepo.sms] Table does not exist: sms_shard_01.sms_20250829
[2025-09-21 00:35:15.245] WARN  [MultiTableRepo.sms] Table does not exist: sms_shard_01.sms_20250830
[2025-09-21 00:35:15.246] WARN  [MultiTableRepo.sms] Table does not exist: sms_shard_01.sms_20250831
[2025-09-21 00:35:15.247] WARN  [MultiTableRepo.sms] Table does not exist: sms_shard_01.sms_20250901
[2025-09-21 00:35:15.247] WARN  [MultiTableRepo.sms] Table does not exist: sms_shard_01.sms_20250902
[2025-09-21 00:35:15.248] WARN  [MultiTableRepo.sms] Table does not exist: sms_shard_01.sms_20250903
[2025-09-21 00:35:15.249] WARN  [MultiTableRepo.sms] Table does not exist: sms_shard_01.sms_20250904
[2025-09-21 00:35:15.250] WARN  [MultiTableRepo.sms] Table does not exist: sms_shard_01.sms_20250905
[2025-09-21 00:35:15.303] WARN  [MultiTableRepo.sms] Table does not exist: sms_shard_01.sms_20250815
[2025-09-21 00:35:15.304] WARN  [MultiTableRepo.sms] Table does not exist: sms_shard_01.sms_20250816
[2025-09-21 00:35:15.305] WARN  [MultiTableRepo.sms] Table does not exist: sms_shard_01.sms_20250817
[2025-09-21 00:35:15.306] WARN  [MultiTableRepo.sms] Table does not exist: sms_shard_01.sms_20250818
[2025-09-21 00:35:15.307] WARN  [MultiTableRepo.sms] Table does not exist: sms_shard_01.sms_20250819
[2025-09-21 00:35:15.307] WARN  [MultiTableRepo.sms] Table does not exist: sms_shard_01.sms_20250820
[2025-09-21 00:35:15.308] WARN  [MultiTableRepo.sms] Table does not exist: sms_shard_01.sms_20250821
[2025-09-21 00:35:15.309] WARN  [MultiTableRepo.sms] Table does not exist: sms_shard_01.sms_20250822
[2025-09-21 00:35:15.310] WARN  [MultiTableRepo.sms] Table does not exist: sms_shard_01.sms_20250823
[2025-09-21 00:35:15.311] WARN  [MultiTableRepo.sms] Table does not exist: sms_shard_01.sms_20250824
[2025-09-21 00:35:15.312] WARN  [MultiTableRepo.sms] Table does not exist: sms_shard_01.sms_20250825
[2025-09-21 00:35:15.314] WARN  [MultiTableRepo.sms] Table does not exist: sms_shard_01.sms_20250826
[2025-09-21 00:35:15.315] WARN  [MultiTableRepo.sms] Table does not exist: sms_shard_01.sms_20250827
[2025-09-21 00:35:15.317] WARN  [MultiTableRepo.sms] Table does not exist: sms_shard_01.sms_20250828
[2025-09-21 00:35:15.318] WARN  [MultiTableRepo.sms] Table does not exist: sms_shard_01.sms_20250829
[2025-09-21 00:35:15.319] WARN  [MultiTableRepo.sms] Table does not exist: sms_shard_01.sms_20250830
[2025-09-21 00:35:15.320] WARN  [MultiTableRepo.sms] Table does not exist: sms_shard_01.sms_20250831
[2025-09-21 00:35:15.320] WARN  [MultiTableRepo.sms] Table does not exist: sms_shard_01.sms_20250901
[2025-09-21 00:35:15.321] WARN  [MultiTableRepo.sms] Table does not exist: sms_shard_01.sms_20250902
[2025-09-21 00:35:15.322] WARN  [MultiTableRepo.sms] Table does not exist: sms_shard_01.sms_20250903
[2025-09-21 00:35:15.323] WARN  [MultiTableRepo.sms] Table does not exist: sms_shard_01.sms_20250904
[2025-09-21 00:35:15.324] WARN  [MultiTableRepo.sms] Table does not exist: sms_shard_01.sms_20250905
[2025-09-21 00:35:15.350] WARN  [MultiTableRepo.sms] Table does not exist: sms_shard_01.sms_20250821
[2025-09-21 00:35:15.351] WARN  [MultiTableRepo.sms] Table does not exist: sms_shard_01.sms_20250822
[2025-09-21 00:35:15.351] WARN  [MultiTableRepo.sms] Table does not exist: sms_shard_01.sms_20250823
[2025-09-21 00:35:15.352] WARN  [MultiTableRepo.sms] Table does not exist: sms_shard_01.sms_20250824
[2025-09-21 00:35:15.353] WARN  [MultiTableRepo.sms] Table does not exist: sms_shard_01.sms_20250825
[2025-09-21 00:35:15.355] WARN  [MultiTableRepo.sms] Table does not exist: sms_shard_01.sms_20250826
[2025-09-21 00:35:15.356] WARN  [MultiTableRepo.sms] Table does not exist: sms_shard_01.sms_20250827
[2025-09-21 00:35:15.357] WARN  [MultiTableRepo.sms] Table does not exist: sms_shard_01.sms_20250828
[2025-09-21 00:35:15.358] WARN  [MultiTableRepo.sms] Table does not exist: sms_shard_01.sms_20250829
[2025-09-21 00:35:15.358] WARN  [MultiTableRepo.sms] Table does not exist: sms_shard_01.sms_20250830
[2025-09-21 00:35:15.359] WARN  [MultiTableRepo.sms] Table does not exist: sms_shard_01.sms_20250831
[2025-09-21 00:35:15.360] WARN  [MultiTableRepo.sms] Table does not exist: sms_shard_01.sms_20250901
[2025-09-21 00:35:15.361] WARN  [MultiTableRepo.sms] Table does not exist: sms_shard_01.sms_20250902
[2025-09-21 00:35:15.362] WARN  [MultiTableRepo.sms] Table does not exist: sms_shard_01.sms_20250903
[2025-09-21 00:35:15.363] WARN  [MultiTableRepo.sms] Table does not exist: sms_shard_01.sms_20250904
[2025-09-21 00:35:15.364] WARN  [MultiTableRepo.sms] Table does not exist: sms_shard_01.sms_20250905
[2025-09-21 00:35:15.428] WARN  [MultiTableRepo.sms] Table does not exist: sms_shard_01.sms_20250905
[2025-09-21 00:35:15.443] WARN  [MultiTableRepo.sms] Table does not exist: sms_shard_01.sms_20250816
[2025-09-21 00:35:15.444] WARN  [MultiTableRepo.sms] Table does not exist: sms_shard_01.sms_20250817
[2025-09-21 00:35:15.445] WARN  [MultiTableRepo.sms] Table does not exist: sms_shard_01.sms_20250818
[2025-09-21 00:35:15.446] WARN  [MultiTableRepo.sms] Table does not exist: sms_shard_01.sms_20250819
[2025-09-21 00:35:15.447] WARN  [MultiTableRepo.sms] Table does not exist: sms_shard_01.sms_20250820
[2025-09-21 00:35:15.447] WARN  [MultiTableRepo.sms] Table does not exist: sms_shard_01.sms_20250821
[2025-09-21 00:35:15.448] WARN  [MultiTableRepo.sms] Table does not exist: sms_shard_01.sms_20250822
[2025-09-21 00:35:15.449] WARN  [MultiTableRepo.sms] Table does not exist: sms_shard_01.sms_20250823
[2025-09-21 00:35:15.450] WARN  [MultiTableRepo.sms] Table does not exist: sms_shard_01.sms_20250824
[2025-09-21 00:35:15.451] WARN  [MultiTableRepo.sms] Table does not exist: sms_shard_01.sms_20250825
[2025-09-21 00:35:15.452] WARN  [MultiTableRepo.sms] Table does not exist: sms_shard_01.sms_20250826
[2025-09-21 00:35:15.454] WARN  [MultiTableRepo.sms] Table does not exist: sms_shard_01.sms_20250827
[2025-09-21 00:35:15.455] WARN  [MultiTableRepo.sms] Table does not exist: sms_shard_01.sms_20250828
[2025-09-21 00:35:15.456] WARN  [MultiTableRepo.sms] Table does not exist: sms_shard_01.sms_20250829
[2025-09-21 00:35:15.457] WARN  [MultiTableRepo.sms] Table does not exist: sms_shard_01.sms_20250830
[2025-09-21 00:35:15.458] WARN  [MultiTableRepo.sms] Table does not exist: sms_shard_01.sms_20250831
[2025-09-21 00:35:15.459] WARN  [MultiTableRepo.sms] Table does not exist: sms_shard_01.sms_20250901
[2025-09-21 00:35:15.460] WARN  [MultiTableRepo.sms] Table does not exist: sms_shard_01.sms_20250902
[2025-09-21 00:35:15.461] WARN  [MultiTableRepo.sms] Table does not exist: sms_shard_01.sms_20250903
[2025-09-21 00:35:15.462] WARN  [MultiTableRepo.sms] Table does not exist: sms_shard_01.sms_20250904
[2025-09-21 00:35:15.463] WARN  [MultiTableRepo.sms] Table does not exist: sms_shard_01.sms_20250905
[2025-09-21 00:35:15.484] WARN  [MultiTableRepo.sms] Table does not exist: sms_shard_01.sms_20250815
[2025-09-21 00:35:15.485] WARN  [MultiTableRepo.sms] Table does not exist: sms_shard_01.sms_20250816
[2025-09-21 00:35:15.486] WARN  [MultiTableRepo.sms] Table does not exist: sms_shard_01.sms_20250817
[2025-09-21 00:35:15.486] WARN  [MultiTableRepo.sms] Table does not exist: sms_shard_01.sms_20250818
[2025-09-21 00:35:15.487] WARN  [MultiTableRepo.sms] Table does not exist: sms_shard_01.sms_20250819
[2025-09-21 00:35:15.488] WARN  [MultiTableRepo.sms] Table does not exist: sms_shard_01.sms_20250820
[2025-09-21 00:35:15.489] WARN  [MultiTableRepo.sms] Table does not exist: sms_shard_01.sms_20250821
[2025-09-21 00:35:15.491] WARN  [MultiTableRepo.sms] Table does not exist: sms_shard_01.sms_20250822
[2025-09-21 00:35:15.492] WARN  [MultiTableRepo.sms] Table does not exist: sms_shard_01.sms_20250823
[2025-09-21 00:35:15.493] WARN  [MultiTableRepo.sms] Table does not exist: sms_shard_01.sms_20250824
[2025-09-21 00:35:15.493] WARN  [MultiTableRepo.sms] Table does not exist: sms_shard_01.sms_20250825
[2025-09-21 00:35:15.494] WARN  [MultiTableRepo.sms] Table does not exist: sms_shard_01.sms_20250826
[2025-09-21 00:35:15.495] WARN  [MultiTableRepo.sms] Table does not exist: sms_shard_01.sms_20250827
[2025-09-21 00:35:15.496] WARN  [MultiTableRepo.sms] Table does not exist: sms_shard_01.sms_20250828
[2025-09-21 00:35:15.497] WARN  [MultiTableRepo.sms] Table does not exist: sms_shard_01.sms_20250829
[2025-09-21 00:35:15.498] WARN  [MultiTableRepo.sms] Table does not exist: sms_shard_01.sms_20250830
[2025-09-21 00:35:15.499] WARN  [MultiTableRepo.sms] Table does not exist: sms_shard_01.sms_20250831
[2025-09-21 00:35:15.500] WARN  [MultiTableRepo.sms] Table does not exist: sms_shard_01.sms_20250901
[2025-09-21 00:35:15.500] WARN  [MultiTableRepo.sms] Table does not exist: sms_shard_01.sms_20250902
[2025-09-21 00:35:15.501] WARN  [MultiTableRepo.sms] Table does not exist: sms_shard_01.sms_20250903
[2025-09-21 00:35:15.502] WARN  [MultiTableRepo.sms] Table does not exist: sms_shard_01.sms_20250904
[2025-09-21 00:35:15.503] WARN  [MultiTableRepo.sms] Table does not exist: sms_shard_01.sms_20250905
[2025-09-21 00:35:15.531] WARN  [MultiTableRepo.sms] Table does not exist: sms_shard_01.sms_20250820
[2025-09-21 00:35:15.532] WARN  [MultiTableRepo.sms] Table does not exist: sms_shard_01.sms_20250821
[2025-09-21 00:35:15.533] WARN  [MultiTableRepo.sms] Table does not exist: sms_shard_01.sms_20250822
[2025-09-21 00:35:15.533] WARN  [MultiTableRepo.sms] Table does not exist: sms_shard_01.sms_20250823
[2025-09-21 00:35:15.534] WARN  [MultiTableRepo.sms] Table does not exist: sms_shard_01.sms_20250824
[2025-09-21 00:35:15.535] WARN  [MultiTableRepo.sms] Table does not exist: sms_shard_01.sms_20250825
[2025-09-21 00:35:15.536] WARN  [MultiTableRepo.sms] Table does not exist: sms_shard_01.sms_20250826
[2025-09-21 00:35:15.537] WARN  [MultiTableRepo.sms] Table does not exist: sms_shard_01.sms_20250827
[2025-09-21 00:35:15.538] WARN  [MultiTableRepo.sms] Table does not exist: sms_shard_01.sms_20250828
[2025-09-21 00:35:15.540] WARN  [MultiTableRepo.sms] Table does not exist: sms_shard_01.sms_20250829
[2025-09-21 00:35:15.542] WARN  [MultiTableRepo.sms] Table does not exist: sms_shard_01.sms_20250830
[2025-09-21 00:35:15.546] WARN  [MultiTableRepo.sms] Table does not exist: sms_shard_01.sms_20250831
[2025-09-21 00:35:15.547] WARN  [MultiTableRepo.sms] Table does not exist: sms_shard_01.sms_20250901
[2025-09-21 00:35:15.547] WARN  [MultiTableRepo.sms] Table does not exist: sms_shard_01.sms_20250902
[2025-09-21 00:35:15.548] WARN  [MultiTableRepo.sms] Table does not exist: sms_shard_01.sms_20250903
[2025-09-21 00:35:15.549] WARN  [MultiTableRepo.sms] Table does not exist: sms_shard_01.sms_20250904
[2025-09-21 00:35:15.550] WARN  [MultiTableRepo.sms] Table does not exist: sms_shard_01.sms_20250905
[2025-09-21 00:35:15.583] WARN  [MultiTableRepo.sms] Table does not exist: sms_shard_01.sms_20250821
[2025-09-21 00:35:15.585] WARN  [MultiTableRepo.sms] Table does not exist: sms_shard_01.sms_20250822
[2025-09-21 00:35:15.586] WARN  [MultiTableRepo.sms] Table does not exist: sms_shard_01.sms_20250823
[2025-09-21 00:35:15.587] WARN  [MultiTableRepo.sms] Table does not exist: sms_shard_01.sms_20250824
[2025-09-21 00:35:15.588] WARN  [MultiTableRepo.sms] Table does not exist: sms_shard_01.sms_20250825
[2025-09-21 00:35:15.590] WARN  [MultiTableRepo.sms] Table does not exist: sms_shard_01.sms_20250826
[2025-09-21 00:35:15.591] WARN  [MultiTableRepo.sms] Table does not exist: sms_shard_01.sms_20250827
[2025-09-21 00:35:15.592] WARN  [MultiTableRepo.sms] Table does not exist: sms_shard_01.sms_20250828
[2025-09-21 00:35:15.593] WARN  [MultiTableRepo.sms] Table does not exist: sms_shard_01.sms_20250829
[2025-09-21 00:35:15.594] WARN  [MultiTableRepo.sms] Table does not exist: sms_shard_01.sms_20250830
[2025-09-21 00:35:15.595] WARN  [MultiTableRepo.sms] Table does not exist: sms_shard_01.sms_20250831
[2025-09-21 00:35:15.596] WARN  [MultiTableRepo.sms] Table does not exist: sms_shard_01.sms_20250901
[2025-09-21 00:35:15.597] WARN  [MultiTableRepo.sms] Table does not exist: sms_shard_01.sms_20250902
[2025-09-21 00:35:15.598] WARN  [MultiTableRepo.sms] Table does not exist: sms_shard_01.sms_20250903
[2025-09-21 00:35:15.599] WARN  [MultiTableRepo.sms] Table does not exist: sms_shard_01.sms_20250904
[2025-09-21 00:35:15.600] WARN  [MultiTableRepo.sms] Table does not exist: sms_shard_01.sms_20250905
[2025-09-21 00:35:15.633] WARN  [MultiTableRepo.sms] Table does not exist: sms_shard_01.sms_20250818
[2025-09-21 00:35:15.634] WARN  [MultiTableRepo.sms] Table does not exist: sms_shard_01.sms_20250819
[2025-09-21 00:35:15.635] WARN  [MultiTableRepo.sms] Table does not exist: sms_shard_01.sms_20250820
[2025-09-21 00:35:15.636] WARN  [MultiTableRepo.sms] Table does not exist: sms_shard_01.sms_20250821
[2025-09-21 00:35:15.637] WARN  [MultiTableRepo.sms] Table does not exist: sms_shard_01.sms_20250822
[2025-09-21 00:35:15.638] WARN  [MultiTableRepo.sms] Table does not exist: sms_shard_01.sms_20250823
[2025-09-21 00:35:15.639] WARN  [MultiTableRepo.sms] Table does not exist: sms_shard_01.sms_20250824
[2025-09-21 00:35:15.640] WARN  [MultiTableRepo.sms] Table does not exist: sms_shard_01.sms_20250825
[2025-09-21 00:35:15.641] WARN  [MultiTableRepo.sms] Table does not exist: sms_shard_01.sms_20250826
[2025-09-21 00:35:15.642] WARN  [MultiTableRepo.sms] Table does not exist: sms_shard_01.sms_20250827
[2025-09-21 00:35:15.643] WARN  [MultiTableRepo.sms] Table does not exist: sms_shard_01.sms_20250828
[2025-09-21 00:35:15.646] WARN  [MultiTableRepo.sms] Table does not exist: sms_shard_01.sms_20250829
[2025-09-21 00:35:15.647] WARN  [MultiTableRepo.sms] Table does not exist: sms_shard_01.sms_20250830
[2025-09-21 00:35:15.648] WARN  [MultiTableRepo.sms] Table does not exist: sms_shard_01.sms_20250831
[2025-09-21 00:35:15.649] WARN  [MultiTableRepo.sms] Table does not exist: sms_shard_01.sms_20250901
[2025-09-21 00:35:15.650] WARN  [MultiTableRepo.sms] Table does not exist: sms_shard_01.sms_20250902
[2025-09-21 00:35:15.651] WARN  [MultiTableRepo.sms] Table does not exist: sms_shard_01.sms_20250903
[2025-09-21 00:35:15.652] WARN  [MultiTableRepo.sms] Table does not exist: sms_shard_01.sms_20250904
[2025-09-21 00:35:15.652] WARN  [MultiTableRepo.sms] Table does not exist: sms_shard_01.sms_20250905
[2025-09-21 00:35:15.737] WARN  [MultiTableRepo.sms] Table does not exist: sms_shard_01.sms_20250905
[2025-09-21 00:35:15.789] WARN  [MultiTableRepo.sms] Table does not exist: sms_shard_01.sms_20250816
[2025-09-21 00:35:15.790] WARN  [MultiTableRepo.sms] Table does not exist: sms_shard_01.sms_20250817
[2025-09-21 00:35:15.791] WARN  [MultiTableRepo.sms] Table does not exist: sms_shard_01.sms_20250818
[2025-09-21 00:35:15.796] WARN  [MultiTableRepo.sms] Table does not exist: sms_shard_01.sms_20250819
[2025-09-21 00:35:15.797] WARN  [MultiTableRepo.sms] Table does not exist: sms_shard_01.sms_20250820
[2025-09-21 00:35:15.798] WARN  [MultiTableRepo.sms] Table does not exist: sms_shard_01.sms_20250821
[2025-09-21 00:35:15.799] WARN  [MultiTableRepo.sms] Table does not exist: sms_shard_01.sms_20250822
[2025-09-21 00:35:15.800] WARN  [MultiTableRepo.sms] Table does not exist: sms_shard_01.sms_20250823
[2025-09-21 00:35:15.801] WARN  [MultiTableRepo.sms] Table does not exist: sms_shard_01.sms_20250824
[2025-09-21 00:35:15.802] WARN  [MultiTableRepo.sms] Table does not exist: sms_shard_01.sms_20250825
[2025-09-21 00:35:15.803] WARN  [MultiTableRepo.sms] Table does not exist: sms_shard_01.sms_20250826
[2025-09-21 00:35:15.804] WARN  [MultiTableRepo.sms] Table does not exist: sms_shard_01.sms_20250827
[2025-09-21 00:35:15.805] WARN  [MultiTableRepo.sms] Table does not exist: sms_shard_01.sms_20250828
[2025-09-21 00:35:15.806] WARN  [MultiTableRepo.sms] Table does not exist: sms_shard_01.sms_20250829
[2025-09-21 00:35:15.807] WARN  [MultiTableRepo.sms] Table does not exist: sms_shard_01.sms_20250830
[2025-09-21 00:35:15.810] WARN  [MultiTableRepo.sms] Table does not exist: sms_shard_01.sms_20250831
[2025-09-21 00:35:15.811] WARN  [MultiTableRepo.sms] Table does not exist: sms_shard_01.sms_20250901
[2025-09-21 00:35:15.812] WARN  [MultiTableRepo.sms] Table does not exist: sms_shard_01.sms_20250902
[2025-09-21 00:35:15.813] WARN  [MultiTableRepo.sms] Table does not exist: sms_shard_01.sms_20250903
[2025-09-21 00:35:15.814] WARN  [MultiTableRepo.sms] Table does not exist: sms_shard_01.sms_20250904
[2025-09-21 00:35:15.815] WARN  [MultiTableRepo.sms] Table does not exist: sms_shard_01.sms_20250905
[2025-09-21 00:35:15.846] WARN  [MultiTableRepo.sms] Table does not exist: sms_shard_01.sms_20250815
[2025-09-21 00:35:15.847] WARN  [MultiTableRepo.sms] Table does not exist: sms_shard_01.sms_20250816
[2025-09-21 00:35:15.848] WARN  [MultiTableRepo.sms] Table does not exist: sms_shard_01.sms_20250817
[2025-09-21 00:35:15.849] WARN  [MultiTableRepo.sms] Table does not exist: sms_shard_01.sms_20250818
[2025-09-21 00:35:15.849] WARN  [MultiTableRepo.sms] Table does not exist: sms_shard_01.sms_20250819
[2025-09-21 00:35:15.850] WARN  [MultiTableRepo.sms] Table does not exist: sms_shard_01.sms_20250820
[2025-09-21 00:35:15.851] WARN  [MultiTableRepo.sms] Table does not exist: sms_shard_01.sms_20250821
[2025-09-21 00:35:15.852] WARN  [MultiTableRepo.sms] Table does not exist: sms_shard_01.sms_20250822
[2025-09-21 00:35:15.853] WARN  [MultiTableRepo.sms] Table does not exist: sms_shard_01.sms_20250823
[2025-09-21 00:35:15.854] WARN  [MultiTableRepo.sms] Table does not exist: sms_shard_01.sms_20250824
[2025-09-21 00:35:15.854] WARN  [MultiTableRepo.sms] Table does not exist: sms_shard_01.sms_20250825
[2025-09-21 00:35:15.855] WARN  [MultiTableRepo.sms] Table does not exist: sms_shard_01.sms_20250826
[2025-09-21 00:35:15.856] WARN  [MultiTableRepo.sms] Table does not exist: sms_shard_01.sms_20250827
[2025-09-21 00:35:15.857] WARN  [MultiTableRepo.sms] Table does not exist: sms_shard_01.sms_20250828
[2025-09-21 00:35:15.858] WARN  [MultiTableRepo.sms] Table does not exist: sms_shard_01.sms_20250829
[2025-09-21 00:35:15.859] WARN  [MultiTableRepo.sms] Table does not exist: sms_shard_01.sms_20250830
[2025-09-21 00:35:15.860] WARN  [MultiTableRepo.sms] Table does not exist: sms_shard_01.sms_20250831
[2025-09-21 00:35:15.860] WARN  [MultiTableRepo.sms] Table does not exist: sms_shard_01.sms_20250901
[2025-09-21 00:35:15.861] WARN  [MultiTableRepo.sms] Table does not exist: sms_shard_01.sms_20250902
[2025-09-21 00:35:15.862] WARN  [MultiTableRepo.sms] Table does not exist: sms_shard_01.sms_20250903
[2025-09-21 00:35:15.863] WARN  [MultiTableRepo.sms] Table does not exist: sms_shard_01.sms_20250904
[2025-09-21 00:35:15.864] WARN  [MultiTableRepo.sms] Table does not exist: sms_shard_01.sms_20250905
[2025-09-21 00:35:15.977] WARN  [MultiTableRepo.sms] Table does not exist: sms_shard_01.sms_20250818
[2025-09-21 00:35:15.978] WARN  [MultiTableRepo.sms] Table does not exist: sms_shard_01.sms_20250819
[2025-09-21 00:35:15.979] WARN  [MultiTableRepo.sms] Table does not exist: sms_shard_01.sms_20250820
[2025-09-21 00:35:15.979] WARN  [MultiTableRepo.sms] Table does not exist: sms_shard_01.sms_20250821
[2025-09-21 00:35:15.980] WARN  [MultiTableRepo.sms] Table does not exist: sms_shard_01.sms_20250822
[2025-09-21 00:35:15.981] WARN  [MultiTableRepo.sms] Table does not exist: sms_shard_01.sms_20250823
[2025-09-21 00:35:15.982] WARN  [MultiTableRepo.sms] Table does not exist: sms_shard_01.sms_20250824
[2025-09-21 00:35:15.983] WARN  [MultiTableRepo.sms] Table does not exist: sms_shard_01.sms_20250825
[2025-09-21 00:35:15.984] WARN  [MultiTableRepo.sms] Table does not exist: sms_shard_01.sms_20250826
[2025-09-21 00:35:15.985] WARN  [MultiTableRepo.sms] Table does not exist: sms_shard_01.sms_20250827
[2025-09-21 00:35:15.986] WARN  [MultiTableRepo.sms] Table does not exist: sms_shard_01.sms_20250828
[2025-09-21 00:35:15.987] WARN  [MultiTableRepo.sms] Table does not exist: sms_shard_01.sms_20250829
[2025-09-21 00:35:15.988] WARN  [MultiTableRepo.sms] Table does not exist: sms_shard_01.sms_20250830
[2025-09-21 00:35:15.989] WARN  [MultiTableRepo.sms] Table does not exist: sms_shard_01.sms_20250831
[2025-09-21 00:35:15.990] WARN  [MultiTableRepo.sms] Table does not exist: sms_shard_01.sms_20250901
[2025-09-21 00:35:15.991] WARN  [MultiTableRepo.sms] Table does not exist: sms_shard_01.sms_20250902
[2025-09-21 00:35:15.992] WARN  [MultiTableRepo.sms] Table does not exist: sms_shard_01.sms_20250903
[2025-09-21 00:35:15.993] WARN  [MultiTableRepo.sms] Table does not exist: sms_shard_01.sms_20250904
[2025-09-21 00:35:15.994] WARN  [MultiTableRepo.sms] Table does not exist: sms_shard_01.sms_20250905
[2025-09-21 00:35:16.033] WARN  [MultiTableRepo.sms] Table does not exist: sms_shard_01.sms_20250905
[2025-09-21 00:35:16.072] WARN  [MultiTableRepo.sms] Table does not exist: sms_shard_01.sms_20250820
[2025-09-21 00:35:16.073] WARN  [MultiTableRepo.sms] Table does not exist: sms_shard_01.sms_20250821
[2025-09-21 00:35:16.074] WARN  [MultiTableRepo.sms] Table does not exist: sms_shard_01.sms_20250822
[2025-09-21 00:35:16.075] WARN  [MultiTableRepo.sms] Table does not exist: sms_shard_01.sms_20250823
[2025-09-21 00:35:16.076] WARN  [MultiTableRepo.sms] Table does not exist: sms_shard_01.sms_20250824
[2025-09-21 00:35:16.079] WARN  [MultiTableRepo.sms] Table does not exist: sms_shard_01.sms_20250825
[2025-09-21 00:35:16.080] WARN  [MultiTableRepo.sms] Table does not exist: sms_shard_01.sms_20250826
[2025-09-21 00:35:16.081] WARN  [MultiTableRepo.sms] Table does not exist: sms_shard_01.sms_20250827
[2025-09-21 00:35:16.082] WARN  [MultiTableRepo.sms] Table does not exist: sms_shard_01.sms_20250828
[2025-09-21 00:35:16.083] WARN  [MultiTableRepo.sms] Table does not exist: sms_shard_01.sms_20250829
[2025-09-21 00:35:16.084] WARN  [MultiTableRepo.sms] Table does not exist: sms_shard_01.sms_20250830
[2025-09-21 00:35:16.084] WARN  [MultiTableRepo.sms] Table does not exist: sms_shard_01.sms_20250831
[2025-09-21 00:35:16.085] WARN  [MultiTableRepo.sms] Table does not exist: sms_shard_01.sms_20250901
[2025-09-21 00:35:16.086] WARN  [MultiTableRepo.sms] Table does not exist: sms_shard_01.sms_20250902
[2025-09-21 00:35:16.087] WARN  [MultiTableRepo.sms] Table does not exist: sms_shard_01.sms_20250903
[2025-09-21 00:35:16.088] WARN  [MultiTableRepo.sms] Table does not exist: sms_shard_01.sms_20250904
[2025-09-21 00:35:16.088] WARN  [MultiTableRepo.sms] Table does not exist: sms_shard_01.sms_20250905
[2025-09-21 00:35:16.123] WARN  [MultiTableRepo.sms] Table does not exist: sms_shard_01.sms_20250815
[2025-09-21 00:35:16.123] WARN  [MultiTableRepo.sms] Table does not exist: sms_shard_01.sms_20250816
[2025-09-21 00:35:16.124] WARN  [MultiTableRepo.sms] Table does not exist: sms_shard_01.sms_20250817
[2025-09-21 00:35:16.128] WARN  [MultiTableRepo.sms] Table does not exist: sms_shard_01.sms_20250818
[2025-09-21 00:35:16.129] WARN  [MultiTableRepo.sms] Table does not exist: sms_shard_01.sms_20250819
[2025-09-21 00:35:16.130] WARN  [MultiTableRepo.sms] Table does not exist: sms_shard_01.sms_20250820
[2025-09-21 00:35:16.131] WARN  [MultiTableRepo.sms] Table does not exist: sms_shard_01.sms_20250821
[2025-09-21 00:35:16.132] WARN  [MultiTableRepo.sms] Table does not exist: sms_shard_01.sms_20250822
[2025-09-21 00:35:16.133] WARN  [MultiTableRepo.sms] Table does not exist: sms_shard_01.sms_20250823
[2025-09-21 00:35:16.134] WARN  [MultiTableRepo.sms] Table does not exist: sms_shard_01.sms_20250824
[2025-09-21 00:35:16.135] WARN  [MultiTableRepo.sms] Table does not exist: sms_shard_01.sms_20250825
[2025-09-21 00:35:16.136] WARN  [MultiTableRepo.sms] Table does not exist: sms_shard_01.sms_20250826
[2025-09-21 00:35:16.137] WARN  [MultiTableRepo.sms] Table does not exist: sms_shard_01.sms_20250827
[2025-09-21 00:35:16.138] WARN  [MultiTableRepo.sms] Table does not exist: sms_shard_01.sms_20250828
[2025-09-21 00:35:16.138] WARN  [MultiTableRepo.sms] Table does not exist: sms_shard_01.sms_20250829
[2025-09-21 00:35:16.140] WARN  [MultiTableRepo.sms] Table does not exist: sms_shard_01.sms_20250830
[2025-09-21 00:35:16.141] WARN  [MultiTableRepo.sms] Table does not exist: sms_shard_01.sms_20250831
[2025-09-21 00:35:16.142] WARN  [MultiTableRepo.sms] Table does not exist: sms_shard_01.sms_20250901
[2025-09-21 00:35:16.143] WARN  [MultiTableRepo.sms] Table does not exist: sms_shard_01.sms_20250902
[2025-09-21 00:35:16.144] WARN  [MultiTableRepo.sms] Table does not exist: sms_shard_01.sms_20250903
[2025-09-21 00:35:16.145] WARN  [MultiTableRepo.sms] Table does not exist: sms_shard_01.sms_20250904
[2025-09-21 00:35:16.146] WARN  [MultiTableRepo.sms] Table does not exist: sms_shard_01.sms_20250905
[2025-09-21 00:35:16.212] WARN  [MultiTableRepo.sms] Table does not exist: sms_shard_01.sms_20250821
[2025-09-21 00:35:16.213] WARN  [MultiTableRepo.sms] Table does not exist: sms_shard_01.sms_20250822
[2025-09-21 00:35:16.214] WARN  [MultiTableRepo.sms] Table does not exist: sms_shard_01.sms_20250823
[2025-09-21 00:35:16.215] WARN  [MultiTableRepo.sms] Table does not exist: sms_shard_01.sms_20250824
[2025-09-21 00:35:16.216] WARN  [MultiTableRepo.sms] Table does not exist: sms_shard_01.sms_20250825
[2025-09-21 00:35:16.217] WARN  [MultiTableRepo.sms] Table does not exist: sms_shard_01.sms_20250826
[2025-09-21 00:35:16.218] WARN  [MultiTableRepo.sms] Table does not exist: sms_shard_01.sms_20250827
[2025-09-21 00:35:16.219] WARN  [MultiTableRepo.sms] Table does not exist: sms_shard_01.sms_20250828
[2025-09-21 00:35:16.220] WARN  [MultiTableRepo.sms] Table does not exist: sms_shard_01.sms_20250829
[2025-09-21 00:35:16.221] WARN  [MultiTableRepo.sms] Table does not exist: sms_shard_01.sms_20250830
[2025-09-21 00:35:16.222] WARN  [MultiTableRepo.sms] Table does not exist: sms_shard_01.sms_20250831
[2025-09-21 00:35:16.222] WARN  [MultiTableRepo.sms] Table does not exist: sms_shard_01.sms_20250901
[2025-09-21 00:35:16.223] WARN  [MultiTableRepo.sms] Table does not exist: sms_shard_01.sms_20250902
[2025-09-21 00:35:16.224] WARN  [MultiTableRepo.sms] Table does not exist: sms_shard_01.sms_20250903
[2025-09-21 00:35:16.225] WARN  [MultiTableRepo.sms] Table does not exist: sms_shard_01.sms_20250904
[2025-09-21 00:35:16.226] WARN  [MultiTableRepo.sms] Table does not exist: sms_shard_01.sms_20250905
[2025-09-21 00:35:16.261] WARN  [MultiTableRepo.sms] Table does not exist: sms_shard_01.sms_20250819
[2025-09-21 00:35:16.262] WARN  [MultiTableRepo.sms] Table does not exist: sms_shard_01.sms_20250820
[2025-09-21 00:35:16.263] WARN  [MultiTableRepo.sms] Table does not exist: sms_shard_01.sms_20250821
[2025-09-21 00:35:16.264] WARN  [MultiTableRepo.sms] Table does not exist: sms_shard_01.sms_20250822
[2025-09-21 00:35:16.266] WARN  [MultiTableRepo.sms] Table does not exist: sms_shard_01.sms_20250823
[2025-09-21 00:35:16.267] WARN  [MultiTableRepo.sms] Table does not exist: sms_shard_01.sms_20250824
[2025-09-21 00:35:16.268] WARN  [MultiTableRepo.sms] Table does not exist: sms_shard_01.sms_20250825
[2025-09-21 00:35:16.269] WARN  [MultiTableRepo.sms] Table does not exist: sms_shard_01.sms_20250826
[2025-09-21 00:35:16.270] WARN  [MultiTableRepo.sms] Table does not exist: sms_shard_01.sms_20250827
[2025-09-21 00:35:16.271] WARN  [MultiTableRepo.sms] Table does not exist: sms_shard_01.sms_20250828
[2025-09-21 00:35:16.273] WARN  [MultiTableRepo.sms] Table does not exist: sms_shard_01.sms_20250829
[2025-09-21 00:35:16.274] WARN  [MultiTableRepo.sms] Table does not exist: sms_shard_01.sms_20250830
[2025-09-21 00:35:16.275] WARN  [MultiTableRepo.sms] Table does not exist: sms_shard_01.sms_20250831
[2025-09-21 00:35:16.276] WARN  [MultiTableRepo.sms] Table does not exist: sms_shard_01.sms_20250901
[2025-09-21 00:35:16.277] WARN  [MultiTableRepo.sms] Table does not exist: sms_shard_01.sms_20250902
[2025-09-21 00:35:16.280] WARN  [MultiTableRepo.sms] Table does not exist: sms_shard_01.sms_20250903
[2025-09-21 00:35:16.281] WARN  [MultiTableRepo.sms] Table does not exist: sms_shard_01.sms_20250904
[2025-09-21 00:35:16.282] WARN  [MultiTableRepo.sms] Table does not exist: sms_shard_01.sms_20250905
[2025-09-21 00:35:16.309] WARN  [MultiTableRepo.sms] Table does not exist: sms_shard_01.sms_20250819
[2025-09-21 00:35:16.310] WARN  [MultiTableRepo.sms] Table does not exist: sms_shard_01.sms_20250820
[2025-09-21 00:35:16.310] WARN  [MultiTableRepo.sms] Table does not exist: sms_shard_01.sms_20250821
[2025-09-21 00:35:16.311] WARN  [MultiTableRepo.sms] Table does not exist: sms_shard_01.sms_20250822
[2025-09-21 00:35:16.312] WARN  [MultiTableRepo.sms] Table does not exist: sms_shard_01.sms_20250823
[2025-09-21 00:35:16.313] WARN  [MultiTableRepo.sms] Table does not exist: sms_shard_01.sms_20250824
[2025-09-21 00:35:16.314] WARN  [MultiTableRepo.sms] Table does not exist: sms_shard_01.sms_20250825
[2025-09-21 00:35:16.315] WARN  [MultiTableRepo.sms] Table does not exist: sms_shard_01.sms_20250826
[2025-09-21 00:35:16.316] WARN  [MultiTableRepo.sms] Table does not exist: sms_shard_01.sms_20250827
[2025-09-21 00:35:16.317] WARN  [MultiTableRepo.sms] Table does not exist: sms_shard_01.sms_20250828
[2025-09-21 00:35:16.319] WARN  [MultiTableRepo.sms] Table does not exist: sms_shard_01.sms_20250829
[2025-09-21 00:35:16.320] WARN  [MultiTableRepo.sms] Table does not exist: sms_shard_01.sms_20250830
[2025-09-21 00:35:16.321] WARN  [MultiTableRepo.sms] Table does not exist: sms_shard_01.sms_20250831
[2025-09-21 00:35:16.322] WARN  [MultiTableRepo.sms] Table does not exist: sms_shard_01.sms_20250901
[2025-09-21 00:35:16.323] WARN  [MultiTableRepo.sms] Table does not exist: sms_shard_01.sms_20250902
[2025-09-21 00:35:16.324] WARN  [MultiTableRepo.sms] Table does not exist: sms_shard_01.sms_20250903
[2025-09-21 00:35:16.325] WARN  [MultiTableRepo.sms] Table does not exist: sms_shard_01.sms_20250904
[2025-09-21 00:35:16.326] WARN  [MultiTableRepo.sms] Table does not exist: sms_shard_01.sms_20250905
[2025-09-21 00:35:16.399] WARN  [MultiTableRepo.sms] Table does not exist: sms_shard_01.sms_20250817
[2025-09-21 00:35:16.400] WARN  [MultiTableRepo.sms] Table does not exist: sms_shard_01.sms_20250818
[2025-09-21 00:35:16.401] WARN  [MultiTableRepo.sms] Table does not exist: sms_shard_01.sms_20250819
[2025-09-21 00:35:16.402] WARN  [MultiTableRepo.sms] Table does not exist: sms_shard_01.sms_20250820
[2025-09-21 00:35:16.403] WARN  [MultiTableRepo.sms] Table does not exist: sms_shard_01.sms_20250821
[2025-09-21 00:35:16.404] WARN  [MultiTableRepo.sms] Table does not exist: sms_shard_01.sms_20250822
[2025-09-21 00:35:16.405] WARN  [MultiTableRepo.sms] Table does not exist: sms_shard_01.sms_20250823
[2025-09-21 00:35:16.406] WARN  [MultiTableRepo.sms] Table does not exist: sms_shard_01.sms_20250824
[2025-09-21 00:35:16.407] WARN  [MultiTableRepo.sms] Table does not exist: sms_shard_01.sms_20250825
[2025-09-21 00:35:16.407] WARN  [MultiTableRepo.sms] Table does not exist: sms_shard_01.sms_20250826
[2025-09-21 00:35:16.408] WARN  [MultiTableRepo.sms] Table does not exist: sms_shard_01.sms_20250827
[2025-09-21 00:35:16.409] WARN  [MultiTableRepo.sms] Table does not exist: sms_shard_01.sms_20250828
[2025-09-21 00:35:16.410] WARN  [MultiTableRepo.sms] Table does not exist: sms_shard_01.sms_20250829
[2025-09-21 00:35:16.411] WARN  [MultiTableRepo.sms] Table does not exist: sms_shard_01.sms_20250830
[2025-09-21 00:35:16.412] WARN  [MultiTableRepo.sms] Table does not exist: sms_shard_01.sms_20250831
[2025-09-21 00:35:16.412] WARN  [MultiTableRepo.sms] Table does not exist: sms_shard_01.sms_20250901
[2025-09-21 00:35:16.413] WARN  [MultiTableRepo.sms] Table does not exist: sms_shard_01.sms_20250902
[2025-09-21 00:35:16.414] WARN  [MultiTableRepo.sms] Table does not exist: sms_shard_01.sms_20250903
[2025-09-21 00:35:16.416] WARN  [MultiTableRepo.sms] Table does not exist: sms_shard_01.sms_20250904
[2025-09-21 00:35:16.417] WARN  [MultiTableRepo.sms] Table does not exist: sms_shard_01.sms_20250905
[2025-09-21 00:35:16.480] WARN  [MultiTableRepo.sms] Table does not exist: sms_shard_01.sms_20250815
[2025-09-21 00:35:16.481] WARN  [MultiTableRepo.sms] Table does not exist: sms_shard_01.sms_20250816
[2025-09-21 00:35:16.482] WARN  [MultiTableRepo.sms] Table does not exist: sms_shard_01.sms_20250817
[2025-09-21 00:35:16.483] WARN  [MultiTableRepo.sms] Table does not exist: sms_shard_01.sms_20250818
[2025-09-21 00:35:16.484] WARN  [MultiTableRepo.sms] Table does not exist: sms_shard_01.sms_20250819
[2025-09-21 00:35:16.484] WARN  [MultiTableRepo.sms] Table does not exist: sms_shard_01.sms_20250820
[2025-09-21 00:35:16.485] WARN  [MultiTableRepo.sms] Table does not exist: sms_shard_01.sms_20250821
[2025-09-21 00:35:16.486] WARN  [MultiTableRepo.sms] Table does not exist: sms_shard_01.sms_20250822
[2025-09-21 00:35:16.487] WARN  [MultiTableRepo.sms] Table does not exist: sms_shard_01.sms_20250823
[2025-09-21 00:35:16.488] WARN  [MultiTableRepo.sms] Table does not exist: sms_shard_01.sms_20250824
[2025-09-21 00:35:16.489] WARN  [MultiTableRepo.sms] Table does not exist: sms_shard_01.sms_20250825
[2025-09-21 00:35:16.490] WARN  [MultiTableRepo.sms] Table does not exist: sms_shard_01.sms_20250826
[2025-09-21 00:35:16.491] WARN  [MultiTableRepo.sms] Table does not exist: sms_shard_01.sms_20250827
[2025-09-21 00:35:16.492] WARN  [MultiTableRepo.sms] Table does not exist: sms_shard_01.sms_20250828
[2025-09-21 00:35:16.492] WARN  [MultiTableRepo.sms] Table does not exist: sms_shard_01.sms_20250829
[2025-09-21 00:35:16.493] WARN  [MultiTableRepo.sms] Table does not exist: sms_shard_01.sms_20250830
[2025-09-21 00:35:16.494] WARN  [MultiTableRepo.sms] Table does not exist: sms_shard_01.sms_20250831
[2025-09-21 00:35:16.495] WARN  [MultiTableRepo.sms] Table does not exist: sms_shard_01.sms_20250901
[2025-09-21 00:35:16.496] WARN  [MultiTableRepo.sms] Table does not exist: sms_shard_01.sms_20250902
[2025-09-21 00:35:16.497] WARN  [MultiTableRepo.sms] Table does not exist: sms_shard_01.sms_20250903
[2025-09-21 00:35:16.498] WARN  [MultiTableRepo.sms] Table does not exist: sms_shard_01.sms_20250904
[2025-09-21 00:35:16.499] WARN  [MultiTableRepo.sms] Table does not exist: sms_shard_01.sms_20250905
[2025-09-21 00:35:16.640] WARN  [MultiTableRepo.sms] Table does not exist: sms_shard_01.sms_20250819
[2025-09-21 00:35:16.641] WARN  [MultiTableRepo.sms] Table does not exist: sms_shard_01.sms_20250820
[2025-09-21 00:35:16.642] WARN  [MultiTableRepo.sms] Table does not exist: sms_shard_01.sms_20250821
[2025-09-21 00:35:16.643] WARN  [MultiTableRepo.sms] Table does not exist: sms_shard_01.sms_20250822
[2025-09-21 00:35:16.644] WARN  [MultiTableRepo.sms] Table does not exist: sms_shard_01.sms_20250823
[2025-09-21 00:35:16.644] WARN  [MultiTableRepo.sms] Table does not exist: sms_shard_01.sms_20250824
[2025-09-21 00:35:16.645] WARN  [MultiTableRepo.sms] Table does not exist: sms_shard_01.sms_20250825
[2025-09-21 00:35:16.646] WARN  [MultiTableRepo.sms] Table does not exist: sms_shard_01.sms_20250826
[2025-09-21 00:35:16.647] WARN  [MultiTableRepo.sms] Table does not exist: sms_shard_01.sms_20250827
[2025-09-21 00:35:16.648] WARN  [MultiTableRepo.sms] Table does not exist: sms_shard_01.sms_20250828
[2025-09-21 00:35:16.649] WARN  [MultiTableRepo.sms] Table does not exist: sms_shard_01.sms_20250829
[2025-09-21 00:35:16.649] WARN  [MultiTableRepo.sms] Table does not exist: sms_shard_01.sms_20250830
[2025-09-21 00:35:16.650] WARN  [MultiTableRepo.sms] Table does not exist: sms_shard_01.sms_20250831
[2025-09-21 00:35:16.651] WARN  [MultiTableRepo.sms] Table does not exist: sms_shard_01.sms_20250901
[2025-09-21 00:35:16.652] WARN  [MultiTableRepo.sms] Table does not exist: sms_shard_01.sms_20250902
[2025-09-21 00:35:16.653] WARN  [MultiTableRepo.sms] Table does not exist: sms_shard_01.sms_20250903
[2025-09-21 00:35:16.654] WARN  [MultiTableRepo.sms] Table does not exist: sms_shard_01.sms_20250904
[2025-09-21 00:35:16.655] WARN  [MultiTableRepo.sms] Table does not exist: sms_shard_01.sms_20250905
[2025-09-21 00:35:16.693] WARN  [MultiTableRepo.sms] Table does not exist: sms_shard_01.sms_20250816
[2025-09-21 00:35:16.694] WARN  [MultiTableRepo.sms] Table does not exist: sms_shard_01.sms_20250817
[2025-09-21 00:35:16.695] WARN  [MultiTableRepo.sms] Table does not exist: sms_shard_01.sms_20250818
[2025-09-21 00:35:16.696] WARN  [MultiTableRepo.sms] Table does not exist: sms_shard_01.sms_20250819
[2025-09-21 00:35:16.697] WARN  [MultiTableRepo.sms] Table does not exist: sms_shard_01.sms_20250820
[2025-09-21 00:35:16.698] WARN  [MultiTableRepo.sms] Table does not exist: sms_shard_01.sms_20250821
[2025-09-21 00:35:16.699] WARN  [MultiTableRepo.sms] Table does not exist: sms_shard_01.sms_20250822
[2025-09-21 00:35:16.700] WARN  [MultiTableRepo.sms] Table does not exist: sms_shard_01.sms_20250823
[2025-09-21 00:35:16.701] WARN  [MultiTableRepo.sms] Table does not exist: sms_shard_01.sms_20250824
[2025-09-21 00:35:16.702] WARN  [MultiTableRepo.sms] Table does not exist: sms_shard_01.sms_20250825
[2025-09-21 00:35:16.703] WARN  [MultiTableRepo.sms] Table does not exist: sms_shard_01.sms_20250826
[2025-09-21 00:35:16.704] WARN  [MultiTableRepo.sms] Table does not exist: sms_shard_01.sms_20250827
[2025-09-21 00:35:16.704] WARN  [MultiTableRepo.sms] Table does not exist: sms_shard_01.sms_20250828
[2025-09-21 00:35:16.705] WARN  [MultiTableRepo.sms] Table does not exist: sms_shard_01.sms_20250829
[2025-09-21 00:35:16.706] WARN  [MultiTableRepo.sms] Table does not exist: sms_shard_01.sms_20250830
[2025-09-21 00:35:16.707] WARN  [MultiTableRepo.sms] Table does not exist: sms_shard_01.sms_20250831
[2025-09-21 00:35:16.707] WARN  [MultiTableRepo.sms] Table does not exist: sms_shard_01.sms_20250901
[2025-09-21 00:35:16.708] WARN  [MultiTableRepo.sms] Table does not exist: sms_shard_01.sms_20250902
[2025-09-21 00:35:16.709] WARN  [MultiTableRepo.sms] Table does not exist: sms_shard_01.sms_20250903
[2025-09-21 00:35:16.710] WARN  [MultiTableRepo.sms] Table does not exist: sms_shard_01.sms_20250904
[2025-09-21 00:35:16.710] WARN  [MultiTableRepo.sms] Table does not exist: sms_shard_01.sms_20250905
[2025-09-21 00:35:16.730] WARN  [MultiTableRepo.sms] Table does not exist: sms_shard_01.sms_20250817
[2025-09-21 00:35:16.731] WARN  [MultiTableRepo.sms] Table does not exist: sms_shard_01.sms_20250818
[2025-09-21 00:35:16.732] WARN  [MultiTableRepo.sms] Table does not exist: sms_shard_01.sms_20250819
[2025-09-21 00:35:16.733] WARN  [MultiTableRepo.sms] Table does not exist: sms_shard_01.sms_20250820
[2025-09-21 00:35:16.734] WARN  [MultiTableRepo.sms] Table does not exist: sms_shard_01.sms_20250821
[2025-09-21 00:35:16.735] WARN  [MultiTableRepo.sms] Table does not exist: sms_shard_01.sms_20250822
[2025-09-21 00:35:16.735] WARN  [MultiTableRepo.sms] Table does not exist: sms_shard_01.sms_20250823
[2025-09-21 00:35:16.736] WARN  [MultiTableRepo.sms] Table does not exist: sms_shard_01.sms_20250824
[2025-09-21 00:35:16.737] WARN  [MultiTableRepo.sms] Table does not exist: sms_shard_01.sms_20250825
[2025-09-21 00:35:16.738] WARN  [MultiTableRepo.sms] Table does not exist: sms_shard_01.sms_20250826
[2025-09-21 00:35:16.739] WARN  [MultiTableRepo.sms] Table does not exist: sms_shard_01.sms_20250827
[2025-09-21 00:35:16.740] WARN  [MultiTableRepo.sms] Table does not exist: sms_shard_01.sms_20250828
[2025-09-21 00:35:16.741] WARN  [MultiTableRepo.sms] Table does not exist: sms_shard_01.sms_20250829
[2025-09-21 00:35:16.742] WARN  [MultiTableRepo.sms] Table does not exist: sms_shard_01.sms_20250830
[2025-09-21 00:35:16.742] WARN  [MultiTableRepo.sms] Table does not exist: sms_shard_01.sms_20250831
[2025-09-21 00:35:16.743] WARN  [MultiTableRepo.sms] Table does not exist: sms_shard_01.sms_20250901
[2025-09-21 00:35:16.744] WARN  [MultiTableRepo.sms] Table does not exist: sms_shard_01.sms_20250902
[2025-09-21 00:35:16.744] WARN  [MultiTableRepo.sms] Table does not exist: sms_shard_01.sms_20250903
[2025-09-21 00:35:16.745] WARN  [MultiTableRepo.sms] Table does not exist: sms_shard_01.sms_20250904
[2025-09-21 00:35:16.746] WARN  [MultiTableRepo.sms] Table does not exist: sms_shard_01.sms_20250905
[2025-09-21 00:35:16.893] WARN  [MultiTableRepo.sms] Table does not exist: sms_shard_01.sms_20250816
[2025-09-21 00:35:16.894] WARN  [MultiTableRepo.sms] Table does not exist: sms_shard_01.sms_20250817
[2025-09-21 00:35:16.895] WARN  [MultiTableRepo.sms] Table does not exist: sms_shard_01.sms_20250818
[2025-09-21 00:35:16.896] WARN  [MultiTableRepo.sms] Table does not exist: sms_shard_01.sms_20250819
[2025-09-21 00:35:16.897] WARN  [MultiTableRepo.sms] Table does not exist: sms_shard_01.sms_20250820
[2025-09-21 00:35:16.897] WARN  [MultiTableRepo.sms] Table does not exist: sms_shard_01.sms_20250821
[2025-09-21 00:35:16.898] WARN  [MultiTableRepo.sms] Table does not exist: sms_shard_01.sms_20250822
[2025-09-21 00:35:16.899] WARN  [MultiTableRepo.sms] Table does not exist: sms_shard_01.sms_20250823
[2025-09-21 00:35:16.899] WARN  [MultiTableRepo.sms] Table does not exist: sms_shard_01.sms_20250824
[2025-09-21 00:35:16.900] WARN  [MultiTableRepo.sms] Table does not exist: sms_shard_01.sms_20250825
[2025-09-21 00:35:16.901] WARN  [MultiTableRepo.sms] Table does not exist: sms_shard_01.sms_20250826
[2025-09-21 00:35:16.902] WARN  [MultiTableRepo.sms] Table does not exist: sms_shard_01.sms_20250827
[2025-09-21 00:35:16.902] WARN  [MultiTableRepo.sms] Table does not exist: sms_shard_01.sms_20250828
[2025-09-21 00:35:16.903] WARN  [MultiTableRepo.sms] Table does not exist: sms_shard_01.sms_20250829
[2025-09-21 00:35:16.904] WARN  [MultiTableRepo.sms] Table does not exist: sms_shard_01.sms_20250830
[2025-09-21 00:35:16.905] WARN  [MultiTableRepo.sms] Table does not exist: sms_shard_01.sms_20250831
[2025-09-21 00:35:16.906] WARN  [MultiTableRepo.sms] Table does not exist: sms_shard_01.sms_20250901
[2025-09-21 00:35:16.906] WARN  [MultiTableRepo.sms] Table does not exist: sms_shard_01.sms_20250902
[2025-09-21 00:35:16.907] WARN  [MultiTableRepo.sms] Table does not exist: sms_shard_01.sms_20250903
[2025-09-21 00:35:16.908] WARN  [MultiTableRepo.sms] Table does not exist: sms_shard_01.sms_20250904
[2025-09-21 00:35:16.909] WARN  [MultiTableRepo.sms] Table does not exist: sms_shard_01.sms_20250905
[2025-09-21 00:35:16.972] WARN  [MultiTableRepo.sms] Table does not exist: sms_shard_01.sms_20250905
[2025-09-21 00:35:17.004] WARN  [MultiTableRepo.sms] Table does not exist: sms_shard_01.sms_20250816
[2025-09-21 00:35:17.005] WARN  [MultiTableRepo.sms] Table does not exist: sms_shard_01.sms_20250817
[2025-09-21 00:35:17.006] WARN  [MultiTableRepo.sms] Table does not exist: sms_shard_01.sms_20250818
[2025-09-21 00:35:17.008] WARN  [MultiTableRepo.sms] Table does not exist: sms_shard_01.sms_20250819
[2025-09-21 00:35:17.009] WARN  [MultiTableRepo.sms] Table does not exist: sms_shard_01.sms_20250820
[2025-09-21 00:35:17.010] WARN  [MultiTableRepo.sms] Table does not exist: sms_shard_01.sms_20250821
[2025-09-21 00:35:17.011] WARN  [MultiTableRepo.sms] Table does not exist: sms_shard_01.sms_20250822
[2025-09-21 00:35:17.012] WARN  [MultiTableRepo.sms] Table does not exist: sms_shard_01.sms_20250823
[2025-09-21 00:35:17.012] WARN  [MultiTableRepo.sms] Table does not exist: sms_shard_01.sms_20250824
[2025-09-21 00:35:17.013] WARN  [MultiTableRepo.sms] Table does not exist: sms_shard_01.sms_20250825
[2025-09-21 00:35:17.014] WARN  [MultiTableRepo.sms] Table does not exist: sms_shard_01.sms_20250826
[2025-09-21 00:35:17.015] WARN  [MultiTableRepo.sms] Table does not exist: sms_shard_01.sms_20250827
[2025-09-21 00:35:17.016] WARN  [MultiTableRepo.sms] Table does not exist: sms_shard_01.sms_20250828
[2025-09-21 00:35:17.017] WARN  [MultiTableRepo.sms] Table does not exist: sms_shard_01.sms_20250829
[2025-09-21 00:35:17.018] WARN  [MultiTableRepo.sms] Table does not exist: sms_shard_01.sms_20250830
[2025-09-21 00:35:17.020] WARN  [MultiTableRepo.sms] Table does not exist: sms_shard_01.sms_20250831
[2025-09-21 00:35:17.022] WARN  [MultiTableRepo.sms] Table does not exist: sms_shard_01.sms_20250901
[2025-09-21 00:35:17.027] WARN  [MultiTableRepo.sms] Table does not exist: sms_shard_01.sms_20250902
[2025-09-21 00:35:17.028] WARN  [MultiTableRepo.sms] Table does not exist: sms_shard_01.sms_20250903
[2025-09-21 00:35:17.029] WARN  [MultiTableRepo.sms] Table does not exist: sms_shard_01.sms_20250904
[2025-09-21 00:35:17.030] WARN  [MultiTableRepo.sms] Table does not exist: sms_shard_01.sms_20250905
[2025-09-21 00:35:17.070] WARN  [MultiTableRepo.sms] Table does not exist: sms_shard_01.sms_20250817
[2025-09-21 00:35:17.071] WARN  [MultiTableRepo.sms] Table does not exist: sms_shard_01.sms_20250818
[2025-09-21 00:35:17.072] WARN  [MultiTableRepo.sms] Table does not exist: sms_shard_01.sms_20250819
[2025-09-21 00:35:17.073] WARN  [MultiTableRepo.sms] Table does not exist: sms_shard_01.sms_20250820
[2025-09-21 00:35:17.074] WARN  [MultiTableRepo.sms] Table does not exist: sms_shard_01.sms_20250821
[2025-09-21 00:35:17.075] WARN  [MultiTableRepo.sms] Table does not exist: sms_shard_01.sms_20250822
[2025-09-21 00:35:17.077] WARN  [MultiTableRepo.sms] Table does not exist: sms_shard_01.sms_20250823
[2025-09-21 00:35:17.081] WARN  [MultiTableRepo.sms] Table does not exist: sms_shard_01.sms_20250824
[2025-09-21 00:35:17.082] WARN  [MultiTableRepo.sms] Table does not exist: sms_shard_01.sms_20250825
[2025-09-21 00:35:17.083] WARN  [MultiTableRepo.sms] Table does not exist: sms_shard_01.sms_20250826
[2025-09-21 00:35:17.084] WARN  [MultiTableRepo.sms] Table does not exist: sms_shard_01.sms_20250827
[2025-09-21 00:35:17.085] WARN  [MultiTableRepo.sms] Table does not exist: sms_shard_01.sms_20250828
[2025-09-21 00:35:17.086] WARN  [MultiTableRepo.sms] Table does not exist: sms_shard_01.sms_20250829
[2025-09-21 00:35:17.087] WARN  [MultiTableRepo.sms] Table does not exist: sms_shard_01.sms_20250830
[2025-09-21 00:35:17.088] WARN  [MultiTableRepo.sms] Table does not exist: sms_shard_01.sms_20250831
[2025-09-21 00:35:17.089] WARN  [MultiTableRepo.sms] Table does not exist: sms_shard_01.sms_20250901
[2025-09-21 00:35:17.090] WARN  [MultiTableRepo.sms] Table does not exist: sms_shard_01.sms_20250902
[2025-09-21 00:35:17.091] WARN  [MultiTableRepo.sms] Table does not exist: sms_shard_01.sms_20250903
[2025-09-21 00:35:17.092] WARN  [MultiTableRepo.sms] Table does not exist: sms_shard_01.sms_20250904
[2025-09-21 00:35:17.092] WARN  [MultiTableRepo.sms] Table does not exist: sms_shard_01.sms_20250905
[2025-09-21 00:35:17.159] WARN  [MultiTableRepo.sms] Table does not exist: sms_shard_01.sms_20250815
[2025-09-21 00:35:17.160] WARN  [MultiTableRepo.sms] Table does not exist: sms_shard_01.sms_20250816
[2025-09-21 00:35:17.162] WARN  [MultiTableRepo.sms] Table does not exist: sms_shard_01.sms_20250817
[2025-09-21 00:35:17.163] WARN  [MultiTableRepo.sms] Table does not exist: sms_shard_01.sms_20250818
[2025-09-21 00:35:17.164] WARN  [MultiTableRepo.sms] Table does not exist: sms_shard_01.sms_20250819
[2025-09-21 00:35:17.165] WARN  [MultiTableRepo.sms] Table does not exist: sms_shard_01.sms_20250820
[2025-09-21 00:35:17.166] WARN  [MultiTableRepo.sms] Table does not exist: sms_shard_01.sms_20250821
[2025-09-21 00:35:17.167] WARN  [MultiTableRepo.sms] Table does not exist: sms_shard_01.sms_20250822
[2025-09-21 00:35:17.168] WARN  [MultiTableRepo.sms] Table does not exist: sms_shard_01.sms_20250823
[2025-09-21 00:35:17.168] WARN  [MultiTableRepo.sms] Table does not exist: sms_shard_01.sms_20250824
[2025-09-21 00:35:17.169] WARN  [MultiTableRepo.sms] Table does not exist: sms_shard_01.sms_20250825
[2025-09-21 00:35:17.170] WARN  [MultiTableRepo.sms] Table does not exist: sms_shard_01.sms_20250826
[2025-09-21 00:35:17.171] WARN  [MultiTableRepo.sms] Table does not exist: sms_shard_01.sms_20250827
[2025-09-21 00:35:17.172] WARN  [MultiTableRepo.sms] Table does not exist: sms_shard_01.sms_20250828
[2025-09-21 00:35:17.172] WARN  [MultiTableRepo.sms] Table does not exist: sms_shard_01.sms_20250829
[2025-09-21 00:35:17.173] WARN  [MultiTableRepo.sms] Table does not exist: sms_shard_01.sms_20250830
[2025-09-21 00:35:17.175] WARN  [MultiTableRepo.sms] Table does not exist: sms_shard_01.sms_20250831
[2025-09-21 00:35:17.176] WARN  [MultiTableRepo.sms] Table does not exist: sms_shard_01.sms_20250901
[2025-09-21 00:35:17.177] WARN  [MultiTableRepo.sms] Table does not exist: sms_shard_01.sms_20250902
[2025-09-21 00:35:17.178] WARN  [MultiTableRepo.sms] Table does not exist: sms_shard_01.sms_20250903
[2025-09-21 00:35:17.178] WARN  [MultiTableRepo.sms] Table does not exist: sms_shard_01.sms_20250904
[2025-09-21 00:35:17.179] WARN  [MultiTableRepo.sms] Table does not exist: sms_shard_01.sms_20250905
[2025-09-21 00:35:17.230] WARN  [MultiTableRepo.sms] Table does not exist: sms_shard_01.sms_20250815
[2025-09-21 00:35:17.231] WARN  [MultiTableRepo.sms] Table does not exist: sms_shard_01.sms_20250816
[2025-09-21 00:35:17.232] WARN  [MultiTableRepo.sms] Table does not exist: sms_shard_01.sms_20250817
[2025-09-21 00:35:17.233] WARN  [MultiTableRepo.sms] Table does not exist: sms_shard_01.sms_20250818
[2025-09-21 00:35:17.234] WARN  [MultiTableRepo.sms] Table does not exist: sms_shard_01.sms_20250819
[2025-09-21 00:35:17.234] WARN  [MultiTableRepo.sms] Table does not exist: sms_shard_01.sms_20250820
[2025-09-21 00:35:17.235] WARN  [MultiTableRepo.sms] Table does not exist: sms_shard_01.sms_20250821
[2025-09-21 00:35:17.236] WARN  [MultiTableRepo.sms] Table does not exist: sms_shard_01.sms_20250822
[2025-09-21 00:35:17.237] WARN  [MultiTableRepo.sms] Table does not exist: sms_shard_01.sms_20250823
[2025-09-21 00:35:17.238] WARN  [MultiTableRepo.sms] Table does not exist: sms_shard_01.sms_20250824
[2025-09-21 00:35:17.239] WARN  [MultiTableRepo.sms] Table does not exist: sms_shard_01.sms_20250825
[2025-09-21 00:35:17.240] WARN  [MultiTableRepo.sms] Table does not exist: sms_shard_01.sms_20250826
[2025-09-21 00:35:17.241] WARN  [MultiTableRepo.sms] Table does not exist: sms_shard_01.sms_20250827
[2025-09-21 00:35:17.241] WARN  [MultiTableRepo.sms] Table does not exist: sms_shard_01.sms_20250828
[2025-09-21 00:35:17.242] WARN  [MultiTableRepo.sms] Table does not exist: sms_shard_01.sms_20250829
[2025-09-21 00:35:17.243] WARN  [MultiTableRepo.sms] Table does not exist: sms_shard_01.sms_20250830
[2025-09-21 00:35:17.244] WARN  [MultiTableRepo.sms] Table does not exist: sms_shard_01.sms_20250831
[2025-09-21 00:35:17.245] WARN  [MultiTableRepo.sms] Table does not exist: sms_shard_01.sms_20250901
[2025-09-21 00:35:17.245] WARN  [MultiTableRepo.sms] Table does not exist: sms_shard_01.sms_20250902
[2025-09-21 00:35:17.246] WARN  [MultiTableRepo.sms] Table does not exist: sms_shard_01.sms_20250903
[2025-09-21 00:35:17.247] WARN  [MultiTableRepo.sms] Table does not exist: sms_shard_01.sms_20250904
[2025-09-21 00:35:17.248] WARN  [MultiTableRepo.sms] Table does not exist: sms_shard_01.sms_20250905
[2025-09-21 00:35:17.345] WARN  [MultiTableRepo.sms] Table does not exist: sms_shard_01.sms_20250819
[2025-09-21 00:35:17.346] WARN  [MultiTableRepo.sms] Table does not exist: sms_shard_01.sms_20250820
[2025-09-21 00:35:17.347] WARN  [MultiTableRepo.sms] Table does not exist: sms_shard_01.sms_20250821
[2025-09-21 00:35:17.347] WARN  [MultiTableRepo.sms] Table does not exist: sms_shard_01.sms_20250822
[2025-09-21 00:35:17.348] WARN  [MultiTableRepo.sms] Table does not exist: sms_shard_01.sms_20250823
[2025-09-21 00:35:17.349] WARN  [MultiTableRepo.sms] Table does not exist: sms_shard_01.sms_20250824
[2025-09-21 00:35:17.350] WARN  [MultiTableRepo.sms] Table does not exist: sms_shard_01.sms_20250825
[2025-09-21 00:35:17.352] WARN  [MultiTableRepo.sms] Table does not exist: sms_shard_01.sms_20250826
[2025-09-21 00:35:17.353] WARN  [MultiTableRepo.sms] Table does not exist: sms_shard_01.sms_20250827
[2025-09-21 00:35:17.354] WARN  [MultiTableRepo.sms] Table does not exist: sms_shard_01.sms_20250828
[2025-09-21 00:35:17.355] WARN  [MultiTableRepo.sms] Table does not exist: sms_shard_01.sms_20250829
[2025-09-21 00:35:17.356] WARN  [MultiTableRepo.sms] Table does not exist: sms_shard_01.sms_20250830
[2025-09-21 00:35:17.357] WARN  [MultiTableRepo.sms] Table does not exist: sms_shard_01.sms_20250831
[2025-09-21 00:35:17.358] WARN  [MultiTableRepo.sms] Table does not exist: sms_shard_01.sms_20250901
[2025-09-21 00:35:17.359] WARN  [MultiTableRepo.sms] Table does not exist: sms_shard_01.sms_20250902
[2025-09-21 00:35:17.359] WARN  [MultiTableRepo.sms] Table does not exist: sms_shard_01.sms_20250903
[2025-09-21 00:35:17.360] WARN  [MultiTableRepo.sms] Table does not exist: sms_shard_01.sms_20250904
[2025-09-21 00:35:17.361] WARN  [MultiTableRepo.sms] Table does not exist: sms_shard_01.sms_20250905
[2025-09-21 00:35:17.496] WARN  [MultiTableRepo.sms] Table does not exist: sms_shard_01.sms_20250821
[2025-09-21 00:35:17.497] WARN  [MultiTableRepo.sms] Table does not exist: sms_shard_01.sms_20250822
[2025-09-21 00:35:17.498] WARN  [MultiTableRepo.sms] Table does not exist: sms_shard_01.sms_20250823
[2025-09-21 00:35:17.499] WARN  [MultiTableRepo.sms] Table does not exist: sms_shard_01.sms_20250824
[2025-09-21 00:35:17.500] WARN  [MultiTableRepo.sms] Table does not exist: sms_shard_01.sms_20250825
[2025-09-21 00:35:17.501] WARN  [MultiTableRepo.sms] Table does not exist: sms_shard_01.sms_20250826
[2025-09-21 00:35:17.502] WARN  [MultiTableRepo.sms] Table does not exist: sms_shard_01.sms_20250827
[2025-09-21 00:35:17.503] WARN  [MultiTableRepo.sms] Table does not exist: sms_shard_01.sms_20250828
[2025-09-21 00:35:17.504] WARN  [MultiTableRepo.sms] Table does not exist: sms_shard_01.sms_20250829
[2025-09-21 00:35:17.504] WARN  [MultiTableRepo.sms] Table does not exist: sms_shard_01.sms_20250830
[2025-09-21 00:35:17.505] WARN  [MultiTableRepo.sms] Table does not exist: sms_shard_01.sms_20250831
[2025-09-21 00:35:17.506] WARN  [MultiTableRepo.sms] Table does not exist: sms_shard_01.sms_20250901
[2025-09-21 00:35:17.508] WARN  [MultiTableRepo.sms] Table does not exist: sms_shard_01.sms_20250902
[2025-09-21 00:35:17.510] WARN  [MultiTableRepo.sms] Table does not exist: sms_shard_01.sms_20250903
[2025-09-21 00:35:17.511] WARN  [MultiTableRepo.sms] Table does not exist: sms_shard_01.sms_20250904
[2025-09-21 00:35:17.512] WARN  [MultiTableRepo.sms] Table does not exist: sms_shard_01.sms_20250905
[2025-09-21 00:35:17.634] WARN  [MultiTableRepo.sms] Table does not exist: sms_shard_01.sms_20250821
[2025-09-21 00:35:17.635] WARN  [MultiTableRepo.sms] Table does not exist: sms_shard_01.sms_20250822
[2025-09-21 00:35:17.636] WARN  [MultiTableRepo.sms] Table does not exist: sms_shard_01.sms_20250823
[2025-09-21 00:35:17.637] WARN  [MultiTableRepo.sms] Table does not exist: sms_shard_01.sms_20250824
[2025-09-21 00:35:17.637] WARN  [MultiTableRepo.sms] Table does not exist: sms_shard_01.sms_20250825
[2025-09-21 00:35:17.638] WARN  [MultiTableRepo.sms] Table does not exist: sms_shard_01.sms_20250826
[2025-09-21 00:35:17.639] WARN  [MultiTableRepo.sms] Table does not exist: sms_shard_01.sms_20250827
[2025-09-21 00:35:17.640] WARN  [MultiTableRepo.sms] Table does not exist: sms_shard_01.sms_20250828
[2025-09-21 00:35:17.640] WARN  [MultiTableRepo.sms] Table does not exist: sms_shard_01.sms_20250829
[2025-09-21 00:35:17.641] WARN  [MultiTableRepo.sms] Table does not exist: sms_shard_01.sms_20250830
[2025-09-21 00:35:17.642] WARN  [MultiTableRepo.sms] Table does not exist: sms_shard_01.sms_20250831
[2025-09-21 00:35:17.643] WARN  [MultiTableRepo.sms] Table does not exist: sms_shard_01.sms_20250901
[2025-09-21 00:35:17.644] WARN  [MultiTableRepo.sms] Table does not exist: sms_shard_01.sms_20250902
[2025-09-21 00:35:17.645] WARN  [MultiTableRepo.sms] Table does not exist: sms_shard_01.sms_20250903
[2025-09-21 00:35:17.646] WARN  [MultiTableRepo.sms] Table does not exist: sms_shard_01.sms_20250904
[2025-09-21 00:35:17.647] WARN  [MultiTableRepo.sms] Table does not exist: sms_shard_01.sms_20250905
[2025-09-21 00:35:17.708] WARN  [MultiTableRepo.sms] Table does not exist: sms_shard_01.sms_20250819
[2025-09-21 00:35:17.709] WARN  [MultiTableRepo.sms] Table does not exist: sms_shard_01.sms_20250820
[2025-09-21 00:35:17.710] WARN  [MultiTableRepo.sms] Table does not exist: sms_shard_01.sms_20250821
[2025-09-21 00:35:17.710] WARN  [MultiTableRepo.sms] Table does not exist: sms_shard_01.sms_20250822
[2025-09-21 00:35:17.711] WARN  [MultiTableRepo.sms] Table does not exist: sms_shard_01.sms_20250823
[2025-09-21 00:35:17.712] WARN  [MultiTableRepo.sms] Table does not exist: sms_shard_01.sms_20250824
[2025-09-21 00:35:17.713] WARN  [MultiTableRepo.sms] Table does not exist: sms_shard_01.sms_20250825
[2025-09-21 00:35:17.714] WARN  [MultiTableRepo.sms] Table does not exist: sms_shard_01.sms_20250826
[2025-09-21 00:35:17.714] WARN  [MultiTableRepo.sms] Table does not exist: sms_shard_01.sms_20250827
[2025-09-21 00:35:17.715] WARN  [MultiTableRepo.sms] Table does not exist: sms_shard_01.sms_20250828
[2025-09-21 00:35:17.716] WARN  [MultiTableRepo.sms] Table does not exist: sms_shard_01.sms_20250829
[2025-09-21 00:35:17.717] WARN  [MultiTableRepo.sms] Table does not exist: sms_shard_01.sms_20250830
[2025-09-21 00:35:17.717] WARN  [MultiTableRepo.sms] Table does not exist: sms_shard_01.sms_20250831
[2025-09-21 00:35:17.718] WARN  [MultiTableRepo.sms] Table does not exist: sms_shard_01.sms_20250901
[2025-09-21 00:35:17.719] WARN  [MultiTableRepo.sms] Table does not exist: sms_shard_01.sms_20250902
[2025-09-21 00:35:17.720] WARN  [MultiTableRepo.sms] Table does not exist: sms_shard_01.sms_20250903
[2025-09-21 00:35:17.721] WARN  [MultiTableRepo.sms] Table does not exist: sms_shard_01.sms_20250904
[2025-09-21 00:35:17.722] WARN  [MultiTableRepo.sms] Table does not exist: sms_shard_01.sms_20250905
[2025-09-21 00:35:17.765] WARN  [MultiTableRepo.sms] Table does not exist: sms_shard_01.sms_20250816
[2025-09-21 00:35:17.766] WARN  [MultiTableRepo.sms] Table does not exist: sms_shard_01.sms_20250817
[2025-09-21 00:35:17.767] WARN  [MultiTableRepo.sms] Table does not exist: sms_shard_01.sms_20250818
[2025-09-21 00:35:17.770] WARN  [MultiTableRepo.sms] Table does not exist: sms_shard_01.sms_20250819
[2025-09-21 00:35:17.771] WARN  [MultiTableRepo.sms] Table does not exist: sms_shard_01.sms_20250820
[2025-09-21 00:35:17.772] WARN  [MultiTableRepo.sms] Table does not exist: sms_shard_01.sms_20250821
[2025-09-21 00:35:17.773] WARN  [MultiTableRepo.sms] Table does not exist: sms_shard_01.sms_20250822
[2025-09-21 00:35:17.774] WARN  [MultiTableRepo.sms] Table does not exist: sms_shard_01.sms_20250823
[2025-09-21 00:35:17.775] WARN  [MultiTableRepo.sms] Table does not exist: sms_shard_01.sms_20250824
[2025-09-21 00:35:17.776] WARN  [MultiTableRepo.sms] Table does not exist: sms_shard_01.sms_20250825
[2025-09-21 00:35:17.777] WARN  [MultiTableRepo.sms] Table does not exist: sms_shard_01.sms_20250826
[2025-09-21 00:35:17.779] WARN  [MultiTableRepo.sms] Table does not exist: sms_shard_01.sms_20250827
[2025-09-21 00:35:17.780] WARN  [MultiTableRepo.sms] Table does not exist: sms_shard_01.sms_20250828
[2025-09-21 00:35:17.781] WARN  [MultiTableRepo.sms] Table does not exist: sms_shard_01.sms_20250829
[2025-09-21 00:35:17.782] WARN  [MultiTableRepo.sms] Table does not exist: sms_shard_01.sms_20250830
[2025-09-21 00:35:17.783] WARN  [MultiTableRepo.sms] Table does not exist: sms_shard_01.sms_20250831
[2025-09-21 00:35:17.784] WARN  [MultiTableRepo.sms] Table does not exist: sms_shard_01.sms_20250901
[2025-09-21 00:35:17.785] WARN  [MultiTableRepo.sms] Table does not exist: sms_shard_01.sms_20250902
[2025-09-21 00:35:17.786] WARN  [MultiTableRepo.sms] Table does not exist: sms_shard_01.sms_20250903
[2025-09-21 00:35:17.787] WARN  [MultiTableRepo.sms] Table does not exist: sms_shard_01.sms_20250904
[2025-09-21 00:35:17.788] WARN  [MultiTableRepo.sms] Table does not exist: sms_shard_01.sms_20250905
[2025-09-21 00:35:17.900] WARN  [MultiTableRepo.sms] Table does not exist: sms_shard_01.sms_20250817
[2025-09-21 00:35:17.901] WARN  [MultiTableRepo.sms] Table does not exist: sms_shard_01.sms_20250818
[2025-09-21 00:35:17.902] WARN  [MultiTableRepo.sms] Table does not exist: sms_shard_01.sms_20250819
[2025-09-21 00:35:17.904] WARN  [MultiTableRepo.sms] Table does not exist: sms_shard_01.sms_20250820
[2025-09-21 00:35:17.905] WARN  [MultiTableRepo.sms] Table does not exist: sms_shard_01.sms_20250821
[2025-09-21 00:35:17.906] WARN  [MultiTableRepo.sms] Table does not exist: sms_shard_01.sms_20250822
[2025-09-21 00:35:17.907] WARN  [MultiTableRepo.sms] Table does not exist: sms_shard_01.sms_20250823
[2025-09-21 00:35:17.908] WARN  [MultiTableRepo.sms] Table does not exist: sms_shard_01.sms_20250824
[2025-09-21 00:35:17.909] WARN  [MultiTableRepo.sms] Table does not exist: sms_shard_01.sms_20250825
[2025-09-21 00:35:17.913] WARN  [MultiTableRepo.sms] Table does not exist: sms_shard_01.sms_20250826
[2025-09-21 00:35:17.914] WARN  [MultiTableRepo.sms] Table does not exist: sms_shard_01.sms_20250827
[2025-09-21 00:35:17.915] WARN  [MultiTableRepo.sms] Table does not exist: sms_shard_01.sms_20250828
[2025-09-21 00:35:17.916] WARN  [MultiTableRepo.sms] Table does not exist: sms_shard_01.sms_20250829
[2025-09-21 00:35:17.917] WARN  [MultiTableRepo.sms] Table does not exist: sms_shard_01.sms_20250830
[2025-09-21 00:35:17.917] WARN  [MultiTableRepo.sms] Table does not exist: sms_shard_01.sms_20250831
[2025-09-21 00:35:17.918] WARN  [MultiTableRepo.sms] Table does not exist: sms_shard_01.sms_20250901
[2025-09-21 00:35:17.919] WARN  [MultiTableRepo.sms] Table does not exist: sms_shard_01.sms_20250902
[2025-09-21 00:35:17.920] WARN  [MultiTableRepo.sms] Table does not exist: sms_shard_01.sms_20250903
[2025-09-21 00:35:17.921] WARN  [MultiTableRepo.sms] Table does not exist: sms_shard_01.sms_20250904
[2025-09-21 00:35:17.922] WARN  [MultiTableRepo.sms] Table does not exist: sms_shard_01.sms_20250905
[2025-09-21 00:35:17.951] WARN  [MultiTableRepo.sms] Table does not exist: sms_shard_01.sms_20250818
[2025-09-21 00:35:17.952] WARN  [MultiTableRepo.sms] Table does not exist: sms_shard_01.sms_20250819
[2025-09-21 00:35:17.953] WARN  [MultiTableRepo.sms] Table does not exist: sms_shard_01.sms_20250820
[2025-09-21 00:35:17.954] WARN  [MultiTableRepo.sms] Table does not exist: sms_shard_01.sms_20250821
[2025-09-21 00:35:17.955] WARN  [MultiTableRepo.sms] Table does not exist: sms_shard_01.sms_20250822
[2025-09-21 00:35:17.956] WARN  [MultiTableRepo.sms] Table does not exist: sms_shard_01.sms_20250823
[2025-09-21 00:35:17.959] WARN  [MultiTableRepo.sms] Table does not exist: sms_shard_01.sms_20250824
[2025-09-21 00:35:17.960] WARN  [MultiTableRepo.sms] Table does not exist: sms_shard_01.sms_20250825
[2025-09-21 00:35:17.961] WARN  [MultiTableRepo.sms] Table does not exist: sms_shard_01.sms_20250826
[2025-09-21 00:35:17.962] WARN  [MultiTableRepo.sms] Table does not exist: sms_shard_01.sms_20250827
[2025-09-21 00:35:17.963] WARN  [MultiTableRepo.sms] Table does not exist: sms_shard_01.sms_20250828
[2025-09-21 00:35:17.963] WARN  [MultiTableRepo.sms] Table does not exist: sms_shard_01.sms_20250829
[2025-09-21 00:35:17.966] WARN  [MultiTableRepo.sms] Table does not exist: sms_shard_01.sms_20250830
[2025-09-21 00:35:17.967] WARN  [MultiTableRepo.sms] Table does not exist: sms_shard_01.sms_20250831
[2025-09-21 00:35:17.968] WARN  [MultiTableRepo.sms] Table does not exist: sms_shard_01.sms_20250901
[2025-09-21 00:35:17.969] WARN  [MultiTableRepo.sms] Table does not exist: sms_shard_01.sms_20250902
[2025-09-21 00:35:17.970] WARN  [MultiTableRepo.sms] Table does not exist: sms_shard_01.sms_20250903
[2025-09-21 00:35:17.971] WARN  [MultiTableRepo.sms] Table does not exist: sms_shard_01.sms_20250904
[2025-09-21 00:35:17.972] WARN  [MultiTableRepo.sms] Table does not exist: sms_shard_01.sms_20250905
[2025-09-21 00:35:17.999] WARN  [MultiTableRepo.sms] Table does not exist: sms_shard_01.sms_20250820
[2025-09-21 00:35:18.000] WARN  [MultiTableRepo.sms] Table does not exist: sms_shard_01.sms_20250821
[2025-09-21 00:35:18.001] WARN  [MultiTableRepo.sms] Table does not exist: sms_shard_01.sms_20250822
[2025-09-21 00:35:18.002] WARN  [MultiTableRepo.sms] Table does not exist: sms_shard_01.sms_20250823
[2025-09-21 00:35:18.002] WARN  [MultiTableRepo.sms] Table does not exist: sms_shard_01.sms_20250824
[2025-09-21 00:35:18.003] WARN  [MultiTableRepo.sms] Table does not exist: sms_shard_01.sms_20250825
[2025-09-21 00:35:18.004] WARN  [MultiTableRepo.sms] Table does not exist: sms_shard_01.sms_20250826
[2025-09-21 00:35:18.005] WARN  [MultiTableRepo.sms] Table does not exist: sms_shard_01.sms_20250827
[2025-09-21 00:35:18.006] WARN  [MultiTableRepo.sms] Table does not exist: sms_shard_01.sms_20250828
[2025-09-21 00:35:18.007] WARN  [MultiTableRepo.sms] Table does not exist: sms_shard_01.sms_20250829
[2025-09-21 00:35:18.008] WARN  [MultiTableRepo.sms] Table does not exist: sms_shard_01.sms_20250830
[2025-09-21 00:35:18.009] WARN  [MultiTableRepo.sms] Table does not exist: sms_shard_01.sms_20250831
[2025-09-21 00:35:18.009] WARN  [MultiTableRepo.sms] Table does not exist: sms_shard_01.sms_20250901
[2025-09-21 00:35:18.010] WARN  [MultiTableRepo.sms] Table does not exist: sms_shard_01.sms_20250902
[2025-09-21 00:35:18.011] WARN  [MultiTableRepo.sms] Table does not exist: sms_shard_01.sms_20250903
[2025-09-21 00:35:18.012] WARN  [MultiTableRepo.sms] Table does not exist: sms_shard_01.sms_20250904
[2025-09-21 00:35:18.013] WARN  [MultiTableRepo.sms] Table does not exist: sms_shard_01.sms_20250905
[2025-09-21 00:35:18.056] WARN  [MultiTableRepo.sms] Table does not exist: sms_shard_01.sms_20250820
[2025-09-21 00:35:18.057] WARN  [MultiTableRepo.sms] Table does not exist: sms_shard_01.sms_20250821
[2025-09-21 00:35:18.059] WARN  [MultiTableRepo.sms] Table does not exist: sms_shard_01.sms_20250822
[2025-09-21 00:35:18.061] WARN  [MultiTableRepo.sms] Table does not exist: sms_shard_01.sms_20250823
[2025-09-21 00:35:18.062] WARN  [MultiTableRepo.sms] Table does not exist: sms_shard_01.sms_20250824
[2025-09-21 00:35:18.063] WARN  [MultiTableRepo.sms] Table does not exist: sms_shard_01.sms_20250825
[2025-09-21 00:35:18.064] WARN  [MultiTableRepo.sms] Table does not exist: sms_shard_01.sms_20250826
[2025-09-21 00:35:18.065] WARN  [MultiTableRepo.sms] Table does not exist: sms_shard_01.sms_20250827
[2025-09-21 00:35:18.066] WARN  [MultiTableRepo.sms] Table does not exist: sms_shard_01.sms_20250828
[2025-09-21 00:35:18.067] WARN  [MultiTableRepo.sms] Table does not exist: sms_shard_01.sms_20250829
[2025-09-21 00:35:18.068] WARN  [MultiTableRepo.sms] Table does not exist: sms_shard_01.sms_20250830
[2025-09-21 00:35:18.069] WARN  [MultiTableRepo.sms] Table does not exist: sms_shard_01.sms_20250831
[2025-09-21 00:35:18.070] WARN  [MultiTableRepo.sms] Table does not exist: sms_shard_01.sms_20250901
[2025-09-21 00:35:18.073] WARN  [MultiTableRepo.sms] Table does not exist: sms_shard_01.sms_20250902
[2025-09-21 00:35:18.075] WARN  [MultiTableRepo.sms] Table does not exist: sms_shard_01.sms_20250903
[2025-09-21 00:35:18.076] WARN  [MultiTableRepo.sms] Table does not exist: sms_shard_01.sms_20250904
[2025-09-21 00:35:18.078] WARN  [MultiTableRepo.sms] Table does not exist: sms_shard_01.sms_20250905
[2025-09-21 00:35:18.114] WARN  [MultiTableRepo.sms] Table does not exist: sms_shard_01.sms_20250815
[2025-09-21 00:35:18.115] WARN  [MultiTableRepo.sms] Table does not exist: sms_shard_01.sms_20250816
[2025-09-21 00:35:18.115] WARN  [MultiTableRepo.sms] Table does not exist: sms_shard_01.sms_20250817
[2025-09-21 00:35:18.116] WARN  [MultiTableRepo.sms] Table does not exist: sms_shard_01.sms_20250818
[2025-09-21 00:35:18.117] WARN  [MultiTableRepo.sms] Table does not exist: sms_shard_01.sms_20250819
[2025-09-21 00:35:18.118] WARN  [MultiTableRepo.sms] Table does not exist: sms_shard_01.sms_20250820
[2025-09-21 00:35:18.119] WARN  [MultiTableRepo.sms] Table does not exist: sms_shard_01.sms_20250821
[2025-09-21 00:35:18.120] WARN  [MultiTableRepo.sms] Table does not exist: sms_shard_01.sms_20250822
[2025-09-21 00:35:18.121] WARN  [MultiTableRepo.sms] Table does not exist: sms_shard_01.sms_20250823
[2025-09-21 00:35:18.122] WARN  [MultiTableRepo.sms] Table does not exist: sms_shard_01.sms_20250824
[2025-09-21 00:35:18.122] WARN  [MultiTableRepo.sms] Table does not exist: sms_shard_01.sms_20250825
[2025-09-21 00:35:18.123] WARN  [MultiTableRepo.sms] Table does not exist: sms_shard_01.sms_20250826
[2025-09-21 00:35:18.124] WARN  [MultiTableRepo.sms] Table does not exist: sms_shard_01.sms_20250827
[2025-09-21 00:35:18.125] WARN  [MultiTableRepo.sms] Table does not exist: sms_shard_01.sms_20250828
[2025-09-21 00:35:18.126] WARN  [MultiTableRepo.sms] Table does not exist: sms_shard_01.sms_20250829
[2025-09-21 00:35:18.126] WARN  [MultiTableRepo.sms] Table does not exist: sms_shard_01.sms_20250830
[2025-09-21 00:35:18.127] WARN  [MultiTableRepo.sms] Table does not exist: sms_shard_01.sms_20250831
[2025-09-21 00:35:18.128] WARN  [MultiTableRepo.sms] Table does not exist: sms_shard_01.sms_20250901
[2025-09-21 00:35:18.129] WARN  [MultiTableRepo.sms] Table does not exist: sms_shard_01.sms_20250902
[2025-09-21 00:35:18.130] WARN  [MultiTableRepo.sms] Table does not exist: sms_shard_01.sms_20250903
[2025-09-21 00:35:18.130] WARN  [MultiTableRepo.sms] Table does not exist: sms_shard_01.sms_20250904
[2025-09-21 00:35:18.131] WARN  [MultiTableRepo.sms] Table does not exist: sms_shard_01.sms_20250905
[2025-09-21 00:35:18.179] WARN  [MultiTableRepo.sms] Table does not exist: sms_shard_01.sms_20250819
[2025-09-21 00:35:18.180] WARN  [MultiTableRepo.sms] Table does not exist: sms_shard_01.sms_20250820
[2025-09-21 00:35:18.180] WARN  [MultiTableRepo.sms] Table does not exist: sms_shard_01.sms_20250821
[2025-09-21 00:35:18.181] WARN  [MultiTableRepo.sms] Table does not exist: sms_shard_01.sms_20250822
[2025-09-21 00:35:18.182] WARN  [MultiTableRepo.sms] Table does not exist: sms_shard_01.sms_20250823
[2025-09-21 00:35:18.183] WARN  [MultiTableRepo.sms] Table does not exist: sms_shard_01.sms_20250824
[2025-09-21 00:35:18.184] WARN  [MultiTableRepo.sms] Table does not exist: sms_shard_01.sms_20250825
[2025-09-21 00:35:18.185] WARN  [MultiTableRepo.sms] Table does not exist: sms_shard_01.sms_20250826
[2025-09-21 00:35:18.186] WARN  [MultiTableRepo.sms] Table does not exist: sms_shard_01.sms_20250827
[2025-09-21 00:35:18.187] WARN  [MultiTableRepo.sms] Table does not exist: sms_shard_01.sms_20250828
[2025-09-21 00:35:18.188] WARN  [MultiTableRepo.sms] Table does not exist: sms_shard_01.sms_20250829
[2025-09-21 00:35:18.189] WARN  [MultiTableRepo.sms] Table does not exist: sms_shard_01.sms_20250830
[2025-09-21 00:35:18.190] WARN  [MultiTableRepo.sms] Table does not exist: sms_shard_01.sms_20250831
[2025-09-21 00:35:18.191] WARN  [MultiTableRepo.sms] Table does not exist: sms_shard_01.sms_20250901
[2025-09-21 00:35:18.192] WARN  [MultiTableRepo.sms] Table does not exist: sms_shard_01.sms_20250902
[2025-09-21 00:35:18.193] WARN  [MultiTableRepo.sms] Table does not exist: sms_shard_01.sms_20250903
[2025-09-21 00:35:18.196] WARN  [MultiTableRepo.sms] Table does not exist: sms_shard_01.sms_20250904
[2025-09-21 00:35:18.197] WARN  [MultiTableRepo.sms] Table does not exist: sms_shard_01.sms_20250905
[2025-09-21 00:35:18.239] WARN  [MultiTableRepo.sms] Table does not exist: sms_shard_01.sms_20250821
[2025-09-21 00:35:18.241] WARN  [MultiTableRepo.sms] Table does not exist: sms_shard_01.sms_20250822
[2025-09-21 00:35:18.242] WARN  [MultiTableRepo.sms] Table does not exist: sms_shard_01.sms_20250823
[2025-09-21 00:35:18.243] WARN  [MultiTableRepo.sms] Table does not exist: sms_shard_01.sms_20250824
[2025-09-21 00:35:18.244] WARN  [MultiTableRepo.sms] Table does not exist: sms_shard_01.sms_20250825
[2025-09-21 00:35:18.245] WARN  [MultiTableRepo.sms] Table does not exist: sms_shard_01.sms_20250826
[2025-09-21 00:35:18.246] WARN  [MultiTableRepo.sms] Table does not exist: sms_shard_01.sms_20250827
[2025-09-21 00:35:18.247] WARN  [MultiTableRepo.sms] Table does not exist: sms_shard_01.sms_20250828
[2025-09-21 00:35:18.247] WARN  [MultiTableRepo.sms] Table does not exist: sms_shard_01.sms_20250829
[2025-09-21 00:35:18.248] WARN  [MultiTableRepo.sms] Table does not exist: sms_shard_01.sms_20250830
[2025-09-21 00:35:18.249] WARN  [MultiTableRepo.sms] Table does not exist: sms_shard_01.sms_20250831
[2025-09-21 00:35:18.250] WARN  [MultiTableRepo.sms] Table does not exist: sms_shard_01.sms_20250901
[2025-09-21 00:35:18.251] WARN  [MultiTableRepo.sms] Table does not exist: sms_shard_01.sms_20250902
[2025-09-21 00:35:18.252] WARN  [MultiTableRepo.sms] Table does not exist: sms_shard_01.sms_20250903
[2025-09-21 00:35:18.253] WARN  [MultiTableRepo.sms] Table does not exist: sms_shard_01.sms_20250904
[2025-09-21 00:35:18.254] WARN  [MultiTableRepo.sms] Table does not exist: sms_shard_01.sms_20250905
[2025-09-21 00:35:18.399] WARN  [MultiTableRepo.sms] Table does not exist: sms_shard_01.sms_20250818
[2025-09-21 00:35:18.400] WARN  [MultiTableRepo.sms] Table does not exist: sms_shard_01.sms_20250819
[2025-09-21 00:35:18.401] WARN  [MultiTableRepo.sms] Table does not exist: sms_shard_01.sms_20250820
[2025-09-21 00:35:18.402] WARN  [MultiTableRepo.sms] Table does not exist: sms_shard_01.sms_20250821
[2025-09-21 00:35:18.403] WARN  [MultiTableRepo.sms] Table does not exist: sms_shard_01.sms_20250822
[2025-09-21 00:35:18.404] WARN  [MultiTableRepo.sms] Table does not exist: sms_shard_01.sms_20250823
[2025-09-21 00:35:18.405] WARN  [MultiTableRepo.sms] Table does not exist: sms_shard_01.sms_20250824
[2025-09-21 00:35:18.407] WARN  [MultiTableRepo.sms] Table does not exist: sms_shard_01.sms_20250825
[2025-09-21 00:35:18.410] WARN  [MultiTableRepo.sms] Table does not exist: sms_shard_01.sms_20250826
[2025-09-21 00:35:18.411] WARN  [MultiTableRepo.sms] Table does not exist: sms_shard_01.sms_20250827
[2025-09-21 00:35:18.415] WARN  [MultiTableRepo.sms] Table does not exist: sms_shard_01.sms_20250828
[2025-09-21 00:35:18.416] WARN  [MultiTableRepo.sms] Table does not exist: sms_shard_01.sms_20250829
[2025-09-21 00:35:18.417] WARN  [MultiTableRepo.sms] Table does not exist: sms_shard_01.sms_20250830
[2025-09-21 00:35:18.418] WARN  [MultiTableRepo.sms] Table does not exist: sms_shard_01.sms_20250831
[2025-09-21 00:35:18.419] WARN  [MultiTableRepo.sms] Table does not exist: sms_shard_01.sms_20250901
[2025-09-21 00:35:18.420] WARN  [MultiTableRepo.sms] Table does not exist: sms_shard_01.sms_20250902
[2025-09-21 00:35:18.421] WARN  [MultiTableRepo.sms] Table does not exist: sms_shard_01.sms_20250903
[2025-09-21 00:35:18.422] WARN  [MultiTableRepo.sms] Table does not exist: sms_shard_01.sms_20250904
[2025-09-21 00:35:18.423] WARN  [MultiTableRepo.sms] Table does not exist: sms_shard_01.sms_20250905
[2025-09-21 00:35:18.455] WARN  [MultiTableRepo.sms] Table does not exist: sms_shard_01.sms_20250821
[2025-09-21 00:35:18.456] WARN  [MultiTableRepo.sms] Table does not exist: sms_shard_01.sms_20250822
[2025-09-21 00:35:18.457] WARN  [MultiTableRepo.sms] Table does not exist: sms_shard_01.sms_20250823
[2025-09-21 00:35:18.458] WARN  [MultiTableRepo.sms] Table does not exist: sms_shard_01.sms_20250824
[2025-09-21 00:35:18.459] WARN  [MultiTableRepo.sms] Table does not exist: sms_shard_01.sms_20250825
[2025-09-21 00:35:18.460] WARN  [MultiTableRepo.sms] Table does not exist: sms_shard_01.sms_20250826
[2025-09-21 00:35:18.461] WARN  [MultiTableRepo.sms] Table does not exist: sms_shard_01.sms_20250827
[2025-09-21 00:35:18.461] WARN  [MultiTableRepo.sms] Table does not exist: sms_shard_01.sms_20250828
[2025-09-21 00:35:18.462] WARN  [MultiTableRepo.sms] Table does not exist: sms_shard_01.sms_20250829
[2025-09-21 00:35:18.463] WARN  [MultiTableRepo.sms] Table does not exist: sms_shard_01.sms_20250830
[2025-09-21 00:35:18.464] WARN  [MultiTableRepo.sms] Table does not exist: sms_shard_01.sms_20250831
[2025-09-21 00:35:18.465] WARN  [MultiTableRepo.sms] Table does not exist: sms_shard_01.sms_20250901
[2025-09-21 00:35:18.466] WARN  [MultiTableRepo.sms] Table does not exist: sms_shard_01.sms_20250902
[2025-09-21 00:35:18.467] WARN  [MultiTableRepo.sms] Table does not exist: sms_shard_01.sms_20250903
[2025-09-21 00:35:18.468] WARN  [MultiTableRepo.sms] Table does not exist: sms_shard_01.sms_20250904
[2025-09-21 00:35:18.470] WARN  [MultiTableRepo.sms] Table does not exist: sms_shard_01.sms_20250905
[2025-09-21 00:35:18.502] WARN  [MultiTableRepo.sms] Table does not exist: sms_shard_01.sms_20250817
[2025-09-21 00:35:18.503] WARN  [MultiTableRepo.sms] Table does not exist: sms_shard_01.sms_20250818
[2025-09-21 00:35:18.504] WARN  [MultiTableRepo.sms] Table does not exist: sms_shard_01.sms_20250819
[2025-09-21 00:35:18.505] WARN  [MultiTableRepo.sms] Table does not exist: sms_shard_01.sms_20250820
[2025-09-21 00:35:18.505] WARN  [MultiTableRepo.sms] Table does not exist: sms_shard_01.sms_20250821
[2025-09-21 00:35:18.506] WARN  [MultiTableRepo.sms] Table does not exist: sms_shard_01.sms_20250822
[2025-09-21 00:35:18.508] WARN  [MultiTableRepo.sms] Table does not exist: sms_shard_01.sms_20250823
[2025-09-21 00:35:18.510] WARN  [MultiTableRepo.sms] Table does not exist: sms_shard_01.sms_20250824
[2025-09-21 00:35:18.511] WARN  [MultiTableRepo.sms] Table does not exist: sms_shard_01.sms_20250825
[2025-09-21 00:35:18.512] WARN  [MultiTableRepo.sms] Table does not exist: sms_shard_01.sms_20250826
[2025-09-21 00:35:18.512] WARN  [MultiTableRepo.sms] Table does not exist: sms_shard_01.sms_20250827
[2025-09-21 00:35:18.513] WARN  [MultiTableRepo.sms] Table does not exist: sms_shard_01.sms_20250828
[2025-09-21 00:35:18.514] WARN  [MultiTableRepo.sms] Table does not exist: sms_shard_01.sms_20250829
[2025-09-21 00:35:18.515] WARN  [MultiTableRepo.sms] Table does not exist: sms_shard_01.sms_20250830
[2025-09-21 00:35:18.516] WARN  [MultiTableRepo.sms] Table does not exist: sms_shard_01.sms_20250831
[2025-09-21 00:35:18.517] WARN  [MultiTableRepo.sms] Table does not exist: sms_shard_01.sms_20250901
[2025-09-21 00:35:18.518] WARN  [MultiTableRepo.sms] Table does not exist: sms_shard_01.sms_20250902
[2025-09-21 00:35:18.530] WARN  [MultiTableRepo.sms] Table does not exist: sms_shard_01.sms_20250903
[2025-09-21 00:35:18.531] WARN  [MultiTableRepo.sms] Table does not exist: sms_shard_01.sms_20250904
[2025-09-21 00:35:18.532] WARN  [MultiTableRepo.sms] Table does not exist: sms_shard_01.sms_20250905
[2025-09-21 00:35:18.755] WARN  [MultiTableRepo.sms] Table does not exist: sms_shard_01.sms_20250819
[2025-09-21 00:35:18.756] WARN  [MultiTableRepo.sms] Table does not exist: sms_shard_01.sms_20250820
[2025-09-21 00:35:18.758] WARN  [MultiTableRepo.sms] Table does not exist: sms_shard_01.sms_20250821
[2025-09-21 00:35:18.760] WARN  [MultiTableRepo.sms] Table does not exist: sms_shard_01.sms_20250822
[2025-09-21 00:35:18.761] WARN  [MultiTableRepo.sms] Table does not exist: sms_shard_01.sms_20250823
[2025-09-21 00:35:18.762] WARN  [MultiTableRepo.sms] Table does not exist: sms_shard_01.sms_20250824
[2025-09-21 00:35:18.763] WARN  [MultiTableRepo.sms] Table does not exist: sms_shard_01.sms_20250825
[2025-09-21 00:35:18.765] WARN  [MultiTableRepo.sms] Table does not exist: sms_shard_01.sms_20250826
[2025-09-21 00:35:18.768] WARN  [MultiTableRepo.sms] Table does not exist: sms_shard_01.sms_20250827
[2025-09-21 00:35:18.769] WARN  [MultiTableRepo.sms] Table does not exist: sms_shard_01.sms_20250828
[2025-09-21 00:35:18.770] WARN  [MultiTableRepo.sms] Table does not exist: sms_shard_01.sms_20250829
[2025-09-21 00:35:18.771] WARN  [MultiTableRepo.sms] Table does not exist: sms_shard_01.sms_20250830
[2025-09-21 00:35:18.776] WARN  [MultiTableRepo.sms] Table does not exist: sms_shard_01.sms_20250831
[2025-09-21 00:35:18.780] WARN  [MultiTableRepo.sms] Table does not exist: sms_shard_01.sms_20250901
[2025-09-21 00:35:18.781] WARN  [MultiTableRepo.sms] Table does not exist: sms_shard_01.sms_20250902
[2025-09-21 00:35:18.783] WARN  [MultiTableRepo.sms] Table does not exist: sms_shard_01.sms_20250903
[2025-09-21 00:35:18.784] WARN  [MultiTableRepo.sms] Table does not exist: sms_shard_01.sms_20250904
[2025-09-21 00:35:18.788] WARN  [MultiTableRepo.sms] Table does not exist: sms_shard_01.sms_20250905
[2025-09-21 00:35:18.865] WARN  [MultiTableRepo.sms] Table does not exist: sms_shard_01.sms_20250818
[2025-09-21 00:35:18.865] WARN  [MultiTableRepo.sms] Table does not exist: sms_shard_01.sms_20250819
[2025-09-21 00:35:18.866] WARN  [MultiTableRepo.sms] Table does not exist: sms_shard_01.sms_20250820
[2025-09-21 00:35:18.867] WARN  [MultiTableRepo.sms] Table does not exist: sms_shard_01.sms_20250821
[2025-09-21 00:35:18.868] WARN  [MultiTableRepo.sms] Table does not exist: sms_shard_01.sms_20250822
[2025-09-21 00:35:18.869] WARN  [MultiTableRepo.sms] Table does not exist: sms_shard_01.sms_20250823
[2025-09-21 00:35:18.869] WARN  [MultiTableRepo.sms] Table does not exist: sms_shard_01.sms_20250824
[2025-09-21 00:35:18.870] WARN  [MultiTableRepo.sms] Table does not exist: sms_shard_01.sms_20250825
[2025-09-21 00:35:18.871] WARN  [MultiTableRepo.sms] Table does not exist: sms_shard_01.sms_20250826
[2025-09-21 00:35:18.872] WARN  [MultiTableRepo.sms] Table does not exist: sms_shard_01.sms_20250827
[2025-09-21 00:35:18.873] WARN  [MultiTableRepo.sms] Table does not exist: sms_shard_01.sms_20250828
[2025-09-21 00:35:18.874] WARN  [MultiTableRepo.sms] Table does not exist: sms_shard_01.sms_20250829
[2025-09-21 00:35:18.874] WARN  [MultiTableRepo.sms] Table does not exist: sms_shard_01.sms_20250830
[2025-09-21 00:35:18.875] WARN  [MultiTableRepo.sms] Table does not exist: sms_shard_01.sms_20250831
[2025-09-21 00:35:18.876] WARN  [MultiTableRepo.sms] Table does not exist: sms_shard_01.sms_20250901
[2025-09-21 00:35:18.877] WARN  [MultiTableRepo.sms] Table does not exist: sms_shard_01.sms_20250902
[2025-09-21 00:35:18.878] WARN  [MultiTableRepo.sms] Table does not exist: sms_shard_01.sms_20250903
[2025-09-21 00:35:18.879] WARN  [MultiTableRepo.sms] Table does not exist: sms_shard_01.sms_20250904
[2025-09-21 00:35:18.880] WARN  [MultiTableRepo.sms] Table does not exist: sms_shard_01.sms_20250905
[2025-09-21 00:35:18.934] WARN  [MultiTableRepo.sms] Table does not exist: sms_shard_01.sms_20250819
[2025-09-21 00:35:18.935] WARN  [MultiTableRepo.sms] Table does not exist: sms_shard_01.sms_20250820
[2025-09-21 00:35:18.936] WARN  [MultiTableRepo.sms] Table does not exist: sms_shard_01.sms_20250821
[2025-09-21 00:35:18.938] WARN  [MultiTableRepo.sms] Table does not exist: sms_shard_01.sms_20250822
[2025-09-21 00:35:18.939] WARN  [MultiTableRepo.sms] Table does not exist: sms_shard_01.sms_20250823
[2025-09-21 00:35:18.941] WARN  [MultiTableRepo.sms] Table does not exist: sms_shard_01.sms_20250824
[2025-09-21 00:35:18.942] WARN  [MultiTableRepo.sms] Table does not exist: sms_shard_01.sms_20250825
[2025-09-21 00:35:18.943] WARN  [MultiTableRepo.sms] Table does not exist: sms_shard_01.sms_20250826
[2025-09-21 00:35:18.944] WARN  [MultiTableRepo.sms] Table does not exist: sms_shard_01.sms_20250827
[2025-09-21 00:35:18.945] WARN  [MultiTableRepo.sms] Table does not exist: sms_shard_01.sms_20250828
[2025-09-21 00:35:18.946] WARN  [MultiTableRepo.sms] Table does not exist: sms_shard_01.sms_20250829
[2025-09-21 00:35:18.947] WARN  [MultiTableRepo.sms] Table does not exist: sms_shard_01.sms_20250830
[2025-09-21 00:35:18.948] WARN  [MultiTableRepo.sms] Table does not exist: sms_shard_01.sms_20250831
[2025-09-21 00:35:18.949] WARN  [MultiTableRepo.sms] Table does not exist: sms_shard_01.sms_20250901
[2025-09-21 00:35:18.950] WARN  [MultiTableRepo.sms] Table does not exist: sms_shard_01.sms_20250902
[2025-09-21 00:35:18.951] WARN  [MultiTableRepo.sms] Table does not exist: sms_shard_01.sms_20250903
[2025-09-21 00:35:18.951] WARN  [MultiTableRepo.sms] Table does not exist: sms_shard_01.sms_20250904
[2025-09-21 00:35:18.952] WARN  [MultiTableRepo.sms] Table does not exist: sms_shard_01.sms_20250905
[2025-09-21 00:35:19.085] WARN  [MultiTableRepo.sms] Table does not exist: sms_shard_01.sms_20250816
[2025-09-21 00:35:19.086] WARN  [MultiTableRepo.sms] Table does not exist: sms_shard_01.sms_20250817
[2025-09-21 00:35:19.087] WARN  [MultiTableRepo.sms] Table does not exist: sms_shard_01.sms_20250818
[2025-09-21 00:35:19.088] WARN  [MultiTableRepo.sms] Table does not exist: sms_shard_01.sms_20250819
[2025-09-21 00:35:19.089] WARN  [MultiTableRepo.sms] Table does not exist: sms_shard_01.sms_20250820
[2025-09-21 00:35:19.090] WARN  [MultiTableRepo.sms] Table does not exist: sms_shard_01.sms_20250821
[2025-09-21 00:35:19.091] WARN  [MultiTableRepo.sms] Table does not exist: sms_shard_01.sms_20250822
[2025-09-21 00:35:19.092] WARN  [MultiTableRepo.sms] Table does not exist: sms_shard_01.sms_20250823
[2025-09-21 00:35:19.093] WARN  [MultiTableRepo.sms] Table does not exist: sms_shard_01.sms_20250824
[2025-09-21 00:35:19.094] WARN  [MultiTableRepo.sms] Table does not exist: sms_shard_01.sms_20250825
[2025-09-21 00:35:19.094] WARN  [MultiTableRepo.sms] Table does not exist: sms_shard_01.sms_20250826
[2025-09-21 00:35:19.095] WARN  [MultiTableRepo.sms] Table does not exist: sms_shard_01.sms_20250827
[2025-09-21 00:35:19.096] WARN  [MultiTableRepo.sms] Table does not exist: sms_shard_01.sms_20250828
[2025-09-21 00:35:19.097] WARN  [MultiTableRepo.sms] Table does not exist: sms_shard_01.sms_20250829
[2025-09-21 00:35:19.098] WARN  [MultiTableRepo.sms] Table does not exist: sms_shard_01.sms_20250830
[2025-09-21 00:35:19.099] WARN  [MultiTableRepo.sms] Table does not exist: sms_shard_01.sms_20250831
[2025-09-21 00:35:19.100] WARN  [MultiTableRepo.sms] Table does not exist: sms_shard_01.sms_20250901
[2025-09-21 00:35:19.101] WARN  [MultiTableRepo.sms] Table does not exist: sms_shard_01.sms_20250902
[2025-09-21 00:35:19.102] WARN  [MultiTableRepo.sms] Table does not exist: sms_shard_01.sms_20250903
[2025-09-21 00:35:19.103] WARN  [MultiTableRepo.sms] Table does not exist: sms_shard_01.sms_20250904
[2025-09-21 00:35:19.104] WARN  [MultiTableRepo.sms] Table does not exist: sms_shard_01.sms_20250905
[2025-09-21 00:35:19.154] WARN  [MultiTableRepo.sms] Table does not exist: sms_shard_01.sms_20250816
[2025-09-21 00:35:19.159] WARN  [MultiTableRepo.sms] Table does not exist: sms_shard_01.sms_20250817
[2025-09-21 00:35:19.161] WARN  [MultiTableRepo.sms] Table does not exist: sms_shard_01.sms_20250818
[2025-09-21 00:35:19.164] WARN  [MultiTableRepo.sms] Table does not exist: sms_shard_01.sms_20250819
[2025-09-21 00:35:19.170] WARN  [MultiTableRepo.sms] Table does not exist: sms_shard_01.sms_20250820
[2025-09-21 00:35:19.173] WARN  [MultiTableRepo.sms] Table does not exist: sms_shard_01.sms_20250821
[2025-09-21 00:35:19.178] WARN  [MultiTableRepo.sms] Table does not exist: sms_shard_01.sms_20250822
[2025-09-21 00:35:19.182] WARN  [MultiTableRepo.sms] Table does not exist: sms_shard_01.sms_20250823
[2025-09-21 00:35:19.183] WARN  [MultiTableRepo.sms] Table does not exist: sms_shard_01.sms_20250824
[2025-09-21 00:35:19.184] WARN  [MultiTableRepo.sms] Table does not exist: sms_shard_01.sms_20250825
[2025-09-21 00:35:19.186] WARN  [MultiTableRepo.sms] Table does not exist: sms_shard_01.sms_20250826
[2025-09-21 00:35:19.190] WARN  [MultiTableRepo.sms] Table does not exist: sms_shard_01.sms_20250827
[2025-09-21 00:35:19.191] WARN  [MultiTableRepo.sms] Table does not exist: sms_shard_01.sms_20250828
[2025-09-21 00:35:19.194] WARN  [MultiTableRepo.sms] Table does not exist: sms_shard_01.sms_20250829
[2025-09-21 00:35:19.195] WARN  [MultiTableRepo.sms] Table does not exist: sms_shard_01.sms_20250830
[2025-09-21 00:35:19.196] WARN  [MultiTableRepo.sms] Table does not exist: sms_shard_01.sms_20250831
[2025-09-21 00:35:19.197] WARN  [MultiTableRepo.sms] Table does not exist: sms_shard_01.sms_20250901
[2025-09-21 00:35:19.199] WARN  [MultiTableRepo.sms] Table does not exist: sms_shard_01.sms_20250902
[2025-09-21 00:35:19.200] WARN  [MultiTableRepo.sms] Table does not exist: sms_shard_01.sms_20250903
[2025-09-21 00:35:19.201] WARN  [MultiTableRepo.sms] Table does not exist: sms_shard_01.sms_20250904
[2025-09-21 00:35:19.202] WARN  [MultiTableRepo.sms] Table does not exist: sms_shard_01.sms_20250905
[2025-09-21 00:35:19.293] WARN  [MultiTableRepo.sms] Table does not exist: sms_shard_01.sms_20250821
[2025-09-21 00:35:19.294] WARN  [MultiTableRepo.sms] Table does not exist: sms_shard_01.sms_20250822
[2025-09-21 00:35:19.296] WARN  [MultiTableRepo.sms] Table does not exist: sms_shard_01.sms_20250823
[2025-09-21 00:35:19.297] WARN  [MultiTableRepo.sms] Table does not exist: sms_shard_01.sms_20250824
[2025-09-21 00:35:19.299] WARN  [MultiTableRepo.sms] Table does not exist: sms_shard_01.sms_20250825
[2025-09-21 00:35:19.301] WARN  [MultiTableRepo.sms] Table does not exist: sms_shard_01.sms_20250826
[2025-09-21 00:35:19.302] WARN  [MultiTableRepo.sms] Table does not exist: sms_shard_01.sms_20250827
[2025-09-21 00:35:19.303] WARN  [MultiTableRepo.sms] Table does not exist: sms_shard_01.sms_20250828
[2025-09-21 00:35:19.304] WARN  [MultiTableRepo.sms] Table does not exist: sms_shard_01.sms_20250829
[2025-09-21 00:35:19.305] WARN  [MultiTableRepo.sms] Table does not exist: sms_shard_01.sms_20250830
[2025-09-21 00:35:19.307] WARN  [MultiTableRepo.sms] Table does not exist: sms_shard_01.sms_20250831
[2025-09-21 00:35:19.308] WARN  [MultiTableRepo.sms] Table does not exist: sms_shard_01.sms_20250901
[2025-09-21 00:35:19.311] WARN  [MultiTableRepo.sms] Table does not exist: sms_shard_01.sms_20250902
[2025-09-21 00:35:19.313] WARN  [MultiTableRepo.sms] Table does not exist: sms_shard_01.sms_20250903
[2025-09-21 00:35:19.314] WARN  [MultiTableRepo.sms] Table does not exist: sms_shard_01.sms_20250904
[2025-09-21 00:35:19.315] WARN  [MultiTableRepo.sms] Table does not exist: sms_shard_01.sms_20250905
[2025-09-21 00:35:19.686] WARN  [MultiTableRepo.sms] Table does not exist: sms_shard_01.sms_20250820
[2025-09-21 00:35:19.687] WARN  [MultiTableRepo.sms] Table does not exist: sms_shard_01.sms_20250821
[2025-09-21 00:35:19.688] WARN  [MultiTableRepo.sms] Table does not exist: sms_shard_01.sms_20250822
[2025-09-21 00:35:19.689] WARN  [MultiTableRepo.sms] Table does not exist: sms_shard_01.sms_20250823
[2025-09-21 00:35:19.690] WARN  [MultiTableRepo.sms] Table does not exist: sms_shard_01.sms_20250824
[2025-09-21 00:35:19.691] WARN  [MultiTableRepo.sms] Table does not exist: sms_shard_01.sms_20250825
[2025-09-21 00:35:19.692] WARN  [MultiTableRepo.sms] Table does not exist: sms_shard_01.sms_20250826
[2025-09-21 00:35:19.694] WARN  [MultiTableRepo.sms] Table does not exist: sms_shard_01.sms_20250827
[2025-09-21 00:35:19.695] WARN  [MultiTableRepo.sms] Table does not exist: sms_shard_01.sms_20250828
[2025-09-21 00:35:19.696] WARN  [MultiTableRepo.sms] Table does not exist: sms_shard_01.sms_20250829
[2025-09-21 00:35:19.700] WARN  [MultiTableRepo.sms] Table does not exist: sms_shard_01.sms_20250830
[2025-09-21 00:35:19.701] WARN  [MultiTableRepo.sms] Table does not exist: sms_shard_01.sms_20250831
[2025-09-21 00:35:19.702] WARN  [MultiTableRepo.sms] Table does not exist: sms_shard_01.sms_20250901
[2025-09-21 00:35:19.703] WARN  [MultiTableRepo.sms] Table does not exist: sms_shard_01.sms_20250902
[2025-09-21 00:35:19.704] WARN  [MultiTableRepo.sms] Table does not exist: sms_shard_01.sms_20250903
[2025-09-21 00:35:19.705] WARN  [MultiTableRepo.sms] Table does not exist: sms_shard_01.sms_20250904
[2025-09-21 00:35:19.706] WARN  [MultiTableRepo.sms] Table does not exist: sms_shard_01.sms_20250905
[2025-09-21 00:35:19.918] WARN  [MultiTableRepo.sms] Table does not exist: sms_shard_01.sms_20250816
[2025-09-21 00:35:19.919] WARN  [MultiTableRepo.sms] Table does not exist: sms_shard_01.sms_20250817
[2025-09-21 00:35:19.920] WARN  [MultiTableRepo.sms] Table does not exist: sms_shard_01.sms_20250818
[2025-09-21 00:35:19.920] WARN  [MultiTableRepo.sms] Table does not exist: sms_shard_01.sms_20250819
[2025-09-21 00:35:19.921] WARN  [MultiTableRepo.sms] Table does not exist: sms_shard_01.sms_20250820
[2025-09-21 00:35:19.922] WARN  [MultiTableRepo.sms] Table does not exist: sms_shard_01.sms_20250821
[2025-09-21 00:35:19.923] WARN  [MultiTableRepo.sms] Table does not exist: sms_shard_01.sms_20250822
[2025-09-21 00:35:19.924] WARN  [MultiTableRepo.sms] Table does not exist: sms_shard_01.sms_20250823
[2025-09-21 00:35:19.925] WARN  [MultiTableRepo.sms] Table does not exist: sms_shard_01.sms_20250824
[2025-09-21 00:35:19.926] WARN  [MultiTableRepo.sms] Table does not exist: sms_shard_01.sms_20250825
[2025-09-21 00:35:19.927] WARN  [MultiTableRepo.sms] Table does not exist: sms_shard_01.sms_20250826
[2025-09-21 00:35:19.928] WARN  [MultiTableRepo.sms] Table does not exist: sms_shard_01.sms_20250827
[2025-09-21 00:35:19.929] WARN  [MultiTableRepo.sms] Table does not exist: sms_shard_01.sms_20250828
[2025-09-21 00:35:19.929] WARN  [MultiTableRepo.sms] Table does not exist: sms_shard_01.sms_20250829
[2025-09-21 00:35:19.930] WARN  [MultiTableRepo.sms] Table does not exist: sms_shard_01.sms_20250830
[2025-09-21 00:35:19.931] WARN  [MultiTableRepo.sms] Table does not exist: sms_shard_01.sms_20250831
[2025-09-21 00:35:19.932] WARN  [MultiTableRepo.sms] Table does not exist: sms_shard_01.sms_20250901
[2025-09-21 00:35:19.934] WARN  [MultiTableRepo.sms] Table does not exist: sms_shard_01.sms_20250902
[2025-09-21 00:35:19.935] WARN  [MultiTableRepo.sms] Table does not exist: sms_shard_01.sms_20250903
[2025-09-21 00:35:19.936] WARN  [MultiTableRepo.sms] Table does not exist: sms_shard_01.sms_20250904
[2025-09-21 00:35:19.937] WARN  [MultiTableRepo.sms] Table does not exist: sms_shard_01.sms_20250905
[2025-09-21 00:35:20.010] WARN  [MultiTableRepo.sms] Table does not exist: sms_shard_01.sms_20250818
[2025-09-21 00:35:20.013] WARN  [MultiTableRepo.sms] Table does not exist: sms_shard_01.sms_20250819
[2025-09-21 00:35:20.018] WARN  [MultiTableRepo.sms] Table does not exist: sms_shard_01.sms_20250820
[2025-09-21 00:35:20.020] WARN  [MultiTableRepo.sms] Table does not exist: sms_shard_01.sms_20250821
[2025-09-21 00:35:20.021] WARN  [MultiTableRepo.sms] Table does not exist: sms_shard_01.sms_20250822
[2025-09-21 00:35:20.023] WARN  [MultiTableRepo.sms] Table does not exist: sms_shard_01.sms_20250823
[2025-09-21 00:35:20.025] WARN  [MultiTableRepo.sms] Table does not exist: sms_shard_01.sms_20250824
[2025-09-21 00:35:20.026] WARN  [MultiTableRepo.sms] Table does not exist: sms_shard_01.sms_20250825
[2025-09-21 00:35:20.028] WARN  [MultiTableRepo.sms] Table does not exist: sms_shard_01.sms_20250826
[2025-09-21 00:35:20.029] WARN  [MultiTableRepo.sms] Table does not exist: sms_shard_01.sms_20250827
[2025-09-21 00:35:20.030] WARN  [MultiTableRepo.sms] Table does not exist: sms_shard_01.sms_20250828
[2025-09-21 00:35:20.037] WARN  [MultiTableRepo.sms] Table does not exist: sms_shard_01.sms_20250829
[2025-09-21 00:35:20.040] WARN  [MultiTableRepo.sms] Table does not exist: sms_shard_01.sms_20250830
[2025-09-21 00:35:20.043] WARN  [MultiTableRepo.sms] Table does not exist: sms_shard_01.sms_20250831
[2025-09-21 00:35:20.044] WARN  [MultiTableRepo.sms] Table does not exist: sms_shard_01.sms_20250901
[2025-09-21 00:35:20.045] WARN  [MultiTableRepo.sms] Table does not exist: sms_shard_01.sms_20250902
[2025-09-21 00:35:20.046] WARN  [MultiTableRepo.sms] Table does not exist: sms_shard_01.sms_20250903
[2025-09-21 00:35:20.048] WARN  [MultiTableRepo.sms] Table does not exist: sms_shard_01.sms_20250904
[2025-09-21 00:35:20.049] WARN  [MultiTableRepo.sms] Table does not exist: sms_shard_01.sms_20250905
[2025-09-21 00:35:20.175] WARN  [MultiTableRepo.sms] Table does not exist: sms_shard_01.sms_20250819
[2025-09-21 00:35:20.175] WARN  [MultiTableRepo.sms] Table does not exist: sms_shard_01.sms_20250820
[2025-09-21 00:35:20.176] WARN  [MultiTableRepo.sms] Table does not exist: sms_shard_01.sms_20250821
[2025-09-21 00:35:20.177] WARN  [MultiTableRepo.sms] Table does not exist: sms_shard_01.sms_20250822
[2025-09-21 00:35:20.178] WARN  [MultiTableRepo.sms] Table does not exist: sms_shard_01.sms_20250823
[2025-09-21 00:35:20.179] WARN  [MultiTableRepo.sms] Table does not exist: sms_shard_01.sms_20250824
[2025-09-21 00:35:20.180] WARN  [MultiTableRepo.sms] Table does not exist: sms_shard_01.sms_20250825
[2025-09-21 00:35:20.181] WARN  [MultiTableRepo.sms] Table does not exist: sms_shard_01.sms_20250826
[2025-09-21 00:35:20.182] WARN  [MultiTableRepo.sms] Table does not exist: sms_shard_01.sms_20250827
[2025-09-21 00:35:20.183] WARN  [MultiTableRepo.sms] Table does not exist: sms_shard_01.sms_20250828
[2025-09-21 00:35:20.184] WARN  [MultiTableRepo.sms] Table does not exist: sms_shard_01.sms_20250829
[2025-09-21 00:35:20.185] WARN  [MultiTableRepo.sms] Table does not exist: sms_shard_01.sms_20250830
[2025-09-21 00:35:20.186] WARN  [MultiTableRepo.sms] Table does not exist: sms_shard_01.sms_20250831
[2025-09-21 00:35:20.187] WARN  [MultiTableRepo.sms] Table does not exist: sms_shard_01.sms_20250901
[2025-09-21 00:35:20.188] WARN  [MultiTableRepo.sms] Table does not exist: sms_shard_01.sms_20250902
[2025-09-21 00:35:20.189] WARN  [MultiTableRepo.sms] Table does not exist: sms_shard_01.sms_20250903
[2025-09-21 00:35:20.189] WARN  [MultiTableRepo.sms] Table does not exist: sms_shard_01.sms_20250904
[2025-09-21 00:35:20.190] WARN  [MultiTableRepo.sms] Table does not exist: sms_shard_01.sms_20250905
[2025-09-21 00:35:20.282] WARN  [MultiTableRepo.sms] Table does not exist: sms_shard_01.sms_20250818
[2025-09-21 00:35:20.283] WARN  [MultiTableRepo.sms] Table does not exist: sms_shard_01.sms_20250819
[2025-09-21 00:35:20.284] WARN  [MultiTableRepo.sms] Table does not exist: sms_shard_01.sms_20250820
[2025-09-21 00:35:20.285] WARN  [MultiTableRepo.sms] Table does not exist: sms_shard_01.sms_20250821
[2025-09-21 00:35:20.286] WARN  [MultiTableRepo.sms] Table does not exist: sms_shard_01.sms_20250822
[2025-09-21 00:35:20.287] WARN  [MultiTableRepo.sms] Table does not exist: sms_shard_01.sms_20250823
[2025-09-21 00:35:20.288] WARN  [MultiTableRepo.sms] Table does not exist: sms_shard_01.sms_20250824
[2025-09-21 00:35:20.289] WARN  [MultiTableRepo.sms] Table does not exist: sms_shard_01.sms_20250825
[2025-09-21 00:35:20.289] WARN  [MultiTableRepo.sms] Table does not exist: sms_shard_01.sms_20250826
[2025-09-21 00:35:20.290] WARN  [MultiTableRepo.sms] Table does not exist: sms_shard_01.sms_20250827
[2025-09-21 00:35:20.291] WARN  [MultiTableRepo.sms] Table does not exist: sms_shard_01.sms_20250828
[2025-09-21 00:35:20.292] WARN  [MultiTableRepo.sms] Table does not exist: sms_shard_01.sms_20250829
[2025-09-21 00:35:20.293] WARN  [MultiTableRepo.sms] Table does not exist: sms_shard_01.sms_20250830
[2025-09-21 00:35:20.294] WARN  [MultiTableRepo.sms] Table does not exist: sms_shard_01.sms_20250831
[2025-09-21 00:35:20.295] WARN  [MultiTableRepo.sms] Table does not exist: sms_shard_01.sms_20250901
[2025-09-21 00:35:20.296] WARN  [MultiTableRepo.sms] Table does not exist: sms_shard_01.sms_20250902
[2025-09-21 00:35:20.297] WARN  [MultiTableRepo.sms] Table does not exist: sms_shard_01.sms_20250903
[2025-09-21 00:35:20.298] WARN  [MultiTableRepo.sms] Table does not exist: sms_shard_01.sms_20250904
[2025-09-21 00:35:20.299] WARN  [MultiTableRepo.sms] Table does not exist: sms_shard_01.sms_20250905
[2025-09-21 00:35:20.333] WARN  [MultiTableRepo.sms] Table does not exist: sms_shard_01.sms_20250817
[2025-09-21 00:35:20.334] WARN  [MultiTableRepo.sms] Table does not exist: sms_shard_01.sms_20250818
[2025-09-21 00:35:20.334] WARN  [MultiTableRepo.sms] Table does not exist: sms_shard_01.sms_20250819
[2025-09-21 00:35:20.335] WARN  [MultiTableRepo.sms] Table does not exist: sms_shard_01.sms_20250820
[2025-09-21 00:35:20.336] WARN  [MultiTableRepo.sms] Table does not exist: sms_shard_01.sms_20250821
[2025-09-21 00:35:20.337] WARN  [MultiTableRepo.sms] Table does not exist: sms_shard_01.sms_20250822
[2025-09-21 00:35:20.338] WARN  [MultiTableRepo.sms] Table does not exist: sms_shard_01.sms_20250823
[2025-09-21 00:35:20.338] WARN  [MultiTableRepo.sms] Table does not exist: sms_shard_01.sms_20250824
[2025-09-21 00:35:20.339] WARN  [MultiTableRepo.sms] Table does not exist: sms_shard_01.sms_20250825
[2025-09-21 00:35:20.340] WARN  [MultiTableRepo.sms] Table does not exist: sms_shard_01.sms_20250826
[2025-09-21 00:35:20.341] WARN  [MultiTableRepo.sms] Table does not exist: sms_shard_01.sms_20250827
[2025-09-21 00:35:20.341] WARN  [MultiTableRepo.sms] Table does not exist: sms_shard_01.sms_20250828
[2025-09-21 00:35:20.342] WARN  [MultiTableRepo.sms] Table does not exist: sms_shard_01.sms_20250829
[2025-09-21 00:35:20.343] WARN  [MultiTableRepo.sms] Table does not exist: sms_shard_01.sms_20250830
[2025-09-21 00:35:20.344] WARN  [MultiTableRepo.sms] Table does not exist: sms_shard_01.sms_20250831
[2025-09-21 00:35:20.344] WARN  [MultiTableRepo.sms] Table does not exist: sms_shard_01.sms_20250901
[2025-09-21 00:35:20.345] WARN  [MultiTableRepo.sms] Table does not exist: sms_shard_01.sms_20250902
[2025-09-21 00:35:20.346] WARN  [MultiTableRepo.sms] Table does not exist: sms_shard_01.sms_20250903
[2025-09-21 00:35:20.347] WARN  [MultiTableRepo.sms] Table does not exist: sms_shard_01.sms_20250904
[2025-09-21 00:35:20.348] WARN  [MultiTableRepo.sms] Table does not exist: sms_shard_01.sms_20250905
[2025-09-21 00:35:20.415] WARN  [MultiTableRepo.sms] Table does not exist: sms_shard_01.sms_20250821
[2025-09-21 00:35:20.415] WARN  [MultiTableRepo.sms] Table does not exist: sms_shard_01.sms_20250822
[2025-09-21 00:35:20.416] WARN  [MultiTableRepo.sms] Table does not exist: sms_shard_01.sms_20250823
[2025-09-21 00:35:20.417] WARN  [MultiTableRepo.sms] Table does not exist: sms_shard_01.sms_20250824
[2025-09-21 00:35:20.418] WARN  [MultiTableRepo.sms] Table does not exist: sms_shard_01.sms_20250825
[2025-09-21 00:35:20.419] WARN  [MultiTableRepo.sms] Table does not exist: sms_shard_01.sms_20250826
[2025-09-21 00:35:20.419] WARN  [MultiTableRepo.sms] Table does not exist: sms_shard_01.sms_20250827
[2025-09-21 00:35:20.420] WARN  [MultiTableRepo.sms] Table does not exist: sms_shard_01.sms_20250828
[2025-09-21 00:35:20.422] WARN  [MultiTableRepo.sms] Table does not exist: sms_shard_01.sms_20250829
[2025-09-21 00:35:20.423] WARN  [MultiTableRepo.sms] Table does not exist: sms_shard_01.sms_20250830
[2025-09-21 00:35:20.424] WARN  [MultiTableRepo.sms] Table does not exist: sms_shard_01.sms_20250831
[2025-09-21 00:35:20.424] WARN  [MultiTableRepo.sms] Table does not exist: sms_shard_01.sms_20250901
[2025-09-21 00:35:20.427] WARN  [MultiTableRepo.sms] Table does not exist: sms_shard_01.sms_20250902
[2025-09-21 00:35:20.429] WARN  [MultiTableRepo.sms] Table does not exist: sms_shard_01.sms_20250903
[2025-09-21 00:35:20.430] WARN  [MultiTableRepo.sms] Table does not exist: sms_shard_01.sms_20250904
[2025-09-21 00:35:20.431] WARN  [MultiTableRepo.sms] Table does not exist: sms_shard_01.sms_20250905
[2025-09-21 00:35:20.521] WARN  [MultiTableRepo.sms] Table does not exist: sms_shard_01.sms_20250820
[2025-09-21 00:35:20.522] WARN  [MultiTableRepo.sms] Table does not exist: sms_shard_01.sms_20250821
[2025-09-21 00:35:20.523] WARN  [MultiTableRepo.sms] Table does not exist: sms_shard_01.sms_20250822
[2025-09-21 00:35:20.524] WARN  [MultiTableRepo.sms] Table does not exist: sms_shard_01.sms_20250823
[2025-09-21 00:35:20.525] WARN  [MultiTableRepo.sms] Table does not exist: sms_shard_01.sms_20250824
[2025-09-21 00:35:20.526] WARN  [MultiTableRepo.sms] Table does not exist: sms_shard_01.sms_20250825
[2025-09-21 00:35:20.527] WARN  [MultiTableRepo.sms] Table does not exist: sms_shard_01.sms_20250826
[2025-09-21 00:35:20.528] WARN  [MultiTableRepo.sms] Table does not exist: sms_shard_01.sms_20250827
[2025-09-21 00:35:20.529] WARN  [MultiTableRepo.sms] Table does not exist: sms_shard_01.sms_20250828
[2025-09-21 00:35:20.530] WARN  [MultiTableRepo.sms] Table does not exist: sms_shard_01.sms_20250829
[2025-09-21 00:35:20.533] WARN  [MultiTableRepo.sms] Table does not exist: sms_shard_01.sms_20250830
[2025-09-21 00:35:20.534] WARN  [MultiTableRepo.sms] Table does not exist: sms_shard_01.sms_20250831
[2025-09-21 00:35:20.535] WARN  [MultiTableRepo.sms] Table does not exist: sms_shard_01.sms_20250901
[2025-09-21 00:35:20.536] WARN  [MultiTableRepo.sms] Table does not exist: sms_shard_01.sms_20250902
[2025-09-21 00:35:20.537] WARN  [MultiTableRepo.sms] Table does not exist: sms_shard_01.sms_20250903
[2025-09-21 00:35:20.538] WARN  [MultiTableRepo.sms] Table does not exist: sms_shard_01.sms_20250904
[2025-09-21 00:35:20.539] WARN  [MultiTableRepo.sms] Table does not exist: sms_shard_01.sms_20250905
[2025-09-21 00:35:20.631] WARN  [MultiTableRepo.sms] Table does not exist: sms_shard_01.sms_20250821
[2025-09-21 00:35:20.632] WARN  [MultiTableRepo.sms] Table does not exist: sms_shard_01.sms_20250822
[2025-09-21 00:35:20.633] WARN  [MultiTableRepo.sms] Table does not exist: sms_shard_01.sms_20250823
[2025-09-21 00:35:20.634] WARN  [MultiTableRepo.sms] Table does not exist: sms_shard_01.sms_20250824
[2025-09-21 00:35:20.635] WARN  [MultiTableRepo.sms] Table does not exist: sms_shard_01.sms_20250825
[2025-09-21 00:35:20.635] WARN  [MultiTableRepo.sms] Table does not exist: sms_shard_01.sms_20250826
[2025-09-21 00:35:20.636] WARN  [MultiTableRepo.sms] Table does not exist: sms_shard_01.sms_20250827
[2025-09-21 00:35:20.637] WARN  [MultiTableRepo.sms] Table does not exist: sms_shard_01.sms_20250828
[2025-09-21 00:35:20.638] WARN  [MultiTableRepo.sms] Table does not exist: sms_shard_01.sms_20250829
[2025-09-21 00:35:20.638] WARN  [MultiTableRepo.sms] Table does not exist: sms_shard_01.sms_20250830
[2025-09-21 00:35:20.639] WARN  [MultiTableRepo.sms] Table does not exist: sms_shard_01.sms_20250831
[2025-09-21 00:35:20.640] WARN  [MultiTableRepo.sms] Table does not exist: sms_shard_01.sms_20250901
[2025-09-21 00:35:20.641] WARN  [MultiTableRepo.sms] Table does not exist: sms_shard_01.sms_20250902
[2025-09-21 00:35:20.642] WARN  [MultiTableRepo.sms] Table does not exist: sms_shard_01.sms_20250903
[2025-09-21 00:35:20.642] WARN  [MultiTableRepo.sms] Table does not exist: sms_shard_01.sms_20250904
[2025-09-21 00:35:20.643] WARN  [MultiTableRepo.sms] Table does not exist: sms_shard_01.sms_20250905
[2025-09-21 00:35:20.680] WARN  [MultiTableRepo.sms] Table does not exist: sms_shard_01.sms_20250819
[2025-09-21 00:35:20.681] WARN  [MultiTableRepo.sms] Table does not exist: sms_shard_01.sms_20250820
[2025-09-21 00:35:20.682] WARN  [MultiTableRepo.sms] Table does not exist: sms_shard_01.sms_20250821
[2025-09-21 00:35:20.683] WARN  [MultiTableRepo.sms] Table does not exist: sms_shard_01.sms_20250822
[2025-09-21 00:35:20.684] WARN  [MultiTableRepo.sms] Table does not exist: sms_shard_01.sms_20250823
[2025-09-21 00:35:20.684] WARN  [MultiTableRepo.sms] Table does not exist: sms_shard_01.sms_20250824
[2025-09-21 00:35:20.685] WARN  [MultiTableRepo.sms] Table does not exist: sms_shard_01.sms_20250825
[2025-09-21 00:35:20.686] WARN  [MultiTableRepo.sms] Table does not exist: sms_shard_01.sms_20250826
[2025-09-21 00:35:20.687] WARN  [MultiTableRepo.sms] Table does not exist: sms_shard_01.sms_20250827
[2025-09-21 00:35:20.687] WARN  [MultiTableRepo.sms] Table does not exist: sms_shard_01.sms_20250828
[2025-09-21 00:35:20.688] WARN  [MultiTableRepo.sms] Table does not exist: sms_shard_01.sms_20250829
[2025-09-21 00:35:20.689] WARN  [MultiTableRepo.sms] Table does not exist: sms_shard_01.sms_20250830
[2025-09-21 00:35:20.690] WARN  [MultiTableRepo.sms] Table does not exist: sms_shard_01.sms_20250831
[2025-09-21 00:35:20.690] WARN  [MultiTableRepo.sms] Table does not exist: sms_shard_01.sms_20250901
[2025-09-21 00:35:20.691] WARN  [MultiTableRepo.sms] Table does not exist: sms_shard_01.sms_20250902
[2025-09-21 00:35:20.692] WARN  [MultiTableRepo.sms] Table does not exist: sms_shard_01.sms_20250903
[2025-09-21 00:35:20.692] WARN  [MultiTableRepo.sms] Table does not exist: sms_shard_01.sms_20250904
[2025-09-21 00:35:20.693] WARN  [MultiTableRepo.sms] Table does not exist: sms_shard_01.sms_20250905
[2025-09-21 00:35:20.724] WARN  [MultiTableRepo.sms] Table does not exist: sms_shard_01.sms_20250816
[2025-09-21 00:35:20.725] WARN  [MultiTableRepo.sms] Table does not exist: sms_shard_01.sms_20250817
[2025-09-21 00:35:20.725] WARN  [MultiTableRepo.sms] Table does not exist: sms_shard_01.sms_20250818
[2025-09-21 00:35:20.726] WARN  [MultiTableRepo.sms] Table does not exist: sms_shard_01.sms_20250819
[2025-09-21 00:35:20.727] WARN  [MultiTableRepo.sms] Table does not exist: sms_shard_01.sms_20250820
[2025-09-21 00:35:20.728] WARN  [MultiTableRepo.sms] Table does not exist: sms_shard_01.sms_20250821
[2025-09-21 00:35:20.729] WARN  [MultiTableRepo.sms] Table does not exist: sms_shard_01.sms_20250822
[2025-09-21 00:35:20.730] WARN  [MultiTableRepo.sms] Table does not exist: sms_shard_01.sms_20250823
[2025-09-21 00:35:20.730] WARN  [MultiTableRepo.sms] Table does not exist: sms_shard_01.sms_20250824
[2025-09-21 00:35:20.731] WARN  [MultiTableRepo.sms] Table does not exist: sms_shard_01.sms_20250825
[2025-09-21 00:35:20.732] WARN  [MultiTableRepo.sms] Table does not exist: sms_shard_01.sms_20250826
[2025-09-21 00:35:20.733] WARN  [MultiTableRepo.sms] Table does not exist: sms_shard_01.sms_20250827
[2025-09-21 00:35:20.733] WARN  [MultiTableRepo.sms] Table does not exist: sms_shard_01.sms_20250828
[2025-09-21 00:35:20.734] WARN  [MultiTableRepo.sms] Table does not exist: sms_shard_01.sms_20250829
[2025-09-21 00:35:20.735] WARN  [MultiTableRepo.sms] Table does not exist: sms_shard_01.sms_20250830
[2025-09-21 00:35:20.736] WARN  [MultiTableRepo.sms] Table does not exist: sms_shard_01.sms_20250831
[2025-09-21 00:35:20.737] WARN  [MultiTableRepo.sms] Table does not exist: sms_shard_01.sms_20250901
[2025-09-21 00:35:20.738] WARN  [MultiTableRepo.sms] Table does not exist: sms_shard_01.sms_20250902
[2025-09-21 00:35:20.738] WARN  [MultiTableRepo.sms] Table does not exist: sms_shard_01.sms_20250903
[2025-09-21 00:35:20.739] WARN  [MultiTableRepo.sms] Table does not exist: sms_shard_01.sms_20250904
[2025-09-21 00:35:20.740] WARN  [MultiTableRepo.sms] Table does not exist: sms_shard_01.sms_20250905
[2025-09-21 00:35:20.986] WARN  [MultiTableRepo.sms] Table does not exist: sms_shard_01.sms_20250817
[2025-09-21 00:35:20.987] WARN  [MultiTableRepo.sms] Table does not exist: sms_shard_01.sms_20250818
[2025-09-21 00:35:20.988] WARN  [MultiTableRepo.sms] Table does not exist: sms_shard_01.sms_20250819
[2025-09-21 00:35:20.989] WARN  [MultiTableRepo.sms] Table does not exist: sms_shard_01.sms_20250820
[2025-09-21 00:35:20.989] WARN  [MultiTableRepo.sms] Table does not exist: sms_shard_01.sms_20250821
[2025-09-21 00:35:20.990] WARN  [MultiTableRepo.sms] Table does not exist: sms_shard_01.sms_20250822
[2025-09-21 00:35:20.991] WARN  [MultiTableRepo.sms] Table does not exist: sms_shard_01.sms_20250823
[2025-09-21 00:35:20.992] WARN  [MultiTableRepo.sms] Table does not exist: sms_shard_01.sms_20250824
[2025-09-21 00:35:20.993] WARN  [MultiTableRepo.sms] Table does not exist: sms_shard_01.sms_20250825
[2025-09-21 00:35:20.994] WARN  [MultiTableRepo.sms] Table does not exist: sms_shard_01.sms_20250826
[2025-09-21 00:35:20.995] WARN  [MultiTableRepo.sms] Table does not exist: sms_shard_01.sms_20250827
[2025-09-21 00:35:20.996] WARN  [MultiTableRepo.sms] Table does not exist: sms_shard_01.sms_20250828
[2025-09-21 00:35:20.997] WARN  [MultiTableRepo.sms] Table does not exist: sms_shard_01.sms_20250829
[2025-09-21 00:35:20.998] WARN  [MultiTableRepo.sms] Table does not exist: sms_shard_01.sms_20250830
[2025-09-21 00:35:20.999] WARN  [MultiTableRepo.sms] Table does not exist: sms_shard_01.sms_20250831
[2025-09-21 00:35:21.000] WARN  [MultiTableRepo.sms] Table does not exist: sms_shard_01.sms_20250901
[2025-09-21 00:35:21.001] WARN  [MultiTableRepo.sms] Table does not exist: sms_shard_01.sms_20250902
[2025-09-21 00:35:21.001] WARN  [MultiTableRepo.sms] Table does not exist: sms_shard_01.sms_20250903
[2025-09-21 00:35:21.002] WARN  [MultiTableRepo.sms] Table does not exist: sms_shard_01.sms_20250904
[2025-09-21 00:35:21.003] WARN  [MultiTableRepo.sms] Table does not exist: sms_shard_01.sms_20250905
[2025-09-21 00:35:21.029] WARN  [MultiTableRepo.sms] Table does not exist: sms_shard_01.sms_20250816
[2025-09-21 00:35:21.030] WARN  [MultiTableRepo.sms] Table does not exist: sms_shard_01.sms_20250817
[2025-09-21 00:35:21.031] WARN  [MultiTableRepo.sms] Table does not exist: sms_shard_01.sms_20250818
[2025-09-21 00:35:21.032] WARN  [MultiTableRepo.sms] Table does not exist: sms_shard_01.sms_20250819
[2025-09-21 00:35:21.032] WARN  [MultiTableRepo.sms] Table does not exist: sms_shard_01.sms_20250820
[2025-09-21 00:35:21.033] WARN  [MultiTableRepo.sms] Table does not exist: sms_shard_01.sms_20250821
[2025-09-21 00:35:21.034] WARN  [MultiTableRepo.sms] Table does not exist: sms_shard_01.sms_20250822
[2025-09-21 00:35:21.035] WARN  [MultiTableRepo.sms] Table does not exist: sms_shard_01.sms_20250823
[2025-09-21 00:35:21.036] WARN  [MultiTableRepo.sms] Table does not exist: sms_shard_01.sms_20250824
[2025-09-21 00:35:21.037] WARN  [MultiTableRepo.sms] Table does not exist: sms_shard_01.sms_20250825
[2025-09-21 00:35:21.037] WARN  [MultiTableRepo.sms] Table does not exist: sms_shard_01.sms_20250826
[2025-09-21 00:35:21.038] WARN  [MultiTableRepo.sms] Table does not exist: sms_shard_01.sms_20250827
[2025-09-21 00:35:21.039] WARN  [MultiTableRepo.sms] Table does not exist: sms_shard_01.sms_20250828
[2025-09-21 00:35:21.040] WARN  [MultiTableRepo.sms] Table does not exist: sms_shard_01.sms_20250829
[2025-09-21 00:35:21.041] WARN  [MultiTableRepo.sms] Table does not exist: sms_shard_01.sms_20250830
[2025-09-21 00:35:21.042] WARN  [MultiTableRepo.sms] Table does not exist: sms_shard_01.sms_20250831
[2025-09-21 00:35:21.043] WARN  [MultiTableRepo.sms] Table does not exist: sms_shard_01.sms_20250901
[2025-09-21 00:35:21.043] WARN  [MultiTableRepo.sms] Table does not exist: sms_shard_01.sms_20250902
[2025-09-21 00:35:21.044] WARN  [MultiTableRepo.sms] Table does not exist: sms_shard_01.sms_20250903
[2025-09-21 00:35:21.045] WARN  [MultiTableRepo.sms] Table does not exist: sms_shard_01.sms_20250904
[2025-09-21 00:35:21.046] WARN  [MultiTableRepo.sms] Table does not exist: sms_shard_01.sms_20250905
[2025-09-21 00:35:21.165] WARN  [MultiTableRepo.sms] Table does not exist: sms_shard_01.sms_20250816
[2025-09-21 00:35:21.166] WARN  [MultiTableRepo.sms] Table does not exist: sms_shard_01.sms_20250817
[2025-09-21 00:35:21.167] WARN  [MultiTableRepo.sms] Table does not exist: sms_shard_01.sms_20250818
[2025-09-21 00:35:21.168] WARN  [MultiTableRepo.sms] Table does not exist: sms_shard_01.sms_20250819
[2025-09-21 00:35:21.169] WARN  [MultiTableRepo.sms] Table does not exist: sms_shard_01.sms_20250820
[2025-09-21 00:35:21.169] WARN  [MultiTableRepo.sms] Table does not exist: sms_shard_01.sms_20250821
[2025-09-21 00:35:21.170] WARN  [MultiTableRepo.sms] Table does not exist: sms_shard_01.sms_20250822
[2025-09-21 00:35:21.171] WARN  [MultiTableRepo.sms] Table does not exist: sms_shard_01.sms_20250823
[2025-09-21 00:35:21.172] WARN  [MultiTableRepo.sms] Table does not exist: sms_shard_01.sms_20250824
[2025-09-21 00:35:21.173] WARN  [MultiTableRepo.sms] Table does not exist: sms_shard_01.sms_20250825
[2025-09-21 00:35:21.173] WARN  [MultiTableRepo.sms] Table does not exist: sms_shard_01.sms_20250826
[2025-09-21 00:35:21.174] WARN  [MultiTableRepo.sms] Table does not exist: sms_shard_01.sms_20250827
[2025-09-21 00:35:21.175] WARN  [MultiTableRepo.sms] Table does not exist: sms_shard_01.sms_20250828
[2025-09-21 00:35:21.176] WARN  [MultiTableRepo.sms] Table does not exist: sms_shard_01.sms_20250829
[2025-09-21 00:35:21.177] WARN  [MultiTableRepo.sms] Table does not exist: sms_shard_01.sms_20250830
[2025-09-21 00:35:21.177] WARN  [MultiTableRepo.sms] Table does not exist: sms_shard_01.sms_20250831
[2025-09-21 00:35:21.178] WARN  [MultiTableRepo.sms] Table does not exist: sms_shard_01.sms_20250901
[2025-09-21 00:35:21.179] WARN  [MultiTableRepo.sms] Table does not exist: sms_shard_01.sms_20250902
[2025-09-21 00:35:21.180] WARN  [MultiTableRepo.sms] Table does not exist: sms_shard_01.sms_20250903
[2025-09-21 00:35:21.180] WARN  [MultiTableRepo.sms] Table does not exist: sms_shard_01.sms_20250904
[2025-09-21 00:35:21.181] WARN  [MultiTableRepo.sms] Table does not exist: sms_shard_01.sms_20250905
[2025-09-21 00:35:21.235] WARN  [MultiTableRepo.sms] Table does not exist: sms_shard_01.sms_20250815
[2025-09-21 00:35:21.236] WARN  [MultiTableRepo.sms] Table does not exist: sms_shard_01.sms_20250816
[2025-09-21 00:35:21.237] WARN  [MultiTableRepo.sms] Table does not exist: sms_shard_01.sms_20250817
[2025-09-21 00:35:21.238] WARN  [MultiTableRepo.sms] Table does not exist: sms_shard_01.sms_20250818
[2025-09-21 00:35:21.239] WARN  [MultiTableRepo.sms] Table does not exist: sms_shard_01.sms_20250819
[2025-09-21 00:35:21.239] WARN  [MultiTableRepo.sms] Table does not exist: sms_shard_01.sms_20250820
[2025-09-21 00:35:21.240] WARN  [MultiTableRepo.sms] Table does not exist: sms_shard_01.sms_20250821
[2025-09-21 00:35:21.241] WARN  [MultiTableRepo.sms] Table does not exist: sms_shard_01.sms_20250822
[2025-09-21 00:35:21.241] WARN  [MultiTableRepo.sms] Table does not exist: sms_shard_01.sms_20250823
[2025-09-21 00:35:21.242] WARN  [MultiTableRepo.sms] Table does not exist: sms_shard_01.sms_20250824
[2025-09-21 00:35:21.243] WARN  [MultiTableRepo.sms] Table does not exist: sms_shard_01.sms_20250825
[2025-09-21 00:35:21.244] WARN  [MultiTableRepo.sms] Table does not exist: sms_shard_01.sms_20250826
[2025-09-21 00:35:21.244] WARN  [MultiTableRepo.sms] Table does not exist: sms_shard_01.sms_20250827
[2025-09-21 00:35:21.245] WARN  [MultiTableRepo.sms] Table does not exist: sms_shard_01.sms_20250828
[2025-09-21 00:35:21.246] WARN  [MultiTableRepo.sms] Table does not exist: sms_shard_01.sms_20250829
[2025-09-21 00:35:21.247] WARN  [MultiTableRepo.sms] Table does not exist: sms_shard_01.sms_20250830
[2025-09-21 00:35:21.248] WARN  [MultiTableRepo.sms] Table does not exist: sms_shard_01.sms_20250831
[2025-09-21 00:35:21.249] WARN  [MultiTableRepo.sms] Table does not exist: sms_shard_01.sms_20250901
[2025-09-21 00:35:21.250] WARN  [MultiTableRepo.sms] Table does not exist: sms_shard_01.sms_20250902
[2025-09-21 00:35:21.250] WARN  [MultiTableRepo.sms] Table does not exist: sms_shard_01.sms_20250903
[2025-09-21 00:35:21.251] WARN  [MultiTableRepo.sms] Table does not exist: sms_shard_01.sms_20250904
[2025-09-21 00:35:21.254] WARN  [MultiTableRepo.sms] Table does not exist: sms_shard_01.sms_20250905
[2025-09-21 00:35:21.307] WARN  [MultiTableRepo.sms] Table does not exist: sms_shard_01.sms_20250819
[2025-09-21 00:35:21.309] WARN  [MultiTableRepo.sms] Table does not exist: sms_shard_01.sms_20250820
[2025-09-21 00:35:21.310] WARN  [MultiTableRepo.sms] Table does not exist: sms_shard_01.sms_20250821
[2025-09-21 00:35:21.312] WARN  [MultiTableRepo.sms] Table does not exist: sms_shard_01.sms_20250822
[2025-09-21 00:35:21.313] WARN  [MultiTableRepo.sms] Table does not exist: sms_shard_01.sms_20250823
[2025-09-21 00:35:21.315] WARN  [MultiTableRepo.sms] Table does not exist: sms_shard_01.sms_20250824
[2025-09-21 00:35:21.316] WARN  [MultiTableRepo.sms] Table does not exist: sms_shard_01.sms_20250825
[2025-09-21 00:35:21.317] WARN  [MultiTableRepo.sms] Table does not exist: sms_shard_01.sms_20250826
[2025-09-21 00:35:21.319] WARN  [MultiTableRepo.sms] Table does not exist: sms_shard_01.sms_20250827
[2025-09-21 00:35:21.320] WARN  [MultiTableRepo.sms] Table does not exist: sms_shard_01.sms_20250828
[2025-09-21 00:35:21.323] WARN  [MultiTableRepo.sms] Table does not exist: sms_shard_01.sms_20250829
[2025-09-21 00:35:21.324] WARN  [MultiTableRepo.sms] Table does not exist: sms_shard_01.sms_20250830
[2025-09-21 00:35:21.326] WARN  [MultiTableRepo.sms] Table does not exist: sms_shard_01.sms_20250831
[2025-09-21 00:35:21.328] WARN  [MultiTableRepo.sms] Table does not exist: sms_shard_01.sms_20250901
[2025-09-21 00:35:21.330] WARN  [MultiTableRepo.sms] Table does not exist: sms_shard_01.sms_20250902
[2025-09-21 00:35:21.332] WARN  [MultiTableRepo.sms] Table does not exist: sms_shard_01.sms_20250903
[2025-09-21 00:35:21.333] WARN  [MultiTableRepo.sms] Table does not exist: sms_shard_01.sms_20250904
[2025-09-21 00:35:21.335] WARN  [MultiTableRepo.sms] Table does not exist: sms_shard_01.sms_20250905
[2025-09-21 00:35:21.364] WARN  [MultiTableRepo.sms] Table does not exist: sms_shard_01.sms_20250817
[2025-09-21 00:35:21.365] WARN  [MultiTableRepo.sms] Table does not exist: sms_shard_01.sms_20250818
[2025-09-21 00:35:21.365] WARN  [MultiTableRepo.sms] Table does not exist: sms_shard_01.sms_20250819
[2025-09-21 00:35:21.366] WARN  [MultiTableRepo.sms] Table does not exist: sms_shard_01.sms_20250820
[2025-09-21 00:35:21.367] WARN  [MultiTableRepo.sms] Table does not exist: sms_shard_01.sms_20250821
[2025-09-21 00:35:21.368] WARN  [MultiTableRepo.sms] Table does not exist: sms_shard_01.sms_20250822
[2025-09-21 00:35:21.368] WARN  [MultiTableRepo.sms] Table does not exist: sms_shard_01.sms_20250823
[2025-09-21 00:35:21.369] WARN  [MultiTableRepo.sms] Table does not exist: sms_shard_01.sms_20250824
[2025-09-21 00:35:21.370] WARN  [MultiTableRepo.sms] Table does not exist: sms_shard_01.sms_20250825
[2025-09-21 00:35:21.371] WARN  [MultiTableRepo.sms] Table does not exist: sms_shard_01.sms_20250826
[2025-09-21 00:35:21.372] WARN  [MultiTableRepo.sms] Table does not exist: sms_shard_01.sms_20250827
[2025-09-21 00:35:21.373] WARN  [MultiTableRepo.sms] Table does not exist: sms_shard_01.sms_20250828
[2025-09-21 00:35:21.374] WARN  [MultiTableRepo.sms] Table does not exist: sms_shard_01.sms_20250829
[2025-09-21 00:35:21.375] WARN  [MultiTableRepo.sms] Table does not exist: sms_shard_01.sms_20250830
[2025-09-21 00:35:21.376] WARN  [MultiTableRepo.sms] Table does not exist: sms_shard_01.sms_20250831
[2025-09-21 00:35:21.377] WARN  [MultiTableRepo.sms] Table does not exist: sms_shard_01.sms_20250901
[2025-09-21 00:35:21.377] WARN  [MultiTableRepo.sms] Table does not exist: sms_shard_01.sms_20250902
[2025-09-21 00:35:21.378] WARN  [MultiTableRepo.sms] Table does not exist: sms_shard_01.sms_20250903
[2025-09-21 00:35:21.379] WARN  [MultiTableRepo.sms] Table does not exist: sms_shard_01.sms_20250904
[2025-09-21 00:35:21.380] WARN  [MultiTableRepo.sms] Table does not exist: sms_shard_01.sms_20250905
[2025-09-21 00:35:21.463] WARN  [MultiTableRepo.sms] Table does not exist: sms_shard_01.sms_20250818
[2025-09-21 00:35:21.464] WARN  [MultiTableRepo.sms] Table does not exist: sms_shard_01.sms_20250819
[2025-09-21 00:35:21.464] WARN  [MultiTableRepo.sms] Table does not exist: sms_shard_01.sms_20250820
[2025-09-21 00:35:21.465] WARN  [MultiTableRepo.sms] Table does not exist: sms_shard_01.sms_20250821
[2025-09-21 00:35:21.466] WARN  [MultiTableRepo.sms] Table does not exist: sms_shard_01.sms_20250822
[2025-09-21 00:35:21.467] WARN  [MultiTableRepo.sms] Table does not exist: sms_shard_01.sms_20250823
[2025-09-21 00:35:21.467] WARN  [MultiTableRepo.sms] Table does not exist: sms_shard_01.sms_20250824
[2025-09-21 00:35:21.468] WARN  [MultiTableRepo.sms] Table does not exist: sms_shard_01.sms_20250825
[2025-09-21 00:35:21.470] WARN  [MultiTableRepo.sms] Table does not exist: sms_shard_01.sms_20250826
[2025-09-21 00:35:21.471] WARN  [MultiTableRepo.sms] Table does not exist: sms_shard_01.sms_20250827
[2025-09-21 00:35:21.472] WARN  [MultiTableRepo.sms] Table does not exist: sms_shard_01.sms_20250828
[2025-09-21 00:35:21.473] WARN  [MultiTableRepo.sms] Table does not exist: sms_shard_01.sms_20250829
[2025-09-21 00:35:21.474] WARN  [MultiTableRepo.sms] Table does not exist: sms_shard_01.sms_20250830
[2025-09-21 00:35:21.475] WARN  [MultiTableRepo.sms] Table does not exist: sms_shard_01.sms_20250831
[2025-09-21 00:35:21.475] WARN  [MultiTableRepo.sms] Table does not exist: sms_shard_01.sms_20250901
[2025-09-21 00:35:21.476] WARN  [MultiTableRepo.sms] Table does not exist: sms_shard_01.sms_20250902
[2025-09-21 00:35:21.477] WARN  [MultiTableRepo.sms] Table does not exist: sms_shard_01.sms_20250903
[2025-09-21 00:35:21.478] WARN  [MultiTableRepo.sms] Table does not exist: sms_shard_01.sms_20250904
[2025-09-21 00:35:21.479] WARN  [MultiTableRepo.sms] Table does not exist: sms_shard_01.sms_20250905
[2025-09-21 00:35:21.503] WARN  [MultiTableRepo.sms] Table does not exist: sms_shard_01.sms_20250817
[2025-09-21 00:35:21.504] WARN  [MultiTableRepo.sms] Table does not exist: sms_shard_01.sms_20250818
[2025-09-21 00:35:21.505] WARN  [MultiTableRepo.sms] Table does not exist: sms_shard_01.sms_20250819
[2025-09-21 00:35:21.505] WARN  [MultiTableRepo.sms] Table does not exist: sms_shard_01.sms_20250820
[2025-09-21 00:35:21.506] WARN  [MultiTableRepo.sms] Table does not exist: sms_shard_01.sms_20250821
[2025-09-21 00:35:21.507] WARN  [MultiTableRepo.sms] Table does not exist: sms_shard_01.sms_20250822
[2025-09-21 00:35:21.508] WARN  [MultiTableRepo.sms] Table does not exist: sms_shard_01.sms_20250823
[2025-09-21 00:35:21.509] WARN  [MultiTableRepo.sms] Table does not exist: sms_shard_01.sms_20250824
[2025-09-21 00:35:21.510] WARN  [MultiTableRepo.sms] Table does not exist: sms_shard_01.sms_20250825
[2025-09-21 00:35:21.511] WARN  [MultiTableRepo.sms] Table does not exist: sms_shard_01.sms_20250826
[2025-09-21 00:35:21.512] WARN  [MultiTableRepo.sms] Table does not exist: sms_shard_01.sms_20250827
[2025-09-21 00:35:21.513] WARN  [MultiTableRepo.sms] Table does not exist: sms_shard_01.sms_20250828
[2025-09-21 00:35:21.514] WARN  [MultiTableRepo.sms] Table does not exist: sms_shard_01.sms_20250829
[2025-09-21 00:35:21.515] WARN  [MultiTableRepo.sms] Table does not exist: sms_shard_01.sms_20250830
[2025-09-21 00:35:21.517] WARN  [MultiTableRepo.sms] Table does not exist: sms_shard_01.sms_20250831
[2025-09-21 00:35:21.520] WARN  [MultiTableRepo.sms] Table does not exist: sms_shard_01.sms_20250901
[2025-09-21 00:35:21.525] WARN  [MultiTableRepo.sms] Table does not exist: sms_shard_01.sms_20250902
[2025-09-21 00:35:21.529] WARN  [MultiTableRepo.sms] Table does not exist: sms_shard_01.sms_20250903
[2025-09-21 00:35:21.538] WARN  [MultiTableRepo.sms] Table does not exist: sms_shard_01.sms_20250904
[2025-09-21 00:35:21.542] WARN  [MultiTableRepo.sms] Table does not exist: sms_shard_01.sms_20250905
[2025-09-21 00:35:21.691] WARN  [MultiTableRepo.sms] Table does not exist: sms_shard_01.sms_20250817
[2025-09-21 00:35:21.691] WARN  [MultiTableRepo.sms] Table does not exist: sms_shard_01.sms_20250818
[2025-09-21 00:35:21.692] WARN  [MultiTableRepo.sms] Table does not exist: sms_shard_01.sms_20250819
[2025-09-21 00:35:21.693] WARN  [MultiTableRepo.sms] Table does not exist: sms_shard_01.sms_20250820
[2025-09-21 00:35:21.694] WARN  [MultiTableRepo.sms] Table does not exist: sms_shard_01.sms_20250821
[2025-09-21 00:35:21.695] WARN  [MultiTableRepo.sms] Table does not exist: sms_shard_01.sms_20250822
[2025-09-21 00:35:21.696] WARN  [MultiTableRepo.sms] Table does not exist: sms_shard_01.sms_20250823
[2025-09-21 00:35:21.697] WARN  [MultiTableRepo.sms] Table does not exist: sms_shard_01.sms_20250824
[2025-09-21 00:35:21.698] WARN  [MultiTableRepo.sms] Table does not exist: sms_shard_01.sms_20250825
[2025-09-21 00:35:21.698] WARN  [MultiTableRepo.sms] Table does not exist: sms_shard_01.sms_20250826
[2025-09-21 00:35:21.699] WARN  [MultiTableRepo.sms] Table does not exist: sms_shard_01.sms_20250827
[2025-09-21 00:35:21.700] WARN  [MultiTableRepo.sms] Table does not exist: sms_shard_01.sms_20250828
[2025-09-21 00:35:21.701] WARN  [MultiTableRepo.sms] Table does not exist: sms_shard_01.sms_20250829
[2025-09-21 00:35:21.704] WARN  [MultiTableRepo.sms] Table does not exist: sms_shard_01.sms_20250830
[2025-09-21 00:35:21.705] WARN  [MultiTableRepo.sms] Table does not exist: sms_shard_01.sms_20250831
[2025-09-21 00:35:21.706] WARN  [MultiTableRepo.sms] Table does not exist: sms_shard_01.sms_20250901
[2025-09-21 00:35:21.707] WARN  [MultiTableRepo.sms] Table does not exist: sms_shard_01.sms_20250902
[2025-09-21 00:35:21.708] WARN  [MultiTableRepo.sms] Table does not exist: sms_shard_01.sms_20250903
[2025-09-21 00:35:21.712] WARN  [MultiTableRepo.sms] Table does not exist: sms_shard_01.sms_20250904
[2025-09-21 00:35:21.713] WARN  [MultiTableRepo.sms] Table does not exist: sms_shard_01.sms_20250905
[2025-09-21 00:35:21.739] WARN  [MultiTableRepo.sms] Table does not exist: sms_shard_01.sms_20250821
[2025-09-21 00:35:21.739] WARN  [MultiTableRepo.sms] Table does not exist: sms_shard_01.sms_20250822
[2025-09-21 00:35:21.740] WARN  [MultiTableRepo.sms] Table does not exist: sms_shard_01.sms_20250823
[2025-09-21 00:35:21.741] WARN  [MultiTableRepo.sms] Table does not exist: sms_shard_01.sms_20250824
[2025-09-21 00:35:21.742] WARN  [MultiTableRepo.sms] Table does not exist: sms_shard_01.sms_20250825
[2025-09-21 00:35:21.743] WARN  [MultiTableRepo.sms] Table does not exist: sms_shard_01.sms_20250826
[2025-09-21 00:35:21.743] WARN  [MultiTableRepo.sms] Table does not exist: sms_shard_01.sms_20250827
[2025-09-21 00:35:21.744] WARN  [MultiTableRepo.sms] Table does not exist: sms_shard_01.sms_20250828
[2025-09-21 00:35:21.745] WARN  [MultiTableRepo.sms] Table does not exist: sms_shard_01.sms_20250829
[2025-09-21 00:35:21.746] WARN  [MultiTableRepo.sms] Table does not exist: sms_shard_01.sms_20250830
[2025-09-21 00:35:21.747] WARN  [MultiTableRepo.sms] Table does not exist: sms_shard_01.sms_20250831
[2025-09-21 00:35:21.748] WARN  [MultiTableRepo.sms] Table does not exist: sms_shard_01.sms_20250901
[2025-09-21 00:35:21.748] WARN  [MultiTableRepo.sms] Table does not exist: sms_shard_01.sms_20250902
[2025-09-21 00:35:21.749] WARN  [MultiTableRepo.sms] Table does not exist: sms_shard_01.sms_20250903
[2025-09-21 00:35:21.750] WARN  [MultiTableRepo.sms] Table does not exist: sms_shard_01.sms_20250904
[2025-09-21 00:35:21.751] WARN  [MultiTableRepo.sms] Table does not exist: sms_shard_01.sms_20250905
[2025-09-21 00:35:21.878] WARN  [MultiTableRepo.sms] Table does not exist: sms_shard_01.sms_20250820
[2025-09-21 00:35:21.879] WARN  [MultiTableRepo.sms] Table does not exist: sms_shard_01.sms_20250821
[2025-09-21 00:35:21.880] WARN  [MultiTableRepo.sms] Table does not exist: sms_shard_01.sms_20250822
[2025-09-21 00:35:21.881] WARN  [MultiTableRepo.sms] Table does not exist: sms_shard_01.sms_20250823
[2025-09-21 00:35:21.882] WARN  [MultiTableRepo.sms] Table does not exist: sms_shard_01.sms_20250824
[2025-09-21 00:35:21.883] WARN  [MultiTableRepo.sms] Table does not exist: sms_shard_01.sms_20250825
[2025-09-21 00:35:21.883] WARN  [MultiTableRepo.sms] Table does not exist: sms_shard_01.sms_20250826
[2025-09-21 00:35:21.884] WARN  [MultiTableRepo.sms] Table does not exist: sms_shard_01.sms_20250827
[2025-09-21 00:35:21.885] WARN  [MultiTableRepo.sms] Table does not exist: sms_shard_01.sms_20250828
[2025-09-21 00:35:21.886] WARN  [MultiTableRepo.sms] Table does not exist: sms_shard_01.sms_20250829
[2025-09-21 00:35:21.886] WARN  [MultiTableRepo.sms] Table does not exist: sms_shard_01.sms_20250830
[2025-09-21 00:35:21.887] WARN  [MultiTableRepo.sms] Table does not exist: sms_shard_01.sms_20250831
[2025-09-21 00:35:21.888] WARN  [MultiTableRepo.sms] Table does not exist: sms_shard_01.sms_20250901
[2025-09-21 00:35:21.889] WARN  [MultiTableRepo.sms] Table does not exist: sms_shard_01.sms_20250902
[2025-09-21 00:35:21.889] WARN  [MultiTableRepo.sms] Table does not exist: sms_shard_01.sms_20250903
[2025-09-21 00:35:21.890] WARN  [MultiTableRepo.sms] Table does not exist: sms_shard_01.sms_20250904
[2025-09-21 00:35:21.891] WARN  [MultiTableRepo.sms] Table does not exist: sms_shard_01.sms_20250905
[2025-09-21 00:35:22.027] WARN  [MultiTableRepo.sms] Table does not exist: sms_shard_01.sms_20250816
[2025-09-21 00:35:22.028] WARN  [MultiTableRepo.sms] Table does not exist: sms_shard_01.sms_20250817
[2025-09-21 00:35:22.029] WARN  [MultiTableRepo.sms] Table does not exist: sms_shard_01.sms_20250818
[2025-09-21 00:35:22.030] WARN  [MultiTableRepo.sms] Table does not exist: sms_shard_01.sms_20250819
[2025-09-21 00:35:22.031] WARN  [MultiTableRepo.sms] Table does not exist: sms_shard_01.sms_20250820
[2025-09-21 00:35:22.032] WARN  [MultiTableRepo.sms] Table does not exist: sms_shard_01.sms_20250821
[2025-09-21 00:35:22.033] WARN  [MultiTableRepo.sms] Table does not exist: sms_shard_01.sms_20250822
[2025-09-21 00:35:22.034] WARN  [MultiTableRepo.sms] Table does not exist: sms_shard_01.sms_20250823
[2025-09-21 00:35:22.035] WARN  [MultiTableRepo.sms] Table does not exist: sms_shard_01.sms_20250824
[2025-09-21 00:35:22.035] WARN  [MultiTableRepo.sms] Table does not exist: sms_shard_01.sms_20250825
[2025-09-21 00:35:22.036] WARN  [MultiTableRepo.sms] Table does not exist: sms_shard_01.sms_20250826
[2025-09-21 00:35:22.037] WARN  [MultiTableRepo.sms] Table does not exist: sms_shard_01.sms_20250827
[2025-09-21 00:35:22.038] WARN  [MultiTableRepo.sms] Table does not exist: sms_shard_01.sms_20250828
[2025-09-21 00:35:22.039] WARN  [MultiTableRepo.sms] Table does not exist: sms_shard_01.sms_20250829
[2025-09-21 00:35:22.040] WARN  [MultiTableRepo.sms] Table does not exist: sms_shard_01.sms_20250830
[2025-09-21 00:35:22.041] WARN  [MultiTableRepo.sms] Table does not exist: sms_shard_01.sms_20250831
[2025-09-21 00:35:22.042] WARN  [MultiTableRepo.sms] Table does not exist: sms_shard_01.sms_20250901
[2025-09-21 00:35:22.043] WARN  [MultiTableRepo.sms] Table does not exist: sms_shard_01.sms_20250902
[2025-09-21 00:35:22.044] WARN  [MultiTableRepo.sms] Table does not exist: sms_shard_01.sms_20250903
[2025-09-21 00:35:22.045] WARN  [MultiTableRepo.sms] Table does not exist: sms_shard_01.sms_20250904
[2025-09-21 00:35:22.045] WARN  [MultiTableRepo.sms] Table does not exist: sms_shard_01.sms_20250905
[2025-09-21 00:35:22.158] WARN  [MultiTableRepo.sms] Table does not exist: sms_shard_01.sms_20250818
[2025-09-21 00:35:22.159] WARN  [MultiTableRepo.sms] Table does not exist: sms_shard_01.sms_20250819
[2025-09-21 00:35:22.159] WARN  [MultiTableRepo.sms] Table does not exist: sms_shard_01.sms_20250820
[2025-09-21 00:35:22.160] WARN  [MultiTableRepo.sms] Table does not exist: sms_shard_01.sms_20250821
[2025-09-21 00:35:22.161] WARN  [MultiTableRepo.sms] Table does not exist: sms_shard_01.sms_20250822
[2025-09-21 00:35:22.162] WARN  [MultiTableRepo.sms] Table does not exist: sms_shard_01.sms_20250823
[2025-09-21 00:35:22.163] WARN  [MultiTableRepo.sms] Table does not exist: sms_shard_01.sms_20250824
[2025-09-21 00:35:22.164] WARN  [MultiTableRepo.sms] Table does not exist: sms_shard_01.sms_20250825
[2025-09-21 00:35:22.164] WARN  [MultiTableRepo.sms] Table does not exist: sms_shard_01.sms_20250826
[2025-09-21 00:35:22.165] WARN  [MultiTableRepo.sms] Table does not exist: sms_shard_01.sms_20250827
[2025-09-21 00:35:22.166] WARN  [MultiTableRepo.sms] Table does not exist: sms_shard_01.sms_20250828
[2025-09-21 00:35:22.167] WARN  [MultiTableRepo.sms] Table does not exist: sms_shard_01.sms_20250829
[2025-09-21 00:35:22.168] WARN  [MultiTableRepo.sms] Table does not exist: sms_shard_01.sms_20250830
[2025-09-21 00:35:22.169] WARN  [MultiTableRepo.sms] Table does not exist: sms_shard_01.sms_20250831
[2025-09-21 00:35:22.170] WARN  [MultiTableRepo.sms] Table does not exist: sms_shard_01.sms_20250901
[2025-09-21 00:35:22.170] WARN  [MultiTableRepo.sms] Table does not exist: sms_shard_01.sms_20250902
[2025-09-21 00:35:22.171] WARN  [MultiTableRepo.sms] Table does not exist: sms_shard_01.sms_20250903
[2025-09-21 00:35:22.172] WARN  [MultiTableRepo.sms] Table does not exist: sms_shard_01.sms_20250904
[2025-09-21 00:35:22.173] WARN  [MultiTableRepo.sms] Table does not exist: sms_shard_01.sms_20250905
[2025-09-21 00:35:22.241] WARN  [MultiTableRepo.sms] Table does not exist: sms_shard_01.sms_20250821
[2025-09-21 00:35:22.242] WARN  [MultiTableRepo.sms] Table does not exist: sms_shard_01.sms_20250822
[2025-09-21 00:35:22.243] WARN  [MultiTableRepo.sms] Table does not exist: sms_shard_01.sms_20250823
[2025-09-21 00:35:22.243] WARN  [MultiTableRepo.sms] Table does not exist: sms_shard_01.sms_20250824
[2025-09-21 00:35:22.244] WARN  [MultiTableRepo.sms] Table does not exist: sms_shard_01.sms_20250825
[2025-09-21 00:35:22.245] WARN  [MultiTableRepo.sms] Table does not exist: sms_shard_01.sms_20250826
[2025-09-21 00:35:22.246] WARN  [MultiTableRepo.sms] Table does not exist: sms_shard_01.sms_20250827
[2025-09-21 00:35:22.246] WARN  [MultiTableRepo.sms] Table does not exist: sms_shard_01.sms_20250828
[2025-09-21 00:35:22.247] WARN  [MultiTableRepo.sms] Table does not exist: sms_shard_01.sms_20250829
[2025-09-21 00:35:22.248] WARN  [MultiTableRepo.sms] Table does not exist: sms_shard_01.sms_20250830
[2025-09-21 00:35:22.249] WARN  [MultiTableRepo.sms] Table does not exist: sms_shard_01.sms_20250831
[2025-09-21 00:35:22.250] WARN  [MultiTableRepo.sms] Table does not exist: sms_shard_01.sms_20250901
[2025-09-21 00:35:22.251] WARN  [MultiTableRepo.sms] Table does not exist: sms_shard_01.sms_20250902
[2025-09-21 00:35:22.252] WARN  [MultiTableRepo.sms] Table does not exist: sms_shard_01.sms_20250903
[2025-09-21 00:35:22.253] WARN  [MultiTableRepo.sms] Table does not exist: sms_shard_01.sms_20250904
[2025-09-21 00:35:22.254] WARN  [MultiTableRepo.sms] Table does not exist: sms_shard_01.sms_20250905
[2025-09-21 00:35:22.307] WARN  [MultiTableRepo.sms] Table does not exist: sms_shard_01.sms_20250821
[2025-09-21 00:35:22.308] WARN  [MultiTableRepo.sms] Table does not exist: sms_shard_01.sms_20250822
[2025-09-21 00:35:22.309] WARN  [MultiTableRepo.sms] Table does not exist: sms_shard_01.sms_20250823
[2025-09-21 00:35:22.310] WARN  [MultiTableRepo.sms] Table does not exist: sms_shard_01.sms_20250824
[2025-09-21 00:35:22.311] WARN  [MultiTableRepo.sms] Table does not exist: sms_shard_01.sms_20250825
[2025-09-21 00:35:22.312] WARN  [MultiTableRepo.sms] Table does not exist: sms_shard_01.sms_20250826
[2025-09-21 00:35:22.313] WARN  [MultiTableRepo.sms] Table does not exist: sms_shard_01.sms_20250827
[2025-09-21 00:35:22.315] WARN  [MultiTableRepo.sms] Table does not exist: sms_shard_01.sms_20250828
[2025-09-21 00:35:22.316] WARN  [MultiTableRepo.sms] Table does not exist: sms_shard_01.sms_20250829
[2025-09-21 00:35:22.318] WARN  [MultiTableRepo.sms] Table does not exist: sms_shard_01.sms_20250830
[2025-09-21 00:35:22.319] WARN  [MultiTableRepo.sms] Table does not exist: sms_shard_01.sms_20250831
[2025-09-21 00:35:22.320] WARN  [MultiTableRepo.sms] Table does not exist: sms_shard_01.sms_20250901
[2025-09-21 00:35:22.321] WARN  [MultiTableRepo.sms] Table does not exist: sms_shard_01.sms_20250902
[2025-09-21 00:35:22.322] WARN  [MultiTableRepo.sms] Table does not exist: sms_shard_01.sms_20250903
[2025-09-21 00:35:22.324] WARN  [MultiTableRepo.sms] Table does not exist: sms_shard_01.sms_20250904
[2025-09-21 00:35:22.325] WARN  [MultiTableRepo.sms] Table does not exist: sms_shard_01.sms_20250905
[2025-09-21 00:35:22.427] WARN  [MultiTableRepo.sms] Table does not exist: sms_shard_01.sms_20250820
[2025-09-21 00:35:22.427] WARN  [MultiTableRepo.sms] Table does not exist: sms_shard_01.sms_20250821
[2025-09-21 00:35:22.428] WARN  [MultiTableRepo.sms] Table does not exist: sms_shard_01.sms_20250822
[2025-09-21 00:35:22.429] WARN  [MultiTableRepo.sms] Table does not exist: sms_shard_01.sms_20250823
[2025-09-21 00:35:22.430] WARN  [MultiTableRepo.sms] Table does not exist: sms_shard_01.sms_20250824
[2025-09-21 00:35:22.430] WARN  [MultiTableRepo.sms] Table does not exist: sms_shard_01.sms_20250825
[2025-09-21 00:35:22.431] WARN  [MultiTableRepo.sms] Table does not exist: sms_shard_01.sms_20250826
[2025-09-21 00:35:22.432] WARN  [MultiTableRepo.sms] Table does not exist: sms_shard_01.sms_20250827
[2025-09-21 00:35:22.433] WARN  [MultiTableRepo.sms] Table does not exist: sms_shard_01.sms_20250828
[2025-09-21 00:35:22.434] WARN  [MultiTableRepo.sms] Table does not exist: sms_shard_01.sms_20250829
[2025-09-21 00:35:22.434] WARN  [MultiTableRepo.sms] Table does not exist: sms_shard_01.sms_20250830
[2025-09-21 00:35:22.435] WARN  [MultiTableRepo.sms] Table does not exist: sms_shard_01.sms_20250831
[2025-09-21 00:35:22.436] WARN  [MultiTableRepo.sms] Table does not exist: sms_shard_01.sms_20250901
[2025-09-21 00:35:22.437] WARN  [MultiTableRepo.sms] Table does not exist: sms_shard_01.sms_20250902
[2025-09-21 00:35:22.437] WARN  [MultiTableRepo.sms] Table does not exist: sms_shard_01.sms_20250903
[2025-09-21 00:35:22.438] WARN  [MultiTableRepo.sms] Table does not exist: sms_shard_01.sms_20250904
[2025-09-21 00:35:22.439] WARN  [MultiTableRepo.sms] Table does not exist: sms_shard_01.sms_20250905
[2025-09-21 00:35:22.511] WARN  [MultiTableRepo.sms] Table does not exist: sms_shard_01.sms_20250817
[2025-09-21 00:35:22.513] WARN  [MultiTableRepo.sms] Table does not exist: sms_shard_01.sms_20250818
[2025-09-21 00:35:22.514] WARN  [MultiTableRepo.sms] Table does not exist: sms_shard_01.sms_20250819
[2025-09-21 00:35:22.515] WARN  [MultiTableRepo.sms] Table does not exist: sms_shard_01.sms_20250820
[2025-09-21 00:35:22.516] WARN  [MultiTableRepo.sms] Table does not exist: sms_shard_01.sms_20250821
[2025-09-21 00:35:22.517] WARN  [MultiTableRepo.sms] Table does not exist: sms_shard_01.sms_20250822
[2025-09-21 00:35:22.518] WARN  [MultiTableRepo.sms] Table does not exist: sms_shard_01.sms_20250823
[2025-09-21 00:35:22.521] WARN  [MultiTableRepo.sms] Table does not exist: sms_shard_01.sms_20250824
[2025-09-21 00:35:22.523] WARN  [MultiTableRepo.sms] Table does not exist: sms_shard_01.sms_20250825
[2025-09-21 00:35:22.526] WARN  [MultiTableRepo.sms] Table does not exist: sms_shard_01.sms_20250826
[2025-09-21 00:35:22.527] WARN  [MultiTableRepo.sms] Table does not exist: sms_shard_01.sms_20250827
[2025-09-21 00:35:22.528] WARN  [MultiTableRepo.sms] Table does not exist: sms_shard_01.sms_20250828
[2025-09-21 00:35:22.529] WARN  [MultiTableRepo.sms] Table does not exist: sms_shard_01.sms_20250829
[2025-09-21 00:35:22.530] WARN  [MultiTableRepo.sms] Table does not exist: sms_shard_01.sms_20250830
[2025-09-21 00:35:22.531] WARN  [MultiTableRepo.sms] Table does not exist: sms_shard_01.sms_20250831
[2025-09-21 00:35:22.532] WARN  [MultiTableRepo.sms] Table does not exist: sms_shard_01.sms_20250901
[2025-09-21 00:35:22.533] WARN  [MultiTableRepo.sms] Table does not exist: sms_shard_01.sms_20250902
[2025-09-21 00:35:22.534] WARN  [MultiTableRepo.sms] Table does not exist: sms_shard_01.sms_20250903
[2025-09-21 00:35:22.535] WARN  [MultiTableRepo.sms] Table does not exist: sms_shard_01.sms_20250904
[2025-09-21 00:35:22.536] WARN  [MultiTableRepo.sms] Table does not exist: sms_shard_01.sms_20250905
[2025-09-21 00:35:22.691] WARN  [MultiTableRepo.sms] Table does not exist: sms_shard_01.sms_20250818
[2025-09-21 00:35:22.694] WARN  [MultiTableRepo.sms] Table does not exist: sms_shard_01.sms_20250819
[2025-09-21 00:35:22.696] WARN  [MultiTableRepo.sms] Table does not exist: sms_shard_01.sms_20250820
[2025-09-21 00:35:22.697] WARN  [MultiTableRepo.sms] Table does not exist: sms_shard_01.sms_20250821
[2025-09-21 00:35:22.698] WARN  [MultiTableRepo.sms] Table does not exist: sms_shard_01.sms_20250822
[2025-09-21 00:35:22.699] WARN  [MultiTableRepo.sms] Table does not exist: sms_shard_01.sms_20250823
[2025-09-21 00:35:22.701] WARN  [MultiTableRepo.sms] Table does not exist: sms_shard_01.sms_20250824
[2025-09-21 00:35:22.702] WARN  [MultiTableRepo.sms] Table does not exist: sms_shard_01.sms_20250825
[2025-09-21 00:35:22.703] WARN  [MultiTableRepo.sms] Table does not exist: sms_shard_01.sms_20250826
[2025-09-21 00:35:22.704] WARN  [MultiTableRepo.sms] Table does not exist: sms_shard_01.sms_20250827
[2025-09-21 00:35:22.705] WARN  [MultiTableRepo.sms] Table does not exist: sms_shard_01.sms_20250828
[2025-09-21 00:35:22.706] WARN  [MultiTableRepo.sms] Table does not exist: sms_shard_01.sms_20250829
[2025-09-21 00:35:22.708] WARN  [MultiTableRepo.sms] Table does not exist: sms_shard_01.sms_20250830
[2025-09-21 00:35:22.709] WARN  [MultiTableRepo.sms] Table does not exist: sms_shard_01.sms_20250831
[2025-09-21 00:35:22.710] WARN  [MultiTableRepo.sms] Table does not exist: sms_shard_01.sms_20250901
[2025-09-21 00:35:22.711] WARN  [MultiTableRepo.sms] Table does not exist: sms_shard_01.sms_20250902
[2025-09-21 00:35:22.713] WARN  [MultiTableRepo.sms] Table does not exist: sms_shard_01.sms_20250903
[2025-09-21 00:35:22.714] WARN  [MultiTableRepo.sms] Table does not exist: sms_shard_01.sms_20250904
[2025-09-21 00:35:22.715] WARN  [MultiTableRepo.sms] Table does not exist: sms_shard_01.sms_20250905
[2025-09-21 00:35:22.799] WARN  [MultiTableRepo.sms] Table does not exist: sms_shard_01.sms_20250819
[2025-09-21 00:35:22.800] WARN  [MultiTableRepo.sms] Table does not exist: sms_shard_01.sms_20250820
[2025-09-21 00:35:22.802] WARN  [MultiTableRepo.sms] Table does not exist: sms_shard_01.sms_20250821
[2025-09-21 00:35:22.804] WARN  [MultiTableRepo.sms] Table does not exist: sms_shard_01.sms_20250822
[2025-09-21 00:35:22.807] WARN  [MultiTableRepo.sms] Table does not exist: sms_shard_01.sms_20250823
[2025-09-21 00:35:22.809] WARN  [MultiTableRepo.sms] Table does not exist: sms_shard_01.sms_20250824
[2025-09-21 00:35:22.813] WARN  [MultiTableRepo.sms] Table does not exist: sms_shard_01.sms_20250825
[2025-09-21 00:35:22.815] WARN  [MultiTableRepo.sms] Table does not exist: sms_shard_01.sms_20250826
[2025-09-21 00:35:22.817] WARN  [MultiTableRepo.sms] Table does not exist: sms_shard_01.sms_20250827
[2025-09-21 00:35:22.821] WARN  [MultiTableRepo.sms] Table does not exist: sms_shard_01.sms_20250828
[2025-09-21 00:35:22.823] WARN  [MultiTableRepo.sms] Table does not exist: sms_shard_01.sms_20250829
[2025-09-21 00:35:22.824] WARN  [MultiTableRepo.sms] Table does not exist: sms_shard_01.sms_20250830
[2025-09-21 00:35:22.827] WARN  [MultiTableRepo.sms] Table does not exist: sms_shard_01.sms_20250831
[2025-09-21 00:35:22.829] WARN  [MultiTableRepo.sms] Table does not exist: sms_shard_01.sms_20250901
[2025-09-21 00:35:22.831] WARN  [MultiTableRepo.sms] Table does not exist: sms_shard_01.sms_20250902
[2025-09-21 00:35:22.833] WARN  [MultiTableRepo.sms] Table does not exist: sms_shard_01.sms_20250903
[2025-09-21 00:35:22.835] WARN  [MultiTableRepo.sms] Table does not exist: sms_shard_01.sms_20250904
[2025-09-21 00:35:22.837] WARN  [MultiTableRepo.sms] Table does not exist: sms_shard_01.sms_20250905
[2025-09-21 00:35:22.972] WARN  [MultiTableRepo.sms] Table does not exist: sms_shard_01.sms_20250816
[2025-09-21 00:35:22.973] WARN  [MultiTableRepo.sms] Table does not exist: sms_shard_01.sms_20250817
[2025-09-21 00:35:22.974] WARN  [MultiTableRepo.sms] Table does not exist: sms_shard_01.sms_20250818
[2025-09-21 00:35:22.975] WARN  [MultiTableRepo.sms] Table does not exist: sms_shard_01.sms_20250819
[2025-09-21 00:35:22.976] WARN  [MultiTableRepo.sms] Table does not exist: sms_shard_01.sms_20250820
[2025-09-21 00:35:22.976] WARN  [MultiTableRepo.sms] Table does not exist: sms_shard_01.sms_20250821
[2025-09-21 00:35:22.977] WARN  [MultiTableRepo.sms] Table does not exist: sms_shard_01.sms_20250822
[2025-09-21 00:35:22.978] WARN  [MultiTableRepo.sms] Table does not exist: sms_shard_01.sms_20250823
[2025-09-21 00:35:22.979] WARN  [MultiTableRepo.sms] Table does not exist: sms_shard_01.sms_20250824
[2025-09-21 00:35:22.979] WARN  [MultiTableRepo.sms] Table does not exist: sms_shard_01.sms_20250825
[2025-09-21 00:35:22.980] WARN  [MultiTableRepo.sms] Table does not exist: sms_shard_01.sms_20250826
[2025-09-21 00:35:22.981] WARN  [MultiTableRepo.sms] Table does not exist: sms_shard_01.sms_20250827
[2025-09-21 00:35:22.982] WARN  [MultiTableRepo.sms] Table does not exist: sms_shard_01.sms_20250828
[2025-09-21 00:35:22.983] WARN  [MultiTableRepo.sms] Table does not exist: sms_shard_01.sms_20250829
[2025-09-21 00:35:22.983] WARN  [MultiTableRepo.sms] Table does not exist: sms_shard_01.sms_20250830
[2025-09-21 00:35:22.984] WARN  [MultiTableRepo.sms] Table does not exist: sms_shard_01.sms_20250831
[2025-09-21 00:35:22.985] WARN  [MultiTableRepo.sms] Table does not exist: sms_shard_01.sms_20250901
[2025-09-21 00:35:22.986] WARN  [MultiTableRepo.sms] Table does not exist: sms_shard_01.sms_20250902
[2025-09-21 00:35:22.986] WARN  [MultiTableRepo.sms] Table does not exist: sms_shard_01.sms_20250903
[2025-09-21 00:35:22.987] WARN  [MultiTableRepo.sms] Table does not exist: sms_shard_01.sms_20250904
[2025-09-21 00:35:22.988] WARN  [MultiTableRepo.sms] Table does not exist: sms_shard_01.sms_20250905
[2025-09-21 00:35:23.169] WARN  [MultiTableRepo.sms] Table does not exist: sms_shard_01.sms_20250821
[2025-09-21 00:35:23.171] WARN  [MultiTableRepo.sms] Table does not exist: sms_shard_01.sms_20250822
[2025-09-21 00:35:23.173] WARN  [MultiTableRepo.sms] Table does not exist: sms_shard_01.sms_20250823
[2025-09-21 00:35:23.175] WARN  [MultiTableRepo.sms] Table does not exist: sms_shard_01.sms_20250824
[2025-09-21 00:35:23.177] WARN  [MultiTableRepo.sms] Table does not exist: sms_shard_01.sms_20250825
[2025-09-21 00:35:23.179] WARN  [MultiTableRepo.sms] Table does not exist: sms_shard_01.sms_20250826
[2025-09-21 00:35:23.181] WARN  [MultiTableRepo.sms] Table does not exist: sms_shard_01.sms_20250827
[2025-09-21 00:35:23.183] WARN  [MultiTableRepo.sms] Table does not exist: sms_shard_01.sms_20250828
[2025-09-21 00:35:23.185] WARN  [MultiTableRepo.sms] Table does not exist: sms_shard_01.sms_20250829
[2025-09-21 00:35:23.187] WARN  [MultiTableRepo.sms] Table does not exist: sms_shard_01.sms_20250830
[2025-09-21 00:35:23.189] WARN  [MultiTableRepo.sms] Table does not exist: sms_shard_01.sms_20250831
[2025-09-21 00:35:23.191] WARN  [MultiTableRepo.sms] Table does not exist: sms_shard_01.sms_20250901
[2025-09-21 00:35:23.193] WARN  [MultiTableRepo.sms] Table does not exist: sms_shard_01.sms_20250902
[2025-09-21 00:35:23.195] WARN  [MultiTableRepo.sms] Table does not exist: sms_shard_01.sms_20250903
[2025-09-21 00:35:23.197] WARN  [MultiTableRepo.sms] Table does not exist: sms_shard_01.sms_20250904
[2025-09-21 00:35:23.199] WARN  [MultiTableRepo.sms] Table does not exist: sms_shard_01.sms_20250905
[2025-09-21 00:35:23.340] WARN  [MultiTableRepo.sms] Table does not exist: sms_shard_01.sms_20250816
[2025-09-21 00:35:23.341] WARN  [MultiTableRepo.sms] Table does not exist: sms_shard_01.sms_20250817
[2025-09-21 00:35:23.342] WARN  [MultiTableRepo.sms] Table does not exist: sms_shard_01.sms_20250818
[2025-09-21 00:35:23.343] WARN  [MultiTableRepo.sms] Table does not exist: sms_shard_01.sms_20250819
[2025-09-21 00:35:23.344] WARN  [MultiTableRepo.sms] Table does not exist: sms_shard_01.sms_20250820
[2025-09-21 00:35:23.345] WARN  [MultiTableRepo.sms] Table does not exist: sms_shard_01.sms_20250821
[2025-09-21 00:35:23.346] WARN  [MultiTableRepo.sms] Table does not exist: sms_shard_01.sms_20250822
[2025-09-21 00:35:23.347] WARN  [MultiTableRepo.sms] Table does not exist: sms_shard_01.sms_20250823
[2025-09-21 00:35:23.348] WARN  [MultiTableRepo.sms] Table does not exist: sms_shard_01.sms_20250824
[2025-09-21 00:35:23.349] WARN  [MultiTableRepo.sms] Table does not exist: sms_shard_01.sms_20250825
[2025-09-21 00:35:23.350] WARN  [MultiTableRepo.sms] Table does not exist: sms_shard_01.sms_20250826
[2025-09-21 00:35:23.350] WARN  [MultiTableRepo.sms] Table does not exist: sms_shard_01.sms_20250827
[2025-09-21 00:35:23.351] WARN  [MultiTableRepo.sms] Table does not exist: sms_shard_01.sms_20250828
[2025-09-21 00:35:23.352] WARN  [MultiTableRepo.sms] Table does not exist: sms_shard_01.sms_20250829
[2025-09-21 00:35:23.353] WARN  [MultiTableRepo.sms] Table does not exist: sms_shard_01.sms_20250830
[2025-09-21 00:35:23.354] WARN  [MultiTableRepo.sms] Table does not exist: sms_shard_01.sms_20250831
[2025-09-21 00:35:23.355] WARN  [MultiTableRepo.sms] Table does not exist: sms_shard_01.sms_20250901
[2025-09-21 00:35:23.356] WARN  [MultiTableRepo.sms] Table does not exist: sms_shard_01.sms_20250902
[2025-09-21 00:35:23.357] WARN  [MultiTableRepo.sms] Table does not exist: sms_shard_01.sms_20250903
[2025-09-21 00:35:23.358] WARN  [MultiTableRepo.sms] Table does not exist: sms_shard_01.sms_20250904
[2025-09-21 00:35:23.359] WARN  [MultiTableRepo.sms] Table does not exist: sms_shard_01.sms_20250905
[2025-09-21 00:35:23.412] WARN  [MultiTableRepo.sms] Table does not exist: sms_shard_01.sms_20250817
[2025-09-21 00:35:23.413] WARN  [MultiTableRepo.sms] Table does not exist: sms_shard_01.sms_20250818
[2025-09-21 00:35:23.414] WARN  [MultiTableRepo.sms] Table does not exist: sms_shard_01.sms_20250819
[2025-09-21 00:35:23.415] WARN  [MultiTableRepo.sms] Table does not exist: sms_shard_01.sms_20250820
[2025-09-21 00:35:23.416] WARN  [MultiTableRepo.sms] Table does not exist: sms_shard_01.sms_20250821
[2025-09-21 00:35:23.417] WARN  [MultiTableRepo.sms] Table does not exist: sms_shard_01.sms_20250822
[2025-09-21 00:35:23.418] WARN  [MultiTableRepo.sms] Table does not exist: sms_shard_01.sms_20250823
[2025-09-21 00:35:23.419] WARN  [MultiTableRepo.sms] Table does not exist: sms_shard_01.sms_20250824
[2025-09-21 00:35:23.420] WARN  [MultiTableRepo.sms] Table does not exist: sms_shard_01.sms_20250825
[2025-09-21 00:35:23.420] WARN  [MultiTableRepo.sms] Table does not exist: sms_shard_01.sms_20250826
[2025-09-21 00:35:23.421] WARN  [MultiTableRepo.sms] Table does not exist: sms_shard_01.sms_20250827
[2025-09-21 00:35:23.422] WARN  [MultiTableRepo.sms] Table does not exist: sms_shard_01.sms_20250828
[2025-09-21 00:35:23.423] WARN  [MultiTableRepo.sms] Table does not exist: sms_shard_01.sms_20250829
[2025-09-21 00:35:23.424] WARN  [MultiTableRepo.sms] Table does not exist: sms_shard_01.sms_20250830
[2025-09-21 00:35:23.425] WARN  [MultiTableRepo.sms] Table does not exist: sms_shard_01.sms_20250831
[2025-09-21 00:35:23.425] WARN  [MultiTableRepo.sms] Table does not exist: sms_shard_01.sms_20250901
[2025-09-21 00:35:23.426] WARN  [MultiTableRepo.sms] Table does not exist: sms_shard_01.sms_20250902
[2025-09-21 00:35:23.427] WARN  [MultiTableRepo.sms] Table does not exist: sms_shard_01.sms_20250903
[2025-09-21 00:35:23.428] WARN  [MultiTableRepo.sms] Table does not exist: sms_shard_01.sms_20250904
[2025-09-21 00:35:23.429] WARN  [MultiTableRepo.sms] Table does not exist: sms_shard_01.sms_20250905
[2025-09-21 00:35:23.738] WARN  [MultiTableRepo.sms] Table does not exist: sms_shard_01.sms_20250818
[2025-09-21 00:35:23.739] WARN  [MultiTableRepo.sms] Table does not exist: sms_shard_01.sms_20250819
[2025-09-21 00:35:23.740] WARN  [MultiTableRepo.sms] Table does not exist: sms_shard_01.sms_20250820
[2025-09-21 00:35:23.741] WARN  [MultiTableRepo.sms] Table does not exist: sms_shard_01.sms_20250821
[2025-09-21 00:35:23.742] WARN  [MultiTableRepo.sms] Table does not exist: sms_shard_01.sms_20250822
[2025-09-21 00:35:23.743] WARN  [MultiTableRepo.sms] Table does not exist: sms_shard_01.sms_20250823
[2025-09-21 00:35:23.744] WARN  [MultiTableRepo.sms] Table does not exist: sms_shard_01.sms_20250824
[2025-09-21 00:35:23.745] WARN  [MultiTableRepo.sms] Table does not exist: sms_shard_01.sms_20250825
[2025-09-21 00:35:23.747] WARN  [MultiTableRepo.sms] Table does not exist: sms_shard_01.sms_20250826
[2025-09-21 00:35:23.748] WARN  [MultiTableRepo.sms] Table does not exist: sms_shard_01.sms_20250827
[2025-09-21 00:35:23.750] WARN  [MultiTableRepo.sms] Table does not exist: sms_shard_01.sms_20250828
[2025-09-21 00:35:23.751] WARN  [MultiTableRepo.sms] Table does not exist: sms_shard_01.sms_20250829
[2025-09-21 00:35:23.752] WARN  [MultiTableRepo.sms] Table does not exist: sms_shard_01.sms_20250830
[2025-09-21 00:35:23.752] WARN  [MultiTableRepo.sms] Table does not exist: sms_shard_01.sms_20250831
[2025-09-21 00:35:23.753] WARN  [MultiTableRepo.sms] Table does not exist: sms_shard_01.sms_20250901
[2025-09-21 00:35:23.754] WARN  [MultiTableRepo.sms] Table does not exist: sms_shard_01.sms_20250902
[2025-09-21 00:35:23.755] WARN  [MultiTableRepo.sms] Table does not exist: sms_shard_01.sms_20250903
[2025-09-21 00:35:23.757] WARN  [MultiTableRepo.sms] Table does not exist: sms_shard_01.sms_20250904
[2025-09-21 00:35:23.758] WARN  [MultiTableRepo.sms] Table does not exist: sms_shard_01.sms_20250905
[2025-09-21 00:35:23.866] WARN  [MultiTableRepo.sms] Table does not exist: sms_shard_01.sms_20250816
[2025-09-21 00:35:23.867] WARN  [MultiTableRepo.sms] Table does not exist: sms_shard_01.sms_20250817
[2025-09-21 00:35:23.868] WARN  [MultiTableRepo.sms] Table does not exist: sms_shard_01.sms_20250818
[2025-09-21 00:35:23.869] WARN  [MultiTableRepo.sms] Table does not exist: sms_shard_01.sms_20250819
[2025-09-21 00:35:23.869] WARN  [MultiTableRepo.sms] Table does not exist: sms_shard_01.sms_20250820
[2025-09-21 00:35:23.870] WARN  [MultiTableRepo.sms] Table does not exist: sms_shard_01.sms_20250821
[2025-09-21 00:35:23.871] WARN  [MultiTableRepo.sms] Table does not exist: sms_shard_01.sms_20250822
[2025-09-21 00:35:23.872] WARN  [MultiTableRepo.sms] Table does not exist: sms_shard_01.sms_20250823
[2025-09-21 00:35:23.873] WARN  [MultiTableRepo.sms] Table does not exist: sms_shard_01.sms_20250824
[2025-09-21 00:35:23.874] WARN  [MultiTableRepo.sms] Table does not exist: sms_shard_01.sms_20250825
[2025-09-21 00:35:23.876] WARN  [MultiTableRepo.sms] Table does not exist: sms_shard_01.sms_20250826
[2025-09-21 00:35:23.877] WARN  [MultiTableRepo.sms] Table does not exist: sms_shard_01.sms_20250827
[2025-09-21 00:35:23.878] WARN  [MultiTableRepo.sms] Table does not exist: sms_shard_01.sms_20250828
[2025-09-21 00:35:23.880] WARN  [MultiTableRepo.sms] Table does not exist: sms_shard_01.sms_20250829
[2025-09-21 00:35:23.881] WARN  [MultiTableRepo.sms] Table does not exist: sms_shard_01.sms_20250830
[2025-09-21 00:35:23.883] WARN  [MultiTableRepo.sms] Table does not exist: sms_shard_01.sms_20250831
[2025-09-21 00:35:23.885] WARN  [MultiTableRepo.sms] Table does not exist: sms_shard_01.sms_20250901
[2025-09-21 00:35:23.886] WARN  [MultiTableRepo.sms] Table does not exist: sms_shard_01.sms_20250902
[2025-09-21 00:35:23.888] WARN  [MultiTableRepo.sms] Table does not exist: sms_shard_01.sms_20250903
[2025-09-21 00:35:23.889] WARN  [MultiTableRepo.sms] Table does not exist: sms_shard_01.sms_20250904
[2025-09-21 00:35:23.891] WARN  [MultiTableRepo.sms] Table does not exist: sms_shard_01.sms_20250905
[2025-09-21 00:35:24.116] WARN  [MultiTableRepo.sms] Table does not exist: sms_shard_01.sms_20250905
[2025-09-21 00:35:24.214] WARN  [MultiTableRepo.sms] Table does not exist: sms_shard_01.sms_20250817
[2025-09-21 00:35:24.215] WARN  [MultiTableRepo.sms] Table does not exist: sms_shard_01.sms_20250818
[2025-09-21 00:35:24.216] WARN  [MultiTableRepo.sms] Table does not exist: sms_shard_01.sms_20250819
[2025-09-21 00:35:24.216] WARN  [MultiTableRepo.sms] Table does not exist: sms_shard_01.sms_20250820
[2025-09-21 00:35:24.217] WARN  [MultiTableRepo.sms] Table does not exist: sms_shard_01.sms_20250821
[2025-09-21 00:35:24.218] WARN  [MultiTableRepo.sms] Table does not exist: sms_shard_01.sms_20250822
[2025-09-21 00:35:24.219] WARN  [MultiTableRepo.sms] Table does not exist: sms_shard_01.sms_20250823
[2025-09-21 00:35:24.220] WARN  [MultiTableRepo.sms] Table does not exist: sms_shard_01.sms_20250824
[2025-09-21 00:35:24.221] WARN  [MultiTableRepo.sms] Table does not exist: sms_shard_01.sms_20250825
[2025-09-21 00:35:24.221] WARN  [MultiTableRepo.sms] Table does not exist: sms_shard_01.sms_20250826
[2025-09-21 00:35:24.222] WARN  [MultiTableRepo.sms] Table does not exist: sms_shard_01.sms_20250827
[2025-09-21 00:35:24.223] WARN  [MultiTableRepo.sms] Table does not exist: sms_shard_01.sms_20250828
[2025-09-21 00:35:24.224] WARN  [MultiTableRepo.sms] Table does not exist: sms_shard_01.sms_20250829
[2025-09-21 00:35:24.225] WARN  [MultiTableRepo.sms] Table does not exist: sms_shard_01.sms_20250830
[2025-09-21 00:35:24.225] WARN  [MultiTableRepo.sms] Table does not exist: sms_shard_01.sms_20250831
[2025-09-21 00:35:24.226] WARN  [MultiTableRepo.sms] Table does not exist: sms_shard_01.sms_20250901
[2025-09-21 00:35:24.227] WARN  [MultiTableRepo.sms] Table does not exist: sms_shard_01.sms_20250902
[2025-09-21 00:35:24.228] WARN  [MultiTableRepo.sms] Table does not exist: sms_shard_01.sms_20250903
[2025-09-21 00:35:24.230] WARN  [MultiTableRepo.sms] Table does not exist: sms_shard_01.sms_20250904
[2025-09-21 00:35:24.231] WARN  [MultiTableRepo.sms] Table does not exist: sms_shard_01.sms_20250905
[2025-09-21 00:35:24.289] WARN  [MultiTableRepo.sms] Table does not exist: sms_shard_01.sms_20250905
[2025-09-21 00:35:24.300] WARN  [MultiTableRepo.sms] Table does not exist: sms_shard_01.sms_20250819
[2025-09-21 00:35:24.301] WARN  [MultiTableRepo.sms] Table does not exist: sms_shard_01.sms_20250820
[2025-09-21 00:35:24.302] WARN  [MultiTableRepo.sms] Table does not exist: sms_shard_01.sms_20250821
[2025-09-21 00:35:24.303] WARN  [MultiTableRepo.sms] Table does not exist: sms_shard_01.sms_20250822
[2025-09-21 00:35:24.304] WARN  [MultiTableRepo.sms] Table does not exist: sms_shard_01.sms_20250823
[2025-09-21 00:35:24.305] WARN  [MultiTableRepo.sms] Table does not exist: sms_shard_01.sms_20250824
[2025-09-21 00:35:24.307] WARN  [MultiTableRepo.sms] Table does not exist: sms_shard_01.sms_20250825
[2025-09-21 00:35:24.308] WARN  [MultiTableRepo.sms] Table does not exist: sms_shard_01.sms_20250826
[2025-09-21 00:35:24.309] WARN  [MultiTableRepo.sms] Table does not exist: sms_shard_01.sms_20250827
[2025-09-21 00:35:24.310] WARN  [MultiTableRepo.sms] Table does not exist: sms_shard_01.sms_20250828
[2025-09-21 00:35:24.311] WARN  [MultiTableRepo.sms] Table does not exist: sms_shard_01.sms_20250829
[2025-09-21 00:35:24.312] WARN  [MultiTableRepo.sms] Table does not exist: sms_shard_01.sms_20250830
[2025-09-21 00:35:24.313] WARN  [MultiTableRepo.sms] Table does not exist: sms_shard_01.sms_20250831
[2025-09-21 00:35:24.315] WARN  [MultiTableRepo.sms] Table does not exist: sms_shard_01.sms_20250901
[2025-09-21 00:35:24.316] WARN  [MultiTableRepo.sms] Table does not exist: sms_shard_01.sms_20250902
[2025-09-21 00:35:24.317] WARN  [MultiTableRepo.sms] Table does not exist: sms_shard_01.sms_20250903
[2025-09-21 00:35:24.318] WARN  [MultiTableRepo.sms] Table does not exist: sms_shard_01.sms_20250904
[2025-09-21 00:35:24.319] WARN  [MultiTableRepo.sms] Table does not exist: sms_shard_01.sms_20250905
[2025-09-21 00:35:24.421] WARN  [MultiTableRepo.sms] Table does not exist: sms_shard_01.sms_20250815
[2025-09-21 00:35:24.422] WARN  [MultiTableRepo.sms] Table does not exist: sms_shard_01.sms_20250816
[2025-09-21 00:35:24.423] WARN  [MultiTableRepo.sms] Table does not exist: sms_shard_01.sms_20250817
[2025-09-21 00:35:24.423] WARN  [MultiTableRepo.sms] Table does not exist: sms_shard_01.sms_20250818
[2025-09-21 00:35:24.424] WARN  [MultiTableRepo.sms] Table does not exist: sms_shard_01.sms_20250819
[2025-09-21 00:35:24.425] WARN  [MultiTableRepo.sms] Table does not exist: sms_shard_01.sms_20250820
[2025-09-21 00:35:24.426] WARN  [MultiTableRepo.sms] Table does not exist: sms_shard_01.sms_20250821
[2025-09-21 00:35:24.426] WARN  [MultiTableRepo.sms] Table does not exist: sms_shard_01.sms_20250822
[2025-09-21 00:35:24.427] WARN  [MultiTableRepo.sms] Table does not exist: sms_shard_01.sms_20250823
[2025-09-21 00:35:24.428] WARN  [MultiTableRepo.sms] Table does not exist: sms_shard_01.sms_20250824
[2025-09-21 00:35:24.429] WARN  [MultiTableRepo.sms] Table does not exist: sms_shard_01.sms_20250825
[2025-09-21 00:35:24.429] WARN  [MultiTableRepo.sms] Table does not exist: sms_shard_01.sms_20250826
[2025-09-21 00:35:24.430] WARN  [MultiTableRepo.sms] Table does not exist: sms_shard_01.sms_20250827
[2025-09-21 00:35:24.431] WARN  [MultiTableRepo.sms] Table does not exist: sms_shard_01.sms_20250828
[2025-09-21 00:35:24.432] WARN  [MultiTableRepo.sms] Table does not exist: sms_shard_01.sms_20250829
[2025-09-21 00:35:24.433] WARN  [MultiTableRepo.sms] Table does not exist: sms_shard_01.sms_20250830
[2025-09-21 00:35:24.433] WARN  [MultiTableRepo.sms] Table does not exist: sms_shard_01.sms_20250831
[2025-09-21 00:35:24.434] WARN  [MultiTableRepo.sms] Table does not exist: sms_shard_01.sms_20250901
[2025-09-21 00:35:24.435] WARN  [MultiTableRepo.sms] Table does not exist: sms_shard_01.sms_20250902
[2025-09-21 00:35:24.436] WARN  [MultiTableRepo.sms] Table does not exist: sms_shard_01.sms_20250903
[2025-09-21 00:35:24.437] WARN  [MultiTableRepo.sms] Table does not exist: sms_shard_01.sms_20250904
[2025-09-21 00:35:24.438] WARN  [MultiTableRepo.sms] Table does not exist: sms_shard_01.sms_20250905
[2025-09-21 00:35:24.457] WARN  [MultiTableRepo.sms] Table does not exist: sms_shard_01.sms_20250815
[2025-09-21 00:35:24.457] WARN  [MultiTableRepo.sms] Table does not exist: sms_shard_01.sms_20250816
[2025-09-21 00:35:24.458] WARN  [MultiTableRepo.sms] Table does not exist: sms_shard_01.sms_20250817
[2025-09-21 00:35:24.459] WARN  [MultiTableRepo.sms] Table does not exist: sms_shard_01.sms_20250818
[2025-09-21 00:35:24.460] WARN  [MultiTableRepo.sms] Table does not exist: sms_shard_01.sms_20250819
[2025-09-21 00:35:24.461] WARN  [MultiTableRepo.sms] Table does not exist: sms_shard_01.sms_20250820
[2025-09-21 00:35:24.462] WARN  [MultiTableRepo.sms] Table does not exist: sms_shard_01.sms_20250821
[2025-09-21 00:35:24.463] WARN  [MultiTableRepo.sms] Table does not exist: sms_shard_01.sms_20250822
[2025-09-21 00:35:24.463] WARN  [MultiTableRepo.sms] Table does not exist: sms_shard_01.sms_20250823
[2025-09-21 00:35:24.464] WARN  [MultiTableRepo.sms] Table does not exist: sms_shard_01.sms_20250824
[2025-09-21 00:35:24.465] WARN  [MultiTableRepo.sms] Table does not exist: sms_shard_01.sms_20250825
[2025-09-21 00:35:24.465] WARN  [MultiTableRepo.sms] Table does not exist: sms_shard_01.sms_20250826
[2025-09-21 00:35:24.466] WARN  [MultiTableRepo.sms] Table does not exist: sms_shard_01.sms_20250827
[2025-09-21 00:35:24.467] WARN  [MultiTableRepo.sms] Table does not exist: sms_shard_01.sms_20250828
[2025-09-21 00:35:24.468] WARN  [MultiTableRepo.sms] Table does not exist: sms_shard_01.sms_20250829
[2025-09-21 00:35:24.469] WARN  [MultiTableRepo.sms] Table does not exist: sms_shard_01.sms_20250830
[2025-09-21 00:35:24.469] WARN  [MultiTableRepo.sms] Table does not exist: sms_shard_01.sms_20250831
[2025-09-21 00:35:24.470] WARN  [MultiTableRepo.sms] Table does not exist: sms_shard_01.sms_20250901
[2025-09-21 00:35:24.471] WARN  [MultiTableRepo.sms] Table does not exist: sms_shard_01.sms_20250902
[2025-09-21 00:35:24.472] WARN  [MultiTableRepo.sms] Table does not exist: sms_shard_01.sms_20250903
[2025-09-21 00:35:24.473] WARN  [MultiTableRepo.sms] Table does not exist: sms_shard_01.sms_20250904
[2025-09-21 00:35:24.474] WARN  [MultiTableRepo.sms] Table does not exist: sms_shard_01.sms_20250905
[2025-09-21 00:35:24.496] WARN  [MultiTableRepo.sms] Table does not exist: sms_shard_01.sms_20250815
[2025-09-21 00:35:24.497] WARN  [MultiTableRepo.sms] Table does not exist: sms_shard_01.sms_20250816
[2025-09-21 00:35:24.498] WARN  [MultiTableRepo.sms] Table does not exist: sms_shard_01.sms_20250817
[2025-09-21 00:35:24.498] WARN  [MultiTableRepo.sms] Table does not exist: sms_shard_01.sms_20250818
[2025-09-21 00:35:24.499] WARN  [MultiTableRepo.sms] Table does not exist: sms_shard_01.sms_20250819
[2025-09-21 00:35:24.500] WARN  [MultiTableRepo.sms] Table does not exist: sms_shard_01.sms_20250820
[2025-09-21 00:35:24.500] WARN  [MultiTableRepo.sms] Table does not exist: sms_shard_01.sms_20250821
[2025-09-21 00:35:24.501] WARN  [MultiTableRepo.sms] Table does not exist: sms_shard_01.sms_20250822
[2025-09-21 00:35:24.502] WARN  [MultiTableRepo.sms] Table does not exist: sms_shard_01.sms_20250823
[2025-09-21 00:35:24.502] WARN  [MultiTableRepo.sms] Table does not exist: sms_shard_01.sms_20250824
[2025-09-21 00:35:24.503] WARN  [MultiTableRepo.sms] Table does not exist: sms_shard_01.sms_20250825
[2025-09-21 00:35:24.504] WARN  [MultiTableRepo.sms] Table does not exist: sms_shard_01.sms_20250826
[2025-09-21 00:35:24.504] WARN  [MultiTableRepo.sms] Table does not exist: sms_shard_01.sms_20250827
[2025-09-21 00:35:24.505] WARN  [MultiTableRepo.sms] Table does not exist: sms_shard_01.sms_20250828
[2025-09-21 00:35:24.506] WARN  [MultiTableRepo.sms] Table does not exist: sms_shard_01.sms_20250829
[2025-09-21 00:35:24.508] WARN  [MultiTableRepo.sms] Table does not exist: sms_shard_01.sms_20250830
[2025-09-21 00:35:24.509] WARN  [MultiTableRepo.sms] Table does not exist: sms_shard_01.sms_20250831
[2025-09-21 00:35:24.510] WARN  [MultiTableRepo.sms] Table does not exist: sms_shard_01.sms_20250901
[2025-09-21 00:35:24.511] WARN  [MultiTableRepo.sms] Table does not exist: sms_shard_01.sms_20250902
[2025-09-21 00:35:24.512] WARN  [MultiTableRepo.sms] Table does not exist: sms_shard_01.sms_20250903
[2025-09-21 00:35:24.512] WARN  [MultiTableRepo.sms] Table does not exist: sms_shard_01.sms_20250904
[2025-09-21 00:35:24.513] WARN  [MultiTableRepo.sms] Table does not exist: sms_shard_01.sms_20250905
[2025-09-21 00:35:24.578] WARN  [MultiTableRepo.sms] Table does not exist: sms_shard_01.sms_20250820
[2025-09-21 00:35:24.580] WARN  [MultiTableRepo.sms] Table does not exist: sms_shard_01.sms_20250821
[2025-09-21 00:35:24.582] WARN  [MultiTableRepo.sms] Table does not exist: sms_shard_01.sms_20250822
[2025-09-21 00:35:24.583] WARN  [MultiTableRepo.sms] Table does not exist: sms_shard_01.sms_20250823
[2025-09-21 00:35:24.584] WARN  [MultiTableRepo.sms] Table does not exist: sms_shard_01.sms_20250824
[2025-09-21 00:35:24.585] WARN  [MultiTableRepo.sms] Table does not exist: sms_shard_01.sms_20250825
[2025-09-21 00:35:24.586] WARN  [MultiTableRepo.sms] Table does not exist: sms_shard_01.sms_20250826
[2025-09-21 00:35:24.588] WARN  [MultiTableRepo.sms] Table does not exist: sms_shard_01.sms_20250827
[2025-09-21 00:35:24.589] WARN  [MultiTableRepo.sms] Table does not exist: sms_shard_01.sms_20250828
[2025-09-21 00:35:24.590] WARN  [MultiTableRepo.sms] Table does not exist: sms_shard_01.sms_20250829
[2025-09-21 00:35:24.591] WARN  [MultiTableRepo.sms] Table does not exist: sms_shard_01.sms_20250830
[2025-09-21 00:35:24.592] WARN  [MultiTableRepo.sms] Table does not exist: sms_shard_01.sms_20250831
[2025-09-21 00:35:24.594] WARN  [MultiTableRepo.sms] Table does not exist: sms_shard_01.sms_20250901
[2025-09-21 00:35:24.595] WARN  [MultiTableRepo.sms] Table does not exist: sms_shard_01.sms_20250902
[2025-09-21 00:35:24.595] WARN  [MultiTableRepo.sms] Table does not exist: sms_shard_01.sms_20250903
[2025-09-21 00:35:24.596] WARN  [MultiTableRepo.sms] Table does not exist: sms_shard_01.sms_20250904
[2025-09-21 00:35:24.597] WARN  [MultiTableRepo.sms] Table does not exist: sms_shard_01.sms_20250905
[2025-09-21 00:35:24.658] WARN  [MultiTableRepo.sms] Table does not exist: sms_shard_01.sms_20250818
[2025-09-21 00:35:24.659] WARN  [MultiTableRepo.sms] Table does not exist: sms_shard_01.sms_20250819
[2025-09-21 00:35:24.659] WARN  [MultiTableRepo.sms] Table does not exist: sms_shard_01.sms_20250820
[2025-09-21 00:35:24.660] WARN  [MultiTableRepo.sms] Table does not exist: sms_shard_01.sms_20250821
[2025-09-21 00:35:24.661] WARN  [MultiTableRepo.sms] Table does not exist: sms_shard_01.sms_20250822
[2025-09-21 00:35:24.662] WARN  [MultiTableRepo.sms] Table does not exist: sms_shard_01.sms_20250823
[2025-09-21 00:35:24.663] WARN  [MultiTableRepo.sms] Table does not exist: sms_shard_01.sms_20250824
[2025-09-21 00:35:24.664] WARN  [MultiTableRepo.sms] Table does not exist: sms_shard_01.sms_20250825
[2025-09-21 00:35:24.664] WARN  [MultiTableRepo.sms] Table does not exist: sms_shard_01.sms_20250826
[2025-09-21 00:35:24.665] WARN  [MultiTableRepo.sms] Table does not exist: sms_shard_01.sms_20250827
[2025-09-21 00:35:24.666] WARN  [MultiTableRepo.sms] Table does not exist: sms_shard_01.sms_20250828
[2025-09-21 00:35:24.667] WARN  [MultiTableRepo.sms] Table does not exist: sms_shard_01.sms_20250829
[2025-09-21 00:35:24.668] WARN  [MultiTableRepo.sms] Table does not exist: sms_shard_01.sms_20250830
[2025-09-21 00:35:24.668] WARN  [MultiTableRepo.sms] Table does not exist: sms_shard_01.sms_20250831
[2025-09-21 00:35:24.669] WARN  [MultiTableRepo.sms] Table does not exist: sms_shard_01.sms_20250901
[2025-09-21 00:35:24.670] WARN  [MultiTableRepo.sms] Table does not exist: sms_shard_01.sms_20250902
[2025-09-21 00:35:24.671] WARN  [MultiTableRepo.sms] Table does not exist: sms_shard_01.sms_20250903
[2025-09-21 00:35:24.672] WARN  [MultiTableRepo.sms] Table does not exist: sms_shard_01.sms_20250904
[2025-09-21 00:35:24.673] WARN  [MultiTableRepo.sms] Table does not exist: sms_shard_01.sms_20250905
[2025-09-21 00:35:24.698] WARN  [MultiTableRepo.sms] Table does not exist: sms_shard_01.sms_20250820
[2025-09-21 00:35:24.699] WARN  [MultiTableRepo.sms] Table does not exist: sms_shard_01.sms_20250821
[2025-09-21 00:35:24.700] WARN  [MultiTableRepo.sms] Table does not exist: sms_shard_01.sms_20250822
[2025-09-21 00:35:24.701] WARN  [MultiTableRepo.sms] Table does not exist: sms_shard_01.sms_20250823
[2025-09-21 00:35:24.703] WARN  [MultiTableRepo.sms] Table does not exist: sms_shard_01.sms_20250824
[2025-09-21 00:35:24.704] WARN  [MultiTableRepo.sms] Table does not exist: sms_shard_01.sms_20250825
[2025-09-21 00:35:24.705] WARN  [MultiTableRepo.sms] Table does not exist: sms_shard_01.sms_20250826
[2025-09-21 00:35:24.706] WARN  [MultiTableRepo.sms] Table does not exist: sms_shard_01.sms_20250827
[2025-09-21 00:35:24.718] WARN  [MultiTableRepo.sms] Table does not exist: sms_shard_01.sms_20250828
[2025-09-21 00:35:24.720] WARN  [MultiTableRepo.sms] Table does not exist: sms_shard_01.sms_20250829
[2025-09-21 00:35:24.722] WARN  [MultiTableRepo.sms] Table does not exist: sms_shard_01.sms_20250830
[2025-09-21 00:35:24.725] WARN  [MultiTableRepo.sms] Table does not exist: sms_shard_01.sms_20250831
[2025-09-21 00:35:24.727] WARN  [MultiTableRepo.sms] Table does not exist: sms_shard_01.sms_20250901
[2025-09-21 00:35:24.728] WARN  [MultiTableRepo.sms] Table does not exist: sms_shard_01.sms_20250902
[2025-09-21 00:35:24.730] WARN  [MultiTableRepo.sms] Table does not exist: sms_shard_01.sms_20250903
[2025-09-21 00:35:24.732] WARN  [MultiTableRepo.sms] Table does not exist: sms_shard_01.sms_20250904
[2025-09-21 00:35:24.733] WARN  [MultiTableRepo.sms] Table does not exist: sms_shard_01.sms_20250905
[2025-09-21 00:35:24.777] WARN  [MultiTableRepo.sms] Table does not exist: sms_shard_01.sms_20250816
[2025-09-21 00:35:24.778] WARN  [MultiTableRepo.sms] Table does not exist: sms_shard_01.sms_20250817
[2025-09-21 00:35:24.779] WARN  [MultiTableRepo.sms] Table does not exist: sms_shard_01.sms_20250818
[2025-09-21 00:35:24.780] WARN  [MultiTableRepo.sms] Table does not exist: sms_shard_01.sms_20250819
[2025-09-21 00:35:24.781] WARN  [MultiTableRepo.sms] Table does not exist: sms_shard_01.sms_20250820
[2025-09-21 00:35:24.781] WARN  [MultiTableRepo.sms] Table does not exist: sms_shard_01.sms_20250821
[2025-09-21 00:35:24.782] WARN  [MultiTableRepo.sms] Table does not exist: sms_shard_01.sms_20250822
[2025-09-21 00:35:24.783] WARN  [MultiTableRepo.sms] Table does not exist: sms_shard_01.sms_20250823
[2025-09-21 00:35:24.784] WARN  [MultiTableRepo.sms] Table does not exist: sms_shard_01.sms_20250824
[2025-09-21 00:35:24.785] WARN  [MultiTableRepo.sms] Table does not exist: sms_shard_01.sms_20250825
[2025-09-21 00:35:24.786] WARN  [MultiTableRepo.sms] Table does not exist: sms_shard_01.sms_20250826
[2025-09-21 00:35:24.787] WARN  [MultiTableRepo.sms] Table does not exist: sms_shard_01.sms_20250827
[2025-09-21 00:35:24.788] WARN  [MultiTableRepo.sms] Table does not exist: sms_shard_01.sms_20250828
[2025-09-21 00:35:24.789] WARN  [MultiTableRepo.sms] Table does not exist: sms_shard_01.sms_20250829
[2025-09-21 00:35:24.789] WARN  [MultiTableRepo.sms] Table does not exist: sms_shard_01.sms_20250830
[2025-09-21 00:35:24.790] WARN  [MultiTableRepo.sms] Table does not exist: sms_shard_01.sms_20250831
[2025-09-21 00:35:24.791] WARN  [MultiTableRepo.sms] Table does not exist: sms_shard_01.sms_20250901
[2025-09-21 00:35:24.792] WARN  [MultiTableRepo.sms] Table does not exist: sms_shard_01.sms_20250902
[2025-09-21 00:35:24.793] WARN  [MultiTableRepo.sms] Table does not exist: sms_shard_01.sms_20250903
[2025-09-21 00:35:24.794] WARN  [MultiTableRepo.sms] Table does not exist: sms_shard_01.sms_20250904
[2025-09-21 00:35:24.794] WARN  [MultiTableRepo.sms] Table does not exist: sms_shard_01.sms_20250905
[2025-09-21 00:35:24.856] WARN  [MultiTableRepo.sms] Table does not exist: sms_shard_01.sms_20250821
[2025-09-21 00:35:24.857] WARN  [MultiTableRepo.sms] Table does not exist: sms_shard_01.sms_20250822
[2025-09-21 00:35:24.859] WARN  [MultiTableRepo.sms] Table does not exist: sms_shard_01.sms_20250823
[2025-09-21 00:35:24.860] WARN  [MultiTableRepo.sms] Table does not exist: sms_shard_01.sms_20250824
[2025-09-21 00:35:24.861] WARN  [MultiTableRepo.sms] Table does not exist: sms_shard_01.sms_20250825
[2025-09-21 00:35:24.862] WARN  [MultiTableRepo.sms] Table does not exist: sms_shard_01.sms_20250826
[2025-09-21 00:35:24.864] WARN  [MultiTableRepo.sms] Table does not exist: sms_shard_01.sms_20250827
[2025-09-21 00:35:24.865] WARN  [MultiTableRepo.sms] Table does not exist: sms_shard_01.sms_20250828
[2025-09-21 00:35:24.866] WARN  [MultiTableRepo.sms] Table does not exist: sms_shard_01.sms_20250829
[2025-09-21 00:35:24.867] WARN  [MultiTableRepo.sms] Table does not exist: sms_shard_01.sms_20250830
[2025-09-21 00:35:24.869] WARN  [MultiTableRepo.sms] Table does not exist: sms_shard_01.sms_20250831
[2025-09-21 00:35:24.870] WARN  [MultiTableRepo.sms] Table does not exist: sms_shard_01.sms_20250901
[2025-09-21 00:35:24.871] WARN  [MultiTableRepo.sms] Table does not exist: sms_shard_01.sms_20250902
[2025-09-21 00:35:24.873] WARN  [MultiTableRepo.sms] Table does not exist: sms_shard_01.sms_20250903
[2025-09-21 00:35:24.874] WARN  [MultiTableRepo.sms] Table does not exist: sms_shard_01.sms_20250904
[2025-09-21 00:35:24.875] WARN  [MultiTableRepo.sms] Table does not exist: sms_shard_01.sms_20250905
[2025-09-21 00:35:24.918] WARN  [MultiTableRepo.sms] Table does not exist: sms_shard_01.sms_20250820
[2025-09-21 00:35:24.919] WARN  [MultiTableRepo.sms] Table does not exist: sms_shard_01.sms_20250821
[2025-09-21 00:35:24.920] WARN  [MultiTableRepo.sms] Table does not exist: sms_shard_01.sms_20250822
[2025-09-21 00:35:24.920] WARN  [MultiTableRepo.sms] Table does not exist: sms_shard_01.sms_20250823
[2025-09-21 00:35:24.921] WARN  [MultiTableRepo.sms] Table does not exist: sms_shard_01.sms_20250824
[2025-09-21 00:35:24.922] WARN  [MultiTableRepo.sms] Table does not exist: sms_shard_01.sms_20250825
[2025-09-21 00:35:24.923] WARN  [MultiTableRepo.sms] Table does not exist: sms_shard_01.sms_20250826
[2025-09-21 00:35:24.924] WARN  [MultiTableRepo.sms] Table does not exist: sms_shard_01.sms_20250827
[2025-09-21 00:35:24.924] WARN  [MultiTableRepo.sms] Table does not exist: sms_shard_01.sms_20250828
[2025-09-21 00:35:24.925] WARN  [MultiTableRepo.sms] Table does not exist: sms_shard_01.sms_20250829
[2025-09-21 00:35:24.926] WARN  [MultiTableRepo.sms] Table does not exist: sms_shard_01.sms_20250830
[2025-09-21 00:35:24.927] WARN  [MultiTableRepo.sms] Table does not exist: sms_shard_01.sms_20250831
[2025-09-21 00:35:24.928] WARN  [MultiTableRepo.sms] Table does not exist: sms_shard_01.sms_20250901
[2025-09-21 00:35:24.928] WARN  [MultiTableRepo.sms] Table does not exist: sms_shard_01.sms_20250902
[2025-09-21 00:35:24.929] WARN  [MultiTableRepo.sms] Table does not exist: sms_shard_01.sms_20250903
[2025-09-21 00:35:24.930] WARN  [MultiTableRepo.sms] Table does not exist: sms_shard_01.sms_20250904
[2025-09-21 00:35:24.931] WARN  [MultiTableRepo.sms] Table does not exist: sms_shard_01.sms_20250905
[2025-09-21 00:35:25.116] WARN  [MultiTableRepo.sms] Table does not exist: sms_shard_01.sms_20250815
[2025-09-21 00:35:25.117] WARN  [MultiTableRepo.sms] Table does not exist: sms_shard_01.sms_20250816
[2025-09-21 00:35:25.118] WARN  [MultiTableRepo.sms] Table does not exist: sms_shard_01.sms_20250817
[2025-09-21 00:35:25.122] WARN  [MultiTableRepo.sms] Table does not exist: sms_shard_01.sms_20250818
[2025-09-21 00:35:25.124] WARN  [MultiTableRepo.sms] Table does not exist: sms_shard_01.sms_20250819
[2025-09-21 00:35:25.126] WARN  [MultiTableRepo.sms] Table does not exist: sms_shard_01.sms_20250820
[2025-09-21 00:35:25.127] WARN  [MultiTableRepo.sms] Table does not exist: sms_shard_01.sms_20250821
[2025-09-21 00:35:25.129] WARN  [MultiTableRepo.sms] Table does not exist: sms_shard_01.sms_20250822
[2025-09-21 00:35:25.130] WARN  [MultiTableRepo.sms] Table does not exist: sms_shard_01.sms_20250823
[2025-09-21 00:35:25.132] WARN  [MultiTableRepo.sms] Table does not exist: sms_shard_01.sms_20250824
[2025-09-21 00:35:25.134] WARN  [MultiTableRepo.sms] Table does not exist: sms_shard_01.sms_20250825
[2025-09-21 00:35:25.136] WARN  [MultiTableRepo.sms] Table does not exist: sms_shard_01.sms_20250826
[2025-09-21 00:35:25.138] WARN  [MultiTableRepo.sms] Table does not exist: sms_shard_01.sms_20250827
[2025-09-21 00:35:25.140] WARN  [MultiTableRepo.sms] Table does not exist: sms_shard_01.sms_20250828
[2025-09-21 00:35:25.141] WARN  [MultiTableRepo.sms] Table does not exist: sms_shard_01.sms_20250829
[2025-09-21 00:35:25.143] WARN  [MultiTableRepo.sms] Table does not exist: sms_shard_01.sms_20250830
[2025-09-21 00:35:25.145] WARN  [MultiTableRepo.sms] Table does not exist: sms_shard_01.sms_20250831
[2025-09-21 00:35:25.147] WARN  [MultiTableRepo.sms] Table does not exist: sms_shard_01.sms_20250901
[2025-09-21 00:35:25.149] WARN  [MultiTableRepo.sms] Table does not exist: sms_shard_01.sms_20250902
[2025-09-21 00:35:25.152] WARN  [MultiTableRepo.sms] Table does not exist: sms_shard_01.sms_20250903
[2025-09-21 00:35:25.153] WARN  [MultiTableRepo.sms] Table does not exist: sms_shard_01.sms_20250904
[2025-09-21 00:35:25.155] WARN  [MultiTableRepo.sms] Table does not exist: sms_shard_01.sms_20250905
[2025-09-21 00:35:25.250] WARN  [MultiTableRepo.sms] Table does not exist: sms_shard_01.sms_20250818
[2025-09-21 00:35:25.251] WARN  [MultiTableRepo.sms] Table does not exist: sms_shard_01.sms_20250819
[2025-09-21 00:35:25.252] WARN  [MultiTableRepo.sms] Table does not exist: sms_shard_01.sms_20250820
[2025-09-21 00:35:25.253] WARN  [MultiTableRepo.sms] Table does not exist: sms_shard_01.sms_20250821
[2025-09-21 00:35:25.255] WARN  [MultiTableRepo.sms] Table does not exist: sms_shard_01.sms_20250822
[2025-09-21 00:35:25.256] WARN  [MultiTableRepo.sms] Table does not exist: sms_shard_01.sms_20250823
[2025-09-21 00:35:25.258] WARN  [MultiTableRepo.sms] Table does not exist: sms_shard_01.sms_20250824
[2025-09-21 00:35:25.259] WARN  [MultiTableRepo.sms] Table does not exist: sms_shard_01.sms_20250825
[2025-09-21 00:35:25.260] WARN  [MultiTableRepo.sms] Table does not exist: sms_shard_01.sms_20250826
[2025-09-21 00:35:25.262] WARN  [MultiTableRepo.sms] Table does not exist: sms_shard_01.sms_20250827
[2025-09-21 00:35:25.263] WARN  [MultiTableRepo.sms] Table does not exist: sms_shard_01.sms_20250828
[2025-09-21 00:35:25.264] WARN  [MultiTableRepo.sms] Table does not exist: sms_shard_01.sms_20250829
[2025-09-21 00:35:25.265] WARN  [MultiTableRepo.sms] Table does not exist: sms_shard_01.sms_20250830
[2025-09-21 00:35:25.268] WARN  [MultiTableRepo.sms] Table does not exist: sms_shard_01.sms_20250831
[2025-09-21 00:35:25.270] WARN  [MultiTableRepo.sms] Table does not exist: sms_shard_01.sms_20250901
[2025-09-21 00:35:25.272] WARN  [MultiTableRepo.sms] Table does not exist: sms_shard_01.sms_20250902
[2025-09-21 00:35:25.273] WARN  [MultiTableRepo.sms] Table does not exist: sms_shard_01.sms_20250903
[2025-09-21 00:35:25.275] WARN  [MultiTableRepo.sms] Table does not exist: sms_shard_01.sms_20250904
[2025-09-21 00:35:25.277] WARN  [MultiTableRepo.sms] Table does not exist: sms_shard_01.sms_20250905
[2025-09-21 00:35:25.305] WARN  [MultiTableRepo.sms] Table does not exist: sms_shard_01.sms_20250816
[2025-09-21 00:35:25.306] WARN  [MultiTableRepo.sms] Table does not exist: sms_shard_01.sms_20250817
[2025-09-21 00:35:25.308] WARN  [MultiTableRepo.sms] Table does not exist: sms_shard_01.sms_20250818
[2025-09-21 00:35:25.309] WARN  [MultiTableRepo.sms] Table does not exist: sms_shard_01.sms_20250819
[2025-09-21 00:35:25.310] WARN  [MultiTableRepo.sms] Table does not exist: sms_shard_01.sms_20250820
[2025-09-21 00:35:25.311] WARN  [MultiTableRepo.sms] Table does not exist: sms_shard_01.sms_20250821
[2025-09-21 00:35:25.312] WARN  [MultiTableRepo.sms] Table does not exist: sms_shard_01.sms_20250822
[2025-09-21 00:35:25.313] WARN  [MultiTableRepo.sms] Table does not exist: sms_shard_01.sms_20250823
[2025-09-21 00:35:25.313] WARN  [MultiTableRepo.sms] Table does not exist: sms_shard_01.sms_20250824
[2025-09-21 00:35:25.314] WARN  [MultiTableRepo.sms] Table does not exist: sms_shard_01.sms_20250825
[2025-09-21 00:35:25.315] WARN  [MultiTableRepo.sms] Table does not exist: sms_shard_01.sms_20250826
[2025-09-21 00:35:25.316] WARN  [MultiTableRepo.sms] Table does not exist: sms_shard_01.sms_20250827
[2025-09-21 00:35:25.318] WARN  [MultiTableRepo.sms] Table does not exist: sms_shard_01.sms_20250828
[2025-09-21 00:35:25.319] WARN  [MultiTableRepo.sms] Table does not exist: sms_shard_01.sms_20250829
[2025-09-21 00:35:25.320] WARN  [MultiTableRepo.sms] Table does not exist: sms_shard_01.sms_20250830
[2025-09-21 00:35:25.322] WARN  [MultiTableRepo.sms] Table does not exist: sms_shard_01.sms_20250831
[2025-09-21 00:35:25.323] WARN  [MultiTableRepo.sms] Table does not exist: sms_shard_01.sms_20250901
[2025-09-21 00:35:25.324] WARN  [MultiTableRepo.sms] Table does not exist: sms_shard_01.sms_20250902
[2025-09-21 00:35:25.325] WARN  [MultiTableRepo.sms] Table does not exist: sms_shard_01.sms_20250903
[2025-09-21 00:35:25.326] WARN  [MultiTableRepo.sms] Table does not exist: sms_shard_01.sms_20250904
[2025-09-21 00:35:25.327] WARN  [MultiTableRepo.sms] Table does not exist: sms_shard_01.sms_20250905
[2025-09-21 00:35:25.349] WARN  [MultiTableRepo.sms] Table does not exist: sms_shard_01.sms_20250905
[2025-09-21 00:35:25.361] WARN  [MultiTableRepo.sms] Table does not exist: sms_shard_01.sms_20250815
[2025-09-21 00:35:25.362] WARN  [MultiTableRepo.sms] Table does not exist: sms_shard_01.sms_20250816
[2025-09-21 00:35:25.363] WARN  [MultiTableRepo.sms] Table does not exist: sms_shard_01.sms_20250817
[2025-09-21 00:35:25.364] WARN  [MultiTableRepo.sms] Table does not exist: sms_shard_01.sms_20250818
[2025-09-21 00:35:25.365] WARN  [MultiTableRepo.sms] Table does not exist: sms_shard_01.sms_20250819
[2025-09-21 00:35:25.366] WARN  [MultiTableRepo.sms] Table does not exist: sms_shard_01.sms_20250820
[2025-09-21 00:35:25.367] WARN  [MultiTableRepo.sms] Table does not exist: sms_shard_01.sms_20250821
[2025-09-21 00:35:25.367] WARN  [MultiTableRepo.sms] Table does not exist: sms_shard_01.sms_20250822
[2025-09-21 00:35:25.368] WARN  [MultiTableRepo.sms] Table does not exist: sms_shard_01.sms_20250823
[2025-09-21 00:35:25.369] WARN  [MultiTableRepo.sms] Table does not exist: sms_shard_01.sms_20250824
[2025-09-21 00:35:25.370] WARN  [MultiTableRepo.sms] Table does not exist: sms_shard_01.sms_20250825
[2025-09-21 00:35:25.371] WARN  [MultiTableRepo.sms] Table does not exist: sms_shard_01.sms_20250826
[2025-09-21 00:35:25.372] WARN  [MultiTableRepo.sms] Table does not exist: sms_shard_01.sms_20250827
[2025-09-21 00:35:25.373] WARN  [MultiTableRepo.sms] Table does not exist: sms_shard_01.sms_20250828
[2025-09-21 00:35:25.373] WARN  [MultiTableRepo.sms] Table does not exist: sms_shard_01.sms_20250829
[2025-09-21 00:35:25.374] WARN  [MultiTableRepo.sms] Table does not exist: sms_shard_01.sms_20250830
[2025-09-21 00:35:25.375] WARN  [MultiTableRepo.sms] Table does not exist: sms_shard_01.sms_20250831
[2025-09-21 00:35:25.376] WARN  [MultiTableRepo.sms] Table does not exist: sms_shard_01.sms_20250901
[2025-09-21 00:35:25.377] WARN  [MultiTableRepo.sms] Table does not exist: sms_shard_01.sms_20250902
[2025-09-21 00:35:25.378] WARN  [MultiTableRepo.sms] Table does not exist: sms_shard_01.sms_20250903
[2025-09-21 00:35:25.379] WARN  [MultiTableRepo.sms] Table does not exist: sms_shard_01.sms_20250904
[2025-09-21 00:35:25.380] WARN  [MultiTableRepo.sms] Table does not exist: sms_shard_01.sms_20250905
[2025-09-21 00:35:25.546] WARN  [MultiTableRepo.sms] Table does not exist: sms_shard_01.sms_20250821
[2025-09-21 00:35:25.549] WARN  [MultiTableRepo.sms] Table does not exist: sms_shard_01.sms_20250822
[2025-09-21 00:35:25.551] WARN  [MultiTableRepo.sms] Table does not exist: sms_shard_01.sms_20250823
[2025-09-21 00:35:25.553] WARN  [MultiTableRepo.sms] Table does not exist: sms_shard_01.sms_20250824
[2025-09-21 00:35:25.555] WARN  [MultiTableRepo.sms] Table does not exist: sms_shard_01.sms_20250825
[2025-09-21 00:35:25.557] WARN  [MultiTableRepo.sms] Table does not exist: sms_shard_01.sms_20250826
[2025-09-21 00:35:25.559] WARN  [MultiTableRepo.sms] Table does not exist: sms_shard_01.sms_20250827
[2025-09-21 00:35:25.561] WARN  [MultiTableRepo.sms] Table does not exist: sms_shard_01.sms_20250828
[2025-09-21 00:35:25.562] WARN  [MultiTableRepo.sms] Table does not exist: sms_shard_01.sms_20250829
[2025-09-21 00:35:25.564] WARN  [MultiTableRepo.sms] Table does not exist: sms_shard_01.sms_20250830
[2025-09-21 00:35:25.565] WARN  [MultiTableRepo.sms] Table does not exist: sms_shard_01.sms_20250831
[2025-09-21 00:35:25.567] WARN  [MultiTableRepo.sms] Table does not exist: sms_shard_01.sms_20250901
[2025-09-21 00:35:25.568] WARN  [MultiTableRepo.sms] Table does not exist: sms_shard_01.sms_20250902
[2025-09-21 00:35:25.569] WARN  [MultiTableRepo.sms] Table does not exist: sms_shard_01.sms_20250903
[2025-09-21 00:35:25.572] WARN  [MultiTableRepo.sms] Table does not exist: sms_shard_01.sms_20250904
[2025-09-21 00:35:25.574] WARN  [MultiTableRepo.sms] Table does not exist: sms_shard_01.sms_20250905
[2025-09-21 00:35:25.636] WARN  [MultiTableRepo.sms] Table does not exist: sms_shard_01.sms_20250818
[2025-09-21 00:35:25.637] WARN  [MultiTableRepo.sms] Table does not exist: sms_shard_01.sms_20250819
[2025-09-21 00:35:25.638] WARN  [MultiTableRepo.sms] Table does not exist: sms_shard_01.sms_20250820
[2025-09-21 00:35:25.639] WARN  [MultiTableRepo.sms] Table does not exist: sms_shard_01.sms_20250821
[2025-09-21 00:35:25.639] WARN  [MultiTableRepo.sms] Table does not exist: sms_shard_01.sms_20250822
[2025-09-21 00:35:25.640] WARN  [MultiTableRepo.sms] Table does not exist: sms_shard_01.sms_20250823
[2025-09-21 00:35:25.641] WARN  [MultiTableRepo.sms] Table does not exist: sms_shard_01.sms_20250824
[2025-09-21 00:35:25.642] WARN  [MultiTableRepo.sms] Table does not exist: sms_shard_01.sms_20250825
[2025-09-21 00:35:25.643] WARN  [MultiTableRepo.sms] Table does not exist: sms_shard_01.sms_20250826
[2025-09-21 00:35:25.643] WARN  [MultiTableRepo.sms] Table does not exist: sms_shard_01.sms_20250827
[2025-09-21 00:35:25.644] WARN  [MultiTableRepo.sms] Table does not exist: sms_shard_01.sms_20250828
[2025-09-21 00:35:25.645] WARN  [MultiTableRepo.sms] Table does not exist: sms_shard_01.sms_20250829
[2025-09-21 00:35:25.646] WARN  [MultiTableRepo.sms] Table does not exist: sms_shard_01.sms_20250830
[2025-09-21 00:35:25.647] WARN  [MultiTableRepo.sms] Table does not exist: sms_shard_01.sms_20250831
[2025-09-21 00:35:25.648] WARN  [MultiTableRepo.sms] Table does not exist: sms_shard_01.sms_20250901
[2025-09-21 00:35:25.649] WARN  [MultiTableRepo.sms] Table does not exist: sms_shard_01.sms_20250902
[2025-09-21 00:35:25.649] WARN  [MultiTableRepo.sms] Table does not exist: sms_shard_01.sms_20250903
[2025-09-21 00:35:25.650] WARN  [MultiTableRepo.sms] Table does not exist: sms_shard_01.sms_20250904
[2025-09-21 00:35:25.651] WARN  [MultiTableRepo.sms] Table does not exist: sms_shard_01.sms_20250905
[2025-09-21 00:35:25.698] WARN  [MultiTableRepo.sms] Table does not exist: sms_shard_01.sms_20250905
[2025-09-21 00:35:25.841] WARN  [MultiTableRepo.sms] Table does not exist: sms_shard_01.sms_20250821
[2025-09-21 00:35:25.843] WARN  [MultiTableRepo.sms] Table does not exist: sms_shard_01.sms_20250822
[2025-09-21 00:35:25.844] WARN  [MultiTableRepo.sms] Table does not exist: sms_shard_01.sms_20250823
[2025-09-21 00:35:25.846] WARN  [MultiTableRepo.sms] Table does not exist: sms_shard_01.sms_20250824
[2025-09-21 00:35:25.847] WARN  [MultiTableRepo.sms] Table does not exist: sms_shard_01.sms_20250825
[2025-09-21 00:35:25.849] WARN  [MultiTableRepo.sms] Table does not exist: sms_shard_01.sms_20250826
[2025-09-21 00:35:25.850] WARN  [MultiTableRepo.sms] Table does not exist: sms_shard_01.sms_20250827
[2025-09-21 00:35:25.851] WARN  [MultiTableRepo.sms] Table does not exist: sms_shard_01.sms_20250828
[2025-09-21 00:35:25.853] WARN  [MultiTableRepo.sms] Table does not exist: sms_shard_01.sms_20250829
[2025-09-21 00:35:25.854] WARN  [MultiTableRepo.sms] Table does not exist: sms_shard_01.sms_20250830
[2025-09-21 00:35:25.856] WARN  [MultiTableRepo.sms] Table does not exist: sms_shard_01.sms_20250831
[2025-09-21 00:35:25.857] WARN  [MultiTableRepo.sms] Table does not exist: sms_shard_01.sms_20250901
[2025-09-21 00:35:25.859] WARN  [MultiTableRepo.sms] Table does not exist: sms_shard_01.sms_20250902
[2025-09-21 00:35:25.860] WARN  [MultiTableRepo.sms] Table does not exist: sms_shard_01.sms_20250903
[2025-09-21 00:35:25.861] WARN  [MultiTableRepo.sms] Table does not exist: sms_shard_01.sms_20250904
[2025-09-21 00:35:25.863] WARN  [MultiTableRepo.sms] Table does not exist: sms_shard_01.sms_20250905
[2025-09-21 00:35:25.904] WARN  [MultiTableRepo.sms] Table does not exist: sms_shard_01.sms_20250819
[2025-09-21 00:35:25.905] WARN  [MultiTableRepo.sms] Table does not exist: sms_shard_01.sms_20250820
[2025-09-21 00:35:25.906] WARN  [MultiTableRepo.sms] Table does not exist: sms_shard_01.sms_20250821
[2025-09-21 00:35:25.906] WARN  [MultiTableRepo.sms] Table does not exist: sms_shard_01.sms_20250822
[2025-09-21 00:35:25.907] WARN  [MultiTableRepo.sms] Table does not exist: sms_shard_01.sms_20250823
[2025-09-21 00:35:25.908] WARN  [MultiTableRepo.sms] Table does not exist: sms_shard_01.sms_20250824
[2025-09-21 00:35:25.909] WARN  [MultiTableRepo.sms] Table does not exist: sms_shard_01.sms_20250825
[2025-09-21 00:35:25.910] WARN  [MultiTableRepo.sms] Table does not exist: sms_shard_01.sms_20250826
[2025-09-21 00:35:25.913] WARN  [MultiTableRepo.sms] Table does not exist: sms_shard_01.sms_20250827
[2025-09-21 00:35:25.915] WARN  [MultiTableRepo.sms] Table does not exist: sms_shard_01.sms_20250828
[2025-09-21 00:35:25.916] WARN  [MultiTableRepo.sms] Table does not exist: sms_shard_01.sms_20250829
[2025-09-21 00:35:25.916] WARN  [MultiTableRepo.sms] Table does not exist: sms_shard_01.sms_20250830
[2025-09-21 00:35:25.917] WARN  [MultiTableRepo.sms] Table does not exist: sms_shard_01.sms_20250831
[2025-09-21 00:35:25.918] WARN  [MultiTableRepo.sms] Table does not exist: sms_shard_01.sms_20250901
[2025-09-21 00:35:25.919] WARN  [MultiTableRepo.sms] Table does not exist: sms_shard_01.sms_20250902
[2025-09-21 00:35:25.920] WARN  [MultiTableRepo.sms] Table does not exist: sms_shard_01.sms_20250903
[2025-09-21 00:35:25.921] WARN  [MultiTableRepo.sms] Table does not exist: sms_shard_01.sms_20250904
[2025-09-21 00:35:25.922] WARN  [MultiTableRepo.sms] Table does not exist: sms_shard_01.sms_20250905
[2025-09-21 00:35:25.999] WARN  [MultiTableRepo.sms] Table does not exist: sms_shard_01.sms_20250905
[2025-09-21 00:35:26.041] WARN  [MultiTableRepo.sms] Table does not exist: sms_shard_01.sms_20250822
[2025-09-21 00:35:26.043] WARN  [MultiTableRepo.sms] Table does not exist: sms_shard_01.sms_20250823
[2025-09-21 00:35:26.044] WARN  [MultiTableRepo.sms] Table does not exist: sms_shard_01.sms_20250824
[2025-09-21 00:35:26.045] WARN  [MultiTableRepo.sms] Table does not exist: sms_shard_01.sms_20250825
[2025-09-21 00:35:26.046] WARN  [MultiTableRepo.sms] Table does not exist: sms_shard_01.sms_20250826
[2025-09-21 00:35:26.047] WARN  [MultiTableRepo.sms] Table does not exist: sms_shard_01.sms_20250827
[2025-09-21 00:35:26.048] WARN  [MultiTableRepo.sms] Table does not exist: sms_shard_01.sms_20250828
[2025-09-21 00:35:26.049] WARN  [MultiTableRepo.sms] Table does not exist: sms_shard_01.sms_20250829
[2025-09-21 00:35:26.051] WARN  [MultiTableRepo.sms] Table does not exist: sms_shard_01.sms_20250830
[2025-09-21 00:35:26.052] WARN  [MultiTableRepo.sms] Table does not exist: sms_shard_01.sms_20250831
[2025-09-21 00:35:26.053] WARN  [MultiTableRepo.sms] Table does not exist: sms_shard_01.sms_20250901
[2025-09-21 00:35:26.055] WARN  [MultiTableRepo.sms] Table does not exist: sms_shard_01.sms_20250902
[2025-09-21 00:35:26.056] WARN  [MultiTableRepo.sms] Table does not exist: sms_shard_01.sms_20250903
[2025-09-21 00:35:26.057] WARN  [MultiTableRepo.sms] Table does not exist: sms_shard_01.sms_20250904
[2025-09-21 00:35:26.058] WARN  [MultiTableRepo.sms] Table does not exist: sms_shard_01.sms_20250905
]]></system-err>
  </testcase>
</testsuite>