<?xml version="1.0" encoding="UTF-8"?>
<testsuite xmlns:xsi="http://www.w3.org/2001/XMLSchema-instance" xsi:noNamespaceSchemaLocation="https://maven.apache.org/surefire/maven-surefire-plugin/xsd/surefire-test-report.xsd" version="3.0.2" name="com.telcobright.splitverse.tests.ComprehensiveStrategyTest" time="16.07" tests="17" errors="1" skipped="0" failures="4">
  <properties>
    <property name="java.specification.version" value="21"/>
    <property name="sun.jnu.encoding" value="UTF-8"/>
    <property name="java.class.path" value="/home/mustafa/telcobright-projects/routesphere/split-verse/target/test-classes:/home/mustafa/telcobright-projects/routesphere/split-verse/target/classes:/home/mustafa/.m2/repository/org/slf4j/slf4j-api/1.7.36/slf4j-api-1.7.36.jar:/home/mustafa/.m2/repository/com/mysql/mysql-connector-j/8.0.33/mysql-connector-j-8.0.33.jar:/home/mustafa/.m2/repository/com/telcobright/dbutil/1.0-SNAPSHOT/dbutil-1.0-SNAPSHOT.jar:/home/mustafa/.m2/repository/commons-io/commons-io/2.20.0/commons-io-2.20.0.jar:/home/mustafa/.m2/repository/org/apache/commons/commons-lang3/3.18.0/commons-lang3-3.18.0.jar:/home/mustafa/.m2/repository/ch/qos/logback/logback-classic/1.4.11/logback-classic-1.4.11.jar:/home/mustafa/.m2/repository/ch/qos/logback/logback-core/1.4.11/logback-core-1.4.11.jar:/home/mustafa/.m2/repository/org/springframework/data/spring-data-jpa/2.7.14/spring-data-jpa-2.7.14.jar:/home/mustafa/.m2/repository/org/springframework/data/spring-data-commons/2.7.14/spring-data-commons-2.7.14.jar:/home/mustafa/.m2/repository/org/springframework/spring-orm/5.3.29/spring-orm-5.3.29.jar:/home/mustafa/.m2/repository/org/springframework/spring-jdbc/5.3.29/spring-jdbc-5.3.29.jar:/home/mustafa/.m2/repository/org/springframework/spring-aop/5.3.29/spring-aop-5.3.29.jar:/home/mustafa/.m2/repository/org/springframework/spring-tx/5.3.29/spring-tx-5.3.29.jar:/home/mustafa/.m2/repository/org/springframework/spring-beans/5.3.29/spring-beans-5.3.29.jar:/home/mustafa/.m2/repository/org/springframework/spring-core/5.3.29/spring-core-5.3.29.jar:/home/mustafa/.m2/repository/org/springframework/spring-jcl/5.3.29/spring-jcl-5.3.29.jar:/home/mustafa/.m2/repository/javax/persistence/javax.persistence-api/2.2/javax.persistence-api-2.2.jar:/home/mustafa/.m2/repository/org/hibernate/hibernate-core/5.6.15.Final/hibernate-core-5.6.15.Final.jar:/home/mustafa/.m2/repository/org/jboss/logging/jboss-logging/3.6.1.Final/jboss-logging-3.6.1.Final.jar:/home/mustafa/.m2/repository/net/bytebuddy/byte-buddy/1.17.6/byte-buddy-1.17.6.jar:/home/mustafa/.m2/repository/antlr/antlr/2.7.7/antlr-2.7.7.jar:/home/mustafa/.m2/repository/org/jboss/spec/javax/transaction/jboss-transaction-api_1.2_spec/1.1.1.Final/jboss-transaction-api_1.2_spec-1.1.1.Final.jar:/home/mustafa/.m2/repository/org/jboss/jandex/2.4.2.Final/jandex-2.4.2.Final.jar:/home/mustafa/.m2/repository/com/fasterxml/classmate/1.7.0/classmate-1.7.0.jar:/home/mustafa/.m2/repository/javax/activation/javax.activation-api/1.2.0/javax.activation-api-1.2.0.jar:/home/mustafa/.m2/repository/org/hibernate/common/hibernate-commons-annotations/5.1.2.Final/hibernate-commons-annotations-5.1.2.Final.jar:/home/mustafa/.m2/repository/javax/xml/bind/jaxb-api/2.3.1/jaxb-api-2.3.1.jar:/home/mustafa/.m2/repository/org/glassfish/jaxb/jaxb-runtime/4.0.5/jaxb-runtime-4.0.5.jar:/home/mustafa/.m2/repository/org/glassfish/jaxb/jaxb-core/4.0.5/jaxb-core-4.0.5.jar:/home/mustafa/.m2/repository/org/eclipse/angus/angus-activation/2.0.2/angus-activation-2.0.2.jar:/home/mustafa/.m2/repository/org/glassfish/jaxb/txw2/4.0.5/txw2-4.0.5.jar:/home/mustafa/.m2/repository/com/sun/istack/istack-commons-runtime/4.1.2/istack-commons-runtime-4.1.2.jar:/home/mustafa/.m2/repository/org/springframework/spring-context/5.3.30/spring-context-5.3.30.jar:/home/mustafa/.m2/repository/org/springframework/spring-expression/5.3.30/spring-expression-5.3.30.jar:/home/mustafa/.m2/repository/com/zaxxer/HikariCP/5.0.1/HikariCP-5.0.1.jar:/home/mustafa/.m2/repository/org/springframework/boot/spring-boot-starter-test/2.7.14/spring-boot-starter-test-2.7.14.jar:/home/mustafa/.m2/repository/org/springframework/boot/spring-boot-starter/2.7.14/spring-boot-starter-2.7.14.jar:/home/mustafa/.m2/repository/org/springframework/boot/spring-boot/2.7.14/spring-boot-2.7.14.jar:/home/mustafa/.m2/repository/org/springframework/boot/spring-boot-autoconfigure/2.7.14/spring-boot-autoconfigure-2.7.14.jar:/home/mustafa/.m2/repository/org/springframework/boot/spring-boot-starter-logging/2.7.14/spring-boot-starter-logging-2.7.14.jar:/home/mustafa/.m2/repository/org/slf4j/jul-to-slf4j/1.7.36/jul-to-slf4j-1.7.36.jar:/home/mustafa/.m2/repository/jakarta/annotation/jakarta.annotation-api/3.0.0/jakarta.annotation-api-3.0.0.jar:/home/mustafa/.m2/repository/org/yaml/snakeyaml/2.4/snakeyaml-2.4.jar:/home/mustafa/.m2/repository/org/springframework/boot/spring-boot-test/2.7.14/spring-boot-test-2.7.14.jar:/home/mustafa/.m2/repository/org/springframework/boot/spring-boot-test-autoconfigure/2.7.14/spring-boot-test-autoconfigure-2.7.14.jar:/home/mustafa/.m2/repository/com/jayway/jsonpath/json-path/2.7.0/json-path-2.7.0.jar:/home/mustafa/.m2/repository/net/minidev/json-smart/2.4.7/json-smart-2.4.7.jar:/home/mustafa/.m2/repository/net/minidev/accessors-smart/2.4.7/accessors-smart-2.4.7.jar:/home/mustafa/.m2/repository/org/ow2/asm/asm/9.8/asm-9.8.jar:/home/mustafa/.m2/repository/jakarta/xml/bind/jakarta.xml.bind-api/4.0.2/jakarta.xml.bind-api-4.0.2.jar:/home/mustafa/.m2/repository/jakarta/activation/jakarta.activation-api/2.1.3/jakarta.activation-api-2.1.3.jar:/home/mustafa/.m2/repository/org/hamcrest/hamcrest/2.2/hamcrest-2.2.jar:/home/mustafa/.m2/repository/org/skyscreamer/jsonassert/1.5.1/jsonassert-1.5.1.jar:/home/mustafa/.m2/repository/com/vaadin/external/google/android-json/0.0.20131108.vaadin1/android-json-0.0.20131108.vaadin1.jar:/home/mustafa/.m2/repository/org/springframework/spring-test/5.3.29/spring-test-5.3.29.jar:/home/mustafa/.m2/repository/org/xmlunit/xmlunit-core/2.9.1/xmlunit-core-2.9.1.jar:/home/mustafa/.m2/repository/com/fasterxml/jackson/core/jackson-databind/2.15.2/jackson-databind-2.15.2.jar:/home/mustafa/.m2/repository/com/fasterxml/jackson/core/jackson-annotations/2.19.2/jackson-annotations-2.19.2.jar:/home/mustafa/.m2/repository/com/fasterxml/jackson/core/jackson-core/2.19.2/jackson-core-2.19.2.jar:/home/mustafa/.m2/repository/com/fasterxml/jackson/datatype/jackson-datatype-jsr310/2.15.2/jackson-datatype-jsr310-2.15.2.jar:/home/mustafa/.m2/repository/org/junit/jupiter/junit-jupiter/5.9.2/junit-jupiter-5.9.2.jar:/home/mustafa/.m2/repository/org/junit/jupiter/junit-jupiter-api/5.13.4/junit-jupiter-api-5.13.4.jar:/home/mustafa/.m2/repository/org/opentest4j/opentest4j/1.3.0/opentest4j-1.3.0.jar:/home/mustafa/.m2/repository/org/junit/platform/junit-platform-commons/1.13.4/junit-platform-commons-1.13.4.jar:/home/mustafa/.m2/repository/org/junit/jupiter/junit-jupiter-engine/5.13.4/junit-jupiter-engine-5.13.4.jar:/home/mustafa/.m2/repository/org/junit/platform/junit-platform-engine/1.13.4/junit-platform-engine-1.13.4.jar:/home/mustafa/.m2/repository/org/junit/jupiter/junit-jupiter-params/5.9.2/junit-jupiter-params-5.9.2.jar:/home/mustafa/.m2/repository/org/apiguardian/apiguardian-api/1.1.2/apiguardian-api-1.1.2.jar:/home/mustafa/.m2/repository/org/mockito/mockito-core/5.1.1/mockito-core-5.1.1.jar:/home/mustafa/.m2/repository/net/bytebuddy/byte-buddy-agent/1.12.22/byte-buddy-agent-1.12.22.jar:/home/mustafa/.m2/repository/org/objenesis/objenesis/3.3/objenesis-3.3.jar:/home/mustafa/.m2/repository/org/mockito/mockito-junit-jupiter/5.1.1/mockito-junit-jupiter-5.1.1.jar:/home/mustafa/.m2/repository/org/assertj/assertj-core/3.24.2/assertj-core-3.24.2.jar:/home/mustafa/.m2/repository/org/testcontainers/junit-jupiter/1.19.0/junit-jupiter-1.19.0.jar:/home/mustafa/.m2/repository/org/testcontainers/testcontainers/1.21.3/testcontainers-1.21.3.jar:/home/mustafa/.m2/repository/junit/junit/4.13.2/junit-4.13.2.jar:/home/mustafa/.m2/repository/org/apache/commons/commons-compress/1.28.0/commons-compress-1.28.0.jar:/home/mustafa/.m2/repository/commons-codec/commons-codec/1.19.0/commons-codec-1.19.0.jar:/home/mustafa/.m2/repository/org/rnorth/duct-tape/duct-tape/1.0.8/duct-tape-1.0.8.jar:/home/mustafa/.m2/repository/org/jetbrains/annotations/26.0.2/annotations-26.0.2.jar:/home/mustafa/.m2/repository/com/github/docker-java/docker-java-api/3.4.2/docker-java-api-3.4.2.jar:/home/mustafa/.m2/repository/com/github/docker-java/docker-java-transport-zerodep/3.4.2/docker-java-transport-zerodep-3.4.2.jar:/home/mustafa/.m2/repository/com/github/docker-java/docker-java-transport/3.4.2/docker-java-transport-3.4.2.jar:/home/mustafa/.m2/repository/net/java/dev/jna/jna/5.8.0/jna-5.8.0.jar:/home/mustafa/.m2/repository/org/testcontainers/mysql/1.19.0/mysql-1.19.0.jar:/home/mustafa/.m2/repository/org/testcontainers/jdbc/1.21.3/jdbc-1.21.3.jar:/home/mustafa/.m2/repository/org/testcontainers/database-commons/1.21.3/database-commons-1.21.3.jar:/home/mustafa/.m2/repository/org/awaitility/awaitility/4.2.0/awaitility-4.2.0.jar:/home/mustafa/.m2/repository/org/slf4j/slf4j-simple/1.7.36/slf4j-simple-1.7.36.jar:"/>
    <property name="java.vm.vendor" value="Eclipse Adoptium"/>
    <property name="sun.arch.data.model" value="64"/>
    <property name="java.vendor.url" value="https://adoptium.net/"/>
    <property name="user.timezone" value="Asia/Dhaka"/>
    <property name="os.name" value="Linux"/>
    <property name="java.vm.specification.version" value="21"/>
    <property name="sun.java.launcher" value="SUN_STANDARD"/>
    <property name="user.country" value="US"/>
    <property name="sun.boot.library.path" value="/home/mustafa/.sdkman/candidates/java/21-tem/lib"/>
    <property name="sun.java.command" value="/home/mustafa/telcobright-projects/routesphere/split-verse/target/surefire/surefirebooter-20250919213505675_3.jar /home/mustafa/telcobright-projects/routesphere/split-verse/target/surefire 2025-09-19T21-35-05_559-jvmRun1 surefire-20250919213505675_1tmp surefire_0-20250919213505675_2tmp"/>
    <property name="jdk.debug" value="release"/>
    <property name="surefire.test.class.path" value="/home/mustafa/telcobright-projects/routesphere/split-verse/target/test-classes:/home/mustafa/telcobright-projects/routesphere/split-verse/target/classes:/home/mustafa/.m2/repository/org/slf4j/slf4j-api/1.7.36/slf4j-api-1.7.36.jar:/home/mustafa/.m2/repository/com/mysql/mysql-connector-j/8.0.33/mysql-connector-j-8.0.33.jar:/home/mustafa/.m2/repository/com/telcobright/dbutil/1.0-SNAPSHOT/dbutil-1.0-SNAPSHOT.jar:/home/mustafa/.m2/repository/commons-io/commons-io/2.20.0/commons-io-2.20.0.jar:/home/mustafa/.m2/repository/org/apache/commons/commons-lang3/3.18.0/commons-lang3-3.18.0.jar:/home/mustafa/.m2/repository/ch/qos/logback/logback-classic/1.4.11/logback-classic-1.4.11.jar:/home/mustafa/.m2/repository/ch/qos/logback/logback-core/1.4.11/logback-core-1.4.11.jar:/home/mustafa/.m2/repository/org/springframework/data/spring-data-jpa/2.7.14/spring-data-jpa-2.7.14.jar:/home/mustafa/.m2/repository/org/springframework/data/spring-data-commons/2.7.14/spring-data-commons-2.7.14.jar:/home/mustafa/.m2/repository/org/springframework/spring-orm/5.3.29/spring-orm-5.3.29.jar:/home/mustafa/.m2/repository/org/springframework/spring-jdbc/5.3.29/spring-jdbc-5.3.29.jar:/home/mustafa/.m2/repository/org/springframework/spring-aop/5.3.29/spring-aop-5.3.29.jar:/home/mustafa/.m2/repository/org/springframework/spring-tx/5.3.29/spring-tx-5.3.29.jar:/home/mustafa/.m2/repository/org/springframework/spring-beans/5.3.29/spring-beans-5.3.29.jar:/home/mustafa/.m2/repository/org/springframework/spring-core/5.3.29/spring-core-5.3.29.jar:/home/mustafa/.m2/repository/org/springframework/spring-jcl/5.3.29/spring-jcl-5.3.29.jar:/home/mustafa/.m2/repository/javax/persistence/javax.persistence-api/2.2/javax.persistence-api-2.2.jar:/home/mustafa/.m2/repository/org/hibernate/hibernate-core/5.6.15.Final/hibernate-core-5.6.15.Final.jar:/home/mustafa/.m2/repository/org/jboss/logging/jboss-logging/3.6.1.Final/jboss-logging-3.6.1.Final.jar:/home/mustafa/.m2/repository/net/bytebuddy/byte-buddy/1.17.6/byte-buddy-1.17.6.jar:/home/mustafa/.m2/repository/antlr/antlr/2.7.7/antlr-2.7.7.jar:/home/mustafa/.m2/repository/org/jboss/spec/javax/transaction/jboss-transaction-api_1.2_spec/1.1.1.Final/jboss-transaction-api_1.2_spec-1.1.1.Final.jar:/home/mustafa/.m2/repository/org/jboss/jandex/2.4.2.Final/jandex-2.4.2.Final.jar:/home/mustafa/.m2/repository/com/fasterxml/classmate/1.7.0/classmate-1.7.0.jar:/home/mustafa/.m2/repository/javax/activation/javax.activation-api/1.2.0/javax.activation-api-1.2.0.jar:/home/mustafa/.m2/repository/org/hibernate/common/hibernate-commons-annotations/5.1.2.Final/hibernate-commons-annotations-5.1.2.Final.jar:/home/mustafa/.m2/repository/javax/xml/bind/jaxb-api/2.3.1/jaxb-api-2.3.1.jar:/home/mustafa/.m2/repository/org/glassfish/jaxb/jaxb-runtime/4.0.5/jaxb-runtime-4.0.5.jar:/home/mustafa/.m2/repository/org/glassfish/jaxb/jaxb-core/4.0.5/jaxb-core-4.0.5.jar:/home/mustafa/.m2/repository/org/eclipse/angus/angus-activation/2.0.2/angus-activation-2.0.2.jar:/home/mustafa/.m2/repository/org/glassfish/jaxb/txw2/4.0.5/txw2-4.0.5.jar:/home/mustafa/.m2/repository/com/sun/istack/istack-commons-runtime/4.1.2/istack-commons-runtime-4.1.2.jar:/home/mustafa/.m2/repository/org/springframework/spring-context/5.3.30/spring-context-5.3.30.jar:/home/mustafa/.m2/repository/org/springframework/spring-expression/5.3.30/spring-expression-5.3.30.jar:/home/mustafa/.m2/repository/com/zaxxer/HikariCP/5.0.1/HikariCP-5.0.1.jar:/home/mustafa/.m2/repository/org/springframework/boot/spring-boot-starter-test/2.7.14/spring-boot-starter-test-2.7.14.jar:/home/mustafa/.m2/repository/org/springframework/boot/spring-boot-starter/2.7.14/spring-boot-starter-2.7.14.jar:/home/mustafa/.m2/repository/org/springframework/boot/spring-boot/2.7.14/spring-boot-2.7.14.jar:/home/mustafa/.m2/repository/org/springframework/boot/spring-boot-autoconfigure/2.7.14/spring-boot-autoconfigure-2.7.14.jar:/home/mustafa/.m2/repository/org/springframework/boot/spring-boot-starter-logging/2.7.14/spring-boot-starter-logging-2.7.14.jar:/home/mustafa/.m2/repository/org/slf4j/jul-to-slf4j/1.7.36/jul-to-slf4j-1.7.36.jar:/home/mustafa/.m2/repository/jakarta/annotation/jakarta.annotation-api/3.0.0/jakarta.annotation-api-3.0.0.jar:/home/mustafa/.m2/repository/org/yaml/snakeyaml/2.4/snakeyaml-2.4.jar:/home/mustafa/.m2/repository/org/springframework/boot/spring-boot-test/2.7.14/spring-boot-test-2.7.14.jar:/home/mustafa/.m2/repository/org/springframework/boot/spring-boot-test-autoconfigure/2.7.14/spring-boot-test-autoconfigure-2.7.14.jar:/home/mustafa/.m2/repository/com/jayway/jsonpath/json-path/2.7.0/json-path-2.7.0.jar:/home/mustafa/.m2/repository/net/minidev/json-smart/2.4.7/json-smart-2.4.7.jar:/home/mustafa/.m2/repository/net/minidev/accessors-smart/2.4.7/accessors-smart-2.4.7.jar:/home/mustafa/.m2/repository/org/ow2/asm/asm/9.8/asm-9.8.jar:/home/mustafa/.m2/repository/jakarta/xml/bind/jakarta.xml.bind-api/4.0.2/jakarta.xml.bind-api-4.0.2.jar:/home/mustafa/.m2/repository/jakarta/activation/jakarta.activation-api/2.1.3/jakarta.activation-api-2.1.3.jar:/home/mustafa/.m2/repository/org/hamcrest/hamcrest/2.2/hamcrest-2.2.jar:/home/mustafa/.m2/repository/org/skyscreamer/jsonassert/1.5.1/jsonassert-1.5.1.jar:/home/mustafa/.m2/repository/com/vaadin/external/google/android-json/0.0.20131108.vaadin1/android-json-0.0.20131108.vaadin1.jar:/home/mustafa/.m2/repository/org/springframework/spring-test/5.3.29/spring-test-5.3.29.jar:/home/mustafa/.m2/repository/org/xmlunit/xmlunit-core/2.9.1/xmlunit-core-2.9.1.jar:/home/mustafa/.m2/repository/com/fasterxml/jackson/core/jackson-databind/2.15.2/jackson-databind-2.15.2.jar:/home/mustafa/.m2/repository/com/fasterxml/jackson/core/jackson-annotations/2.19.2/jackson-annotations-2.19.2.jar:/home/mustafa/.m2/repository/com/fasterxml/jackson/core/jackson-core/2.19.2/jackson-core-2.19.2.jar:/home/mustafa/.m2/repository/com/fasterxml/jackson/datatype/jackson-datatype-jsr310/2.15.2/jackson-datatype-jsr310-2.15.2.jar:/home/mustafa/.m2/repository/org/junit/jupiter/junit-jupiter/5.9.2/junit-jupiter-5.9.2.jar:/home/mustafa/.m2/repository/org/junit/jupiter/junit-jupiter-api/5.13.4/junit-jupiter-api-5.13.4.jar:/home/mustafa/.m2/repository/org/opentest4j/opentest4j/1.3.0/opentest4j-1.3.0.jar:/home/mustafa/.m2/repository/org/junit/platform/junit-platform-commons/1.13.4/junit-platform-commons-1.13.4.jar:/home/mustafa/.m2/repository/org/junit/jupiter/junit-jupiter-engine/5.13.4/junit-jupiter-engine-5.13.4.jar:/home/mustafa/.m2/repository/org/junit/platform/junit-platform-engine/1.13.4/junit-platform-engine-1.13.4.jar:/home/mustafa/.m2/repository/org/junit/jupiter/junit-jupiter-params/5.9.2/junit-jupiter-params-5.9.2.jar:/home/mustafa/.m2/repository/org/apiguardian/apiguardian-api/1.1.2/apiguardian-api-1.1.2.jar:/home/mustafa/.m2/repository/org/mockito/mockito-core/5.1.1/mockito-core-5.1.1.jar:/home/mustafa/.m2/repository/net/bytebuddy/byte-buddy-agent/1.12.22/byte-buddy-agent-1.12.22.jar:/home/mustafa/.m2/repository/org/objenesis/objenesis/3.3/objenesis-3.3.jar:/home/mustafa/.m2/repository/org/mockito/mockito-junit-jupiter/5.1.1/mockito-junit-jupiter-5.1.1.jar:/home/mustafa/.m2/repository/org/assertj/assertj-core/3.24.2/assertj-core-3.24.2.jar:/home/mustafa/.m2/repository/org/testcontainers/junit-jupiter/1.19.0/junit-jupiter-1.19.0.jar:/home/mustafa/.m2/repository/org/testcontainers/testcontainers/1.21.3/testcontainers-1.21.3.jar:/home/mustafa/.m2/repository/junit/junit/4.13.2/junit-4.13.2.jar:/home/mustafa/.m2/repository/org/apache/commons/commons-compress/1.28.0/commons-compress-1.28.0.jar:/home/mustafa/.m2/repository/commons-codec/commons-codec/1.19.0/commons-codec-1.19.0.jar:/home/mustafa/.m2/repository/org/rnorth/duct-tape/duct-tape/1.0.8/duct-tape-1.0.8.jar:/home/mustafa/.m2/repository/org/jetbrains/annotations/26.0.2/annotations-26.0.2.jar:/home/mustafa/.m2/repository/com/github/docker-java/docker-java-api/3.4.2/docker-java-api-3.4.2.jar:/home/mustafa/.m2/repository/com/github/docker-java/docker-java-transport-zerodep/3.4.2/docker-java-transport-zerodep-3.4.2.jar:/home/mustafa/.m2/repository/com/github/docker-java/docker-java-transport/3.4.2/docker-java-transport-3.4.2.jar:/home/mustafa/.m2/repository/net/java/dev/jna/jna/5.8.0/jna-5.8.0.jar:/home/mustafa/.m2/repository/org/testcontainers/mysql/1.19.0/mysql-1.19.0.jar:/home/mustafa/.m2/repository/org/testcontainers/jdbc/1.21.3/jdbc-1.21.3.jar:/home/mustafa/.m2/repository/org/testcontainers/database-commons/1.21.3/database-commons-1.21.3.jar:/home/mustafa/.m2/repository/org/awaitility/awaitility/4.2.0/awaitility-4.2.0.jar:/home/mustafa/.m2/repository/org/slf4j/slf4j-simple/1.7.36/slf4j-simple-1.7.36.jar:"/>
    <property name="sun.cpu.endian" value="little"/>
    <property name="user.home" value="/home/mustafa"/>
    <property name="user.language" value="en"/>
    <property name="java.specification.vendor" value="Oracle Corporation"/>
    <property name="java.version.date" value="2023-09-19"/>
    <property name="java.home" value="/home/mustafa/.sdkman/candidates/java/21-tem"/>
    <property name="file.separator" value="/"/>
    <property name="basedir" value="/home/mustafa/telcobright-projects/routesphere/split-verse"/>
    <property name="java.vm.compressedOopsMode" value="Zero based"/>
    <property name="line.separator" value="&#10;"/>
    <property name="java.specification.name" value="Java Platform API Specification"/>
    <property name="java.vm.specification.vendor" value="Oracle Corporation"/>
    <property name="surefire.real.class.path" value="/home/mustafa/telcobright-projects/routesphere/split-verse/target/surefire/surefirebooter-20250919213505675_3.jar"/>
    <property name="sun.management.compiler" value="HotSpot 64-Bit Tiered Compilers"/>
    <property name="java.runtime.version" value="21+35-LTS"/>
    <property name="user.name" value="mustafa"/>
    <property name="stdout.encoding" value="UTF-8"/>
    <property name="path.separator" value=":"/>
    <property name="os.version" value="6.14.0-29-generic"/>
    <property name="java.runtime.name" value="OpenJDK Runtime Environment"/>
    <property name="file.encoding" value="UTF-8"/>
    <property name="java.vm.name" value="OpenJDK 64-Bit Server VM"/>
    <property name="java.vendor.version" value="Temurin-21+35"/>
    <property name="localRepository" value="/home/mustafa/.m2/repository"/>
    <property name="java.vendor.url.bug" value="https://github.com/adoptium/adoptium-support/issues"/>
    <property name="java.io.tmpdir" value="/tmp"/>
    <property name="java.version" value="21"/>
    <property name="user.dir" value="/home/mustafa/telcobright-projects/routesphere/split-verse"/>
    <property name="os.arch" value="amd64"/>
    <property name="java.vm.specification.name" value="Java Virtual Machine Specification"/>
    <property name="native.encoding" value="UTF-8"/>
    <property name="java.library.path" value="/usr/java/packages/lib:/usr/lib64:/lib64:/lib:/usr/lib"/>
    <property name="java.vm.info" value="mixed mode, sharing"/>
    <property name="stderr.encoding" value="UTF-8"/>
    <property name="java.vendor" value="Eclipse Adoptium"/>
    <property name="java.vm.version" value="21+35-LTS"/>
    <property name="sun.io.unicode.encoding" value="UnicodeLittle"/>
    <property name="java.class.version" value="65.0"/>
  </properties>
  <testcase name="testSingleKeyHashStrategy" classname="com.telcobright.splitverse.tests.ComprehensiveStrategyTest" time="0.66">
    <system-out><![CDATA[Created test database: split_verse_comp_test
[SplitVerse] Building repository with:
  Entity: TestEntity
  Table: test_single_key_hash
  Sharding Strategy: SINGLE_KEY_HASH
  Repository Mode: MULTI_TABLE
  Table Granularity: DAILY
  Retention Days: 7
  ID Size: 22 bytes
  Charset: utf8mb4, Collation: utf8mb4_bin
  Shards: 1
[2025-09-19 21:36:39.380] INFO  [MultiTableRepo.test_single_key_hash] Initializing daily tables for retention period: 2025-09-12 to 2025-09-26 (15 days)
[2025-09-19 21:36:39.411] INFO  [MultiTableRepo.test_single_key_hash] Ensured table exists: split_verse_comp_test.test_single_key_hash_20250912
[2025-09-19 21:36:39.443] INFO  [MultiTableRepo.test_single_key_hash] Ensured table exists: split_verse_comp_test.test_single_key_hash_20250913
[2025-09-19 21:36:39.476] INFO  [MultiTableRepo.test_single_key_hash] Ensured table exists: split_verse_comp_test.test_single_key_hash_20250914
[2025-09-19 21:36:39.507] INFO  [MultiTableRepo.test_single_key_hash] Ensured table exists: split_verse_comp_test.test_single_key_hash_20250915
[2025-09-19 21:36:39.540] INFO  [MultiTableRepo.test_single_key_hash] Ensured table exists: split_verse_comp_test.test_single_key_hash_20250916
[2025-09-19 21:36:39.574] INFO  [MultiTableRepo.test_single_key_hash] Ensured table exists: split_verse_comp_test.test_single_key_hash_20250917
[2025-09-19 21:36:39.607] INFO  [MultiTableRepo.test_single_key_hash] Ensured table exists: split_verse_comp_test.test_single_key_hash_20250918
[2025-09-19 21:36:39.641] INFO  [MultiTableRepo.test_single_key_hash] Ensured table exists: split_verse_comp_test.test_single_key_hash_20250919
[2025-09-19 21:36:39.675] INFO  [MultiTableRepo.test_single_key_hash] Ensured table exists: split_verse_comp_test.test_single_key_hash_20250920
[2025-09-19 21:36:39.710] INFO  [MultiTableRepo.test_single_key_hash] Ensured table exists: split_verse_comp_test.test_single_key_hash_20250921
[2025-09-19 21:36:39.742] INFO  [MultiTableRepo.test_single_key_hash] Ensured table exists: split_verse_comp_test.test_single_key_hash_20250922
[2025-09-19 21:36:39.773] INFO  [MultiTableRepo.test_single_key_hash] Ensured table exists: split_verse_comp_test.test_single_key_hash_20250923
[2025-09-19 21:36:39.805] INFO  [MultiTableRepo.test_single_key_hash] Ensured table exists: split_verse_comp_test.test_single_key_hash_20250924
[2025-09-19 21:36:39.837] INFO  [MultiTableRepo.test_single_key_hash] Ensured table exists: split_verse_comp_test.test_single_key_hash_20250925
[2025-09-19 21:36:39.874] INFO  [MultiTableRepo.test_single_key_hash] Ensured table exists: split_verse_comp_test.test_single_key_hash_20250926
[2025-09-19 21:36:39.874] INFO  [MultiTableRepo.test_single_key_hash] Completed table initialization
[SplitVerse] Initialized shard: shard-0
[SplitVerse] Initialized with 1 active shard(s)
[2025-09-19 21:36:39.880] INFO  [MultiTableRepo.test_single_key_hash] Ensured table exists: split_verse_comp_test.test_single_key_hash_20250919
✓ SINGLE_KEY_HASH CRUD operations test passed
]]></system-out>
    <system-err><![CDATA[Sep 19, 2025 9:36:39 PM com.telcobright.core.connection.ConnectionProvider <init>
INFO: ConnectionProvider initialized for: jdbc:mysql://127.0.0.1:3306/split_verse_comp_test?useSSL=false&serverTimezone=UTC&useLegacyDatetimeCode=false&preserveInstants=true
]]></system-err>
  </testcase>
  <testcase name="testDualKeyHashRange_DateTime_Daily" classname="com.telcobright.splitverse.tests.ComprehensiveStrategyTest" time="0.522">
    <system-out><![CDATA[[SplitVerse] Building repository with:
  Entity: TestEntity
  Table: test_dual_key_hash_range_datetime_daily
  Sharding Strategy: DUAL_KEY_HASH_RANGE
  Repository Mode: MULTI_TABLE
  Partition Column: created_at (LOCAL_DATE_TIME)
  Partition Range: DAILY
  Table Granularity: DAILY
  Retention Days: 7
  ID Size: 22 bytes
  Charset: utf8mb4, Collation: utf8mb4_bin
  Shards: 1
[2025-09-19 21:36:40.040] INFO  [MultiTableRepo.test_dual_key_hash_range_datetime_daily] Initializing daily tables for retention period: 2025-09-12 to 2025-09-26 (15 days)
[2025-09-19 21:36:40.074] INFO  [MultiTableRepo.test_dual_key_hash_range_datetime_daily] Ensured table exists: split_verse_comp_test.test_dual_key_hash_range_datetime_daily_20250912
[2025-09-19 21:36:40.107] INFO  [MultiTableRepo.test_dual_key_hash_range_datetime_daily] Ensured table exists: split_verse_comp_test.test_dual_key_hash_range_datetime_daily_20250913
[2025-09-19 21:36:40.140] INFO  [MultiTableRepo.test_dual_key_hash_range_datetime_daily] Ensured table exists: split_verse_comp_test.test_dual_key_hash_range_datetime_daily_20250914
[2025-09-19 21:36:40.171] INFO  [MultiTableRepo.test_dual_key_hash_range_datetime_daily] Ensured table exists: split_verse_comp_test.test_dual_key_hash_range_datetime_daily_20250915
[2025-09-19 21:36:40.202] INFO  [MultiTableRepo.test_dual_key_hash_range_datetime_daily] Ensured table exists: split_verse_comp_test.test_dual_key_hash_range_datetime_daily_20250916
[2025-09-19 21:36:40.233] INFO  [MultiTableRepo.test_dual_key_hash_range_datetime_daily] Ensured table exists: split_verse_comp_test.test_dual_key_hash_range_datetime_daily_20250917
[2025-09-19 21:36:40.265] INFO  [MultiTableRepo.test_dual_key_hash_range_datetime_daily] Ensured table exists: split_verse_comp_test.test_dual_key_hash_range_datetime_daily_20250918
[2025-09-19 21:36:40.297] INFO  [MultiTableRepo.test_dual_key_hash_range_datetime_daily] Ensured table exists: split_verse_comp_test.test_dual_key_hash_range_datetime_daily_20250919
[2025-09-19 21:36:40.329] INFO  [MultiTableRepo.test_dual_key_hash_range_datetime_daily] Ensured table exists: split_verse_comp_test.test_dual_key_hash_range_datetime_daily_20250920
[2025-09-19 21:36:40.362] INFO  [MultiTableRepo.test_dual_key_hash_range_datetime_daily] Ensured table exists: split_verse_comp_test.test_dual_key_hash_range_datetime_daily_20250921
[2025-09-19 21:36:40.394] INFO  [MultiTableRepo.test_dual_key_hash_range_datetime_daily] Ensured table exists: split_verse_comp_test.test_dual_key_hash_range_datetime_daily_20250922
[2025-09-19 21:36:40.426] INFO  [MultiTableRepo.test_dual_key_hash_range_datetime_daily] Ensured table exists: split_verse_comp_test.test_dual_key_hash_range_datetime_daily_20250923
[2025-09-19 21:36:40.457] INFO  [MultiTableRepo.test_dual_key_hash_range_datetime_daily] Ensured table exists: split_verse_comp_test.test_dual_key_hash_range_datetime_daily_20250924
[2025-09-19 21:36:40.490] INFO  [MultiTableRepo.test_dual_key_hash_range_datetime_daily] Ensured table exists: split_verse_comp_test.test_dual_key_hash_range_datetime_daily_20250925
[2025-09-19 21:36:40.521] INFO  [MultiTableRepo.test_dual_key_hash_range_datetime_daily] Ensured table exists: split_verse_comp_test.test_dual_key_hash_range_datetime_daily_20250926
[2025-09-19 21:36:40.521] INFO  [MultiTableRepo.test_dual_key_hash_range_datetime_daily] Completed table initialization
[SplitVerse] Initialized shard: shard-0
[SplitVerse] Initialized with 1 active shard(s)
✓ DUAL_KEY_HASH_RANGE_DateTime_DAILY test passed with 3 entities
]]></system-out>
    <system-err><![CDATA[Sep 19, 2025 9:36:40 PM com.telcobright.core.connection.ConnectionProvider <init>
INFO: ConnectionProvider initialized for: jdbc:mysql://127.0.0.1:3306/split_verse_comp_test?useSSL=false&serverTimezone=UTC&useLegacyDatetimeCode=false&preserveInstants=true
]]></system-err>
  </testcase>
  <testcase name="testDualKeyHashRange_DateTime_Hourly" classname="com.telcobright.splitverse.tests.ComprehensiveStrategyTest" time="3.255">
    <failure message="Should find all 3 entities in date range ==&gt; expected: &lt;true&gt; but was: &lt;false&gt;" type="org.opentest4j.AssertionFailedError"><![CDATA[org.opentest4j.AssertionFailedError: Should find all 3 entities in date range ==> expected: <true> but was: <false>
	at org.junit.jupiter.api.AssertionFailureBuilder.build(AssertionFailureBuilder.java:151)
	at org.junit.jupiter.api.AssertionFailureBuilder.buildAndThrow(AssertionFailureBuilder.java:132)
	at org.junit.jupiter.api.AssertTrue.failNotTrue(AssertTrue.java:63)
	at org.junit.jupiter.api.AssertTrue.assertTrue(AssertTrue.java:36)
	at org.junit.jupiter.api.Assertions.assertTrue(Assertions.java:214)
	at com.telcobright.splitverse.tests.ComprehensiveStrategyTest.testDateTimePartitioning(ComprehensiveStrategyTest.java:179)
	at com.telcobright.splitverse.tests.ComprehensiveStrategyTest.testDualKeyHashRange_DateTime_Hourly(ComprehensiveStrategyTest.java:128)
	at java.base/java.lang.reflect.Method.invoke(Method.java:580)
	at java.base/java.util.ArrayList.forEach(ArrayList.java:1596)
	at java.base/java.util.ArrayList.forEach(ArrayList.java:1596)
]]></failure>
    <system-out><![CDATA[[SplitVerse] Building repository with:
  Entity: TestEntity
  Table: test_dual_key_hash_range_datetime_hourly
  Sharding Strategy: DUAL_KEY_HASH_RANGE
  Repository Mode: MULTI_TABLE
  Partition Column: created_at (LOCAL_DATE_TIME)
  Partition Range: HOURLY
  Table Granularity: HOURLY
  Retention Days: 7
  ID Size: 22 bytes
  Charset: utf8mb4, Collation: utf8mb4_bin
  Shards: 1
[2025-09-19 21:36:40.563] INFO  [MultiTableRepo.test_dual_key_hash_range_datetime_hourly] Initializing hourly tables for: 2025-09-17T21:36:40.563555351 to 2025-09-21T21:36:40.563555351
[2025-09-19 21:36:40.594] INFO  [MultiTableRepo.test_dual_key_hash_range_datetime_hourly] Ensured table exists: split_verse_comp_test.test_dual_key_hash_range_datetime_hourly_2025091721
[2025-09-19 21:36:40.628] INFO  [MultiTableRepo.test_dual_key_hash_range_datetime_hourly] Ensured table exists: split_verse_comp_test.test_dual_key_hash_range_datetime_hourly_2025091722
[2025-09-19 21:36:40.660] INFO  [MultiTableRepo.test_dual_key_hash_range_datetime_hourly] Ensured table exists: split_verse_comp_test.test_dual_key_hash_range_datetime_hourly_2025091723
[2025-09-19 21:36:40.691] INFO  [MultiTableRepo.test_dual_key_hash_range_datetime_hourly] Ensured table exists: split_verse_comp_test.test_dual_key_hash_range_datetime_hourly_2025091800
[2025-09-19 21:36:40.732] INFO  [MultiTableRepo.test_dual_key_hash_range_datetime_hourly] Ensured table exists: split_verse_comp_test.test_dual_key_hash_range_datetime_hourly_2025091801
[2025-09-19 21:36:40.762] INFO  [MultiTableRepo.test_dual_key_hash_range_datetime_hourly] Ensured table exists: split_verse_comp_test.test_dual_key_hash_range_datetime_hourly_2025091802
[2025-09-19 21:36:40.796] INFO  [MultiTableRepo.test_dual_key_hash_range_datetime_hourly] Ensured table exists: split_verse_comp_test.test_dual_key_hash_range_datetime_hourly_2025091803
[2025-09-19 21:36:40.832] INFO  [MultiTableRepo.test_dual_key_hash_range_datetime_hourly] Ensured table exists: split_verse_comp_test.test_dual_key_hash_range_datetime_hourly_2025091804
[2025-09-19 21:36:40.869] INFO  [MultiTableRepo.test_dual_key_hash_range_datetime_hourly] Ensured table exists: split_verse_comp_test.test_dual_key_hash_range_datetime_hourly_2025091805
[2025-09-19 21:36:40.902] INFO  [MultiTableRepo.test_dual_key_hash_range_datetime_hourly] Ensured table exists: split_verse_comp_test.test_dual_key_hash_range_datetime_hourly_2025091806
[2025-09-19 21:36:40.938] INFO  [MultiTableRepo.test_dual_key_hash_range_datetime_hourly] Ensured table exists: split_verse_comp_test.test_dual_key_hash_range_datetime_hourly_2025091807
[2025-09-19 21:36:40.970] INFO  [MultiTableRepo.test_dual_key_hash_range_datetime_hourly] Ensured table exists: split_verse_comp_test.test_dual_key_hash_range_datetime_hourly_2025091808
[2025-09-19 21:36:41.004] INFO  [MultiTableRepo.test_dual_key_hash_range_datetime_hourly] Ensured table exists: split_verse_comp_test.test_dual_key_hash_range_datetime_hourly_2025091809
[2025-09-19 21:36:41.038] INFO  [MultiTableRepo.test_dual_key_hash_range_datetime_hourly] Ensured table exists: split_verse_comp_test.test_dual_key_hash_range_datetime_hourly_2025091810
[2025-09-19 21:36:41.069] INFO  [MultiTableRepo.test_dual_key_hash_range_datetime_hourly] Ensured table exists: split_verse_comp_test.test_dual_key_hash_range_datetime_hourly_2025091811
[2025-09-19 21:36:41.100] INFO  [MultiTableRepo.test_dual_key_hash_range_datetime_hourly] Ensured table exists: split_verse_comp_test.test_dual_key_hash_range_datetime_hourly_2025091812
[2025-09-19 21:36:41.152] INFO  [MultiTableRepo.test_dual_key_hash_range_datetime_hourly] Ensured table exists: split_verse_comp_test.test_dual_key_hash_range_datetime_hourly_2025091813
[2025-09-19 21:36:41.183] INFO  [MultiTableRepo.test_dual_key_hash_range_datetime_hourly] Ensured table exists: split_verse_comp_test.test_dual_key_hash_range_datetime_hourly_2025091814
[2025-09-19 21:36:41.216] INFO  [MultiTableRepo.test_dual_key_hash_range_datetime_hourly] Ensured table exists: split_verse_comp_test.test_dual_key_hash_range_datetime_hourly_2025091815
[2025-09-19 21:36:41.246] INFO  [MultiTableRepo.test_dual_key_hash_range_datetime_hourly] Ensured table exists: split_verse_comp_test.test_dual_key_hash_range_datetime_hourly_2025091816
[2025-09-19 21:36:41.277] INFO  [MultiTableRepo.test_dual_key_hash_range_datetime_hourly] Ensured table exists: split_verse_comp_test.test_dual_key_hash_range_datetime_hourly_2025091817
[2025-09-19 21:36:41.311] INFO  [MultiTableRepo.test_dual_key_hash_range_datetime_hourly] Ensured table exists: split_verse_comp_test.test_dual_key_hash_range_datetime_hourly_2025091818
[2025-09-19 21:36:41.342] INFO  [MultiTableRepo.test_dual_key_hash_range_datetime_hourly] Ensured table exists: split_verse_comp_test.test_dual_key_hash_range_datetime_hourly_2025091819
[2025-09-19 21:36:41.373] INFO  [MultiTableRepo.test_dual_key_hash_range_datetime_hourly] Ensured table exists: split_verse_comp_test.test_dual_key_hash_range_datetime_hourly_2025091820
[2025-09-19 21:36:41.406] INFO  [MultiTableRepo.test_dual_key_hash_range_datetime_hourly] Ensured table exists: split_verse_comp_test.test_dual_key_hash_range_datetime_hourly_2025091821
[2025-09-19 21:36:41.440] INFO  [MultiTableRepo.test_dual_key_hash_range_datetime_hourly] Ensured table exists: split_verse_comp_test.test_dual_key_hash_range_datetime_hourly_2025091822
[2025-09-19 21:36:41.471] INFO  [MultiTableRepo.test_dual_key_hash_range_datetime_hourly] Ensured table exists: split_verse_comp_test.test_dual_key_hash_range_datetime_hourly_2025091823
[2025-09-19 21:36:41.502] INFO  [MultiTableRepo.test_dual_key_hash_range_datetime_hourly] Ensured table exists: split_verse_comp_test.test_dual_key_hash_range_datetime_hourly_2025091900
[2025-09-19 21:36:41.533] INFO  [MultiTableRepo.test_dual_key_hash_range_datetime_hourly] Ensured table exists: split_verse_comp_test.test_dual_key_hash_range_datetime_hourly_2025091901
[2025-09-19 21:36:41.583] INFO  [MultiTableRepo.test_dual_key_hash_range_datetime_hourly] Ensured table exists: split_verse_comp_test.test_dual_key_hash_range_datetime_hourly_2025091902
[2025-09-19 21:36:41.620] INFO  [MultiTableRepo.test_dual_key_hash_range_datetime_hourly] Ensured table exists: split_verse_comp_test.test_dual_key_hash_range_datetime_hourly_2025091903
[2025-09-19 21:36:41.649] INFO  [MultiTableRepo.test_dual_key_hash_range_datetime_hourly] Ensured table exists: split_verse_comp_test.test_dual_key_hash_range_datetime_hourly_2025091904
[2025-09-19 21:36:41.680] INFO  [MultiTableRepo.test_dual_key_hash_range_datetime_hourly] Ensured table exists: split_verse_comp_test.test_dual_key_hash_range_datetime_hourly_2025091905
[2025-09-19 21:36:41.717] INFO  [MultiTableRepo.test_dual_key_hash_range_datetime_hourly] Ensured table exists: split_verse_comp_test.test_dual_key_hash_range_datetime_hourly_2025091906
[2025-09-19 21:36:41.765] INFO  [MultiTableRepo.test_dual_key_hash_range_datetime_hourly] Ensured table exists: split_verse_comp_test.test_dual_key_hash_range_datetime_hourly_2025091907
[2025-09-19 21:36:41.795] INFO  [MultiTableRepo.test_dual_key_hash_range_datetime_hourly] Ensured table exists: split_verse_comp_test.test_dual_key_hash_range_datetime_hourly_2025091908
[2025-09-19 21:36:41.827] INFO  [MultiTableRepo.test_dual_key_hash_range_datetime_hourly] Ensured table exists: split_verse_comp_test.test_dual_key_hash_range_datetime_hourly_2025091909
[2025-09-19 21:36:41.859] INFO  [MultiTableRepo.test_dual_key_hash_range_datetime_hourly] Ensured table exists: split_verse_comp_test.test_dual_key_hash_range_datetime_hourly_2025091910
[2025-09-19 21:36:41.890] INFO  [MultiTableRepo.test_dual_key_hash_range_datetime_hourly] Ensured table exists: split_verse_comp_test.test_dual_key_hash_range_datetime_hourly_2025091911
[2025-09-19 21:36:41.922] INFO  [MultiTableRepo.test_dual_key_hash_range_datetime_hourly] Ensured table exists: split_verse_comp_test.test_dual_key_hash_range_datetime_hourly_2025091912
[2025-09-19 21:36:41.954] INFO  [MultiTableRepo.test_dual_key_hash_range_datetime_hourly] Ensured table exists: split_verse_comp_test.test_dual_key_hash_range_datetime_hourly_2025091913
[2025-09-19 21:36:41.986] INFO  [MultiTableRepo.test_dual_key_hash_range_datetime_hourly] Ensured table exists: split_verse_comp_test.test_dual_key_hash_range_datetime_hourly_2025091914
[2025-09-19 21:36:42.017] INFO  [MultiTableRepo.test_dual_key_hash_range_datetime_hourly] Ensured table exists: split_verse_comp_test.test_dual_key_hash_range_datetime_hourly_2025091915
[2025-09-19 21:36:42.051] INFO  [MultiTableRepo.test_dual_key_hash_range_datetime_hourly] Ensured table exists: split_verse_comp_test.test_dual_key_hash_range_datetime_hourly_2025091916
[2025-09-19 21:36:42.095] INFO  [MultiTableRepo.test_dual_key_hash_range_datetime_hourly] Ensured table exists: split_verse_comp_test.test_dual_key_hash_range_datetime_hourly_2025091917
[2025-09-19 21:36:42.127] INFO  [MultiTableRepo.test_dual_key_hash_range_datetime_hourly] Ensured table exists: split_verse_comp_test.test_dual_key_hash_range_datetime_hourly_2025091918
[2025-09-19 21:36:42.160] INFO  [MultiTableRepo.test_dual_key_hash_range_datetime_hourly] Ensured table exists: split_verse_comp_test.test_dual_key_hash_range_datetime_hourly_2025091919
[2025-09-19 21:36:42.194] INFO  [MultiTableRepo.test_dual_key_hash_range_datetime_hourly] Ensured table exists: split_verse_comp_test.test_dual_key_hash_range_datetime_hourly_2025091920
[2025-09-19 21:36:42.226] INFO  [MultiTableRepo.test_dual_key_hash_range_datetime_hourly] Ensured table exists: split_verse_comp_test.test_dual_key_hash_range_datetime_hourly_2025091921
[2025-09-19 21:36:42.258] INFO  [MultiTableRepo.test_dual_key_hash_range_datetime_hourly] Ensured table exists: split_verse_comp_test.test_dual_key_hash_range_datetime_hourly_2025091922
[2025-09-19 21:36:42.290] INFO  [MultiTableRepo.test_dual_key_hash_range_datetime_hourly] Ensured table exists: split_verse_comp_test.test_dual_key_hash_range_datetime_hourly_2025091923
[2025-09-19 21:36:42.320] INFO  [MultiTableRepo.test_dual_key_hash_range_datetime_hourly] Ensured table exists: split_verse_comp_test.test_dual_key_hash_range_datetime_hourly_2025092000
[2025-09-19 21:36:42.352] INFO  [MultiTableRepo.test_dual_key_hash_range_datetime_hourly] Ensured table exists: split_verse_comp_test.test_dual_key_hash_range_datetime_hourly_2025092001
[2025-09-19 21:36:42.384] INFO  [MultiTableRepo.test_dual_key_hash_range_datetime_hourly] Ensured table exists: split_verse_comp_test.test_dual_key_hash_range_datetime_hourly_2025092002
[2025-09-19 21:36:42.418] INFO  [MultiTableRepo.test_dual_key_hash_range_datetime_hourly] Ensured table exists: split_verse_comp_test.test_dual_key_hash_range_datetime_hourly_2025092003
[2025-09-19 21:36:42.450] INFO  [MultiTableRepo.test_dual_key_hash_range_datetime_hourly] Ensured table exists: split_verse_comp_test.test_dual_key_hash_range_datetime_hourly_2025092004
[2025-09-19 21:36:42.483] INFO  [MultiTableRepo.test_dual_key_hash_range_datetime_hourly] Ensured table exists: split_verse_comp_test.test_dual_key_hash_range_datetime_hourly_2025092005
[2025-09-19 21:36:42.514] INFO  [MultiTableRepo.test_dual_key_hash_range_datetime_hourly] Ensured table exists: split_verse_comp_test.test_dual_key_hash_range_datetime_hourly_2025092006
[2025-09-19 21:36:42.546] INFO  [MultiTableRepo.test_dual_key_hash_range_datetime_hourly] Ensured table exists: split_verse_comp_test.test_dual_key_hash_range_datetime_hourly_2025092007
[2025-09-19 21:36:42.591] INFO  [MultiTableRepo.test_dual_key_hash_range_datetime_hourly] Ensured table exists: split_verse_comp_test.test_dual_key_hash_range_datetime_hourly_2025092008
[2025-09-19 21:36:42.622] INFO  [MultiTableRepo.test_dual_key_hash_range_datetime_hourly] Ensured table exists: split_verse_comp_test.test_dual_key_hash_range_datetime_hourly_2025092009
[2025-09-19 21:36:42.655] INFO  [MultiTableRepo.test_dual_key_hash_range_datetime_hourly] Ensured table exists: split_verse_comp_test.test_dual_key_hash_range_datetime_hourly_2025092010
[2025-09-19 21:36:42.688] INFO  [MultiTableRepo.test_dual_key_hash_range_datetime_hourly] Ensured table exists: split_verse_comp_test.test_dual_key_hash_range_datetime_hourly_2025092011
[2025-09-19 21:36:42.724] INFO  [MultiTableRepo.test_dual_key_hash_range_datetime_hourly] Ensured table exists: split_verse_comp_test.test_dual_key_hash_range_datetime_hourly_2025092012
[2025-09-19 21:36:42.753] INFO  [MultiTableRepo.test_dual_key_hash_range_datetime_hourly] Ensured table exists: split_verse_comp_test.test_dual_key_hash_range_datetime_hourly_2025092013
[2025-09-19 21:36:42.783] INFO  [MultiTableRepo.test_dual_key_hash_range_datetime_hourly] Ensured table exists: split_verse_comp_test.test_dual_key_hash_range_datetime_hourly_2025092014
[2025-09-19 21:36:42.814] INFO  [MultiTableRepo.test_dual_key_hash_range_datetime_hourly] Ensured table exists: split_verse_comp_test.test_dual_key_hash_range_datetime_hourly_2025092015
[2025-09-19 21:36:42.847] INFO  [MultiTableRepo.test_dual_key_hash_range_datetime_hourly] Ensured table exists: split_verse_comp_test.test_dual_key_hash_range_datetime_hourly_2025092016
[2025-09-19 21:36:42.884] INFO  [MultiTableRepo.test_dual_key_hash_range_datetime_hourly] Ensured table exists: split_verse_comp_test.test_dual_key_hash_range_datetime_hourly_2025092017
[2025-09-19 21:36:42.914] INFO  [MultiTableRepo.test_dual_key_hash_range_datetime_hourly] Ensured table exists: split_verse_comp_test.test_dual_key_hash_range_datetime_hourly_2025092018
[2025-09-19 21:36:42.947] INFO  [MultiTableRepo.test_dual_key_hash_range_datetime_hourly] Ensured table exists: split_verse_comp_test.test_dual_key_hash_range_datetime_hourly_2025092019
[2025-09-19 21:36:42.979] INFO  [MultiTableRepo.test_dual_key_hash_range_datetime_hourly] Ensured table exists: split_verse_comp_test.test_dual_key_hash_range_datetime_hourly_2025092020
[2025-09-19 21:36:43.010] INFO  [MultiTableRepo.test_dual_key_hash_range_datetime_hourly] Ensured table exists: split_verse_comp_test.test_dual_key_hash_range_datetime_hourly_2025092021
[2025-09-19 21:36:43.040] INFO  [MultiTableRepo.test_dual_key_hash_range_datetime_hourly] Ensured table exists: split_verse_comp_test.test_dual_key_hash_range_datetime_hourly_2025092022
[2025-09-19 21:36:43.074] INFO  [MultiTableRepo.test_dual_key_hash_range_datetime_hourly] Ensured table exists: split_verse_comp_test.test_dual_key_hash_range_datetime_hourly_2025092023
[2025-09-19 21:36:43.104] INFO  [MultiTableRepo.test_dual_key_hash_range_datetime_hourly] Ensured table exists: split_verse_comp_test.test_dual_key_hash_range_datetime_hourly_2025092100
[2025-09-19 21:36:43.136] INFO  [MultiTableRepo.test_dual_key_hash_range_datetime_hourly] Ensured table exists: split_verse_comp_test.test_dual_key_hash_range_datetime_hourly_2025092101
[2025-09-19 21:36:43.167] INFO  [MultiTableRepo.test_dual_key_hash_range_datetime_hourly] Ensured table exists: split_verse_comp_test.test_dual_key_hash_range_datetime_hourly_2025092102
[2025-09-19 21:36:43.199] INFO  [MultiTableRepo.test_dual_key_hash_range_datetime_hourly] Ensured table exists: split_verse_comp_test.test_dual_key_hash_range_datetime_hourly_2025092103
[2025-09-19 21:36:43.230] INFO  [MultiTableRepo.test_dual_key_hash_range_datetime_hourly] Ensured table exists: split_verse_comp_test.test_dual_key_hash_range_datetime_hourly_2025092104
[2025-09-19 21:36:43.264] INFO  [MultiTableRepo.test_dual_key_hash_range_datetime_hourly] Ensured table exists: split_verse_comp_test.test_dual_key_hash_range_datetime_hourly_2025092105
[2025-09-19 21:36:43.296] INFO  [MultiTableRepo.test_dual_key_hash_range_datetime_hourly] Ensured table exists: split_verse_comp_test.test_dual_key_hash_range_datetime_hourly_2025092106
[2025-09-19 21:36:43.327] INFO  [MultiTableRepo.test_dual_key_hash_range_datetime_hourly] Ensured table exists: split_verse_comp_test.test_dual_key_hash_range_datetime_hourly_2025092107
[2025-09-19 21:36:43.359] INFO  [MultiTableRepo.test_dual_key_hash_range_datetime_hourly] Ensured table exists: split_verse_comp_test.test_dual_key_hash_range_datetime_hourly_2025092108
[2025-09-19 21:36:43.391] INFO  [MultiTableRepo.test_dual_key_hash_range_datetime_hourly] Ensured table exists: split_verse_comp_test.test_dual_key_hash_range_datetime_hourly_2025092109
[2025-09-19 21:36:43.424] INFO  [MultiTableRepo.test_dual_key_hash_range_datetime_hourly] Ensured table exists: split_verse_comp_test.test_dual_key_hash_range_datetime_hourly_2025092110
[2025-09-19 21:36:43.455] INFO  [MultiTableRepo.test_dual_key_hash_range_datetime_hourly] Ensured table exists: split_verse_comp_test.test_dual_key_hash_range_datetime_hourly_2025092111
[2025-09-19 21:36:43.488] INFO  [MultiTableRepo.test_dual_key_hash_range_datetime_hourly] Ensured table exists: split_verse_comp_test.test_dual_key_hash_range_datetime_hourly_2025092112
[2025-09-19 21:36:43.519] INFO  [MultiTableRepo.test_dual_key_hash_range_datetime_hourly] Ensured table exists: split_verse_comp_test.test_dual_key_hash_range_datetime_hourly_2025092113
[2025-09-19 21:36:43.550] INFO  [MultiTableRepo.test_dual_key_hash_range_datetime_hourly] Ensured table exists: split_verse_comp_test.test_dual_key_hash_range_datetime_hourly_2025092114
[2025-09-19 21:36:43.581] INFO  [MultiTableRepo.test_dual_key_hash_range_datetime_hourly] Ensured table exists: split_verse_comp_test.test_dual_key_hash_range_datetime_hourly_2025092115
[2025-09-19 21:36:43.618] INFO  [MultiTableRepo.test_dual_key_hash_range_datetime_hourly] Ensured table exists: split_verse_comp_test.test_dual_key_hash_range_datetime_hourly_2025092116
[2025-09-19 21:36:43.649] INFO  [MultiTableRepo.test_dual_key_hash_range_datetime_hourly] Ensured table exists: split_verse_comp_test.test_dual_key_hash_range_datetime_hourly_2025092117
[2025-09-19 21:36:43.680] INFO  [MultiTableRepo.test_dual_key_hash_range_datetime_hourly] Ensured table exists: split_verse_comp_test.test_dual_key_hash_range_datetime_hourly_2025092118
[2025-09-19 21:36:43.720] INFO  [MultiTableRepo.test_dual_key_hash_range_datetime_hourly] Ensured table exists: split_verse_comp_test.test_dual_key_hash_range_datetime_hourly_2025092119
[2025-09-19 21:36:43.751] INFO  [MultiTableRepo.test_dual_key_hash_range_datetime_hourly] Ensured table exists: split_verse_comp_test.test_dual_key_hash_range_datetime_hourly_2025092120
[2025-09-19 21:36:43.786] INFO  [MultiTableRepo.test_dual_key_hash_range_datetime_hourly] Ensured table exists: split_verse_comp_test.test_dual_key_hash_range_datetime_hourly_2025092121
[2025-09-19 21:36:43.786] INFO  [MultiTableRepo.test_dual_key_hash_range_datetime_hourly] Completed table initialization
[SplitVerse] Initialized shard: shard-0
[SplitVerse] Initialized with 1 active shard(s)
]]></system-out>
    <system-err><![CDATA[Sep 19, 2025 9:36:40 PM com.telcobright.core.connection.ConnectionProvider <init>
INFO: ConnectionProvider initialized for: jdbc:mysql://127.0.0.1:3306/split_verse_comp_test?useSSL=false&serverTimezone=UTC&useLegacyDatetimeCode=false&preserveInstants=true
]]></system-err>
  </testcase>
  <testcase name="testDualKeyHashRange_DateTime_Monthly" classname="com.telcobright.splitverse.tests.ComprehensiveStrategyTest" time="0.27">
    <failure message="Should find all 3 entities in date range ==&gt; expected: &lt;true&gt; but was: &lt;false&gt;" type="org.opentest4j.AssertionFailedError"><![CDATA[org.opentest4j.AssertionFailedError: Should find all 3 entities in date range ==> expected: <true> but was: <false>
	at org.junit.jupiter.api.AssertionFailureBuilder.build(AssertionFailureBuilder.java:151)
	at org.junit.jupiter.api.AssertionFailureBuilder.buildAndThrow(AssertionFailureBuilder.java:132)
	at org.junit.jupiter.api.AssertTrue.failNotTrue(AssertTrue.java:63)
	at org.junit.jupiter.api.AssertTrue.assertTrue(AssertTrue.java:36)
	at org.junit.jupiter.api.Assertions.assertTrue(Assertions.java:214)
	at com.telcobright.splitverse.tests.ComprehensiveStrategyTest.testDateTimePartitioning(ComprehensiveStrategyTest.java:179)
	at com.telcobright.splitverse.tests.ComprehensiveStrategyTest.testDualKeyHashRange_DateTime_Monthly(ComprehensiveStrategyTest.java:134)
	at java.base/java.lang.reflect.Method.invoke(Method.java:580)
	at java.base/java.util.ArrayList.forEach(ArrayList.java:1596)
	at java.base/java.util.ArrayList.forEach(ArrayList.java:1596)
]]></failure>
    <system-out><![CDATA[[SplitVerse] Building repository with:
  Entity: TestEntity
  Table: test_dual_key_hash_range_datetime_monthly
  Sharding Strategy: DUAL_KEY_HASH_RANGE
  Repository Mode: MULTI_TABLE
  Partition Column: created_at (LOCAL_DATE_TIME)
  Partition Range: MONTHLY
  Table Granularity: MONTHLY
  Retention Days: 7
  ID Size: 22 bytes
  Charset: utf8mb4, Collation: utf8mb4_bin
  Shards: 1
[2025-09-19 21:36:43.819] INFO  [MultiTableRepo.test_dual_key_hash_range_datetime_monthly] Initializing monthly tables for: 2025-06-19 to 2025-12-19
[2025-09-19 21:36:43.852] INFO  [MultiTableRepo.test_dual_key_hash_range_datetime_monthly] Ensured table exists: split_verse_comp_test.test_dual_key_hash_range_datetime_monthly_202506
[2025-09-19 21:36:43.893] INFO  [MultiTableRepo.test_dual_key_hash_range_datetime_monthly] Ensured table exists: split_verse_comp_test.test_dual_key_hash_range_datetime_monthly_202507
[2025-09-19 21:36:43.925] INFO  [MultiTableRepo.test_dual_key_hash_range_datetime_monthly] Ensured table exists: split_verse_comp_test.test_dual_key_hash_range_datetime_monthly_202508
[2025-09-19 21:36:43.956] INFO  [MultiTableRepo.test_dual_key_hash_range_datetime_monthly] Ensured table exists: split_verse_comp_test.test_dual_key_hash_range_datetime_monthly_202509
[2025-09-19 21:36:43.989] INFO  [MultiTableRepo.test_dual_key_hash_range_datetime_monthly] Ensured table exists: split_verse_comp_test.test_dual_key_hash_range_datetime_monthly_202510
[2025-09-19 21:36:44.020] INFO  [MultiTableRepo.test_dual_key_hash_range_datetime_monthly] Ensured table exists: split_verse_comp_test.test_dual_key_hash_range_datetime_monthly_202511
[2025-09-19 21:36:44.054] INFO  [MultiTableRepo.test_dual_key_hash_range_datetime_monthly] Ensured table exists: split_verse_comp_test.test_dual_key_hash_range_datetime_monthly_202512
[2025-09-19 21:36:44.054] INFO  [MultiTableRepo.test_dual_key_hash_range_datetime_monthly] Completed table initialization
[SplitVerse] Initialized shard: shard-0
[SplitVerse] Initialized with 1 active shard(s)
]]></system-out>
    <system-err><![CDATA[Sep 19, 2025 9:36:43 PM com.telcobright.core.connection.ConnectionProvider <init>
INFO: ConnectionProvider initialized for: jdbc:mysql://127.0.0.1:3306/split_verse_comp_test?useSSL=false&serverTimezone=UTC&useLegacyDatetimeCode=false&preserveInstants=true
]]></system-err>
  </testcase>
  <testcase name="testDualKeyHashRange_DateTime_Yearly" classname="com.telcobright.splitverse.tests.ComprehensiveStrategyTest" time="0.203">
    <failure message="Should find all 3 entities in date range ==&gt; expected: &lt;true&gt; but was: &lt;false&gt;" type="org.opentest4j.AssertionFailedError"><![CDATA[org.opentest4j.AssertionFailedError: Should find all 3 entities in date range ==> expected: <true> but was: <false>
	at org.junit.jupiter.api.AssertionFailureBuilder.build(AssertionFailureBuilder.java:151)
	at org.junit.jupiter.api.AssertionFailureBuilder.buildAndThrow(AssertionFailureBuilder.java:132)
	at org.junit.jupiter.api.AssertTrue.failNotTrue(AssertTrue.java:63)
	at org.junit.jupiter.api.AssertTrue.assertTrue(AssertTrue.java:36)
	at org.junit.jupiter.api.Assertions.assertTrue(Assertions.java:214)
	at com.telcobright.splitverse.tests.ComprehensiveStrategyTest.testDateTimePartitioning(ComprehensiveStrategyTest.java:179)
	at com.telcobright.splitverse.tests.ComprehensiveStrategyTest.testDualKeyHashRange_DateTime_Yearly(ComprehensiveStrategyTest.java:140)
	at java.base/java.lang.reflect.Method.invoke(Method.java:580)
	at java.base/java.util.ArrayList.forEach(ArrayList.java:1596)
	at java.base/java.util.ArrayList.forEach(ArrayList.java:1596)
]]></failure>
    <system-out><![CDATA[[SplitVerse] Building repository with:
  Entity: TestEntity
  Table: test_dual_key_hash_range_datetime_yearly
  Sharding Strategy: DUAL_KEY_HASH_RANGE
  Repository Mode: MULTI_TABLE
  Partition Column: created_at (LOCAL_DATE_TIME)
  Partition Range: YEARLY
  Table Granularity: DAILY
  Retention Days: 7
  ID Size: 22 bytes
  Charset: utf8mb4, Collation: utf8mb4_bin
  Shards: 1
[2025-09-19 21:36:44.091] INFO  [MultiTableRepo.test_dual_key_hash_range_datetime_yearly] Initializing yearly tables for: 2023 to 2027
[2025-09-19 21:36:44.122] INFO  [MultiTableRepo.test_dual_key_hash_range_datetime_yearly] Ensured table exists: split_verse_comp_test.test_dual_key_hash_range_datetime_yearly_2023
[2025-09-19 21:36:44.165] INFO  [MultiTableRepo.test_dual_key_hash_range_datetime_yearly] Ensured table exists: split_verse_comp_test.test_dual_key_hash_range_datetime_yearly_2024
[2025-09-19 21:36:44.198] INFO  [MultiTableRepo.test_dual_key_hash_range_datetime_yearly] Ensured table exists: split_verse_comp_test.test_dual_key_hash_range_datetime_yearly_2025
[2025-09-19 21:36:44.230] INFO  [MultiTableRepo.test_dual_key_hash_range_datetime_yearly] Ensured table exists: split_verse_comp_test.test_dual_key_hash_range_datetime_yearly_2026
[2025-09-19 21:36:44.260] INFO  [MultiTableRepo.test_dual_key_hash_range_datetime_yearly] Ensured table exists: split_verse_comp_test.test_dual_key_hash_range_datetime_yearly_2027
[2025-09-19 21:36:44.260] INFO  [MultiTableRepo.test_dual_key_hash_range_datetime_yearly] Completed table initialization
[SplitVerse] Initialized shard: shard-0
[SplitVerse] Initialized with 1 active shard(s)
]]></system-out>
    <system-err><![CDATA[Sep 19, 2025 9:36:44 PM com.telcobright.core.connection.ConnectionProvider <init>
INFO: ConnectionProvider initialized for: jdbc:mysql://127.0.0.1:3306/split_verse_comp_test?useSSL=false&serverTimezone=UTC&useLegacyDatetimeCode=false&preserveInstants=true
]]></system-err>
  </testcase>
  <testcase name="testDualKeyHashRange_Long_1K" classname="com.telcobright.splitverse.tests.ComprehensiveStrategyTest" time="0.293">
    <system-out><![CDATA[[SplitVerse] Building repository with:
  Entity: TestEntity
  Table: test_dual_key_hash_range_long_1k
  Sharding Strategy: DUAL_KEY_HASH_RANGE
  Repository Mode: MULTI_TABLE
  Partition Column: sequence_number (LONG)
  Partition Range: VALUE_RANGE_1K
  Table Granularity: DAILY
  Retention Days: 7
  ID Size: 22 bytes
  Charset: utf8mb4, Collation: utf8mb4_bin
  Shards: 1
[2025-09-19 21:36:44.294] INFO  [MultiTableRepo.test_dual_key_hash_range_long_1k] Initializing 7 value-range tables (size: 1000)
[2025-09-19 21:36:44.326] INFO  [MultiTableRepo.test_dual_key_hash_range_long_1k] Ensured table exists: split_verse_comp_test.test_dual_key_hash_range_long_1k_0_999
[2025-09-19 21:36:44.357] INFO  [MultiTableRepo.test_dual_key_hash_range_long_1k] Ensured table exists: split_verse_comp_test.test_dual_key_hash_range_long_1k_1000_1999
[2025-09-19 21:36:44.387] INFO  [MultiTableRepo.test_dual_key_hash_range_long_1k] Ensured table exists: split_verse_comp_test.test_dual_key_hash_range_long_1k_2000_2999
[2025-09-19 21:36:44.420] INFO  [MultiTableRepo.test_dual_key_hash_range_long_1k] Ensured table exists: split_verse_comp_test.test_dual_key_hash_range_long_1k_3000_3999
[2025-09-19 21:36:44.451] INFO  [MultiTableRepo.test_dual_key_hash_range_long_1k] Ensured table exists: split_verse_comp_test.test_dual_key_hash_range_long_1k_4000_4999
[2025-09-19 21:36:44.482] INFO  [MultiTableRepo.test_dual_key_hash_range_long_1k] Ensured table exists: split_verse_comp_test.test_dual_key_hash_range_long_1k_5000_5999
[2025-09-19 21:36:44.515] INFO  [MultiTableRepo.test_dual_key_hash_range_long_1k] Ensured table exists: split_verse_comp_test.test_dual_key_hash_range_long_1k_6000_6999
[2025-09-19 21:36:44.515] INFO  [MultiTableRepo.test_dual_key_hash_range_long_1k] Completed table initialization
[SplitVerse] Initialized shard: shard-0
[SplitVerse] Initialized with 1 active shard(s)
[2025-09-19 21:36:44.520] INFO  [MultiTableRepo.test_dual_key_hash_range_long_1k] Ensured table exists: split_verse_comp_test.test_dual_key_hash_range_long_1k_0_999
[2025-09-19 21:36:44.528] INFO  [MultiTableRepo.test_dual_key_hash_range_long_1k] Ensured table exists: split_verse_comp_test.test_dual_key_hash_range_long_1k_0_999
[2025-09-19 21:36:44.540] INFO  [MultiTableRepo.test_dual_key_hash_range_long_1k] Ensured table exists: split_verse_comp_test.test_dual_key_hash_range_long_1k_1000_1999
✓ DUAL_KEY_HASH_RANGE_Long_1K test passed with value-based partitioning
]]></system-out>
    <system-err><![CDATA[Sep 19, 2025 9:36:44 PM com.telcobright.core.connection.ConnectionProvider <init>
INFO: ConnectionProvider initialized for: jdbc:mysql://127.0.0.1:3306/split_verse_comp_test?useSSL=false&serverTimezone=UTC&useLegacyDatetimeCode=false&preserveInstants=true
]]></system-err>
  </testcase>
  <testcase name="testDualKeyHashRange_Long_100K" classname="com.telcobright.splitverse.tests.ComprehensiveStrategyTest" time="0.295">
    <system-out><![CDATA[[SplitVerse] Building repository with:
  Entity: TestEntity
  Table: test_dual_key_hash_range_long_100k
  Sharding Strategy: DUAL_KEY_HASH_RANGE
  Repository Mode: MULTI_TABLE
  Partition Column: sequence_number (LONG)
  Partition Range: VALUE_RANGE_100K
  Table Granularity: DAILY
  Retention Days: 7
  ID Size: 22 bytes
  Charset: utf8mb4, Collation: utf8mb4_bin
  Shards: 1
[2025-09-19 21:36:44.588] INFO  [MultiTableRepo.test_dual_key_hash_range_long_100k] Initializing 7 value-range tables (size: 100000)
[2025-09-19 21:36:44.621] INFO  [MultiTableRepo.test_dual_key_hash_range_long_100k] Ensured table exists: split_verse_comp_test.test_dual_key_hash_range_long_100k_0_99999
[2025-09-19 21:36:44.653] INFO  [MultiTableRepo.test_dual_key_hash_range_long_100k] Ensured table exists: split_verse_comp_test.test_dual_key_hash_range_long_100k_100000_199999
[2025-09-19 21:36:44.685] INFO  [MultiTableRepo.test_dual_key_hash_range_long_100k] Ensured table exists: split_verse_comp_test.test_dual_key_hash_range_long_100k_200000_299999
[2025-09-19 21:36:44.728] INFO  [MultiTableRepo.test_dual_key_hash_range_long_100k] Ensured table exists: split_verse_comp_test.test_dual_key_hash_range_long_100k_300000_399999
[2025-09-19 21:36:44.761] INFO  [MultiTableRepo.test_dual_key_hash_range_long_100k] Ensured table exists: split_verse_comp_test.test_dual_key_hash_range_long_100k_400000_499999
[2025-09-19 21:36:44.791] INFO  [MultiTableRepo.test_dual_key_hash_range_long_100k] Ensured table exists: split_verse_comp_test.test_dual_key_hash_range_long_100k_500000_599999
[2025-09-19 21:36:44.821] INFO  [MultiTableRepo.test_dual_key_hash_range_long_100k] Ensured table exists: split_verse_comp_test.test_dual_key_hash_range_long_100k_600000_699999
[2025-09-19 21:36:44.822] INFO  [MultiTableRepo.test_dual_key_hash_range_long_100k] Completed table initialization
[SplitVerse] Initialized shard: shard-0
[SplitVerse] Initialized with 1 active shard(s)
[2025-09-19 21:36:44.824] INFO  [MultiTableRepo.test_dual_key_hash_range_long_100k] Ensured table exists: split_verse_comp_test.test_dual_key_hash_range_long_100k_0_99999
[2025-09-19 21:36:44.831] INFO  [MultiTableRepo.test_dual_key_hash_range_long_100k] Ensured table exists: split_verse_comp_test.test_dual_key_hash_range_long_100k_0_99999
[2025-09-19 21:36:44.843] INFO  [MultiTableRepo.test_dual_key_hash_range_long_100k] Ensured table exists: split_verse_comp_test.test_dual_key_hash_range_long_100k_100000_199999
✓ DUAL_KEY_HASH_RANGE_Long_100K test passed with value-based partitioning
]]></system-out>
    <system-err><![CDATA[Sep 19, 2025 9:36:44 PM com.telcobright.core.connection.ConnectionProvider <init>
INFO: ConnectionProvider initialized for: jdbc:mysql://127.0.0.1:3306/split_verse_comp_test?useSSL=false&serverTimezone=UTC&useLegacyDatetimeCode=false&preserveInstants=true
]]></system-err>
  </testcase>
  <testcase name="testDualKeyHashRange_Long_1M" classname="com.telcobright.splitverse.tests.ComprehensiveStrategyTest" time="0.29">
    <system-out><![CDATA[[SplitVerse] Building repository with:
  Entity: TestEntity
  Table: test_dual_key_hash_range_long_1m
  Sharding Strategy: DUAL_KEY_HASH_RANGE
  Repository Mode: MULTI_TABLE
  Partition Column: sequence_number (LONG)
  Partition Range: VALUE_RANGE_1M
  Table Granularity: DAILY
  Retention Days: 7
  ID Size: 22 bytes
  Charset: utf8mb4, Collation: utf8mb4_bin
  Shards: 1
[2025-09-19 21:36:44.883] INFO  [MultiTableRepo.test_dual_key_hash_range_long_1m] Initializing 7 value-range tables (size: 1000000)
[2025-09-19 21:36:44.917] INFO  [MultiTableRepo.test_dual_key_hash_range_long_1m] Ensured table exists: split_verse_comp_test.test_dual_key_hash_range_long_1m_0_999999
[2025-09-19 21:36:44.948] INFO  [MultiTableRepo.test_dual_key_hash_range_long_1m] Ensured table exists: split_verse_comp_test.test_dual_key_hash_range_long_1m_1000000_1999999
[2025-09-19 21:36:44.983] INFO  [MultiTableRepo.test_dual_key_hash_range_long_1m] Ensured table exists: split_verse_comp_test.test_dual_key_hash_range_long_1m_2000000_2999999
[2025-09-19 21:36:45.015] INFO  [MultiTableRepo.test_dual_key_hash_range_long_1m] Ensured table exists: split_verse_comp_test.test_dual_key_hash_range_long_1m_3000000_3999999
[2025-09-19 21:36:45.045] INFO  [MultiTableRepo.test_dual_key_hash_range_long_1m] Ensured table exists: split_verse_comp_test.test_dual_key_hash_range_long_1m_4000000_4999999
[2025-09-19 21:36:45.076] INFO  [MultiTableRepo.test_dual_key_hash_range_long_1m] Ensured table exists: split_verse_comp_test.test_dual_key_hash_range_long_1m_5000000_5999999
[2025-09-19 21:36:45.107] INFO  [MultiTableRepo.test_dual_key_hash_range_long_1m] Ensured table exists: split_verse_comp_test.test_dual_key_hash_range_long_1m_6000000_6999999
[2025-09-19 21:36:45.107] INFO  [MultiTableRepo.test_dual_key_hash_range_long_1m] Completed table initialization
[SplitVerse] Initialized shard: shard-0
[SplitVerse] Initialized with 1 active shard(s)
[2025-09-19 21:36:45.110] INFO  [MultiTableRepo.test_dual_key_hash_range_long_1m] Ensured table exists: split_verse_comp_test.test_dual_key_hash_range_long_1m_0_999999
[2025-09-19 21:36:45.118] INFO  [MultiTableRepo.test_dual_key_hash_range_long_1m] Ensured table exists: split_verse_comp_test.test_dual_key_hash_range_long_1m_0_999999
[2025-09-19 21:36:45.131] INFO  [MultiTableRepo.test_dual_key_hash_range_long_1m] Ensured table exists: split_verse_comp_test.test_dual_key_hash_range_long_1m_1000000_1999999
✓ DUAL_KEY_HASH_RANGE_Long_1M test passed with value-based partitioning
]]></system-out>
    <system-err><![CDATA[Sep 19, 2025 9:36:44 PM com.telcobright.core.connection.ConnectionProvider <init>
INFO: ConnectionProvider initialized for: jdbc:mysql://127.0.0.1:3306/split_verse_comp_test?useSSL=false&serverTimezone=UTC&useLegacyDatetimeCode=false&preserveInstants=true
]]></system-err>
  </testcase>
  <testcase name="testDualKeyHashRange_Integer" classname="com.telcobright.splitverse.tests.ComprehensiveStrategyTest" time="0.393">
    <system-out><![CDATA[[SplitVerse] Building repository with:
  Entity: TestEntity
  Table: test_dual_key_hash_range_integer
  Sharding Strategy: DUAL_KEY_HASH_RANGE
  Repository Mode: MULTI_TABLE
  Partition Column: category_id (INTEGER)
  Partition Range: VALUE_RANGE_10K
  Table Granularity: DAILY
  Retention Days: 7
  ID Size: 22 bytes
  Charset: utf8mb4, Collation: utf8mb4_bin
  Shards: 1
[2025-09-19 21:36:45.174] INFO  [MultiTableRepo.test_dual_key_hash_range_integer] Initializing 7 value-range tables (size: 10000)
[2025-09-19 21:36:45.205] INFO  [MultiTableRepo.test_dual_key_hash_range_integer] Ensured table exists: split_verse_comp_test.test_dual_key_hash_range_integer_0_9999
[2025-09-19 21:36:45.239] INFO  [MultiTableRepo.test_dual_key_hash_range_integer] Ensured table exists: split_verse_comp_test.test_dual_key_hash_range_integer_10000_19999
[2025-09-19 21:36:45.272] INFO  [MultiTableRepo.test_dual_key_hash_range_integer] Ensured table exists: split_verse_comp_test.test_dual_key_hash_range_integer_20000_29999
[2025-09-19 21:36:45.303] INFO  [MultiTableRepo.test_dual_key_hash_range_integer] Ensured table exists: split_verse_comp_test.test_dual_key_hash_range_integer_30000_39999
[2025-09-19 21:36:45.334] INFO  [MultiTableRepo.test_dual_key_hash_range_integer] Ensured table exists: split_verse_comp_test.test_dual_key_hash_range_integer_40000_49999
[2025-09-19 21:36:45.366] INFO  [MultiTableRepo.test_dual_key_hash_range_integer] Ensured table exists: split_verse_comp_test.test_dual_key_hash_range_integer_50000_59999
[2025-09-19 21:36:45.396] INFO  [MultiTableRepo.test_dual_key_hash_range_integer] Ensured table exists: split_verse_comp_test.test_dual_key_hash_range_integer_60000_69999
[2025-09-19 21:36:45.396] INFO  [MultiTableRepo.test_dual_key_hash_range_integer] Completed table initialization
[SplitVerse] Initialized shard: shard-0
[SplitVerse] Initialized with 1 active shard(s)
[2025-09-19 21:36:45.427] INFO  [MultiTableRepo.test_dual_key_hash_range_integer] Ensured table exists: split_verse_comp_test.test_dual_key_hash_range_integer_1758296200000_1758296209999
[2025-09-19 21:36:45.454] INFO  [MultiTableRepo.test_dual_key_hash_range_integer] Ensured table exists: split_verse_comp_test.test_dual_key_hash_range_integer_1758296200000_1758296209999
[2025-09-19 21:36:45.485] INFO  [MultiTableRepo.test_dual_key_hash_range_integer] Ensured table exists: split_verse_comp_test.test_dual_key_hash_range_integer_1758296200000_1758296209999
[2025-09-19 21:36:45.508] INFO  [MultiTableRepo.test_dual_key_hash_range_integer] Ensured table exists: split_verse_comp_test.test_dual_key_hash_range_integer_1758296200000_1758296209999
[2025-09-19 21:36:45.540] INFO  [MultiTableRepo.test_dual_key_hash_range_integer] Ensured table exists: split_verse_comp_test.test_dual_key_hash_range_integer_1758296200000_1758296209999
✓ DUAL_KEY_HASH_RANGE_Integer test passed
]]></system-out>
    <system-err><![CDATA[Sep 19, 2025 9:36:45 PM com.telcobright.core.connection.ConnectionProvider <init>
INFO: ConnectionProvider initialized for: jdbc:mysql://127.0.0.1:3306/split_verse_comp_test?useSSL=false&serverTimezone=UTC&useLegacyDatetimeCode=false&preserveInstants=true
]]></system-err>
  </testcase>
  <testcase name="testDualKeyHashRange_Double" classname="com.telcobright.splitverse.tests.ComprehensiveStrategyTest" time="0.368">
    <system-out><![CDATA[[SplitVerse] Building repository with:
  Entity: TestEntity
  Table: test_dual_key_hash_range_double
  Sharding Strategy: DUAL_KEY_HASH_RANGE
  Repository Mode: MULTI_TABLE
  Partition Column: amount (DOUBLE)
  Partition Range: VALUE_RANGE_1K
  Table Granularity: DAILY
  Retention Days: 7
  ID Size: 22 bytes
  Charset: utf8mb4, Collation: utf8mb4_bin
  Shards: 1
[2025-09-19 21:36:45.568] INFO  [MultiTableRepo.test_dual_key_hash_range_double] Initializing 7 value-range tables (size: 1000)
[2025-09-19 21:36:45.599] INFO  [MultiTableRepo.test_dual_key_hash_range_double] Ensured table exists: split_verse_comp_test.test_dual_key_hash_range_double_0_999
[2025-09-19 21:36:45.629] INFO  [MultiTableRepo.test_dual_key_hash_range_double] Ensured table exists: split_verse_comp_test.test_dual_key_hash_range_double_1000_1999
[2025-09-19 21:36:45.664] INFO  [MultiTableRepo.test_dual_key_hash_range_double] Ensured table exists: split_verse_comp_test.test_dual_key_hash_range_double_2000_2999
[2025-09-19 21:36:45.695] INFO  [MultiTableRepo.test_dual_key_hash_range_double] Ensured table exists: split_verse_comp_test.test_dual_key_hash_range_double_3000_3999
[2025-09-19 21:36:45.727] INFO  [MultiTableRepo.test_dual_key_hash_range_double] Ensured table exists: split_verse_comp_test.test_dual_key_hash_range_double_4000_4999
[2025-09-19 21:36:45.758] INFO  [MultiTableRepo.test_dual_key_hash_range_double] Ensured table exists: split_verse_comp_test.test_dual_key_hash_range_double_5000_5999
[2025-09-19 21:36:45.789] INFO  [MultiTableRepo.test_dual_key_hash_range_double] Ensured table exists: split_verse_comp_test.test_dual_key_hash_range_double_6000_6999
[2025-09-19 21:36:45.789] INFO  [MultiTableRepo.test_dual_key_hash_range_double] Completed table initialization
[SplitVerse] Initialized shard: shard-0
[SplitVerse] Initialized with 1 active shard(s)
[2025-09-19 21:36:45.823] INFO  [MultiTableRepo.test_dual_key_hash_range_double] Ensured table exists: split_verse_comp_test.test_dual_key_hash_range_double_1758296205000_1758296205999
[2025-09-19 21:36:45.852] INFO  [MultiTableRepo.test_dual_key_hash_range_double] Ensured table exists: split_verse_comp_test.test_dual_key_hash_range_double_1758296205000_1758296205999
[2025-09-19 21:36:45.879] INFO  [MultiTableRepo.test_dual_key_hash_range_double] Ensured table exists: split_verse_comp_test.test_dual_key_hash_range_double_1758296205000_1758296205999
[2025-09-19 21:36:45.909] INFO  [MultiTableRepo.test_dual_key_hash_range_double] Ensured table exists: split_verse_comp_test.test_dual_key_hash_range_double_1758296205000_1758296205999
✓ DUAL_KEY_HASH_RANGE_Double test passed
]]></system-out>
    <system-err><![CDATA[Sep 19, 2025 9:36:45 PM com.telcobright.core.connection.ConnectionProvider <init>
INFO: ConnectionProvider initialized for: jdbc:mysql://127.0.0.1:3306/split_verse_comp_test?useSSL=false&serverTimezone=UTC&useLegacyDatetimeCode=false&preserveInstants=true
]]></system-err>
  </testcase>
  <testcase name="testDualKeyHashHash_String_4Buckets" classname="com.telcobright.splitverse.tests.ComprehensiveStrategyTest" time="0.205">
    <system-out><![CDATA[[SplitVerse] Building repository with:
  Entity: TestEntity
  Table: test_dual_key_hash_hash_string_4
  Sharding Strategy: DUAL_KEY_HASH_HASH
  Repository Mode: MULTI_TABLE
  Partition Column: customer_id (STRING)
  Partition Range: HASH_4
  Table Granularity: DAILY
  Retention Days: 7
  ID Size: 22 bytes
  Charset: utf8mb4, Collation: utf8mb4_bin
  Shards: 1
[2025-09-19 21:36:45.937] INFO  [MultiTableRepo.test_dual_key_hash_hash_string_4] Initializing 4 hash-based tables
[2025-09-19 21:36:45.968] INFO  [MultiTableRepo.test_dual_key_hash_hash_string_4] Ensured table exists: split_verse_comp_test.test_dual_key_hash_hash_string_4_hash_0
[2025-09-19 21:36:45.999] INFO  [MultiTableRepo.test_dual_key_hash_hash_string_4] Ensured table exists: split_verse_comp_test.test_dual_key_hash_hash_string_4_hash_1
[2025-09-19 21:36:46.029] INFO  [MultiTableRepo.test_dual_key_hash_hash_string_4] Ensured table exists: split_verse_comp_test.test_dual_key_hash_hash_string_4_hash_2
[2025-09-19 21:36:46.061] INFO  [MultiTableRepo.test_dual_key_hash_hash_string_4] Ensured table exists: split_verse_comp_test.test_dual_key_hash_hash_string_4_hash_3
[2025-09-19 21:36:46.061] INFO  [MultiTableRepo.test_dual_key_hash_hash_string_4] Completed table initialization
[SplitVerse] Initialized shard: shard-0
[SplitVerse] Initialized with 1 active shard(s)
[2025-09-19 21:36:46.064] INFO  [MultiTableRepo.test_dual_key_hash_hash_string_4] Ensured table exists: split_verse_comp_test.test_dual_key_hash_hash_string_4_hash_3
[2025-09-19 21:36:46.077] INFO  [MultiTableRepo.test_dual_key_hash_hash_string_4] Ensured table exists: split_verse_comp_test.test_dual_key_hash_hash_string_4_hash_2
[2025-09-19 21:36:46.092] INFO  [MultiTableRepo.test_dual_key_hash_hash_string_4] Ensured table exists: split_verse_comp_test.test_dual_key_hash_hash_string_4_hash_3
[2025-09-19 21:36:46.107] INFO  [MultiTableRepo.test_dual_key_hash_hash_string_4] Ensured table exists: split_verse_comp_test.test_dual_key_hash_hash_string_4_hash_1
[2025-09-19 21:36:46.123] INFO  [MultiTableRepo.test_dual_key_hash_hash_string_4] Ensured table exists: split_verse_comp_test.test_dual_key_hash_hash_string_4_hash_2
✓ DUAL_KEY_HASH_HASH_String_4 test passed with 4 hash buckets
]]></system-out>
    <system-err><![CDATA[Sep 19, 2025 9:36:45 PM com.telcobright.core.connection.ConnectionProvider <init>
INFO: ConnectionProvider initialized for: jdbc:mysql://127.0.0.1:3306/split_verse_comp_test?useSSL=false&serverTimezone=UTC&useLegacyDatetimeCode=false&preserveInstants=true
]]></system-err>
  </testcase>
  <testcase name="testDualKeyHashHash_String_16Buckets" classname="com.telcobright.splitverse.tests.ComprehensiveStrategyTest" time="0.806">
    <system-out><![CDATA[[SplitVerse] Building repository with:
  Entity: TestEntity
  Table: test_dual_key_hash_hash_string_16
  Sharding Strategy: DUAL_KEY_HASH_HASH
  Repository Mode: MULTI_TABLE
  Partition Column: customer_id (STRING)
  Partition Range: HASH_16
  Table Granularity: DAILY
  Retention Days: 7
  ID Size: 22 bytes
  Charset: utf8mb4, Collation: utf8mb4_bin
  Shards: 1
[2025-09-19 21:36:46.142] INFO  [MultiTableRepo.test_dual_key_hash_hash_string_16] Initializing 16 hash-based tables
[2025-09-19 21:36:46.173] INFO  [MultiTableRepo.test_dual_key_hash_hash_string_16] Ensured table exists: split_verse_comp_test.test_dual_key_hash_hash_string_16_hash_0
[2025-09-19 21:36:46.204] INFO  [MultiTableRepo.test_dual_key_hash_hash_string_16] Ensured table exists: split_verse_comp_test.test_dual_key_hash_hash_string_16_hash_1
[2025-09-19 21:36:46.234] INFO  [MultiTableRepo.test_dual_key_hash_hash_string_16] Ensured table exists: split_verse_comp_test.test_dual_key_hash_hash_string_16_hash_2
[2025-09-19 21:36:46.267] INFO  [MultiTableRepo.test_dual_key_hash_hash_string_16] Ensured table exists: split_verse_comp_test.test_dual_key_hash_hash_string_16_hash_3
[2025-09-19 21:36:46.299] INFO  [MultiTableRepo.test_dual_key_hash_hash_string_16] Ensured table exists: split_verse_comp_test.test_dual_key_hash_hash_string_16_hash_4
[2025-09-19 21:36:46.330] INFO  [MultiTableRepo.test_dual_key_hash_hash_string_16] Ensured table exists: split_verse_comp_test.test_dual_key_hash_hash_string_16_hash_5
[2025-09-19 21:36:46.360] INFO  [MultiTableRepo.test_dual_key_hash_hash_string_16] Ensured table exists: split_verse_comp_test.test_dual_key_hash_hash_string_16_hash_6
[2025-09-19 21:36:46.391] INFO  [MultiTableRepo.test_dual_key_hash_hash_string_16] Ensured table exists: split_verse_comp_test.test_dual_key_hash_hash_string_16_hash_7
[2025-09-19 21:36:46.422] INFO  [MultiTableRepo.test_dual_key_hash_hash_string_16] Ensured table exists: split_verse_comp_test.test_dual_key_hash_hash_string_16_hash_8
[2025-09-19 21:36:46.453] INFO  [MultiTableRepo.test_dual_key_hash_hash_string_16] Ensured table exists: split_verse_comp_test.test_dual_key_hash_hash_string_16_hash_9
[2025-09-19 21:36:46.500] INFO  [MultiTableRepo.test_dual_key_hash_hash_string_16] Ensured table exists: split_verse_comp_test.test_dual_key_hash_hash_string_16_hash_10
[2025-09-19 21:36:46.550] INFO  [MultiTableRepo.test_dual_key_hash_hash_string_16] Ensured table exists: split_verse_comp_test.test_dual_key_hash_hash_string_16_hash_11
[2025-09-19 21:36:46.603] INFO  [MultiTableRepo.test_dual_key_hash_hash_string_16] Ensured table exists: split_verse_comp_test.test_dual_key_hash_hash_string_16_hash_12
[2025-09-19 21:36:46.656] INFO  [MultiTableRepo.test_dual_key_hash_hash_string_16] Ensured table exists: split_verse_comp_test.test_dual_key_hash_hash_string_16_hash_13
[2025-09-19 21:36:46.705] INFO  [MultiTableRepo.test_dual_key_hash_hash_string_16] Ensured table exists: split_verse_comp_test.test_dual_key_hash_hash_string_16_hash_14
[2025-09-19 21:36:46.739] INFO  [MultiTableRepo.test_dual_key_hash_hash_string_16] Ensured table exists: split_verse_comp_test.test_dual_key_hash_hash_string_16_hash_15
[2025-09-19 21:36:46.739] INFO  [MultiTableRepo.test_dual_key_hash_hash_string_16] Completed table initialization
[SplitVerse] Initialized shard: shard-0
[SplitVerse] Initialized with 1 active shard(s)
[2025-09-19 21:36:46.742] INFO  [MultiTableRepo.test_dual_key_hash_hash_string_16] Ensured table exists: split_verse_comp_test.test_dual_key_hash_hash_string_16_hash_11
[2025-09-19 21:36:46.780] INFO  [MultiTableRepo.test_dual_key_hash_hash_string_16] Ensured table exists: split_verse_comp_test.test_dual_key_hash_hash_string_16_hash_1
[2025-09-19 21:36:46.821] INFO  [MultiTableRepo.test_dual_key_hash_hash_string_16] Ensured table exists: split_verse_comp_test.test_dual_key_hash_hash_string_16_hash_0
[2025-09-19 21:36:46.873] INFO  [MultiTableRepo.test_dual_key_hash_hash_string_16] Ensured table exists: split_verse_comp_test.test_dual_key_hash_hash_string_16_hash_13
[2025-09-19 21:36:46.910] INFO  [MultiTableRepo.test_dual_key_hash_hash_string_16] Ensured table exists: split_verse_comp_test.test_dual_key_hash_hash_string_16_hash_10
✓ DUAL_KEY_HASH_HASH_String_16 test passed with 16 hash buckets
]]></system-out>
    <system-err><![CDATA[Sep 19, 2025 9:36:46 PM com.telcobright.core.connection.ConnectionProvider <init>
INFO: ConnectionProvider initialized for: jdbc:mysql://127.0.0.1:3306/split_verse_comp_test?useSSL=false&serverTimezone=UTC&useLegacyDatetimeCode=false&preserveInstants=true
]]></system-err>
  </testcase>
  <testcase name="testDualKeyHashHash_String_32Buckets" classname="com.telcobright.splitverse.tests.ComprehensiveStrategyTest" time="1.331">
    <system-out><![CDATA[[SplitVerse] Building repository with:
  Entity: TestEntity
  Table: test_dual_key_hash_hash_string_32
  Sharding Strategy: DUAL_KEY_HASH_HASH
  Repository Mode: MULTI_TABLE
  Partition Column: customer_id (STRING)
  Partition Range: HASH_32
  Table Granularity: DAILY
  Retention Days: 7
  ID Size: 22 bytes
  Charset: utf8mb4, Collation: utf8mb4_bin
  Shards: 1
[2025-09-19 21:36:46.949] INFO  [MultiTableRepo.test_dual_key_hash_hash_string_32] Initializing 32 hash-based tables
[2025-09-19 21:36:46.980] INFO  [MultiTableRepo.test_dual_key_hash_hash_string_32] Ensured table exists: split_verse_comp_test.test_dual_key_hash_hash_string_32_hash_0
[2025-09-19 21:36:47.012] INFO  [MultiTableRepo.test_dual_key_hash_hash_string_32] Ensured table exists: split_verse_comp_test.test_dual_key_hash_hash_string_32_hash_1
[2025-09-19 21:36:47.044] INFO  [MultiTableRepo.test_dual_key_hash_hash_string_32] Ensured table exists: split_verse_comp_test.test_dual_key_hash_hash_string_32_hash_2
[2025-09-19 21:36:47.080] INFO  [MultiTableRepo.test_dual_key_hash_hash_string_32] Ensured table exists: split_verse_comp_test.test_dual_key_hash_hash_string_32_hash_3
[2025-09-19 21:36:47.112] INFO  [MultiTableRepo.test_dual_key_hash_hash_string_32] Ensured table exists: split_verse_comp_test.test_dual_key_hash_hash_string_32_hash_4
[2025-09-19 21:36:47.147] INFO  [MultiTableRepo.test_dual_key_hash_hash_string_32] Ensured table exists: split_verse_comp_test.test_dual_key_hash_hash_string_32_hash_5
[2025-09-19 21:36:47.179] INFO  [MultiTableRepo.test_dual_key_hash_hash_string_32] Ensured table exists: split_verse_comp_test.test_dual_key_hash_hash_string_32_hash_6
[2025-09-19 21:36:47.211] INFO  [MultiTableRepo.test_dual_key_hash_hash_string_32] Ensured table exists: split_verse_comp_test.test_dual_key_hash_hash_string_32_hash_7
[2025-09-19 21:36:47.244] INFO  [MultiTableRepo.test_dual_key_hash_hash_string_32] Ensured table exists: split_verse_comp_test.test_dual_key_hash_hash_string_32_hash_8
[2025-09-19 21:36:47.276] INFO  [MultiTableRepo.test_dual_key_hash_hash_string_32] Ensured table exists: split_verse_comp_test.test_dual_key_hash_hash_string_32_hash_9
[2025-09-19 21:36:47.307] INFO  [MultiTableRepo.test_dual_key_hash_hash_string_32] Ensured table exists: split_verse_comp_test.test_dual_key_hash_hash_string_32_hash_10
[2025-09-19 21:36:47.339] INFO  [MultiTableRepo.test_dual_key_hash_hash_string_32] Ensured table exists: split_verse_comp_test.test_dual_key_hash_hash_string_32_hash_11
[2025-09-19 21:36:47.370] INFO  [MultiTableRepo.test_dual_key_hash_hash_string_32] Ensured table exists: split_verse_comp_test.test_dual_key_hash_hash_string_32_hash_12
[2025-09-19 21:36:47.401] INFO  [MultiTableRepo.test_dual_key_hash_hash_string_32] Ensured table exists: split_verse_comp_test.test_dual_key_hash_hash_string_32_hash_13
[2025-09-19 21:36:47.433] INFO  [MultiTableRepo.test_dual_key_hash_hash_string_32] Ensured table exists: split_verse_comp_test.test_dual_key_hash_hash_string_32_hash_14
[2025-09-19 21:36:47.464] INFO  [MultiTableRepo.test_dual_key_hash_hash_string_32] Ensured table exists: split_verse_comp_test.test_dual_key_hash_hash_string_32_hash_15
[2025-09-19 21:36:47.494] INFO  [MultiTableRepo.test_dual_key_hash_hash_string_32] Ensured table exists: split_verse_comp_test.test_dual_key_hash_hash_string_32_hash_16
[2025-09-19 21:36:47.525] INFO  [MultiTableRepo.test_dual_key_hash_hash_string_32] Ensured table exists: split_verse_comp_test.test_dual_key_hash_hash_string_32_hash_17
[2025-09-19 21:36:47.557] INFO  [MultiTableRepo.test_dual_key_hash_hash_string_32] Ensured table exists: split_verse_comp_test.test_dual_key_hash_hash_string_32_hash_18
[2025-09-19 21:36:47.589] INFO  [MultiTableRepo.test_dual_key_hash_hash_string_32] Ensured table exists: split_verse_comp_test.test_dual_key_hash_hash_string_32_hash_19
[2025-09-19 21:36:47.620] INFO  [MultiTableRepo.test_dual_key_hash_hash_string_32] Ensured table exists: split_verse_comp_test.test_dual_key_hash_hash_string_32_hash_20
[2025-09-19 21:36:47.650] INFO  [MultiTableRepo.test_dual_key_hash_hash_string_32] Ensured table exists: split_verse_comp_test.test_dual_key_hash_hash_string_32_hash_21
[2025-09-19 21:36:47.680] INFO  [MultiTableRepo.test_dual_key_hash_hash_string_32] Ensured table exists: split_verse_comp_test.test_dual_key_hash_hash_string_32_hash_22
[2025-09-19 21:36:47.716] INFO  [MultiTableRepo.test_dual_key_hash_hash_string_32] Ensured table exists: split_verse_comp_test.test_dual_key_hash_hash_string_32_hash_23
[2025-09-19 21:36:47.749] INFO  [MultiTableRepo.test_dual_key_hash_hash_string_32] Ensured table exists: split_verse_comp_test.test_dual_key_hash_hash_string_32_hash_24
[2025-09-19 21:36:47.779] INFO  [MultiTableRepo.test_dual_key_hash_hash_string_32] Ensured table exists: split_verse_comp_test.test_dual_key_hash_hash_string_32_hash_25
[2025-09-19 21:36:47.813] INFO  [MultiTableRepo.test_dual_key_hash_hash_string_32] Ensured table exists: split_verse_comp_test.test_dual_key_hash_hash_string_32_hash_26
[2025-09-19 21:36:47.848] INFO  [MultiTableRepo.test_dual_key_hash_hash_string_32] Ensured table exists: split_verse_comp_test.test_dual_key_hash_hash_string_32_hash_27
[2025-09-19 21:36:47.882] INFO  [MultiTableRepo.test_dual_key_hash_hash_string_32] Ensured table exists: split_verse_comp_test.test_dual_key_hash_hash_string_32_hash_28
[2025-09-19 21:36:47.915] INFO  [MultiTableRepo.test_dual_key_hash_hash_string_32] Ensured table exists: split_verse_comp_test.test_dual_key_hash_hash_string_32_hash_29
[2025-09-19 21:36:47.950] INFO  [MultiTableRepo.test_dual_key_hash_hash_string_32] Ensured table exists: split_verse_comp_test.test_dual_key_hash_hash_string_32_hash_30
[2025-09-19 21:36:47.989] INFO  [MultiTableRepo.test_dual_key_hash_hash_string_32] Ensured table exists: split_verse_comp_test.test_dual_key_hash_hash_string_32_hash_31
[2025-09-19 21:36:47.990] INFO  [MultiTableRepo.test_dual_key_hash_hash_string_32] Completed table initialization
[SplitVerse] Initialized shard: shard-0
[SplitVerse] Initialized with 1 active shard(s)
[2025-09-19 21:36:47.994] INFO  [MultiTableRepo.test_dual_key_hash_hash_string_32] Ensured table exists: split_verse_comp_test.test_dual_key_hash_hash_string_32_hash_30
[2025-09-19 21:36:48.032] INFO  [MultiTableRepo.test_dual_key_hash_hash_string_32] Ensured table exists: split_verse_comp_test.test_dual_key_hash_hash_string_32_hash_17
[2025-09-19 21:36:48.100] INFO  [MultiTableRepo.test_dual_key_hash_hash_string_32] Ensured table exists: split_verse_comp_test.test_dual_key_hash_hash_string_32_hash_31
[2025-09-19 21:36:48.127] INFO  [MultiTableRepo.test_dual_key_hash_hash_string_32] Ensured table exists: split_verse_comp_test.test_dual_key_hash_hash_string_32_hash_1
[2025-09-19 21:36:48.209] INFO  [MultiTableRepo.test_dual_key_hash_hash_string_32] Ensured table exists: split_verse_comp_test.test_dual_key_hash_hash_string_32_hash_15
✓ DUAL_KEY_HASH_HASH_String_32 test passed with 32 hash buckets
]]></system-out>
    <system-err><![CDATA[Sep 19, 2025 9:36:46 PM com.telcobright.core.connection.ConnectionProvider <init>
INFO: ConnectionProvider initialized for: jdbc:mysql://127.0.0.1:3306/split_verse_comp_test?useSSL=false&serverTimezone=UTC&useLegacyDatetimeCode=false&preserveInstants=true
]]></system-err>
  </testcase>
  <testcase name="testBatchOperationsAcrossPartitions" classname="com.telcobright.splitverse.tests.ComprehensiveStrategyTest" time="0.937">
    <system-out><![CDATA[[SplitVerse] Building repository with:
  Entity: TestEntity
  Table: test_batch_ops
  Sharding Strategy: DUAL_KEY_HASH_RANGE
  Repository Mode: MULTI_TABLE
  Partition Column: created_at (LOCAL_DATE_TIME)
  Partition Range: DAILY
  Table Granularity: DAILY
  Retention Days: 7
  ID Size: 22 bytes
  Charset: utf8mb4, Collation: utf8mb4_bin
  Shards: 1
[2025-09-19 21:36:48.280] INFO  [MultiTableRepo.test_batch_ops] Initializing daily tables for retention period: 2025-09-12 to 2025-09-26 (15 days)
[2025-09-19 21:36:48.316] INFO  [MultiTableRepo.test_batch_ops] Ensured table exists: split_verse_comp_test.test_batch_ops_20250912
[2025-09-19 21:36:48.353] INFO  [MultiTableRepo.test_batch_ops] Ensured table exists: split_verse_comp_test.test_batch_ops_20250913
[2025-09-19 21:36:48.386] INFO  [MultiTableRepo.test_batch_ops] Ensured table exists: split_verse_comp_test.test_batch_ops_20250914
[2025-09-19 21:36:48.419] INFO  [MultiTableRepo.test_batch_ops] Ensured table exists: split_verse_comp_test.test_batch_ops_20250915
[2025-09-19 21:36:48.451] INFO  [MultiTableRepo.test_batch_ops] Ensured table exists: split_verse_comp_test.test_batch_ops_20250916
[2025-09-19 21:36:48.484] INFO  [MultiTableRepo.test_batch_ops] Ensured table exists: split_verse_comp_test.test_batch_ops_20250917
[2025-09-19 21:36:48.517] INFO  [MultiTableRepo.test_batch_ops] Ensured table exists: split_verse_comp_test.test_batch_ops_20250918
[2025-09-19 21:36:48.558] INFO  [MultiTableRepo.test_batch_ops] Ensured table exists: split_verse_comp_test.test_batch_ops_20250919
[2025-09-19 21:36:48.603] INFO  [MultiTableRepo.test_batch_ops] Ensured table exists: split_verse_comp_test.test_batch_ops_20250920
[2025-09-19 21:36:48.634] INFO  [MultiTableRepo.test_batch_ops] Ensured table exists: split_verse_comp_test.test_batch_ops_20250921
[2025-09-19 21:36:48.670] INFO  [MultiTableRepo.test_batch_ops] Ensured table exists: split_verse_comp_test.test_batch_ops_20250922
[2025-09-19 21:36:48.718] INFO  [MultiTableRepo.test_batch_ops] Ensured table exists: split_verse_comp_test.test_batch_ops_20250923
[2025-09-19 21:36:48.749] INFO  [MultiTableRepo.test_batch_ops] Ensured table exists: split_verse_comp_test.test_batch_ops_20250924
[2025-09-19 21:36:48.780] INFO  [MultiTableRepo.test_batch_ops] Ensured table exists: split_verse_comp_test.test_batch_ops_20250925
[2025-09-19 21:36:48.812] INFO  [MultiTableRepo.test_batch_ops] Ensured table exists: split_verse_comp_test.test_batch_ops_20250926
[2025-09-19 21:36:48.812] INFO  [MultiTableRepo.test_batch_ops] Completed table initialization
[SplitVerse] Initialized shard: shard-0
[SplitVerse] Initialized with 1 active shard(s)
✓ Batch operations test passed with 15 entities
]]></system-out>
    <system-err><![CDATA[Sep 19, 2025 9:36:48 PM com.telcobright.core.connection.ConnectionProvider <init>
INFO: ConnectionProvider initialized for: jdbc:mysql://127.0.0.1:3306/split_verse_comp_test?useSSL=false&serverTimezone=UTC&useLegacyDatetimeCode=false&preserveInstants=true
]]></system-err>
  </testcase>
  <testcase name="testCursorBasedPagination" classname="com.telcobright.splitverse.tests.ComprehensiveStrategyTest" time="0.731">
    <system-out><![CDATA[[SplitVerse] Building repository with:
  Entity: TestEntity
  Table: test_cursor_pagination
  Sharding Strategy: SINGLE_KEY_HASH
  Repository Mode: MULTI_TABLE
  Table Granularity: DAILY
  Retention Days: 7
  ID Size: 22 bytes
  Charset: utf8mb4, Collation: utf8mb4_bin
  Shards: 1
[2025-09-19 21:36:49.219] INFO  [MultiTableRepo.test_cursor_pagination] Initializing daily tables for retention period: 2025-09-12 to 2025-09-26 (15 days)
[2025-09-19 21:36:49.253] INFO  [MultiTableRepo.test_cursor_pagination] Ensured table exists: split_verse_comp_test.test_cursor_pagination_20250912
[2025-09-19 21:36:49.307] INFO  [MultiTableRepo.test_cursor_pagination] Ensured table exists: split_verse_comp_test.test_cursor_pagination_20250913
[2025-09-19 21:36:49.340] INFO  [MultiTableRepo.test_cursor_pagination] Ensured table exists: split_verse_comp_test.test_cursor_pagination_20250914
[2025-09-19 21:36:49.369] INFO  [MultiTableRepo.test_cursor_pagination] Ensured table exists: split_verse_comp_test.test_cursor_pagination_20250915
[2025-09-19 21:36:49.400] INFO  [MultiTableRepo.test_cursor_pagination] Ensured table exists: split_verse_comp_test.test_cursor_pagination_20250916
[2025-09-19 21:36:49.430] INFO  [MultiTableRepo.test_cursor_pagination] Ensured table exists: split_verse_comp_test.test_cursor_pagination_20250917
[2025-09-19 21:36:49.462] INFO  [MultiTableRepo.test_cursor_pagination] Ensured table exists: split_verse_comp_test.test_cursor_pagination_20250918
[2025-09-19 21:36:49.494] INFO  [MultiTableRepo.test_cursor_pagination] Ensured table exists: split_verse_comp_test.test_cursor_pagination_20250919
[2025-09-19 21:36:49.524] INFO  [MultiTableRepo.test_cursor_pagination] Ensured table exists: split_verse_comp_test.test_cursor_pagination_20250920
[2025-09-19 21:36:49.554] INFO  [MultiTableRepo.test_cursor_pagination] Ensured table exists: split_verse_comp_test.test_cursor_pagination_20250921
[2025-09-19 21:36:49.585] INFO  [MultiTableRepo.test_cursor_pagination] Ensured table exists: split_verse_comp_test.test_cursor_pagination_20250922
[2025-09-19 21:36:49.616] INFO  [MultiTableRepo.test_cursor_pagination] Ensured table exists: split_verse_comp_test.test_cursor_pagination_20250923
[2025-09-19 21:36:49.646] INFO  [MultiTableRepo.test_cursor_pagination] Ensured table exists: split_verse_comp_test.test_cursor_pagination_20250924
[2025-09-19 21:36:49.680] INFO  [MultiTableRepo.test_cursor_pagination] Ensured table exists: split_verse_comp_test.test_cursor_pagination_20250925
[2025-09-19 21:36:49.717] INFO  [MultiTableRepo.test_cursor_pagination] Ensured table exists: split_verse_comp_test.test_cursor_pagination_20250926
[2025-09-19 21:36:49.717] INFO  [MultiTableRepo.test_cursor_pagination] Completed table initialization
[SplitVerse] Initialized shard: shard-0
[SplitVerse] Initialized with 1 active shard(s)
[2025-09-19 21:36:49.721] INFO  [MultiTableRepo.test_cursor_pagination] Ensured table exists: split_verse_comp_test.test_cursor_pagination_20250919
[2025-09-19 21:36:49.728] INFO  [MultiTableRepo.test_cursor_pagination] Ensured table exists: split_verse_comp_test.test_cursor_pagination_20250919
[2025-09-19 21:36:49.740] INFO  [MultiTableRepo.test_cursor_pagination] Ensured table exists: split_verse_comp_test.test_cursor_pagination_20250919
[2025-09-19 21:36:49.748] INFO  [MultiTableRepo.test_cursor_pagination] Ensured table exists: split_verse_comp_test.test_cursor_pagination_20250919
[2025-09-19 21:36:49.756] INFO  [MultiTableRepo.test_cursor_pagination] Ensured table exists: split_verse_comp_test.test_cursor_pagination_20250919
[2025-09-19 21:36:49.765] INFO  [MultiTableRepo.test_cursor_pagination] Ensured table exists: split_verse_comp_test.test_cursor_pagination_20250919
[2025-09-19 21:36:49.773] INFO  [MultiTableRepo.test_cursor_pagination] Ensured table exists: split_verse_comp_test.test_cursor_pagination_20250919
[2025-09-19 21:36:49.783] INFO  [MultiTableRepo.test_cursor_pagination] Ensured table exists: split_verse_comp_test.test_cursor_pagination_20250919
[2025-09-19 21:36:49.792] INFO  [MultiTableRepo.test_cursor_pagination] Ensured table exists: split_verse_comp_test.test_cursor_pagination_20250919
[2025-09-19 21:36:49.800] INFO  [MultiTableRepo.test_cursor_pagination] Ensured table exists: split_verse_comp_test.test_cursor_pagination_20250919
✓ Cursor-based pagination test passed with 10 entities
]]></system-out>
    <system-err><![CDATA[Sep 19, 2025 9:36:49 PM com.telcobright.core.connection.ConnectionProvider <init>
INFO: ConnectionProvider initialized for: jdbc:mysql://127.0.0.1:3306/split_verse_comp_test?useSSL=false&serverTimezone=UTC&useLegacyDatetimeCode=false&preserveInstants=true
]]></system-err>
  </testcase>
  <testcase name="testDeleteOperations" classname="com.telcobright.splitverse.tests.ComprehensiveStrategyTest" time="0.613">
    <failure message="Entity should be deleted by date range ==&gt; expected: &lt;null&gt; but was: &lt;com.telcobright.splitverse.tests.ComprehensiveStrategyTest$TestEntity@3741a170&gt;" type="org.opentest4j.AssertionFailedError"><![CDATA[org.opentest4j.AssertionFailedError: Entity should be deleted by date range ==> expected: <null> but was: <com.telcobright.splitverse.tests.ComprehensiveStrategyTest$TestEntity@3741a170>
	at org.junit.jupiter.api.AssertionFailureBuilder.build(AssertionFailureBuilder.java:151)
	at org.junit.jupiter.api.AssertionFailureBuilder.buildAndThrow(AssertionFailureBuilder.java:132)
	at org.junit.jupiter.api.AssertNull.failNotNull(AssertNull.java:50)
	at org.junit.jupiter.api.AssertNull.assertNull(AssertNull.java:35)
	at org.junit.jupiter.api.Assertions.assertNull(Assertions.java:287)
	at com.telcobright.splitverse.tests.ComprehensiveStrategyTest.testDeleteOperations(ComprehensiveStrategyTest.java:494)
	at java.base/java.lang.reflect.Method.invoke(Method.java:580)
	at java.base/java.util.ArrayList.forEach(ArrayList.java:1596)
	at java.base/java.util.ArrayList.forEach(ArrayList.java:1596)
]]></failure>
    <system-out><![CDATA[[SplitVerse] Building repository with:
  Entity: TestEntity
  Table: test_delete_ops
  Sharding Strategy: DUAL_KEY_HASH_RANGE
  Repository Mode: MULTI_TABLE
  Partition Column: created_at (LOCAL_DATE_TIME)
  Partition Range: DAILY
  Table Granularity: DAILY
  Retention Days: 7
  ID Size: 22 bytes
  Charset: utf8mb4, Collation: utf8mb4_bin
  Shards: 1
[2025-09-19 21:36:49.951] INFO  [MultiTableRepo.test_delete_ops] Initializing daily tables for retention period: 2025-09-12 to 2025-09-26 (15 days)
[2025-09-19 21:36:49.982] INFO  [MultiTableRepo.test_delete_ops] Ensured table exists: split_verse_comp_test.test_delete_ops_20250912
[2025-09-19 21:36:50.013] INFO  [MultiTableRepo.test_delete_ops] Ensured table exists: split_verse_comp_test.test_delete_ops_20250913
[2025-09-19 21:36:50.046] INFO  [MultiTableRepo.test_delete_ops] Ensured table exists: split_verse_comp_test.test_delete_ops_20250914
[2025-09-19 21:36:50.077] INFO  [MultiTableRepo.test_delete_ops] Ensured table exists: split_verse_comp_test.test_delete_ops_20250915
[2025-09-19 21:36:50.110] INFO  [MultiTableRepo.test_delete_ops] Ensured table exists: split_verse_comp_test.test_delete_ops_20250916
[2025-09-19 21:36:50.144] INFO  [MultiTableRepo.test_delete_ops] Ensured table exists: split_verse_comp_test.test_delete_ops_20250917
[2025-09-19 21:36:50.181] INFO  [MultiTableRepo.test_delete_ops] Ensured table exists: split_verse_comp_test.test_delete_ops_20250918
[2025-09-19 21:36:50.214] INFO  [MultiTableRepo.test_delete_ops] Ensured table exists: split_verse_comp_test.test_delete_ops_20250919
[2025-09-19 21:36:50.248] INFO  [MultiTableRepo.test_delete_ops] Ensured table exists: split_verse_comp_test.test_delete_ops_20250920
[2025-09-19 21:36:50.283] INFO  [MultiTableRepo.test_delete_ops] Ensured table exists: split_verse_comp_test.test_delete_ops_20250921
[2025-09-19 21:36:50.315] INFO  [MultiTableRepo.test_delete_ops] Ensured table exists: split_verse_comp_test.test_delete_ops_20250922
[2025-09-19 21:36:50.346] INFO  [MultiTableRepo.test_delete_ops] Ensured table exists: split_verse_comp_test.test_delete_ops_20250923
[2025-09-19 21:36:50.378] INFO  [MultiTableRepo.test_delete_ops] Ensured table exists: split_verse_comp_test.test_delete_ops_20250924
[2025-09-19 21:36:50.412] INFO  [MultiTableRepo.test_delete_ops] Ensured table exists: split_verse_comp_test.test_delete_ops_20250925
[2025-09-19 21:36:50.444] INFO  [MultiTableRepo.test_delete_ops] Ensured table exists: split_verse_comp_test.test_delete_ops_20250926
[2025-09-19 21:36:50.444] INFO  [MultiTableRepo.test_delete_ops] Completed table initialization
[SplitVerse] Initialized shard: shard-0
[SplitVerse] Initialized with 1 active shard(s)
]]></system-out>
    <system-err><![CDATA[Sep 19, 2025 9:36:49 PM com.telcobright.core.connection.ConnectionProvider <init>
INFO: ConnectionProvider initialized for: jdbc:mysql://127.0.0.1:3306/split_verse_comp_test?useSSL=false&serverTimezone=UTC&useLegacyDatetimeCode=false&preserveInstants=true
]]></system-err>
  </testcase>
  <testcase name="testUpdateOperations" classname="com.telcobright.splitverse.tests.ComprehensiveStrategyTest" time="0.565">
    <error message="Entity with ID 9b16ac9ccd4747c6877507 not found in date range 2025-09-19T20:36:51.122557240 to 2025-09-19T22:36:51.122557240" type="java.sql.SQLException"><![CDATA[java.sql.SQLException: Entity with ID 9b16ac9ccd4747c6877507 not found in date range 2025-09-19T20:36:51.122557240 to 2025-09-19T22:36:51.122557240
	at com.telcobright.core.repository.GenericMultiTableRepository.updateByIdAndDateRange(GenericMultiTableRepository.java:487)
	at com.telcobright.core.repository.SplitVerseRepository.updateByIdAndDateRange(SplitVerseRepository.java:312)
	at com.telcobright.splitverse.tests.ComprehensiveStrategyTest.testUpdateOperations(ComprehensiveStrategyTest.java:541)
	at java.base/java.lang.reflect.Method.invoke(Method.java:580)
	at java.base/java.util.ArrayList.forEach(ArrayList.java:1596)
	at java.base/java.util.ArrayList.forEach(ArrayList.java:1596)
]]></error>
    <system-out><![CDATA[[SplitVerse] Building repository with:
  Entity: TestEntity
  Table: test_update_ops
  Sharding Strategy: DUAL_KEY_HASH_RANGE
  Repository Mode: MULTI_TABLE
  Partition Column: created_at (LOCAL_DATE_TIME)
  Partition Range: DAILY
  Table Granularity: DAILY
  Retention Days: 7
  ID Size: 22 bytes
  Charset: utf8mb4, Collation: utf8mb4_bin
  Shards: 1
[2025-09-19 21:36:50.566] INFO  [MultiTableRepo.test_update_ops] Initializing daily tables for retention period: 2025-09-12 to 2025-09-26 (15 days)
[2025-09-19 21:36:50.597] INFO  [MultiTableRepo.test_update_ops] Ensured table exists: split_verse_comp_test.test_update_ops_20250912
[2025-09-19 21:36:50.628] INFO  [MultiTableRepo.test_update_ops] Ensured table exists: split_verse_comp_test.test_update_ops_20250913
[2025-09-19 21:36:50.659] INFO  [MultiTableRepo.test_update_ops] Ensured table exists: split_verse_comp_test.test_update_ops_20250914
[2025-09-19 21:36:50.711] INFO  [MultiTableRepo.test_update_ops] Ensured table exists: split_verse_comp_test.test_update_ops_20250915
[2025-09-19 21:36:50.742] INFO  [MultiTableRepo.test_update_ops] Ensured table exists: split_verse_comp_test.test_update_ops_20250916
[2025-09-19 21:36:50.772] INFO  [MultiTableRepo.test_update_ops] Ensured table exists: split_verse_comp_test.test_update_ops_20250917
[2025-09-19 21:36:50.802] INFO  [MultiTableRepo.test_update_ops] Ensured table exists: split_verse_comp_test.test_update_ops_20250918
[2025-09-19 21:36:50.834] INFO  [MultiTableRepo.test_update_ops] Ensured table exists: split_verse_comp_test.test_update_ops_20250919
[2025-09-19 21:36:50.866] INFO  [MultiTableRepo.test_update_ops] Ensured table exists: split_verse_comp_test.test_update_ops_20250920
[2025-09-19 21:36:50.911] INFO  [MultiTableRepo.test_update_ops] Ensured table exists: split_verse_comp_test.test_update_ops_20250921
[2025-09-19 21:36:50.943] INFO  [MultiTableRepo.test_update_ops] Ensured table exists: split_verse_comp_test.test_update_ops_20250922
[2025-09-19 21:36:50.976] INFO  [MultiTableRepo.test_update_ops] Ensured table exists: split_verse_comp_test.test_update_ops_20250923
[2025-09-19 21:36:51.007] INFO  [MultiTableRepo.test_update_ops] Ensured table exists: split_verse_comp_test.test_update_ops_20250924
[2025-09-19 21:36:51.039] INFO  [MultiTableRepo.test_update_ops] Ensured table exists: split_verse_comp_test.test_update_ops_20250925
[2025-09-19 21:36:51.072] INFO  [MultiTableRepo.test_update_ops] Ensured table exists: split_verse_comp_test.test_update_ops_20250926
[2025-09-19 21:36:51.072] INFO  [MultiTableRepo.test_update_ops] Completed table initialization
[SplitVerse] Initialized shard: shard-0
[SplitVerse] Initialized with 1 active shard(s)
]]></system-out>
    <system-err><![CDATA[Sep 19, 2025 9:36:50 PM com.telcobright.core.connection.ConnectionProvider <init>
INFO: ConnectionProvider initialized for: jdbc:mysql://127.0.0.1:3306/split_verse_comp_test?useSSL=false&serverTimezone=UTC&useLegacyDatetimeCode=false&preserveInstants=true
]]></system-err>
  </testcase>
</testsuite>