<?xml version="1.0" encoding="UTF-8"?>
<testsuite xmlns:xsi="http://www.w3.org/2001/XMLSchema-instance" xsi:noNamespaceSchemaLocation="https://maven.apache.org/surefire/maven-surefire-plugin/xsd/surefire-test-report.xsd" version="3.0.2" name="com.telcobright.splitverse.tests.SmsMultiTableHourlyPartitionTest" time="99.545" tests="7" errors="0" skipped="0" failures="0">
  <properties>
    <property name="java.specification.version" value="21"/>
    <property name="sun.jnu.encoding" value="UTF-8"/>
    <property name="java.class.path" value="/home/mustafa/telcobright-projects/routesphere/split-verse/target/test-classes:/home/mustafa/telcobright-projects/routesphere/split-verse/target/classes:/home/mustafa/.m2/repository/org/slf4j/slf4j-api/1.7.36/slf4j-api-1.7.36.jar:/home/mustafa/.m2/repository/com/mysql/mysql-connector-j/8.0.33/mysql-connector-j-8.0.33.jar:/home/mustafa/.m2/repository/com/telcobright/dbutil/1.0-SNAPSHOT/dbutil-1.0-SNAPSHOT.jar:/home/mustafa/.m2/repository/commons-io/commons-io/2.20.0/commons-io-2.20.0.jar:/home/mustafa/.m2/repository/org/apache/commons/commons-lang3/3.18.0/commons-lang3-3.18.0.jar:/home/mustafa/.m2/repository/ch/qos/logback/logback-classic/1.4.11/logback-classic-1.4.11.jar:/home/mustafa/.m2/repository/ch/qos/logback/logback-core/1.4.11/logback-core-1.4.11.jar:/home/mustafa/.m2/repository/org/springframework/data/spring-data-jpa/2.7.14/spring-data-jpa-2.7.14.jar:/home/mustafa/.m2/repository/org/springframework/data/spring-data-commons/2.7.14/spring-data-commons-2.7.14.jar:/home/mustafa/.m2/repository/org/springframework/spring-orm/5.3.29/spring-orm-5.3.29.jar:/home/mustafa/.m2/repository/org/springframework/spring-jdbc/5.3.29/spring-jdbc-5.3.29.jar:/home/mustafa/.m2/repository/org/springframework/spring-aop/5.3.29/spring-aop-5.3.29.jar:/home/mustafa/.m2/repository/org/springframework/spring-tx/5.3.29/spring-tx-5.3.29.jar:/home/mustafa/.m2/repository/org/springframework/spring-beans/5.3.29/spring-beans-5.3.29.jar:/home/mustafa/.m2/repository/org/springframework/spring-core/5.3.29/spring-core-5.3.29.jar:/home/mustafa/.m2/repository/org/springframework/spring-jcl/5.3.29/spring-jcl-5.3.29.jar:/home/mustafa/.m2/repository/javax/persistence/javax.persistence-api/2.2/javax.persistence-api-2.2.jar:/home/mustafa/.m2/repository/org/hibernate/hibernate-core/5.6.15.Final/hibernate-core-5.6.15.Final.jar:/home/mustafa/.m2/repository/org/jboss/logging/jboss-logging/3.6.1.Final/jboss-logging-3.6.1.Final.jar:/home/mustafa/.m2/repository/net/bytebuddy/byte-buddy/1.17.6/byte-buddy-1.17.6.jar:/home/mustafa/.m2/repository/antlr/antlr/2.7.7/antlr-2.7.7.jar:/home/mustafa/.m2/repository/org/jboss/spec/javax/transaction/jboss-transaction-api_1.2_spec/1.1.1.Final/jboss-transaction-api_1.2_spec-1.1.1.Final.jar:/home/mustafa/.m2/repository/org/jboss/jandex/2.4.2.Final/jandex-2.4.2.Final.jar:/home/mustafa/.m2/repository/com/fasterxml/classmate/1.7.0/classmate-1.7.0.jar:/home/mustafa/.m2/repository/javax/activation/javax.activation-api/1.2.0/javax.activation-api-1.2.0.jar:/home/mustafa/.m2/repository/org/hibernate/common/hibernate-commons-annotations/5.1.2.Final/hibernate-commons-annotations-5.1.2.Final.jar:/home/mustafa/.m2/repository/javax/xml/bind/jaxb-api/2.3.1/jaxb-api-2.3.1.jar:/home/mustafa/.m2/repository/org/glassfish/jaxb/jaxb-runtime/4.0.5/jaxb-runtime-4.0.5.jar:/home/mustafa/.m2/repository/org/glassfish/jaxb/jaxb-core/4.0.5/jaxb-core-4.0.5.jar:/home/mustafa/.m2/repository/org/eclipse/angus/angus-activation/2.0.2/angus-activation-2.0.2.jar:/home/mustafa/.m2/repository/org/glassfish/jaxb/txw2/4.0.5/txw2-4.0.5.jar:/home/mustafa/.m2/repository/com/sun/istack/istack-commons-runtime/4.1.2/istack-commons-runtime-4.1.2.jar:/home/mustafa/.m2/repository/org/springframework/spring-context/5.3.30/spring-context-5.3.30.jar:/home/mustafa/.m2/repository/org/springframework/spring-expression/5.3.30/spring-expression-5.3.30.jar:/home/mustafa/.m2/repository/com/zaxxer/HikariCP/5.0.1/HikariCP-5.0.1.jar:/home/mustafa/.m2/repository/org/springframework/boot/spring-boot-starter-test/2.7.14/spring-boot-starter-test-2.7.14.jar:/home/mustafa/.m2/repository/org/springframework/boot/spring-boot-starter/2.7.14/spring-boot-starter-2.7.14.jar:/home/mustafa/.m2/repository/org/springframework/boot/spring-boot/2.7.14/spring-boot-2.7.14.jar:/home/mustafa/.m2/repository/org/springframework/boot/spring-boot-autoconfigure/2.7.14/spring-boot-autoconfigure-2.7.14.jar:/home/mustafa/.m2/repository/org/springframework/boot/spring-boot-starter-logging/2.7.14/spring-boot-starter-logging-2.7.14.jar:/home/mustafa/.m2/repository/org/slf4j/jul-to-slf4j/1.7.36/jul-to-slf4j-1.7.36.jar:/home/mustafa/.m2/repository/jakarta/annotation/jakarta.annotation-api/3.0.0/jakarta.annotation-api-3.0.0.jar:/home/mustafa/.m2/repository/org/yaml/snakeyaml/2.4/snakeyaml-2.4.jar:/home/mustafa/.m2/repository/org/springframework/boot/spring-boot-test/2.7.14/spring-boot-test-2.7.14.jar:/home/mustafa/.m2/repository/org/springframework/boot/spring-boot-test-autoconfigure/2.7.14/spring-boot-test-autoconfigure-2.7.14.jar:/home/mustafa/.m2/repository/com/jayway/jsonpath/json-path/2.7.0/json-path-2.7.0.jar:/home/mustafa/.m2/repository/net/minidev/json-smart/2.4.7/json-smart-2.4.7.jar:/home/mustafa/.m2/repository/net/minidev/accessors-smart/2.4.7/accessors-smart-2.4.7.jar:/home/mustafa/.m2/repository/org/ow2/asm/asm/9.8/asm-9.8.jar:/home/mustafa/.m2/repository/jakarta/xml/bind/jakarta.xml.bind-api/4.0.2/jakarta.xml.bind-api-4.0.2.jar:/home/mustafa/.m2/repository/jakarta/activation/jakarta.activation-api/2.1.3/jakarta.activation-api-2.1.3.jar:/home/mustafa/.m2/repository/org/hamcrest/hamcrest/2.2/hamcrest-2.2.jar:/home/mustafa/.m2/repository/org/skyscreamer/jsonassert/1.5.1/jsonassert-1.5.1.jar:/home/mustafa/.m2/repository/com/vaadin/external/google/android-json/0.0.20131108.vaadin1/android-json-0.0.20131108.vaadin1.jar:/home/mustafa/.m2/repository/org/springframework/spring-test/5.3.29/spring-test-5.3.29.jar:/home/mustafa/.m2/repository/org/xmlunit/xmlunit-core/2.9.1/xmlunit-core-2.9.1.jar:/home/mustafa/.m2/repository/com/fasterxml/jackson/core/jackson-databind/2.15.2/jackson-databind-2.15.2.jar:/home/mustafa/.m2/repository/com/fasterxml/jackson/core/jackson-annotations/2.19.2/jackson-annotations-2.19.2.jar:/home/mustafa/.m2/repository/com/fasterxml/jackson/core/jackson-core/2.19.2/jackson-core-2.19.2.jar:/home/mustafa/.m2/repository/com/fasterxml/jackson/datatype/jackson-datatype-jsr310/2.15.2/jackson-datatype-jsr310-2.15.2.jar:/home/mustafa/.m2/repository/org/junit/jupiter/junit-jupiter/5.9.2/junit-jupiter-5.9.2.jar:/home/mustafa/.m2/repository/org/junit/jupiter/junit-jupiter-api/5.13.4/junit-jupiter-api-5.13.4.jar:/home/mustafa/.m2/repository/org/opentest4j/opentest4j/1.3.0/opentest4j-1.3.0.jar:/home/mustafa/.m2/repository/org/junit/platform/junit-platform-commons/1.13.4/junit-platform-commons-1.13.4.jar:/home/mustafa/.m2/repository/org/junit/jupiter/junit-jupiter-engine/5.13.4/junit-jupiter-engine-5.13.4.jar:/home/mustafa/.m2/repository/org/junit/platform/junit-platform-engine/1.13.4/junit-platform-engine-1.13.4.jar:/home/mustafa/.m2/repository/org/junit/jupiter/junit-jupiter-params/5.9.2/junit-jupiter-params-5.9.2.jar:/home/mustafa/.m2/repository/org/apiguardian/apiguardian-api/1.1.2/apiguardian-api-1.1.2.jar:/home/mustafa/.m2/repository/org/mockito/mockito-core/5.1.1/mockito-core-5.1.1.jar:/home/mustafa/.m2/repository/net/bytebuddy/byte-buddy-agent/1.12.22/byte-buddy-agent-1.12.22.jar:/home/mustafa/.m2/repository/org/objenesis/objenesis/3.3/objenesis-3.3.jar:/home/mustafa/.m2/repository/org/mockito/mockito-junit-jupiter/5.1.1/mockito-junit-jupiter-5.1.1.jar:/home/mustafa/.m2/repository/org/assertj/assertj-core/3.24.2/assertj-core-3.24.2.jar:/home/mustafa/.m2/repository/org/testcontainers/junit-jupiter/1.19.0/junit-jupiter-1.19.0.jar:/home/mustafa/.m2/repository/org/testcontainers/testcontainers/1.21.3/testcontainers-1.21.3.jar:/home/mustafa/.m2/repository/junit/junit/4.13.2/junit-4.13.2.jar:/home/mustafa/.m2/repository/org/apache/commons/commons-compress/1.28.0/commons-compress-1.28.0.jar:/home/mustafa/.m2/repository/commons-codec/commons-codec/1.19.0/commons-codec-1.19.0.jar:/home/mustafa/.m2/repository/org/rnorth/duct-tape/duct-tape/1.0.8/duct-tape-1.0.8.jar:/home/mustafa/.m2/repository/org/jetbrains/annotations/26.0.2/annotations-26.0.2.jar:/home/mustafa/.m2/repository/com/github/docker-java/docker-java-api/3.4.2/docker-java-api-3.4.2.jar:/home/mustafa/.m2/repository/com/github/docker-java/docker-java-transport-zerodep/3.4.2/docker-java-transport-zerodep-3.4.2.jar:/home/mustafa/.m2/repository/com/github/docker-java/docker-java-transport/3.4.2/docker-java-transport-3.4.2.jar:/home/mustafa/.m2/repository/net/java/dev/jna/jna/5.8.0/jna-5.8.0.jar:/home/mustafa/.m2/repository/org/testcontainers/mysql/1.19.0/mysql-1.19.0.jar:/home/mustafa/.m2/repository/org/testcontainers/jdbc/1.21.3/jdbc-1.21.3.jar:/home/mustafa/.m2/repository/org/testcontainers/database-commons/1.21.3/database-commons-1.21.3.jar:/home/mustafa/.m2/repository/org/awaitility/awaitility/4.2.0/awaitility-4.2.0.jar:/home/mustafa/.m2/repository/org/slf4j/slf4j-simple/1.7.36/slf4j-simple-1.7.36.jar:"/>
    <property name="java.vm.vendor" value="Eclipse Adoptium"/>
    <property name="sun.arch.data.model" value="64"/>
    <property name="java.vendor.url" value="https://adoptium.net/"/>
    <property name="user.timezone" value="Asia/Dhaka"/>
    <property name="os.name" value="Linux"/>
    <property name="java.vm.specification.version" value="21"/>
    <property name="sun.java.launcher" value="SUN_STANDARD"/>
    <property name="user.country" value="US"/>
    <property name="sun.boot.library.path" value="/home/mustafa/.sdkman/candidates/java/21-tem/lib"/>
    <property name="sun.java.command" value="/home/mustafa/telcobright-projects/routesphere/split-verse/target/surefire/surefirebooter-20250921012704316_3.jar /home/mustafa/telcobright-projects/routesphere/split-verse/target/surefire 2025-09-21T01-27-04_238-jvmRun1 surefire-20250921012704316_1tmp surefire_0-20250921012704316_2tmp"/>
    <property name="jdk.debug" value="release"/>
    <property name="test" value="SmsMultiTableHourlyPartitionTest"/>
    <property name="surefire.test.class.path" value="/home/mustafa/telcobright-projects/routesphere/split-verse/target/test-classes:/home/mustafa/telcobright-projects/routesphere/split-verse/target/classes:/home/mustafa/.m2/repository/org/slf4j/slf4j-api/1.7.36/slf4j-api-1.7.36.jar:/home/mustafa/.m2/repository/com/mysql/mysql-connector-j/8.0.33/mysql-connector-j-8.0.33.jar:/home/mustafa/.m2/repository/com/telcobright/dbutil/1.0-SNAPSHOT/dbutil-1.0-SNAPSHOT.jar:/home/mustafa/.m2/repository/commons-io/commons-io/2.20.0/commons-io-2.20.0.jar:/home/mustafa/.m2/repository/org/apache/commons/commons-lang3/3.18.0/commons-lang3-3.18.0.jar:/home/mustafa/.m2/repository/ch/qos/logback/logback-classic/1.4.11/logback-classic-1.4.11.jar:/home/mustafa/.m2/repository/ch/qos/logback/logback-core/1.4.11/logback-core-1.4.11.jar:/home/mustafa/.m2/repository/org/springframework/data/spring-data-jpa/2.7.14/spring-data-jpa-2.7.14.jar:/home/mustafa/.m2/repository/org/springframework/data/spring-data-commons/2.7.14/spring-data-commons-2.7.14.jar:/home/mustafa/.m2/repository/org/springframework/spring-orm/5.3.29/spring-orm-5.3.29.jar:/home/mustafa/.m2/repository/org/springframework/spring-jdbc/5.3.29/spring-jdbc-5.3.29.jar:/home/mustafa/.m2/repository/org/springframework/spring-aop/5.3.29/spring-aop-5.3.29.jar:/home/mustafa/.m2/repository/org/springframework/spring-tx/5.3.29/spring-tx-5.3.29.jar:/home/mustafa/.m2/repository/org/springframework/spring-beans/5.3.29/spring-beans-5.3.29.jar:/home/mustafa/.m2/repository/org/springframework/spring-core/5.3.29/spring-core-5.3.29.jar:/home/mustafa/.m2/repository/org/springframework/spring-jcl/5.3.29/spring-jcl-5.3.29.jar:/home/mustafa/.m2/repository/javax/persistence/javax.persistence-api/2.2/javax.persistence-api-2.2.jar:/home/mustafa/.m2/repository/org/hibernate/hibernate-core/5.6.15.Final/hibernate-core-5.6.15.Final.jar:/home/mustafa/.m2/repository/org/jboss/logging/jboss-logging/3.6.1.Final/jboss-logging-3.6.1.Final.jar:/home/mustafa/.m2/repository/net/bytebuddy/byte-buddy/1.17.6/byte-buddy-1.17.6.jar:/home/mustafa/.m2/repository/antlr/antlr/2.7.7/antlr-2.7.7.jar:/home/mustafa/.m2/repository/org/jboss/spec/javax/transaction/jboss-transaction-api_1.2_spec/1.1.1.Final/jboss-transaction-api_1.2_spec-1.1.1.Final.jar:/home/mustafa/.m2/repository/org/jboss/jandex/2.4.2.Final/jandex-2.4.2.Final.jar:/home/mustafa/.m2/repository/com/fasterxml/classmate/1.7.0/classmate-1.7.0.jar:/home/mustafa/.m2/repository/javax/activation/javax.activation-api/1.2.0/javax.activation-api-1.2.0.jar:/home/mustafa/.m2/repository/org/hibernate/common/hibernate-commons-annotations/5.1.2.Final/hibernate-commons-annotations-5.1.2.Final.jar:/home/mustafa/.m2/repository/javax/xml/bind/jaxb-api/2.3.1/jaxb-api-2.3.1.jar:/home/mustafa/.m2/repository/org/glassfish/jaxb/jaxb-runtime/4.0.5/jaxb-runtime-4.0.5.jar:/home/mustafa/.m2/repository/org/glassfish/jaxb/jaxb-core/4.0.5/jaxb-core-4.0.5.jar:/home/mustafa/.m2/repository/org/eclipse/angus/angus-activation/2.0.2/angus-activation-2.0.2.jar:/home/mustafa/.m2/repository/org/glassfish/jaxb/txw2/4.0.5/txw2-4.0.5.jar:/home/mustafa/.m2/repository/com/sun/istack/istack-commons-runtime/4.1.2/istack-commons-runtime-4.1.2.jar:/home/mustafa/.m2/repository/org/springframework/spring-context/5.3.30/spring-context-5.3.30.jar:/home/mustafa/.m2/repository/org/springframework/spring-expression/5.3.30/spring-expression-5.3.30.jar:/home/mustafa/.m2/repository/com/zaxxer/HikariCP/5.0.1/HikariCP-5.0.1.jar:/home/mustafa/.m2/repository/org/springframework/boot/spring-boot-starter-test/2.7.14/spring-boot-starter-test-2.7.14.jar:/home/mustafa/.m2/repository/org/springframework/boot/spring-boot-starter/2.7.14/spring-boot-starter-2.7.14.jar:/home/mustafa/.m2/repository/org/springframework/boot/spring-boot/2.7.14/spring-boot-2.7.14.jar:/home/mustafa/.m2/repository/org/springframework/boot/spring-boot-autoconfigure/2.7.14/spring-boot-autoconfigure-2.7.14.jar:/home/mustafa/.m2/repository/org/springframework/boot/spring-boot-starter-logging/2.7.14/spring-boot-starter-logging-2.7.14.jar:/home/mustafa/.m2/repository/org/slf4j/jul-to-slf4j/1.7.36/jul-to-slf4j-1.7.36.jar:/home/mustafa/.m2/repository/jakarta/annotation/jakarta.annotation-api/3.0.0/jakarta.annotation-api-3.0.0.jar:/home/mustafa/.m2/repository/org/yaml/snakeyaml/2.4/snakeyaml-2.4.jar:/home/mustafa/.m2/repository/org/springframework/boot/spring-boot-test/2.7.14/spring-boot-test-2.7.14.jar:/home/mustafa/.m2/repository/org/springframework/boot/spring-boot-test-autoconfigure/2.7.14/spring-boot-test-autoconfigure-2.7.14.jar:/home/mustafa/.m2/repository/com/jayway/jsonpath/json-path/2.7.0/json-path-2.7.0.jar:/home/mustafa/.m2/repository/net/minidev/json-smart/2.4.7/json-smart-2.4.7.jar:/home/mustafa/.m2/repository/net/minidev/accessors-smart/2.4.7/accessors-smart-2.4.7.jar:/home/mustafa/.m2/repository/org/ow2/asm/asm/9.8/asm-9.8.jar:/home/mustafa/.m2/repository/jakarta/xml/bind/jakarta.xml.bind-api/4.0.2/jakarta.xml.bind-api-4.0.2.jar:/home/mustafa/.m2/repository/jakarta/activation/jakarta.activation-api/2.1.3/jakarta.activation-api-2.1.3.jar:/home/mustafa/.m2/repository/org/hamcrest/hamcrest/2.2/hamcrest-2.2.jar:/home/mustafa/.m2/repository/org/skyscreamer/jsonassert/1.5.1/jsonassert-1.5.1.jar:/home/mustafa/.m2/repository/com/vaadin/external/google/android-json/0.0.20131108.vaadin1/android-json-0.0.20131108.vaadin1.jar:/home/mustafa/.m2/repository/org/springframework/spring-test/5.3.29/spring-test-5.3.29.jar:/home/mustafa/.m2/repository/org/xmlunit/xmlunit-core/2.9.1/xmlunit-core-2.9.1.jar:/home/mustafa/.m2/repository/com/fasterxml/jackson/core/jackson-databind/2.15.2/jackson-databind-2.15.2.jar:/home/mustafa/.m2/repository/com/fasterxml/jackson/core/jackson-annotations/2.19.2/jackson-annotations-2.19.2.jar:/home/mustafa/.m2/repository/com/fasterxml/jackson/core/jackson-core/2.19.2/jackson-core-2.19.2.jar:/home/mustafa/.m2/repository/com/fasterxml/jackson/datatype/jackson-datatype-jsr310/2.15.2/jackson-datatype-jsr310-2.15.2.jar:/home/mustafa/.m2/repository/org/junit/jupiter/junit-jupiter/5.9.2/junit-jupiter-5.9.2.jar:/home/mustafa/.m2/repository/org/junit/jupiter/junit-jupiter-api/5.13.4/junit-jupiter-api-5.13.4.jar:/home/mustafa/.m2/repository/org/opentest4j/opentest4j/1.3.0/opentest4j-1.3.0.jar:/home/mustafa/.m2/repository/org/junit/platform/junit-platform-commons/1.13.4/junit-platform-commons-1.13.4.jar:/home/mustafa/.m2/repository/org/junit/jupiter/junit-jupiter-engine/5.13.4/junit-jupiter-engine-5.13.4.jar:/home/mustafa/.m2/repository/org/junit/platform/junit-platform-engine/1.13.4/junit-platform-engine-1.13.4.jar:/home/mustafa/.m2/repository/org/junit/jupiter/junit-jupiter-params/5.9.2/junit-jupiter-params-5.9.2.jar:/home/mustafa/.m2/repository/org/apiguardian/apiguardian-api/1.1.2/apiguardian-api-1.1.2.jar:/home/mustafa/.m2/repository/org/mockito/mockito-core/5.1.1/mockito-core-5.1.1.jar:/home/mustafa/.m2/repository/net/bytebuddy/byte-buddy-agent/1.12.22/byte-buddy-agent-1.12.22.jar:/home/mustafa/.m2/repository/org/objenesis/objenesis/3.3/objenesis-3.3.jar:/home/mustafa/.m2/repository/org/mockito/mockito-junit-jupiter/5.1.1/mockito-junit-jupiter-5.1.1.jar:/home/mustafa/.m2/repository/org/assertj/assertj-core/3.24.2/assertj-core-3.24.2.jar:/home/mustafa/.m2/repository/org/testcontainers/junit-jupiter/1.19.0/junit-jupiter-1.19.0.jar:/home/mustafa/.m2/repository/org/testcontainers/testcontainers/1.21.3/testcontainers-1.21.3.jar:/home/mustafa/.m2/repository/junit/junit/4.13.2/junit-4.13.2.jar:/home/mustafa/.m2/repository/org/apache/commons/commons-compress/1.28.0/commons-compress-1.28.0.jar:/home/mustafa/.m2/repository/commons-codec/commons-codec/1.19.0/commons-codec-1.19.0.jar:/home/mustafa/.m2/repository/org/rnorth/duct-tape/duct-tape/1.0.8/duct-tape-1.0.8.jar:/home/mustafa/.m2/repository/org/jetbrains/annotations/26.0.2/annotations-26.0.2.jar:/home/mustafa/.m2/repository/com/github/docker-java/docker-java-api/3.4.2/docker-java-api-3.4.2.jar:/home/mustafa/.m2/repository/com/github/docker-java/docker-java-transport-zerodep/3.4.2/docker-java-transport-zerodep-3.4.2.jar:/home/mustafa/.m2/repository/com/github/docker-java/docker-java-transport/3.4.2/docker-java-transport-3.4.2.jar:/home/mustafa/.m2/repository/net/java/dev/jna/jna/5.8.0/jna-5.8.0.jar:/home/mustafa/.m2/repository/org/testcontainers/mysql/1.19.0/mysql-1.19.0.jar:/home/mustafa/.m2/repository/org/testcontainers/jdbc/1.21.3/jdbc-1.21.3.jar:/home/mustafa/.m2/repository/org/testcontainers/database-commons/1.21.3/database-commons-1.21.3.jar:/home/mustafa/.m2/repository/org/awaitility/awaitility/4.2.0/awaitility-4.2.0.jar:/home/mustafa/.m2/repository/org/slf4j/slf4j-simple/1.7.36/slf4j-simple-1.7.36.jar:"/>
    <property name="sun.cpu.endian" value="little"/>
    <property name="user.home" value="/home/mustafa"/>
    <property name="user.language" value="en"/>
    <property name="java.specification.vendor" value="Oracle Corporation"/>
    <property name="java.version.date" value="2023-09-19"/>
    <property name="java.home" value="/home/mustafa/.sdkman/candidates/java/21-tem"/>
    <property name="file.separator" value="/"/>
    <property name="basedir" value="/home/mustafa/telcobright-projects/routesphere/split-verse"/>
    <property name="java.vm.compressedOopsMode" value="Zero based"/>
    <property name="line.separator" value="&#10;"/>
    <property name="java.vm.specification.vendor" value="Oracle Corporation"/>
    <property name="java.specification.name" value="Java Platform API Specification"/>
    <property name="surefire.real.class.path" value="/home/mustafa/telcobright-projects/routesphere/split-verse/target/surefire/surefirebooter-20250921012704316_3.jar"/>
    <property name="sun.management.compiler" value="HotSpot 64-Bit Tiered Compilers"/>
    <property name="java.runtime.version" value="21+35-LTS"/>
    <property name="user.name" value="mustafa"/>
    <property name="stdout.encoding" value="UTF-8"/>
    <property name="path.separator" value=":"/>
    <property name="os.version" value="6.14.0-29-generic"/>
    <property name="java.runtime.name" value="OpenJDK Runtime Environment"/>
    <property name="file.encoding" value="UTF-8"/>
    <property name="java.vm.name" value="OpenJDK 64-Bit Server VM"/>
    <property name="java.vendor.version" value="Temurin-21+35"/>
    <property name="localRepository" value="/home/mustafa/.m2/repository"/>
    <property name="java.vendor.url.bug" value="https://github.com/adoptium/adoptium-support/issues"/>
    <property name="java.io.tmpdir" value="/tmp"/>
    <property name="java.version" value="21"/>
    <property name="user.dir" value="/home/mustafa/telcobright-projects/routesphere/split-verse"/>
    <property name="os.arch" value="amd64"/>
    <property name="java.vm.specification.name" value="Java Virtual Machine Specification"/>
    <property name="native.encoding" value="UTF-8"/>
    <property name="java.library.path" value="/usr/java/packages/lib:/usr/lib64:/lib64:/lib:/usr/lib"/>
    <property name="java.vm.info" value="mixed mode, sharing"/>
    <property name="stderr.encoding" value="UTF-8"/>
    <property name="java.vendor" value="Eclipse Adoptium"/>
    <property name="java.vm.version" value="21+35-LTS"/>
    <property name="sun.io.unicode.encoding" value="UnicodeLittle"/>
    <property name="java.class.version" value="65.0"/>
  </properties>
  <testcase name="testInsertTenThousandSmsRecords" classname="com.telcobright.splitverse.tests.SmsMultiTableHourlyPartitionTest" time="57.514">
    <system-out><![CDATA[
=== SMS Multi-Table Hourly Partition Test Setup ===
Database: sms_shard_01
Mode: Multi-table with daily tables, hourly native partitions
Tables to create: 15 days
Test period: 7 days
Total records: 10000
✓ Database created
[SplitVerse] Building repository with:
  Entity: SmsRecord
  Table: auto-detect
  Sharding Strategy: SINGLE_KEY_HASH
  Repository Mode: MULTI_TABLE
  Table Granularity: DAILY
  Retention Days: 15
  ID Size: 22 bytes
  Charset: utf8mb4, Collation: utf8mb4_bin
  Shards: 1
[2025-09-21 01:27:15.782] INFO  [MultiTableRepo.sms] Initializing daily tables for retention period: 2025-09-06 to 2025-10-06 (31 days)
[2025-09-21 01:27:34.397] INFO  [MultiTableRepo.sms] Completed table initialization
[SplitVerse] Initialized shard: shard_01
[SplitVerse] Initialized with 1 active shard(s)
✓ Repository configured with daily tables and hourly partitions

=== Test 1: Insert 10,000 SMS Records ===
Inserting 10000 SMS records across 7 days...
  Progress: 1000/10000
  Progress: 2000/10000
  Progress: 3000/10000
  Progress: 4000/10000
  Progress: 5000/10000
  Progress: 6000/10000
  Progress: 7000/10000
  Progress: 8000/10000
  Progress: 9000/10000
  Progress: 10000/10000
✓ Successfully inserted 10000 SMS records

Record distribution by day:
  2025-09-18: 1429 records
  2025-09-17: 1428 records
  2025-09-16: 1428 records
  2025-09-15: 1428 records
  2025-09-19: 1429 records
  2025-09-21: 1429 records
  2025-09-20: 1429 records
]]></system-out>
    <system-err><![CDATA[Sep 21, 2025 1:27:15 AM com.telcobright.core.connection.ConnectionProvider <init>
INFO: ConnectionProvider initialized for: jdbc:mysql://127.0.0.1:3306/sms_shard_01?useSSL=false&serverTimezone=UTC&useLegacyDatetimeCode=false&preserveInstants=true
]]></system-err>
  </testcase>
  <testcase name="testVerifyDailyTables" classname="com.telcobright.splitverse.tests.SmsMultiTableHourlyPartitionTest" time="0.022">
    <system-out><![CDATA[
=== Test 2: Verify Daily Tables Creation ===

Created tables:
  ✓ sms_20250906
  ✓ sms_20250907
  ✓ sms_20250908
  ✓ sms_20250909
  ✓ sms_20250910
  ✓ sms_20250911
  ✓ sms_20250912
  ✓ sms_20250913
  ✓ sms_20250914
  ✓ sms_20250915
  ✓ sms_20250916
  ✓ sms_20250917
  ✓ sms_20250918
  ✓ sms_20250919
  ✓ sms_20250920
  ✓ sms_20250921
  ✓ sms_20250922
  ✓ sms_20250923
  ✓ sms_20250924
  ✓ sms_20250925
  ✓ sms_20250926
  ✓ sms_20250927
  ✓ sms_20250928
  ✓ sms_20250929
  ✓ sms_20250930
  ✓ sms_20251001
  ✓ sms_20251002
  ✓ sms_20251003
  ✓ sms_20251004
  ✓ sms_20251005
  ✓ sms_20251006

✓ Verified 31 daily tables created
]]></system-out>
  </testcase>
  <testcase name="testVerifyHourlyPartitions" classname="com.telcobright.splitverse.tests.SmsMultiTableHourlyPartitionTest" time="0.016">
    <system-out><![CDATA[
=== Test 3: Verify Hourly Partitions in Each Table ===

Partitions for table: sms_20250906
  Total partitions: 24, Total rows: 0

Partitions for table: sms_20250907
  Total partitions: 24, Total rows: 0

Partitions for table: sms_20250908
  Total partitions: 24, Total rows: 0

✓ Verified hourly partitions in daily tables
]]></system-out>
  </testcase>
  <testcase name="testVerifyPartitionDistribution" classname="com.telcobright.splitverse.tests.SmsMultiTableHourlyPartitionTest" time="0.012">
    <system-out><![CDATA[
=== Test 4: Verify Partition Distribution Within Day ===

Analyzing hourly distribution for table: sms_20250921

Hourly distribution:
  Hour 01: 60 records
  Hour 02: 57 records
  Hour 03: 61 records
  Hour 04: 69 records
  Hour 05: 58 records
  Hour 06: 56 records
  Hour 07: 65 records
  Hour 08: 48 records
  Hour 09: 61 records
  Hour 10: 72 records
  Hour 11: 55 records
  Hour 12: 50 records
  Hour 13: 65 records
  Hour 14: 76 records
  Hour 15: 53 records
  Hour 16: 53 records
  Hour 17: 55 records
  Hour 18: 64 records
  Hour 19: 65 records
  Hour 20: 56 records
  Hour 21: 60 records
  Hour 22: 59 records
  Hour 23: 57 records
  Hour 24: 54 records

Total records in sms_20250921: 1429
Non-empty partitions: 24/24
✓ Verified hourly partition distribution
]]></system-out>
  </testcase>
  <testcase name="testRetrieveRecordsByTimeRange" classname="com.telcobright.splitverse.tests.SmsMultiTableHourlyPartitionTest" time="0.01">
    <system-out><![CDATA[
=== Test 5: Retrieve Records by Time Range ===
Querying records between:
  Start: 2025-09-20T10:00
  End: 2025-09-20T11:00

Records found in time range: 59
Partitions accessed: p_h05
✓ Successfully retrieved records with partition pruning
]]></system-out>
  </testcase>
  <testcase name="testVerifyTableStructure" classname="com.telcobright.splitverse.tests.SmsMultiTableHourlyPartitionTest" time="0.006">
    <system-out><![CDATA[
=== Test 6: Verify Table Structure with Partitions ===

Table structure for sms_20250921:
✓ Table has correct structure with 24 hourly partitions
✓ Using RANGE COLUMNS partitioning on created_at
]]></system-out>
  </testcase>
  <testcase name="testFindByIdAndPartitionColRange" classname="com.telcobright.splitverse.tests.SmsMultiTableHourlyPartitionTest" time="12.722">
    <system-out><![CDATA[
=== Test 7: Comprehensive Entity Verification with findByIdAndPartitionColRange ===
Testing all 10000 SMS records with complete entity comparison...

  ✓ [1000/1000] Correctly returned null for invalid range

=== Comprehensive Entity Verification Summary ===
Total SMS records tested: 1000
Successfully found with all fields matching: 394
Found but with field mismatches: 0
Not found with valid range: 390
Correctly returned null for invalid ranges: 216
Success rate (valid ranges): 50.26%

✓ Comprehensive entity verification test completed successfully
]]></system-out>
    <system-err><![CDATA[  ✗ Failed to find SMS 8fb7c139 with MINUTE range
[2025-09-21 01:28:32.040] WARN  [MultiTableRepo.sms] Table does not exist: sms_shard_01.sms_20250817
[2025-09-21 01:28:32.041] WARN  [MultiTableRepo.sms] Table does not exist: sms_shard_01.sms_20250818
[2025-09-21 01:28:32.043] WARN  [MultiTableRepo.sms] Table does not exist: sms_shard_01.sms_20250819
[2025-09-21 01:28:32.044] WARN  [MultiTableRepo.sms] Table does not exist: sms_shard_01.sms_20250820
[2025-09-21 01:28:32.046] WARN  [MultiTableRepo.sms] Table does not exist: sms_shard_01.sms_20250821
[2025-09-21 01:28:32.047] WARN  [MultiTableRepo.sms] Table does not exist: sms_shard_01.sms_20250822
[2025-09-21 01:28:32.048] WARN  [MultiTableRepo.sms] Table does not exist: sms_shard_01.sms_20250823
[2025-09-21 01:28:32.050] WARN  [MultiTableRepo.sms] Table does not exist: sms_shard_01.sms_20250824
[2025-09-21 01:28:32.051] WARN  [MultiTableRepo.sms] Table does not exist: sms_shard_01.sms_20250825
[2025-09-21 01:28:32.052] WARN  [MultiTableRepo.sms] Table does not exist: sms_shard_01.sms_20250826
[2025-09-21 01:28:32.053] WARN  [MultiTableRepo.sms] Table does not exist: sms_shard_01.sms_20250827
[2025-09-21 01:28:32.054] WARN  [MultiTableRepo.sms] Table does not exist: sms_shard_01.sms_20250828
[2025-09-21 01:28:32.055] WARN  [MultiTableRepo.sms] Table does not exist: sms_shard_01.sms_20250829
[2025-09-21 01:28:32.057] WARN  [MultiTableRepo.sms] Table does not exist: sms_shard_01.sms_20250830
[2025-09-21 01:28:32.058] WARN  [MultiTableRepo.sms] Table does not exist: sms_shard_01.sms_20250831
[2025-09-21 01:28:32.059] WARN  [MultiTableRepo.sms] Table does not exist: sms_shard_01.sms_20250901
[2025-09-21 01:28:32.060] WARN  [MultiTableRepo.sms] Table does not exist: sms_shard_01.sms_20250902
[2025-09-21 01:28:32.061] WARN  [MultiTableRepo.sms] Table does not exist: sms_shard_01.sms_20250903
[2025-09-21 01:28:32.062] WARN  [MultiTableRepo.sms] Table does not exist: sms_shard_01.sms_20250904
[2025-09-21 01:28:32.063] WARN  [MultiTableRepo.sms] Table does not exist: sms_shard_01.sms_20250905
  ✗ Failed to find SMS 2a9f1102 with SECOND range
[2025-09-21 01:28:32.108] WARN  [MultiTableRepo.sms] Table does not exist: sms_shard_01.sms_20250820
[2025-09-21 01:28:32.109] WARN  [MultiTableRepo.sms] Table does not exist: sms_shard_01.sms_20250821
[2025-09-21 01:28:32.111] WARN  [MultiTableRepo.sms] Table does not exist: sms_shard_01.sms_20250822
[2025-09-21 01:28:32.112] WARN  [MultiTableRepo.sms] Table does not exist: sms_shard_01.sms_20250823
[2025-09-21 01:28:32.113] WARN  [MultiTableRepo.sms] Table does not exist: sms_shard_01.sms_20250824
[2025-09-21 01:28:32.114] WARN  [MultiTableRepo.sms] Table does not exist: sms_shard_01.sms_20250825
[2025-09-21 01:28:32.115] WARN  [MultiTableRepo.sms] Table does not exist: sms_shard_01.sms_20250826
[2025-09-21 01:28:32.116] WARN  [MultiTableRepo.sms] Table does not exist: sms_shard_01.sms_20250827
[2025-09-21 01:28:32.117] WARN  [MultiTableRepo.sms] Table does not exist: sms_shard_01.sms_20250828
[2025-09-21 01:28:32.118] WARN  [MultiTableRepo.sms] Table does not exist: sms_shard_01.sms_20250829
[2025-09-21 01:28:32.119] WARN  [MultiTableRepo.sms] Table does not exist: sms_shard_01.sms_20250830
[2025-09-21 01:28:32.120] WARN  [MultiTableRepo.sms] Table does not exist: sms_shard_01.sms_20250831
[2025-09-21 01:28:32.121] WARN  [MultiTableRepo.sms] Table does not exist: sms_shard_01.sms_20250901
[2025-09-21 01:28:32.122] WARN  [MultiTableRepo.sms] Table does not exist: sms_shard_01.sms_20250902
[2025-09-21 01:28:32.124] WARN  [MultiTableRepo.sms] Table does not exist: sms_shard_01.sms_20250903
[2025-09-21 01:28:32.125] WARN  [MultiTableRepo.sms] Table does not exist: sms_shard_01.sms_20250904
[2025-09-21 01:28:32.126] WARN  [MultiTableRepo.sms] Table does not exist: sms_shard_01.sms_20250905
  ✗ Failed to find SMS 87155131 with SECOND range
  ✗ Failed to find SMS e52fef52 with SECOND range
  ✗ Failed to find SMS 171da896 with HOUR range
[2025-09-21 01:28:32.301] WARN  [MultiTableRepo.sms] Table does not exist: sms_shard_01.sms_20250816
[2025-09-21 01:28:32.302] WARN  [MultiTableRepo.sms] Table does not exist: sms_shard_01.sms_20250817
[2025-09-21 01:28:32.303] WARN  [MultiTableRepo.sms] Table does not exist: sms_shard_01.sms_20250818
[2025-09-21 01:28:32.304] WARN  [MultiTableRepo.sms] Table does not exist: sms_shard_01.sms_20250819
[2025-09-21 01:28:32.305] WARN  [MultiTableRepo.sms] Table does not exist: sms_shard_01.sms_20250820
[2025-09-21 01:28:32.306] WARN  [MultiTableRepo.sms] Table does not exist: sms_shard_01.sms_20250821
[2025-09-21 01:28:32.307] WARN  [MultiTableRepo.sms] Table does not exist: sms_shard_01.sms_20250822
[2025-09-21 01:28:32.308] WARN  [MultiTableRepo.sms] Table does not exist: sms_shard_01.sms_20250823
[2025-09-21 01:28:32.309] WARN  [MultiTableRepo.sms] Table does not exist: sms_shard_01.sms_20250824
[2025-09-21 01:28:32.310] WARN  [MultiTableRepo.sms] Table does not exist: sms_shard_01.sms_20250825
[2025-09-21 01:28:32.311] WARN  [MultiTableRepo.sms] Table does not exist: sms_shard_01.sms_20250826
[2025-09-21 01:28:32.312] WARN  [MultiTableRepo.sms] Table does not exist: sms_shard_01.sms_20250827
[2025-09-21 01:28:32.313] WARN  [MultiTableRepo.sms] Table does not exist: sms_shard_01.sms_20250828
[2025-09-21 01:28:32.313] WARN  [MultiTableRepo.sms] Table does not exist: sms_shard_01.sms_20250829
[2025-09-21 01:28:32.314] WARN  [MultiTableRepo.sms] Table does not exist: sms_shard_01.sms_20250830
[2025-09-21 01:28:32.315] WARN  [MultiTableRepo.sms] Table does not exist: sms_shard_01.sms_20250831
[2025-09-21 01:28:32.316] WARN  [MultiTableRepo.sms] Table does not exist: sms_shard_01.sms_20250901
[2025-09-21 01:28:32.317] WARN  [MultiTableRepo.sms] Table does not exist: sms_shard_01.sms_20250902
[2025-09-21 01:28:32.318] WARN  [MultiTableRepo.sms] Table does not exist: sms_shard_01.sms_20250903
[2025-09-21 01:28:32.319] WARN  [MultiTableRepo.sms] Table does not exist: sms_shard_01.sms_20250904
[2025-09-21 01:28:32.320] WARN  [MultiTableRepo.sms] Table does not exist: sms_shard_01.sms_20250905
  ✗ Failed to find SMS 64f415e8 with SECOND range
  ✗ Failed to find SMS 40d6641f with HOUR range
  ✗ Failed to find SMS 184876ae with SECOND range
  ✗ Failed to find SMS b6d9e5ad with HOUR range
  ✗ Failed to find SMS 605a3213 with MINUTE range
[2025-09-21 01:28:32.409] WARN  [MultiTableRepo.sms] Table does not exist: sms_shard_01.sms_20250817
[2025-09-21 01:28:32.410] WARN  [MultiTableRepo.sms] Table does not exist: sms_shard_01.sms_20250818
[2025-09-21 01:28:32.411] WARN  [MultiTableRepo.sms] Table does not exist: sms_shard_01.sms_20250819
[2025-09-21 01:28:32.413] WARN  [MultiTableRepo.sms] Table does not exist: sms_shard_01.sms_20250820
[2025-09-21 01:28:32.414] WARN  [MultiTableRepo.sms] Table does not exist: sms_shard_01.sms_20250821
[2025-09-21 01:28:32.415] WARN  [MultiTableRepo.sms] Table does not exist: sms_shard_01.sms_20250822
[2025-09-21 01:28:32.416] WARN  [MultiTableRepo.sms] Table does not exist: sms_shard_01.sms_20250823
[2025-09-21 01:28:32.417] WARN  [MultiTableRepo.sms] Table does not exist: sms_shard_01.sms_20250824
[2025-09-21 01:28:32.418] WARN  [MultiTableRepo.sms] Table does not exist: sms_shard_01.sms_20250825
[2025-09-21 01:28:32.419] WARN  [MultiTableRepo.sms] Table does not exist: sms_shard_01.sms_20250826
[2025-09-21 01:28:32.420] WARN  [MultiTableRepo.sms] Table does not exist: sms_shard_01.sms_20250827
[2025-09-21 01:28:32.421] WARN  [MultiTableRepo.sms] Table does not exist: sms_shard_01.sms_20250828
[2025-09-21 01:28:32.422] WARN  [MultiTableRepo.sms] Table does not exist: sms_shard_01.sms_20250829
[2025-09-21 01:28:32.423] WARN  [MultiTableRepo.sms] Table does not exist: sms_shard_01.sms_20250830
[2025-09-21 01:28:32.424] WARN  [MultiTableRepo.sms] Table does not exist: sms_shard_01.sms_20250831
[2025-09-21 01:28:32.425] WARN  [MultiTableRepo.sms] Table does not exist: sms_shard_01.sms_20250901
[2025-09-21 01:28:32.426] WARN  [MultiTableRepo.sms] Table does not exist: sms_shard_01.sms_20250902
[2025-09-21 01:28:32.427] WARN  [MultiTableRepo.sms] Table does not exist: sms_shard_01.sms_20250903
[2025-09-21 01:28:32.428] WARN  [MultiTableRepo.sms] Table does not exist: sms_shard_01.sms_20250904
[2025-09-21 01:28:32.429] WARN  [MultiTableRepo.sms] Table does not exist: sms_shard_01.sms_20250905
[2025-09-21 01:28:32.734] WARN  [MultiTableRepo.sms] Table does not exist: sms_shard_01.sms_20250820
[2025-09-21 01:28:32.739] WARN  [MultiTableRepo.sms] Table does not exist: sms_shard_01.sms_20250821
[2025-09-21 01:28:32.740] WARN  [MultiTableRepo.sms] Table does not exist: sms_shard_01.sms_20250822
[2025-09-21 01:28:32.742] WARN  [MultiTableRepo.sms] Table does not exist: sms_shard_01.sms_20250823
[2025-09-21 01:28:32.744] WARN  [MultiTableRepo.sms] Table does not exist: sms_shard_01.sms_20250824
[2025-09-21 01:28:32.745] WARN  [MultiTableRepo.sms] Table does not exist: sms_shard_01.sms_20250825
[2025-09-21 01:28:32.746] WARN  [MultiTableRepo.sms] Table does not exist: sms_shard_01.sms_20250826
[2025-09-21 01:28:32.749] WARN  [MultiTableRepo.sms] Table does not exist: sms_shard_01.sms_20250827
[2025-09-21 01:28:32.751] WARN  [MultiTableRepo.sms] Table does not exist: sms_shard_01.sms_20250828
[2025-09-21 01:28:32.752] WARN  [MultiTableRepo.sms] Table does not exist: sms_shard_01.sms_20250829
[2025-09-21 01:28:32.753] WARN  [MultiTableRepo.sms] Table does not exist: sms_shard_01.sms_20250830
[2025-09-21 01:28:32.755] WARN  [MultiTableRepo.sms] Table does not exist: sms_shard_01.sms_20250831
[2025-09-21 01:28:32.756] WARN  [MultiTableRepo.sms] Table does not exist: sms_shard_01.sms_20250901
[2025-09-21 01:28:32.757] WARN  [MultiTableRepo.sms] Table does not exist: sms_shard_01.sms_20250902
[2025-09-21 01:28:32.758] WARN  [MultiTableRepo.sms] Table does not exist: sms_shard_01.sms_20250903
[2025-09-21 01:28:32.760] WARN  [MultiTableRepo.sms] Table does not exist: sms_shard_01.sms_20250904
[2025-09-21 01:28:32.761] WARN  [MultiTableRepo.sms] Table does not exist: sms_shard_01.sms_20250905
[2025-09-21 01:28:33.090] WARN  [MultiTableRepo.sms] Table does not exist: sms_shard_01.sms_20250821
[2025-09-21 01:28:33.091] WARN  [MultiTableRepo.sms] Table does not exist: sms_shard_01.sms_20250822
[2025-09-21 01:28:33.092] WARN  [MultiTableRepo.sms] Table does not exist: sms_shard_01.sms_20250823
[2025-09-21 01:28:33.093] WARN  [MultiTableRepo.sms] Table does not exist: sms_shard_01.sms_20250824
[2025-09-21 01:28:33.094] WARN  [MultiTableRepo.sms] Table does not exist: sms_shard_01.sms_20250825
[2025-09-21 01:28:33.096] WARN  [MultiTableRepo.sms] Table does not exist: sms_shard_01.sms_20250826
[2025-09-21 01:28:33.097] WARN  [MultiTableRepo.sms] Table does not exist: sms_shard_01.sms_20250827
[2025-09-21 01:28:33.098] WARN  [MultiTableRepo.sms] Table does not exist: sms_shard_01.sms_20250828
[2025-09-21 01:28:33.099] WARN  [MultiTableRepo.sms] Table does not exist: sms_shard_01.sms_20250829
[2025-09-21 01:28:33.100] WARN  [MultiTableRepo.sms] Table does not exist: sms_shard_01.sms_20250830
[2025-09-21 01:28:33.101] WARN  [MultiTableRepo.sms] Table does not exist: sms_shard_01.sms_20250831
[2025-09-21 01:28:33.102] WARN  [MultiTableRepo.sms] Table does not exist: sms_shard_01.sms_20250901
[2025-09-21 01:28:33.104] WARN  [MultiTableRepo.sms] Table does not exist: sms_shard_01.sms_20250902
[2025-09-21 01:28:33.105] WARN  [MultiTableRepo.sms] Table does not exist: sms_shard_01.sms_20250903
[2025-09-21 01:28:33.106] WARN  [MultiTableRepo.sms] Table does not exist: sms_shard_01.sms_20250904
[2025-09-21 01:28:33.107] WARN  [MultiTableRepo.sms] Table does not exist: sms_shard_01.sms_20250905
[2025-09-21 01:28:33.160] WARN  [MultiTableRepo.sms] Table does not exist: sms_shard_01.sms_20250820
[2025-09-21 01:28:33.161] WARN  [MultiTableRepo.sms] Table does not exist: sms_shard_01.sms_20250821
[2025-09-21 01:28:33.162] WARN  [MultiTableRepo.sms] Table does not exist: sms_shard_01.sms_20250822
[2025-09-21 01:28:33.163] WARN  [MultiTableRepo.sms] Table does not exist: sms_shard_01.sms_20250823
[2025-09-21 01:28:33.164] WARN  [MultiTableRepo.sms] Table does not exist: sms_shard_01.sms_20250824
[2025-09-21 01:28:33.165] WARN  [MultiTableRepo.sms] Table does not exist: sms_shard_01.sms_20250825
[2025-09-21 01:28:33.166] WARN  [MultiTableRepo.sms] Table does not exist: sms_shard_01.sms_20250826
[2025-09-21 01:28:33.167] WARN  [MultiTableRepo.sms] Table does not exist: sms_shard_01.sms_20250827
[2025-09-21 01:28:33.168] WARN  [MultiTableRepo.sms] Table does not exist: sms_shard_01.sms_20250828
[2025-09-21 01:28:33.169] WARN  [MultiTableRepo.sms] Table does not exist: sms_shard_01.sms_20250829
[2025-09-21 01:28:33.170] WARN  [MultiTableRepo.sms] Table does not exist: sms_shard_01.sms_20250830
[2025-09-21 01:28:33.171] WARN  [MultiTableRepo.sms] Table does not exist: sms_shard_01.sms_20250831
[2025-09-21 01:28:33.172] WARN  [MultiTableRepo.sms] Table does not exist: sms_shard_01.sms_20250901
[2025-09-21 01:28:33.173] WARN  [MultiTableRepo.sms] Table does not exist: sms_shard_01.sms_20250902
[2025-09-21 01:28:33.174] WARN  [MultiTableRepo.sms] Table does not exist: sms_shard_01.sms_20250903
[2025-09-21 01:28:33.175] WARN  [MultiTableRepo.sms] Table does not exist: sms_shard_01.sms_20250904
[2025-09-21 01:28:33.176] WARN  [MultiTableRepo.sms] Table does not exist: sms_shard_01.sms_20250905
[2025-09-21 01:28:33.238] WARN  [MultiTableRepo.sms] Table does not exist: sms_shard_01.sms_20250816
[2025-09-21 01:28:33.243] WARN  [MultiTableRepo.sms] Table does not exist: sms_shard_01.sms_20250817
[2025-09-21 01:28:33.247] WARN  [MultiTableRepo.sms] Table does not exist: sms_shard_01.sms_20250818
[2025-09-21 01:28:33.253] WARN  [MultiTableRepo.sms] Table does not exist: sms_shard_01.sms_20250819
[2025-09-21 01:28:33.254] WARN  [MultiTableRepo.sms] Table does not exist: sms_shard_01.sms_20250820
[2025-09-21 01:28:33.256] WARN  [MultiTableRepo.sms] Table does not exist: sms_shard_01.sms_20250821
[2025-09-21 01:28:33.257] WARN  [MultiTableRepo.sms] Table does not exist: sms_shard_01.sms_20250822
[2025-09-21 01:28:33.258] WARN  [MultiTableRepo.sms] Table does not exist: sms_shard_01.sms_20250823
[2025-09-21 01:28:33.259] WARN  [MultiTableRepo.sms] Table does not exist: sms_shard_01.sms_20250824
[2025-09-21 01:28:33.261] WARN  [MultiTableRepo.sms] Table does not exist: sms_shard_01.sms_20250825
[2025-09-21 01:28:33.262] WARN  [MultiTableRepo.sms] Table does not exist: sms_shard_01.sms_20250826
[2025-09-21 01:28:33.264] WARN  [MultiTableRepo.sms] Table does not exist: sms_shard_01.sms_20250827
[2025-09-21 01:28:33.267] WARN  [MultiTableRepo.sms] Table does not exist: sms_shard_01.sms_20250828
[2025-09-21 01:28:33.269] WARN  [MultiTableRepo.sms] Table does not exist: sms_shard_01.sms_20250829
[2025-09-21 01:28:33.272] WARN  [MultiTableRepo.sms] Table does not exist: sms_shard_01.sms_20250830
[2025-09-21 01:28:33.274] WARN  [MultiTableRepo.sms] Table does not exist: sms_shard_01.sms_20250831
[2025-09-21 01:28:33.275] WARN  [MultiTableRepo.sms] Table does not exist: sms_shard_01.sms_20250901
[2025-09-21 01:28:33.276] WARN  [MultiTableRepo.sms] Table does not exist: sms_shard_01.sms_20250902
[2025-09-21 01:28:33.278] WARN  [MultiTableRepo.sms] Table does not exist: sms_shard_01.sms_20250903
[2025-09-21 01:28:33.279] WARN  [MultiTableRepo.sms] Table does not exist: sms_shard_01.sms_20250904
[2025-09-21 01:28:33.280] WARN  [MultiTableRepo.sms] Table does not exist: sms_shard_01.sms_20250905
[2025-09-21 01:28:33.399] WARN  [MultiTableRepo.sms] Table does not exist: sms_shard_01.sms_20250815
[2025-09-21 01:28:33.401] WARN  [MultiTableRepo.sms] Table does not exist: sms_shard_01.sms_20250816
[2025-09-21 01:28:33.402] WARN  [MultiTableRepo.sms] Table does not exist: sms_shard_01.sms_20250817
[2025-09-21 01:28:33.403] WARN  [MultiTableRepo.sms] Table does not exist: sms_shard_01.sms_20250818
[2025-09-21 01:28:33.404] WARN  [MultiTableRepo.sms] Table does not exist: sms_shard_01.sms_20250819
[2025-09-21 01:28:33.405] WARN  [MultiTableRepo.sms] Table does not exist: sms_shard_01.sms_20250820
[2025-09-21 01:28:33.406] WARN  [MultiTableRepo.sms] Table does not exist: sms_shard_01.sms_20250821
[2025-09-21 01:28:33.407] WARN  [MultiTableRepo.sms] Table does not exist: sms_shard_01.sms_20250822
[2025-09-21 01:28:33.408] WARN  [MultiTableRepo.sms] Table does not exist: sms_shard_01.sms_20250823
[2025-09-21 01:28:33.409] WARN  [MultiTableRepo.sms] Table does not exist: sms_shard_01.sms_20250824
[2025-09-21 01:28:33.410] WARN  [MultiTableRepo.sms] Table does not exist: sms_shard_01.sms_20250825
[2025-09-21 01:28:33.411] WARN  [MultiTableRepo.sms] Table does not exist: sms_shard_01.sms_20250826
[2025-09-21 01:28:33.412] WARN  [MultiTableRepo.sms] Table does not exist: sms_shard_01.sms_20250827
[2025-09-21 01:28:33.413] WARN  [MultiTableRepo.sms] Table does not exist: sms_shard_01.sms_20250828
[2025-09-21 01:28:33.414] WARN  [MultiTableRepo.sms] Table does not exist: sms_shard_01.sms_20250829
[2025-09-21 01:28:33.415] WARN  [MultiTableRepo.sms] Table does not exist: sms_shard_01.sms_20250830
[2025-09-21 01:28:33.416] WARN  [MultiTableRepo.sms] Table does not exist: sms_shard_01.sms_20250831
[2025-09-21 01:28:33.418] WARN  [MultiTableRepo.sms] Table does not exist: sms_shard_01.sms_20250901
[2025-09-21 01:28:33.419] WARN  [MultiTableRepo.sms] Table does not exist: sms_shard_01.sms_20250902
[2025-09-21 01:28:33.420] WARN  [MultiTableRepo.sms] Table does not exist: sms_shard_01.sms_20250903
[2025-09-21 01:28:33.421] WARN  [MultiTableRepo.sms] Table does not exist: sms_shard_01.sms_20250904
[2025-09-21 01:28:33.422] WARN  [MultiTableRepo.sms] Table does not exist: sms_shard_01.sms_20250905
[2025-09-21 01:28:33.460] WARN  [MultiTableRepo.sms] Table does not exist: sms_shard_01.sms_20250816
[2025-09-21 01:28:33.461] WARN  [MultiTableRepo.sms] Table does not exist: sms_shard_01.sms_20250817
[2025-09-21 01:28:33.463] WARN  [MultiTableRepo.sms] Table does not exist: sms_shard_01.sms_20250818
[2025-09-21 01:28:33.464] WARN  [MultiTableRepo.sms] Table does not exist: sms_shard_01.sms_20250819
[2025-09-21 01:28:33.466] WARN  [MultiTableRepo.sms] Table does not exist: sms_shard_01.sms_20250820
[2025-09-21 01:28:33.467] WARN  [MultiTableRepo.sms] Table does not exist: sms_shard_01.sms_20250821
[2025-09-21 01:28:33.468] WARN  [MultiTableRepo.sms] Table does not exist: sms_shard_01.sms_20250822
[2025-09-21 01:28:33.469] WARN  [MultiTableRepo.sms] Table does not exist: sms_shard_01.sms_20250823
[2025-09-21 01:28:33.471] WARN  [MultiTableRepo.sms] Table does not exist: sms_shard_01.sms_20250824
[2025-09-21 01:28:33.473] WARN  [MultiTableRepo.sms] Table does not exist: sms_shard_01.sms_20250825
[2025-09-21 01:28:33.474] WARN  [MultiTableRepo.sms] Table does not exist: sms_shard_01.sms_20250826
[2025-09-21 01:28:33.475] WARN  [MultiTableRepo.sms] Table does not exist: sms_shard_01.sms_20250827
[2025-09-21 01:28:33.476] WARN  [MultiTableRepo.sms] Table does not exist: sms_shard_01.sms_20250828
[2025-09-21 01:28:33.477] WARN  [MultiTableRepo.sms] Table does not exist: sms_shard_01.sms_20250829
[2025-09-21 01:28:33.479] WARN  [MultiTableRepo.sms] Table does not exist: sms_shard_01.sms_20250830
[2025-09-21 01:28:33.480] WARN  [MultiTableRepo.sms] Table does not exist: sms_shard_01.sms_20250831
[2025-09-21 01:28:33.481] WARN  [MultiTableRepo.sms] Table does not exist: sms_shard_01.sms_20250901
[2025-09-21 01:28:33.482] WARN  [MultiTableRepo.sms] Table does not exist: sms_shard_01.sms_20250902
[2025-09-21 01:28:33.483] WARN  [MultiTableRepo.sms] Table does not exist: sms_shard_01.sms_20250903
[2025-09-21 01:28:33.484] WARN  [MultiTableRepo.sms] Table does not exist: sms_shard_01.sms_20250904
[2025-09-21 01:28:33.485] WARN  [MultiTableRepo.sms] Table does not exist: sms_shard_01.sms_20250905
[2025-09-21 01:28:33.558] WARN  [MultiTableRepo.sms] Table does not exist: sms_shard_01.sms_20250815
[2025-09-21 01:28:33.559] WARN  [MultiTableRepo.sms] Table does not exist: sms_shard_01.sms_20250816
[2025-09-21 01:28:33.560] WARN  [MultiTableRepo.sms] Table does not exist: sms_shard_01.sms_20250817
[2025-09-21 01:28:33.561] WARN  [MultiTableRepo.sms] Table does not exist: sms_shard_01.sms_20250818
[2025-09-21 01:28:33.562] WARN  [MultiTableRepo.sms] Table does not exist: sms_shard_01.sms_20250819
[2025-09-21 01:28:33.563] WARN  [MultiTableRepo.sms] Table does not exist: sms_shard_01.sms_20250820
[2025-09-21 01:28:33.564] WARN  [MultiTableRepo.sms] Table does not exist: sms_shard_01.sms_20250821
[2025-09-21 01:28:33.565] WARN  [MultiTableRepo.sms] Table does not exist: sms_shard_01.sms_20250822
[2025-09-21 01:28:33.566] WARN  [MultiTableRepo.sms] Table does not exist: sms_shard_01.sms_20250823
[2025-09-21 01:28:33.567] WARN  [MultiTableRepo.sms] Table does not exist: sms_shard_01.sms_20250824
[2025-09-21 01:28:33.568] WARN  [MultiTableRepo.sms] Table does not exist: sms_shard_01.sms_20250825
[2025-09-21 01:28:33.569] WARN  [MultiTableRepo.sms] Table does not exist: sms_shard_01.sms_20250826
[2025-09-21 01:28:33.570] WARN  [MultiTableRepo.sms] Table does not exist: sms_shard_01.sms_20250827
[2025-09-21 01:28:33.570] WARN  [MultiTableRepo.sms] Table does not exist: sms_shard_01.sms_20250828
[2025-09-21 01:28:33.571] WARN  [MultiTableRepo.sms] Table does not exist: sms_shard_01.sms_20250829
[2025-09-21 01:28:33.572] WARN  [MultiTableRepo.sms] Table does not exist: sms_shard_01.sms_20250830
[2025-09-21 01:28:33.573] WARN  [MultiTableRepo.sms] Table does not exist: sms_shard_01.sms_20250831
[2025-09-21 01:28:33.574] WARN  [MultiTableRepo.sms] Table does not exist: sms_shard_01.sms_20250901
[2025-09-21 01:28:33.575] WARN  [MultiTableRepo.sms] Table does not exist: sms_shard_01.sms_20250902
[2025-09-21 01:28:33.576] WARN  [MultiTableRepo.sms] Table does not exist: sms_shard_01.sms_20250903
[2025-09-21 01:28:33.577] WARN  [MultiTableRepo.sms] Table does not exist: sms_shard_01.sms_20250904
[2025-09-21 01:28:33.578] WARN  [MultiTableRepo.sms] Table does not exist: sms_shard_01.sms_20250905
[2025-09-21 01:28:33.604] WARN  [MultiTableRepo.sms] Table does not exist: sms_shard_01.sms_20250815
[2025-09-21 01:28:33.605] WARN  [MultiTableRepo.sms] Table does not exist: sms_shard_01.sms_20250816
[2025-09-21 01:28:33.606] WARN  [MultiTableRepo.sms] Table does not exist: sms_shard_01.sms_20250817
[2025-09-21 01:28:33.607] WARN  [MultiTableRepo.sms] Table does not exist: sms_shard_01.sms_20250818
[2025-09-21 01:28:33.608] WARN  [MultiTableRepo.sms] Table does not exist: sms_shard_01.sms_20250819
[2025-09-21 01:28:33.609] WARN  [MultiTableRepo.sms] Table does not exist: sms_shard_01.sms_20250820
[2025-09-21 01:28:33.610] WARN  [MultiTableRepo.sms] Table does not exist: sms_shard_01.sms_20250821
[2025-09-21 01:28:33.611] WARN  [MultiTableRepo.sms] Table does not exist: sms_shard_01.sms_20250822
[2025-09-21 01:28:33.612] WARN  [MultiTableRepo.sms] Table does not exist: sms_shard_01.sms_20250823
[2025-09-21 01:28:33.613] WARN  [MultiTableRepo.sms] Table does not exist: sms_shard_01.sms_20250824
[2025-09-21 01:28:33.614] WARN  [MultiTableRepo.sms] Table does not exist: sms_shard_01.sms_20250825
[2025-09-21 01:28:33.617] WARN  [MultiTableRepo.sms] Table does not exist: sms_shard_01.sms_20250826
[2025-09-21 01:28:33.619] WARN  [MultiTableRepo.sms] Table does not exist: sms_shard_01.sms_20250827
[2025-09-21 01:28:33.620] WARN  [MultiTableRepo.sms] Table does not exist: sms_shard_01.sms_20250828
[2025-09-21 01:28:33.621] WARN  [MultiTableRepo.sms] Table does not exist: sms_shard_01.sms_20250829
[2025-09-21 01:28:33.622] WARN  [MultiTableRepo.sms] Table does not exist: sms_shard_01.sms_20250830
[2025-09-21 01:28:33.623] WARN  [MultiTableRepo.sms] Table does not exist: sms_shard_01.sms_20250831
[2025-09-21 01:28:33.625] WARN  [MultiTableRepo.sms] Table does not exist: sms_shard_01.sms_20250901
[2025-09-21 01:28:33.626] WARN  [MultiTableRepo.sms] Table does not exist: sms_shard_01.sms_20250902
[2025-09-21 01:28:33.627] WARN  [MultiTableRepo.sms] Table does not exist: sms_shard_01.sms_20250903
[2025-09-21 01:28:33.628] WARN  [MultiTableRepo.sms] Table does not exist: sms_shard_01.sms_20250904
[2025-09-21 01:28:33.629] WARN  [MultiTableRepo.sms] Table does not exist: sms_shard_01.sms_20250905
[2025-09-21 01:28:33.658] WARN  [MultiTableRepo.sms] Table does not exist: sms_shard_01.sms_20250820
[2025-09-21 01:28:33.659] WARN  [MultiTableRepo.sms] Table does not exist: sms_shard_01.sms_20250821
[2025-09-21 01:28:33.662] WARN  [MultiTableRepo.sms] Table does not exist: sms_shard_01.sms_20250822
[2025-09-21 01:28:33.663] WARN  [MultiTableRepo.sms] Table does not exist: sms_shard_01.sms_20250823
[2025-09-21 01:28:33.665] WARN  [MultiTableRepo.sms] Table does not exist: sms_shard_01.sms_20250824
[2025-09-21 01:28:33.666] WARN  [MultiTableRepo.sms] Table does not exist: sms_shard_01.sms_20250825
[2025-09-21 01:28:33.667] WARN  [MultiTableRepo.sms] Table does not exist: sms_shard_01.sms_20250826
[2025-09-21 01:28:33.668] WARN  [MultiTableRepo.sms] Table does not exist: sms_shard_01.sms_20250827
[2025-09-21 01:28:33.669] WARN  [MultiTableRepo.sms] Table does not exist: sms_shard_01.sms_20250828
[2025-09-21 01:28:33.670] WARN  [MultiTableRepo.sms] Table does not exist: sms_shard_01.sms_20250829
[2025-09-21 01:28:33.671] WARN  [MultiTableRepo.sms] Table does not exist: sms_shard_01.sms_20250830
[2025-09-21 01:28:33.672] WARN  [MultiTableRepo.sms] Table does not exist: sms_shard_01.sms_20250831
[2025-09-21 01:28:33.673] WARN  [MultiTableRepo.sms] Table does not exist: sms_shard_01.sms_20250901
[2025-09-21 01:28:33.675] WARN  [MultiTableRepo.sms] Table does not exist: sms_shard_01.sms_20250902
[2025-09-21 01:28:33.676] WARN  [MultiTableRepo.sms] Table does not exist: sms_shard_01.sms_20250903
[2025-09-21 01:28:33.677] WARN  [MultiTableRepo.sms] Table does not exist: sms_shard_01.sms_20250904
[2025-09-21 01:28:33.679] WARN  [MultiTableRepo.sms] Table does not exist: sms_shard_01.sms_20250905
[2025-09-21 01:28:33.771] WARN  [MultiTableRepo.sms] Table does not exist: sms_shard_01.sms_20250817
[2025-09-21 01:28:33.779] WARN  [MultiTableRepo.sms] Table does not exist: sms_shard_01.sms_20250818
[2025-09-21 01:28:33.780] WARN  [MultiTableRepo.sms] Table does not exist: sms_shard_01.sms_20250819
[2025-09-21 01:28:33.781] WARN  [MultiTableRepo.sms] Table does not exist: sms_shard_01.sms_20250820
[2025-09-21 01:28:33.782] WARN  [MultiTableRepo.sms] Table does not exist: sms_shard_01.sms_20250821
[2025-09-21 01:28:33.783] WARN  [MultiTableRepo.sms] Table does not exist: sms_shard_01.sms_20250822
[2025-09-21 01:28:33.784] WARN  [MultiTableRepo.sms] Table does not exist: sms_shard_01.sms_20250823
[2025-09-21 01:28:33.785] WARN  [MultiTableRepo.sms] Table does not exist: sms_shard_01.sms_20250824
[2025-09-21 01:28:33.786] WARN  [MultiTableRepo.sms] Table does not exist: sms_shard_01.sms_20250825
[2025-09-21 01:28:33.787] WARN  [MultiTableRepo.sms] Table does not exist: sms_shard_01.sms_20250826
[2025-09-21 01:28:33.788] WARN  [MultiTableRepo.sms] Table does not exist: sms_shard_01.sms_20250827
[2025-09-21 01:28:33.789] WARN  [MultiTableRepo.sms] Table does not exist: sms_shard_01.sms_20250828
[2025-09-21 01:28:33.789] WARN  [MultiTableRepo.sms] Table does not exist: sms_shard_01.sms_20250829
[2025-09-21 01:28:33.790] WARN  [MultiTableRepo.sms] Table does not exist: sms_shard_01.sms_20250830
[2025-09-21 01:28:33.791] WARN  [MultiTableRepo.sms] Table does not exist: sms_shard_01.sms_20250831
[2025-09-21 01:28:33.792] WARN  [MultiTableRepo.sms] Table does not exist: sms_shard_01.sms_20250901
[2025-09-21 01:28:33.793] WARN  [MultiTableRepo.sms] Table does not exist: sms_shard_01.sms_20250902
[2025-09-21 01:28:33.794] WARN  [MultiTableRepo.sms] Table does not exist: sms_shard_01.sms_20250903
[2025-09-21 01:28:33.795] WARN  [MultiTableRepo.sms] Table does not exist: sms_shard_01.sms_20250904
[2025-09-21 01:28:33.795] WARN  [MultiTableRepo.sms] Table does not exist: sms_shard_01.sms_20250905
[2025-09-21 01:28:33.836] WARN  [MultiTableRepo.sms] Table does not exist: sms_shard_01.sms_20250820
[2025-09-21 01:28:33.837] WARN  [MultiTableRepo.sms] Table does not exist: sms_shard_01.sms_20250821
[2025-09-21 01:28:33.837] WARN  [MultiTableRepo.sms] Table does not exist: sms_shard_01.sms_20250822
[2025-09-21 01:28:33.838] WARN  [MultiTableRepo.sms] Table does not exist: sms_shard_01.sms_20250823
[2025-09-21 01:28:33.839] WARN  [MultiTableRepo.sms] Table does not exist: sms_shard_01.sms_20250824
[2025-09-21 01:28:33.840] WARN  [MultiTableRepo.sms] Table does not exist: sms_shard_01.sms_20250825
[2025-09-21 01:28:33.841] WARN  [MultiTableRepo.sms] Table does not exist: sms_shard_01.sms_20250826
[2025-09-21 01:28:33.842] WARN  [MultiTableRepo.sms] Table does not exist: sms_shard_01.sms_20250827
[2025-09-21 01:28:33.843] WARN  [MultiTableRepo.sms] Table does not exist: sms_shard_01.sms_20250828
[2025-09-21 01:28:33.844] WARN  [MultiTableRepo.sms] Table does not exist: sms_shard_01.sms_20250829
[2025-09-21 01:28:33.844] WARN  [MultiTableRepo.sms] Table does not exist: sms_shard_01.sms_20250830
[2025-09-21 01:28:33.845] WARN  [MultiTableRepo.sms] Table does not exist: sms_shard_01.sms_20250831
[2025-09-21 01:28:33.846] WARN  [MultiTableRepo.sms] Table does not exist: sms_shard_01.sms_20250901
[2025-09-21 01:28:33.847] WARN  [MultiTableRepo.sms] Table does not exist: sms_shard_01.sms_20250902
[2025-09-21 01:28:33.849] WARN  [MultiTableRepo.sms] Table does not exist: sms_shard_01.sms_20250903
[2025-09-21 01:28:33.850] WARN  [MultiTableRepo.sms] Table does not exist: sms_shard_01.sms_20250904
[2025-09-21 01:28:33.851] WARN  [MultiTableRepo.sms] Table does not exist: sms_shard_01.sms_20250905
[2025-09-21 01:28:33.896] WARN  [MultiTableRepo.sms] Table does not exist: sms_shard_01.sms_20250820
[2025-09-21 01:28:33.897] WARN  [MultiTableRepo.sms] Table does not exist: sms_shard_01.sms_20250821
[2025-09-21 01:28:33.897] WARN  [MultiTableRepo.sms] Table does not exist: sms_shard_01.sms_20250822
[2025-09-21 01:28:33.898] WARN  [MultiTableRepo.sms] Table does not exist: sms_shard_01.sms_20250823
[2025-09-21 01:28:33.899] WARN  [MultiTableRepo.sms] Table does not exist: sms_shard_01.sms_20250824
[2025-09-21 01:28:33.900] WARN  [MultiTableRepo.sms] Table does not exist: sms_shard_01.sms_20250825
[2025-09-21 01:28:33.902] WARN  [MultiTableRepo.sms] Table does not exist: sms_shard_01.sms_20250826
[2025-09-21 01:28:33.903] WARN  [MultiTableRepo.sms] Table does not exist: sms_shard_01.sms_20250827
[2025-09-21 01:28:33.904] WARN  [MultiTableRepo.sms] Table does not exist: sms_shard_01.sms_20250828
[2025-09-21 01:28:33.905] WARN  [MultiTableRepo.sms] Table does not exist: sms_shard_01.sms_20250829
[2025-09-21 01:28:33.905] WARN  [MultiTableRepo.sms] Table does not exist: sms_shard_01.sms_20250830
[2025-09-21 01:28:33.906] WARN  [MultiTableRepo.sms] Table does not exist: sms_shard_01.sms_20250831
[2025-09-21 01:28:33.907] WARN  [MultiTableRepo.sms] Table does not exist: sms_shard_01.sms_20250901
[2025-09-21 01:28:33.908] WARN  [MultiTableRepo.sms] Table does not exist: sms_shard_01.sms_20250902
[2025-09-21 01:28:33.909] WARN  [MultiTableRepo.sms] Table does not exist: sms_shard_01.sms_20250903
[2025-09-21 01:28:33.910] WARN  [MultiTableRepo.sms] Table does not exist: sms_shard_01.sms_20250904
[2025-09-21 01:28:33.910] WARN  [MultiTableRepo.sms] Table does not exist: sms_shard_01.sms_20250905
[2025-09-21 01:28:33.945] WARN  [MultiTableRepo.sms] Table does not exist: sms_shard_01.sms_20250820
[2025-09-21 01:28:33.946] WARN  [MultiTableRepo.sms] Table does not exist: sms_shard_01.sms_20250821
[2025-09-21 01:28:33.947] WARN  [MultiTableRepo.sms] Table does not exist: sms_shard_01.sms_20250822
[2025-09-21 01:28:33.949] WARN  [MultiTableRepo.sms] Table does not exist: sms_shard_01.sms_20250823
[2025-09-21 01:28:33.954] WARN  [MultiTableRepo.sms] Table does not exist: sms_shard_01.sms_20250824
[2025-09-21 01:28:33.956] WARN  [MultiTableRepo.sms] Table does not exist: sms_shard_01.sms_20250825
[2025-09-21 01:28:33.960] WARN  [MultiTableRepo.sms] Table does not exist: sms_shard_01.sms_20250826
[2025-09-21 01:28:33.961] WARN  [MultiTableRepo.sms] Table does not exist: sms_shard_01.sms_20250827
[2025-09-21 01:28:33.962] WARN  [MultiTableRepo.sms] Table does not exist: sms_shard_01.sms_20250828
[2025-09-21 01:28:33.968] WARN  [MultiTableRepo.sms] Table does not exist: sms_shard_01.sms_20250829
[2025-09-21 01:28:33.970] WARN  [MultiTableRepo.sms] Table does not exist: sms_shard_01.sms_20250830
[2025-09-21 01:28:33.971] WARN  [MultiTableRepo.sms] Table does not exist: sms_shard_01.sms_20250831
[2025-09-21 01:28:33.972] WARN  [MultiTableRepo.sms] Table does not exist: sms_shard_01.sms_20250901
[2025-09-21 01:28:33.973] WARN  [MultiTableRepo.sms] Table does not exist: sms_shard_01.sms_20250902
[2025-09-21 01:28:33.974] WARN  [MultiTableRepo.sms] Table does not exist: sms_shard_01.sms_20250903
[2025-09-21 01:28:33.975] WARN  [MultiTableRepo.sms] Table does not exist: sms_shard_01.sms_20250904
[2025-09-21 01:28:33.976] WARN  [MultiTableRepo.sms] Table does not exist: sms_shard_01.sms_20250905
[2025-09-21 01:28:34.069] WARN  [MultiTableRepo.sms] Table does not exist: sms_shard_01.sms_20250818
[2025-09-21 01:28:34.070] WARN  [MultiTableRepo.sms] Table does not exist: sms_shard_01.sms_20250819
[2025-09-21 01:28:34.071] WARN  [MultiTableRepo.sms] Table does not exist: sms_shard_01.sms_20250820
[2025-09-21 01:28:34.072] WARN  [MultiTableRepo.sms] Table does not exist: sms_shard_01.sms_20250821
[2025-09-21 01:28:34.073] WARN  [MultiTableRepo.sms] Table does not exist: sms_shard_01.sms_20250822
[2025-09-21 01:28:34.074] WARN  [MultiTableRepo.sms] Table does not exist: sms_shard_01.sms_20250823
[2025-09-21 01:28:34.074] WARN  [MultiTableRepo.sms] Table does not exist: sms_shard_01.sms_20250824
[2025-09-21 01:28:34.075] WARN  [MultiTableRepo.sms] Table does not exist: sms_shard_01.sms_20250825
[2025-09-21 01:28:34.076] WARN  [MultiTableRepo.sms] Table does not exist: sms_shard_01.sms_20250826
[2025-09-21 01:28:34.077] WARN  [MultiTableRepo.sms] Table does not exist: sms_shard_01.sms_20250827
[2025-09-21 01:28:34.078] WARN  [MultiTableRepo.sms] Table does not exist: sms_shard_01.sms_20250828
[2025-09-21 01:28:34.079] WARN  [MultiTableRepo.sms] Table does not exist: sms_shard_01.sms_20250829
[2025-09-21 01:28:34.080] WARN  [MultiTableRepo.sms] Table does not exist: sms_shard_01.sms_20250830
[2025-09-21 01:28:34.081] WARN  [MultiTableRepo.sms] Table does not exist: sms_shard_01.sms_20250831
[2025-09-21 01:28:34.082] WARN  [MultiTableRepo.sms] Table does not exist: sms_shard_01.sms_20250901
[2025-09-21 01:28:34.083] WARN  [MultiTableRepo.sms] Table does not exist: sms_shard_01.sms_20250902
[2025-09-21 01:28:34.084] WARN  [MultiTableRepo.sms] Table does not exist: sms_shard_01.sms_20250903
[2025-09-21 01:28:34.085] WARN  [MultiTableRepo.sms] Table does not exist: sms_shard_01.sms_20250904
[2025-09-21 01:28:34.086] WARN  [MultiTableRepo.sms] Table does not exist: sms_shard_01.sms_20250905
[2025-09-21 01:28:34.121] WARN  [MultiTableRepo.sms] Table does not exist: sms_shard_01.sms_20250818
[2025-09-21 01:28:34.122] WARN  [MultiTableRepo.sms] Table does not exist: sms_shard_01.sms_20250819
[2025-09-21 01:28:34.123] WARN  [MultiTableRepo.sms] Table does not exist: sms_shard_01.sms_20250820
[2025-09-21 01:28:34.124] WARN  [MultiTableRepo.sms] Table does not exist: sms_shard_01.sms_20250821
[2025-09-21 01:28:34.125] WARN  [MultiTableRepo.sms] Table does not exist: sms_shard_01.sms_20250822
[2025-09-21 01:28:34.126] WARN  [MultiTableRepo.sms] Table does not exist: sms_shard_01.sms_20250823
[2025-09-21 01:28:34.126] WARN  [MultiTableRepo.sms] Table does not exist: sms_shard_01.sms_20250824
[2025-09-21 01:28:34.127] WARN  [MultiTableRepo.sms] Table does not exist: sms_shard_01.sms_20250825
[2025-09-21 01:28:34.128] WARN  [MultiTableRepo.sms] Table does not exist: sms_shard_01.sms_20250826
[2025-09-21 01:28:34.129] WARN  [MultiTableRepo.sms] Table does not exist: sms_shard_01.sms_20250827
[2025-09-21 01:28:34.130] WARN  [MultiTableRepo.sms] Table does not exist: sms_shard_01.sms_20250828
[2025-09-21 01:28:34.131] WARN  [MultiTableRepo.sms] Table does not exist: sms_shard_01.sms_20250829
[2025-09-21 01:28:34.131] WARN  [MultiTableRepo.sms] Table does not exist: sms_shard_01.sms_20250830
[2025-09-21 01:28:34.132] WARN  [MultiTableRepo.sms] Table does not exist: sms_shard_01.sms_20250831
[2025-09-21 01:28:34.133] WARN  [MultiTableRepo.sms] Table does not exist: sms_shard_01.sms_20250901
[2025-09-21 01:28:34.133] WARN  [MultiTableRepo.sms] Table does not exist: sms_shard_01.sms_20250902
[2025-09-21 01:28:34.134] WARN  [MultiTableRepo.sms] Table does not exist: sms_shard_01.sms_20250903
[2025-09-21 01:28:34.136] WARN  [MultiTableRepo.sms] Table does not exist: sms_shard_01.sms_20250904
[2025-09-21 01:28:34.137] WARN  [MultiTableRepo.sms] Table does not exist: sms_shard_01.sms_20250905
[2025-09-21 01:28:34.179] WARN  [MultiTableRepo.sms] Table does not exist: sms_shard_01.sms_20250817
[2025-09-21 01:28:34.181] WARN  [MultiTableRepo.sms] Table does not exist: sms_shard_01.sms_20250818
[2025-09-21 01:28:34.181] WARN  [MultiTableRepo.sms] Table does not exist: sms_shard_01.sms_20250819
[2025-09-21 01:28:34.182] WARN  [MultiTableRepo.sms] Table does not exist: sms_shard_01.sms_20250820
[2025-09-21 01:28:34.183] WARN  [MultiTableRepo.sms] Table does not exist: sms_shard_01.sms_20250821
[2025-09-21 01:28:34.184] WARN  [MultiTableRepo.sms] Table does not exist: sms_shard_01.sms_20250822
[2025-09-21 01:28:34.185] WARN  [MultiTableRepo.sms] Table does not exist: sms_shard_01.sms_20250823
[2025-09-21 01:28:34.186] WARN  [MultiTableRepo.sms] Table does not exist: sms_shard_01.sms_20250824
[2025-09-21 01:28:34.187] WARN  [MultiTableRepo.sms] Table does not exist: sms_shard_01.sms_20250825
[2025-09-21 01:28:34.188] WARN  [MultiTableRepo.sms] Table does not exist: sms_shard_01.sms_20250826
[2025-09-21 01:28:34.189] WARN  [MultiTableRepo.sms] Table does not exist: sms_shard_01.sms_20250827
[2025-09-21 01:28:34.190] WARN  [MultiTableRepo.sms] Table does not exist: sms_shard_01.sms_20250828
[2025-09-21 01:28:34.190] WARN  [MultiTableRepo.sms] Table does not exist: sms_shard_01.sms_20250829
[2025-09-21 01:28:34.191] WARN  [MultiTableRepo.sms] Table does not exist: sms_shard_01.sms_20250830
[2025-09-21 01:28:34.192] WARN  [MultiTableRepo.sms] Table does not exist: sms_shard_01.sms_20250831
[2025-09-21 01:28:34.193] WARN  [MultiTableRepo.sms] Table does not exist: sms_shard_01.sms_20250901
[2025-09-21 01:28:34.194] WARN  [MultiTableRepo.sms] Table does not exist: sms_shard_01.sms_20250902
[2025-09-21 01:28:34.195] WARN  [MultiTableRepo.sms] Table does not exist: sms_shard_01.sms_20250903
[2025-09-21 01:28:34.195] WARN  [MultiTableRepo.sms] Table does not exist: sms_shard_01.sms_20250904
[2025-09-21 01:28:34.196] WARN  [MultiTableRepo.sms] Table does not exist: sms_shard_01.sms_20250905
[2025-09-21 01:28:34.314] WARN  [MultiTableRepo.sms] Table does not exist: sms_shard_01.sms_20250816
[2025-09-21 01:28:34.315] WARN  [MultiTableRepo.sms] Table does not exist: sms_shard_01.sms_20250817
[2025-09-21 01:28:34.315] WARN  [MultiTableRepo.sms] Table does not exist: sms_shard_01.sms_20250818
[2025-09-21 01:28:34.316] WARN  [MultiTableRepo.sms] Table does not exist: sms_shard_01.sms_20250819
[2025-09-21 01:28:34.317] WARN  [MultiTableRepo.sms] Table does not exist: sms_shard_01.sms_20250820
[2025-09-21 01:28:34.318] WARN  [MultiTableRepo.sms] Table does not exist: sms_shard_01.sms_20250821
[2025-09-21 01:28:34.319] WARN  [MultiTableRepo.sms] Table does not exist: sms_shard_01.sms_20250822
[2025-09-21 01:28:34.320] WARN  [MultiTableRepo.sms] Table does not exist: sms_shard_01.sms_20250823
[2025-09-21 01:28:34.320] WARN  [MultiTableRepo.sms] Table does not exist: sms_shard_01.sms_20250824
[2025-09-21 01:28:34.321] WARN  [MultiTableRepo.sms] Table does not exist: sms_shard_01.sms_20250825
[2025-09-21 01:28:34.322] WARN  [MultiTableRepo.sms] Table does not exist: sms_shard_01.sms_20250826
[2025-09-21 01:28:34.323] WARN  [MultiTableRepo.sms] Table does not exist: sms_shard_01.sms_20250827
[2025-09-21 01:28:34.324] WARN  [MultiTableRepo.sms] Table does not exist: sms_shard_01.sms_20250828
[2025-09-21 01:28:34.324] WARN  [MultiTableRepo.sms] Table does not exist: sms_shard_01.sms_20250829
[2025-09-21 01:28:34.325] WARN  [MultiTableRepo.sms] Table does not exist: sms_shard_01.sms_20250830
[2025-09-21 01:28:34.326] WARN  [MultiTableRepo.sms] Table does not exist: sms_shard_01.sms_20250831
[2025-09-21 01:28:34.327] WARN  [MultiTableRepo.sms] Table does not exist: sms_shard_01.sms_20250901
[2025-09-21 01:28:34.328] WARN  [MultiTableRepo.sms] Table does not exist: sms_shard_01.sms_20250902
[2025-09-21 01:28:34.330] WARN  [MultiTableRepo.sms] Table does not exist: sms_shard_01.sms_20250903
[2025-09-21 01:28:34.330] WARN  [MultiTableRepo.sms] Table does not exist: sms_shard_01.sms_20250904
[2025-09-21 01:28:34.331] WARN  [MultiTableRepo.sms] Table does not exist: sms_shard_01.sms_20250905
[2025-09-21 01:28:34.396] WARN  [MultiTableRepo.sms] Table does not exist: sms_shard_01.sms_20250821
[2025-09-21 01:28:34.397] WARN  [MultiTableRepo.sms] Table does not exist: sms_shard_01.sms_20250822
[2025-09-21 01:28:34.398] WARN  [MultiTableRepo.sms] Table does not exist: sms_shard_01.sms_20250823
[2025-09-21 01:28:34.399] WARN  [MultiTableRepo.sms] Table does not exist: sms_shard_01.sms_20250824
[2025-09-21 01:28:34.400] WARN  [MultiTableRepo.sms] Table does not exist: sms_shard_01.sms_20250825
[2025-09-21 01:28:34.401] WARN  [MultiTableRepo.sms] Table does not exist: sms_shard_01.sms_20250826
[2025-09-21 01:28:34.402] WARN  [MultiTableRepo.sms] Table does not exist: sms_shard_01.sms_20250827
[2025-09-21 01:28:34.403] WARN  [MultiTableRepo.sms] Table does not exist: sms_shard_01.sms_20250828
[2025-09-21 01:28:34.404] WARN  [MultiTableRepo.sms] Table does not exist: sms_shard_01.sms_20250829
[2025-09-21 01:28:34.405] WARN  [MultiTableRepo.sms] Table does not exist: sms_shard_01.sms_20250830
[2025-09-21 01:28:34.405] WARN  [MultiTableRepo.sms] Table does not exist: sms_shard_01.sms_20250831
[2025-09-21 01:28:34.406] WARN  [MultiTableRepo.sms] Table does not exist: sms_shard_01.sms_20250901
[2025-09-21 01:28:34.407] WARN  [MultiTableRepo.sms] Table does not exist: sms_shard_01.sms_20250902
[2025-09-21 01:28:34.408] WARN  [MultiTableRepo.sms] Table does not exist: sms_shard_01.sms_20250903
[2025-09-21 01:28:34.409] WARN  [MultiTableRepo.sms] Table does not exist: sms_shard_01.sms_20250904
[2025-09-21 01:28:34.409] WARN  [MultiTableRepo.sms] Table does not exist: sms_shard_01.sms_20250905
[2025-09-21 01:28:34.501] WARN  [MultiTableRepo.sms] Table does not exist: sms_shard_01.sms_20250905
[2025-09-21 01:28:34.560] WARN  [MultiTableRepo.sms] Table does not exist: sms_shard_01.sms_20250818
[2025-09-21 01:28:34.561] WARN  [MultiTableRepo.sms] Table does not exist: sms_shard_01.sms_20250819
[2025-09-21 01:28:34.562] WARN  [MultiTableRepo.sms] Table does not exist: sms_shard_01.sms_20250820
[2025-09-21 01:28:34.563] WARN  [MultiTableRepo.sms] Table does not exist: sms_shard_01.sms_20250821
[2025-09-21 01:28:34.565] WARN  [MultiTableRepo.sms] Table does not exist: sms_shard_01.sms_20250822
[2025-09-21 01:28:34.567] WARN  [MultiTableRepo.sms] Table does not exist: sms_shard_01.sms_20250823
[2025-09-21 01:28:34.568] WARN  [MultiTableRepo.sms] Table does not exist: sms_shard_01.sms_20250824
[2025-09-21 01:28:34.569] WARN  [MultiTableRepo.sms] Table does not exist: sms_shard_01.sms_20250825
[2025-09-21 01:28:34.570] WARN  [MultiTableRepo.sms] Table does not exist: sms_shard_01.sms_20250826
[2025-09-21 01:28:34.570] WARN  [MultiTableRepo.sms] Table does not exist: sms_shard_01.sms_20250827
[2025-09-21 01:28:34.571] WARN  [MultiTableRepo.sms] Table does not exist: sms_shard_01.sms_20250828
[2025-09-21 01:28:34.572] WARN  [MultiTableRepo.sms] Table does not exist: sms_shard_01.sms_20250829
[2025-09-21 01:28:34.573] WARN  [MultiTableRepo.sms] Table does not exist: sms_shard_01.sms_20250830
[2025-09-21 01:28:34.574] WARN  [MultiTableRepo.sms] Table does not exist: sms_shard_01.sms_20250831
[2025-09-21 01:28:34.575] WARN  [MultiTableRepo.sms] Table does not exist: sms_shard_01.sms_20250901
[2025-09-21 01:28:34.575] WARN  [MultiTableRepo.sms] Table does not exist: sms_shard_01.sms_20250902
[2025-09-21 01:28:34.577] WARN  [MultiTableRepo.sms] Table does not exist: sms_shard_01.sms_20250903
[2025-09-21 01:28:34.578] WARN  [MultiTableRepo.sms] Table does not exist: sms_shard_01.sms_20250904
[2025-09-21 01:28:34.579] WARN  [MultiTableRepo.sms] Table does not exist: sms_shard_01.sms_20250905
[2025-09-21 01:28:34.699] WARN  [MultiTableRepo.sms] Table does not exist: sms_shard_01.sms_20250819
[2025-09-21 01:28:34.700] WARN  [MultiTableRepo.sms] Table does not exist: sms_shard_01.sms_20250820
[2025-09-21 01:28:34.702] WARN  [MultiTableRepo.sms] Table does not exist: sms_shard_01.sms_20250821
[2025-09-21 01:28:34.703] WARN  [MultiTableRepo.sms] Table does not exist: sms_shard_01.sms_20250822
[2025-09-21 01:28:34.704] WARN  [MultiTableRepo.sms] Table does not exist: sms_shard_01.sms_20250823
[2025-09-21 01:28:34.705] WARN  [MultiTableRepo.sms] Table does not exist: sms_shard_01.sms_20250824
[2025-09-21 01:28:34.706] WARN  [MultiTableRepo.sms] Table does not exist: sms_shard_01.sms_20250825
[2025-09-21 01:28:34.707] WARN  [MultiTableRepo.sms] Table does not exist: sms_shard_01.sms_20250826
[2025-09-21 01:28:34.707] WARN  [MultiTableRepo.sms] Table does not exist: sms_shard_01.sms_20250827
[2025-09-21 01:28:34.708] WARN  [MultiTableRepo.sms] Table does not exist: sms_shard_01.sms_20250828
[2025-09-21 01:28:34.711] WARN  [MultiTableRepo.sms] Table does not exist: sms_shard_01.sms_20250829
[2025-09-21 01:28:34.715] WARN  [MultiTableRepo.sms] Table does not exist: sms_shard_01.sms_20250830
[2025-09-21 01:28:34.716] WARN  [MultiTableRepo.sms] Table does not exist: sms_shard_01.sms_20250831
[2025-09-21 01:28:34.717] WARN  [MultiTableRepo.sms] Table does not exist: sms_shard_01.sms_20250901
[2025-09-21 01:28:34.719] WARN  [MultiTableRepo.sms] Table does not exist: sms_shard_01.sms_20250902
[2025-09-21 01:28:34.719] WARN  [MultiTableRepo.sms] Table does not exist: sms_shard_01.sms_20250903
[2025-09-21 01:28:34.720] WARN  [MultiTableRepo.sms] Table does not exist: sms_shard_01.sms_20250904
[2025-09-21 01:28:34.721] WARN  [MultiTableRepo.sms] Table does not exist: sms_shard_01.sms_20250905
[2025-09-21 01:28:34.761] WARN  [MultiTableRepo.sms] Table does not exist: sms_shard_01.sms_20250819
[2025-09-21 01:28:34.763] WARN  [MultiTableRepo.sms] Table does not exist: sms_shard_01.sms_20250820
[2025-09-21 01:28:34.764] WARN  [MultiTableRepo.sms] Table does not exist: sms_shard_01.sms_20250821
[2025-09-21 01:28:34.765] WARN  [MultiTableRepo.sms] Table does not exist: sms_shard_01.sms_20250822
[2025-09-21 01:28:34.766] WARN  [MultiTableRepo.sms] Table does not exist: sms_shard_01.sms_20250823
[2025-09-21 01:28:34.768] WARN  [MultiTableRepo.sms] Table does not exist: sms_shard_01.sms_20250824
[2025-09-21 01:28:34.769] WARN  [MultiTableRepo.sms] Table does not exist: sms_shard_01.sms_20250825
[2025-09-21 01:28:34.771] WARN  [MultiTableRepo.sms] Table does not exist: sms_shard_01.sms_20250826
[2025-09-21 01:28:34.771] WARN  [MultiTableRepo.sms] Table does not exist: sms_shard_01.sms_20250827
[2025-09-21 01:28:34.773] WARN  [MultiTableRepo.sms] Table does not exist: sms_shard_01.sms_20250828
[2025-09-21 01:28:34.774] WARN  [MultiTableRepo.sms] Table does not exist: sms_shard_01.sms_20250829
[2025-09-21 01:28:34.774] WARN  [MultiTableRepo.sms] Table does not exist: sms_shard_01.sms_20250830
[2025-09-21 01:28:34.775] WARN  [MultiTableRepo.sms] Table does not exist: sms_shard_01.sms_20250831
[2025-09-21 01:28:34.776] WARN  [MultiTableRepo.sms] Table does not exist: sms_shard_01.sms_20250901
[2025-09-21 01:28:34.777] WARN  [MultiTableRepo.sms] Table does not exist: sms_shard_01.sms_20250902
[2025-09-21 01:28:34.778] WARN  [MultiTableRepo.sms] Table does not exist: sms_shard_01.sms_20250903
[2025-09-21 01:28:34.779] WARN  [MultiTableRepo.sms] Table does not exist: sms_shard_01.sms_20250904
[2025-09-21 01:28:34.780] WARN  [MultiTableRepo.sms] Table does not exist: sms_shard_01.sms_20250905
[2025-09-21 01:28:34.919] WARN  [MultiTableRepo.sms] Table does not exist: sms_shard_01.sms_20250820
[2025-09-21 01:28:34.920] WARN  [MultiTableRepo.sms] Table does not exist: sms_shard_01.sms_20250821
[2025-09-21 01:28:34.921] WARN  [MultiTableRepo.sms] Table does not exist: sms_shard_01.sms_20250822
[2025-09-21 01:28:34.921] WARN  [MultiTableRepo.sms] Table does not exist: sms_shard_01.sms_20250823
[2025-09-21 01:28:34.922] WARN  [MultiTableRepo.sms] Table does not exist: sms_shard_01.sms_20250824
[2025-09-21 01:28:34.923] WARN  [MultiTableRepo.sms] Table does not exist: sms_shard_01.sms_20250825
[2025-09-21 01:28:34.924] WARN  [MultiTableRepo.sms] Table does not exist: sms_shard_01.sms_20250826
[2025-09-21 01:28:34.925] WARN  [MultiTableRepo.sms] Table does not exist: sms_shard_01.sms_20250827
[2025-09-21 01:28:34.927] WARN  [MultiTableRepo.sms] Table does not exist: sms_shard_01.sms_20250828
[2025-09-21 01:28:34.928] WARN  [MultiTableRepo.sms] Table does not exist: sms_shard_01.sms_20250829
[2025-09-21 01:28:34.929] WARN  [MultiTableRepo.sms] Table does not exist: sms_shard_01.sms_20250830
[2025-09-21 01:28:34.930] WARN  [MultiTableRepo.sms] Table does not exist: sms_shard_01.sms_20250831
[2025-09-21 01:28:34.931] WARN  [MultiTableRepo.sms] Table does not exist: sms_shard_01.sms_20250901
[2025-09-21 01:28:34.932] WARN  [MultiTableRepo.sms] Table does not exist: sms_shard_01.sms_20250902
[2025-09-21 01:28:34.933] WARN  [MultiTableRepo.sms] Table does not exist: sms_shard_01.sms_20250903
[2025-09-21 01:28:34.933] WARN  [MultiTableRepo.sms] Table does not exist: sms_shard_01.sms_20250904
[2025-09-21 01:28:34.934] WARN  [MultiTableRepo.sms] Table does not exist: sms_shard_01.sms_20250905
[2025-09-21 01:28:35.014] WARN  [MultiTableRepo.sms] Table does not exist: sms_shard_01.sms_20250819
[2025-09-21 01:28:35.015] WARN  [MultiTableRepo.sms] Table does not exist: sms_shard_01.sms_20250820
[2025-09-21 01:28:35.016] WARN  [MultiTableRepo.sms] Table does not exist: sms_shard_01.sms_20250821
[2025-09-21 01:28:35.019] WARN  [MultiTableRepo.sms] Table does not exist: sms_shard_01.sms_20250822
[2025-09-21 01:28:35.021] WARN  [MultiTableRepo.sms] Table does not exist: sms_shard_01.sms_20250823
[2025-09-21 01:28:35.022] WARN  [MultiTableRepo.sms] Table does not exist: sms_shard_01.sms_20250824
[2025-09-21 01:28:35.023] WARN  [MultiTableRepo.sms] Table does not exist: sms_shard_01.sms_20250825
[2025-09-21 01:28:35.024] WARN  [MultiTableRepo.sms] Table does not exist: sms_shard_01.sms_20250826
[2025-09-21 01:28:35.025] WARN  [MultiTableRepo.sms] Table does not exist: sms_shard_01.sms_20250827
[2025-09-21 01:28:35.027] WARN  [MultiTableRepo.sms] Table does not exist: sms_shard_01.sms_20250828
[2025-09-21 01:28:35.028] WARN  [MultiTableRepo.sms] Table does not exist: sms_shard_01.sms_20250829
[2025-09-21 01:28:35.029] WARN  [MultiTableRepo.sms] Table does not exist: sms_shard_01.sms_20250830
[2025-09-21 01:28:35.030] WARN  [MultiTableRepo.sms] Table does not exist: sms_shard_01.sms_20250831
[2025-09-21 01:28:35.031] WARN  [MultiTableRepo.sms] Table does not exist: sms_shard_01.sms_20250901
[2025-09-21 01:28:35.032] WARN  [MultiTableRepo.sms] Table does not exist: sms_shard_01.sms_20250902
[2025-09-21 01:28:35.033] WARN  [MultiTableRepo.sms] Table does not exist: sms_shard_01.sms_20250903
[2025-09-21 01:28:35.033] WARN  [MultiTableRepo.sms] Table does not exist: sms_shard_01.sms_20250904
[2025-09-21 01:28:35.034] WARN  [MultiTableRepo.sms] Table does not exist: sms_shard_01.sms_20250905
[2025-09-21 01:28:35.086] WARN  [MultiTableRepo.sms] Table does not exist: sms_shard_01.sms_20250817
[2025-09-21 01:28:35.091] WARN  [MultiTableRepo.sms] Table does not exist: sms_shard_01.sms_20250818
[2025-09-21 01:28:35.092] WARN  [MultiTableRepo.sms] Table does not exist: sms_shard_01.sms_20250819
[2025-09-21 01:28:35.093] WARN  [MultiTableRepo.sms] Table does not exist: sms_shard_01.sms_20250820
[2025-09-21 01:28:35.094] WARN  [MultiTableRepo.sms] Table does not exist: sms_shard_01.sms_20250821
[2025-09-21 01:28:35.095] WARN  [MultiTableRepo.sms] Table does not exist: sms_shard_01.sms_20250822
[2025-09-21 01:28:35.097] WARN  [MultiTableRepo.sms] Table does not exist: sms_shard_01.sms_20250823
[2025-09-21 01:28:35.098] WARN  [MultiTableRepo.sms] Table does not exist: sms_shard_01.sms_20250824
[2025-09-21 01:28:35.099] WARN  [MultiTableRepo.sms] Table does not exist: sms_shard_01.sms_20250825
[2025-09-21 01:28:35.100] WARN  [MultiTableRepo.sms] Table does not exist: sms_shard_01.sms_20250826
[2025-09-21 01:28:35.101] WARN  [MultiTableRepo.sms] Table does not exist: sms_shard_01.sms_20250827
[2025-09-21 01:28:35.102] WARN  [MultiTableRepo.sms] Table does not exist: sms_shard_01.sms_20250828
[2025-09-21 01:28:35.103] WARN  [MultiTableRepo.sms] Table does not exist: sms_shard_01.sms_20250829
[2025-09-21 01:28:35.104] WARN  [MultiTableRepo.sms] Table does not exist: sms_shard_01.sms_20250830
[2025-09-21 01:28:35.105] WARN  [MultiTableRepo.sms] Table does not exist: sms_shard_01.sms_20250831
[2025-09-21 01:28:35.106] WARN  [MultiTableRepo.sms] Table does not exist: sms_shard_01.sms_20250901
[2025-09-21 01:28:35.107] WARN  [MultiTableRepo.sms] Table does not exist: sms_shard_01.sms_20250902
[2025-09-21 01:28:35.108] WARN  [MultiTableRepo.sms] Table does not exist: sms_shard_01.sms_20250903
[2025-09-21 01:28:35.109] WARN  [MultiTableRepo.sms] Table does not exist: sms_shard_01.sms_20250904
[2025-09-21 01:28:35.111] WARN  [MultiTableRepo.sms] Table does not exist: sms_shard_01.sms_20250905
[2025-09-21 01:28:35.145] WARN  [MultiTableRepo.sms] Table does not exist: sms_shard_01.sms_20250816
[2025-09-21 01:28:35.146] WARN  [MultiTableRepo.sms] Table does not exist: sms_shard_01.sms_20250817
[2025-09-21 01:28:35.147] WARN  [MultiTableRepo.sms] Table does not exist: sms_shard_01.sms_20250818
[2025-09-21 01:28:35.148] WARN  [MultiTableRepo.sms] Table does not exist: sms_shard_01.sms_20250819
[2025-09-21 01:28:35.149] WARN  [MultiTableRepo.sms] Table does not exist: sms_shard_01.sms_20250820
[2025-09-21 01:28:35.150] WARN  [MultiTableRepo.sms] Table does not exist: sms_shard_01.sms_20250821
[2025-09-21 01:28:35.151] WARN  [MultiTableRepo.sms] Table does not exist: sms_shard_01.sms_20250822
[2025-09-21 01:28:35.152] WARN  [MultiTableRepo.sms] Table does not exist: sms_shard_01.sms_20250823
[2025-09-21 01:28:35.153] WARN  [MultiTableRepo.sms] Table does not exist: sms_shard_01.sms_20250824
[2025-09-21 01:28:35.153] WARN  [MultiTableRepo.sms] Table does not exist: sms_shard_01.sms_20250825
[2025-09-21 01:28:35.154] WARN  [MultiTableRepo.sms] Table does not exist: sms_shard_01.sms_20250826
[2025-09-21 01:28:35.155] WARN  [MultiTableRepo.sms] Table does not exist: sms_shard_01.sms_20250827
[2025-09-21 01:28:35.156] WARN  [MultiTableRepo.sms] Table does not exist: sms_shard_01.sms_20250828
[2025-09-21 01:28:35.157] WARN  [MultiTableRepo.sms] Table does not exist: sms_shard_01.sms_20250829
[2025-09-21 01:28:35.158] WARN  [MultiTableRepo.sms] Table does not exist: sms_shard_01.sms_20250830
[2025-09-21 01:28:35.159] WARN  [MultiTableRepo.sms] Table does not exist: sms_shard_01.sms_20250831
[2025-09-21 01:28:35.160] WARN  [MultiTableRepo.sms] Table does not exist: sms_shard_01.sms_20250901
[2025-09-21 01:28:35.161] WARN  [MultiTableRepo.sms] Table does not exist: sms_shard_01.sms_20250902
[2025-09-21 01:28:35.162] WARN  [MultiTableRepo.sms] Table does not exist: sms_shard_01.sms_20250903
[2025-09-21 01:28:35.163] WARN  [MultiTableRepo.sms] Table does not exist: sms_shard_01.sms_20250904
[2025-09-21 01:28:35.164] WARN  [MultiTableRepo.sms] Table does not exist: sms_shard_01.sms_20250905
[2025-09-21 01:28:35.219] WARN  [MultiTableRepo.sms] Table does not exist: sms_shard_01.sms_20250819
[2025-09-21 01:28:35.220] WARN  [MultiTableRepo.sms] Table does not exist: sms_shard_01.sms_20250820
[2025-09-21 01:28:35.221] WARN  [MultiTableRepo.sms] Table does not exist: sms_shard_01.sms_20250821
[2025-09-21 01:28:35.223] WARN  [MultiTableRepo.sms] Table does not exist: sms_shard_01.sms_20250822
[2025-09-21 01:28:35.225] WARN  [MultiTableRepo.sms] Table does not exist: sms_shard_01.sms_20250823
[2025-09-21 01:28:35.226] WARN  [MultiTableRepo.sms] Table does not exist: sms_shard_01.sms_20250824
[2025-09-21 01:28:35.227] WARN  [MultiTableRepo.sms] Table does not exist: sms_shard_01.sms_20250825
[2025-09-21 01:28:35.228] WARN  [MultiTableRepo.sms] Table does not exist: sms_shard_01.sms_20250826
[2025-09-21 01:28:35.229] WARN  [MultiTableRepo.sms] Table does not exist: sms_shard_01.sms_20250827
[2025-09-21 01:28:35.230] WARN  [MultiTableRepo.sms] Table does not exist: sms_shard_01.sms_20250828
[2025-09-21 01:28:35.232] WARN  [MultiTableRepo.sms] Table does not exist: sms_shard_01.sms_20250829
[2025-09-21 01:28:35.232] WARN  [MultiTableRepo.sms] Table does not exist: sms_shard_01.sms_20250830
[2025-09-21 01:28:35.234] WARN  [MultiTableRepo.sms] Table does not exist: sms_shard_01.sms_20250831
[2025-09-21 01:28:35.235] WARN  [MultiTableRepo.sms] Table does not exist: sms_shard_01.sms_20250901
[2025-09-21 01:28:35.236] WARN  [MultiTableRepo.sms] Table does not exist: sms_shard_01.sms_20250902
[2025-09-21 01:28:35.237] WARN  [MultiTableRepo.sms] Table does not exist: sms_shard_01.sms_20250903
[2025-09-21 01:28:35.238] WARN  [MultiTableRepo.sms] Table does not exist: sms_shard_01.sms_20250904
[2025-09-21 01:28:35.239] WARN  [MultiTableRepo.sms] Table does not exist: sms_shard_01.sms_20250905
[2025-09-21 01:28:35.284] WARN  [MultiTableRepo.sms] Table does not exist: sms_shard_01.sms_20250815
[2025-09-21 01:28:35.285] WARN  [MultiTableRepo.sms] Table does not exist: sms_shard_01.sms_20250816
[2025-09-21 01:28:35.285] WARN  [MultiTableRepo.sms] Table does not exist: sms_shard_01.sms_20250817
[2025-09-21 01:28:35.286] WARN  [MultiTableRepo.sms] Table does not exist: sms_shard_01.sms_20250818
[2025-09-21 01:28:35.287] WARN  [MultiTableRepo.sms] Table does not exist: sms_shard_01.sms_20250819
[2025-09-21 01:28:35.288] WARN  [MultiTableRepo.sms] Table does not exist: sms_shard_01.sms_20250820
[2025-09-21 01:28:35.290] WARN  [MultiTableRepo.sms] Table does not exist: sms_shard_01.sms_20250821
[2025-09-21 01:28:35.292] WARN  [MultiTableRepo.sms] Table does not exist: sms_shard_01.sms_20250822
[2025-09-21 01:28:35.294] WARN  [MultiTableRepo.sms] Table does not exist: sms_shard_01.sms_20250823
[2025-09-21 01:28:35.295] WARN  [MultiTableRepo.sms] Table does not exist: sms_shard_01.sms_20250824
[2025-09-21 01:28:35.296] WARN  [MultiTableRepo.sms] Table does not exist: sms_shard_01.sms_20250825
[2025-09-21 01:28:35.297] WARN  [MultiTableRepo.sms] Table does not exist: sms_shard_01.sms_20250826
[2025-09-21 01:28:35.298] WARN  [MultiTableRepo.sms] Table does not exist: sms_shard_01.sms_20250827
[2025-09-21 01:28:35.299] WARN  [MultiTableRepo.sms] Table does not exist: sms_shard_01.sms_20250828
[2025-09-21 01:28:35.300] WARN  [MultiTableRepo.sms] Table does not exist: sms_shard_01.sms_20250829
[2025-09-21 01:28:35.301] WARN  [MultiTableRepo.sms] Table does not exist: sms_shard_01.sms_20250830
[2025-09-21 01:28:35.303] WARN  [MultiTableRepo.sms] Table does not exist: sms_shard_01.sms_20250831
[2025-09-21 01:28:35.303] WARN  [MultiTableRepo.sms] Table does not exist: sms_shard_01.sms_20250901
[2025-09-21 01:28:35.304] WARN  [MultiTableRepo.sms] Table does not exist: sms_shard_01.sms_20250902
[2025-09-21 01:28:35.306] WARN  [MultiTableRepo.sms] Table does not exist: sms_shard_01.sms_20250903
[2025-09-21 01:28:35.307] WARN  [MultiTableRepo.sms] Table does not exist: sms_shard_01.sms_20250904
[2025-09-21 01:28:35.309] WARN  [MultiTableRepo.sms] Table does not exist: sms_shard_01.sms_20250905
[2025-09-21 01:28:35.377] WARN  [MultiTableRepo.sms] Table does not exist: sms_shard_01.sms_20250818
[2025-09-21 01:28:35.378] WARN  [MultiTableRepo.sms] Table does not exist: sms_shard_01.sms_20250819
[2025-09-21 01:28:35.379] WARN  [MultiTableRepo.sms] Table does not exist: sms_shard_01.sms_20250820
[2025-09-21 01:28:35.380] WARN  [MultiTableRepo.sms] Table does not exist: sms_shard_01.sms_20250821
[2025-09-21 01:28:35.380] WARN  [MultiTableRepo.sms] Table does not exist: sms_shard_01.sms_20250822
[2025-09-21 01:28:35.381] WARN  [MultiTableRepo.sms] Table does not exist: sms_shard_01.sms_20250823
[2025-09-21 01:28:35.382] WARN  [MultiTableRepo.sms] Table does not exist: sms_shard_01.sms_20250824
[2025-09-21 01:28:35.383] WARN  [MultiTableRepo.sms] Table does not exist: sms_shard_01.sms_20250825
[2025-09-21 01:28:35.384] WARN  [MultiTableRepo.sms] Table does not exist: sms_shard_01.sms_20250826
[2025-09-21 01:28:35.384] WARN  [MultiTableRepo.sms] Table does not exist: sms_shard_01.sms_20250827
[2025-09-21 01:28:35.385] WARN  [MultiTableRepo.sms] Table does not exist: sms_shard_01.sms_20250828
[2025-09-21 01:28:35.386] WARN  [MultiTableRepo.sms] Table does not exist: sms_shard_01.sms_20250829
[2025-09-21 01:28:35.387] WARN  [MultiTableRepo.sms] Table does not exist: sms_shard_01.sms_20250830
[2025-09-21 01:28:35.387] WARN  [MultiTableRepo.sms] Table does not exist: sms_shard_01.sms_20250831
[2025-09-21 01:28:35.388] WARN  [MultiTableRepo.sms] Table does not exist: sms_shard_01.sms_20250901
[2025-09-21 01:28:35.389] WARN  [MultiTableRepo.sms] Table does not exist: sms_shard_01.sms_20250902
[2025-09-21 01:28:35.390] WARN  [MultiTableRepo.sms] Table does not exist: sms_shard_01.sms_20250903
[2025-09-21 01:28:35.390] WARN  [MultiTableRepo.sms] Table does not exist: sms_shard_01.sms_20250904
[2025-09-21 01:28:35.391] WARN  [MultiTableRepo.sms] Table does not exist: sms_shard_01.sms_20250905
[2025-09-21 01:28:35.418] WARN  [MultiTableRepo.sms] Table does not exist: sms_shard_01.sms_20250819
[2025-09-21 01:28:35.419] WARN  [MultiTableRepo.sms] Table does not exist: sms_shard_01.sms_20250820
[2025-09-21 01:28:35.420] WARN  [MultiTableRepo.sms] Table does not exist: sms_shard_01.sms_20250821
[2025-09-21 01:28:35.421] WARN  [MultiTableRepo.sms] Table does not exist: sms_shard_01.sms_20250822
[2025-09-21 01:28:35.422] WARN  [MultiTableRepo.sms] Table does not exist: sms_shard_01.sms_20250823
[2025-09-21 01:28:35.422] WARN  [MultiTableRepo.sms] Table does not exist: sms_shard_01.sms_20250824
[2025-09-21 01:28:35.423] WARN  [MultiTableRepo.sms] Table does not exist: sms_shard_01.sms_20250825
[2025-09-21 01:28:35.424] WARN  [MultiTableRepo.sms] Table does not exist: sms_shard_01.sms_20250826
[2025-09-21 01:28:35.425] WARN  [MultiTableRepo.sms] Table does not exist: sms_shard_01.sms_20250827
[2025-09-21 01:28:35.426] WARN  [MultiTableRepo.sms] Table does not exist: sms_shard_01.sms_20250828
[2025-09-21 01:28:35.426] WARN  [MultiTableRepo.sms] Table does not exist: sms_shard_01.sms_20250829
[2025-09-21 01:28:35.427] WARN  [MultiTableRepo.sms] Table does not exist: sms_shard_01.sms_20250830
[2025-09-21 01:28:35.428] WARN  [MultiTableRepo.sms] Table does not exist: sms_shard_01.sms_20250831
[2025-09-21 01:28:35.428] WARN  [MultiTableRepo.sms] Table does not exist: sms_shard_01.sms_20250901
[2025-09-21 01:28:35.429] WARN  [MultiTableRepo.sms] Table does not exist: sms_shard_01.sms_20250902
[2025-09-21 01:28:35.430] WARN  [MultiTableRepo.sms] Table does not exist: sms_shard_01.sms_20250903
[2025-09-21 01:28:35.431] WARN  [MultiTableRepo.sms] Table does not exist: sms_shard_01.sms_20250904
[2025-09-21 01:28:35.432] WARN  [MultiTableRepo.sms] Table does not exist: sms_shard_01.sms_20250905
[2025-09-21 01:28:35.461] WARN  [MultiTableRepo.sms] Table does not exist: sms_shard_01.sms_20250817
[2025-09-21 01:28:35.464] WARN  [MultiTableRepo.sms] Table does not exist: sms_shard_01.sms_20250818
[2025-09-21 01:28:35.465] WARN  [MultiTableRepo.sms] Table does not exist: sms_shard_01.sms_20250819
[2025-09-21 01:28:35.466] WARN  [MultiTableRepo.sms] Table does not exist: sms_shard_01.sms_20250820
[2025-09-21 01:28:35.467] WARN  [MultiTableRepo.sms] Table does not exist: sms_shard_01.sms_20250821
[2025-09-21 01:28:35.468] WARN  [MultiTableRepo.sms] Table does not exist: sms_shard_01.sms_20250822
[2025-09-21 01:28:35.469] WARN  [MultiTableRepo.sms] Table does not exist: sms_shard_01.sms_20250823
[2025-09-21 01:28:35.470] WARN  [MultiTableRepo.sms] Table does not exist: sms_shard_01.sms_20250824
[2025-09-21 01:28:35.471] WARN  [MultiTableRepo.sms] Table does not exist: sms_shard_01.sms_20250825
[2025-09-21 01:28:35.472] WARN  [MultiTableRepo.sms] Table does not exist: sms_shard_01.sms_20250826
[2025-09-21 01:28:35.472] WARN  [MultiTableRepo.sms] Table does not exist: sms_shard_01.sms_20250827
[2025-09-21 01:28:35.473] WARN  [MultiTableRepo.sms] Table does not exist: sms_shard_01.sms_20250828
[2025-09-21 01:28:35.474] WARN  [MultiTableRepo.sms] Table does not exist: sms_shard_01.sms_20250829
[2025-09-21 01:28:35.477] WARN  [MultiTableRepo.sms] Table does not exist: sms_shard_01.sms_20250830
[2025-09-21 01:28:35.478] WARN  [MultiTableRepo.sms] Table does not exist: sms_shard_01.sms_20250831
[2025-09-21 01:28:35.479] WARN  [MultiTableRepo.sms] Table does not exist: sms_shard_01.sms_20250901
[2025-09-21 01:28:35.480] WARN  [MultiTableRepo.sms] Table does not exist: sms_shard_01.sms_20250902
[2025-09-21 01:28:35.481] WARN  [MultiTableRepo.sms] Table does not exist: sms_shard_01.sms_20250903
[2025-09-21 01:28:35.482] WARN  [MultiTableRepo.sms] Table does not exist: sms_shard_01.sms_20250904
[2025-09-21 01:28:35.484] WARN  [MultiTableRepo.sms] Table does not exist: sms_shard_01.sms_20250905
[2025-09-21 01:28:35.513] WARN  [MultiTableRepo.sms] Table does not exist: sms_shard_01.sms_20250819
[2025-09-21 01:28:35.514] WARN  [MultiTableRepo.sms] Table does not exist: sms_shard_01.sms_20250820
[2025-09-21 01:28:35.515] WARN  [MultiTableRepo.sms] Table does not exist: sms_shard_01.sms_20250821
[2025-09-21 01:28:35.516] WARN  [MultiTableRepo.sms] Table does not exist: sms_shard_01.sms_20250822
[2025-09-21 01:28:35.519] WARN  [MultiTableRepo.sms] Table does not exist: sms_shard_01.sms_20250823
[2025-09-21 01:28:35.521] WARN  [MultiTableRepo.sms] Table does not exist: sms_shard_01.sms_20250824
[2025-09-21 01:28:35.522] WARN  [MultiTableRepo.sms] Table does not exist: sms_shard_01.sms_20250825
[2025-09-21 01:28:35.523] WARN  [MultiTableRepo.sms] Table does not exist: sms_shard_01.sms_20250826
[2025-09-21 01:28:35.524] WARN  [MultiTableRepo.sms] Table does not exist: sms_shard_01.sms_20250827
[2025-09-21 01:28:35.525] WARN  [MultiTableRepo.sms] Table does not exist: sms_shard_01.sms_20250828
[2025-09-21 01:28:35.526] WARN  [MultiTableRepo.sms] Table does not exist: sms_shard_01.sms_20250829
[2025-09-21 01:28:35.527] WARN  [MultiTableRepo.sms] Table does not exist: sms_shard_01.sms_20250830
[2025-09-21 01:28:35.527] WARN  [MultiTableRepo.sms] Table does not exist: sms_shard_01.sms_20250831
[2025-09-21 01:28:35.529] WARN  [MultiTableRepo.sms] Table does not exist: sms_shard_01.sms_20250901
[2025-09-21 01:28:35.530] WARN  [MultiTableRepo.sms] Table does not exist: sms_shard_01.sms_20250902
[2025-09-21 01:28:35.530] WARN  [MultiTableRepo.sms] Table does not exist: sms_shard_01.sms_20250903
[2025-09-21 01:28:35.531] WARN  [MultiTableRepo.sms] Table does not exist: sms_shard_01.sms_20250904
[2025-09-21 01:28:35.532] WARN  [MultiTableRepo.sms] Table does not exist: sms_shard_01.sms_20250905
[2025-09-21 01:28:35.564] WARN  [MultiTableRepo.sms] Table does not exist: sms_shard_01.sms_20250815
[2025-09-21 01:28:35.565] WARN  [MultiTableRepo.sms] Table does not exist: sms_shard_01.sms_20250816
[2025-09-21 01:28:35.566] WARN  [MultiTableRepo.sms] Table does not exist: sms_shard_01.sms_20250817
[2025-09-21 01:28:35.566] WARN  [MultiTableRepo.sms] Table does not exist: sms_shard_01.sms_20250818
[2025-09-21 01:28:35.568] WARN  [MultiTableRepo.sms] Table does not exist: sms_shard_01.sms_20250819
[2025-09-21 01:28:35.568] WARN  [MultiTableRepo.sms] Table does not exist: sms_shard_01.sms_20250820
[2025-09-21 01:28:35.569] WARN  [MultiTableRepo.sms] Table does not exist: sms_shard_01.sms_20250821
[2025-09-21 01:28:35.570] WARN  [MultiTableRepo.sms] Table does not exist: sms_shard_01.sms_20250822
[2025-09-21 01:28:35.571] WARN  [MultiTableRepo.sms] Table does not exist: sms_shard_01.sms_20250823
[2025-09-21 01:28:35.572] WARN  [MultiTableRepo.sms] Table does not exist: sms_shard_01.sms_20250824
[2025-09-21 01:28:35.572] WARN  [MultiTableRepo.sms] Table does not exist: sms_shard_01.sms_20250825
[2025-09-21 01:28:35.573] WARN  [MultiTableRepo.sms] Table does not exist: sms_shard_01.sms_20250826
[2025-09-21 01:28:35.574] WARN  [MultiTableRepo.sms] Table does not exist: sms_shard_01.sms_20250827
[2025-09-21 01:28:35.575] WARN  [MultiTableRepo.sms] Table does not exist: sms_shard_01.sms_20250828
[2025-09-21 01:28:35.576] WARN  [MultiTableRepo.sms] Table does not exist: sms_shard_01.sms_20250829
[2025-09-21 01:28:35.577] WARN  [MultiTableRepo.sms] Table does not exist: sms_shard_01.sms_20250830
[2025-09-21 01:28:35.578] WARN  [MultiTableRepo.sms] Table does not exist: sms_shard_01.sms_20250831
[2025-09-21 01:28:35.578] WARN  [MultiTableRepo.sms] Table does not exist: sms_shard_01.sms_20250901
[2025-09-21 01:28:35.579] WARN  [MultiTableRepo.sms] Table does not exist: sms_shard_01.sms_20250902
[2025-09-21 01:28:35.580] WARN  [MultiTableRepo.sms] Table does not exist: sms_shard_01.sms_20250903
[2025-09-21 01:28:35.581] WARN  [MultiTableRepo.sms] Table does not exist: sms_shard_01.sms_20250904
[2025-09-21 01:28:35.582] WARN  [MultiTableRepo.sms] Table does not exist: sms_shard_01.sms_20250905
[2025-09-21 01:28:35.724] WARN  [MultiTableRepo.sms] Table does not exist: sms_shard_01.sms_20250819
[2025-09-21 01:28:35.725] WARN  [MultiTableRepo.sms] Table does not exist: sms_shard_01.sms_20250820
[2025-09-21 01:28:35.729] WARN  [MultiTableRepo.sms] Table does not exist: sms_shard_01.sms_20250821
[2025-09-21 01:28:35.730] WARN  [MultiTableRepo.sms] Table does not exist: sms_shard_01.sms_20250822
[2025-09-21 01:28:35.731] WARN  [MultiTableRepo.sms] Table does not exist: sms_shard_01.sms_20250823
[2025-09-21 01:28:35.732] WARN  [MultiTableRepo.sms] Table does not exist: sms_shard_01.sms_20250824
[2025-09-21 01:28:35.733] WARN  [MultiTableRepo.sms] Table does not exist: sms_shard_01.sms_20250825
[2025-09-21 01:28:35.734] WARN  [MultiTableRepo.sms] Table does not exist: sms_shard_01.sms_20250826
[2025-09-21 01:28:35.735] WARN  [MultiTableRepo.sms] Table does not exist: sms_shard_01.sms_20250827
[2025-09-21 01:28:35.738] WARN  [MultiTableRepo.sms] Table does not exist: sms_shard_01.sms_20250828
[2025-09-21 01:28:35.739] WARN  [MultiTableRepo.sms] Table does not exist: sms_shard_01.sms_20250829
[2025-09-21 01:28:35.740] WARN  [MultiTableRepo.sms] Table does not exist: sms_shard_01.sms_20250830
[2025-09-21 01:28:35.741] WARN  [MultiTableRepo.sms] Table does not exist: sms_shard_01.sms_20250831
[2025-09-21 01:28:35.742] WARN  [MultiTableRepo.sms] Table does not exist: sms_shard_01.sms_20250901
[2025-09-21 01:28:35.743] WARN  [MultiTableRepo.sms] Table does not exist: sms_shard_01.sms_20250902
[2025-09-21 01:28:35.744] WARN  [MultiTableRepo.sms] Table does not exist: sms_shard_01.sms_20250903
[2025-09-21 01:28:35.745] WARN  [MultiTableRepo.sms] Table does not exist: sms_shard_01.sms_20250904
[2025-09-21 01:28:35.746] WARN  [MultiTableRepo.sms] Table does not exist: sms_shard_01.sms_20250905
[2025-09-21 01:28:35.785] WARN  [MultiTableRepo.sms] Table does not exist: sms_shard_01.sms_20250821
[2025-09-21 01:28:35.786] WARN  [MultiTableRepo.sms] Table does not exist: sms_shard_01.sms_20250822
[2025-09-21 01:28:35.787] WARN  [MultiTableRepo.sms] Table does not exist: sms_shard_01.sms_20250823
[2025-09-21 01:28:35.787] WARN  [MultiTableRepo.sms] Table does not exist: sms_shard_01.sms_20250824
[2025-09-21 01:28:35.788] WARN  [MultiTableRepo.sms] Table does not exist: sms_shard_01.sms_20250825
[2025-09-21 01:28:35.789] WARN  [MultiTableRepo.sms] Table does not exist: sms_shard_01.sms_20250826
[2025-09-21 01:28:35.790] WARN  [MultiTableRepo.sms] Table does not exist: sms_shard_01.sms_20250827
[2025-09-21 01:28:35.791] WARN  [MultiTableRepo.sms] Table does not exist: sms_shard_01.sms_20250828
[2025-09-21 01:28:35.791] WARN  [MultiTableRepo.sms] Table does not exist: sms_shard_01.sms_20250829
[2025-09-21 01:28:35.792] WARN  [MultiTableRepo.sms] Table does not exist: sms_shard_01.sms_20250830
[2025-09-21 01:28:35.793] WARN  [MultiTableRepo.sms] Table does not exist: sms_shard_01.sms_20250831
[2025-09-21 01:28:35.794] WARN  [MultiTableRepo.sms] Table does not exist: sms_shard_01.sms_20250901
[2025-09-21 01:28:35.795] WARN  [MultiTableRepo.sms] Table does not exist: sms_shard_01.sms_20250902
[2025-09-21 01:28:35.795] WARN  [MultiTableRepo.sms] Table does not exist: sms_shard_01.sms_20250903
[2025-09-21 01:28:35.796] WARN  [MultiTableRepo.sms] Table does not exist: sms_shard_01.sms_20250904
[2025-09-21 01:28:35.797] WARN  [MultiTableRepo.sms] Table does not exist: sms_shard_01.sms_20250905
[2025-09-21 01:28:35.927] WARN  [MultiTableRepo.sms] Table does not exist: sms_shard_01.sms_20250815
[2025-09-21 01:28:35.928] WARN  [MultiTableRepo.sms] Table does not exist: sms_shard_01.sms_20250816
[2025-09-21 01:28:35.929] WARN  [MultiTableRepo.sms] Table does not exist: sms_shard_01.sms_20250817
[2025-09-21 01:28:35.930] WARN  [MultiTableRepo.sms] Table does not exist: sms_shard_01.sms_20250818
[2025-09-21 01:28:35.931] WARN  [MultiTableRepo.sms] Table does not exist: sms_shard_01.sms_20250819
[2025-09-21 01:28:35.932] WARN  [MultiTableRepo.sms] Table does not exist: sms_shard_01.sms_20250820
[2025-09-21 01:28:35.933] WARN  [MultiTableRepo.sms] Table does not exist: sms_shard_01.sms_20250821
[2025-09-21 01:28:35.933] WARN  [MultiTableRepo.sms] Table does not exist: sms_shard_01.sms_20250822
[2025-09-21 01:28:35.934] WARN  [MultiTableRepo.sms] Table does not exist: sms_shard_01.sms_20250823
[2025-09-21 01:28:35.935] WARN  [MultiTableRepo.sms] Table does not exist: sms_shard_01.sms_20250824
[2025-09-21 01:28:35.936] WARN  [MultiTableRepo.sms] Table does not exist: sms_shard_01.sms_20250825
[2025-09-21 01:28:35.937] WARN  [MultiTableRepo.sms] Table does not exist: sms_shard_01.sms_20250826
[2025-09-21 01:28:35.937] WARN  [MultiTableRepo.sms] Table does not exist: sms_shard_01.sms_20250827
[2025-09-21 01:28:35.938] WARN  [MultiTableRepo.sms] Table does not exist: sms_shard_01.sms_20250828
[2025-09-21 01:28:35.939] WARN  [MultiTableRepo.sms] Table does not exist: sms_shard_01.sms_20250829
[2025-09-21 01:28:35.940] WARN  [MultiTableRepo.sms] Table does not exist: sms_shard_01.sms_20250830
[2025-09-21 01:28:35.941] WARN  [MultiTableRepo.sms] Table does not exist: sms_shard_01.sms_20250831
[2025-09-21 01:28:35.942] WARN  [MultiTableRepo.sms] Table does not exist: sms_shard_01.sms_20250901
[2025-09-21 01:28:35.943] WARN  [MultiTableRepo.sms] Table does not exist: sms_shard_01.sms_20250902
[2025-09-21 01:28:35.943] WARN  [MultiTableRepo.sms] Table does not exist: sms_shard_01.sms_20250903
[2025-09-21 01:28:35.944] WARN  [MultiTableRepo.sms] Table does not exist: sms_shard_01.sms_20250904
[2025-09-21 01:28:35.945] WARN  [MultiTableRepo.sms] Table does not exist: sms_shard_01.sms_20250905
[2025-09-21 01:28:36.014] WARN  [MultiTableRepo.sms] Table does not exist: sms_shard_01.sms_20250821
[2025-09-21 01:28:36.016] WARN  [MultiTableRepo.sms] Table does not exist: sms_shard_01.sms_20250822
[2025-09-21 01:28:36.017] WARN  [MultiTableRepo.sms] Table does not exist: sms_shard_01.sms_20250823
[2025-09-21 01:28:36.018] WARN  [MultiTableRepo.sms] Table does not exist: sms_shard_01.sms_20250824
[2025-09-21 01:28:36.019] WARN  [MultiTableRepo.sms] Table does not exist: sms_shard_01.sms_20250825
[2025-09-21 01:28:36.020] WARN  [MultiTableRepo.sms] Table does not exist: sms_shard_01.sms_20250826
[2025-09-21 01:28:36.023] WARN  [MultiTableRepo.sms] Table does not exist: sms_shard_01.sms_20250827
[2025-09-21 01:28:36.024] WARN  [MultiTableRepo.sms] Table does not exist: sms_shard_01.sms_20250828
[2025-09-21 01:28:36.025] WARN  [MultiTableRepo.sms] Table does not exist: sms_shard_01.sms_20250829
[2025-09-21 01:28:36.027] WARN  [MultiTableRepo.sms] Table does not exist: sms_shard_01.sms_20250830
[2025-09-21 01:28:36.028] WARN  [MultiTableRepo.sms] Table does not exist: sms_shard_01.sms_20250831
[2025-09-21 01:28:36.031] WARN  [MultiTableRepo.sms] Table does not exist: sms_shard_01.sms_20250901
[2025-09-21 01:28:36.032] WARN  [MultiTableRepo.sms] Table does not exist: sms_shard_01.sms_20250902
[2025-09-21 01:28:36.033] WARN  [MultiTableRepo.sms] Table does not exist: sms_shard_01.sms_20250903
[2025-09-21 01:28:36.034] WARN  [MultiTableRepo.sms] Table does not exist: sms_shard_01.sms_20250904
[2025-09-21 01:28:36.034] WARN  [MultiTableRepo.sms] Table does not exist: sms_shard_01.sms_20250905
[2025-09-21 01:28:36.075] WARN  [MultiTableRepo.sms] Table does not exist: sms_shard_01.sms_20250821
[2025-09-21 01:28:36.076] WARN  [MultiTableRepo.sms] Table does not exist: sms_shard_01.sms_20250822
[2025-09-21 01:28:36.077] WARN  [MultiTableRepo.sms] Table does not exist: sms_shard_01.sms_20250823
[2025-09-21 01:28:36.078] WARN  [MultiTableRepo.sms] Table does not exist: sms_shard_01.sms_20250824
[2025-09-21 01:28:36.079] WARN  [MultiTableRepo.sms] Table does not exist: sms_shard_01.sms_20250825
[2025-09-21 01:28:36.080] WARN  [MultiTableRepo.sms] Table does not exist: sms_shard_01.sms_20250826
[2025-09-21 01:28:36.081] WARN  [MultiTableRepo.sms] Table does not exist: sms_shard_01.sms_20250827
[2025-09-21 01:28:36.082] WARN  [MultiTableRepo.sms] Table does not exist: sms_shard_01.sms_20250828
[2025-09-21 01:28:36.083] WARN  [MultiTableRepo.sms] Table does not exist: sms_shard_01.sms_20250829
[2025-09-21 01:28:36.084] WARN  [MultiTableRepo.sms] Table does not exist: sms_shard_01.sms_20250830
[2025-09-21 01:28:36.085] WARN  [MultiTableRepo.sms] Table does not exist: sms_shard_01.sms_20250831
[2025-09-21 01:28:36.086] WARN  [MultiTableRepo.sms] Table does not exist: sms_shard_01.sms_20250901
[2025-09-21 01:28:36.087] WARN  [MultiTableRepo.sms] Table does not exist: sms_shard_01.sms_20250902
[2025-09-21 01:28:36.088] WARN  [MultiTableRepo.sms] Table does not exist: sms_shard_01.sms_20250903
[2025-09-21 01:28:36.089] WARN  [MultiTableRepo.sms] Table does not exist: sms_shard_01.sms_20250904
[2025-09-21 01:28:36.090] WARN  [MultiTableRepo.sms] Table does not exist: sms_shard_01.sms_20250905
[2025-09-21 01:28:36.160] WARN  [MultiTableRepo.sms] Table does not exist: sms_shard_01.sms_20250815
[2025-09-21 01:28:36.161] WARN  [MultiTableRepo.sms] Table does not exist: sms_shard_01.sms_20250816
[2025-09-21 01:28:36.162] WARN  [MultiTableRepo.sms] Table does not exist: sms_shard_01.sms_20250817
[2025-09-21 01:28:36.163] WARN  [MultiTableRepo.sms] Table does not exist: sms_shard_01.sms_20250818
[2025-09-21 01:28:36.163] WARN  [MultiTableRepo.sms] Table does not exist: sms_shard_01.sms_20250819
[2025-09-21 01:28:36.164] WARN  [MultiTableRepo.sms] Table does not exist: sms_shard_01.sms_20250820
[2025-09-21 01:28:36.165] WARN  [MultiTableRepo.sms] Table does not exist: sms_shard_01.sms_20250821
[2025-09-21 01:28:36.166] WARN  [MultiTableRepo.sms] Table does not exist: sms_shard_01.sms_20250822
[2025-09-21 01:28:36.167] WARN  [MultiTableRepo.sms] Table does not exist: sms_shard_01.sms_20250823
[2025-09-21 01:28:36.167] WARN  [MultiTableRepo.sms] Table does not exist: sms_shard_01.sms_20250824
[2025-09-21 01:28:36.168] WARN  [MultiTableRepo.sms] Table does not exist: sms_shard_01.sms_20250825
[2025-09-21 01:28:36.169] WARN  [MultiTableRepo.sms] Table does not exist: sms_shard_01.sms_20250826
[2025-09-21 01:28:36.170] WARN  [MultiTableRepo.sms] Table does not exist: sms_shard_01.sms_20250827
[2025-09-21 01:28:36.171] WARN  [MultiTableRepo.sms] Table does not exist: sms_shard_01.sms_20250828
[2025-09-21 01:28:36.172] WARN  [MultiTableRepo.sms] Table does not exist: sms_shard_01.sms_20250829
[2025-09-21 01:28:36.172] WARN  [MultiTableRepo.sms] Table does not exist: sms_shard_01.sms_20250830
[2025-09-21 01:28:36.173] WARN  [MultiTableRepo.sms] Table does not exist: sms_shard_01.sms_20250831
[2025-09-21 01:28:36.174] WARN  [MultiTableRepo.sms] Table does not exist: sms_shard_01.sms_20250901
[2025-09-21 01:28:36.175] WARN  [MultiTableRepo.sms] Table does not exist: sms_shard_01.sms_20250902
[2025-09-21 01:28:36.176] WARN  [MultiTableRepo.sms] Table does not exist: sms_shard_01.sms_20250903
[2025-09-21 01:28:36.177] WARN  [MultiTableRepo.sms] Table does not exist: sms_shard_01.sms_20250904
[2025-09-21 01:28:36.177] WARN  [MultiTableRepo.sms] Table does not exist: sms_shard_01.sms_20250905
[2025-09-21 01:28:36.207] WARN  [MultiTableRepo.sms] Table does not exist: sms_shard_01.sms_20250820
[2025-09-21 01:28:36.208] WARN  [MultiTableRepo.sms] Table does not exist: sms_shard_01.sms_20250821
[2025-09-21 01:28:36.209] WARN  [MultiTableRepo.sms] Table does not exist: sms_shard_01.sms_20250822
[2025-09-21 01:28:36.210] WARN  [MultiTableRepo.sms] Table does not exist: sms_shard_01.sms_20250823
[2025-09-21 01:28:36.211] WARN  [MultiTableRepo.sms] Table does not exist: sms_shard_01.sms_20250824
[2025-09-21 01:28:36.215] WARN  [MultiTableRepo.sms] Table does not exist: sms_shard_01.sms_20250825
[2025-09-21 01:28:36.216] WARN  [MultiTableRepo.sms] Table does not exist: sms_shard_01.sms_20250826
[2025-09-21 01:28:36.218] WARN  [MultiTableRepo.sms] Table does not exist: sms_shard_01.sms_20250827
[2025-09-21 01:28:36.219] WARN  [MultiTableRepo.sms] Table does not exist: sms_shard_01.sms_20250828
[2025-09-21 01:28:36.220] WARN  [MultiTableRepo.sms] Table does not exist: sms_shard_01.sms_20250829
[2025-09-21 01:28:36.221] WARN  [MultiTableRepo.sms] Table does not exist: sms_shard_01.sms_20250830
[2025-09-21 01:28:36.222] WARN  [MultiTableRepo.sms] Table does not exist: sms_shard_01.sms_20250831
[2025-09-21 01:28:36.223] WARN  [MultiTableRepo.sms] Table does not exist: sms_shard_01.sms_20250901
[2025-09-21 01:28:36.225] WARN  [MultiTableRepo.sms] Table does not exist: sms_shard_01.sms_20250902
[2025-09-21 01:28:36.226] WARN  [MultiTableRepo.sms] Table does not exist: sms_shard_01.sms_20250903
[2025-09-21 01:28:36.227] WARN  [MultiTableRepo.sms] Table does not exist: sms_shard_01.sms_20250904
[2025-09-21 01:28:36.228] WARN  [MultiTableRepo.sms] Table does not exist: sms_shard_01.sms_20250905
[2025-09-21 01:28:36.280] WARN  [MultiTableRepo.sms] Table does not exist: sms_shard_01.sms_20250816
[2025-09-21 01:28:36.281] WARN  [MultiTableRepo.sms] Table does not exist: sms_shard_01.sms_20250817
[2025-09-21 01:28:36.282] WARN  [MultiTableRepo.sms] Table does not exist: sms_shard_01.sms_20250818
[2025-09-21 01:28:36.283] WARN  [MultiTableRepo.sms] Table does not exist: sms_shard_01.sms_20250819
[2025-09-21 01:28:36.283] WARN  [MultiTableRepo.sms] Table does not exist: sms_shard_01.sms_20250820
[2025-09-21 01:28:36.284] WARN  [MultiTableRepo.sms] Table does not exist: sms_shard_01.sms_20250821
[2025-09-21 01:28:36.285] WARN  [MultiTableRepo.sms] Table does not exist: sms_shard_01.sms_20250822
[2025-09-21 01:28:36.286] WARN  [MultiTableRepo.sms] Table does not exist: sms_shard_01.sms_20250823
[2025-09-21 01:28:36.287] WARN  [MultiTableRepo.sms] Table does not exist: sms_shard_01.sms_20250824
[2025-09-21 01:28:36.288] WARN  [MultiTableRepo.sms] Table does not exist: sms_shard_01.sms_20250825
[2025-09-21 01:28:36.289] WARN  [MultiTableRepo.sms] Table does not exist: sms_shard_01.sms_20250826
[2025-09-21 01:28:36.290] WARN  [MultiTableRepo.sms] Table does not exist: sms_shard_01.sms_20250827
[2025-09-21 01:28:36.291] WARN  [MultiTableRepo.sms] Table does not exist: sms_shard_01.sms_20250828
[2025-09-21 01:28:36.292] WARN  [MultiTableRepo.sms] Table does not exist: sms_shard_01.sms_20250829
[2025-09-21 01:28:36.293] WARN  [MultiTableRepo.sms] Table does not exist: sms_shard_01.sms_20250830
[2025-09-21 01:28:36.294] WARN  [MultiTableRepo.sms] Table does not exist: sms_shard_01.sms_20250831
[2025-09-21 01:28:36.295] WARN  [MultiTableRepo.sms] Table does not exist: sms_shard_01.sms_20250901
[2025-09-21 01:28:36.296] WARN  [MultiTableRepo.sms] Table does not exist: sms_shard_01.sms_20250902
[2025-09-21 01:28:36.297] WARN  [MultiTableRepo.sms] Table does not exist: sms_shard_01.sms_20250903
[2025-09-21 01:28:36.297] WARN  [MultiTableRepo.sms] Table does not exist: sms_shard_01.sms_20250904
[2025-09-21 01:28:36.298] WARN  [MultiTableRepo.sms] Table does not exist: sms_shard_01.sms_20250905
[2025-09-21 01:28:36.359] WARN  [MultiTableRepo.sms] Table does not exist: sms_shard_01.sms_20250818
[2025-09-21 01:28:36.360] WARN  [MultiTableRepo.sms] Table does not exist: sms_shard_01.sms_20250819
[2025-09-21 01:28:36.360] WARN  [MultiTableRepo.sms] Table does not exist: sms_shard_01.sms_20250820
[2025-09-21 01:28:36.361] WARN  [MultiTableRepo.sms] Table does not exist: sms_shard_01.sms_20250821
[2025-09-21 01:28:36.362] WARN  [MultiTableRepo.sms] Table does not exist: sms_shard_01.sms_20250822
[2025-09-21 01:28:36.363] WARN  [MultiTableRepo.sms] Table does not exist: sms_shard_01.sms_20250823
[2025-09-21 01:28:36.363] WARN  [MultiTableRepo.sms] Table does not exist: sms_shard_01.sms_20250824
[2025-09-21 01:28:36.364] WARN  [MultiTableRepo.sms] Table does not exist: sms_shard_01.sms_20250825
[2025-09-21 01:28:36.365] WARN  [MultiTableRepo.sms] Table does not exist: sms_shard_01.sms_20250826
[2025-09-21 01:28:36.365] WARN  [MultiTableRepo.sms] Table does not exist: sms_shard_01.sms_20250827
[2025-09-21 01:28:36.366] WARN  [MultiTableRepo.sms] Table does not exist: sms_shard_01.sms_20250828
[2025-09-21 01:28:36.367] WARN  [MultiTableRepo.sms] Table does not exist: sms_shard_01.sms_20250829
[2025-09-21 01:28:36.368] WARN  [MultiTableRepo.sms] Table does not exist: sms_shard_01.sms_20250830
[2025-09-21 01:28:36.369] WARN  [MultiTableRepo.sms] Table does not exist: sms_shard_01.sms_20250831
[2025-09-21 01:28:36.370] WARN  [MultiTableRepo.sms] Table does not exist: sms_shard_01.sms_20250901
[2025-09-21 01:28:36.370] WARN  [MultiTableRepo.sms] Table does not exist: sms_shard_01.sms_20250902
[2025-09-21 01:28:36.373] WARN  [MultiTableRepo.sms] Table does not exist: sms_shard_01.sms_20250903
[2025-09-21 01:28:36.374] WARN  [MultiTableRepo.sms] Table does not exist: sms_shard_01.sms_20250904
[2025-09-21 01:28:36.375] WARN  [MultiTableRepo.sms] Table does not exist: sms_shard_01.sms_20250905
[2025-09-21 01:28:36.428] WARN  [MultiTableRepo.sms] Table does not exist: sms_shard_01.sms_20250905
[2025-09-21 01:28:36.439] WARN  [MultiTableRepo.sms] Table does not exist: sms_shard_01.sms_20250816
[2025-09-21 01:28:36.440] WARN  [MultiTableRepo.sms] Table does not exist: sms_shard_01.sms_20250817
[2025-09-21 01:28:36.441] WARN  [MultiTableRepo.sms] Table does not exist: sms_shard_01.sms_20250818
[2025-09-21 01:28:36.442] WARN  [MultiTableRepo.sms] Table does not exist: sms_shard_01.sms_20250819
[2025-09-21 01:28:36.442] WARN  [MultiTableRepo.sms] Table does not exist: sms_shard_01.sms_20250820
[2025-09-21 01:28:36.445] WARN  [MultiTableRepo.sms] Table does not exist: sms_shard_01.sms_20250821
[2025-09-21 01:28:36.445] WARN  [MultiTableRepo.sms] Table does not exist: sms_shard_01.sms_20250822
[2025-09-21 01:28:36.446] WARN  [MultiTableRepo.sms] Table does not exist: sms_shard_01.sms_20250823
[2025-09-21 01:28:36.447] WARN  [MultiTableRepo.sms] Table does not exist: sms_shard_01.sms_20250824
[2025-09-21 01:28:36.448] WARN  [MultiTableRepo.sms] Table does not exist: sms_shard_01.sms_20250825
[2025-09-21 01:28:36.449] WARN  [MultiTableRepo.sms] Table does not exist: sms_shard_01.sms_20250826
[2025-09-21 01:28:36.450] WARN  [MultiTableRepo.sms] Table does not exist: sms_shard_01.sms_20250827
[2025-09-21 01:28:36.450] WARN  [MultiTableRepo.sms] Table does not exist: sms_shard_01.sms_20250828
[2025-09-21 01:28:36.451] WARN  [MultiTableRepo.sms] Table does not exist: sms_shard_01.sms_20250829
[2025-09-21 01:28:36.453] WARN  [MultiTableRepo.sms] Table does not exist: sms_shard_01.sms_20250830
[2025-09-21 01:28:36.454] WARN  [MultiTableRepo.sms] Table does not exist: sms_shard_01.sms_20250831
[2025-09-21 01:28:36.454] WARN  [MultiTableRepo.sms] Table does not exist: sms_shard_01.sms_20250901
[2025-09-21 01:28:36.455] WARN  [MultiTableRepo.sms] Table does not exist: sms_shard_01.sms_20250902
[2025-09-21 01:28:36.456] WARN  [MultiTableRepo.sms] Table does not exist: sms_shard_01.sms_20250903
[2025-09-21 01:28:36.456] WARN  [MultiTableRepo.sms] Table does not exist: sms_shard_01.sms_20250904
[2025-09-21 01:28:36.457] WARN  [MultiTableRepo.sms] Table does not exist: sms_shard_01.sms_20250905
[2025-09-21 01:28:36.562] WARN  [MultiTableRepo.sms] Table does not exist: sms_shard_01.sms_20250816
[2025-09-21 01:28:36.564] WARN  [MultiTableRepo.sms] Table does not exist: sms_shard_01.sms_20250817
[2025-09-21 01:28:36.565] WARN  [MultiTableRepo.sms] Table does not exist: sms_shard_01.sms_20250818
[2025-09-21 01:28:36.566] WARN  [MultiTableRepo.sms] Table does not exist: sms_shard_01.sms_20250819
[2025-09-21 01:28:36.566] WARN  [MultiTableRepo.sms] Table does not exist: sms_shard_01.sms_20250820
[2025-09-21 01:28:36.567] WARN  [MultiTableRepo.sms] Table does not exist: sms_shard_01.sms_20250821
[2025-09-21 01:28:36.568] WARN  [MultiTableRepo.sms] Table does not exist: sms_shard_01.sms_20250822
[2025-09-21 01:28:36.569] WARN  [MultiTableRepo.sms] Table does not exist: sms_shard_01.sms_20250823
[2025-09-21 01:28:36.570] WARN  [MultiTableRepo.sms] Table does not exist: sms_shard_01.sms_20250824
[2025-09-21 01:28:36.571] WARN  [MultiTableRepo.sms] Table does not exist: sms_shard_01.sms_20250825
[2025-09-21 01:28:36.571] WARN  [MultiTableRepo.sms] Table does not exist: sms_shard_01.sms_20250826
[2025-09-21 01:28:36.572] WARN  [MultiTableRepo.sms] Table does not exist: sms_shard_01.sms_20250827
[2025-09-21 01:28:36.573] WARN  [MultiTableRepo.sms] Table does not exist: sms_shard_01.sms_20250828
[2025-09-21 01:28:36.574] WARN  [MultiTableRepo.sms] Table does not exist: sms_shard_01.sms_20250829
[2025-09-21 01:28:36.575] WARN  [MultiTableRepo.sms] Table does not exist: sms_shard_01.sms_20250830
[2025-09-21 01:28:36.575] WARN  [MultiTableRepo.sms] Table does not exist: sms_shard_01.sms_20250831
[2025-09-21 01:28:36.576] WARN  [MultiTableRepo.sms] Table does not exist: sms_shard_01.sms_20250901
[2025-09-21 01:28:36.577] WARN  [MultiTableRepo.sms] Table does not exist: sms_shard_01.sms_20250902
[2025-09-21 01:28:36.578] WARN  [MultiTableRepo.sms] Table does not exist: sms_shard_01.sms_20250903
[2025-09-21 01:28:36.579] WARN  [MultiTableRepo.sms] Table does not exist: sms_shard_01.sms_20250904
[2025-09-21 01:28:36.580] WARN  [MultiTableRepo.sms] Table does not exist: sms_shard_01.sms_20250905
[2025-09-21 01:28:36.612] WARN  [MultiTableRepo.sms] Table does not exist: sms_shard_01.sms_20250819
[2025-09-21 01:28:36.613] WARN  [MultiTableRepo.sms] Table does not exist: sms_shard_01.sms_20250820
[2025-09-21 01:28:36.614] WARN  [MultiTableRepo.sms] Table does not exist: sms_shard_01.sms_20250821
[2025-09-21 01:28:36.615] WARN  [MultiTableRepo.sms] Table does not exist: sms_shard_01.sms_20250822
[2025-09-21 01:28:36.615] WARN  [MultiTableRepo.sms] Table does not exist: sms_shard_01.sms_20250823
[2025-09-21 01:28:36.616] WARN  [MultiTableRepo.sms] Table does not exist: sms_shard_01.sms_20250824
[2025-09-21 01:28:36.617] WARN  [MultiTableRepo.sms] Table does not exist: sms_shard_01.sms_20250825
[2025-09-21 01:28:36.618] WARN  [MultiTableRepo.sms] Table does not exist: sms_shard_01.sms_20250826
[2025-09-21 01:28:36.619] WARN  [MultiTableRepo.sms] Table does not exist: sms_shard_01.sms_20250827
[2025-09-21 01:28:36.619] WARN  [MultiTableRepo.sms] Table does not exist: sms_shard_01.sms_20250828
[2025-09-21 01:28:36.620] WARN  [MultiTableRepo.sms] Table does not exist: sms_shard_01.sms_20250829
[2025-09-21 01:28:36.623] WARN  [MultiTableRepo.sms] Table does not exist: sms_shard_01.sms_20250830
[2025-09-21 01:28:36.624] WARN  [MultiTableRepo.sms] Table does not exist: sms_shard_01.sms_20250831
[2025-09-21 01:28:36.625] WARN  [MultiTableRepo.sms] Table does not exist: sms_shard_01.sms_20250901
[2025-09-21 01:28:36.625] WARN  [MultiTableRepo.sms] Table does not exist: sms_shard_01.sms_20250902
[2025-09-21 01:28:36.626] WARN  [MultiTableRepo.sms] Table does not exist: sms_shard_01.sms_20250903
[2025-09-21 01:28:36.627] WARN  [MultiTableRepo.sms] Table does not exist: sms_shard_01.sms_20250904
[2025-09-21 01:28:36.628] WARN  [MultiTableRepo.sms] Table does not exist: sms_shard_01.sms_20250905
[2025-09-21 01:28:36.654] WARN  [MultiTableRepo.sms] Table does not exist: sms_shard_01.sms_20250821
[2025-09-21 01:28:36.655] WARN  [MultiTableRepo.sms] Table does not exist: sms_shard_01.sms_20250822
[2025-09-21 01:28:36.656] WARN  [MultiTableRepo.sms] Table does not exist: sms_shard_01.sms_20250823
[2025-09-21 01:28:36.656] WARN  [MultiTableRepo.sms] Table does not exist: sms_shard_01.sms_20250824
[2025-09-21 01:28:36.657] WARN  [MultiTableRepo.sms] Table does not exist: sms_shard_01.sms_20250825
[2025-09-21 01:28:36.658] WARN  [MultiTableRepo.sms] Table does not exist: sms_shard_01.sms_20250826
[2025-09-21 01:28:36.659] WARN  [MultiTableRepo.sms] Table does not exist: sms_shard_01.sms_20250827
[2025-09-21 01:28:36.659] WARN  [MultiTableRepo.sms] Table does not exist: sms_shard_01.sms_20250828
[2025-09-21 01:28:36.660] WARN  [MultiTableRepo.sms] Table does not exist: sms_shard_01.sms_20250829
[2025-09-21 01:28:36.661] WARN  [MultiTableRepo.sms] Table does not exist: sms_shard_01.sms_20250830
[2025-09-21 01:28:36.662] WARN  [MultiTableRepo.sms] Table does not exist: sms_shard_01.sms_20250831
[2025-09-21 01:28:36.662] WARN  [MultiTableRepo.sms] Table does not exist: sms_shard_01.sms_20250901
[2025-09-21 01:28:36.663] WARN  [MultiTableRepo.sms] Table does not exist: sms_shard_01.sms_20250902
[2025-09-21 01:28:36.664] WARN  [MultiTableRepo.sms] Table does not exist: sms_shard_01.sms_20250903
[2025-09-21 01:28:36.665] WARN  [MultiTableRepo.sms] Table does not exist: sms_shard_01.sms_20250904
[2025-09-21 01:28:36.666] WARN  [MultiTableRepo.sms] Table does not exist: sms_shard_01.sms_20250905
[2025-09-21 01:28:36.793] WARN  [MultiTableRepo.sms] Table does not exist: sms_shard_01.sms_20250821
[2025-09-21 01:28:36.794] WARN  [MultiTableRepo.sms] Table does not exist: sms_shard_01.sms_20250822
[2025-09-21 01:28:36.795] WARN  [MultiTableRepo.sms] Table does not exist: sms_shard_01.sms_20250823
[2025-09-21 01:28:36.795] WARN  [MultiTableRepo.sms] Table does not exist: sms_shard_01.sms_20250824
[2025-09-21 01:28:36.796] WARN  [MultiTableRepo.sms] Table does not exist: sms_shard_01.sms_20250825
[2025-09-21 01:28:36.797] WARN  [MultiTableRepo.sms] Table does not exist: sms_shard_01.sms_20250826
[2025-09-21 01:28:36.798] WARN  [MultiTableRepo.sms] Table does not exist: sms_shard_01.sms_20250827
[2025-09-21 01:28:36.800] WARN  [MultiTableRepo.sms] Table does not exist: sms_shard_01.sms_20250828
[2025-09-21 01:28:36.801] WARN  [MultiTableRepo.sms] Table does not exist: sms_shard_01.sms_20250829
[2025-09-21 01:28:36.802] WARN  [MultiTableRepo.sms] Table does not exist: sms_shard_01.sms_20250830
[2025-09-21 01:28:36.802] WARN  [MultiTableRepo.sms] Table does not exist: sms_shard_01.sms_20250831
[2025-09-21 01:28:36.803] WARN  [MultiTableRepo.sms] Table does not exist: sms_shard_01.sms_20250901
[2025-09-21 01:28:36.804] WARN  [MultiTableRepo.sms] Table does not exist: sms_shard_01.sms_20250902
[2025-09-21 01:28:36.805] WARN  [MultiTableRepo.sms] Table does not exist: sms_shard_01.sms_20250903
[2025-09-21 01:28:36.806] WARN  [MultiTableRepo.sms] Table does not exist: sms_shard_01.sms_20250904
[2025-09-21 01:28:36.807] WARN  [MultiTableRepo.sms] Table does not exist: sms_shard_01.sms_20250905
[2025-09-21 01:28:36.869] WARN  [MultiTableRepo.sms] Table does not exist: sms_shard_01.sms_20250905
[2025-09-21 01:28:36.897] WARN  [MultiTableRepo.sms] Table does not exist: sms_shard_01.sms_20250820
[2025-09-21 01:28:36.897] WARN  [MultiTableRepo.sms] Table does not exist: sms_shard_01.sms_20250821
[2025-09-21 01:28:36.898] WARN  [MultiTableRepo.sms] Table does not exist: sms_shard_01.sms_20250822
[2025-09-21 01:28:36.899] WARN  [MultiTableRepo.sms] Table does not exist: sms_shard_01.sms_20250823
[2025-09-21 01:28:36.900] WARN  [MultiTableRepo.sms] Table does not exist: sms_shard_01.sms_20250824
[2025-09-21 01:28:36.901] WARN  [MultiTableRepo.sms] Table does not exist: sms_shard_01.sms_20250825
[2025-09-21 01:28:36.902] WARN  [MultiTableRepo.sms] Table does not exist: sms_shard_01.sms_20250826
[2025-09-21 01:28:36.902] WARN  [MultiTableRepo.sms] Table does not exist: sms_shard_01.sms_20250827
[2025-09-21 01:28:36.903] WARN  [MultiTableRepo.sms] Table does not exist: sms_shard_01.sms_20250828
[2025-09-21 01:28:36.904] WARN  [MultiTableRepo.sms] Table does not exist: sms_shard_01.sms_20250829
[2025-09-21 01:28:36.905] WARN  [MultiTableRepo.sms] Table does not exist: sms_shard_01.sms_20250830
[2025-09-21 01:28:36.906] WARN  [MultiTableRepo.sms] Table does not exist: sms_shard_01.sms_20250831
[2025-09-21 01:28:36.907] WARN  [MultiTableRepo.sms] Table does not exist: sms_shard_01.sms_20250901
[2025-09-21 01:28:36.908] WARN  [MultiTableRepo.sms] Table does not exist: sms_shard_01.sms_20250902
[2025-09-21 01:28:36.909] WARN  [MultiTableRepo.sms] Table does not exist: sms_shard_01.sms_20250903
[2025-09-21 01:28:36.909] WARN  [MultiTableRepo.sms] Table does not exist: sms_shard_01.sms_20250904
[2025-09-21 01:28:36.910] WARN  [MultiTableRepo.sms] Table does not exist: sms_shard_01.sms_20250905
[2025-09-21 01:28:36.948] WARN  [MultiTableRepo.sms] Table does not exist: sms_shard_01.sms_20250815
[2025-09-21 01:28:36.949] WARN  [MultiTableRepo.sms] Table does not exist: sms_shard_01.sms_20250816
[2025-09-21 01:28:36.950] WARN  [MultiTableRepo.sms] Table does not exist: sms_shard_01.sms_20250817
[2025-09-21 01:28:36.951] WARN  [MultiTableRepo.sms] Table does not exist: sms_shard_01.sms_20250818
[2025-09-21 01:28:36.953] WARN  [MultiTableRepo.sms] Table does not exist: sms_shard_01.sms_20250819
[2025-09-21 01:28:36.954] WARN  [MultiTableRepo.sms] Table does not exist: sms_shard_01.sms_20250820
[2025-09-21 01:28:36.954] WARN  [MultiTableRepo.sms] Table does not exist: sms_shard_01.sms_20250821
[2025-09-21 01:28:36.955] WARN  [MultiTableRepo.sms] Table does not exist: sms_shard_01.sms_20250822
[2025-09-21 01:28:36.956] WARN  [MultiTableRepo.sms] Table does not exist: sms_shard_01.sms_20250823
[2025-09-21 01:28:36.957] WARN  [MultiTableRepo.sms] Table does not exist: sms_shard_01.sms_20250824
[2025-09-21 01:28:36.960] WARN  [MultiTableRepo.sms] Table does not exist: sms_shard_01.sms_20250825
[2025-09-21 01:28:36.961] WARN  [MultiTableRepo.sms] Table does not exist: sms_shard_01.sms_20250826
[2025-09-21 01:28:36.962] WARN  [MultiTableRepo.sms] Table does not exist: sms_shard_01.sms_20250827
[2025-09-21 01:28:36.963] WARN  [MultiTableRepo.sms] Table does not exist: sms_shard_01.sms_20250828
[2025-09-21 01:28:36.964] WARN  [MultiTableRepo.sms] Table does not exist: sms_shard_01.sms_20250829
[2025-09-21 01:28:36.965] WARN  [MultiTableRepo.sms] Table does not exist: sms_shard_01.sms_20250830
[2025-09-21 01:28:36.966] WARN  [MultiTableRepo.sms] Table does not exist: sms_shard_01.sms_20250831
[2025-09-21 01:28:36.967] WARN  [MultiTableRepo.sms] Table does not exist: sms_shard_01.sms_20250901
[2025-09-21 01:28:36.968] WARN  [MultiTableRepo.sms] Table does not exist: sms_shard_01.sms_20250902
[2025-09-21 01:28:36.969] WARN  [MultiTableRepo.sms] Table does not exist: sms_shard_01.sms_20250903
[2025-09-21 01:28:36.972] WARN  [MultiTableRepo.sms] Table does not exist: sms_shard_01.sms_20250904
[2025-09-21 01:28:36.974] WARN  [MultiTableRepo.sms] Table does not exist: sms_shard_01.sms_20250905
[2025-09-21 01:28:37.047] WARN  [MultiTableRepo.sms] Table does not exist: sms_shard_01.sms_20250820
[2025-09-21 01:28:37.048] WARN  [MultiTableRepo.sms] Table does not exist: sms_shard_01.sms_20250821
[2025-09-21 01:28:37.049] WARN  [MultiTableRepo.sms] Table does not exist: sms_shard_01.sms_20250822
[2025-09-21 01:28:37.049] WARN  [MultiTableRepo.sms] Table does not exist: sms_shard_01.sms_20250823
[2025-09-21 01:28:37.050] WARN  [MultiTableRepo.sms] Table does not exist: sms_shard_01.sms_20250824
[2025-09-21 01:28:37.051] WARN  [MultiTableRepo.sms] Table does not exist: sms_shard_01.sms_20250825
[2025-09-21 01:28:37.052] WARN  [MultiTableRepo.sms] Table does not exist: sms_shard_01.sms_20250826
[2025-09-21 01:28:37.052] WARN  [MultiTableRepo.sms] Table does not exist: sms_shard_01.sms_20250827
[2025-09-21 01:28:37.053] WARN  [MultiTableRepo.sms] Table does not exist: sms_shard_01.sms_20250828
[2025-09-21 01:28:37.054] WARN  [MultiTableRepo.sms] Table does not exist: sms_shard_01.sms_20250829
[2025-09-21 01:28:37.055] WARN  [MultiTableRepo.sms] Table does not exist: sms_shard_01.sms_20250830
[2025-09-21 01:28:37.055] WARN  [MultiTableRepo.sms] Table does not exist: sms_shard_01.sms_20250831
[2025-09-21 01:28:37.056] WARN  [MultiTableRepo.sms] Table does not exist: sms_shard_01.sms_20250901
[2025-09-21 01:28:37.057] WARN  [MultiTableRepo.sms] Table does not exist: sms_shard_01.sms_20250902
[2025-09-21 01:28:37.058] WARN  [MultiTableRepo.sms] Table does not exist: sms_shard_01.sms_20250903
[2025-09-21 01:28:37.058] WARN  [MultiTableRepo.sms] Table does not exist: sms_shard_01.sms_20250904
[2025-09-21 01:28:37.061] WARN  [MultiTableRepo.sms] Table does not exist: sms_shard_01.sms_20250905
[2025-09-21 01:28:37.120] WARN  [MultiTableRepo.sms] Table does not exist: sms_shard_01.sms_20250821
[2025-09-21 01:28:37.121] WARN  [MultiTableRepo.sms] Table does not exist: sms_shard_01.sms_20250822
[2025-09-21 01:28:37.122] WARN  [MultiTableRepo.sms] Table does not exist: sms_shard_01.sms_20250823
[2025-09-21 01:28:37.123] WARN  [MultiTableRepo.sms] Table does not exist: sms_shard_01.sms_20250824
[2025-09-21 01:28:37.124] WARN  [MultiTableRepo.sms] Table does not exist: sms_shard_01.sms_20250825
[2025-09-21 01:28:37.125] WARN  [MultiTableRepo.sms] Table does not exist: sms_shard_01.sms_20250826
[2025-09-21 01:28:37.126] WARN  [MultiTableRepo.sms] Table does not exist: sms_shard_01.sms_20250827
[2025-09-21 01:28:37.127] WARN  [MultiTableRepo.sms] Table does not exist: sms_shard_01.sms_20250828
[2025-09-21 01:28:37.128] WARN  [MultiTableRepo.sms] Table does not exist: sms_shard_01.sms_20250829
[2025-09-21 01:28:37.129] WARN  [MultiTableRepo.sms] Table does not exist: sms_shard_01.sms_20250830
[2025-09-21 01:28:37.129] WARN  [MultiTableRepo.sms] Table does not exist: sms_shard_01.sms_20250831
[2025-09-21 01:28:37.130] WARN  [MultiTableRepo.sms] Table does not exist: sms_shard_01.sms_20250901
[2025-09-21 01:28:37.131] WARN  [MultiTableRepo.sms] Table does not exist: sms_shard_01.sms_20250902
[2025-09-21 01:28:37.132] WARN  [MultiTableRepo.sms] Table does not exist: sms_shard_01.sms_20250903
[2025-09-21 01:28:37.133] WARN  [MultiTableRepo.sms] Table does not exist: sms_shard_01.sms_20250904
[2025-09-21 01:28:37.134] WARN  [MultiTableRepo.sms] Table does not exist: sms_shard_01.sms_20250905
[2025-09-21 01:28:37.246] WARN  [MultiTableRepo.sms] Table does not exist: sms_shard_01.sms_20250820
[2025-09-21 01:28:37.247] WARN  [MultiTableRepo.sms] Table does not exist: sms_shard_01.sms_20250821
[2025-09-21 01:28:37.248] WARN  [MultiTableRepo.sms] Table does not exist: sms_shard_01.sms_20250822
[2025-09-21 01:28:37.249] WARN  [MultiTableRepo.sms] Table does not exist: sms_shard_01.sms_20250823
[2025-09-21 01:28:37.250] WARN  [MultiTableRepo.sms] Table does not exist: sms_shard_01.sms_20250824
[2025-09-21 01:28:37.251] WARN  [MultiTableRepo.sms] Table does not exist: sms_shard_01.sms_20250825
[2025-09-21 01:28:37.252] WARN  [MultiTableRepo.sms] Table does not exist: sms_shard_01.sms_20250826
[2025-09-21 01:28:37.253] WARN  [MultiTableRepo.sms] Table does not exist: sms_shard_01.sms_20250827
[2025-09-21 01:28:37.253] WARN  [MultiTableRepo.sms] Table does not exist: sms_shard_01.sms_20250828
[2025-09-21 01:28:37.254] WARN  [MultiTableRepo.sms] Table does not exist: sms_shard_01.sms_20250829
[2025-09-21 01:28:37.255] WARN  [MultiTableRepo.sms] Table does not exist: sms_shard_01.sms_20250830
[2025-09-21 01:28:37.256] WARN  [MultiTableRepo.sms] Table does not exist: sms_shard_01.sms_20250831
[2025-09-21 01:28:37.257] WARN  [MultiTableRepo.sms] Table does not exist: sms_shard_01.sms_20250901
[2025-09-21 01:28:37.258] WARN  [MultiTableRepo.sms] Table does not exist: sms_shard_01.sms_20250902
[2025-09-21 01:28:37.259] WARN  [MultiTableRepo.sms] Table does not exist: sms_shard_01.sms_20250903
[2025-09-21 01:28:37.260] WARN  [MultiTableRepo.sms] Table does not exist: sms_shard_01.sms_20250904
[2025-09-21 01:28:37.261] WARN  [MultiTableRepo.sms] Table does not exist: sms_shard_01.sms_20250905
[2025-09-21 01:28:37.343] WARN  [MultiTableRepo.sms] Table does not exist: sms_shard_01.sms_20250905
[2025-09-21 01:28:37.396] WARN  [MultiTableRepo.sms] Table does not exist: sms_shard_01.sms_20250816
[2025-09-21 01:28:37.397] WARN  [MultiTableRepo.sms] Table does not exist: sms_shard_01.sms_20250817
[2025-09-21 01:28:37.398] WARN  [MultiTableRepo.sms] Table does not exist: sms_shard_01.sms_20250818
[2025-09-21 01:28:37.399] WARN  [MultiTableRepo.sms] Table does not exist: sms_shard_01.sms_20250819
[2025-09-21 01:28:37.400] WARN  [MultiTableRepo.sms] Table does not exist: sms_shard_01.sms_20250820
[2025-09-21 01:28:37.401] WARN  [MultiTableRepo.sms] Table does not exist: sms_shard_01.sms_20250821
[2025-09-21 01:28:37.402] WARN  [MultiTableRepo.sms] Table does not exist: sms_shard_01.sms_20250822
[2025-09-21 01:28:37.402] WARN  [MultiTableRepo.sms] Table does not exist: sms_shard_01.sms_20250823
[2025-09-21 01:28:37.403] WARN  [MultiTableRepo.sms] Table does not exist: sms_shard_01.sms_20250824
[2025-09-21 01:28:37.404] WARN  [MultiTableRepo.sms] Table does not exist: sms_shard_01.sms_20250825
[2025-09-21 01:28:37.405] WARN  [MultiTableRepo.sms] Table does not exist: sms_shard_01.sms_20250826
[2025-09-21 01:28:37.406] WARN  [MultiTableRepo.sms] Table does not exist: sms_shard_01.sms_20250827
[2025-09-21 01:28:37.407] WARN  [MultiTableRepo.sms] Table does not exist: sms_shard_01.sms_20250828
[2025-09-21 01:28:37.408] WARN  [MultiTableRepo.sms] Table does not exist: sms_shard_01.sms_20250829
[2025-09-21 01:28:37.409] WARN  [MultiTableRepo.sms] Table does not exist: sms_shard_01.sms_20250830
[2025-09-21 01:28:37.409] WARN  [MultiTableRepo.sms] Table does not exist: sms_shard_01.sms_20250831
[2025-09-21 01:28:37.410] WARN  [MultiTableRepo.sms] Table does not exist: sms_shard_01.sms_20250901
[2025-09-21 01:28:37.411] WARN  [MultiTableRepo.sms] Table does not exist: sms_shard_01.sms_20250902
[2025-09-21 01:28:37.412] WARN  [MultiTableRepo.sms] Table does not exist: sms_shard_01.sms_20250903
[2025-09-21 01:28:37.413] WARN  [MultiTableRepo.sms] Table does not exist: sms_shard_01.sms_20250904
[2025-09-21 01:28:37.413] WARN  [MultiTableRepo.sms] Table does not exist: sms_shard_01.sms_20250905
[2025-09-21 01:28:37.481] WARN  [MultiTableRepo.sms] Table does not exist: sms_shard_01.sms_20250816
[2025-09-21 01:28:37.482] WARN  [MultiTableRepo.sms] Table does not exist: sms_shard_01.sms_20250817
[2025-09-21 01:28:37.483] WARN  [MultiTableRepo.sms] Table does not exist: sms_shard_01.sms_20250818
[2025-09-21 01:28:37.485] WARN  [MultiTableRepo.sms] Table does not exist: sms_shard_01.sms_20250819
[2025-09-21 01:28:37.486] WARN  [MultiTableRepo.sms] Table does not exist: sms_shard_01.sms_20250820
[2025-09-21 01:28:37.486] WARN  [MultiTableRepo.sms] Table does not exist: sms_shard_01.sms_20250821
[2025-09-21 01:28:37.489] WARN  [MultiTableRepo.sms] Table does not exist: sms_shard_01.sms_20250822
[2025-09-21 01:28:37.491] WARN  [MultiTableRepo.sms] Table does not exist: sms_shard_01.sms_20250823
[2025-09-21 01:28:37.492] WARN  [MultiTableRepo.sms] Table does not exist: sms_shard_01.sms_20250824
[2025-09-21 01:28:37.493] WARN  [MultiTableRepo.sms] Table does not exist: sms_shard_01.sms_20250825
[2025-09-21 01:28:37.494] WARN  [MultiTableRepo.sms] Table does not exist: sms_shard_01.sms_20250826
[2025-09-21 01:28:37.495] WARN  [MultiTableRepo.sms] Table does not exist: sms_shard_01.sms_20250827
[2025-09-21 01:28:37.496] WARN  [MultiTableRepo.sms] Table does not exist: sms_shard_01.sms_20250828
[2025-09-21 01:28:37.497] WARN  [MultiTableRepo.sms] Table does not exist: sms_shard_01.sms_20250829
[2025-09-21 01:28:37.498] WARN  [MultiTableRepo.sms] Table does not exist: sms_shard_01.sms_20250830
[2025-09-21 01:28:37.499] WARN  [MultiTableRepo.sms] Table does not exist: sms_shard_01.sms_20250831
[2025-09-21 01:28:37.499] WARN  [MultiTableRepo.sms] Table does not exist: sms_shard_01.sms_20250901
[2025-09-21 01:28:37.500] WARN  [MultiTableRepo.sms] Table does not exist: sms_shard_01.sms_20250902
[2025-09-21 01:28:37.501] WARN  [MultiTableRepo.sms] Table does not exist: sms_shard_01.sms_20250903
[2025-09-21 01:28:37.502] WARN  [MultiTableRepo.sms] Table does not exist: sms_shard_01.sms_20250904
[2025-09-21 01:28:37.503] WARN  [MultiTableRepo.sms] Table does not exist: sms_shard_01.sms_20250905
[2025-09-21 01:28:37.556] WARN  [MultiTableRepo.sms] Table does not exist: sms_shard_01.sms_20250819
[2025-09-21 01:28:37.557] WARN  [MultiTableRepo.sms] Table does not exist: sms_shard_01.sms_20250820
[2025-09-21 01:28:37.558] WARN  [MultiTableRepo.sms] Table does not exist: sms_shard_01.sms_20250821
[2025-09-21 01:28:37.559] WARN  [MultiTableRepo.sms] Table does not exist: sms_shard_01.sms_20250822
[2025-09-21 01:28:37.559] WARN  [MultiTableRepo.sms] Table does not exist: sms_shard_01.sms_20250823
[2025-09-21 01:28:37.560] WARN  [MultiTableRepo.sms] Table does not exist: sms_shard_01.sms_20250824
[2025-09-21 01:28:37.561] WARN  [MultiTableRepo.sms] Table does not exist: sms_shard_01.sms_20250825
[2025-09-21 01:28:37.562] WARN  [MultiTableRepo.sms] Table does not exist: sms_shard_01.sms_20250826
[2025-09-21 01:28:37.563] WARN  [MultiTableRepo.sms] Table does not exist: sms_shard_01.sms_20250827
[2025-09-21 01:28:37.563] WARN  [MultiTableRepo.sms] Table does not exist: sms_shard_01.sms_20250828
[2025-09-21 01:28:37.564] WARN  [MultiTableRepo.sms] Table does not exist: sms_shard_01.sms_20250829
[2025-09-21 01:28:37.565] WARN  [MultiTableRepo.sms] Table does not exist: sms_shard_01.sms_20250830
[2025-09-21 01:28:37.566] WARN  [MultiTableRepo.sms] Table does not exist: sms_shard_01.sms_20250831
[2025-09-21 01:28:37.567] WARN  [MultiTableRepo.sms] Table does not exist: sms_shard_01.sms_20250901
[2025-09-21 01:28:37.568] WARN  [MultiTableRepo.sms] Table does not exist: sms_shard_01.sms_20250902
[2025-09-21 01:28:37.569] WARN  [MultiTableRepo.sms] Table does not exist: sms_shard_01.sms_20250903
[2025-09-21 01:28:37.569] WARN  [MultiTableRepo.sms] Table does not exist: sms_shard_01.sms_20250904
[2025-09-21 01:28:37.570] WARN  [MultiTableRepo.sms] Table does not exist: sms_shard_01.sms_20250905
[2025-09-21 01:28:37.606] WARN  [MultiTableRepo.sms] Table does not exist: sms_shard_01.sms_20250821
[2025-09-21 01:28:37.607] WARN  [MultiTableRepo.sms] Table does not exist: sms_shard_01.sms_20250822
[2025-09-21 01:28:37.608] WARN  [MultiTableRepo.sms] Table does not exist: sms_shard_01.sms_20250823
[2025-09-21 01:28:37.609] WARN  [MultiTableRepo.sms] Table does not exist: sms_shard_01.sms_20250824
[2025-09-21 01:28:37.610] WARN  [MultiTableRepo.sms] Table does not exist: sms_shard_01.sms_20250825
[2025-09-21 01:28:37.610] WARN  [MultiTableRepo.sms] Table does not exist: sms_shard_01.sms_20250826
[2025-09-21 01:28:37.611] WARN  [MultiTableRepo.sms] Table does not exist: sms_shard_01.sms_20250827
[2025-09-21 01:28:37.612] WARN  [MultiTableRepo.sms] Table does not exist: sms_shard_01.sms_20250828
[2025-09-21 01:28:37.613] WARN  [MultiTableRepo.sms] Table does not exist: sms_shard_01.sms_20250829
[2025-09-21 01:28:37.614] WARN  [MultiTableRepo.sms] Table does not exist: sms_shard_01.sms_20250830
[2025-09-21 01:28:37.614] WARN  [MultiTableRepo.sms] Table does not exist: sms_shard_01.sms_20250831
[2025-09-21 01:28:37.615] WARN  [MultiTableRepo.sms] Table does not exist: sms_shard_01.sms_20250901
[2025-09-21 01:28:37.616] WARN  [MultiTableRepo.sms] Table does not exist: sms_shard_01.sms_20250902
[2025-09-21 01:28:37.617] WARN  [MultiTableRepo.sms] Table does not exist: sms_shard_01.sms_20250903
[2025-09-21 01:28:37.617] WARN  [MultiTableRepo.sms] Table does not exist: sms_shard_01.sms_20250904
[2025-09-21 01:28:37.618] WARN  [MultiTableRepo.sms] Table does not exist: sms_shard_01.sms_20250905
[2025-09-21 01:28:37.751] WARN  [MultiTableRepo.sms] Table does not exist: sms_shard_01.sms_20250819
[2025-09-21 01:28:37.752] WARN  [MultiTableRepo.sms] Table does not exist: sms_shard_01.sms_20250820
[2025-09-21 01:28:37.753] WARN  [MultiTableRepo.sms] Table does not exist: sms_shard_01.sms_20250821
[2025-09-21 01:28:37.754] WARN  [MultiTableRepo.sms] Table does not exist: sms_shard_01.sms_20250822
[2025-09-21 01:28:37.756] WARN  [MultiTableRepo.sms] Table does not exist: sms_shard_01.sms_20250823
[2025-09-21 01:28:37.757] WARN  [MultiTableRepo.sms] Table does not exist: sms_shard_01.sms_20250824
[2025-09-21 01:28:37.758] WARN  [MultiTableRepo.sms] Table does not exist: sms_shard_01.sms_20250825
[2025-09-21 01:28:37.760] WARN  [MultiTableRepo.sms] Table does not exist: sms_shard_01.sms_20250826
[2025-09-21 01:28:37.761] WARN  [MultiTableRepo.sms] Table does not exist: sms_shard_01.sms_20250827
[2025-09-21 01:28:37.762] WARN  [MultiTableRepo.sms] Table does not exist: sms_shard_01.sms_20250828
[2025-09-21 01:28:37.763] WARN  [MultiTableRepo.sms] Table does not exist: sms_shard_01.sms_20250829
[2025-09-21 01:28:37.767] WARN  [MultiTableRepo.sms] Table does not exist: sms_shard_01.sms_20250830
[2025-09-21 01:28:37.768] WARN  [MultiTableRepo.sms] Table does not exist: sms_shard_01.sms_20250831
[2025-09-21 01:28:37.769] WARN  [MultiTableRepo.sms] Table does not exist: sms_shard_01.sms_20250901
[2025-09-21 01:28:37.770] WARN  [MultiTableRepo.sms] Table does not exist: sms_shard_01.sms_20250902
[2025-09-21 01:28:37.771] WARN  [MultiTableRepo.sms] Table does not exist: sms_shard_01.sms_20250903
[2025-09-21 01:28:37.772] WARN  [MultiTableRepo.sms] Table does not exist: sms_shard_01.sms_20250904
[2025-09-21 01:28:37.773] WARN  [MultiTableRepo.sms] Table does not exist: sms_shard_01.sms_20250905
[2025-09-21 01:28:37.807] WARN  [MultiTableRepo.sms] Table does not exist: sms_shard_01.sms_20250817
[2025-09-21 01:28:37.808] WARN  [MultiTableRepo.sms] Table does not exist: sms_shard_01.sms_20250818
[2025-09-21 01:28:37.809] WARN  [MultiTableRepo.sms] Table does not exist: sms_shard_01.sms_20250819
[2025-09-21 01:28:37.810] WARN  [MultiTableRepo.sms] Table does not exist: sms_shard_01.sms_20250820
[2025-09-21 01:28:37.811] WARN  [MultiTableRepo.sms] Table does not exist: sms_shard_01.sms_20250821
[2025-09-21 01:28:37.811] WARN  [MultiTableRepo.sms] Table does not exist: sms_shard_01.sms_20250822
[2025-09-21 01:28:37.812] WARN  [MultiTableRepo.sms] Table does not exist: sms_shard_01.sms_20250823
[2025-09-21 01:28:37.813] WARN  [MultiTableRepo.sms] Table does not exist: sms_shard_01.sms_20250824
[2025-09-21 01:28:37.814] WARN  [MultiTableRepo.sms] Table does not exist: sms_shard_01.sms_20250825
[2025-09-21 01:28:37.815] WARN  [MultiTableRepo.sms] Table does not exist: sms_shard_01.sms_20250826
[2025-09-21 01:28:37.817] WARN  [MultiTableRepo.sms] Table does not exist: sms_shard_01.sms_20250827
[2025-09-21 01:28:37.818] WARN  [MultiTableRepo.sms] Table does not exist: sms_shard_01.sms_20250828
[2025-09-21 01:28:37.819] WARN  [MultiTableRepo.sms] Table does not exist: sms_shard_01.sms_20250829
[2025-09-21 01:28:37.820] WARN  [MultiTableRepo.sms] Table does not exist: sms_shard_01.sms_20250830
[2025-09-21 01:28:37.821] WARN  [MultiTableRepo.sms] Table does not exist: sms_shard_01.sms_20250831
[2025-09-21 01:28:37.822] WARN  [MultiTableRepo.sms] Table does not exist: sms_shard_01.sms_20250901
[2025-09-21 01:28:37.823] WARN  [MultiTableRepo.sms] Table does not exist: sms_shard_01.sms_20250902
[2025-09-21 01:28:37.824] WARN  [MultiTableRepo.sms] Table does not exist: sms_shard_01.sms_20250903
[2025-09-21 01:28:37.825] WARN  [MultiTableRepo.sms] Table does not exist: sms_shard_01.sms_20250904
[2025-09-21 01:28:37.825] WARN  [MultiTableRepo.sms] Table does not exist: sms_shard_01.sms_20250905
[2025-09-21 01:28:37.851] WARN  [MultiTableRepo.sms] Table does not exist: sms_shard_01.sms_20250819
[2025-09-21 01:28:37.851] WARN  [MultiTableRepo.sms] Table does not exist: sms_shard_01.sms_20250820
[2025-09-21 01:28:37.852] WARN  [MultiTableRepo.sms] Table does not exist: sms_shard_01.sms_20250821
[2025-09-21 01:28:37.853] WARN  [MultiTableRepo.sms] Table does not exist: sms_shard_01.sms_20250822
[2025-09-21 01:28:37.854] WARN  [MultiTableRepo.sms] Table does not exist: sms_shard_01.sms_20250823
[2025-09-21 01:28:37.855] WARN  [MultiTableRepo.sms] Table does not exist: sms_shard_01.sms_20250824
[2025-09-21 01:28:37.856] WARN  [MultiTableRepo.sms] Table does not exist: sms_shard_01.sms_20250825
[2025-09-21 01:28:37.856] WARN  [MultiTableRepo.sms] Table does not exist: sms_shard_01.sms_20250826
[2025-09-21 01:28:37.857] WARN  [MultiTableRepo.sms] Table does not exist: sms_shard_01.sms_20250827
[2025-09-21 01:28:37.858] WARN  [MultiTableRepo.sms] Table does not exist: sms_shard_01.sms_20250828
[2025-09-21 01:28:37.859] WARN  [MultiTableRepo.sms] Table does not exist: sms_shard_01.sms_20250829
[2025-09-21 01:28:37.860] WARN  [MultiTableRepo.sms] Table does not exist: sms_shard_01.sms_20250830
[2025-09-21 01:28:37.861] WARN  [MultiTableRepo.sms] Table does not exist: sms_shard_01.sms_20250831
[2025-09-21 01:28:37.861] WARN  [MultiTableRepo.sms] Table does not exist: sms_shard_01.sms_20250901
[2025-09-21 01:28:37.862] WARN  [MultiTableRepo.sms] Table does not exist: sms_shard_01.sms_20250902
[2025-09-21 01:28:37.863] WARN  [MultiTableRepo.sms] Table does not exist: sms_shard_01.sms_20250903
[2025-09-21 01:28:37.864] WARN  [MultiTableRepo.sms] Table does not exist: sms_shard_01.sms_20250904
[2025-09-21 01:28:37.865] WARN  [MultiTableRepo.sms] Table does not exist: sms_shard_01.sms_20250905
[2025-09-21 01:28:37.895] WARN  [MultiTableRepo.sms] Table does not exist: sms_shard_01.sms_20250820
[2025-09-21 01:28:37.896] WARN  [MultiTableRepo.sms] Table does not exist: sms_shard_01.sms_20250821
[2025-09-21 01:28:37.897] WARN  [MultiTableRepo.sms] Table does not exist: sms_shard_01.sms_20250822
[2025-09-21 01:28:37.898] WARN  [MultiTableRepo.sms] Table does not exist: sms_shard_01.sms_20250823
[2025-09-21 01:28:37.899] WARN  [MultiTableRepo.sms] Table does not exist: sms_shard_01.sms_20250824
[2025-09-21 01:28:37.900] WARN  [MultiTableRepo.sms] Table does not exist: sms_shard_01.sms_20250825
[2025-09-21 01:28:37.901] WARN  [MultiTableRepo.sms] Table does not exist: sms_shard_01.sms_20250826
[2025-09-21 01:28:37.902] WARN  [MultiTableRepo.sms] Table does not exist: sms_shard_01.sms_20250827
[2025-09-21 01:28:37.903] WARN  [MultiTableRepo.sms] Table does not exist: sms_shard_01.sms_20250828
[2025-09-21 01:28:37.903] WARN  [MultiTableRepo.sms] Table does not exist: sms_shard_01.sms_20250829
[2025-09-21 01:28:37.904] WARN  [MultiTableRepo.sms] Table does not exist: sms_shard_01.sms_20250830
[2025-09-21 01:28:37.905] WARN  [MultiTableRepo.sms] Table does not exist: sms_shard_01.sms_20250831
[2025-09-21 01:28:37.906] WARN  [MultiTableRepo.sms] Table does not exist: sms_shard_01.sms_20250901
[2025-09-21 01:28:37.907] WARN  [MultiTableRepo.sms] Table does not exist: sms_shard_01.sms_20250902
[2025-09-21 01:28:37.908] WARN  [MultiTableRepo.sms] Table does not exist: sms_shard_01.sms_20250903
[2025-09-21 01:28:37.909] WARN  [MultiTableRepo.sms] Table does not exist: sms_shard_01.sms_20250904
[2025-09-21 01:28:37.909] WARN  [MultiTableRepo.sms] Table does not exist: sms_shard_01.sms_20250905
[2025-09-21 01:28:37.941] WARN  [MultiTableRepo.sms] Table does not exist: sms_shard_01.sms_20250820
[2025-09-21 01:28:37.941] WARN  [MultiTableRepo.sms] Table does not exist: sms_shard_01.sms_20250821
[2025-09-21 01:28:37.942] WARN  [MultiTableRepo.sms] Table does not exist: sms_shard_01.sms_20250822
[2025-09-21 01:28:37.943] WARN  [MultiTableRepo.sms] Table does not exist: sms_shard_01.sms_20250823
[2025-09-21 01:28:37.944] WARN  [MultiTableRepo.sms] Table does not exist: sms_shard_01.sms_20250824
[2025-09-21 01:28:37.944] WARN  [MultiTableRepo.sms] Table does not exist: sms_shard_01.sms_20250825
[2025-09-21 01:28:37.945] WARN  [MultiTableRepo.sms] Table does not exist: sms_shard_01.sms_20250826
[2025-09-21 01:28:37.946] WARN  [MultiTableRepo.sms] Table does not exist: sms_shard_01.sms_20250827
[2025-09-21 01:28:37.947] WARN  [MultiTableRepo.sms] Table does not exist: sms_shard_01.sms_20250828
[2025-09-21 01:28:37.948] WARN  [MultiTableRepo.sms] Table does not exist: sms_shard_01.sms_20250829
[2025-09-21 01:28:37.949] WARN  [MultiTableRepo.sms] Table does not exist: sms_shard_01.sms_20250830
[2025-09-21 01:28:37.949] WARN  [MultiTableRepo.sms] Table does not exist: sms_shard_01.sms_20250831
[2025-09-21 01:28:37.950] WARN  [MultiTableRepo.sms] Table does not exist: sms_shard_01.sms_20250901
[2025-09-21 01:28:37.951] WARN  [MultiTableRepo.sms] Table does not exist: sms_shard_01.sms_20250902
[2025-09-21 01:28:37.953] WARN  [MultiTableRepo.sms] Table does not exist: sms_shard_01.sms_20250903
[2025-09-21 01:28:37.953] WARN  [MultiTableRepo.sms] Table does not exist: sms_shard_01.sms_20250904
[2025-09-21 01:28:37.954] WARN  [MultiTableRepo.sms] Table does not exist: sms_shard_01.sms_20250905
[2025-09-21 01:28:38.033] WARN  [MultiTableRepo.sms] Table does not exist: sms_shard_01.sms_20250816
[2025-09-21 01:28:38.033] WARN  [MultiTableRepo.sms] Table does not exist: sms_shard_01.sms_20250817
[2025-09-21 01:28:38.034] WARN  [MultiTableRepo.sms] Table does not exist: sms_shard_01.sms_20250818
[2025-09-21 01:28:38.035] WARN  [MultiTableRepo.sms] Table does not exist: sms_shard_01.sms_20250819
[2025-09-21 01:28:38.036] WARN  [MultiTableRepo.sms] Table does not exist: sms_shard_01.sms_20250820
[2025-09-21 01:28:38.037] WARN  [MultiTableRepo.sms] Table does not exist: sms_shard_01.sms_20250821
[2025-09-21 01:28:38.038] WARN  [MultiTableRepo.sms] Table does not exist: sms_shard_01.sms_20250822
[2025-09-21 01:28:38.039] WARN  [MultiTableRepo.sms] Table does not exist: sms_shard_01.sms_20250823
[2025-09-21 01:28:38.039] WARN  [MultiTableRepo.sms] Table does not exist: sms_shard_01.sms_20250824
[2025-09-21 01:28:38.040] WARN  [MultiTableRepo.sms] Table does not exist: sms_shard_01.sms_20250825
[2025-09-21 01:28:38.041] WARN  [MultiTableRepo.sms] Table does not exist: sms_shard_01.sms_20250826
[2025-09-21 01:28:38.042] WARN  [MultiTableRepo.sms] Table does not exist: sms_shard_01.sms_20250827
[2025-09-21 01:28:38.043] WARN  [MultiTableRepo.sms] Table does not exist: sms_shard_01.sms_20250828
[2025-09-21 01:28:38.043] WARN  [MultiTableRepo.sms] Table does not exist: sms_shard_01.sms_20250829
[2025-09-21 01:28:38.044] WARN  [MultiTableRepo.sms] Table does not exist: sms_shard_01.sms_20250830
[2025-09-21 01:28:38.045] WARN  [MultiTableRepo.sms] Table does not exist: sms_shard_01.sms_20250831
[2025-09-21 01:28:38.046] WARN  [MultiTableRepo.sms] Table does not exist: sms_shard_01.sms_20250901
[2025-09-21 01:28:38.047] WARN  [MultiTableRepo.sms] Table does not exist: sms_shard_01.sms_20250902
[2025-09-21 01:28:38.048] WARN  [MultiTableRepo.sms] Table does not exist: sms_shard_01.sms_20250903
[2025-09-21 01:28:38.049] WARN  [MultiTableRepo.sms] Table does not exist: sms_shard_01.sms_20250904
[2025-09-21 01:28:38.050] WARN  [MultiTableRepo.sms] Table does not exist: sms_shard_01.sms_20250905
[2025-09-21 01:28:38.086] WARN  [MultiTableRepo.sms] Table does not exist: sms_shard_01.sms_20250818
[2025-09-21 01:28:38.087] WARN  [MultiTableRepo.sms] Table does not exist: sms_shard_01.sms_20250819
[2025-09-21 01:28:38.088] WARN  [MultiTableRepo.sms] Table does not exist: sms_shard_01.sms_20250820
[2025-09-21 01:28:38.089] WARN  [MultiTableRepo.sms] Table does not exist: sms_shard_01.sms_20250821
[2025-09-21 01:28:38.090] WARN  [MultiTableRepo.sms] Table does not exist: sms_shard_01.sms_20250822
[2025-09-21 01:28:38.091] WARN  [MultiTableRepo.sms] Table does not exist: sms_shard_01.sms_20250823
[2025-09-21 01:28:38.091] WARN  [MultiTableRepo.sms] Table does not exist: sms_shard_01.sms_20250824
[2025-09-21 01:28:38.092] WARN  [MultiTableRepo.sms] Table does not exist: sms_shard_01.sms_20250825
[2025-09-21 01:28:38.093] WARN  [MultiTableRepo.sms] Table does not exist: sms_shard_01.sms_20250826
[2025-09-21 01:28:38.094] WARN  [MultiTableRepo.sms] Table does not exist: sms_shard_01.sms_20250827
[2025-09-21 01:28:38.095] WARN  [MultiTableRepo.sms] Table does not exist: sms_shard_01.sms_20250828
[2025-09-21 01:28:38.096] WARN  [MultiTableRepo.sms] Table does not exist: sms_shard_01.sms_20250829
[2025-09-21 01:28:38.097] WARN  [MultiTableRepo.sms] Table does not exist: sms_shard_01.sms_20250830
[2025-09-21 01:28:38.098] WARN  [MultiTableRepo.sms] Table does not exist: sms_shard_01.sms_20250831
[2025-09-21 01:28:38.099] WARN  [MultiTableRepo.sms] Table does not exist: sms_shard_01.sms_20250901
[2025-09-21 01:28:38.100] WARN  [MultiTableRepo.sms] Table does not exist: sms_shard_01.sms_20250902
[2025-09-21 01:28:38.101] WARN  [MultiTableRepo.sms] Table does not exist: sms_shard_01.sms_20250903
[2025-09-21 01:28:38.102] WARN  [MultiTableRepo.sms] Table does not exist: sms_shard_01.sms_20250904
[2025-09-21 01:28:38.103] WARN  [MultiTableRepo.sms] Table does not exist: sms_shard_01.sms_20250905
[2025-09-21 01:28:38.213] WARN  [MultiTableRepo.sms] Table does not exist: sms_shard_01.sms_20250815
[2025-09-21 01:28:38.215] WARN  [MultiTableRepo.sms] Table does not exist: sms_shard_01.sms_20250816
[2025-09-21 01:28:38.223] WARN  [MultiTableRepo.sms] Table does not exist: sms_shard_01.sms_20250817
[2025-09-21 01:28:38.224] WARN  [MultiTableRepo.sms] Table does not exist: sms_shard_01.sms_20250818
[2025-09-21 01:28:38.225] WARN  [MultiTableRepo.sms] Table does not exist: sms_shard_01.sms_20250819
[2025-09-21 01:28:38.227] WARN  [MultiTableRepo.sms] Table does not exist: sms_shard_01.sms_20250820
[2025-09-21 01:28:38.228] WARN  [MultiTableRepo.sms] Table does not exist: sms_shard_01.sms_20250821
[2025-09-21 01:28:38.229] WARN  [MultiTableRepo.sms] Table does not exist: sms_shard_01.sms_20250822
[2025-09-21 01:28:38.230] WARN  [MultiTableRepo.sms] Table does not exist: sms_shard_01.sms_20250823
[2025-09-21 01:28:38.233] WARN  [MultiTableRepo.sms] Table does not exist: sms_shard_01.sms_20250824
[2025-09-21 01:28:38.234] WARN  [MultiTableRepo.sms] Table does not exist: sms_shard_01.sms_20250825
[2025-09-21 01:28:38.236] WARN  [MultiTableRepo.sms] Table does not exist: sms_shard_01.sms_20250826
[2025-09-21 01:28:38.239] WARN  [MultiTableRepo.sms] Table does not exist: sms_shard_01.sms_20250827
[2025-09-21 01:28:38.240] WARN  [MultiTableRepo.sms] Table does not exist: sms_shard_01.sms_20250828
[2025-09-21 01:28:38.245] WARN  [MultiTableRepo.sms] Table does not exist: sms_shard_01.sms_20250829
[2025-09-21 01:28:38.247] WARN  [MultiTableRepo.sms] Table does not exist: sms_shard_01.sms_20250830
[2025-09-21 01:28:38.248] WARN  [MultiTableRepo.sms] Table does not exist: sms_shard_01.sms_20250831
[2025-09-21 01:28:38.249] WARN  [MultiTableRepo.sms] Table does not exist: sms_shard_01.sms_20250901
[2025-09-21 01:28:38.250] WARN  [MultiTableRepo.sms] Table does not exist: sms_shard_01.sms_20250902
[2025-09-21 01:28:38.252] WARN  [MultiTableRepo.sms] Table does not exist: sms_shard_01.sms_20250903
[2025-09-21 01:28:38.253] WARN  [MultiTableRepo.sms] Table does not exist: sms_shard_01.sms_20250904
[2025-09-21 01:28:38.258] WARN  [MultiTableRepo.sms] Table does not exist: sms_shard_01.sms_20250905
[2025-09-21 01:28:38.285] WARN  [MultiTableRepo.sms] Table does not exist: sms_shard_01.sms_20250815
[2025-09-21 01:28:38.286] WARN  [MultiTableRepo.sms] Table does not exist: sms_shard_01.sms_20250816
[2025-09-21 01:28:38.287] WARN  [MultiTableRepo.sms] Table does not exist: sms_shard_01.sms_20250817
[2025-09-21 01:28:38.287] WARN  [MultiTableRepo.sms] Table does not exist: sms_shard_01.sms_20250818
[2025-09-21 01:28:38.288] WARN  [MultiTableRepo.sms] Table does not exist: sms_shard_01.sms_20250819
[2025-09-21 01:28:38.289] WARN  [MultiTableRepo.sms] Table does not exist: sms_shard_01.sms_20250820
[2025-09-21 01:28:38.290] WARN  [MultiTableRepo.sms] Table does not exist: sms_shard_01.sms_20250821
[2025-09-21 01:28:38.291] WARN  [MultiTableRepo.sms] Table does not exist: sms_shard_01.sms_20250822
[2025-09-21 01:28:38.292] WARN  [MultiTableRepo.sms] Table does not exist: sms_shard_01.sms_20250823
[2025-09-21 01:28:38.293] WARN  [MultiTableRepo.sms] Table does not exist: sms_shard_01.sms_20250824
[2025-09-21 01:28:38.293] WARN  [MultiTableRepo.sms] Table does not exist: sms_shard_01.sms_20250825
[2025-09-21 01:28:38.294] WARN  [MultiTableRepo.sms] Table does not exist: sms_shard_01.sms_20250826
[2025-09-21 01:28:38.295] WARN  [MultiTableRepo.sms] Table does not exist: sms_shard_01.sms_20250827
[2025-09-21 01:28:38.296] WARN  [MultiTableRepo.sms] Table does not exist: sms_shard_01.sms_20250828
[2025-09-21 01:28:38.297] WARN  [MultiTableRepo.sms] Table does not exist: sms_shard_01.sms_20250829
[2025-09-21 01:28:38.298] WARN  [MultiTableRepo.sms] Table does not exist: sms_shard_01.sms_20250830
[2025-09-21 01:28:38.299] WARN  [MultiTableRepo.sms] Table does not exist: sms_shard_01.sms_20250831
[2025-09-21 01:28:38.299] WARN  [MultiTableRepo.sms] Table does not exist: sms_shard_01.sms_20250901
[2025-09-21 01:28:38.300] WARN  [MultiTableRepo.sms] Table does not exist: sms_shard_01.sms_20250902
[2025-09-21 01:28:38.301] WARN  [MultiTableRepo.sms] Table does not exist: sms_shard_01.sms_20250903
[2025-09-21 01:28:38.302] WARN  [MultiTableRepo.sms] Table does not exist: sms_shard_01.sms_20250904
[2025-09-21 01:28:38.303] WARN  [MultiTableRepo.sms] Table does not exist: sms_shard_01.sms_20250905
[2025-09-21 01:28:38.324] WARN  [MultiTableRepo.sms] Table does not exist: sms_shard_01.sms_20250819
[2025-09-21 01:28:38.324] WARN  [MultiTableRepo.sms] Table does not exist: sms_shard_01.sms_20250820
[2025-09-21 01:28:38.325] WARN  [MultiTableRepo.sms] Table does not exist: sms_shard_01.sms_20250821
[2025-09-21 01:28:38.326] WARN  [MultiTableRepo.sms] Table does not exist: sms_shard_01.sms_20250822
[2025-09-21 01:28:38.327] WARN  [MultiTableRepo.sms] Table does not exist: sms_shard_01.sms_20250823
[2025-09-21 01:28:38.328] WARN  [MultiTableRepo.sms] Table does not exist: sms_shard_01.sms_20250824
[2025-09-21 01:28:38.329] WARN  [MultiTableRepo.sms] Table does not exist: sms_shard_01.sms_20250825
[2025-09-21 01:28:38.330] WARN  [MultiTableRepo.sms] Table does not exist: sms_shard_01.sms_20250826
[2025-09-21 01:28:38.331] WARN  [MultiTableRepo.sms] Table does not exist: sms_shard_01.sms_20250827
[2025-09-21 01:28:38.332] WARN  [MultiTableRepo.sms] Table does not exist: sms_shard_01.sms_20250828
[2025-09-21 01:28:38.333] WARN  [MultiTableRepo.sms] Table does not exist: sms_shard_01.sms_20250829
[2025-09-21 01:28:38.334] WARN  [MultiTableRepo.sms] Table does not exist: sms_shard_01.sms_20250830
[2025-09-21 01:28:38.335] WARN  [MultiTableRepo.sms] Table does not exist: sms_shard_01.sms_20250831
[2025-09-21 01:28:38.336] WARN  [MultiTableRepo.sms] Table does not exist: sms_shard_01.sms_20250901
[2025-09-21 01:28:38.337] WARN  [MultiTableRepo.sms] Table does not exist: sms_shard_01.sms_20250902
[2025-09-21 01:28:38.338] WARN  [MultiTableRepo.sms] Table does not exist: sms_shard_01.sms_20250903
[2025-09-21 01:28:38.339] WARN  [MultiTableRepo.sms] Table does not exist: sms_shard_01.sms_20250904
[2025-09-21 01:28:38.340] WARN  [MultiTableRepo.sms] Table does not exist: sms_shard_01.sms_20250905
[2025-09-21 01:28:38.483] WARN  [MultiTableRepo.sms] Table does not exist: sms_shard_01.sms_20250819
[2025-09-21 01:28:38.484] WARN  [MultiTableRepo.sms] Table does not exist: sms_shard_01.sms_20250820
[2025-09-21 01:28:38.485] WARN  [MultiTableRepo.sms] Table does not exist: sms_shard_01.sms_20250821
[2025-09-21 01:28:38.486] WARN  [MultiTableRepo.sms] Table does not exist: sms_shard_01.sms_20250822
[2025-09-21 01:28:38.487] WARN  [MultiTableRepo.sms] Table does not exist: sms_shard_01.sms_20250823
[2025-09-21 01:28:38.488] WARN  [MultiTableRepo.sms] Table does not exist: sms_shard_01.sms_20250824
[2025-09-21 01:28:38.489] WARN  [MultiTableRepo.sms] Table does not exist: sms_shard_01.sms_20250825
[2025-09-21 01:28:38.492] WARN  [MultiTableRepo.sms] Table does not exist: sms_shard_01.sms_20250826
[2025-09-21 01:28:38.493] WARN  [MultiTableRepo.sms] Table does not exist: sms_shard_01.sms_20250827
[2025-09-21 01:28:38.494] WARN  [MultiTableRepo.sms] Table does not exist: sms_shard_01.sms_20250828
[2025-09-21 01:28:38.495] WARN  [MultiTableRepo.sms] Table does not exist: sms_shard_01.sms_20250829
[2025-09-21 01:28:38.496] WARN  [MultiTableRepo.sms] Table does not exist: sms_shard_01.sms_20250830
[2025-09-21 01:28:38.496] WARN  [MultiTableRepo.sms] Table does not exist: sms_shard_01.sms_20250831
[2025-09-21 01:28:38.497] WARN  [MultiTableRepo.sms] Table does not exist: sms_shard_01.sms_20250901
[2025-09-21 01:28:38.498] WARN  [MultiTableRepo.sms] Table does not exist: sms_shard_01.sms_20250902
[2025-09-21 01:28:38.499] WARN  [MultiTableRepo.sms] Table does not exist: sms_shard_01.sms_20250903
[2025-09-21 01:28:38.500] WARN  [MultiTableRepo.sms] Table does not exist: sms_shard_01.sms_20250904
[2025-09-21 01:28:38.501] WARN  [MultiTableRepo.sms] Table does not exist: sms_shard_01.sms_20250905
[2025-09-21 01:28:38.558] WARN  [MultiTableRepo.sms] Table does not exist: sms_shard_01.sms_20250820
[2025-09-21 01:28:38.559] WARN  [MultiTableRepo.sms] Table does not exist: sms_shard_01.sms_20250821
[2025-09-21 01:28:38.560] WARN  [MultiTableRepo.sms] Table does not exist: sms_shard_01.sms_20250822
[2025-09-21 01:28:38.561] WARN  [MultiTableRepo.sms] Table does not exist: sms_shard_01.sms_20250823
[2025-09-21 01:28:38.562] WARN  [MultiTableRepo.sms] Table does not exist: sms_shard_01.sms_20250824
[2025-09-21 01:28:38.563] WARN  [MultiTableRepo.sms] Table does not exist: sms_shard_01.sms_20250825
[2025-09-21 01:28:38.564] WARN  [MultiTableRepo.sms] Table does not exist: sms_shard_01.sms_20250826
[2025-09-21 01:28:38.565] WARN  [MultiTableRepo.sms] Table does not exist: sms_shard_01.sms_20250827
[2025-09-21 01:28:38.567] WARN  [MultiTableRepo.sms] Table does not exist: sms_shard_01.sms_20250828
[2025-09-21 01:28:38.568] WARN  [MultiTableRepo.sms] Table does not exist: sms_shard_01.sms_20250829
[2025-09-21 01:28:38.569] WARN  [MultiTableRepo.sms] Table does not exist: sms_shard_01.sms_20250830
[2025-09-21 01:28:38.571] WARN  [MultiTableRepo.sms] Table does not exist: sms_shard_01.sms_20250831
[2025-09-21 01:28:38.572] WARN  [MultiTableRepo.sms] Table does not exist: sms_shard_01.sms_20250901
[2025-09-21 01:28:38.573] WARN  [MultiTableRepo.sms] Table does not exist: sms_shard_01.sms_20250902
[2025-09-21 01:28:38.574] WARN  [MultiTableRepo.sms] Table does not exist: sms_shard_01.sms_20250903
[2025-09-21 01:28:38.575] WARN  [MultiTableRepo.sms] Table does not exist: sms_shard_01.sms_20250904
[2025-09-21 01:28:38.576] WARN  [MultiTableRepo.sms] Table does not exist: sms_shard_01.sms_20250905
[2025-09-21 01:28:38.643] WARN  [MultiTableRepo.sms] Table does not exist: sms_shard_01.sms_20250818
[2025-09-21 01:28:38.643] WARN  [MultiTableRepo.sms] Table does not exist: sms_shard_01.sms_20250819
[2025-09-21 01:28:38.644] WARN  [MultiTableRepo.sms] Table does not exist: sms_shard_01.sms_20250820
[2025-09-21 01:28:38.645] WARN  [MultiTableRepo.sms] Table does not exist: sms_shard_01.sms_20250821
[2025-09-21 01:28:38.646] WARN  [MultiTableRepo.sms] Table does not exist: sms_shard_01.sms_20250822
[2025-09-21 01:28:38.647] WARN  [MultiTableRepo.sms] Table does not exist: sms_shard_01.sms_20250823
[2025-09-21 01:28:38.648] WARN  [MultiTableRepo.sms] Table does not exist: sms_shard_01.sms_20250824
[2025-09-21 01:28:38.648] WARN  [MultiTableRepo.sms] Table does not exist: sms_shard_01.sms_20250825
[2025-09-21 01:28:38.649] WARN  [MultiTableRepo.sms] Table does not exist: sms_shard_01.sms_20250826
[2025-09-21 01:28:38.650] WARN  [MultiTableRepo.sms] Table does not exist: sms_shard_01.sms_20250827
[2025-09-21 01:28:38.651] WARN  [MultiTableRepo.sms] Table does not exist: sms_shard_01.sms_20250828
[2025-09-21 01:28:38.652] WARN  [MultiTableRepo.sms] Table does not exist: sms_shard_01.sms_20250829
[2025-09-21 01:28:38.652] WARN  [MultiTableRepo.sms] Table does not exist: sms_shard_01.sms_20250830
[2025-09-21 01:28:38.653] WARN  [MultiTableRepo.sms] Table does not exist: sms_shard_01.sms_20250831
[2025-09-21 01:28:38.654] WARN  [MultiTableRepo.sms] Table does not exist: sms_shard_01.sms_20250901
[2025-09-21 01:28:38.655] WARN  [MultiTableRepo.sms] Table does not exist: sms_shard_01.sms_20250902
[2025-09-21 01:28:38.655] WARN  [MultiTableRepo.sms] Table does not exist: sms_shard_01.sms_20250903
[2025-09-21 01:28:38.656] WARN  [MultiTableRepo.sms] Table does not exist: sms_shard_01.sms_20250904
[2025-09-21 01:28:38.657] WARN  [MultiTableRepo.sms] Table does not exist: sms_shard_01.sms_20250905
[2025-09-21 01:28:38.748] WARN  [MultiTableRepo.sms] Table does not exist: sms_shard_01.sms_20250820
[2025-09-21 01:28:38.750] WARN  [MultiTableRepo.sms] Table does not exist: sms_shard_01.sms_20250821
[2025-09-21 01:28:38.751] WARN  [MultiTableRepo.sms] Table does not exist: sms_shard_01.sms_20250822
[2025-09-21 01:28:38.752] WARN  [MultiTableRepo.sms] Table does not exist: sms_shard_01.sms_20250823
[2025-09-21 01:28:38.753] WARN  [MultiTableRepo.sms] Table does not exist: sms_shard_01.sms_20250824
[2025-09-21 01:28:38.754] WARN  [MultiTableRepo.sms] Table does not exist: sms_shard_01.sms_20250825
[2025-09-21 01:28:38.755] WARN  [MultiTableRepo.sms] Table does not exist: sms_shard_01.sms_20250826
[2025-09-21 01:28:38.756] WARN  [MultiTableRepo.sms] Table does not exist: sms_shard_01.sms_20250827
[2025-09-21 01:28:38.757] WARN  [MultiTableRepo.sms] Table does not exist: sms_shard_01.sms_20250828
[2025-09-21 01:28:38.757] WARN  [MultiTableRepo.sms] Table does not exist: sms_shard_01.sms_20250829
[2025-09-21 01:28:38.758] WARN  [MultiTableRepo.sms] Table does not exist: sms_shard_01.sms_20250830
[2025-09-21 01:28:38.759] WARN  [MultiTableRepo.sms] Table does not exist: sms_shard_01.sms_20250831
[2025-09-21 01:28:38.760] WARN  [MultiTableRepo.sms] Table does not exist: sms_shard_01.sms_20250901
[2025-09-21 01:28:38.761] WARN  [MultiTableRepo.sms] Table does not exist: sms_shard_01.sms_20250902
[2025-09-21 01:28:38.762] WARN  [MultiTableRepo.sms] Table does not exist: sms_shard_01.sms_20250903
[2025-09-21 01:28:38.763] WARN  [MultiTableRepo.sms] Table does not exist: sms_shard_01.sms_20250904
[2025-09-21 01:28:38.764] WARN  [MultiTableRepo.sms] Table does not exist: sms_shard_01.sms_20250905
[2025-09-21 01:28:38.800] WARN  [MultiTableRepo.sms] Table does not exist: sms_shard_01.sms_20250818
[2025-09-21 01:28:38.801] WARN  [MultiTableRepo.sms] Table does not exist: sms_shard_01.sms_20250819
[2025-09-21 01:28:38.802] WARN  [MultiTableRepo.sms] Table does not exist: sms_shard_01.sms_20250820
[2025-09-21 01:28:38.802] WARN  [MultiTableRepo.sms] Table does not exist: sms_shard_01.sms_20250821
[2025-09-21 01:28:38.803] WARN  [MultiTableRepo.sms] Table does not exist: sms_shard_01.sms_20250822
[2025-09-21 01:28:38.804] WARN  [MultiTableRepo.sms] Table does not exist: sms_shard_01.sms_20250823
[2025-09-21 01:28:38.805] WARN  [MultiTableRepo.sms] Table does not exist: sms_shard_01.sms_20250824
[2025-09-21 01:28:38.806] WARN  [MultiTableRepo.sms] Table does not exist: sms_shard_01.sms_20250825
[2025-09-21 01:28:38.806] WARN  [MultiTableRepo.sms] Table does not exist: sms_shard_01.sms_20250826
[2025-09-21 01:28:38.807] WARN  [MultiTableRepo.sms] Table does not exist: sms_shard_01.sms_20250827
[2025-09-21 01:28:38.808] WARN  [MultiTableRepo.sms] Table does not exist: sms_shard_01.sms_20250828
[2025-09-21 01:28:38.809] WARN  [MultiTableRepo.sms] Table does not exist: sms_shard_01.sms_20250829
[2025-09-21 01:28:38.810] WARN  [MultiTableRepo.sms] Table does not exist: sms_shard_01.sms_20250830
[2025-09-21 01:28:38.810] WARN  [MultiTableRepo.sms] Table does not exist: sms_shard_01.sms_20250831
[2025-09-21 01:28:38.811] WARN  [MultiTableRepo.sms] Table does not exist: sms_shard_01.sms_20250901
[2025-09-21 01:28:38.812] WARN  [MultiTableRepo.sms] Table does not exist: sms_shard_01.sms_20250902
[2025-09-21 01:28:38.813] WARN  [MultiTableRepo.sms] Table does not exist: sms_shard_01.sms_20250903
[2025-09-21 01:28:38.814] WARN  [MultiTableRepo.sms] Table does not exist: sms_shard_01.sms_20250904
[2025-09-21 01:28:38.815] WARN  [MultiTableRepo.sms] Table does not exist: sms_shard_01.sms_20250905
[2025-09-21 01:28:38.882] WARN  [MultiTableRepo.sms] Table does not exist: sms_shard_01.sms_20250820
[2025-09-21 01:28:38.883] WARN  [MultiTableRepo.sms] Table does not exist: sms_shard_01.sms_20250821
[2025-09-21 01:28:38.884] WARN  [MultiTableRepo.sms] Table does not exist: sms_shard_01.sms_20250822
[2025-09-21 01:28:38.885] WARN  [MultiTableRepo.sms] Table does not exist: sms_shard_01.sms_20250823
[2025-09-21 01:28:38.885] WARN  [MultiTableRepo.sms] Table does not exist: sms_shard_01.sms_20250824
[2025-09-21 01:28:38.886] WARN  [MultiTableRepo.sms] Table does not exist: sms_shard_01.sms_20250825
[2025-09-21 01:28:38.887] WARN  [MultiTableRepo.sms] Table does not exist: sms_shard_01.sms_20250826
[2025-09-21 01:28:38.888] WARN  [MultiTableRepo.sms] Table does not exist: sms_shard_01.sms_20250827
[2025-09-21 01:28:38.889] WARN  [MultiTableRepo.sms] Table does not exist: sms_shard_01.sms_20250828
[2025-09-21 01:28:38.889] WARN  [MultiTableRepo.sms] Table does not exist: sms_shard_01.sms_20250829
[2025-09-21 01:28:38.890] WARN  [MultiTableRepo.sms] Table does not exist: sms_shard_01.sms_20250830
[2025-09-21 01:28:38.891] WARN  [MultiTableRepo.sms] Table does not exist: sms_shard_01.sms_20250831
[2025-09-21 01:28:38.892] WARN  [MultiTableRepo.sms] Table does not exist: sms_shard_01.sms_20250901
[2025-09-21 01:28:38.894] WARN  [MultiTableRepo.sms] Table does not exist: sms_shard_01.sms_20250902
[2025-09-21 01:28:38.895] WARN  [MultiTableRepo.sms] Table does not exist: sms_shard_01.sms_20250903
[2025-09-21 01:28:38.896] WARN  [MultiTableRepo.sms] Table does not exist: sms_shard_01.sms_20250904
[2025-09-21 01:28:38.897] WARN  [MultiTableRepo.sms] Table does not exist: sms_shard_01.sms_20250905
[2025-09-21 01:28:39.097] WARN  [MultiTableRepo.sms] Table does not exist: sms_shard_01.sms_20250821
[2025-09-21 01:28:39.098] WARN  [MultiTableRepo.sms] Table does not exist: sms_shard_01.sms_20250822
[2025-09-21 01:28:39.099] WARN  [MultiTableRepo.sms] Table does not exist: sms_shard_01.sms_20250823
[2025-09-21 01:28:39.099] WARN  [MultiTableRepo.sms] Table does not exist: sms_shard_01.sms_20250824
[2025-09-21 01:28:39.100] WARN  [MultiTableRepo.sms] Table does not exist: sms_shard_01.sms_20250825
[2025-09-21 01:28:39.101] WARN  [MultiTableRepo.sms] Table does not exist: sms_shard_01.sms_20250826
[2025-09-21 01:28:39.102] WARN  [MultiTableRepo.sms] Table does not exist: sms_shard_01.sms_20250827
[2025-09-21 01:28:39.103] WARN  [MultiTableRepo.sms] Table does not exist: sms_shard_01.sms_20250828
[2025-09-21 01:28:39.104] WARN  [MultiTableRepo.sms] Table does not exist: sms_shard_01.sms_20250829
[2025-09-21 01:28:39.105] WARN  [MultiTableRepo.sms] Table does not exist: sms_shard_01.sms_20250830
[2025-09-21 01:28:39.109] WARN  [MultiTableRepo.sms] Table does not exist: sms_shard_01.sms_20250831
[2025-09-21 01:28:39.110] WARN  [MultiTableRepo.sms] Table does not exist: sms_shard_01.sms_20250901
[2025-09-21 01:28:39.111] WARN  [MultiTableRepo.sms] Table does not exist: sms_shard_01.sms_20250902
[2025-09-21 01:28:39.112] WARN  [MultiTableRepo.sms] Table does not exist: sms_shard_01.sms_20250903
[2025-09-21 01:28:39.113] WARN  [MultiTableRepo.sms] Table does not exist: sms_shard_01.sms_20250904
[2025-09-21 01:28:39.114] WARN  [MultiTableRepo.sms] Table does not exist: sms_shard_01.sms_20250905
[2025-09-21 01:28:39.287] WARN  [MultiTableRepo.sms] Table does not exist: sms_shard_01.sms_20250815
[2025-09-21 01:28:39.288] WARN  [MultiTableRepo.sms] Table does not exist: sms_shard_01.sms_20250816
[2025-09-21 01:28:39.289] WARN  [MultiTableRepo.sms] Table does not exist: sms_shard_01.sms_20250817
[2025-09-21 01:28:39.290] WARN  [MultiTableRepo.sms] Table does not exist: sms_shard_01.sms_20250818
[2025-09-21 01:28:39.291] WARN  [MultiTableRepo.sms] Table does not exist: sms_shard_01.sms_20250819
[2025-09-21 01:28:39.292] WARN  [MultiTableRepo.sms] Table does not exist: sms_shard_01.sms_20250820
[2025-09-21 01:28:39.293] WARN  [MultiTableRepo.sms] Table does not exist: sms_shard_01.sms_20250821
[2025-09-21 01:28:39.297] WARN  [MultiTableRepo.sms] Table does not exist: sms_shard_01.sms_20250822
[2025-09-21 01:28:39.298] WARN  [MultiTableRepo.sms] Table does not exist: sms_shard_01.sms_20250823
[2025-09-21 01:28:39.299] WARN  [MultiTableRepo.sms] Table does not exist: sms_shard_01.sms_20250824
[2025-09-21 01:28:39.300] WARN  [MultiTableRepo.sms] Table does not exist: sms_shard_01.sms_20250825
[2025-09-21 01:28:39.301] WARN  [MultiTableRepo.sms] Table does not exist: sms_shard_01.sms_20250826
[2025-09-21 01:28:39.302] WARN  [MultiTableRepo.sms] Table does not exist: sms_shard_01.sms_20250827
[2025-09-21 01:28:39.303] WARN  [MultiTableRepo.sms] Table does not exist: sms_shard_01.sms_20250828
[2025-09-21 01:28:39.304] WARN  [MultiTableRepo.sms] Table does not exist: sms_shard_01.sms_20250829
[2025-09-21 01:28:39.305] WARN  [MultiTableRepo.sms] Table does not exist: sms_shard_01.sms_20250830
[2025-09-21 01:28:39.306] WARN  [MultiTableRepo.sms] Table does not exist: sms_shard_01.sms_20250831
[2025-09-21 01:28:39.307] WARN  [MultiTableRepo.sms] Table does not exist: sms_shard_01.sms_20250901
[2025-09-21 01:28:39.308] WARN  [MultiTableRepo.sms] Table does not exist: sms_shard_01.sms_20250902
[2025-09-21 01:28:39.309] WARN  [MultiTableRepo.sms] Table does not exist: sms_shard_01.sms_20250903
[2025-09-21 01:28:39.310] WARN  [MultiTableRepo.sms] Table does not exist: sms_shard_01.sms_20250904
[2025-09-21 01:28:39.311] WARN  [MultiTableRepo.sms] Table does not exist: sms_shard_01.sms_20250905
[2025-09-21 01:28:39.338] WARN  [MultiTableRepo.sms] Table does not exist: sms_shard_01.sms_20250816
[2025-09-21 01:28:39.339] WARN  [MultiTableRepo.sms] Table does not exist: sms_shard_01.sms_20250817
[2025-09-21 01:28:39.340] WARN  [MultiTableRepo.sms] Table does not exist: sms_shard_01.sms_20250818
[2025-09-21 01:28:39.341] WARN  [MultiTableRepo.sms] Table does not exist: sms_shard_01.sms_20250819
[2025-09-21 01:28:39.342] WARN  [MultiTableRepo.sms] Table does not exist: sms_shard_01.sms_20250820
[2025-09-21 01:28:39.343] WARN  [MultiTableRepo.sms] Table does not exist: sms_shard_01.sms_20250821
[2025-09-21 01:28:39.344] WARN  [MultiTableRepo.sms] Table does not exist: sms_shard_01.sms_20250822
[2025-09-21 01:28:39.345] WARN  [MultiTableRepo.sms] Table does not exist: sms_shard_01.sms_20250823
[2025-09-21 01:28:39.346] WARN  [MultiTableRepo.sms] Table does not exist: sms_shard_01.sms_20250824
[2025-09-21 01:28:39.347] WARN  [MultiTableRepo.sms] Table does not exist: sms_shard_01.sms_20250825
[2025-09-21 01:28:39.348] WARN  [MultiTableRepo.sms] Table does not exist: sms_shard_01.sms_20250826
[2025-09-21 01:28:39.349] WARN  [MultiTableRepo.sms] Table does not exist: sms_shard_01.sms_20250827
[2025-09-21 01:28:39.349] WARN  [MultiTableRepo.sms] Table does not exist: sms_shard_01.sms_20250828
[2025-09-21 01:28:39.350] WARN  [MultiTableRepo.sms] Table does not exist: sms_shard_01.sms_20250829
[2025-09-21 01:28:39.351] WARN  [MultiTableRepo.sms] Table does not exist: sms_shard_01.sms_20250830
[2025-09-21 01:28:39.352] WARN  [MultiTableRepo.sms] Table does not exist: sms_shard_01.sms_20250831
[2025-09-21 01:28:39.353] WARN  [MultiTableRepo.sms] Table does not exist: sms_shard_01.sms_20250901
[2025-09-21 01:28:39.354] WARN  [MultiTableRepo.sms] Table does not exist: sms_shard_01.sms_20250902
[2025-09-21 01:28:39.354] WARN  [MultiTableRepo.sms] Table does not exist: sms_shard_01.sms_20250903
[2025-09-21 01:28:39.355] WARN  [MultiTableRepo.sms] Table does not exist: sms_shard_01.sms_20250904
[2025-09-21 01:28:39.356] WARN  [MultiTableRepo.sms] Table does not exist: sms_shard_01.sms_20250905
[2025-09-21 01:28:39.471] WARN  [MultiTableRepo.sms] Table does not exist: sms_shard_01.sms_20250815
[2025-09-21 01:28:39.472] WARN  [MultiTableRepo.sms] Table does not exist: sms_shard_01.sms_20250816
[2025-09-21 01:28:39.473] WARN  [MultiTableRepo.sms] Table does not exist: sms_shard_01.sms_20250817
[2025-09-21 01:28:39.474] WARN  [MultiTableRepo.sms] Table does not exist: sms_shard_01.sms_20250818
[2025-09-21 01:28:39.475] WARN  [MultiTableRepo.sms] Table does not exist: sms_shard_01.sms_20250819
[2025-09-21 01:28:39.476] WARN  [MultiTableRepo.sms] Table does not exist: sms_shard_01.sms_20250820
[2025-09-21 01:28:39.479] WARN  [MultiTableRepo.sms] Table does not exist: sms_shard_01.sms_20250821
[2025-09-21 01:28:39.480] WARN  [MultiTableRepo.sms] Table does not exist: sms_shard_01.sms_20250822
[2025-09-21 01:28:39.481] WARN  [MultiTableRepo.sms] Table does not exist: sms_shard_01.sms_20250823
[2025-09-21 01:28:39.482] WARN  [MultiTableRepo.sms] Table does not exist: sms_shard_01.sms_20250824
[2025-09-21 01:28:39.483] WARN  [MultiTableRepo.sms] Table does not exist: sms_shard_01.sms_20250825
[2025-09-21 01:28:39.484] WARN  [MultiTableRepo.sms] Table does not exist: sms_shard_01.sms_20250826
[2025-09-21 01:28:39.485] WARN  [MultiTableRepo.sms] Table does not exist: sms_shard_01.sms_20250827
[2025-09-21 01:28:39.486] WARN  [MultiTableRepo.sms] Table does not exist: sms_shard_01.sms_20250828
[2025-09-21 01:28:39.487] WARN  [MultiTableRepo.sms] Table does not exist: sms_shard_01.sms_20250829
[2025-09-21 01:28:39.490] WARN  [MultiTableRepo.sms] Table does not exist: sms_shard_01.sms_20250830
[2025-09-21 01:28:39.491] WARN  [MultiTableRepo.sms] Table does not exist: sms_shard_01.sms_20250831
[2025-09-21 01:28:39.492] WARN  [MultiTableRepo.sms] Table does not exist: sms_shard_01.sms_20250901
[2025-09-21 01:28:39.493] WARN  [MultiTableRepo.sms] Table does not exist: sms_shard_01.sms_20250902
[2025-09-21 01:28:39.494] WARN  [MultiTableRepo.sms] Table does not exist: sms_shard_01.sms_20250903
[2025-09-21 01:28:39.495] WARN  [MultiTableRepo.sms] Table does not exist: sms_shard_01.sms_20250904
[2025-09-21 01:28:39.496] WARN  [MultiTableRepo.sms] Table does not exist: sms_shard_01.sms_20250905
[2025-09-21 01:28:39.580] WARN  [MultiTableRepo.sms] Table does not exist: sms_shard_01.sms_20250816
[2025-09-21 01:28:39.581] WARN  [MultiTableRepo.sms] Table does not exist: sms_shard_01.sms_20250817
[2025-09-21 01:28:39.582] WARN  [MultiTableRepo.sms] Table does not exist: sms_shard_01.sms_20250818
[2025-09-21 01:28:39.582] WARN  [MultiTableRepo.sms] Table does not exist: sms_shard_01.sms_20250819
[2025-09-21 01:28:39.583] WARN  [MultiTableRepo.sms] Table does not exist: sms_shard_01.sms_20250820
[2025-09-21 01:28:39.584] WARN  [MultiTableRepo.sms] Table does not exist: sms_shard_01.sms_20250821
[2025-09-21 01:28:39.585] WARN  [MultiTableRepo.sms] Table does not exist: sms_shard_01.sms_20250822
[2025-09-21 01:28:39.585] WARN  [MultiTableRepo.sms] Table does not exist: sms_shard_01.sms_20250823
[2025-09-21 01:28:39.586] WARN  [MultiTableRepo.sms] Table does not exist: sms_shard_01.sms_20250824
[2025-09-21 01:28:39.587] WARN  [MultiTableRepo.sms] Table does not exist: sms_shard_01.sms_20250825
[2025-09-21 01:28:39.588] WARN  [MultiTableRepo.sms] Table does not exist: sms_shard_01.sms_20250826
[2025-09-21 01:28:39.588] WARN  [MultiTableRepo.sms] Table does not exist: sms_shard_01.sms_20250827
[2025-09-21 01:28:39.589] WARN  [MultiTableRepo.sms] Table does not exist: sms_shard_01.sms_20250828
[2025-09-21 01:28:39.590] WARN  [MultiTableRepo.sms] Table does not exist: sms_shard_01.sms_20250829
[2025-09-21 01:28:39.590] WARN  [MultiTableRepo.sms] Table does not exist: sms_shard_01.sms_20250830
[2025-09-21 01:28:39.591] WARN  [MultiTableRepo.sms] Table does not exist: sms_shard_01.sms_20250831
[2025-09-21 01:28:39.592] WARN  [MultiTableRepo.sms] Table does not exist: sms_shard_01.sms_20250901
[2025-09-21 01:28:39.593] WARN  [MultiTableRepo.sms] Table does not exist: sms_shard_01.sms_20250902
[2025-09-21 01:28:39.593] WARN  [MultiTableRepo.sms] Table does not exist: sms_shard_01.sms_20250903
[2025-09-21 01:28:39.594] WARN  [MultiTableRepo.sms] Table does not exist: sms_shard_01.sms_20250904
[2025-09-21 01:28:39.595] WARN  [MultiTableRepo.sms] Table does not exist: sms_shard_01.sms_20250905
[2025-09-21 01:28:39.617] WARN  [MultiTableRepo.sms] Table does not exist: sms_shard_01.sms_20250816
[2025-09-21 01:28:39.618] WARN  [MultiTableRepo.sms] Table does not exist: sms_shard_01.sms_20250817
[2025-09-21 01:28:39.618] WARN  [MultiTableRepo.sms] Table does not exist: sms_shard_01.sms_20250818
[2025-09-21 01:28:39.619] WARN  [MultiTableRepo.sms] Table does not exist: sms_shard_01.sms_20250819
[2025-09-21 01:28:39.620] WARN  [MultiTableRepo.sms] Table does not exist: sms_shard_01.sms_20250820
[2025-09-21 01:28:39.621] WARN  [MultiTableRepo.sms] Table does not exist: sms_shard_01.sms_20250821
[2025-09-21 01:28:39.622] WARN  [MultiTableRepo.sms] Table does not exist: sms_shard_01.sms_20250822
[2025-09-21 01:28:39.623] WARN  [MultiTableRepo.sms] Table does not exist: sms_shard_01.sms_20250823
[2025-09-21 01:28:39.624] WARN  [MultiTableRepo.sms] Table does not exist: sms_shard_01.sms_20250824
[2025-09-21 01:28:39.625] WARN  [MultiTableRepo.sms] Table does not exist: sms_shard_01.sms_20250825
[2025-09-21 01:28:39.625] WARN  [MultiTableRepo.sms] Table does not exist: sms_shard_01.sms_20250826
[2025-09-21 01:28:39.626] WARN  [MultiTableRepo.sms] Table does not exist: sms_shard_01.sms_20250827
[2025-09-21 01:28:39.627] WARN  [MultiTableRepo.sms] Table does not exist: sms_shard_01.sms_20250828
[2025-09-21 01:28:39.628] WARN  [MultiTableRepo.sms] Table does not exist: sms_shard_01.sms_20250829
[2025-09-21 01:28:39.629] WARN  [MultiTableRepo.sms] Table does not exist: sms_shard_01.sms_20250830
[2025-09-21 01:28:39.629] WARN  [MultiTableRepo.sms] Table does not exist: sms_shard_01.sms_20250831
[2025-09-21 01:28:39.630] WARN  [MultiTableRepo.sms] Table does not exist: sms_shard_01.sms_20250901
[2025-09-21 01:28:39.631] WARN  [MultiTableRepo.sms] Table does not exist: sms_shard_01.sms_20250902
[2025-09-21 01:28:39.632] WARN  [MultiTableRepo.sms] Table does not exist: sms_shard_01.sms_20250903
[2025-09-21 01:28:39.633] WARN  [MultiTableRepo.sms] Table does not exist: sms_shard_01.sms_20250904
[2025-09-21 01:28:39.633] WARN  [MultiTableRepo.sms] Table does not exist: sms_shard_01.sms_20250905
[2025-09-21 01:28:39.703] WARN  [MultiTableRepo.sms] Table does not exist: sms_shard_01.sms_20250819
[2025-09-21 01:28:39.704] WARN  [MultiTableRepo.sms] Table does not exist: sms_shard_01.sms_20250820
[2025-09-21 01:28:39.705] WARN  [MultiTableRepo.sms] Table does not exist: sms_shard_01.sms_20250821
[2025-09-21 01:28:39.706] WARN  [MultiTableRepo.sms] Table does not exist: sms_shard_01.sms_20250822
[2025-09-21 01:28:39.707] WARN  [MultiTableRepo.sms] Table does not exist: sms_shard_01.sms_20250823
[2025-09-21 01:28:39.708] WARN  [MultiTableRepo.sms] Table does not exist: sms_shard_01.sms_20250824
[2025-09-21 01:28:39.709] WARN  [MultiTableRepo.sms] Table does not exist: sms_shard_01.sms_20250825
[2025-09-21 01:28:39.710] WARN  [MultiTableRepo.sms] Table does not exist: sms_shard_01.sms_20250826
[2025-09-21 01:28:39.711] WARN  [MultiTableRepo.sms] Table does not exist: sms_shard_01.sms_20250827
[2025-09-21 01:28:39.712] WARN  [MultiTableRepo.sms] Table does not exist: sms_shard_01.sms_20250828
[2025-09-21 01:28:39.712] WARN  [MultiTableRepo.sms] Table does not exist: sms_shard_01.sms_20250829
[2025-09-21 01:28:39.715] WARN  [MultiTableRepo.sms] Table does not exist: sms_shard_01.sms_20250830
[2025-09-21 01:28:39.717] WARN  [MultiTableRepo.sms] Table does not exist: sms_shard_01.sms_20250831
[2025-09-21 01:28:39.718] WARN  [MultiTableRepo.sms] Table does not exist: sms_shard_01.sms_20250901
[2025-09-21 01:28:39.721] WARN  [MultiTableRepo.sms] Table does not exist: sms_shard_01.sms_20250902
[2025-09-21 01:28:39.722] WARN  [MultiTableRepo.sms] Table does not exist: sms_shard_01.sms_20250903
[2025-09-21 01:28:39.723] WARN  [MultiTableRepo.sms] Table does not exist: sms_shard_01.sms_20250904
[2025-09-21 01:28:39.724] WARN  [MultiTableRepo.sms] Table does not exist: sms_shard_01.sms_20250905
[2025-09-21 01:28:39.812] WARN  [MultiTableRepo.sms] Table does not exist: sms_shard_01.sms_20250821
[2025-09-21 01:28:39.813] WARN  [MultiTableRepo.sms] Table does not exist: sms_shard_01.sms_20250822
[2025-09-21 01:28:39.814] WARN  [MultiTableRepo.sms] Table does not exist: sms_shard_01.sms_20250823
[2025-09-21 01:28:39.815] WARN  [MultiTableRepo.sms] Table does not exist: sms_shard_01.sms_20250824
[2025-09-21 01:28:39.816] WARN  [MultiTableRepo.sms] Table does not exist: sms_shard_01.sms_20250825
[2025-09-21 01:28:39.817] WARN  [MultiTableRepo.sms] Table does not exist: sms_shard_01.sms_20250826
[2025-09-21 01:28:39.818] WARN  [MultiTableRepo.sms] Table does not exist: sms_shard_01.sms_20250827
[2025-09-21 01:28:39.819] WARN  [MultiTableRepo.sms] Table does not exist: sms_shard_01.sms_20250828
[2025-09-21 01:28:39.819] WARN  [MultiTableRepo.sms] Table does not exist: sms_shard_01.sms_20250829
[2025-09-21 01:28:39.820] WARN  [MultiTableRepo.sms] Table does not exist: sms_shard_01.sms_20250830
[2025-09-21 01:28:39.821] WARN  [MultiTableRepo.sms] Table does not exist: sms_shard_01.sms_20250831
[2025-09-21 01:28:39.822] WARN  [MultiTableRepo.sms] Table does not exist: sms_shard_01.sms_20250901
[2025-09-21 01:28:39.823] WARN  [MultiTableRepo.sms] Table does not exist: sms_shard_01.sms_20250902
[2025-09-21 01:28:39.824] WARN  [MultiTableRepo.sms] Table does not exist: sms_shard_01.sms_20250903
[2025-09-21 01:28:39.825] WARN  [MultiTableRepo.sms] Table does not exist: sms_shard_01.sms_20250904
[2025-09-21 01:28:39.825] WARN  [MultiTableRepo.sms] Table does not exist: sms_shard_01.sms_20250905
[2025-09-21 01:28:39.898] WARN  [MultiTableRepo.sms] Table does not exist: sms_shard_01.sms_20250905
[2025-09-21 01:28:39.925] WARN  [MultiTableRepo.sms] Table does not exist: sms_shard_01.sms_20250815
[2025-09-21 01:28:39.926] WARN  [MultiTableRepo.sms] Table does not exist: sms_shard_01.sms_20250816
[2025-09-21 01:28:39.927] WARN  [MultiTableRepo.sms] Table does not exist: sms_shard_01.sms_20250817
[2025-09-21 01:28:39.928] WARN  [MultiTableRepo.sms] Table does not exist: sms_shard_01.sms_20250818
[2025-09-21 01:28:39.929] WARN  [MultiTableRepo.sms] Table does not exist: sms_shard_01.sms_20250819
[2025-09-21 01:28:39.930] WARN  [MultiTableRepo.sms] Table does not exist: sms_shard_01.sms_20250820
[2025-09-21 01:28:39.931] WARN  [MultiTableRepo.sms] Table does not exist: sms_shard_01.sms_20250821
[2025-09-21 01:28:39.932] WARN  [MultiTableRepo.sms] Table does not exist: sms_shard_01.sms_20250822
[2025-09-21 01:28:39.933] WARN  [MultiTableRepo.sms] Table does not exist: sms_shard_01.sms_20250823
[2025-09-21 01:28:39.936] WARN  [MultiTableRepo.sms] Table does not exist: sms_shard_01.sms_20250824
[2025-09-21 01:28:39.937] WARN  [MultiTableRepo.sms] Table does not exist: sms_shard_01.sms_20250825
[2025-09-21 01:28:39.938] WARN  [MultiTableRepo.sms] Table does not exist: sms_shard_01.sms_20250826
[2025-09-21 01:28:39.939] WARN  [MultiTableRepo.sms] Table does not exist: sms_shard_01.sms_20250827
[2025-09-21 01:28:39.940] WARN  [MultiTableRepo.sms] Table does not exist: sms_shard_01.sms_20250828
[2025-09-21 01:28:39.941] WARN  [MultiTableRepo.sms] Table does not exist: sms_shard_01.sms_20250829
[2025-09-21 01:28:39.941] WARN  [MultiTableRepo.sms] Table does not exist: sms_shard_01.sms_20250830
[2025-09-21 01:28:39.942] WARN  [MultiTableRepo.sms] Table does not exist: sms_shard_01.sms_20250831
[2025-09-21 01:28:39.943] WARN  [MultiTableRepo.sms] Table does not exist: sms_shard_01.sms_20250901
[2025-09-21 01:28:39.944] WARN  [MultiTableRepo.sms] Table does not exist: sms_shard_01.sms_20250902
[2025-09-21 01:28:39.944] WARN  [MultiTableRepo.sms] Table does not exist: sms_shard_01.sms_20250903
[2025-09-21 01:28:39.945] WARN  [MultiTableRepo.sms] Table does not exist: sms_shard_01.sms_20250904
[2025-09-21 01:28:39.946] WARN  [MultiTableRepo.sms] Table does not exist: sms_shard_01.sms_20250905
[2025-09-21 01:28:39.976] WARN  [MultiTableRepo.sms] Table does not exist: sms_shard_01.sms_20250817
[2025-09-21 01:28:39.977] WARN  [MultiTableRepo.sms] Table does not exist: sms_shard_01.sms_20250818
[2025-09-21 01:28:39.978] WARN  [MultiTableRepo.sms] Table does not exist: sms_shard_01.sms_20250819
[2025-09-21 01:28:39.980] WARN  [MultiTableRepo.sms] Table does not exist: sms_shard_01.sms_20250820
[2025-09-21 01:28:39.981] WARN  [MultiTableRepo.sms] Table does not exist: sms_shard_01.sms_20250821
[2025-09-21 01:28:39.982] WARN  [MultiTableRepo.sms] Table does not exist: sms_shard_01.sms_20250822
[2025-09-21 01:28:39.982] WARN  [MultiTableRepo.sms] Table does not exist: sms_shard_01.sms_20250823
[2025-09-21 01:28:39.983] WARN  [MultiTableRepo.sms] Table does not exist: sms_shard_01.sms_20250824
[2025-09-21 01:28:39.984] WARN  [MultiTableRepo.sms] Table does not exist: sms_shard_01.sms_20250825
[2025-09-21 01:28:39.985] WARN  [MultiTableRepo.sms] Table does not exist: sms_shard_01.sms_20250826
[2025-09-21 01:28:39.986] WARN  [MultiTableRepo.sms] Table does not exist: sms_shard_01.sms_20250827
[2025-09-21 01:28:39.987] WARN  [MultiTableRepo.sms] Table does not exist: sms_shard_01.sms_20250828
[2025-09-21 01:28:39.988] WARN  [MultiTableRepo.sms] Table does not exist: sms_shard_01.sms_20250829
[2025-09-21 01:28:39.989] WARN  [MultiTableRepo.sms] Table does not exist: sms_shard_01.sms_20250830
[2025-09-21 01:28:39.990] WARN  [MultiTableRepo.sms] Table does not exist: sms_shard_01.sms_20250831
[2025-09-21 01:28:39.991] WARN  [MultiTableRepo.sms] Table does not exist: sms_shard_01.sms_20250901
[2025-09-21 01:28:39.992] WARN  [MultiTableRepo.sms] Table does not exist: sms_shard_01.sms_20250902
[2025-09-21 01:28:39.993] WARN  [MultiTableRepo.sms] Table does not exist: sms_shard_01.sms_20250903
[2025-09-21 01:28:39.994] WARN  [MultiTableRepo.sms] Table does not exist: sms_shard_01.sms_20250904
[2025-09-21 01:28:39.995] WARN  [MultiTableRepo.sms] Table does not exist: sms_shard_01.sms_20250905
[2025-09-21 01:28:40.038] WARN  [MultiTableRepo.sms] Table does not exist: sms_shard_01.sms_20250818
[2025-09-21 01:28:40.038] WARN  [MultiTableRepo.sms] Table does not exist: sms_shard_01.sms_20250819
[2025-09-21 01:28:40.039] WARN  [MultiTableRepo.sms] Table does not exist: sms_shard_01.sms_20250820
[2025-09-21 01:28:40.040] WARN  [MultiTableRepo.sms] Table does not exist: sms_shard_01.sms_20250821
[2025-09-21 01:28:40.041] WARN  [MultiTableRepo.sms] Table does not exist: sms_shard_01.sms_20250822
[2025-09-21 01:28:40.042] WARN  [MultiTableRepo.sms] Table does not exist: sms_shard_01.sms_20250823
[2025-09-21 01:28:40.043] WARN  [MultiTableRepo.sms] Table does not exist: sms_shard_01.sms_20250824
[2025-09-21 01:28:40.044] WARN  [MultiTableRepo.sms] Table does not exist: sms_shard_01.sms_20250825
[2025-09-21 01:28:40.045] WARN  [MultiTableRepo.sms] Table does not exist: sms_shard_01.sms_20250826
[2025-09-21 01:28:40.046] WARN  [MultiTableRepo.sms] Table does not exist: sms_shard_01.sms_20250827
[2025-09-21 01:28:40.047] WARN  [MultiTableRepo.sms] Table does not exist: sms_shard_01.sms_20250828
[2025-09-21 01:28:40.047] WARN  [MultiTableRepo.sms] Table does not exist: sms_shard_01.sms_20250829
[2025-09-21 01:28:40.048] WARN  [MultiTableRepo.sms] Table does not exist: sms_shard_01.sms_20250830
[2025-09-21 01:28:40.049] WARN  [MultiTableRepo.sms] Table does not exist: sms_shard_01.sms_20250831
[2025-09-21 01:28:40.050] WARN  [MultiTableRepo.sms] Table does not exist: sms_shard_01.sms_20250901
[2025-09-21 01:28:40.051] WARN  [MultiTableRepo.sms] Table does not exist: sms_shard_01.sms_20250902
[2025-09-21 01:28:40.052] WARN  [MultiTableRepo.sms] Table does not exist: sms_shard_01.sms_20250903
[2025-09-21 01:28:40.053] WARN  [MultiTableRepo.sms] Table does not exist: sms_shard_01.sms_20250904
[2025-09-21 01:28:40.054] WARN  [MultiTableRepo.sms] Table does not exist: sms_shard_01.sms_20250905
[2025-09-21 01:28:40.131] WARN  [MultiTableRepo.sms] Table does not exist: sms_shard_01.sms_20250905
[2025-09-21 01:28:40.338] WARN  [MultiTableRepo.sms] Table does not exist: sms_shard_01.sms_20250821
[2025-09-21 01:28:40.339] WARN  [MultiTableRepo.sms] Table does not exist: sms_shard_01.sms_20250822
[2025-09-21 01:28:40.340] WARN  [MultiTableRepo.sms] Table does not exist: sms_shard_01.sms_20250823
[2025-09-21 01:28:40.341] WARN  [MultiTableRepo.sms] Table does not exist: sms_shard_01.sms_20250824
[2025-09-21 01:28:40.342] WARN  [MultiTableRepo.sms] Table does not exist: sms_shard_01.sms_20250825
[2025-09-21 01:28:40.343] WARN  [MultiTableRepo.sms] Table does not exist: sms_shard_01.sms_20250826
[2025-09-21 01:28:40.344] WARN  [MultiTableRepo.sms] Table does not exist: sms_shard_01.sms_20250827
[2025-09-21 01:28:40.345] WARN  [MultiTableRepo.sms] Table does not exist: sms_shard_01.sms_20250828
[2025-09-21 01:28:40.346] WARN  [MultiTableRepo.sms] Table does not exist: sms_shard_01.sms_20250829
[2025-09-21 01:28:40.347] WARN  [MultiTableRepo.sms] Table does not exist: sms_shard_01.sms_20250830
[2025-09-21 01:28:40.348] WARN  [MultiTableRepo.sms] Table does not exist: sms_shard_01.sms_20250831
[2025-09-21 01:28:40.349] WARN  [MultiTableRepo.sms] Table does not exist: sms_shard_01.sms_20250901
[2025-09-21 01:28:40.350] WARN  [MultiTableRepo.sms] Table does not exist: sms_shard_01.sms_20250902
[2025-09-21 01:28:40.351] WARN  [MultiTableRepo.sms] Table does not exist: sms_shard_01.sms_20250903
[2025-09-21 01:28:40.352] WARN  [MultiTableRepo.sms] Table does not exist: sms_shard_01.sms_20250904
[2025-09-21 01:28:40.353] WARN  [MultiTableRepo.sms] Table does not exist: sms_shard_01.sms_20250905
[2025-09-21 01:28:40.395] WARN  [MultiTableRepo.sms] Table does not exist: sms_shard_01.sms_20250820
[2025-09-21 01:28:40.396] WARN  [MultiTableRepo.sms] Table does not exist: sms_shard_01.sms_20250821
[2025-09-21 01:28:40.397] WARN  [MultiTableRepo.sms] Table does not exist: sms_shard_01.sms_20250822
[2025-09-21 01:28:40.398] WARN  [MultiTableRepo.sms] Table does not exist: sms_shard_01.sms_20250823
[2025-09-21 01:28:40.399] WARN  [MultiTableRepo.sms] Table does not exist: sms_shard_01.sms_20250824
[2025-09-21 01:28:40.399] WARN  [MultiTableRepo.sms] Table does not exist: sms_shard_01.sms_20250825
[2025-09-21 01:28:40.400] WARN  [MultiTableRepo.sms] Table does not exist: sms_shard_01.sms_20250826
[2025-09-21 01:28:40.401] WARN  [MultiTableRepo.sms] Table does not exist: sms_shard_01.sms_20250827
[2025-09-21 01:28:40.402] WARN  [MultiTableRepo.sms] Table does not exist: sms_shard_01.sms_20250828
[2025-09-21 01:28:40.403] WARN  [MultiTableRepo.sms] Table does not exist: sms_shard_01.sms_20250829
[2025-09-21 01:28:40.404] WARN  [MultiTableRepo.sms] Table does not exist: sms_shard_01.sms_20250830
[2025-09-21 01:28:40.405] WARN  [MultiTableRepo.sms] Table does not exist: sms_shard_01.sms_20250831
[2025-09-21 01:28:40.405] WARN  [MultiTableRepo.sms] Table does not exist: sms_shard_01.sms_20250901
[2025-09-21 01:28:40.406] WARN  [MultiTableRepo.sms] Table does not exist: sms_shard_01.sms_20250902
[2025-09-21 01:28:40.407] WARN  [MultiTableRepo.sms] Table does not exist: sms_shard_01.sms_20250903
[2025-09-21 01:28:40.408] WARN  [MultiTableRepo.sms] Table does not exist: sms_shard_01.sms_20250904
[2025-09-21 01:28:40.409] WARN  [MultiTableRepo.sms] Table does not exist: sms_shard_01.sms_20250905
[2025-09-21 01:28:40.562] WARN  [MultiTableRepo.sms] Table does not exist: sms_shard_01.sms_20250815
[2025-09-21 01:28:40.563] WARN  [MultiTableRepo.sms] Table does not exist: sms_shard_01.sms_20250816
[2025-09-21 01:28:40.564] WARN  [MultiTableRepo.sms] Table does not exist: sms_shard_01.sms_20250817
[2025-09-21 01:28:40.565] WARN  [MultiTableRepo.sms] Table does not exist: sms_shard_01.sms_20250818
[2025-09-21 01:28:40.566] WARN  [MultiTableRepo.sms] Table does not exist: sms_shard_01.sms_20250819
[2025-09-21 01:28:40.567] WARN  [MultiTableRepo.sms] Table does not exist: sms_shard_01.sms_20250820
[2025-09-21 01:28:40.567] WARN  [MultiTableRepo.sms] Table does not exist: sms_shard_01.sms_20250821
[2025-09-21 01:28:40.568] WARN  [MultiTableRepo.sms] Table does not exist: sms_shard_01.sms_20250822
[2025-09-21 01:28:40.569] WARN  [MultiTableRepo.sms] Table does not exist: sms_shard_01.sms_20250823
[2025-09-21 01:28:40.570] WARN  [MultiTableRepo.sms] Table does not exist: sms_shard_01.sms_20250824
[2025-09-21 01:28:40.571] WARN  [MultiTableRepo.sms] Table does not exist: sms_shard_01.sms_20250825
[2025-09-21 01:28:40.572] WARN  [MultiTableRepo.sms] Table does not exist: sms_shard_01.sms_20250826
[2025-09-21 01:28:40.573] WARN  [MultiTableRepo.sms] Table does not exist: sms_shard_01.sms_20250827
[2025-09-21 01:28:40.574] WARN  [MultiTableRepo.sms] Table does not exist: sms_shard_01.sms_20250828
[2025-09-21 01:28:40.574] WARN  [MultiTableRepo.sms] Table does not exist: sms_shard_01.sms_20250829
[2025-09-21 01:28:40.575] WARN  [MultiTableRepo.sms] Table does not exist: sms_shard_01.sms_20250830
[2025-09-21 01:28:40.576] WARN  [MultiTableRepo.sms] Table does not exist: sms_shard_01.sms_20250831
[2025-09-21 01:28:40.577] WARN  [MultiTableRepo.sms] Table does not exist: sms_shard_01.sms_20250901
[2025-09-21 01:28:40.578] WARN  [MultiTableRepo.sms] Table does not exist: sms_shard_01.sms_20250902
[2025-09-21 01:28:40.579] WARN  [MultiTableRepo.sms] Table does not exist: sms_shard_01.sms_20250903
[2025-09-21 01:28:40.580] WARN  [MultiTableRepo.sms] Table does not exist: sms_shard_01.sms_20250904
[2025-09-21 01:28:40.581] WARN  [MultiTableRepo.sms] Table does not exist: sms_shard_01.sms_20250905
[2025-09-21 01:28:40.648] WARN  [MultiTableRepo.sms] Table does not exist: sms_shard_01.sms_20250818
[2025-09-21 01:28:40.649] WARN  [MultiTableRepo.sms] Table does not exist: sms_shard_01.sms_20250819
[2025-09-21 01:28:40.650] WARN  [MultiTableRepo.sms] Table does not exist: sms_shard_01.sms_20250820
[2025-09-21 01:28:40.650] WARN  [MultiTableRepo.sms] Table does not exist: sms_shard_01.sms_20250821
[2025-09-21 01:28:40.651] WARN  [MultiTableRepo.sms] Table does not exist: sms_shard_01.sms_20250822
[2025-09-21 01:28:40.652] WARN  [MultiTableRepo.sms] Table does not exist: sms_shard_01.sms_20250823
[2025-09-21 01:28:40.653] WARN  [MultiTableRepo.sms] Table does not exist: sms_shard_01.sms_20250824
[2025-09-21 01:28:40.654] WARN  [MultiTableRepo.sms] Table does not exist: sms_shard_01.sms_20250825
[2025-09-21 01:28:40.655] WARN  [MultiTableRepo.sms] Table does not exist: sms_shard_01.sms_20250826
[2025-09-21 01:28:40.656] WARN  [MultiTableRepo.sms] Table does not exist: sms_shard_01.sms_20250827
[2025-09-21 01:28:40.657] WARN  [MultiTableRepo.sms] Table does not exist: sms_shard_01.sms_20250828
[2025-09-21 01:28:40.657] WARN  [MultiTableRepo.sms] Table does not exist: sms_shard_01.sms_20250829
[2025-09-21 01:28:40.658] WARN  [MultiTableRepo.sms] Table does not exist: sms_shard_01.sms_20250830
[2025-09-21 01:28:40.659] WARN  [MultiTableRepo.sms] Table does not exist: sms_shard_01.sms_20250831
[2025-09-21 01:28:40.660] WARN  [MultiTableRepo.sms] Table does not exist: sms_shard_01.sms_20250901
[2025-09-21 01:28:40.661] WARN  [MultiTableRepo.sms] Table does not exist: sms_shard_01.sms_20250902
[2025-09-21 01:28:40.662] WARN  [MultiTableRepo.sms] Table does not exist: sms_shard_01.sms_20250903
[2025-09-21 01:28:40.663] WARN  [MultiTableRepo.sms] Table does not exist: sms_shard_01.sms_20250904
[2025-09-21 01:28:40.664] WARN  [MultiTableRepo.sms] Table does not exist: sms_shard_01.sms_20250905
[2025-09-21 01:28:40.703] WARN  [MultiTableRepo.sms] Table does not exist: sms_shard_01.sms_20250816
[2025-09-21 01:28:40.704] WARN  [MultiTableRepo.sms] Table does not exist: sms_shard_01.sms_20250817
[2025-09-21 01:28:40.705] WARN  [MultiTableRepo.sms] Table does not exist: sms_shard_01.sms_20250818
[2025-09-21 01:28:40.706] WARN  [MultiTableRepo.sms] Table does not exist: sms_shard_01.sms_20250819
[2025-09-21 01:28:40.707] WARN  [MultiTableRepo.sms] Table does not exist: sms_shard_01.sms_20250820
[2025-09-21 01:28:40.708] WARN  [MultiTableRepo.sms] Table does not exist: sms_shard_01.sms_20250821
[2025-09-21 01:28:40.709] WARN  [MultiTableRepo.sms] Table does not exist: sms_shard_01.sms_20250822
[2025-09-21 01:28:40.711] WARN  [MultiTableRepo.sms] Table does not exist: sms_shard_01.sms_20250823
[2025-09-21 01:28:40.712] WARN  [MultiTableRepo.sms] Table does not exist: sms_shard_01.sms_20250824
[2025-09-21 01:28:40.713] WARN  [MultiTableRepo.sms] Table does not exist: sms_shard_01.sms_20250825
[2025-09-21 01:28:40.714] WARN  [MultiTableRepo.sms] Table does not exist: sms_shard_01.sms_20250826
[2025-09-21 01:28:40.715] WARN  [MultiTableRepo.sms] Table does not exist: sms_shard_01.sms_20250827
[2025-09-21 01:28:40.716] WARN  [MultiTableRepo.sms] Table does not exist: sms_shard_01.sms_20250828
[2025-09-21 01:28:40.717] WARN  [MultiTableRepo.sms] Table does not exist: sms_shard_01.sms_20250829
[2025-09-21 01:28:40.718] WARN  [MultiTableRepo.sms] Table does not exist: sms_shard_01.sms_20250830
[2025-09-21 01:28:40.719] WARN  [MultiTableRepo.sms] Table does not exist: sms_shard_01.sms_20250831
[2025-09-21 01:28:40.720] WARN  [MultiTableRepo.sms] Table does not exist: sms_shard_01.sms_20250901
[2025-09-21 01:28:40.721] WARN  [MultiTableRepo.sms] Table does not exist: sms_shard_01.sms_20250902
[2025-09-21 01:28:40.722] WARN  [MultiTableRepo.sms] Table does not exist: sms_shard_01.sms_20250903
[2025-09-21 01:28:40.723] WARN  [MultiTableRepo.sms] Table does not exist: sms_shard_01.sms_20250904
[2025-09-21 01:28:40.724] WARN  [MultiTableRepo.sms] Table does not exist: sms_shard_01.sms_20250905
[2025-09-21 01:28:40.756] WARN  [MultiTableRepo.sms] Table does not exist: sms_shard_01.sms_20250816
[2025-09-21 01:28:40.757] WARN  [MultiTableRepo.sms] Table does not exist: sms_shard_01.sms_20250817
[2025-09-21 01:28:40.758] WARN  [MultiTableRepo.sms] Table does not exist: sms_shard_01.sms_20250818
[2025-09-21 01:28:40.759] WARN  [MultiTableRepo.sms] Table does not exist: sms_shard_01.sms_20250819
[2025-09-21 01:28:40.760] WARN  [MultiTableRepo.sms] Table does not exist: sms_shard_01.sms_20250820
[2025-09-21 01:28:40.762] WARN  [MultiTableRepo.sms] Table does not exist: sms_shard_01.sms_20250821
[2025-09-21 01:28:40.763] WARN  [MultiTableRepo.sms] Table does not exist: sms_shard_01.sms_20250822
[2025-09-21 01:28:40.764] WARN  [MultiTableRepo.sms] Table does not exist: sms_shard_01.sms_20250823
[2025-09-21 01:28:40.765] WARN  [MultiTableRepo.sms] Table does not exist: sms_shard_01.sms_20250824
[2025-09-21 01:28:40.766] WARN  [MultiTableRepo.sms] Table does not exist: sms_shard_01.sms_20250825
[2025-09-21 01:28:40.767] WARN  [MultiTableRepo.sms] Table does not exist: sms_shard_01.sms_20250826
[2025-09-21 01:28:40.768] WARN  [MultiTableRepo.sms] Table does not exist: sms_shard_01.sms_20250827
[2025-09-21 01:28:40.769] WARN  [MultiTableRepo.sms] Table does not exist: sms_shard_01.sms_20250828
[2025-09-21 01:28:40.770] WARN  [MultiTableRepo.sms] Table does not exist: sms_shard_01.sms_20250829
[2025-09-21 01:28:40.771] WARN  [MultiTableRepo.sms] Table does not exist: sms_shard_01.sms_20250830
[2025-09-21 01:28:40.771] WARN  [MultiTableRepo.sms] Table does not exist: sms_shard_01.sms_20250831
[2025-09-21 01:28:40.772] WARN  [MultiTableRepo.sms] Table does not exist: sms_shard_01.sms_20250901
[2025-09-21 01:28:40.773] WARN  [MultiTableRepo.sms] Table does not exist: sms_shard_01.sms_20250902
[2025-09-21 01:28:40.774] WARN  [MultiTableRepo.sms] Table does not exist: sms_shard_01.sms_20250903
[2025-09-21 01:28:40.775] WARN  [MultiTableRepo.sms] Table does not exist: sms_shard_01.sms_20250904
[2025-09-21 01:28:40.776] WARN  [MultiTableRepo.sms] Table does not exist: sms_shard_01.sms_20250905
[2025-09-21 01:28:40.863] WARN  [MultiTableRepo.sms] Table does not exist: sms_shard_01.sms_20250815
[2025-09-21 01:28:40.863] WARN  [MultiTableRepo.sms] Table does not exist: sms_shard_01.sms_20250816
[2025-09-21 01:28:40.864] WARN  [MultiTableRepo.sms] Table does not exist: sms_shard_01.sms_20250817
[2025-09-21 01:28:40.865] WARN  [MultiTableRepo.sms] Table does not exist: sms_shard_01.sms_20250818
[2025-09-21 01:28:40.866] WARN  [MultiTableRepo.sms] Table does not exist: sms_shard_01.sms_20250819
[2025-09-21 01:28:40.867] WARN  [MultiTableRepo.sms] Table does not exist: sms_shard_01.sms_20250820
[2025-09-21 01:28:40.868] WARN  [MultiTableRepo.sms] Table does not exist: sms_shard_01.sms_20250821
[2025-09-21 01:28:40.869] WARN  [MultiTableRepo.sms] Table does not exist: sms_shard_01.sms_20250822
[2025-09-21 01:28:40.870] WARN  [MultiTableRepo.sms] Table does not exist: sms_shard_01.sms_20250823
[2025-09-21 01:28:40.871] WARN  [MultiTableRepo.sms] Table does not exist: sms_shard_01.sms_20250824
[2025-09-21 01:28:40.872] WARN  [MultiTableRepo.sms] Table does not exist: sms_shard_01.sms_20250825
[2025-09-21 01:28:40.873] WARN  [MultiTableRepo.sms] Table does not exist: sms_shard_01.sms_20250826
[2025-09-21 01:28:40.873] WARN  [MultiTableRepo.sms] Table does not exist: sms_shard_01.sms_20250827
[2025-09-21 01:28:40.874] WARN  [MultiTableRepo.sms] Table does not exist: sms_shard_01.sms_20250828
[2025-09-21 01:28:40.875] WARN  [MultiTableRepo.sms] Table does not exist: sms_shard_01.sms_20250829
[2025-09-21 01:28:40.876] WARN  [MultiTableRepo.sms] Table does not exist: sms_shard_01.sms_20250830
[2025-09-21 01:28:40.877] WARN  [MultiTableRepo.sms] Table does not exist: sms_shard_01.sms_20250831
[2025-09-21 01:28:40.878] WARN  [MultiTableRepo.sms] Table does not exist: sms_shard_01.sms_20250901
[2025-09-21 01:28:40.879] WARN  [MultiTableRepo.sms] Table does not exist: sms_shard_01.sms_20250902
[2025-09-21 01:28:40.880] WARN  [MultiTableRepo.sms] Table does not exist: sms_shard_01.sms_20250903
[2025-09-21 01:28:40.880] WARN  [MultiTableRepo.sms] Table does not exist: sms_shard_01.sms_20250904
[2025-09-21 01:28:40.881] WARN  [MultiTableRepo.sms] Table does not exist: sms_shard_01.sms_20250905
[2025-09-21 01:28:40.900] WARN  [MultiTableRepo.sms] Table does not exist: sms_shard_01.sms_20250816
[2025-09-21 01:28:40.901] WARN  [MultiTableRepo.sms] Table does not exist: sms_shard_01.sms_20250817
[2025-09-21 01:28:40.902] WARN  [MultiTableRepo.sms] Table does not exist: sms_shard_01.sms_20250818
[2025-09-21 01:28:40.903] WARN  [MultiTableRepo.sms] Table does not exist: sms_shard_01.sms_20250819
[2025-09-21 01:28:40.903] WARN  [MultiTableRepo.sms] Table does not exist: sms_shard_01.sms_20250820
[2025-09-21 01:28:40.904] WARN  [MultiTableRepo.sms] Table does not exist: sms_shard_01.sms_20250821
[2025-09-21 01:28:40.905] WARN  [MultiTableRepo.sms] Table does not exist: sms_shard_01.sms_20250822
[2025-09-21 01:28:40.906] WARN  [MultiTableRepo.sms] Table does not exist: sms_shard_01.sms_20250823
[2025-09-21 01:28:40.906] WARN  [MultiTableRepo.sms] Table does not exist: sms_shard_01.sms_20250824
[2025-09-21 01:28:40.907] WARN  [MultiTableRepo.sms] Table does not exist: sms_shard_01.sms_20250825
[2025-09-21 01:28:40.908] WARN  [MultiTableRepo.sms] Table does not exist: sms_shard_01.sms_20250826
[2025-09-21 01:28:40.909] WARN  [MultiTableRepo.sms] Table does not exist: sms_shard_01.sms_20250827
[2025-09-21 01:28:40.910] WARN  [MultiTableRepo.sms] Table does not exist: sms_shard_01.sms_20250828
[2025-09-21 01:28:40.911] WARN  [MultiTableRepo.sms] Table does not exist: sms_shard_01.sms_20250829
[2025-09-21 01:28:40.912] WARN  [MultiTableRepo.sms] Table does not exist: sms_shard_01.sms_20250830
[2025-09-21 01:28:40.912] WARN  [MultiTableRepo.sms] Table does not exist: sms_shard_01.sms_20250831
[2025-09-21 01:28:40.913] WARN  [MultiTableRepo.sms] Table does not exist: sms_shard_01.sms_20250901
[2025-09-21 01:28:40.914] WARN  [MultiTableRepo.sms] Table does not exist: sms_shard_01.sms_20250902
[2025-09-21 01:28:40.917] WARN  [MultiTableRepo.sms] Table does not exist: sms_shard_01.sms_20250903
[2025-09-21 01:28:40.918] WARN  [MultiTableRepo.sms] Table does not exist: sms_shard_01.sms_20250904
[2025-09-21 01:28:40.919] WARN  [MultiTableRepo.sms] Table does not exist: sms_shard_01.sms_20250905
[2025-09-21 01:28:41.018] WARN  [MultiTableRepo.sms] Table does not exist: sms_shard_01.sms_20250820
[2025-09-21 01:28:41.019] WARN  [MultiTableRepo.sms] Table does not exist: sms_shard_01.sms_20250821
[2025-09-21 01:28:41.020] WARN  [MultiTableRepo.sms] Table does not exist: sms_shard_01.sms_20250822
[2025-09-21 01:28:41.021] WARN  [MultiTableRepo.sms] Table does not exist: sms_shard_01.sms_20250823
[2025-09-21 01:28:41.022] WARN  [MultiTableRepo.sms] Table does not exist: sms_shard_01.sms_20250824
[2025-09-21 01:28:41.023] WARN  [MultiTableRepo.sms] Table does not exist: sms_shard_01.sms_20250825
[2025-09-21 01:28:41.024] WARN  [MultiTableRepo.sms] Table does not exist: sms_shard_01.sms_20250826
[2025-09-21 01:28:41.025] WARN  [MultiTableRepo.sms] Table does not exist: sms_shard_01.sms_20250827
[2025-09-21 01:28:41.026] WARN  [MultiTableRepo.sms] Table does not exist: sms_shard_01.sms_20250828
[2025-09-21 01:28:41.027] WARN  [MultiTableRepo.sms] Table does not exist: sms_shard_01.sms_20250829
[2025-09-21 01:28:41.028] WARN  [MultiTableRepo.sms] Table does not exist: sms_shard_01.sms_20250830
[2025-09-21 01:28:41.028] WARN  [MultiTableRepo.sms] Table does not exist: sms_shard_01.sms_20250831
[2025-09-21 01:28:41.029] WARN  [MultiTableRepo.sms] Table does not exist: sms_shard_01.sms_20250901
[2025-09-21 01:28:41.030] WARN  [MultiTableRepo.sms] Table does not exist: sms_shard_01.sms_20250902
[2025-09-21 01:28:41.031] WARN  [MultiTableRepo.sms] Table does not exist: sms_shard_01.sms_20250903
[2025-09-21 01:28:41.032] WARN  [MultiTableRepo.sms] Table does not exist: sms_shard_01.sms_20250904
[2025-09-21 01:28:41.033] WARN  [MultiTableRepo.sms] Table does not exist: sms_shard_01.sms_20250905
[2025-09-21 01:28:41.063] WARN  [MultiTableRepo.sms] Table does not exist: sms_shard_01.sms_20250818
[2025-09-21 01:28:41.063] WARN  [MultiTableRepo.sms] Table does not exist: sms_shard_01.sms_20250819
[2025-09-21 01:28:41.064] WARN  [MultiTableRepo.sms] Table does not exist: sms_shard_01.sms_20250820
[2025-09-21 01:28:41.065] WARN  [MultiTableRepo.sms] Table does not exist: sms_shard_01.sms_20250821
[2025-09-21 01:28:41.066] WARN  [MultiTableRepo.sms] Table does not exist: sms_shard_01.sms_20250822
[2025-09-21 01:28:41.067] WARN  [MultiTableRepo.sms] Table does not exist: sms_shard_01.sms_20250823
[2025-09-21 01:28:41.067] WARN  [MultiTableRepo.sms] Table does not exist: sms_shard_01.sms_20250824
[2025-09-21 01:28:41.068] WARN  [MultiTableRepo.sms] Table does not exist: sms_shard_01.sms_20250825
[2025-09-21 01:28:41.069] WARN  [MultiTableRepo.sms] Table does not exist: sms_shard_01.sms_20250826
[2025-09-21 01:28:41.070] WARN  [MultiTableRepo.sms] Table does not exist: sms_shard_01.sms_20250827
[2025-09-21 01:28:41.071] WARN  [MultiTableRepo.sms] Table does not exist: sms_shard_01.sms_20250828
[2025-09-21 01:28:41.071] WARN  [MultiTableRepo.sms] Table does not exist: sms_shard_01.sms_20250829
[2025-09-21 01:28:41.072] WARN  [MultiTableRepo.sms] Table does not exist: sms_shard_01.sms_20250830
[2025-09-21 01:28:41.073] WARN  [MultiTableRepo.sms] Table does not exist: sms_shard_01.sms_20250831
[2025-09-21 01:28:41.074] WARN  [MultiTableRepo.sms] Table does not exist: sms_shard_01.sms_20250901
[2025-09-21 01:28:41.075] WARN  [MultiTableRepo.sms] Table does not exist: sms_shard_01.sms_20250902
[2025-09-21 01:28:41.076] WARN  [MultiTableRepo.sms] Table does not exist: sms_shard_01.sms_20250903
[2025-09-21 01:28:41.077] WARN  [MultiTableRepo.sms] Table does not exist: sms_shard_01.sms_20250904
[2025-09-21 01:28:41.078] WARN  [MultiTableRepo.sms] Table does not exist: sms_shard_01.sms_20250905
[2025-09-21 01:28:41.175] WARN  [MultiTableRepo.sms] Table does not exist: sms_shard_01.sms_20250816
[2025-09-21 01:28:41.176] WARN  [MultiTableRepo.sms] Table does not exist: sms_shard_01.sms_20250817
[2025-09-21 01:28:41.177] WARN  [MultiTableRepo.sms] Table does not exist: sms_shard_01.sms_20250818
[2025-09-21 01:28:41.178] WARN  [MultiTableRepo.sms] Table does not exist: sms_shard_01.sms_20250819
[2025-09-21 01:28:41.179] WARN  [MultiTableRepo.sms] Table does not exist: sms_shard_01.sms_20250820
[2025-09-21 01:28:41.180] WARN  [MultiTableRepo.sms] Table does not exist: sms_shard_01.sms_20250821
[2025-09-21 01:28:41.181] WARN  [MultiTableRepo.sms] Table does not exist: sms_shard_01.sms_20250822
[2025-09-21 01:28:41.182] WARN  [MultiTableRepo.sms] Table does not exist: sms_shard_01.sms_20250823
[2025-09-21 01:28:41.183] WARN  [MultiTableRepo.sms] Table does not exist: sms_shard_01.sms_20250824
[2025-09-21 01:28:41.184] WARN  [MultiTableRepo.sms] Table does not exist: sms_shard_01.sms_20250825
[2025-09-21 01:28:41.185] WARN  [MultiTableRepo.sms] Table does not exist: sms_shard_01.sms_20250826
[2025-09-21 01:28:41.186] WARN  [MultiTableRepo.sms] Table does not exist: sms_shard_01.sms_20250827
[2025-09-21 01:28:41.187] WARN  [MultiTableRepo.sms] Table does not exist: sms_shard_01.sms_20250828
[2025-09-21 01:28:41.188] WARN  [MultiTableRepo.sms] Table does not exist: sms_shard_01.sms_20250829
[2025-09-21 01:28:41.188] WARN  [MultiTableRepo.sms] Table does not exist: sms_shard_01.sms_20250830
[2025-09-21 01:28:41.192] WARN  [MultiTableRepo.sms] Table does not exist: sms_shard_01.sms_20250831
[2025-09-21 01:28:41.193] WARN  [MultiTableRepo.sms] Table does not exist: sms_shard_01.sms_20250901
[2025-09-21 01:28:41.194] WARN  [MultiTableRepo.sms] Table does not exist: sms_shard_01.sms_20250902
[2025-09-21 01:28:41.195] WARN  [MultiTableRepo.sms] Table does not exist: sms_shard_01.sms_20250903
[2025-09-21 01:28:41.196] WARN  [MultiTableRepo.sms] Table does not exist: sms_shard_01.sms_20250904
[2025-09-21 01:28:41.196] WARN  [MultiTableRepo.sms] Table does not exist: sms_shard_01.sms_20250905
[2025-09-21 01:28:41.322] WARN  [MultiTableRepo.sms] Table does not exist: sms_shard_01.sms_20250821
[2025-09-21 01:28:41.323] WARN  [MultiTableRepo.sms] Table does not exist: sms_shard_01.sms_20250822
[2025-09-21 01:28:41.323] WARN  [MultiTableRepo.sms] Table does not exist: sms_shard_01.sms_20250823
[2025-09-21 01:28:41.324] WARN  [MultiTableRepo.sms] Table does not exist: sms_shard_01.sms_20250824
[2025-09-21 01:28:41.325] WARN  [MultiTableRepo.sms] Table does not exist: sms_shard_01.sms_20250825
[2025-09-21 01:28:41.326] WARN  [MultiTableRepo.sms] Table does not exist: sms_shard_01.sms_20250826
[2025-09-21 01:28:41.327] WARN  [MultiTableRepo.sms] Table does not exist: sms_shard_01.sms_20250827
[2025-09-21 01:28:41.328] WARN  [MultiTableRepo.sms] Table does not exist: sms_shard_01.sms_20250828
[2025-09-21 01:28:41.328] WARN  [MultiTableRepo.sms] Table does not exist: sms_shard_01.sms_20250829
[2025-09-21 01:28:41.329] WARN  [MultiTableRepo.sms] Table does not exist: sms_shard_01.sms_20250830
[2025-09-21 01:28:41.331] WARN  [MultiTableRepo.sms] Table does not exist: sms_shard_01.sms_20250831
[2025-09-21 01:28:41.333] WARN  [MultiTableRepo.sms] Table does not exist: sms_shard_01.sms_20250901
[2025-09-21 01:28:41.333] WARN  [MultiTableRepo.sms] Table does not exist: sms_shard_01.sms_20250902
[2025-09-21 01:28:41.334] WARN  [MultiTableRepo.sms] Table does not exist: sms_shard_01.sms_20250903
[2025-09-21 01:28:41.335] WARN  [MultiTableRepo.sms] Table does not exist: sms_shard_01.sms_20250904
[2025-09-21 01:28:41.336] WARN  [MultiTableRepo.sms] Table does not exist: sms_shard_01.sms_20250905
[2025-09-21 01:28:41.453] WARN  [MultiTableRepo.sms] Table does not exist: sms_shard_01.sms_20250815
[2025-09-21 01:28:41.455] WARN  [MultiTableRepo.sms] Table does not exist: sms_shard_01.sms_20250816
[2025-09-21 01:28:41.456] WARN  [MultiTableRepo.sms] Table does not exist: sms_shard_01.sms_20250817
[2025-09-21 01:28:41.459] WARN  [MultiTableRepo.sms] Table does not exist: sms_shard_01.sms_20250818
[2025-09-21 01:28:41.460] WARN  [MultiTableRepo.sms] Table does not exist: sms_shard_01.sms_20250819
[2025-09-21 01:28:41.461] WARN  [MultiTableRepo.sms] Table does not exist: sms_shard_01.sms_20250820
[2025-09-21 01:28:41.462] WARN  [MultiTableRepo.sms] Table does not exist: sms_shard_01.sms_20250821
[2025-09-21 01:28:41.462] WARN  [MultiTableRepo.sms] Table does not exist: sms_shard_01.sms_20250822
[2025-09-21 01:28:41.468] WARN  [MultiTableRepo.sms] Table does not exist: sms_shard_01.sms_20250823
[2025-09-21 01:28:41.469] WARN  [MultiTableRepo.sms] Table does not exist: sms_shard_01.sms_20250824
[2025-09-21 01:28:41.470] WARN  [MultiTableRepo.sms] Table does not exist: sms_shard_01.sms_20250825
[2025-09-21 01:28:41.471] WARN  [MultiTableRepo.sms] Table does not exist: sms_shard_01.sms_20250826
[2025-09-21 01:28:41.472] WARN  [MultiTableRepo.sms] Table does not exist: sms_shard_01.sms_20250827
[2025-09-21 01:28:41.473] WARN  [MultiTableRepo.sms] Table does not exist: sms_shard_01.sms_20250828
[2025-09-21 01:28:41.474] WARN  [MultiTableRepo.sms] Table does not exist: sms_shard_01.sms_20250829
[2025-09-21 01:28:41.475] WARN  [MultiTableRepo.sms] Table does not exist: sms_shard_01.sms_20250830
[2025-09-21 01:28:41.476] WARN  [MultiTableRepo.sms] Table does not exist: sms_shard_01.sms_20250831
[2025-09-21 01:28:41.477] WARN  [MultiTableRepo.sms] Table does not exist: sms_shard_01.sms_20250901
[2025-09-21 01:28:41.478] WARN  [MultiTableRepo.sms] Table does not exist: sms_shard_01.sms_20250902
[2025-09-21 01:28:41.479] WARN  [MultiTableRepo.sms] Table does not exist: sms_shard_01.sms_20250903
[2025-09-21 01:28:41.481] WARN  [MultiTableRepo.sms] Table does not exist: sms_shard_01.sms_20250904
[2025-09-21 01:28:41.482] WARN  [MultiTableRepo.sms] Table does not exist: sms_shard_01.sms_20250905
[2025-09-21 01:28:41.561] WARN  [MultiTableRepo.sms] Table does not exist: sms_shard_01.sms_20250818
[2025-09-21 01:28:41.562] WARN  [MultiTableRepo.sms] Table does not exist: sms_shard_01.sms_20250819
[2025-09-21 01:28:41.563] WARN  [MultiTableRepo.sms] Table does not exist: sms_shard_01.sms_20250820
[2025-09-21 01:28:41.564] WARN  [MultiTableRepo.sms] Table does not exist: sms_shard_01.sms_20250821
[2025-09-21 01:28:41.565] WARN  [MultiTableRepo.sms] Table does not exist: sms_shard_01.sms_20250822
[2025-09-21 01:28:41.566] WARN  [MultiTableRepo.sms] Table does not exist: sms_shard_01.sms_20250823
[2025-09-21 01:28:41.567] WARN  [MultiTableRepo.sms] Table does not exist: sms_shard_01.sms_20250824
[2025-09-21 01:28:41.568] WARN  [MultiTableRepo.sms] Table does not exist: sms_shard_01.sms_20250825
[2025-09-21 01:28:41.568] WARN  [MultiTableRepo.sms] Table does not exist: sms_shard_01.sms_20250826
[2025-09-21 01:28:41.569] WARN  [MultiTableRepo.sms] Table does not exist: sms_shard_01.sms_20250827
[2025-09-21 01:28:41.570] WARN  [MultiTableRepo.sms] Table does not exist: sms_shard_01.sms_20250828
[2025-09-21 01:28:41.571] WARN  [MultiTableRepo.sms] Table does not exist: sms_shard_01.sms_20250829
[2025-09-21 01:28:41.572] WARN  [MultiTableRepo.sms] Table does not exist: sms_shard_01.sms_20250830
[2025-09-21 01:28:41.573] WARN  [MultiTableRepo.sms] Table does not exist: sms_shard_01.sms_20250831
[2025-09-21 01:28:41.574] WARN  [MultiTableRepo.sms] Table does not exist: sms_shard_01.sms_20250901
[2025-09-21 01:28:41.575] WARN  [MultiTableRepo.sms] Table does not exist: sms_shard_01.sms_20250902
[2025-09-21 01:28:41.576] WARN  [MultiTableRepo.sms] Table does not exist: sms_shard_01.sms_20250903
[2025-09-21 01:28:41.578] WARN  [MultiTableRepo.sms] Table does not exist: sms_shard_01.sms_20250904
[2025-09-21 01:28:41.579] WARN  [MultiTableRepo.sms] Table does not exist: sms_shard_01.sms_20250905
[2025-09-21 01:28:41.622] WARN  [MultiTableRepo.sms] Table does not exist: sms_shard_01.sms_20250817
[2025-09-21 01:28:41.624] WARN  [MultiTableRepo.sms] Table does not exist: sms_shard_01.sms_20250818
[2025-09-21 01:28:41.624] WARN  [MultiTableRepo.sms] Table does not exist: sms_shard_01.sms_20250819
[2025-09-21 01:28:41.625] WARN  [MultiTableRepo.sms] Table does not exist: sms_shard_01.sms_20250820
[2025-09-21 01:28:41.626] WARN  [MultiTableRepo.sms] Table does not exist: sms_shard_01.sms_20250821
[2025-09-21 01:28:41.628] WARN  [MultiTableRepo.sms] Table does not exist: sms_shard_01.sms_20250822
[2025-09-21 01:28:41.629] WARN  [MultiTableRepo.sms] Table does not exist: sms_shard_01.sms_20250823
[2025-09-21 01:28:41.629] WARN  [MultiTableRepo.sms] Table does not exist: sms_shard_01.sms_20250824
[2025-09-21 01:28:41.630] WARN  [MultiTableRepo.sms] Table does not exist: sms_shard_01.sms_20250825
[2025-09-21 01:28:41.631] WARN  [MultiTableRepo.sms] Table does not exist: sms_shard_01.sms_20250826
[2025-09-21 01:28:41.632] WARN  [MultiTableRepo.sms] Table does not exist: sms_shard_01.sms_20250827
[2025-09-21 01:28:41.633] WARN  [MultiTableRepo.sms] Table does not exist: sms_shard_01.sms_20250828
[2025-09-21 01:28:41.634] WARN  [MultiTableRepo.sms] Table does not exist: sms_shard_01.sms_20250829
[2025-09-21 01:28:41.635] WARN  [MultiTableRepo.sms] Table does not exist: sms_shard_01.sms_20250830
[2025-09-21 01:28:41.636] WARN  [MultiTableRepo.sms] Table does not exist: sms_shard_01.sms_20250831
[2025-09-21 01:28:41.637] WARN  [MultiTableRepo.sms] Table does not exist: sms_shard_01.sms_20250901
[2025-09-21 01:28:41.638] WARN  [MultiTableRepo.sms] Table does not exist: sms_shard_01.sms_20250902
[2025-09-21 01:28:41.639] WARN  [MultiTableRepo.sms] Table does not exist: sms_shard_01.sms_20250903
[2025-09-21 01:28:41.640] WARN  [MultiTableRepo.sms] Table does not exist: sms_shard_01.sms_20250904
[2025-09-21 01:28:41.642] WARN  [MultiTableRepo.sms] Table does not exist: sms_shard_01.sms_20250905
[2025-09-21 01:28:41.780] WARN  [MultiTableRepo.sms] Table does not exist: sms_shard_01.sms_20250818
[2025-09-21 01:28:41.780] WARN  [MultiTableRepo.sms] Table does not exist: sms_shard_01.sms_20250819
[2025-09-21 01:28:41.781] WARN  [MultiTableRepo.sms] Table does not exist: sms_shard_01.sms_20250820
[2025-09-21 01:28:41.782] WARN  [MultiTableRepo.sms] Table does not exist: sms_shard_01.sms_20250821
[2025-09-21 01:28:41.783] WARN  [MultiTableRepo.sms] Table does not exist: sms_shard_01.sms_20250822
[2025-09-21 01:28:41.784] WARN  [MultiTableRepo.sms] Table does not exist: sms_shard_01.sms_20250823
[2025-09-21 01:28:41.785] WARN  [MultiTableRepo.sms] Table does not exist: sms_shard_01.sms_20250824
[2025-09-21 01:28:41.786] WARN  [MultiTableRepo.sms] Table does not exist: sms_shard_01.sms_20250825
[2025-09-21 01:28:41.787] WARN  [MultiTableRepo.sms] Table does not exist: sms_shard_01.sms_20250826
[2025-09-21 01:28:41.787] WARN  [MultiTableRepo.sms] Table does not exist: sms_shard_01.sms_20250827
[2025-09-21 01:28:41.788] WARN  [MultiTableRepo.sms] Table does not exist: sms_shard_01.sms_20250828
[2025-09-21 01:28:41.789] WARN  [MultiTableRepo.sms] Table does not exist: sms_shard_01.sms_20250829
[2025-09-21 01:28:41.790] WARN  [MultiTableRepo.sms] Table does not exist: sms_shard_01.sms_20250830
[2025-09-21 01:28:41.791] WARN  [MultiTableRepo.sms] Table does not exist: sms_shard_01.sms_20250831
[2025-09-21 01:28:41.792] WARN  [MultiTableRepo.sms] Table does not exist: sms_shard_01.sms_20250901
[2025-09-21 01:28:41.792] WARN  [MultiTableRepo.sms] Table does not exist: sms_shard_01.sms_20250902
[2025-09-21 01:28:41.793] WARN  [MultiTableRepo.sms] Table does not exist: sms_shard_01.sms_20250903
[2025-09-21 01:28:41.794] WARN  [MultiTableRepo.sms] Table does not exist: sms_shard_01.sms_20250904
[2025-09-21 01:28:41.795] WARN  [MultiTableRepo.sms] Table does not exist: sms_shard_01.sms_20250905
[2025-09-21 01:28:41.868] WARN  [MultiTableRepo.sms] Table does not exist: sms_shard_01.sms_20250821
[2025-09-21 01:28:41.869] WARN  [MultiTableRepo.sms] Table does not exist: sms_shard_01.sms_20250822
[2025-09-21 01:28:41.869] WARN  [MultiTableRepo.sms] Table does not exist: sms_shard_01.sms_20250823
[2025-09-21 01:28:41.870] WARN  [MultiTableRepo.sms] Table does not exist: sms_shard_01.sms_20250824
[2025-09-21 01:28:41.871] WARN  [MultiTableRepo.sms] Table does not exist: sms_shard_01.sms_20250825
[2025-09-21 01:28:41.872] WARN  [MultiTableRepo.sms] Table does not exist: sms_shard_01.sms_20250826
[2025-09-21 01:28:41.873] WARN  [MultiTableRepo.sms] Table does not exist: sms_shard_01.sms_20250827
[2025-09-21 01:28:41.874] WARN  [MultiTableRepo.sms] Table does not exist: sms_shard_01.sms_20250828
[2025-09-21 01:28:41.875] WARN  [MultiTableRepo.sms] Table does not exist: sms_shard_01.sms_20250829
[2025-09-21 01:28:41.876] WARN  [MultiTableRepo.sms] Table does not exist: sms_shard_01.sms_20250830
[2025-09-21 01:28:41.877] WARN  [MultiTableRepo.sms] Table does not exist: sms_shard_01.sms_20250831
[2025-09-21 01:28:41.878] WARN  [MultiTableRepo.sms] Table does not exist: sms_shard_01.sms_20250901
[2025-09-21 01:28:41.879] WARN  [MultiTableRepo.sms] Table does not exist: sms_shard_01.sms_20250902
[2025-09-21 01:28:41.879] WARN  [MultiTableRepo.sms] Table does not exist: sms_shard_01.sms_20250903
[2025-09-21 01:28:41.880] WARN  [MultiTableRepo.sms] Table does not exist: sms_shard_01.sms_20250904
[2025-09-21 01:28:41.882] WARN  [MultiTableRepo.sms] Table does not exist: sms_shard_01.sms_20250905
[2025-09-21 01:28:41.963] WARN  [MultiTableRepo.sms] Table does not exist: sms_shard_01.sms_20250905
[2025-09-21 01:28:41.988] WARN  [MultiTableRepo.sms] Table does not exist: sms_shard_01.sms_20250821
[2025-09-21 01:28:41.989] WARN  [MultiTableRepo.sms] Table does not exist: sms_shard_01.sms_20250822
[2025-09-21 01:28:41.990] WARN  [MultiTableRepo.sms] Table does not exist: sms_shard_01.sms_20250823
[2025-09-21 01:28:41.991] WARN  [MultiTableRepo.sms] Table does not exist: sms_shard_01.sms_20250824
[2025-09-21 01:28:41.992] WARN  [MultiTableRepo.sms] Table does not exist: sms_shard_01.sms_20250825
[2025-09-21 01:28:41.993] WARN  [MultiTableRepo.sms] Table does not exist: sms_shard_01.sms_20250826
[2025-09-21 01:28:41.994] WARN  [MultiTableRepo.sms] Table does not exist: sms_shard_01.sms_20250827
[2025-09-21 01:28:41.995] WARN  [MultiTableRepo.sms] Table does not exist: sms_shard_01.sms_20250828
[2025-09-21 01:28:41.996] WARN  [MultiTableRepo.sms] Table does not exist: sms_shard_01.sms_20250829
[2025-09-21 01:28:41.997] WARN  [MultiTableRepo.sms] Table does not exist: sms_shard_01.sms_20250830
[2025-09-21 01:28:41.998] WARN  [MultiTableRepo.sms] Table does not exist: sms_shard_01.sms_20250831
[2025-09-21 01:28:41.999] WARN  [MultiTableRepo.sms] Table does not exist: sms_shard_01.sms_20250901
[2025-09-21 01:28:42.000] WARN  [MultiTableRepo.sms] Table does not exist: sms_shard_01.sms_20250902
[2025-09-21 01:28:42.001] WARN  [MultiTableRepo.sms] Table does not exist: sms_shard_01.sms_20250903
[2025-09-21 01:28:42.002] WARN  [MultiTableRepo.sms] Table does not exist: sms_shard_01.sms_20250904
[2025-09-21 01:28:42.003] WARN  [MultiTableRepo.sms] Table does not exist: sms_shard_01.sms_20250905
[2025-09-21 01:28:42.075] WARN  [MultiTableRepo.sms] Table does not exist: sms_shard_01.sms_20250816
[2025-09-21 01:28:42.076] WARN  [MultiTableRepo.sms] Table does not exist: sms_shard_01.sms_20250817
[2025-09-21 01:28:42.077] WARN  [MultiTableRepo.sms] Table does not exist: sms_shard_01.sms_20250818
[2025-09-21 01:28:42.078] WARN  [MultiTableRepo.sms] Table does not exist: sms_shard_01.sms_20250819
[2025-09-21 01:28:42.079] WARN  [MultiTableRepo.sms] Table does not exist: sms_shard_01.sms_20250820
[2025-09-21 01:28:42.079] WARN  [MultiTableRepo.sms] Table does not exist: sms_shard_01.sms_20250821
[2025-09-21 01:28:42.080] WARN  [MultiTableRepo.sms] Table does not exist: sms_shard_01.sms_20250822
[2025-09-21 01:28:42.081] WARN  [MultiTableRepo.sms] Table does not exist: sms_shard_01.sms_20250823
[2025-09-21 01:28:42.082] WARN  [MultiTableRepo.sms] Table does not exist: sms_shard_01.sms_20250824
[2025-09-21 01:28:42.083] WARN  [MultiTableRepo.sms] Table does not exist: sms_shard_01.sms_20250825
[2025-09-21 01:28:42.084] WARN  [MultiTableRepo.sms] Table does not exist: sms_shard_01.sms_20250826
[2025-09-21 01:28:42.085] WARN  [MultiTableRepo.sms] Table does not exist: sms_shard_01.sms_20250827
[2025-09-21 01:28:42.085] WARN  [MultiTableRepo.sms] Table does not exist: sms_shard_01.sms_20250828
[2025-09-21 01:28:42.086] WARN  [MultiTableRepo.sms] Table does not exist: sms_shard_01.sms_20250829
[2025-09-21 01:28:42.087] WARN  [MultiTableRepo.sms] Table does not exist: sms_shard_01.sms_20250830
[2025-09-21 01:28:42.088] WARN  [MultiTableRepo.sms] Table does not exist: sms_shard_01.sms_20250831
[2025-09-21 01:28:42.089] WARN  [MultiTableRepo.sms] Table does not exist: sms_shard_01.sms_20250901
[2025-09-21 01:28:42.090] WARN  [MultiTableRepo.sms] Table does not exist: sms_shard_01.sms_20250902
[2025-09-21 01:28:42.090] WARN  [MultiTableRepo.sms] Table does not exist: sms_shard_01.sms_20250903
[2025-09-21 01:28:42.091] WARN  [MultiTableRepo.sms] Table does not exist: sms_shard_01.sms_20250904
[2025-09-21 01:28:42.092] WARN  [MultiTableRepo.sms] Table does not exist: sms_shard_01.sms_20250905
[2025-09-21 01:28:42.177] WARN  [MultiTableRepo.sms] Table does not exist: sms_shard_01.sms_20250820
[2025-09-21 01:28:42.177] WARN  [MultiTableRepo.sms] Table does not exist: sms_shard_01.sms_20250821
[2025-09-21 01:28:42.178] WARN  [MultiTableRepo.sms] Table does not exist: sms_shard_01.sms_20250822
[2025-09-21 01:28:42.179] WARN  [MultiTableRepo.sms] Table does not exist: sms_shard_01.sms_20250823
[2025-09-21 01:28:42.180] WARN  [MultiTableRepo.sms] Table does not exist: sms_shard_01.sms_20250824
[2025-09-21 01:28:42.181] WARN  [MultiTableRepo.sms] Table does not exist: sms_shard_01.sms_20250825
[2025-09-21 01:28:42.182] WARN  [MultiTableRepo.sms] Table does not exist: sms_shard_01.sms_20250826
[2025-09-21 01:28:42.182] WARN  [MultiTableRepo.sms] Table does not exist: sms_shard_01.sms_20250827
[2025-09-21 01:28:42.183] WARN  [MultiTableRepo.sms] Table does not exist: sms_shard_01.sms_20250828
[2025-09-21 01:28:42.184] WARN  [MultiTableRepo.sms] Table does not exist: sms_shard_01.sms_20250829
[2025-09-21 01:28:42.185] WARN  [MultiTableRepo.sms] Table does not exist: sms_shard_01.sms_20250830
[2025-09-21 01:28:42.186] WARN  [MultiTableRepo.sms] Table does not exist: sms_shard_01.sms_20250831
[2025-09-21 01:28:42.187] WARN  [MultiTableRepo.sms] Table does not exist: sms_shard_01.sms_20250901
[2025-09-21 01:28:42.187] WARN  [MultiTableRepo.sms] Table does not exist: sms_shard_01.sms_20250902
[2025-09-21 01:28:42.188] WARN  [MultiTableRepo.sms] Table does not exist: sms_shard_01.sms_20250903
[2025-09-21 01:28:42.189] WARN  [MultiTableRepo.sms] Table does not exist: sms_shard_01.sms_20250904
[2025-09-21 01:28:42.190] WARN  [MultiTableRepo.sms] Table does not exist: sms_shard_01.sms_20250905
[2025-09-21 01:28:42.226] WARN  [MultiTableRepo.sms] Table does not exist: sms_shard_01.sms_20250905
[2025-09-21 01:28:42.327] WARN  [MultiTableRepo.sms] Table does not exist: sms_shard_01.sms_20250817
[2025-09-21 01:28:42.328] WARN  [MultiTableRepo.sms] Table does not exist: sms_shard_01.sms_20250818
[2025-09-21 01:28:42.329] WARN  [MultiTableRepo.sms] Table does not exist: sms_shard_01.sms_20250819
[2025-09-21 01:28:42.330] WARN  [MultiTableRepo.sms] Table does not exist: sms_shard_01.sms_20250820
[2025-09-21 01:28:42.331] WARN  [MultiTableRepo.sms] Table does not exist: sms_shard_01.sms_20250821
[2025-09-21 01:28:42.332] WARN  [MultiTableRepo.sms] Table does not exist: sms_shard_01.sms_20250822
[2025-09-21 01:28:42.333] WARN  [MultiTableRepo.sms] Table does not exist: sms_shard_01.sms_20250823
[2025-09-21 01:28:42.334] WARN  [MultiTableRepo.sms] Table does not exist: sms_shard_01.sms_20250824
[2025-09-21 01:28:42.335] WARN  [MultiTableRepo.sms] Table does not exist: sms_shard_01.sms_20250825
[2025-09-21 01:28:42.336] WARN  [MultiTableRepo.sms] Table does not exist: sms_shard_01.sms_20250826
[2025-09-21 01:28:42.337] WARN  [MultiTableRepo.sms] Table does not exist: sms_shard_01.sms_20250827
[2025-09-21 01:28:42.338] WARN  [MultiTableRepo.sms] Table does not exist: sms_shard_01.sms_20250828
[2025-09-21 01:28:42.339] WARN  [MultiTableRepo.sms] Table does not exist: sms_shard_01.sms_20250829
[2025-09-21 01:28:42.339] WARN  [MultiTableRepo.sms] Table does not exist: sms_shard_01.sms_20250830
[2025-09-21 01:28:42.341] WARN  [MultiTableRepo.sms] Table does not exist: sms_shard_01.sms_20250831
[2025-09-21 01:28:42.341] WARN  [MultiTableRepo.sms] Table does not exist: sms_shard_01.sms_20250901
[2025-09-21 01:28:42.342] WARN  [MultiTableRepo.sms] Table does not exist: sms_shard_01.sms_20250902
[2025-09-21 01:28:42.343] WARN  [MultiTableRepo.sms] Table does not exist: sms_shard_01.sms_20250903
[2025-09-21 01:28:42.344] WARN  [MultiTableRepo.sms] Table does not exist: sms_shard_01.sms_20250904
[2025-09-21 01:28:42.345] WARN  [MultiTableRepo.sms] Table does not exist: sms_shard_01.sms_20250905
[2025-09-21 01:28:42.415] WARN  [MultiTableRepo.sms] Table does not exist: sms_shard_01.sms_20250817
[2025-09-21 01:28:42.415] WARN  [MultiTableRepo.sms] Table does not exist: sms_shard_01.sms_20250818
[2025-09-21 01:28:42.416] WARN  [MultiTableRepo.sms] Table does not exist: sms_shard_01.sms_20250819
[2025-09-21 01:28:42.417] WARN  [MultiTableRepo.sms] Table does not exist: sms_shard_01.sms_20250820
[2025-09-21 01:28:42.418] WARN  [MultiTableRepo.sms] Table does not exist: sms_shard_01.sms_20250821
[2025-09-21 01:28:42.419] WARN  [MultiTableRepo.sms] Table does not exist: sms_shard_01.sms_20250822
[2025-09-21 01:28:42.420] WARN  [MultiTableRepo.sms] Table does not exist: sms_shard_01.sms_20250823
[2025-09-21 01:28:42.421] WARN  [MultiTableRepo.sms] Table does not exist: sms_shard_01.sms_20250824
[2025-09-21 01:28:42.423] WARN  [MultiTableRepo.sms] Table does not exist: sms_shard_01.sms_20250825
[2025-09-21 01:28:42.424] WARN  [MultiTableRepo.sms] Table does not exist: sms_shard_01.sms_20250826
[2025-09-21 01:28:42.425] WARN  [MultiTableRepo.sms] Table does not exist: sms_shard_01.sms_20250827
[2025-09-21 01:28:42.426] WARN  [MultiTableRepo.sms] Table does not exist: sms_shard_01.sms_20250828
[2025-09-21 01:28:42.427] WARN  [MultiTableRepo.sms] Table does not exist: sms_shard_01.sms_20250829
[2025-09-21 01:28:42.428] WARN  [MultiTableRepo.sms] Table does not exist: sms_shard_01.sms_20250830
[2025-09-21 01:28:42.429] WARN  [MultiTableRepo.sms] Table does not exist: sms_shard_01.sms_20250831
[2025-09-21 01:28:42.430] WARN  [MultiTableRepo.sms] Table does not exist: sms_shard_01.sms_20250901
[2025-09-21 01:28:42.431] WARN  [MultiTableRepo.sms] Table does not exist: sms_shard_01.sms_20250902
[2025-09-21 01:28:42.432] WARN  [MultiTableRepo.sms] Table does not exist: sms_shard_01.sms_20250903
[2025-09-21 01:28:42.433] WARN  [MultiTableRepo.sms] Table does not exist: sms_shard_01.sms_20250904
[2025-09-21 01:28:42.434] WARN  [MultiTableRepo.sms] Table does not exist: sms_shard_01.sms_20250905
[2025-09-21 01:28:42.512] WARN  [MultiTableRepo.sms] Table does not exist: sms_shard_01.sms_20250821
[2025-09-21 01:28:42.513] WARN  [MultiTableRepo.sms] Table does not exist: sms_shard_01.sms_20250822
[2025-09-21 01:28:42.514] WARN  [MultiTableRepo.sms] Table does not exist: sms_shard_01.sms_20250823
[2025-09-21 01:28:42.515] WARN  [MultiTableRepo.sms] Table does not exist: sms_shard_01.sms_20250824
[2025-09-21 01:28:42.516] WARN  [MultiTableRepo.sms] Table does not exist: sms_shard_01.sms_20250825
[2025-09-21 01:28:42.517] WARN  [MultiTableRepo.sms] Table does not exist: sms_shard_01.sms_20250826
[2025-09-21 01:28:42.518] WARN  [MultiTableRepo.sms] Table does not exist: sms_shard_01.sms_20250827
[2025-09-21 01:28:42.519] WARN  [MultiTableRepo.sms] Table does not exist: sms_shard_01.sms_20250828
[2025-09-21 01:28:42.520] WARN  [MultiTableRepo.sms] Table does not exist: sms_shard_01.sms_20250829
[2025-09-21 01:28:42.521] WARN  [MultiTableRepo.sms] Table does not exist: sms_shard_01.sms_20250830
[2025-09-21 01:28:42.522] WARN  [MultiTableRepo.sms] Table does not exist: sms_shard_01.sms_20250831
[2025-09-21 01:28:42.523] WARN  [MultiTableRepo.sms] Table does not exist: sms_shard_01.sms_20250901
[2025-09-21 01:28:42.525] WARN  [MultiTableRepo.sms] Table does not exist: sms_shard_01.sms_20250902
[2025-09-21 01:28:42.526] WARN  [MultiTableRepo.sms] Table does not exist: sms_shard_01.sms_20250903
[2025-09-21 01:28:42.527] WARN  [MultiTableRepo.sms] Table does not exist: sms_shard_01.sms_20250904
[2025-09-21 01:28:42.528] WARN  [MultiTableRepo.sms] Table does not exist: sms_shard_01.sms_20250905
[2025-09-21 01:28:42.798] WARN  [MultiTableRepo.sms] Table does not exist: sms_shard_01.sms_20250905
[2025-09-21 01:28:42.827] WARN  [MultiTableRepo.sms] Table does not exist: sms_shard_01.sms_20250816
[2025-09-21 01:28:42.828] WARN  [MultiTableRepo.sms] Table does not exist: sms_shard_01.sms_20250817
[2025-09-21 01:28:42.829] WARN  [MultiTableRepo.sms] Table does not exist: sms_shard_01.sms_20250818
[2025-09-21 01:28:42.830] WARN  [MultiTableRepo.sms] Table does not exist: sms_shard_01.sms_20250819
[2025-09-21 01:28:42.830] WARN  [MultiTableRepo.sms] Table does not exist: sms_shard_01.sms_20250820
[2025-09-21 01:28:42.831] WARN  [MultiTableRepo.sms] Table does not exist: sms_shard_01.sms_20250821
[2025-09-21 01:28:42.832] WARN  [MultiTableRepo.sms] Table does not exist: sms_shard_01.sms_20250822
[2025-09-21 01:28:42.833] WARN  [MultiTableRepo.sms] Table does not exist: sms_shard_01.sms_20250823
[2025-09-21 01:28:42.834] WARN  [MultiTableRepo.sms] Table does not exist: sms_shard_01.sms_20250824
[2025-09-21 01:28:42.835] WARN  [MultiTableRepo.sms] Table does not exist: sms_shard_01.sms_20250825
[2025-09-21 01:28:42.835] WARN  [MultiTableRepo.sms] Table does not exist: sms_shard_01.sms_20250826
[2025-09-21 01:28:42.836] WARN  [MultiTableRepo.sms] Table does not exist: sms_shard_01.sms_20250827
[2025-09-21 01:28:42.837] WARN  [MultiTableRepo.sms] Table does not exist: sms_shard_01.sms_20250828
[2025-09-21 01:28:42.838] WARN  [MultiTableRepo.sms] Table does not exist: sms_shard_01.sms_20250829
[2025-09-21 01:28:42.839] WARN  [MultiTableRepo.sms] Table does not exist: sms_shard_01.sms_20250830
[2025-09-21 01:28:42.840] WARN  [MultiTableRepo.sms] Table does not exist: sms_shard_01.sms_20250831
[2025-09-21 01:28:42.841] WARN  [MultiTableRepo.sms] Table does not exist: sms_shard_01.sms_20250901
[2025-09-21 01:28:42.842] WARN  [MultiTableRepo.sms] Table does not exist: sms_shard_01.sms_20250902
[2025-09-21 01:28:42.843] WARN  [MultiTableRepo.sms] Table does not exist: sms_shard_01.sms_20250903
[2025-09-21 01:28:42.844] WARN  [MultiTableRepo.sms] Table does not exist: sms_shard_01.sms_20250904
[2025-09-21 01:28:42.845] WARN  [MultiTableRepo.sms] Table does not exist: sms_shard_01.sms_20250905
[2025-09-21 01:28:42.909] WARN  [MultiTableRepo.sms] Table does not exist: sms_shard_01.sms_20250815
[2025-09-21 01:28:42.910] WARN  [MultiTableRepo.sms] Table does not exist: sms_shard_01.sms_20250816
[2025-09-21 01:28:42.911] WARN  [MultiTableRepo.sms] Table does not exist: sms_shard_01.sms_20250817
[2025-09-21 01:28:42.912] WARN  [MultiTableRepo.sms] Table does not exist: sms_shard_01.sms_20250818
[2025-09-21 01:28:42.913] WARN  [MultiTableRepo.sms] Table does not exist: sms_shard_01.sms_20250819
[2025-09-21 01:28:42.914] WARN  [MultiTableRepo.sms] Table does not exist: sms_shard_01.sms_20250820
[2025-09-21 01:28:42.915] WARN  [MultiTableRepo.sms] Table does not exist: sms_shard_01.sms_20250821
[2025-09-21 01:28:42.916] WARN  [MultiTableRepo.sms] Table does not exist: sms_shard_01.sms_20250822
[2025-09-21 01:28:42.917] WARN  [MultiTableRepo.sms] Table does not exist: sms_shard_01.sms_20250823
[2025-09-21 01:28:42.918] WARN  [MultiTableRepo.sms] Table does not exist: sms_shard_01.sms_20250824
[2025-09-21 01:28:42.918] WARN  [MultiTableRepo.sms] Table does not exist: sms_shard_01.sms_20250825
[2025-09-21 01:28:42.919] WARN  [MultiTableRepo.sms] Table does not exist: sms_shard_01.sms_20250826
[2025-09-21 01:28:42.920] WARN  [MultiTableRepo.sms] Table does not exist: sms_shard_01.sms_20250827
[2025-09-21 01:28:42.921] WARN  [MultiTableRepo.sms] Table does not exist: sms_shard_01.sms_20250828
[2025-09-21 01:28:42.922] WARN  [MultiTableRepo.sms] Table does not exist: sms_shard_01.sms_20250829
[2025-09-21 01:28:42.923] WARN  [MultiTableRepo.sms] Table does not exist: sms_shard_01.sms_20250830
[2025-09-21 01:28:42.924] WARN  [MultiTableRepo.sms] Table does not exist: sms_shard_01.sms_20250831
[2025-09-21 01:28:42.925] WARN  [MultiTableRepo.sms] Table does not exist: sms_shard_01.sms_20250901
[2025-09-21 01:28:42.926] WARN  [MultiTableRepo.sms] Table does not exist: sms_shard_01.sms_20250902
[2025-09-21 01:28:42.927] WARN  [MultiTableRepo.sms] Table does not exist: sms_shard_01.sms_20250903
[2025-09-21 01:28:42.927] WARN  [MultiTableRepo.sms] Table does not exist: sms_shard_01.sms_20250904
[2025-09-21 01:28:42.928] WARN  [MultiTableRepo.sms] Table does not exist: sms_shard_01.sms_20250905
[2025-09-21 01:28:43.124] WARN  [MultiTableRepo.sms] Table does not exist: sms_shard_01.sms_20250821
[2025-09-21 01:28:43.125] WARN  [MultiTableRepo.sms] Table does not exist: sms_shard_01.sms_20250822
[2025-09-21 01:28:43.126] WARN  [MultiTableRepo.sms] Table does not exist: sms_shard_01.sms_20250823
[2025-09-21 01:28:43.127] WARN  [MultiTableRepo.sms] Table does not exist: sms_shard_01.sms_20250824
[2025-09-21 01:28:43.128] WARN  [MultiTableRepo.sms] Table does not exist: sms_shard_01.sms_20250825
[2025-09-21 01:28:43.128] WARN  [MultiTableRepo.sms] Table does not exist: sms_shard_01.sms_20250826
[2025-09-21 01:28:43.129] WARN  [MultiTableRepo.sms] Table does not exist: sms_shard_01.sms_20250827
[2025-09-21 01:28:43.130] WARN  [MultiTableRepo.sms] Table does not exist: sms_shard_01.sms_20250828
[2025-09-21 01:28:43.131] WARN  [MultiTableRepo.sms] Table does not exist: sms_shard_01.sms_20250829
[2025-09-21 01:28:43.132] WARN  [MultiTableRepo.sms] Table does not exist: sms_shard_01.sms_20250830
[2025-09-21 01:28:43.133] WARN  [MultiTableRepo.sms] Table does not exist: sms_shard_01.sms_20250831
[2025-09-21 01:28:43.133] WARN  [MultiTableRepo.sms] Table does not exist: sms_shard_01.sms_20250901
[2025-09-21 01:28:43.134] WARN  [MultiTableRepo.sms] Table does not exist: sms_shard_01.sms_20250902
[2025-09-21 01:28:43.135] WARN  [MultiTableRepo.sms] Table does not exist: sms_shard_01.sms_20250903
[2025-09-21 01:28:43.136] WARN  [MultiTableRepo.sms] Table does not exist: sms_shard_01.sms_20250904
[2025-09-21 01:28:43.136] WARN  [MultiTableRepo.sms] Table does not exist: sms_shard_01.sms_20250905
[2025-09-21 01:28:43.205] WARN  [MultiTableRepo.sms] Table does not exist: sms_shard_01.sms_20250818
[2025-09-21 01:28:43.206] WARN  [MultiTableRepo.sms] Table does not exist: sms_shard_01.sms_20250819
[2025-09-21 01:28:43.207] WARN  [MultiTableRepo.sms] Table does not exist: sms_shard_01.sms_20250820
[2025-09-21 01:28:43.208] WARN  [MultiTableRepo.sms] Table does not exist: sms_shard_01.sms_20250821
[2025-09-21 01:28:43.209] WARN  [MultiTableRepo.sms] Table does not exist: sms_shard_01.sms_20250822
[2025-09-21 01:28:43.210] WARN  [MultiTableRepo.sms] Table does not exist: sms_shard_01.sms_20250823
[2025-09-21 01:28:43.211] WARN  [MultiTableRepo.sms] Table does not exist: sms_shard_01.sms_20250824
[2025-09-21 01:28:43.214] WARN  [MultiTableRepo.sms] Table does not exist: sms_shard_01.sms_20250825
[2025-09-21 01:28:43.215] WARN  [MultiTableRepo.sms] Table does not exist: sms_shard_01.sms_20250826
[2025-09-21 01:28:43.217] WARN  [MultiTableRepo.sms] Table does not exist: sms_shard_01.sms_20250827
[2025-09-21 01:28:43.218] WARN  [MultiTableRepo.sms] Table does not exist: sms_shard_01.sms_20250828
[2025-09-21 01:28:43.219] WARN  [MultiTableRepo.sms] Table does not exist: sms_shard_01.sms_20250829
[2025-09-21 01:28:43.220] WARN  [MultiTableRepo.sms] Table does not exist: sms_shard_01.sms_20250830
[2025-09-21 01:28:43.221] WARN  [MultiTableRepo.sms] Table does not exist: sms_shard_01.sms_20250831
[2025-09-21 01:28:43.222] WARN  [MultiTableRepo.sms] Table does not exist: sms_shard_01.sms_20250901
[2025-09-21 01:28:43.223] WARN  [MultiTableRepo.sms] Table does not exist: sms_shard_01.sms_20250902
[2025-09-21 01:28:43.225] WARN  [MultiTableRepo.sms] Table does not exist: sms_shard_01.sms_20250903
[2025-09-21 01:28:43.226] WARN  [MultiTableRepo.sms] Table does not exist: sms_shard_01.sms_20250904
[2025-09-21 01:28:43.227] WARN  [MultiTableRepo.sms] Table does not exist: sms_shard_01.sms_20250905
[2025-09-21 01:28:43.363] WARN  [MultiTableRepo.sms] Table does not exist: sms_shard_01.sms_20250821
[2025-09-21 01:28:43.364] WARN  [MultiTableRepo.sms] Table does not exist: sms_shard_01.sms_20250822
[2025-09-21 01:28:43.364] WARN  [MultiTableRepo.sms] Table does not exist: sms_shard_01.sms_20250823
[2025-09-21 01:28:43.365] WARN  [MultiTableRepo.sms] Table does not exist: sms_shard_01.sms_20250824
[2025-09-21 01:28:43.366] WARN  [MultiTableRepo.sms] Table does not exist: sms_shard_01.sms_20250825
[2025-09-21 01:28:43.367] WARN  [MultiTableRepo.sms] Table does not exist: sms_shard_01.sms_20250826
[2025-09-21 01:28:43.368] WARN  [MultiTableRepo.sms] Table does not exist: sms_shard_01.sms_20250827
[2025-09-21 01:28:43.369] WARN  [MultiTableRepo.sms] Table does not exist: sms_shard_01.sms_20250828
[2025-09-21 01:28:43.370] WARN  [MultiTableRepo.sms] Table does not exist: sms_shard_01.sms_20250829
[2025-09-21 01:28:43.371] WARN  [MultiTableRepo.sms] Table does not exist: sms_shard_01.sms_20250830
[2025-09-21 01:28:43.372] WARN  [MultiTableRepo.sms] Table does not exist: sms_shard_01.sms_20250831
[2025-09-21 01:28:43.373] WARN  [MultiTableRepo.sms] Table does not exist: sms_shard_01.sms_20250901
[2025-09-21 01:28:43.373] WARN  [MultiTableRepo.sms] Table does not exist: sms_shard_01.sms_20250902
[2025-09-21 01:28:43.374] WARN  [MultiTableRepo.sms] Table does not exist: sms_shard_01.sms_20250903
[2025-09-21 01:28:43.375] WARN  [MultiTableRepo.sms] Table does not exist: sms_shard_01.sms_20250904
[2025-09-21 01:28:43.376] WARN  [MultiTableRepo.sms] Table does not exist: sms_shard_01.sms_20250905
[2025-09-21 01:28:43.407] WARN  [MultiTableRepo.sms] Table does not exist: sms_shard_01.sms_20250819
[2025-09-21 01:28:43.408] WARN  [MultiTableRepo.sms] Table does not exist: sms_shard_01.sms_20250820
[2025-09-21 01:28:43.409] WARN  [MultiTableRepo.sms] Table does not exist: sms_shard_01.sms_20250821
[2025-09-21 01:28:43.410] WARN  [MultiTableRepo.sms] Table does not exist: sms_shard_01.sms_20250822
[2025-09-21 01:28:43.412] WARN  [MultiTableRepo.sms] Table does not exist: sms_shard_01.sms_20250823
[2025-09-21 01:28:43.413] WARN  [MultiTableRepo.sms] Table does not exist: sms_shard_01.sms_20250824
[2025-09-21 01:28:43.414] WARN  [MultiTableRepo.sms] Table does not exist: sms_shard_01.sms_20250825
[2025-09-21 01:28:43.415] WARN  [MultiTableRepo.sms] Table does not exist: sms_shard_01.sms_20250826
[2025-09-21 01:28:43.416] WARN  [MultiTableRepo.sms] Table does not exist: sms_shard_01.sms_20250827
[2025-09-21 01:28:43.417] WARN  [MultiTableRepo.sms] Table does not exist: sms_shard_01.sms_20250828
[2025-09-21 01:28:43.418] WARN  [MultiTableRepo.sms] Table does not exist: sms_shard_01.sms_20250829
[2025-09-21 01:28:43.419] WARN  [MultiTableRepo.sms] Table does not exist: sms_shard_01.sms_20250830
[2025-09-21 01:28:43.420] WARN  [MultiTableRepo.sms] Table does not exist: sms_shard_01.sms_20250831
[2025-09-21 01:28:43.421] WARN  [MultiTableRepo.sms] Table does not exist: sms_shard_01.sms_20250901
[2025-09-21 01:28:43.422] WARN  [MultiTableRepo.sms] Table does not exist: sms_shard_01.sms_20250902
[2025-09-21 01:28:43.423] WARN  [MultiTableRepo.sms] Table does not exist: sms_shard_01.sms_20250903
[2025-09-21 01:28:43.424] WARN  [MultiTableRepo.sms] Table does not exist: sms_shard_01.sms_20250904
[2025-09-21 01:28:43.425] WARN  [MultiTableRepo.sms] Table does not exist: sms_shard_01.sms_20250905
[2025-09-21 01:28:43.457] WARN  [MultiTableRepo.sms] Table does not exist: sms_shard_01.sms_20250816
[2025-09-21 01:28:43.458] WARN  [MultiTableRepo.sms] Table does not exist: sms_shard_01.sms_20250817
[2025-09-21 01:28:43.459] WARN  [MultiTableRepo.sms] Table does not exist: sms_shard_01.sms_20250818
[2025-09-21 01:28:43.460] WARN  [MultiTableRepo.sms] Table does not exist: sms_shard_01.sms_20250819
[2025-09-21 01:28:43.462] WARN  [MultiTableRepo.sms] Table does not exist: sms_shard_01.sms_20250820
[2025-09-21 01:28:43.465] WARN  [MultiTableRepo.sms] Table does not exist: sms_shard_01.sms_20250821
[2025-09-21 01:28:43.466] WARN  [MultiTableRepo.sms] Table does not exist: sms_shard_01.sms_20250822
[2025-09-21 01:28:43.467] WARN  [MultiTableRepo.sms] Table does not exist: sms_shard_01.sms_20250823
[2025-09-21 01:28:43.468] WARN  [MultiTableRepo.sms] Table does not exist: sms_shard_01.sms_20250824
[2025-09-21 01:28:43.469] WARN  [MultiTableRepo.sms] Table does not exist: sms_shard_01.sms_20250825
[2025-09-21 01:28:43.470] WARN  [MultiTableRepo.sms] Table does not exist: sms_shard_01.sms_20250826
[2025-09-21 01:28:43.471] WARN  [MultiTableRepo.sms] Table does not exist: sms_shard_01.sms_20250827
[2025-09-21 01:28:43.472] WARN  [MultiTableRepo.sms] Table does not exist: sms_shard_01.sms_20250828
[2025-09-21 01:28:43.472] WARN  [MultiTableRepo.sms] Table does not exist: sms_shard_01.sms_20250829
[2025-09-21 01:28:43.473] WARN  [MultiTableRepo.sms] Table does not exist: sms_shard_01.sms_20250830
[2025-09-21 01:28:43.474] WARN  [MultiTableRepo.sms] Table does not exist: sms_shard_01.sms_20250831
[2025-09-21 01:28:43.475] WARN  [MultiTableRepo.sms] Table does not exist: sms_shard_01.sms_20250901
[2025-09-21 01:28:43.476] WARN  [MultiTableRepo.sms] Table does not exist: sms_shard_01.sms_20250902
[2025-09-21 01:28:43.477] WARN  [MultiTableRepo.sms] Table does not exist: sms_shard_01.sms_20250903
[2025-09-21 01:28:43.480] WARN  [MultiTableRepo.sms] Table does not exist: sms_shard_01.sms_20250904
[2025-09-21 01:28:43.481] WARN  [MultiTableRepo.sms] Table does not exist: sms_shard_01.sms_20250905
[2025-09-21 01:28:43.531] WARN  [MultiTableRepo.sms] Table does not exist: sms_shard_01.sms_20250820
[2025-09-21 01:28:43.532] WARN  [MultiTableRepo.sms] Table does not exist: sms_shard_01.sms_20250821
[2025-09-21 01:28:43.533] WARN  [MultiTableRepo.sms] Table does not exist: sms_shard_01.sms_20250822
[2025-09-21 01:28:43.534] WARN  [MultiTableRepo.sms] Table does not exist: sms_shard_01.sms_20250823
[2025-09-21 01:28:43.535] WARN  [MultiTableRepo.sms] Table does not exist: sms_shard_01.sms_20250824
[2025-09-21 01:28:43.536] WARN  [MultiTableRepo.sms] Table does not exist: sms_shard_01.sms_20250825
[2025-09-21 01:28:43.537] WARN  [MultiTableRepo.sms] Table does not exist: sms_shard_01.sms_20250826
[2025-09-21 01:28:43.538] WARN  [MultiTableRepo.sms] Table does not exist: sms_shard_01.sms_20250827
[2025-09-21 01:28:43.541] WARN  [MultiTableRepo.sms] Table does not exist: sms_shard_01.sms_20250828
[2025-09-21 01:28:43.542] WARN  [MultiTableRepo.sms] Table does not exist: sms_shard_01.sms_20250829
[2025-09-21 01:28:43.543] WARN  [MultiTableRepo.sms] Table does not exist: sms_shard_01.sms_20250830
[2025-09-21 01:28:43.544] WARN  [MultiTableRepo.sms] Table does not exist: sms_shard_01.sms_20250831
[2025-09-21 01:28:43.545] WARN  [MultiTableRepo.sms] Table does not exist: sms_shard_01.sms_20250901
[2025-09-21 01:28:43.546] WARN  [MultiTableRepo.sms] Table does not exist: sms_shard_01.sms_20250902
[2025-09-21 01:28:43.547] WARN  [MultiTableRepo.sms] Table does not exist: sms_shard_01.sms_20250903
[2025-09-21 01:28:43.548] WARN  [MultiTableRepo.sms] Table does not exist: sms_shard_01.sms_20250904
[2025-09-21 01:28:43.549] WARN  [MultiTableRepo.sms] Table does not exist: sms_shard_01.sms_20250905
[2025-09-21 01:28:43.622] WARN  [MultiTableRepo.sms] Table does not exist: sms_shard_01.sms_20250819
[2025-09-21 01:28:43.623] WARN  [MultiTableRepo.sms] Table does not exist: sms_shard_01.sms_20250820
[2025-09-21 01:28:43.624] WARN  [MultiTableRepo.sms] Table does not exist: sms_shard_01.sms_20250821
[2025-09-21 01:28:43.625] WARN  [MultiTableRepo.sms] Table does not exist: sms_shard_01.sms_20250822
[2025-09-21 01:28:43.625] WARN  [MultiTableRepo.sms] Table does not exist: sms_shard_01.sms_20250823
[2025-09-21 01:28:43.626] WARN  [MultiTableRepo.sms] Table does not exist: sms_shard_01.sms_20250824
[2025-09-21 01:28:43.627] WARN  [MultiTableRepo.sms] Table does not exist: sms_shard_01.sms_20250825
[2025-09-21 01:28:43.628] WARN  [MultiTableRepo.sms] Table does not exist: sms_shard_01.sms_20250826
[2025-09-21 01:28:43.629] WARN  [MultiTableRepo.sms] Table does not exist: sms_shard_01.sms_20250827
[2025-09-21 01:28:43.630] WARN  [MultiTableRepo.sms] Table does not exist: sms_shard_01.sms_20250828
[2025-09-21 01:28:43.631] WARN  [MultiTableRepo.sms] Table does not exist: sms_shard_01.sms_20250829
[2025-09-21 01:28:43.632] WARN  [MultiTableRepo.sms] Table does not exist: sms_shard_01.sms_20250830
[2025-09-21 01:28:43.632] WARN  [MultiTableRepo.sms] Table does not exist: sms_shard_01.sms_20250831
[2025-09-21 01:28:43.633] WARN  [MultiTableRepo.sms] Table does not exist: sms_shard_01.sms_20250901
[2025-09-21 01:28:43.634] WARN  [MultiTableRepo.sms] Table does not exist: sms_shard_01.sms_20250902
[2025-09-21 01:28:43.635] WARN  [MultiTableRepo.sms] Table does not exist: sms_shard_01.sms_20250903
[2025-09-21 01:28:43.636] WARN  [MultiTableRepo.sms] Table does not exist: sms_shard_01.sms_20250904
[2025-09-21 01:28:43.637] WARN  [MultiTableRepo.sms] Table does not exist: sms_shard_01.sms_20250905
[2025-09-21 01:28:43.669] WARN  [MultiTableRepo.sms] Table does not exist: sms_shard_01.sms_20250819
[2025-09-21 01:28:43.670] WARN  [MultiTableRepo.sms] Table does not exist: sms_shard_01.sms_20250820
[2025-09-21 01:28:43.671] WARN  [MultiTableRepo.sms] Table does not exist: sms_shard_01.sms_20250821
[2025-09-21 01:28:43.672] WARN  [MultiTableRepo.sms] Table does not exist: sms_shard_01.sms_20250822
[2025-09-21 01:28:43.673] WARN  [MultiTableRepo.sms] Table does not exist: sms_shard_01.sms_20250823
[2025-09-21 01:28:43.674] WARN  [MultiTableRepo.sms] Table does not exist: sms_shard_01.sms_20250824
[2025-09-21 01:28:43.675] WARN  [MultiTableRepo.sms] Table does not exist: sms_shard_01.sms_20250825
[2025-09-21 01:28:43.676] WARN  [MultiTableRepo.sms] Table does not exist: sms_shard_01.sms_20250826
[2025-09-21 01:28:43.676] WARN  [MultiTableRepo.sms] Table does not exist: sms_shard_01.sms_20250827
[2025-09-21 01:28:43.677] WARN  [MultiTableRepo.sms] Table does not exist: sms_shard_01.sms_20250828
[2025-09-21 01:28:43.678] WARN  [MultiTableRepo.sms] Table does not exist: sms_shard_01.sms_20250829
[2025-09-21 01:28:43.679] WARN  [MultiTableRepo.sms] Table does not exist: sms_shard_01.sms_20250830
[2025-09-21 01:28:43.680] WARN  [MultiTableRepo.sms] Table does not exist: sms_shard_01.sms_20250831
[2025-09-21 01:28:43.680] WARN  [MultiTableRepo.sms] Table does not exist: sms_shard_01.sms_20250901
[2025-09-21 01:28:43.681] WARN  [MultiTableRepo.sms] Table does not exist: sms_shard_01.sms_20250902
[2025-09-21 01:28:43.682] WARN  [MultiTableRepo.sms] Table does not exist: sms_shard_01.sms_20250903
[2025-09-21 01:28:43.683] WARN  [MultiTableRepo.sms] Table does not exist: sms_shard_01.sms_20250904
[2025-09-21 01:28:43.684] WARN  [MultiTableRepo.sms] Table does not exist: sms_shard_01.sms_20250905
[2025-09-21 01:28:43.719] WARN  [MultiTableRepo.sms] Table does not exist: sms_shard_01.sms_20250821
[2025-09-21 01:28:43.720] WARN  [MultiTableRepo.sms] Table does not exist: sms_shard_01.sms_20250822
[2025-09-21 01:28:43.723] WARN  [MultiTableRepo.sms] Table does not exist: sms_shard_01.sms_20250823
[2025-09-21 01:28:43.724] WARN  [MultiTableRepo.sms] Table does not exist: sms_shard_01.sms_20250824
[2025-09-21 01:28:43.725] WARN  [MultiTableRepo.sms] Table does not exist: sms_shard_01.sms_20250825
[2025-09-21 01:28:43.726] WARN  [MultiTableRepo.sms] Table does not exist: sms_shard_01.sms_20250826
[2025-09-21 01:28:43.727] WARN  [MultiTableRepo.sms] Table does not exist: sms_shard_01.sms_20250827
[2025-09-21 01:28:43.728] WARN  [MultiTableRepo.sms] Table does not exist: sms_shard_01.sms_20250828
[2025-09-21 01:28:43.729] WARN  [MultiTableRepo.sms] Table does not exist: sms_shard_01.sms_20250829
[2025-09-21 01:28:43.730] WARN  [MultiTableRepo.sms] Table does not exist: sms_shard_01.sms_20250830
[2025-09-21 01:28:43.731] WARN  [MultiTableRepo.sms] Table does not exist: sms_shard_01.sms_20250831
[2025-09-21 01:28:43.732] WARN  [MultiTableRepo.sms] Table does not exist: sms_shard_01.sms_20250901
[2025-09-21 01:28:43.733] WARN  [MultiTableRepo.sms] Table does not exist: sms_shard_01.sms_20250902
[2025-09-21 01:28:43.734] WARN  [MultiTableRepo.sms] Table does not exist: sms_shard_01.sms_20250903
[2025-09-21 01:28:43.735] WARN  [MultiTableRepo.sms] Table does not exist: sms_shard_01.sms_20250904
[2025-09-21 01:28:43.736] WARN  [MultiTableRepo.sms] Table does not exist: sms_shard_01.sms_20250905
[2025-09-21 01:28:43.800] WARN  [MultiTableRepo.sms] Table does not exist: sms_shard_01.sms_20250821
[2025-09-21 01:28:43.801] WARN  [MultiTableRepo.sms] Table does not exist: sms_shard_01.sms_20250822
[2025-09-21 01:28:43.802] WARN  [MultiTableRepo.sms] Table does not exist: sms_shard_01.sms_20250823
[2025-09-21 01:28:43.803] WARN  [MultiTableRepo.sms] Table does not exist: sms_shard_01.sms_20250824
[2025-09-21 01:28:43.804] WARN  [MultiTableRepo.sms] Table does not exist: sms_shard_01.sms_20250825
[2025-09-21 01:28:43.805] WARN  [MultiTableRepo.sms] Table does not exist: sms_shard_01.sms_20250826
[2025-09-21 01:28:43.805] WARN  [MultiTableRepo.sms] Table does not exist: sms_shard_01.sms_20250827
[2025-09-21 01:28:43.806] WARN  [MultiTableRepo.sms] Table does not exist: sms_shard_01.sms_20250828
[2025-09-21 01:28:43.807] WARN  [MultiTableRepo.sms] Table does not exist: sms_shard_01.sms_20250829
[2025-09-21 01:28:43.808] WARN  [MultiTableRepo.sms] Table does not exist: sms_shard_01.sms_20250830
[2025-09-21 01:28:43.809] WARN  [MultiTableRepo.sms] Table does not exist: sms_shard_01.sms_20250831
[2025-09-21 01:28:43.809] WARN  [MultiTableRepo.sms] Table does not exist: sms_shard_01.sms_20250901
[2025-09-21 01:28:43.810] WARN  [MultiTableRepo.sms] Table does not exist: sms_shard_01.sms_20250902
[2025-09-21 01:28:43.811] WARN  [MultiTableRepo.sms] Table does not exist: sms_shard_01.sms_20250903
[2025-09-21 01:28:43.812] WARN  [MultiTableRepo.sms] Table does not exist: sms_shard_01.sms_20250904
[2025-09-21 01:28:43.813] WARN  [MultiTableRepo.sms] Table does not exist: sms_shard_01.sms_20250905
[2025-09-21 01:28:43.850] WARN  [MultiTableRepo.sms] Table does not exist: sms_shard_01.sms_20250820
[2025-09-21 01:28:43.851] WARN  [MultiTableRepo.sms] Table does not exist: sms_shard_01.sms_20250821
[2025-09-21 01:28:43.852] WARN  [MultiTableRepo.sms] Table does not exist: sms_shard_01.sms_20250822
[2025-09-21 01:28:43.853] WARN  [MultiTableRepo.sms] Table does not exist: sms_shard_01.sms_20250823
[2025-09-21 01:28:43.853] WARN  [MultiTableRepo.sms] Table does not exist: sms_shard_01.sms_20250824
[2025-09-21 01:28:43.854] WARN  [MultiTableRepo.sms] Table does not exist: sms_shard_01.sms_20250825
[2025-09-21 01:28:43.855] WARN  [MultiTableRepo.sms] Table does not exist: sms_shard_01.sms_20250826
[2025-09-21 01:28:43.856] WARN  [MultiTableRepo.sms] Table does not exist: sms_shard_01.sms_20250827
[2025-09-21 01:28:43.857] WARN  [MultiTableRepo.sms] Table does not exist: sms_shard_01.sms_20250828
[2025-09-21 01:28:43.858] WARN  [MultiTableRepo.sms] Table does not exist: sms_shard_01.sms_20250829
[2025-09-21 01:28:43.858] WARN  [MultiTableRepo.sms] Table does not exist: sms_shard_01.sms_20250830
[2025-09-21 01:28:43.859] WARN  [MultiTableRepo.sms] Table does not exist: sms_shard_01.sms_20250831
[2025-09-21 01:28:43.860] WARN  [MultiTableRepo.sms] Table does not exist: sms_shard_01.sms_20250901
[2025-09-21 01:28:43.861] WARN  [MultiTableRepo.sms] Table does not exist: sms_shard_01.sms_20250902
[2025-09-21 01:28:43.862] WARN  [MultiTableRepo.sms] Table does not exist: sms_shard_01.sms_20250903
[2025-09-21 01:28:43.863] WARN  [MultiTableRepo.sms] Table does not exist: sms_shard_01.sms_20250904
[2025-09-21 01:28:43.864] WARN  [MultiTableRepo.sms] Table does not exist: sms_shard_01.sms_20250905
[2025-09-21 01:28:43.946] WARN  [MultiTableRepo.sms] Table does not exist: sms_shard_01.sms_20250815
[2025-09-21 01:28:43.947] WARN  [MultiTableRepo.sms] Table does not exist: sms_shard_01.sms_20250816
[2025-09-21 01:28:43.948] WARN  [MultiTableRepo.sms] Table does not exist: sms_shard_01.sms_20250817
[2025-09-21 01:28:43.949] WARN  [MultiTableRepo.sms] Table does not exist: sms_shard_01.sms_20250818
[2025-09-21 01:28:43.950] WARN  [MultiTableRepo.sms] Table does not exist: sms_shard_01.sms_20250819
[2025-09-21 01:28:43.951] WARN  [MultiTableRepo.sms] Table does not exist: sms_shard_01.sms_20250820
[2025-09-21 01:28:43.954] WARN  [MultiTableRepo.sms] Table does not exist: sms_shard_01.sms_20250821
[2025-09-21 01:28:43.955] WARN  [MultiTableRepo.sms] Table does not exist: sms_shard_01.sms_20250822
[2025-09-21 01:28:43.956] WARN  [MultiTableRepo.sms] Table does not exist: sms_shard_01.sms_20250823
[2025-09-21 01:28:43.957] WARN  [MultiTableRepo.sms] Table does not exist: sms_shard_01.sms_20250824
[2025-09-21 01:28:43.958] WARN  [MultiTableRepo.sms] Table does not exist: sms_shard_01.sms_20250825
[2025-09-21 01:28:43.958] WARN  [MultiTableRepo.sms] Table does not exist: sms_shard_01.sms_20250826
[2025-09-21 01:28:43.959] WARN  [MultiTableRepo.sms] Table does not exist: sms_shard_01.sms_20250827
[2025-09-21 01:28:43.960] WARN  [MultiTableRepo.sms] Table does not exist: sms_shard_01.sms_20250828
[2025-09-21 01:28:43.961] WARN  [MultiTableRepo.sms] Table does not exist: sms_shard_01.sms_20250829
[2025-09-21 01:28:43.965] WARN  [MultiTableRepo.sms] Table does not exist: sms_shard_01.sms_20250830
[2025-09-21 01:28:43.967] WARN  [MultiTableRepo.sms] Table does not exist: sms_shard_01.sms_20250831
[2025-09-21 01:28:43.971] WARN  [MultiTableRepo.sms] Table does not exist: sms_shard_01.sms_20250901
[2025-09-21 01:28:43.972] WARN  [MultiTableRepo.sms] Table does not exist: sms_shard_01.sms_20250902
[2025-09-21 01:28:43.973] WARN  [MultiTableRepo.sms] Table does not exist: sms_shard_01.sms_20250903
[2025-09-21 01:28:43.974] WARN  [MultiTableRepo.sms] Table does not exist: sms_shard_01.sms_20250904
[2025-09-21 01:28:43.975] WARN  [MultiTableRepo.sms] Table does not exist: sms_shard_01.sms_20250905
[2025-09-21 01:28:44.042] WARN  [MultiTableRepo.sms] Table does not exist: sms_shard_01.sms_20250815
[2025-09-21 01:28:44.043] WARN  [MultiTableRepo.sms] Table does not exist: sms_shard_01.sms_20250816
[2025-09-21 01:28:44.043] WARN  [MultiTableRepo.sms] Table does not exist: sms_shard_01.sms_20250817
[2025-09-21 01:28:44.044] WARN  [MultiTableRepo.sms] Table does not exist: sms_shard_01.sms_20250818
[2025-09-21 01:28:44.045] WARN  [MultiTableRepo.sms] Table does not exist: sms_shard_01.sms_20250819
[2025-09-21 01:28:44.046] WARN  [MultiTableRepo.sms] Table does not exist: sms_shard_01.sms_20250820
[2025-09-21 01:28:44.046] WARN  [MultiTableRepo.sms] Table does not exist: sms_shard_01.sms_20250821
[2025-09-21 01:28:44.047] WARN  [MultiTableRepo.sms] Table does not exist: sms_shard_01.sms_20250822
[2025-09-21 01:28:44.048] WARN  [MultiTableRepo.sms] Table does not exist: sms_shard_01.sms_20250823
[2025-09-21 01:28:44.049] WARN  [MultiTableRepo.sms] Table does not exist: sms_shard_01.sms_20250824
[2025-09-21 01:28:44.050] WARN  [MultiTableRepo.sms] Table does not exist: sms_shard_01.sms_20250825
[2025-09-21 01:28:44.051] WARN  [MultiTableRepo.sms] Table does not exist: sms_shard_01.sms_20250826
[2025-09-21 01:28:44.051] WARN  [MultiTableRepo.sms] Table does not exist: sms_shard_01.sms_20250827
[2025-09-21 01:28:44.052] WARN  [MultiTableRepo.sms] Table does not exist: sms_shard_01.sms_20250828
[2025-09-21 01:28:44.053] WARN  [MultiTableRepo.sms] Table does not exist: sms_shard_01.sms_20250829
[2025-09-21 01:28:44.054] WARN  [MultiTableRepo.sms] Table does not exist: sms_shard_01.sms_20250830
[2025-09-21 01:28:44.055] WARN  [MultiTableRepo.sms] Table does not exist: sms_shard_01.sms_20250831
[2025-09-21 01:28:44.055] WARN  [MultiTableRepo.sms] Table does not exist: sms_shard_01.sms_20250901
[2025-09-21 01:28:44.056] WARN  [MultiTableRepo.sms] Table does not exist: sms_shard_01.sms_20250902
[2025-09-21 01:28:44.057] WARN  [MultiTableRepo.sms] Table does not exist: sms_shard_01.sms_20250903
[2025-09-21 01:28:44.058] WARN  [MultiTableRepo.sms] Table does not exist: sms_shard_01.sms_20250904
[2025-09-21 01:28:44.059] WARN  [MultiTableRepo.sms] Table does not exist: sms_shard_01.sms_20250905
[2025-09-21 01:28:44.078] WARN  [MultiTableRepo.sms] Table does not exist: sms_shard_01.sms_20250818
[2025-09-21 01:28:44.079] WARN  [MultiTableRepo.sms] Table does not exist: sms_shard_01.sms_20250819
[2025-09-21 01:28:44.080] WARN  [MultiTableRepo.sms] Table does not exist: sms_shard_01.sms_20250820
[2025-09-21 01:28:44.081] WARN  [MultiTableRepo.sms] Table does not exist: sms_shard_01.sms_20250821
[2025-09-21 01:28:44.081] WARN  [MultiTableRepo.sms] Table does not exist: sms_shard_01.sms_20250822
[2025-09-21 01:28:44.082] WARN  [MultiTableRepo.sms] Table does not exist: sms_shard_01.sms_20250823
[2025-09-21 01:28:44.083] WARN  [MultiTableRepo.sms] Table does not exist: sms_shard_01.sms_20250824
[2025-09-21 01:28:44.084] WARN  [MultiTableRepo.sms] Table does not exist: sms_shard_01.sms_20250825
[2025-09-21 01:28:44.085] WARN  [MultiTableRepo.sms] Table does not exist: sms_shard_01.sms_20250826
[2025-09-21 01:28:44.085] WARN  [MultiTableRepo.sms] Table does not exist: sms_shard_01.sms_20250827
[2025-09-21 01:28:44.086] WARN  [MultiTableRepo.sms] Table does not exist: sms_shard_01.sms_20250828
[2025-09-21 01:28:44.087] WARN  [MultiTableRepo.sms] Table does not exist: sms_shard_01.sms_20250829
[2025-09-21 01:28:44.088] WARN  [MultiTableRepo.sms] Table does not exist: sms_shard_01.sms_20250830
[2025-09-21 01:28:44.089] WARN  [MultiTableRepo.sms] Table does not exist: sms_shard_01.sms_20250831
[2025-09-21 01:28:44.090] WARN  [MultiTableRepo.sms] Table does not exist: sms_shard_01.sms_20250901
[2025-09-21 01:28:44.091] WARN  [MultiTableRepo.sms] Table does not exist: sms_shard_01.sms_20250902
[2025-09-21 01:28:44.091] WARN  [MultiTableRepo.sms] Table does not exist: sms_shard_01.sms_20250903
[2025-09-21 01:28:44.092] WARN  [MultiTableRepo.sms] Table does not exist: sms_shard_01.sms_20250904
[2025-09-21 01:28:44.093] WARN  [MultiTableRepo.sms] Table does not exist: sms_shard_01.sms_20250905
[2025-09-21 01:28:44.134] WARN  [MultiTableRepo.sms] Table does not exist: sms_shard_01.sms_20250817
[2025-09-21 01:28:44.135] WARN  [MultiTableRepo.sms] Table does not exist: sms_shard_01.sms_20250818
[2025-09-21 01:28:44.136] WARN  [MultiTableRepo.sms] Table does not exist: sms_shard_01.sms_20250819
[2025-09-21 01:28:44.137] WARN  [MultiTableRepo.sms] Table does not exist: sms_shard_01.sms_20250820
[2025-09-21 01:28:44.138] WARN  [MultiTableRepo.sms] Table does not exist: sms_shard_01.sms_20250821
[2025-09-21 01:28:44.139] WARN  [MultiTableRepo.sms] Table does not exist: sms_shard_01.sms_20250822
[2025-09-21 01:28:44.140] WARN  [MultiTableRepo.sms] Table does not exist: sms_shard_01.sms_20250823
[2025-09-21 01:28:44.140] WARN  [MultiTableRepo.sms] Table does not exist: sms_shard_01.sms_20250824
[2025-09-21 01:28:44.141] WARN  [MultiTableRepo.sms] Table does not exist: sms_shard_01.sms_20250825
[2025-09-21 01:28:44.142] WARN  [MultiTableRepo.sms] Table does not exist: sms_shard_01.sms_20250826
[2025-09-21 01:28:44.143] WARN  [MultiTableRepo.sms] Table does not exist: sms_shard_01.sms_20250827
[2025-09-21 01:28:44.144] WARN  [MultiTableRepo.sms] Table does not exist: sms_shard_01.sms_20250828
[2025-09-21 01:28:44.144] WARN  [MultiTableRepo.sms] Table does not exist: sms_shard_01.sms_20250829
[2025-09-21 01:28:44.145] WARN  [MultiTableRepo.sms] Table does not exist: sms_shard_01.sms_20250830
[2025-09-21 01:28:44.146] WARN  [MultiTableRepo.sms] Table does not exist: sms_shard_01.sms_20250831
[2025-09-21 01:28:44.147] WARN  [MultiTableRepo.sms] Table does not exist: sms_shard_01.sms_20250901
[2025-09-21 01:28:44.148] WARN  [MultiTableRepo.sms] Table does not exist: sms_shard_01.sms_20250902
[2025-09-21 01:28:44.149] WARN  [MultiTableRepo.sms] Table does not exist: sms_shard_01.sms_20250903
[2025-09-21 01:28:44.150] WARN  [MultiTableRepo.sms] Table does not exist: sms_shard_01.sms_20250904
[2025-09-21 01:28:44.151] WARN  [MultiTableRepo.sms] Table does not exist: sms_shard_01.sms_20250905
[2025-09-21 01:28:44.325] WARN  [MultiTableRepo.sms] Table does not exist: sms_shard_01.sms_20250818
[2025-09-21 01:28:44.326] WARN  [MultiTableRepo.sms] Table does not exist: sms_shard_01.sms_20250819
[2025-09-21 01:28:44.327] WARN  [MultiTableRepo.sms] Table does not exist: sms_shard_01.sms_20250820
[2025-09-21 01:28:44.328] WARN  [MultiTableRepo.sms] Table does not exist: sms_shard_01.sms_20250821
[2025-09-21 01:28:44.329] WARN  [MultiTableRepo.sms] Table does not exist: sms_shard_01.sms_20250822
[2025-09-21 01:28:44.330] WARN  [MultiTableRepo.sms] Table does not exist: sms_shard_01.sms_20250823
[2025-09-21 01:28:44.331] WARN  [MultiTableRepo.sms] Table does not exist: sms_shard_01.sms_20250824
[2025-09-21 01:28:44.332] WARN  [MultiTableRepo.sms] Table does not exist: sms_shard_01.sms_20250825
[2025-09-21 01:28:44.332] WARN  [MultiTableRepo.sms] Table does not exist: sms_shard_01.sms_20250826
[2025-09-21 01:28:44.333] WARN  [MultiTableRepo.sms] Table does not exist: sms_shard_01.sms_20250827
[2025-09-21 01:28:44.334] WARN  [MultiTableRepo.sms] Table does not exist: sms_shard_01.sms_20250828
[2025-09-21 01:28:44.335] WARN  [MultiTableRepo.sms] Table does not exist: sms_shard_01.sms_20250829
[2025-09-21 01:28:44.336] WARN  [MultiTableRepo.sms] Table does not exist: sms_shard_01.sms_20250830
[2025-09-21 01:28:44.337] WARN  [MultiTableRepo.sms] Table does not exist: sms_shard_01.sms_20250831
[2025-09-21 01:28:44.338] WARN  [MultiTableRepo.sms] Table does not exist: sms_shard_01.sms_20250901
[2025-09-21 01:28:44.339] WARN  [MultiTableRepo.sms] Table does not exist: sms_shard_01.sms_20250902
[2025-09-21 01:28:44.339] WARN  [MultiTableRepo.sms] Table does not exist: sms_shard_01.sms_20250903
[2025-09-21 01:28:44.340] WARN  [MultiTableRepo.sms] Table does not exist: sms_shard_01.sms_20250904
[2025-09-21 01:28:44.341] WARN  [MultiTableRepo.sms] Table does not exist: sms_shard_01.sms_20250905
[2025-09-21 01:28:44.380] WARN  [MultiTableRepo.sms] Table does not exist: sms_shard_01.sms_20250815
[2025-09-21 01:28:44.381] WARN  [MultiTableRepo.sms] Table does not exist: sms_shard_01.sms_20250816
[2025-09-21 01:28:44.382] WARN  [MultiTableRepo.sms] Table does not exist: sms_shard_01.sms_20250817
[2025-09-21 01:28:44.383] WARN  [MultiTableRepo.sms] Table does not exist: sms_shard_01.sms_20250818
[2025-09-21 01:28:44.384] WARN  [MultiTableRepo.sms] Table does not exist: sms_shard_01.sms_20250819
[2025-09-21 01:28:44.385] WARN  [MultiTableRepo.sms] Table does not exist: sms_shard_01.sms_20250820
[2025-09-21 01:28:44.386] WARN  [MultiTableRepo.sms] Table does not exist: sms_shard_01.sms_20250821
[2025-09-21 01:28:44.386] WARN  [MultiTableRepo.sms] Table does not exist: sms_shard_01.sms_20250822
[2025-09-21 01:28:44.387] WARN  [MultiTableRepo.sms] Table does not exist: sms_shard_01.sms_20250823
[2025-09-21 01:28:44.388] WARN  [MultiTableRepo.sms] Table does not exist: sms_shard_01.sms_20250824
[2025-09-21 01:28:44.389] WARN  [MultiTableRepo.sms] Table does not exist: sms_shard_01.sms_20250825
[2025-09-21 01:28:44.390] WARN  [MultiTableRepo.sms] Table does not exist: sms_shard_01.sms_20250826
[2025-09-21 01:28:44.391] WARN  [MultiTableRepo.sms] Table does not exist: sms_shard_01.sms_20250827
[2025-09-21 01:28:44.392] WARN  [MultiTableRepo.sms] Table does not exist: sms_shard_01.sms_20250828
[2025-09-21 01:28:44.393] WARN  [MultiTableRepo.sms] Table does not exist: sms_shard_01.sms_20250829
[2025-09-21 01:28:44.394] WARN  [MultiTableRepo.sms] Table does not exist: sms_shard_01.sms_20250830
[2025-09-21 01:28:44.395] WARN  [MultiTableRepo.sms] Table does not exist: sms_shard_01.sms_20250831
[2025-09-21 01:28:44.397] WARN  [MultiTableRepo.sms] Table does not exist: sms_shard_01.sms_20250901
[2025-09-21 01:28:44.398] WARN  [MultiTableRepo.sms] Table does not exist: sms_shard_01.sms_20250902
[2025-09-21 01:28:44.399] WARN  [MultiTableRepo.sms] Table does not exist: sms_shard_01.sms_20250903
[2025-09-21 01:28:44.400] WARN  [MultiTableRepo.sms] Table does not exist: sms_shard_01.sms_20250904
[2025-09-21 01:28:44.401] WARN  [MultiTableRepo.sms] Table does not exist: sms_shard_01.sms_20250905
[2025-09-21 01:28:44.548] WARN  [MultiTableRepo.sms] Table does not exist: sms_shard_01.sms_20250821
[2025-09-21 01:28:44.549] WARN  [MultiTableRepo.sms] Table does not exist: sms_shard_01.sms_20250822
[2025-09-21 01:28:44.550] WARN  [MultiTableRepo.sms] Table does not exist: sms_shard_01.sms_20250823
[2025-09-21 01:28:44.551] WARN  [MultiTableRepo.sms] Table does not exist: sms_shard_01.sms_20250824
[2025-09-21 01:28:44.552] WARN  [MultiTableRepo.sms] Table does not exist: sms_shard_01.sms_20250825
[2025-09-21 01:28:44.553] WARN  [MultiTableRepo.sms] Table does not exist: sms_shard_01.sms_20250826
[2025-09-21 01:28:44.554] WARN  [MultiTableRepo.sms] Table does not exist: sms_shard_01.sms_20250827
[2025-09-21 01:28:44.555] WARN  [MultiTableRepo.sms] Table does not exist: sms_shard_01.sms_20250828
[2025-09-21 01:28:44.556] WARN  [MultiTableRepo.sms] Table does not exist: sms_shard_01.sms_20250829
[2025-09-21 01:28:44.557] WARN  [MultiTableRepo.sms] Table does not exist: sms_shard_01.sms_20250830
[2025-09-21 01:28:44.558] WARN  [MultiTableRepo.sms] Table does not exist: sms_shard_01.sms_20250831
[2025-09-21 01:28:44.559] WARN  [MultiTableRepo.sms] Table does not exist: sms_shard_01.sms_20250901
[2025-09-21 01:28:44.560] WARN  [MultiTableRepo.sms] Table does not exist: sms_shard_01.sms_20250902
[2025-09-21 01:28:44.561] WARN  [MultiTableRepo.sms] Table does not exist: sms_shard_01.sms_20250903
[2025-09-21 01:28:44.562] WARN  [MultiTableRepo.sms] Table does not exist: sms_shard_01.sms_20250904
[2025-09-21 01:28:44.563] WARN  [MultiTableRepo.sms] Table does not exist: sms_shard_01.sms_20250905
[2025-09-21 01:28:44.601] WARN  [MultiTableRepo.sms] Table does not exist: sms_shard_01.sms_20250820
[2025-09-21 01:28:44.602] WARN  [MultiTableRepo.sms] Table does not exist: sms_shard_01.sms_20250821
[2025-09-21 01:28:44.602] WARN  [MultiTableRepo.sms] Table does not exist: sms_shard_01.sms_20250822
[2025-09-21 01:28:44.603] WARN  [MultiTableRepo.sms] Table does not exist: sms_shard_01.sms_20250823
[2025-09-21 01:28:44.606] WARN  [MultiTableRepo.sms] Table does not exist: sms_shard_01.sms_20250824
[2025-09-21 01:28:44.607] WARN  [MultiTableRepo.sms] Table does not exist: sms_shard_01.sms_20250825
[2025-09-21 01:28:44.608] WARN  [MultiTableRepo.sms] Table does not exist: sms_shard_01.sms_20250826
[2025-09-21 01:28:44.609] WARN  [MultiTableRepo.sms] Table does not exist: sms_shard_01.sms_20250827
[2025-09-21 01:28:44.610] WARN  [MultiTableRepo.sms] Table does not exist: sms_shard_01.sms_20250828
[2025-09-21 01:28:44.611] WARN  [MultiTableRepo.sms] Table does not exist: sms_shard_01.sms_20250829
[2025-09-21 01:28:44.611] WARN  [MultiTableRepo.sms] Table does not exist: sms_shard_01.sms_20250830
[2025-09-21 01:28:44.613] WARN  [MultiTableRepo.sms] Table does not exist: sms_shard_01.sms_20250831
[2025-09-21 01:28:44.613] WARN  [MultiTableRepo.sms] Table does not exist: sms_shard_01.sms_20250901
[2025-09-21 01:28:44.614] WARN  [MultiTableRepo.sms] Table does not exist: sms_shard_01.sms_20250902
[2025-09-21 01:28:44.615] WARN  [MultiTableRepo.sms] Table does not exist: sms_shard_01.sms_20250903
[2025-09-21 01:28:44.616] WARN  [MultiTableRepo.sms] Table does not exist: sms_shard_01.sms_20250904
[2025-09-21 01:28:44.617] WARN  [MultiTableRepo.sms] Table does not exist: sms_shard_01.sms_20250905
]]></system-err>
  </testcase>
</testsuite>