<?xml version="1.0" encoding="UTF-8"?>
<testsuite xmlns:xsi="http://www.w3.org/2001/XMLSchema-instance" xsi:noNamespaceSchemaLocation="https://maven.apache.org/surefire/maven-surefire-plugin/xsd/surefire-test-report.xsd" version="3.0.2" name="com.telcobright.splitverse.tests.ThreeShardNestedPartitioningTest" time="14.375" tests="5" errors="1" skipped="0" failures="1">
  <properties>
    <property name="java.specification.version" value="21"/>
    <property name="sun.jnu.encoding" value="UTF-8"/>
    <property name="java.class.path" value="/home/mustafa/telcobright-projects/routesphere/split-verse/target/test-classes:/home/mustafa/telcobright-projects/routesphere/split-verse/target/classes:/home/mustafa/.m2/repository/org/slf4j/slf4j-api/1.7.36/slf4j-api-1.7.36.jar:/home/mustafa/.m2/repository/com/mysql/mysql-connector-j/8.0.33/mysql-connector-j-8.0.33.jar:/home/mustafa/.m2/repository/com/telcobright/dbutil/1.0-SNAPSHOT/dbutil-1.0-SNAPSHOT.jar:/home/mustafa/.m2/repository/commons-io/commons-io/2.20.0/commons-io-2.20.0.jar:/home/mustafa/.m2/repository/org/apache/commons/commons-lang3/3.18.0/commons-lang3-3.18.0.jar:/home/mustafa/.m2/repository/ch/qos/logback/logback-classic/1.4.11/logback-classic-1.4.11.jar:/home/mustafa/.m2/repository/ch/qos/logback/logback-core/1.4.11/logback-core-1.4.11.jar:/home/mustafa/.m2/repository/org/springframework/data/spring-data-jpa/2.7.14/spring-data-jpa-2.7.14.jar:/home/mustafa/.m2/repository/org/springframework/data/spring-data-commons/2.7.14/spring-data-commons-2.7.14.jar:/home/mustafa/.m2/repository/org/springframework/spring-orm/5.3.29/spring-orm-5.3.29.jar:/home/mustafa/.m2/repository/org/springframework/spring-jdbc/5.3.29/spring-jdbc-5.3.29.jar:/home/mustafa/.m2/repository/org/springframework/spring-aop/5.3.29/spring-aop-5.3.29.jar:/home/mustafa/.m2/repository/org/springframework/spring-tx/5.3.29/spring-tx-5.3.29.jar:/home/mustafa/.m2/repository/org/springframework/spring-beans/5.3.29/spring-beans-5.3.29.jar:/home/mustafa/.m2/repository/org/springframework/spring-core/5.3.29/spring-core-5.3.29.jar:/home/mustafa/.m2/repository/org/springframework/spring-jcl/5.3.29/spring-jcl-5.3.29.jar:/home/mustafa/.m2/repository/javax/persistence/javax.persistence-api/2.2/javax.persistence-api-2.2.jar:/home/mustafa/.m2/repository/org/hibernate/hibernate-core/5.6.15.Final/hibernate-core-5.6.15.Final.jar:/home/mustafa/.m2/repository/org/jboss/logging/jboss-logging/3.6.1.Final/jboss-logging-3.6.1.Final.jar:/home/mustafa/.m2/repository/net/bytebuddy/byte-buddy/1.17.6/byte-buddy-1.17.6.jar:/home/mustafa/.m2/repository/antlr/antlr/2.7.7/antlr-2.7.7.jar:/home/mustafa/.m2/repository/org/jboss/spec/javax/transaction/jboss-transaction-api_1.2_spec/1.1.1.Final/jboss-transaction-api_1.2_spec-1.1.1.Final.jar:/home/mustafa/.m2/repository/org/jboss/jandex/2.4.2.Final/jandex-2.4.2.Final.jar:/home/mustafa/.m2/repository/com/fasterxml/classmate/1.7.0/classmate-1.7.0.jar:/home/mustafa/.m2/repository/javax/activation/javax.activation-api/1.2.0/javax.activation-api-1.2.0.jar:/home/mustafa/.m2/repository/org/hibernate/common/hibernate-commons-annotations/5.1.2.Final/hibernate-commons-annotations-5.1.2.Final.jar:/home/mustafa/.m2/repository/javax/xml/bind/jaxb-api/2.3.1/jaxb-api-2.3.1.jar:/home/mustafa/.m2/repository/org/glassfish/jaxb/jaxb-runtime/4.0.5/jaxb-runtime-4.0.5.jar:/home/mustafa/.m2/repository/org/glassfish/jaxb/jaxb-core/4.0.5/jaxb-core-4.0.5.jar:/home/mustafa/.m2/repository/org/eclipse/angus/angus-activation/2.0.2/angus-activation-2.0.2.jar:/home/mustafa/.m2/repository/org/glassfish/jaxb/txw2/4.0.5/txw2-4.0.5.jar:/home/mustafa/.m2/repository/com/sun/istack/istack-commons-runtime/4.1.2/istack-commons-runtime-4.1.2.jar:/home/mustafa/.m2/repository/org/springframework/spring-context/5.3.30/spring-context-5.3.30.jar:/home/mustafa/.m2/repository/org/springframework/spring-expression/5.3.30/spring-expression-5.3.30.jar:/home/mustafa/.m2/repository/com/zaxxer/HikariCP/5.0.1/HikariCP-5.0.1.jar:/home/mustafa/.m2/repository/org/springframework/boot/spring-boot-starter-test/2.7.14/spring-boot-starter-test-2.7.14.jar:/home/mustafa/.m2/repository/org/springframework/boot/spring-boot-starter/2.7.14/spring-boot-starter-2.7.14.jar:/home/mustafa/.m2/repository/org/springframework/boot/spring-boot/2.7.14/spring-boot-2.7.14.jar:/home/mustafa/.m2/repository/org/springframework/boot/spring-boot-autoconfigure/2.7.14/spring-boot-autoconfigure-2.7.14.jar:/home/mustafa/.m2/repository/org/springframework/boot/spring-boot-starter-logging/2.7.14/spring-boot-starter-logging-2.7.14.jar:/home/mustafa/.m2/repository/org/slf4j/jul-to-slf4j/1.7.36/jul-to-slf4j-1.7.36.jar:/home/mustafa/.m2/repository/jakarta/annotation/jakarta.annotation-api/3.0.0/jakarta.annotation-api-3.0.0.jar:/home/mustafa/.m2/repository/org/yaml/snakeyaml/2.4/snakeyaml-2.4.jar:/home/mustafa/.m2/repository/org/springframework/boot/spring-boot-test/2.7.14/spring-boot-test-2.7.14.jar:/home/mustafa/.m2/repository/org/springframework/boot/spring-boot-test-autoconfigure/2.7.14/spring-boot-test-autoconfigure-2.7.14.jar:/home/mustafa/.m2/repository/com/jayway/jsonpath/json-path/2.7.0/json-path-2.7.0.jar:/home/mustafa/.m2/repository/net/minidev/json-smart/2.4.7/json-smart-2.4.7.jar:/home/mustafa/.m2/repository/net/minidev/accessors-smart/2.4.7/accessors-smart-2.4.7.jar:/home/mustafa/.m2/repository/org/ow2/asm/asm/9.8/asm-9.8.jar:/home/mustafa/.m2/repository/jakarta/xml/bind/jakarta.xml.bind-api/4.0.2/jakarta.xml.bind-api-4.0.2.jar:/home/mustafa/.m2/repository/jakarta/activation/jakarta.activation-api/2.1.3/jakarta.activation-api-2.1.3.jar:/home/mustafa/.m2/repository/org/hamcrest/hamcrest/2.2/hamcrest-2.2.jar:/home/mustafa/.m2/repository/org/skyscreamer/jsonassert/1.5.1/jsonassert-1.5.1.jar:/home/mustafa/.m2/repository/com/vaadin/external/google/android-json/0.0.20131108.vaadin1/android-json-0.0.20131108.vaadin1.jar:/home/mustafa/.m2/repository/org/springframework/spring-test/5.3.29/spring-test-5.3.29.jar:/home/mustafa/.m2/repository/org/xmlunit/xmlunit-core/2.9.1/xmlunit-core-2.9.1.jar:/home/mustafa/.m2/repository/com/fasterxml/jackson/core/jackson-databind/2.15.2/jackson-databind-2.15.2.jar:/home/mustafa/.m2/repository/com/fasterxml/jackson/core/jackson-annotations/2.19.2/jackson-annotations-2.19.2.jar:/home/mustafa/.m2/repository/com/fasterxml/jackson/core/jackson-core/2.19.2/jackson-core-2.19.2.jar:/home/mustafa/.m2/repository/com/fasterxml/jackson/datatype/jackson-datatype-jsr310/2.15.2/jackson-datatype-jsr310-2.15.2.jar:/home/mustafa/.m2/repository/org/junit/jupiter/junit-jupiter/5.9.2/junit-jupiter-5.9.2.jar:/home/mustafa/.m2/repository/org/junit/jupiter/junit-jupiter-api/5.13.4/junit-jupiter-api-5.13.4.jar:/home/mustafa/.m2/repository/org/opentest4j/opentest4j/1.3.0/opentest4j-1.3.0.jar:/home/mustafa/.m2/repository/org/junit/platform/junit-platform-commons/1.13.4/junit-platform-commons-1.13.4.jar:/home/mustafa/.m2/repository/org/junit/jupiter/junit-jupiter-engine/5.13.4/junit-jupiter-engine-5.13.4.jar:/home/mustafa/.m2/repository/org/junit/platform/junit-platform-engine/1.13.4/junit-platform-engine-1.13.4.jar:/home/mustafa/.m2/repository/org/junit/jupiter/junit-jupiter-params/5.9.2/junit-jupiter-params-5.9.2.jar:/home/mustafa/.m2/repository/org/apiguardian/apiguardian-api/1.1.2/apiguardian-api-1.1.2.jar:/home/mustafa/.m2/repository/org/mockito/mockito-core/5.1.1/mockito-core-5.1.1.jar:/home/mustafa/.m2/repository/net/bytebuddy/byte-buddy-agent/1.12.22/byte-buddy-agent-1.12.22.jar:/home/mustafa/.m2/repository/org/objenesis/objenesis/3.3/objenesis-3.3.jar:/home/mustafa/.m2/repository/org/mockito/mockito-junit-jupiter/5.1.1/mockito-junit-jupiter-5.1.1.jar:/home/mustafa/.m2/repository/org/assertj/assertj-core/3.24.2/assertj-core-3.24.2.jar:/home/mustafa/.m2/repository/org/testcontainers/junit-jupiter/1.19.0/junit-jupiter-1.19.0.jar:/home/mustafa/.m2/repository/org/testcontainers/testcontainers/1.21.3/testcontainers-1.21.3.jar:/home/mustafa/.m2/repository/junit/junit/4.13.2/junit-4.13.2.jar:/home/mustafa/.m2/repository/org/apache/commons/commons-compress/1.28.0/commons-compress-1.28.0.jar:/home/mustafa/.m2/repository/commons-codec/commons-codec/1.19.0/commons-codec-1.19.0.jar:/home/mustafa/.m2/repository/org/rnorth/duct-tape/duct-tape/1.0.8/duct-tape-1.0.8.jar:/home/mustafa/.m2/repository/org/jetbrains/annotations/26.0.2/annotations-26.0.2.jar:/home/mustafa/.m2/repository/com/github/docker-java/docker-java-api/3.4.2/docker-java-api-3.4.2.jar:/home/mustafa/.m2/repository/com/github/docker-java/docker-java-transport-zerodep/3.4.2/docker-java-transport-zerodep-3.4.2.jar:/home/mustafa/.m2/repository/com/github/docker-java/docker-java-transport/3.4.2/docker-java-transport-3.4.2.jar:/home/mustafa/.m2/repository/net/java/dev/jna/jna/5.8.0/jna-5.8.0.jar:/home/mustafa/.m2/repository/org/testcontainers/mysql/1.19.0/mysql-1.19.0.jar:/home/mustafa/.m2/repository/org/testcontainers/jdbc/1.21.3/jdbc-1.21.3.jar:/home/mustafa/.m2/repository/org/testcontainers/database-commons/1.21.3/database-commons-1.21.3.jar:/home/mustafa/.m2/repository/org/awaitility/awaitility/4.2.0/awaitility-4.2.0.jar:/home/mustafa/.m2/repository/org/slf4j/slf4j-simple/1.7.36/slf4j-simple-1.7.36.jar:"/>
    <property name="java.vm.vendor" value="Eclipse Adoptium"/>
    <property name="sun.arch.data.model" value="64"/>
    <property name="java.vendor.url" value="https://adoptium.net/"/>
    <property name="user.timezone" value="Asia/Dhaka"/>
    <property name="os.name" value="Linux"/>
    <property name="java.vm.specification.version" value="21"/>
    <property name="sun.java.launcher" value="SUN_STANDARD"/>
    <property name="user.country" value="US"/>
    <property name="sun.boot.library.path" value="/home/mustafa/.sdkman/candidates/java/21-tem/lib"/>
    <property name="sun.java.command" value="/home/mustafa/telcobright-projects/routesphere/split-verse/target/surefire/surefirebooter-20250919213505675_3.jar /home/mustafa/telcobright-projects/routesphere/split-verse/target/surefire 2025-09-19T21-35-05_559-jvmRun1 surefire-20250919213505675_1tmp surefire_0-20250919213505675_2tmp"/>
    <property name="jdk.debug" value="release"/>
    <property name="surefire.test.class.path" value="/home/mustafa/telcobright-projects/routesphere/split-verse/target/test-classes:/home/mustafa/telcobright-projects/routesphere/split-verse/target/classes:/home/mustafa/.m2/repository/org/slf4j/slf4j-api/1.7.36/slf4j-api-1.7.36.jar:/home/mustafa/.m2/repository/com/mysql/mysql-connector-j/8.0.33/mysql-connector-j-8.0.33.jar:/home/mustafa/.m2/repository/com/telcobright/dbutil/1.0-SNAPSHOT/dbutil-1.0-SNAPSHOT.jar:/home/mustafa/.m2/repository/commons-io/commons-io/2.20.0/commons-io-2.20.0.jar:/home/mustafa/.m2/repository/org/apache/commons/commons-lang3/3.18.0/commons-lang3-3.18.0.jar:/home/mustafa/.m2/repository/ch/qos/logback/logback-classic/1.4.11/logback-classic-1.4.11.jar:/home/mustafa/.m2/repository/ch/qos/logback/logback-core/1.4.11/logback-core-1.4.11.jar:/home/mustafa/.m2/repository/org/springframework/data/spring-data-jpa/2.7.14/spring-data-jpa-2.7.14.jar:/home/mustafa/.m2/repository/org/springframework/data/spring-data-commons/2.7.14/spring-data-commons-2.7.14.jar:/home/mustafa/.m2/repository/org/springframework/spring-orm/5.3.29/spring-orm-5.3.29.jar:/home/mustafa/.m2/repository/org/springframework/spring-jdbc/5.3.29/spring-jdbc-5.3.29.jar:/home/mustafa/.m2/repository/org/springframework/spring-aop/5.3.29/spring-aop-5.3.29.jar:/home/mustafa/.m2/repository/org/springframework/spring-tx/5.3.29/spring-tx-5.3.29.jar:/home/mustafa/.m2/repository/org/springframework/spring-beans/5.3.29/spring-beans-5.3.29.jar:/home/mustafa/.m2/repository/org/springframework/spring-core/5.3.29/spring-core-5.3.29.jar:/home/mustafa/.m2/repository/org/springframework/spring-jcl/5.3.29/spring-jcl-5.3.29.jar:/home/mustafa/.m2/repository/javax/persistence/javax.persistence-api/2.2/javax.persistence-api-2.2.jar:/home/mustafa/.m2/repository/org/hibernate/hibernate-core/5.6.15.Final/hibernate-core-5.6.15.Final.jar:/home/mustafa/.m2/repository/org/jboss/logging/jboss-logging/3.6.1.Final/jboss-logging-3.6.1.Final.jar:/home/mustafa/.m2/repository/net/bytebuddy/byte-buddy/1.17.6/byte-buddy-1.17.6.jar:/home/mustafa/.m2/repository/antlr/antlr/2.7.7/antlr-2.7.7.jar:/home/mustafa/.m2/repository/org/jboss/spec/javax/transaction/jboss-transaction-api_1.2_spec/1.1.1.Final/jboss-transaction-api_1.2_spec-1.1.1.Final.jar:/home/mustafa/.m2/repository/org/jboss/jandex/2.4.2.Final/jandex-2.4.2.Final.jar:/home/mustafa/.m2/repository/com/fasterxml/classmate/1.7.0/classmate-1.7.0.jar:/home/mustafa/.m2/repository/javax/activation/javax.activation-api/1.2.0/javax.activation-api-1.2.0.jar:/home/mustafa/.m2/repository/org/hibernate/common/hibernate-commons-annotations/5.1.2.Final/hibernate-commons-annotations-5.1.2.Final.jar:/home/mustafa/.m2/repository/javax/xml/bind/jaxb-api/2.3.1/jaxb-api-2.3.1.jar:/home/mustafa/.m2/repository/org/glassfish/jaxb/jaxb-runtime/4.0.5/jaxb-runtime-4.0.5.jar:/home/mustafa/.m2/repository/org/glassfish/jaxb/jaxb-core/4.0.5/jaxb-core-4.0.5.jar:/home/mustafa/.m2/repository/org/eclipse/angus/angus-activation/2.0.2/angus-activation-2.0.2.jar:/home/mustafa/.m2/repository/org/glassfish/jaxb/txw2/4.0.5/txw2-4.0.5.jar:/home/mustafa/.m2/repository/com/sun/istack/istack-commons-runtime/4.1.2/istack-commons-runtime-4.1.2.jar:/home/mustafa/.m2/repository/org/springframework/spring-context/5.3.30/spring-context-5.3.30.jar:/home/mustafa/.m2/repository/org/springframework/spring-expression/5.3.30/spring-expression-5.3.30.jar:/home/mustafa/.m2/repository/com/zaxxer/HikariCP/5.0.1/HikariCP-5.0.1.jar:/home/mustafa/.m2/repository/org/springframework/boot/spring-boot-starter-test/2.7.14/spring-boot-starter-test-2.7.14.jar:/home/mustafa/.m2/repository/org/springframework/boot/spring-boot-starter/2.7.14/spring-boot-starter-2.7.14.jar:/home/mustafa/.m2/repository/org/springframework/boot/spring-boot/2.7.14/spring-boot-2.7.14.jar:/home/mustafa/.m2/repository/org/springframework/boot/spring-boot-autoconfigure/2.7.14/spring-boot-autoconfigure-2.7.14.jar:/home/mustafa/.m2/repository/org/springframework/boot/spring-boot-starter-logging/2.7.14/spring-boot-starter-logging-2.7.14.jar:/home/mustafa/.m2/repository/org/slf4j/jul-to-slf4j/1.7.36/jul-to-slf4j-1.7.36.jar:/home/mustafa/.m2/repository/jakarta/annotation/jakarta.annotation-api/3.0.0/jakarta.annotation-api-3.0.0.jar:/home/mustafa/.m2/repository/org/yaml/snakeyaml/2.4/snakeyaml-2.4.jar:/home/mustafa/.m2/repository/org/springframework/boot/spring-boot-test/2.7.14/spring-boot-test-2.7.14.jar:/home/mustafa/.m2/repository/org/springframework/boot/spring-boot-test-autoconfigure/2.7.14/spring-boot-test-autoconfigure-2.7.14.jar:/home/mustafa/.m2/repository/com/jayway/jsonpath/json-path/2.7.0/json-path-2.7.0.jar:/home/mustafa/.m2/repository/net/minidev/json-smart/2.4.7/json-smart-2.4.7.jar:/home/mustafa/.m2/repository/net/minidev/accessors-smart/2.4.7/accessors-smart-2.4.7.jar:/home/mustafa/.m2/repository/org/ow2/asm/asm/9.8/asm-9.8.jar:/home/mustafa/.m2/repository/jakarta/xml/bind/jakarta.xml.bind-api/4.0.2/jakarta.xml.bind-api-4.0.2.jar:/home/mustafa/.m2/repository/jakarta/activation/jakarta.activation-api/2.1.3/jakarta.activation-api-2.1.3.jar:/home/mustafa/.m2/repository/org/hamcrest/hamcrest/2.2/hamcrest-2.2.jar:/home/mustafa/.m2/repository/org/skyscreamer/jsonassert/1.5.1/jsonassert-1.5.1.jar:/home/mustafa/.m2/repository/com/vaadin/external/google/android-json/0.0.20131108.vaadin1/android-json-0.0.20131108.vaadin1.jar:/home/mustafa/.m2/repository/org/springframework/spring-test/5.3.29/spring-test-5.3.29.jar:/home/mustafa/.m2/repository/org/xmlunit/xmlunit-core/2.9.1/xmlunit-core-2.9.1.jar:/home/mustafa/.m2/repository/com/fasterxml/jackson/core/jackson-databind/2.15.2/jackson-databind-2.15.2.jar:/home/mustafa/.m2/repository/com/fasterxml/jackson/core/jackson-annotations/2.19.2/jackson-annotations-2.19.2.jar:/home/mustafa/.m2/repository/com/fasterxml/jackson/core/jackson-core/2.19.2/jackson-core-2.19.2.jar:/home/mustafa/.m2/repository/com/fasterxml/jackson/datatype/jackson-datatype-jsr310/2.15.2/jackson-datatype-jsr310-2.15.2.jar:/home/mustafa/.m2/repository/org/junit/jupiter/junit-jupiter/5.9.2/junit-jupiter-5.9.2.jar:/home/mustafa/.m2/repository/org/junit/jupiter/junit-jupiter-api/5.13.4/junit-jupiter-api-5.13.4.jar:/home/mustafa/.m2/repository/org/opentest4j/opentest4j/1.3.0/opentest4j-1.3.0.jar:/home/mustafa/.m2/repository/org/junit/platform/junit-platform-commons/1.13.4/junit-platform-commons-1.13.4.jar:/home/mustafa/.m2/repository/org/junit/jupiter/junit-jupiter-engine/5.13.4/junit-jupiter-engine-5.13.4.jar:/home/mustafa/.m2/repository/org/junit/platform/junit-platform-engine/1.13.4/junit-platform-engine-1.13.4.jar:/home/mustafa/.m2/repository/org/junit/jupiter/junit-jupiter-params/5.9.2/junit-jupiter-params-5.9.2.jar:/home/mustafa/.m2/repository/org/apiguardian/apiguardian-api/1.1.2/apiguardian-api-1.1.2.jar:/home/mustafa/.m2/repository/org/mockito/mockito-core/5.1.1/mockito-core-5.1.1.jar:/home/mustafa/.m2/repository/net/bytebuddy/byte-buddy-agent/1.12.22/byte-buddy-agent-1.12.22.jar:/home/mustafa/.m2/repository/org/objenesis/objenesis/3.3/objenesis-3.3.jar:/home/mustafa/.m2/repository/org/mockito/mockito-junit-jupiter/5.1.1/mockito-junit-jupiter-5.1.1.jar:/home/mustafa/.m2/repository/org/assertj/assertj-core/3.24.2/assertj-core-3.24.2.jar:/home/mustafa/.m2/repository/org/testcontainers/junit-jupiter/1.19.0/junit-jupiter-1.19.0.jar:/home/mustafa/.m2/repository/org/testcontainers/testcontainers/1.21.3/testcontainers-1.21.3.jar:/home/mustafa/.m2/repository/junit/junit/4.13.2/junit-4.13.2.jar:/home/mustafa/.m2/repository/org/apache/commons/commons-compress/1.28.0/commons-compress-1.28.0.jar:/home/mustafa/.m2/repository/commons-codec/commons-codec/1.19.0/commons-codec-1.19.0.jar:/home/mustafa/.m2/repository/org/rnorth/duct-tape/duct-tape/1.0.8/duct-tape-1.0.8.jar:/home/mustafa/.m2/repository/org/jetbrains/annotations/26.0.2/annotations-26.0.2.jar:/home/mustafa/.m2/repository/com/github/docker-java/docker-java-api/3.4.2/docker-java-api-3.4.2.jar:/home/mustafa/.m2/repository/com/github/docker-java/docker-java-transport-zerodep/3.4.2/docker-java-transport-zerodep-3.4.2.jar:/home/mustafa/.m2/repository/com/github/docker-java/docker-java-transport/3.4.2/docker-java-transport-3.4.2.jar:/home/mustafa/.m2/repository/net/java/dev/jna/jna/5.8.0/jna-5.8.0.jar:/home/mustafa/.m2/repository/org/testcontainers/mysql/1.19.0/mysql-1.19.0.jar:/home/mustafa/.m2/repository/org/testcontainers/jdbc/1.21.3/jdbc-1.21.3.jar:/home/mustafa/.m2/repository/org/testcontainers/database-commons/1.21.3/database-commons-1.21.3.jar:/home/mustafa/.m2/repository/org/awaitility/awaitility/4.2.0/awaitility-4.2.0.jar:/home/mustafa/.m2/repository/org/slf4j/slf4j-simple/1.7.36/slf4j-simple-1.7.36.jar:"/>
    <property name="sun.cpu.endian" value="little"/>
    <property name="user.home" value="/home/mustafa"/>
    <property name="user.language" value="en"/>
    <property name="java.specification.vendor" value="Oracle Corporation"/>
    <property name="java.version.date" value="2023-09-19"/>
    <property name="java.home" value="/home/mustafa/.sdkman/candidates/java/21-tem"/>
    <property name="file.separator" value="/"/>
    <property name="basedir" value="/home/mustafa/telcobright-projects/routesphere/split-verse"/>
    <property name="java.vm.compressedOopsMode" value="Zero based"/>
    <property name="line.separator" value="&#10;"/>
    <property name="java.specification.name" value="Java Platform API Specification"/>
    <property name="java.vm.specification.vendor" value="Oracle Corporation"/>
    <property name="surefire.real.class.path" value="/home/mustafa/telcobright-projects/routesphere/split-verse/target/surefire/surefirebooter-20250919213505675_3.jar"/>
    <property name="sun.management.compiler" value="HotSpot 64-Bit Tiered Compilers"/>
    <property name="java.runtime.version" value="21+35-LTS"/>
    <property name="user.name" value="mustafa"/>
    <property name="stdout.encoding" value="UTF-8"/>
    <property name="path.separator" value=":"/>
    <property name="os.version" value="6.14.0-29-generic"/>
    <property name="java.runtime.name" value="OpenJDK Runtime Environment"/>
    <property name="file.encoding" value="UTF-8"/>
    <property name="java.vm.name" value="OpenJDK 64-Bit Server VM"/>
    <property name="java.vendor.version" value="Temurin-21+35"/>
    <property name="localRepository" value="/home/mustafa/.m2/repository"/>
    <property name="java.vendor.url.bug" value="https://github.com/adoptium/adoptium-support/issues"/>
    <property name="java.io.tmpdir" value="/tmp"/>
    <property name="java.version" value="21"/>
    <property name="user.dir" value="/home/mustafa/telcobright-projects/routesphere/split-verse"/>
    <property name="os.arch" value="amd64"/>
    <property name="java.vm.specification.name" value="Java Virtual Machine Specification"/>
    <property name="native.encoding" value="UTF-8"/>
    <property name="java.library.path" value="/usr/java/packages/lib:/usr/lib64:/lib64:/lib:/usr/lib"/>
    <property name="java.vm.info" value="mixed mode, sharing"/>
    <property name="stderr.encoding" value="UTF-8"/>
    <property name="java.vendor" value="Eclipse Adoptium"/>
    <property name="java.vm.version" value="21+35-LTS"/>
    <property name="sun.io.unicode.encoding" value="UnicodeLittle"/>
    <property name="java.class.version" value="65.0"/>
  </properties>
  <testcase name="testInsertAcross3ShardsWithNestedPartitions" classname="com.telcobright.splitverse.tests.ThreeShardNestedPartitioningTest" time="2.818">
    <system-out><![CDATA[
=== Setting up 3-Shard Nested Partitioning Test Environment ===
Created test database: shard_nested_test_0
Created shard database: shard_nested_test_0
Created test database: shard_nested_test_1
Created shard database: shard_nested_test_1
Created test database: shard_nested_test_2
Created shard database: shard_nested_test_2

Creating TIME-BASED nested partitioning repository...
[SplitVerse] Building repository with:
  Entity: Transaction
  Table: transactions_time
  Sharding Strategy: DUAL_KEY_HASH_RANGE
  Repository Mode: MULTI_TABLE
  Partition Column: created_at (LOCAL_DATE_TIME)
  Partition Range: DAILY
  Table Granularity: DAILY
  Retention Days: 7
  ID Size: 22 bytes
  Charset: utf8mb4, Collation: utf8mb4_bin
  Shards: 3
[2025-09-19 21:35:43.096] INFO  [MultiTableRepo.transactions_time] Initializing daily tables for retention period: 2025-09-12 to 2025-09-26 (15 days)
[2025-09-19 21:35:43.128] INFO  [MultiTableRepo.transactions_time] Ensured table exists: shard_nested_test_0.transactions_time_20250912
[2025-09-19 21:35:43.160] INFO  [MultiTableRepo.transactions_time] Ensured table exists: shard_nested_test_0.transactions_time_20250913
[2025-09-19 21:35:43.192] INFO  [MultiTableRepo.transactions_time] Ensured table exists: shard_nested_test_0.transactions_time_20250914
[2025-09-19 21:35:43.223] INFO  [MultiTableRepo.transactions_time] Ensured table exists: shard_nested_test_0.transactions_time_20250915
[2025-09-19 21:35:43.255] INFO  [MultiTableRepo.transactions_time] Ensured table exists: shard_nested_test_0.transactions_time_20250916
[2025-09-19 21:35:43.291] INFO  [MultiTableRepo.transactions_time] Ensured table exists: shard_nested_test_0.transactions_time_20250917
[2025-09-19 21:35:43.322] INFO  [MultiTableRepo.transactions_time] Ensured table exists: shard_nested_test_0.transactions_time_20250918
[2025-09-19 21:35:43.356] INFO  [MultiTableRepo.transactions_time] Ensured table exists: shard_nested_test_0.transactions_time_20250919
[2025-09-19 21:35:43.390] INFO  [MultiTableRepo.transactions_time] Ensured table exists: shard_nested_test_0.transactions_time_20250920
[2025-09-19 21:35:43.422] INFO  [MultiTableRepo.transactions_time] Ensured table exists: shard_nested_test_0.transactions_time_20250921
[2025-09-19 21:35:43.455] INFO  [MultiTableRepo.transactions_time] Ensured table exists: shard_nested_test_0.transactions_time_20250922
[2025-09-19 21:35:43.488] INFO  [MultiTableRepo.transactions_time] Ensured table exists: shard_nested_test_0.transactions_time_20250923
[2025-09-19 21:35:43.524] INFO  [MultiTableRepo.transactions_time] Ensured table exists: shard_nested_test_0.transactions_time_20250924
[2025-09-19 21:35:43.556] INFO  [MultiTableRepo.transactions_time] Ensured table exists: shard_nested_test_0.transactions_time_20250925
[2025-09-19 21:35:43.588] INFO  [MultiTableRepo.transactions_time] Ensured table exists: shard_nested_test_0.transactions_time_20250926
[2025-09-19 21:35:43.589] INFO  [MultiTableRepo.transactions_time] Completed table initialization
[SplitVerse] Initialized shard: shard-0
[2025-09-19 21:35:43.589] INFO  [MultiTableRepo.transactions_time] Initializing daily tables for retention period: 2025-09-12 to 2025-09-26 (15 days)
[2025-09-19 21:35:43.622] INFO  [MultiTableRepo.transactions_time] Ensured table exists: shard_nested_test_1.transactions_time_20250912
[2025-09-19 21:35:43.655] INFO  [MultiTableRepo.transactions_time] Ensured table exists: shard_nested_test_1.transactions_time_20250913
[2025-09-19 21:35:43.688] INFO  [MultiTableRepo.transactions_time] Ensured table exists: shard_nested_test_1.transactions_time_20250914
[2025-09-19 21:35:43.726] INFO  [MultiTableRepo.transactions_time] Ensured table exists: shard_nested_test_1.transactions_time_20250915
[2025-09-19 21:35:43.758] INFO  [MultiTableRepo.transactions_time] Ensured table exists: shard_nested_test_1.transactions_time_20250916
[2025-09-19 21:35:43.793] INFO  [MultiTableRepo.transactions_time] Ensured table exists: shard_nested_test_1.transactions_time_20250917
[2025-09-19 21:35:43.825] INFO  [MultiTableRepo.transactions_time] Ensured table exists: shard_nested_test_1.transactions_time_20250918
[2025-09-19 21:35:43.858] INFO  [MultiTableRepo.transactions_time] Ensured table exists: shard_nested_test_1.transactions_time_20250919
[2025-09-19 21:35:43.892] INFO  [MultiTableRepo.transactions_time] Ensured table exists: shard_nested_test_1.transactions_time_20250920
[2025-09-19 21:35:43.926] INFO  [MultiTableRepo.transactions_time] Ensured table exists: shard_nested_test_1.transactions_time_20250921
[2025-09-19 21:35:43.959] INFO  [MultiTableRepo.transactions_time] Ensured table exists: shard_nested_test_1.transactions_time_20250922
[2025-09-19 21:35:43.994] INFO  [MultiTableRepo.transactions_time] Ensured table exists: shard_nested_test_1.transactions_time_20250923
[2025-09-19 21:35:44.039] INFO  [MultiTableRepo.transactions_time] Ensured table exists: shard_nested_test_1.transactions_time_20250924
[2025-09-19 21:35:44.080] INFO  [MultiTableRepo.transactions_time] Ensured table exists: shard_nested_test_1.transactions_time_20250925
[2025-09-19 21:35:44.112] INFO  [MultiTableRepo.transactions_time] Ensured table exists: shard_nested_test_1.transactions_time_20250926
[2025-09-19 21:35:44.112] INFO  [MultiTableRepo.transactions_time] Completed table initialization
[SplitVerse] Initialized shard: shard-1
[2025-09-19 21:35:44.114] INFO  [MultiTableRepo.transactions_time] Initializing daily tables for retention period: 2025-09-12 to 2025-09-26 (15 days)
[2025-09-19 21:35:44.145] INFO  [MultiTableRepo.transactions_time] Ensured table exists: shard_nested_test_2.transactions_time_20250912
[2025-09-19 21:35:44.179] INFO  [MultiTableRepo.transactions_time] Ensured table exists: shard_nested_test_2.transactions_time_20250913
[2025-09-19 21:35:44.210] INFO  [MultiTableRepo.transactions_time] Ensured table exists: shard_nested_test_2.transactions_time_20250914
[2025-09-19 21:35:44.243] INFO  [MultiTableRepo.transactions_time] Ensured table exists: shard_nested_test_2.transactions_time_20250915
[2025-09-19 21:35:44.273] INFO  [MultiTableRepo.transactions_time] Ensured table exists: shard_nested_test_2.transactions_time_20250916
[2025-09-19 21:35:44.306] INFO  [MultiTableRepo.transactions_time] Ensured table exists: shard_nested_test_2.transactions_time_20250917
[2025-09-19 21:35:44.341] INFO  [MultiTableRepo.transactions_time] Ensured table exists: shard_nested_test_2.transactions_time_20250918
[2025-09-19 21:35:44.372] INFO  [MultiTableRepo.transactions_time] Ensured table exists: shard_nested_test_2.transactions_time_20250919
[2025-09-19 21:35:44.403] INFO  [MultiTableRepo.transactions_time] Ensured table exists: shard_nested_test_2.transactions_time_20250920
[2025-09-19 21:35:44.435] INFO  [MultiTableRepo.transactions_time] Ensured table exists: shard_nested_test_2.transactions_time_20250921
[2025-09-19 21:35:44.465] INFO  [MultiTableRepo.transactions_time] Ensured table exists: shard_nested_test_2.transactions_time_20250922
[2025-09-19 21:35:44.498] INFO  [MultiTableRepo.transactions_time] Ensured table exists: shard_nested_test_2.transactions_time_20250923
[2025-09-19 21:35:44.531] INFO  [MultiTableRepo.transactions_time] Ensured table exists: shard_nested_test_2.transactions_time_20250924
[2025-09-19 21:35:44.564] INFO  [MultiTableRepo.transactions_time] Ensured table exists: shard_nested_test_2.transactions_time_20250925
[2025-09-19 21:35:44.595] INFO  [MultiTableRepo.transactions_time] Ensured table exists: shard_nested_test_2.transactions_time_20250926
[2025-09-19 21:35:44.595] INFO  [MultiTableRepo.transactions_time] Completed table initialization
[SplitVerse] Initialized shard: shard-2
[SplitVerse] Initialized with 3 active shard(s)
Creating VALUE-BASED nested partitioning repository...
[SplitVerse] Building repository with:
  Entity: Transaction
  Table: transactions_value
  Sharding Strategy: DUAL_KEY_HASH_RANGE
  Repository Mode: MULTI_TABLE
  Partition Column: sequence_number (LONG)
  Partition Range: VALUE_RANGE_10K
  Table Granularity: DAILY
  Retention Days: 30
  ID Size: 22 bytes
  Charset: utf8mb4, Collation: utf8mb4_bin
  Shards: 3
[2025-09-19 21:35:44.598] INFO  [MultiTableRepo.transactions_value] Initializing 10 value-range tables (size: 10000)
[2025-09-19 21:35:44.644] INFO  [MultiTableRepo.transactions_value] Ensured table exists: shard_nested_test_0.transactions_value_0_9999
[2025-09-19 21:35:44.693] INFO  [MultiTableRepo.transactions_value] Ensured table exists: shard_nested_test_0.transactions_value_10000_19999
[2025-09-19 21:35:44.726] INFO  [MultiTableRepo.transactions_value] Ensured table exists: shard_nested_test_0.transactions_value_20000_29999
[2025-09-19 21:35:44.758] INFO  [MultiTableRepo.transactions_value] Ensured table exists: shard_nested_test_0.transactions_value_30000_39999
[2025-09-19 21:35:44.791] INFO  [MultiTableRepo.transactions_value] Ensured table exists: shard_nested_test_0.transactions_value_40000_49999
[2025-09-19 21:35:44.825] INFO  [MultiTableRepo.transactions_value] Ensured table exists: shard_nested_test_0.transactions_value_50000_59999
[2025-09-19 21:35:44.860] INFO  [MultiTableRepo.transactions_value] Ensured table exists: shard_nested_test_0.transactions_value_60000_69999
[2025-09-19 21:35:44.892] INFO  [MultiTableRepo.transactions_value] Ensured table exists: shard_nested_test_0.transactions_value_70000_79999
[2025-09-19 21:35:44.922] INFO  [MultiTableRepo.transactions_value] Ensured table exists: shard_nested_test_0.transactions_value_80000_89999
[2025-09-19 21:35:44.954] INFO  [MultiTableRepo.transactions_value] Ensured table exists: shard_nested_test_0.transactions_value_90000_99999
[2025-09-19 21:35:44.955] INFO  [MultiTableRepo.transactions_value] Completed table initialization
[SplitVerse] Initialized shard: shard-0
[2025-09-19 21:35:44.956] INFO  [MultiTableRepo.transactions_value] Initializing 10 value-range tables (size: 10000)
[2025-09-19 21:35:44.987] INFO  [MultiTableRepo.transactions_value] Ensured table exists: shard_nested_test_1.transactions_value_0_9999
[2025-09-19 21:35:45.026] INFO  [MultiTableRepo.transactions_value] Ensured table exists: shard_nested_test_1.transactions_value_10000_19999
[2025-09-19 21:35:45.057] INFO  [MultiTableRepo.transactions_value] Ensured table exists: shard_nested_test_1.transactions_value_20000_29999
[2025-09-19 21:35:45.095] INFO  [MultiTableRepo.transactions_value] Ensured table exists: shard_nested_test_1.transactions_value_30000_39999
[2025-09-19 21:35:45.135] INFO  [MultiTableRepo.transactions_value] Ensured table exists: shard_nested_test_1.transactions_value_40000_49999
[2025-09-19 21:35:45.174] INFO  [MultiTableRepo.transactions_value] Ensured table exists: shard_nested_test_1.transactions_value_50000_59999
[2025-09-19 21:35:45.205] INFO  [MultiTableRepo.transactions_value] Ensured table exists: shard_nested_test_1.transactions_value_60000_69999
[2025-09-19 21:35:45.239] INFO  [MultiTableRepo.transactions_value] Ensured table exists: shard_nested_test_1.transactions_value_70000_79999
[2025-09-19 21:35:45.270] INFO  [MultiTableRepo.transactions_value] Ensured table exists: shard_nested_test_1.transactions_value_80000_89999
[2025-09-19 21:35:45.301] INFO  [MultiTableRepo.transactions_value] Ensured table exists: shard_nested_test_1.transactions_value_90000_99999
[2025-09-19 21:35:45.302] INFO  [MultiTableRepo.transactions_value] Completed table initialization
[SplitVerse] Initialized shard: shard-1
[2025-09-19 21:35:45.303] INFO  [MultiTableRepo.transactions_value] Initializing 10 value-range tables (size: 10000)
[2025-09-19 21:35:45.333] INFO  [MultiTableRepo.transactions_value] Ensured table exists: shard_nested_test_2.transactions_value_0_9999
[2025-09-19 21:35:45.365] INFO  [MultiTableRepo.transactions_value] Ensured table exists: shard_nested_test_2.transactions_value_10000_19999
[2025-09-19 21:35:45.399] INFO  [MultiTableRepo.transactions_value] Ensured table exists: shard_nested_test_2.transactions_value_20000_29999
[2025-09-19 21:35:45.430] INFO  [MultiTableRepo.transactions_value] Ensured table exists: shard_nested_test_2.transactions_value_30000_39999
[2025-09-19 21:35:45.462] INFO  [MultiTableRepo.transactions_value] Ensured table exists: shard_nested_test_2.transactions_value_40000_49999
[2025-09-19 21:35:45.494] INFO  [MultiTableRepo.transactions_value] Ensured table exists: shard_nested_test_2.transactions_value_50000_59999
[2025-09-19 21:35:45.528] INFO  [MultiTableRepo.transactions_value] Ensured table exists: shard_nested_test_2.transactions_value_60000_69999
[2025-09-19 21:35:45.561] INFO  [MultiTableRepo.transactions_value] Ensured table exists: shard_nested_test_2.transactions_value_70000_79999
[2025-09-19 21:35:45.594] INFO  [MultiTableRepo.transactions_value] Ensured table exists: shard_nested_test_2.transactions_value_80000_89999
[2025-09-19 21:35:45.629] INFO  [MultiTableRepo.transactions_value] Ensured table exists: shard_nested_test_2.transactions_value_90000_99999
[2025-09-19 21:35:45.629] INFO  [MultiTableRepo.transactions_value] Completed table initialization
[SplitVerse] Initialized shard: shard-2
[SplitVerse] Initialized with 3 active shard(s)
Creating HASH-BASED nested partitioning repository...
[SplitVerse] Building repository with:
  Entity: Transaction
  Table: transactions_hash
  Sharding Strategy: DUAL_KEY_HASH_HASH
  Repository Mode: MULTI_TABLE
  Partition Column: account_id (STRING)
  Partition Range: HASH_16
  Table Granularity: DAILY
  Retention Days: 30
  ID Size: 22 bytes
  Charset: utf8mb4, Collation: utf8mb4_bin
  Shards: 3
[2025-09-19 21:35:45.631] INFO  [MultiTableRepo.transactions_hash] Initializing 16 hash-based tables
[2025-09-19 21:35:45.666] INFO  [MultiTableRepo.transactions_hash] Ensured table exists: shard_nested_test_0.transactions_hash_hash_0
[2025-09-19 21:35:45.707] INFO  [MultiTableRepo.transactions_hash] Ensured table exists: shard_nested_test_0.transactions_hash_hash_1
[2025-09-19 21:35:45.740] INFO  [MultiTableRepo.transactions_hash] Ensured table exists: shard_nested_test_0.transactions_hash_hash_2
[2025-09-19 21:35:45.771] INFO  [MultiTableRepo.transactions_hash] Ensured table exists: shard_nested_test_0.transactions_hash_hash_3
[2025-09-19 21:35:45.802] INFO  [MultiTableRepo.transactions_hash] Ensured table exists: shard_nested_test_0.transactions_hash_hash_4
[2025-09-19 21:35:45.835] INFO  [MultiTableRepo.transactions_hash] Ensured table exists: shard_nested_test_0.transactions_hash_hash_5
[2025-09-19 21:35:45.867] INFO  [MultiTableRepo.transactions_hash] Ensured table exists: shard_nested_test_0.transactions_hash_hash_6
[2025-09-19 21:35:45.899] INFO  [MultiTableRepo.transactions_hash] Ensured table exists: shard_nested_test_0.transactions_hash_hash_7
[2025-09-19 21:35:45.929] INFO  [MultiTableRepo.transactions_hash] Ensured table exists: shard_nested_test_0.transactions_hash_hash_8
[2025-09-19 21:35:45.980] INFO  [MultiTableRepo.transactions_hash] Ensured table exists: shard_nested_test_0.transactions_hash_hash_9
[2025-09-19 21:35:46.011] INFO  [MultiTableRepo.transactions_hash] Ensured table exists: shard_nested_test_0.transactions_hash_hash_10
[2025-09-19 21:35:46.044] INFO  [MultiTableRepo.transactions_hash] Ensured table exists: shard_nested_test_0.transactions_hash_hash_11
[2025-09-19 21:35:46.076] INFO  [MultiTableRepo.transactions_hash] Ensured table exists: shard_nested_test_0.transactions_hash_hash_12
[2025-09-19 21:35:46.109] INFO  [MultiTableRepo.transactions_hash] Ensured table exists: shard_nested_test_0.transactions_hash_hash_13
[2025-09-19 21:35:46.141] INFO  [MultiTableRepo.transactions_hash] Ensured table exists: shard_nested_test_0.transactions_hash_hash_14
[2025-09-19 21:35:46.171] INFO  [MultiTableRepo.transactions_hash] Ensured table exists: shard_nested_test_0.transactions_hash_hash_15
[2025-09-19 21:35:46.171] INFO  [MultiTableRepo.transactions_hash] Completed table initialization
[SplitVerse] Initialized shard: shard-0
[2025-09-19 21:35:46.172] INFO  [MultiTableRepo.transactions_hash] Initializing 16 hash-based tables
[2025-09-19 21:35:46.203] INFO  [MultiTableRepo.transactions_hash] Ensured table exists: shard_nested_test_1.transactions_hash_hash_0
[2025-09-19 21:35:46.234] INFO  [MultiTableRepo.transactions_hash] Ensured table exists: shard_nested_test_1.transactions_hash_hash_1
[2025-09-19 21:35:46.265] INFO  [MultiTableRepo.transactions_hash] Ensured table exists: shard_nested_test_1.transactions_hash_hash_2
[2025-09-19 21:35:46.296] INFO  [MultiTableRepo.transactions_hash] Ensured table exists: shard_nested_test_1.transactions_hash_hash_3
[2025-09-19 21:35:46.327] INFO  [MultiTableRepo.transactions_hash] Ensured table exists: shard_nested_test_1.transactions_hash_hash_4
[2025-09-19 21:35:46.357] INFO  [MultiTableRepo.transactions_hash] Ensured table exists: shard_nested_test_1.transactions_hash_hash_5
[2025-09-19 21:35:46.389] INFO  [MultiTableRepo.transactions_hash] Ensured table exists: shard_nested_test_1.transactions_hash_hash_6
[2025-09-19 21:35:46.423] INFO  [MultiTableRepo.transactions_hash] Ensured table exists: shard_nested_test_1.transactions_hash_hash_7
[2025-09-19 21:35:46.456] INFO  [MultiTableRepo.transactions_hash] Ensured table exists: shard_nested_test_1.transactions_hash_hash_8
[2025-09-19 21:35:46.510] INFO  [MultiTableRepo.transactions_hash] Ensured table exists: shard_nested_test_1.transactions_hash_hash_9
[2025-09-19 21:35:46.563] INFO  [MultiTableRepo.transactions_hash] Ensured table exists: shard_nested_test_1.transactions_hash_hash_10
[2025-09-19 21:35:46.614] INFO  [MultiTableRepo.transactions_hash] Ensured table exists: shard_nested_test_1.transactions_hash_hash_11
[2025-09-19 21:35:46.669] INFO  [MultiTableRepo.transactions_hash] Ensured table exists: shard_nested_test_1.transactions_hash_hash_12
[2025-09-19 21:35:46.712] INFO  [MultiTableRepo.transactions_hash] Ensured table exists: shard_nested_test_1.transactions_hash_hash_13
[2025-09-19 21:35:46.743] INFO  [MultiTableRepo.transactions_hash] Ensured table exists: shard_nested_test_1.transactions_hash_hash_14
[2025-09-19 21:35:46.774] INFO  [MultiTableRepo.transactions_hash] Ensured table exists: shard_nested_test_1.transactions_hash_hash_15
[2025-09-19 21:35:46.774] INFO  [MultiTableRepo.transactions_hash] Completed table initialization
[SplitVerse] Initialized shard: shard-1
[2025-09-19 21:35:46.775] INFO  [MultiTableRepo.transactions_hash] Initializing 16 hash-based tables
[2025-09-19 21:35:46.809] INFO  [MultiTableRepo.transactions_hash] Ensured table exists: shard_nested_test_2.transactions_hash_hash_0
[2025-09-19 21:35:46.843] INFO  [MultiTableRepo.transactions_hash] Ensured table exists: shard_nested_test_2.transactions_hash_hash_1
[2025-09-19 21:35:46.875] INFO  [MultiTableRepo.transactions_hash] Ensured table exists: shard_nested_test_2.transactions_hash_hash_2
[2025-09-19 21:35:46.909] INFO  [MultiTableRepo.transactions_hash] Ensured table exists: shard_nested_test_2.transactions_hash_hash_3
[2025-09-19 21:35:46.942] INFO  [MultiTableRepo.transactions_hash] Ensured table exists: shard_nested_test_2.transactions_hash_hash_4
[2025-09-19 21:35:46.977] INFO  [MultiTableRepo.transactions_hash] Ensured table exists: shard_nested_test_2.transactions_hash_hash_5
[2025-09-19 21:35:47.019] INFO  [MultiTableRepo.transactions_hash] Ensured table exists: shard_nested_test_2.transactions_hash_hash_6
[2025-09-19 21:35:47.050] INFO  [MultiTableRepo.transactions_hash] Ensured table exists: shard_nested_test_2.transactions_hash_hash_7
[2025-09-19 21:35:47.083] INFO  [MultiTableRepo.transactions_hash] Ensured table exists: shard_nested_test_2.transactions_hash_hash_8
[2025-09-19 21:35:47.116] INFO  [MultiTableRepo.transactions_hash] Ensured table exists: shard_nested_test_2.transactions_hash_hash_9
[2025-09-19 21:35:47.151] INFO  [MultiTableRepo.transactions_hash] Ensured table exists: shard_nested_test_2.transactions_hash_hash_10
[2025-09-19 21:35:47.182] INFO  [MultiTableRepo.transactions_hash] Ensured table exists: shard_nested_test_2.transactions_hash_hash_11
[2025-09-19 21:35:47.233] INFO  [MultiTableRepo.transactions_hash] Ensured table exists: shard_nested_test_2.transactions_hash_hash_12
[2025-09-19 21:35:47.263] INFO  [MultiTableRepo.transactions_hash] Ensured table exists: shard_nested_test_2.transactions_hash_hash_13
[2025-09-19 21:35:47.297] INFO  [MultiTableRepo.transactions_hash] Ensured table exists: shard_nested_test_2.transactions_hash_hash_14
[2025-09-19 21:35:47.333] INFO  [MultiTableRepo.transactions_hash] Ensured table exists: shard_nested_test_2.transactions_hash_hash_15
[2025-09-19 21:35:47.333] INFO  [MultiTableRepo.transactions_hash] Completed table initialization
[SplitVerse] Initialized shard: shard-2
[SplitVerse] Initialized with 3 active shard(s)
✓ Test environment setup complete with 3 shards and 3 partitioning strategies


=== Test 1: INSERT across 3 shards with nested partitions ===

1.1 Inserting into TIME-BASED partitioned tables...
Inserted 300 records across 3 shards with daily partitions in 1913ms

1.2 Inserting into VALUE-BASED partitioned tables...
[2025-09-19 21:35:49.258] INFO  [MultiTableRepo.transactions_value] Ensured table exists: shard_nested_test_0.transactions_value_20000_29999
[2025-09-19 21:35:49.275] INFO  [MultiTableRepo.transactions_value] Ensured table exists: shard_nested_test_0.transactions_value_10000_19999
[2025-09-19 21:35:49.290] INFO  [MultiTableRepo.transactions_value] Ensured table exists: shard_nested_test_0.transactions_value_0_9999
[2025-09-19 21:35:49.305] INFO  [MultiTableRepo.transactions_value] Ensured table exists: shard_nested_test_1.transactions_value_20000_29999
[2025-09-19 21:35:49.319] INFO  [MultiTableRepo.transactions_value] Ensured table exists: shard_nested_test_1.transactions_value_10000_19999
[2025-09-19 21:35:49.335] INFO  [MultiTableRepo.transactions_value] Ensured table exists: shard_nested_test_1.transactions_value_0_9999
[2025-09-19 21:35:49.349] INFO  [MultiTableRepo.transactions_value] Ensured table exists: shard_nested_test_2.transactions_value_0_9999
[2025-09-19 21:35:49.366] INFO  [MultiTableRepo.transactions_value] Ensured table exists: shard_nested_test_2.transactions_value_20000_29999
[2025-09-19 21:35:49.382] INFO  [MultiTableRepo.transactions_value] Ensured table exists: shard_nested_test_2.transactions_value_10000_19999
Batch inserted 300 records across 3 shards with value partitions in 138ms

1.3 Inserting into HASH-BASED partitioned tables...
[2025-09-19 21:35:49.398] INFO  [MultiTableRepo.transactions_hash] Ensured table exists: shard_nested_test_1.transactions_hash_hash_12
[2025-09-19 21:35:49.399] INFO  [MultiTableRepo.transactions_hash] Ensured table exists: shard_nested_test_0.transactions_hash_hash_4
[2025-09-19 21:35:49.401] INFO  [MultiTableRepo.transactions_hash] Ensured table exists: shard_nested_test_1.transactions_hash_hash_7
[2025-09-19 21:35:49.401] INFO  [MultiTableRepo.transactions_hash] Ensured table exists: shard_nested_test_2.transactions_hash_hash_13
[2025-09-19 21:35:49.402] INFO  [MultiTableRepo.transactions_hash] Ensured table exists: shard_nested_test_0.transactions_hash_hash_9
[2025-09-19 21:35:49.404] INFO  [MultiTableRepo.transactions_hash] Ensured table exists: shard_nested_test_2.transactions_hash_hash_1
[2025-09-19 21:35:49.404] INFO  [MultiTableRepo.transactions_hash] Ensured table exists: shard_nested_test_2.transactions_hash_hash_9
[2025-09-19 21:35:49.404] INFO  [MultiTableRepo.transactions_hash] Ensured table exists: shard_nested_test_2.transactions_hash_hash_7
[2025-09-19 21:35:49.405] INFO  [MultiTableRepo.transactions_hash] Ensured table exists: shard_nested_test_1.transactions_hash_hash_7
[2025-09-19 21:35:49.406] INFO  [MultiTableRepo.transactions_hash] Ensured table exists: shard_nested_test_1.transactions_hash_hash_6
[2025-09-19 21:35:49.417] INFO  [MultiTableRepo.transactions_hash] Ensured table exists: shard_nested_test_0.transactions_hash_hash_5
[2025-09-19 21:35:49.426] INFO  [MultiTableRepo.transactions_hash] Ensured table exists: shard_nested_test_0.transactions_hash_hash_5
[2025-09-19 21:35:49.427] INFO  [MultiTableRepo.transactions_hash] Ensured table exists: shard_nested_test_0.transactions_hash_hash_7
[2025-09-19 21:35:49.427] INFO  [MultiTableRepo.transactions_hash] Ensured table exists: shard_nested_test_1.transactions_hash_hash_4
[2025-09-19 21:35:49.427] INFO  [MultiTableRepo.transactions_hash] Ensured table exists: shard_nested_test_2.transactions_hash_hash_1
[2025-09-19 21:35:49.427] INFO  [MultiTableRepo.transactions_hash] Ensured table exists: shard_nested_test_0.transactions_hash_hash_10
[2025-09-19 21:35:49.427] INFO  [MultiTableRepo.transactions_hash] Ensured table exists: shard_nested_test_0.transactions_hash_hash_5
[2025-09-19 21:35:49.427] INFO  [MultiTableRepo.transactions_hash] Ensured table exists: shard_nested_test_0.transactions_hash_hash_11
[2025-09-19 21:35:49.427] INFO  [MultiTableRepo.transactions_hash] Ensured table exists: shard_nested_test_0.transactions_hash_hash_8
[2025-09-19 21:35:49.428] INFO  [MultiTableRepo.transactions_hash] Ensured table exists: shard_nested_test_2.transactions_hash_hash_4
[2025-09-19 21:35:49.443] INFO  [MultiTableRepo.transactions_hash] Ensured table exists: shard_nested_test_2.transactions_hash_hash_6
[2025-09-19 21:35:49.444] INFO  [MultiTableRepo.transactions_hash] Ensured table exists: shard_nested_test_2.transactions_hash_hash_2
[2025-09-19 21:35:49.451] INFO  [MultiTableRepo.transactions_hash] Ensured table exists: shard_nested_test_1.transactions_hash_hash_2
[2025-09-19 21:35:49.453] INFO  [MultiTableRepo.transactions_hash] Ensured table exists: shard_nested_test_1.transactions_hash_hash_10
[2025-09-19 21:35:49.453] INFO  [MultiTableRepo.transactions_hash] Ensured table exists: shard_nested_test_2.transactions_hash_hash_8
[2025-09-19 21:35:49.454] INFO  [MultiTableRepo.transactions_hash] Ensured table exists: shard_nested_test_0.transactions_hash_hash_11
[2025-09-19 21:35:49.456] INFO  [MultiTableRepo.transactions_hash] Ensured table exists: shard_nested_test_1.transactions_hash_hash_10
[2025-09-19 21:35:49.457] INFO  [MultiTableRepo.transactions_hash] Ensured table exists: shard_nested_test_1.transactions_hash_hash_15
[2025-09-19 21:35:49.458] INFO  [MultiTableRepo.transactions_hash] Ensured table exists: shard_nested_test_0.transactions_hash_hash_8
[2025-09-19 21:35:49.459] INFO  [MultiTableRepo.transactions_hash] Ensured table exists: shard_nested_test_0.transactions_hash_hash_6
[2025-09-19 21:35:49.482] INFO  [MultiTableRepo.transactions_hash] Ensured table exists: shard_nested_test_1.transactions_hash_hash_3
[2025-09-19 21:35:49.482] INFO  [MultiTableRepo.transactions_hash] Ensured table exists: shard_nested_test_1.transactions_hash_hash_11
[2025-09-19 21:35:49.482] INFO  [MultiTableRepo.transactions_hash] Ensured table exists: shard_nested_test_0.transactions_hash_hash_15
[2025-09-19 21:35:49.482] INFO  [MultiTableRepo.transactions_hash] Ensured table exists: shard_nested_test_0.transactions_hash_hash_12
[2025-09-19 21:35:49.483] INFO  [MultiTableRepo.transactions_hash] Ensured table exists: shard_nested_test_1.transactions_hash_hash_4
[2025-09-19 21:35:49.487] INFO  [MultiTableRepo.transactions_hash] Ensured table exists: shard_nested_test_2.transactions_hash_hash_10
[2025-09-19 21:35:49.492] INFO  [MultiTableRepo.transactions_hash] Ensured table exists: shard_nested_test_1.transactions_hash_hash_10
[2025-09-19 21:35:49.498] INFO  [MultiTableRepo.transactions_hash] Ensured table exists: shard_nested_test_0.transactions_hash_hash_13
[2025-09-19 21:35:49.497] INFO  [MultiTableRepo.transactions_hash] Ensured table exists: shard_nested_test_0.transactions_hash_hash_6
[2025-09-19 21:35:49.509] INFO  [MultiTableRepo.transactions_hash] Ensured table exists: shard_nested_test_1.transactions_hash_hash_13
[2025-09-19 21:35:49.510] INFO  [MultiTableRepo.transactions_hash] Ensured table exists: shard_nested_test_0.transactions_hash_hash_14
[2025-09-19 21:35:49.510] INFO  [MultiTableRepo.transactions_hash] Ensured table exists: shard_nested_test_1.transactions_hash_hash_14
[2025-09-19 21:35:49.514] INFO  [MultiTableRepo.transactions_hash] Ensured table exists: shard_nested_test_2.transactions_hash_hash_12
[2025-09-19 21:35:49.516] INFO  [MultiTableRepo.transactions_hash] Ensured table exists: shard_nested_test_1.transactions_hash_hash_4
[2025-09-19 21:35:49.522] INFO  [MultiTableRepo.transactions_hash] Ensured table exists: shard_nested_test_1.transactions_hash_hash_10
[2025-09-19 21:35:49.523] INFO  [MultiTableRepo.transactions_hash] Ensured table exists: shard_nested_test_1.transactions_hash_hash_13
[2025-09-19 21:35:49.523] INFO  [MultiTableRepo.transactions_hash] Ensured table exists: shard_nested_test_0.transactions_hash_hash_0
[2025-09-19 21:35:49.524] INFO  [MultiTableRepo.transactions_hash] Ensured table exists: shard_nested_test_1.transactions_hash_hash_5
[2025-09-19 21:35:49.525] INFO  [MultiTableRepo.transactions_hash] Ensured table exists: shard_nested_test_2.transactions_hash_hash_11
[2025-09-19 21:35:49.537] INFO  [MultiTableRepo.transactions_hash] Ensured table exists: shard_nested_test_2.transactions_hash_hash_6
[2025-09-19 21:35:49.538] INFO  [MultiTableRepo.transactions_hash] Ensured table exists: shard_nested_test_0.transactions_hash_hash_15
[2025-09-19 21:35:49.540] INFO  [MultiTableRepo.transactions_hash] Ensured table exists: shard_nested_test_0.transactions_hash_hash_7
[2025-09-19 21:35:49.540] INFO  [MultiTableRepo.transactions_hash] Ensured table exists: shard_nested_test_2.transactions_hash_hash_7
[2025-09-19 21:35:49.540] INFO  [MultiTableRepo.transactions_hash] Ensured table exists: shard_nested_test_0.transactions_hash_hash_15
[2025-09-19 21:35:49.540] INFO  [MultiTableRepo.transactions_hash] Ensured table exists: shard_nested_test_1.transactions_hash_hash_2
[2025-09-19 21:35:49.541] INFO  [MultiTableRepo.transactions_hash] Ensured table exists: shard_nested_test_0.transactions_hash_hash_11
[2025-09-19 21:35:49.540] INFO  [MultiTableRepo.transactions_hash] Ensured table exists: shard_nested_test_1.transactions_hash_hash_13
[2025-09-19 21:35:49.550] INFO  [MultiTableRepo.transactions_hash] Ensured table exists: shard_nested_test_1.transactions_hash_hash_4
[2025-09-19 21:35:49.551] INFO  [MultiTableRepo.transactions_hash] Ensured table exists: shard_nested_test_0.transactions_hash_hash_4
[2025-09-19 21:35:49.558] INFO  [MultiTableRepo.transactions_hash] Ensured table exists: shard_nested_test_1.transactions_hash_hash_1
[2025-09-19 21:35:49.558] INFO  [MultiTableRepo.transactions_hash] Ensured table exists: shard_nested_test_2.transactions_hash_hash_12
[2025-09-19 21:35:49.572] INFO  [MultiTableRepo.transactions_hash] Ensured table exists: shard_nested_test_0.transactions_hash_hash_3
[2025-09-19 21:35:49.572] INFO  [MultiTableRepo.transactions_hash] Ensured table exists: shard_nested_test_0.transactions_hash_hash_10
[2025-09-19 21:35:49.573] INFO  [MultiTableRepo.transactions_hash] Ensured table exists: shard_nested_test_2.transactions_hash_hash_5
[2025-09-19 21:35:49.573] INFO  [MultiTableRepo.transactions_hash] Ensured table exists: shard_nested_test_0.transactions_hash_hash_6
[2025-09-19 21:35:49.582] INFO  [MultiTableRepo.transactions_hash] Ensured table exists: shard_nested_test_1.transactions_hash_hash_4
[2025-09-19 21:35:49.583] INFO  [MultiTableRepo.transactions_hash] Ensured table exists: shard_nested_test_2.transactions_hash_hash_1
[2025-09-19 21:35:49.583] INFO  [MultiTableRepo.transactions_hash] Ensured table exists: shard_nested_test_2.transactions_hash_hash_5
[2025-09-19 21:35:49.584] INFO  [MultiTableRepo.transactions_hash] Ensured table exists: shard_nested_test_0.transactions_hash_hash_0
[2025-09-19 21:35:49.584] INFO  [MultiTableRepo.transactions_hash] Ensured table exists: shard_nested_test_0.transactions_hash_hash_12
[2025-09-19 21:35:49.590] INFO  [MultiTableRepo.transactions_hash] Ensured table exists: shard_nested_test_1.transactions_hash_hash_13
[2025-09-19 21:35:49.596] INFO  [MultiTableRepo.transactions_hash] Ensured table exists: shard_nested_test_0.transactions_hash_hash_8
[2025-09-19 21:35:49.600] INFO  [MultiTableRepo.transactions_hash] Ensured table exists: shard_nested_test_1.transactions_hash_hash_11
[2025-09-19 21:35:49.605] INFO  [MultiTableRepo.transactions_hash] Ensured table exists: shard_nested_test_0.transactions_hash_hash_6
[2025-09-19 21:35:49.605] INFO  [MultiTableRepo.transactions_hash] Ensured table exists: shard_nested_test_1.transactions_hash_hash_1
[2025-09-19 21:35:49.605] INFO  [MultiTableRepo.transactions_hash] Ensured table exists: shard_nested_test_2.transactions_hash_hash_0
[2025-09-19 21:35:49.605] INFO  [MultiTableRepo.transactions_hash] Ensured table exists: shard_nested_test_0.transactions_hash_hash_7
[2025-09-19 21:35:49.606] INFO  [MultiTableRepo.transactions_hash] Ensured table exists: shard_nested_test_2.transactions_hash_hash_10
[2025-09-19 21:35:49.607] INFO  [MultiTableRepo.transactions_hash] Ensured table exists: shard_nested_test_1.transactions_hash_hash_7
[2025-09-19 21:35:49.606] INFO  [MultiTableRepo.transactions_hash] Ensured table exists: shard_nested_test_0.transactions_hash_hash_0
[2025-09-19 21:35:49.618] INFO  [MultiTableRepo.transactions_hash] Ensured table exists: shard_nested_test_1.transactions_hash_hash_10
[2025-09-19 21:35:49.618] INFO  [MultiTableRepo.transactions_hash] Ensured table exists: shard_nested_test_0.transactions_hash_hash_3
[2025-09-19 21:35:49.619] INFO  [MultiTableRepo.transactions_hash] Ensured table exists: shard_nested_test_2.transactions_hash_hash_14
[2025-09-19 21:35:49.619] INFO  [MultiTableRepo.transactions_hash] Ensured table exists: shard_nested_test_2.transactions_hash_hash_7
[2025-09-19 21:35:49.623] INFO  [MultiTableRepo.transactions_hash] Ensured table exists: shard_nested_test_1.transactions_hash_hash_6
[2025-09-19 21:35:49.625] INFO  [MultiTableRepo.transactions_hash] Ensured table exists: shard_nested_test_2.transactions_hash_hash_1
[2025-09-19 21:35:49.631] INFO  [MultiTableRepo.transactions_hash] Ensured table exists: shard_nested_test_2.transactions_hash_hash_2
[2025-09-19 21:35:49.631] INFO  [MultiTableRepo.transactions_hash] Ensured table exists: shard_nested_test_1.transactions_hash_hash_15
[2025-09-19 21:35:49.631] INFO  [MultiTableRepo.transactions_hash] Ensured table exists: shard_nested_test_0.transactions_hash_hash_15
[2025-09-19 21:35:49.633] INFO  [MultiTableRepo.transactions_hash] Ensured table exists: shard_nested_test_1.transactions_hash_hash_7
[2025-09-19 21:35:49.642] INFO  [MultiTableRepo.transactions_hash] Ensured table exists: shard_nested_test_1.transactions_hash_hash_2
[2025-09-19 21:35:49.642] INFO  [MultiTableRepo.transactions_hash] Ensured table exists: shard_nested_test_2.transactions_hash_hash_10
[2025-09-19 21:35:49.643] INFO  [MultiTableRepo.transactions_hash] Ensured table exists: shard_nested_test_1.transactions_hash_hash_10
[2025-09-19 21:35:49.643] INFO  [MultiTableRepo.transactions_hash] Ensured table exists: shard_nested_test_1.transactions_hash_hash_1
[2025-09-19 21:35:49.644] INFO  [MultiTableRepo.transactions_hash] Ensured table exists: shard_nested_test_0.transactions_hash_hash_15
[2025-09-19 21:35:49.655] INFO  [MultiTableRepo.transactions_hash] Ensured table exists: shard_nested_test_2.transactions_hash_hash_7
[2025-09-19 21:35:49.657] INFO  [MultiTableRepo.transactions_hash] Ensured table exists: shard_nested_test_0.transactions_hash_hash_12
[2025-09-19 21:35:49.657] INFO  [MultiTableRepo.transactions_hash] Ensured table exists: shard_nested_test_1.transactions_hash_hash_15
[2025-09-19 21:35:49.659] INFO  [MultiTableRepo.transactions_hash] Ensured table exists: shard_nested_test_0.transactions_hash_hash_9
[2025-09-19 21:35:49.661] INFO  [MultiTableRepo.transactions_hash] Ensured table exists: shard_nested_test_2.transactions_hash_hash_15
[2025-09-19 21:35:49.668] INFO  [MultiTableRepo.transactions_hash] Ensured table exists: shard_nested_test_1.transactions_hash_hash_12
[2025-09-19 21:35:49.671] INFO  [MultiTableRepo.transactions_hash] Ensured table exists: shard_nested_test_2.transactions_hash_hash_10
[2025-09-19 21:35:49.671] INFO  [MultiTableRepo.transactions_hash] Ensured table exists: shard_nested_test_0.transactions_hash_hash_14
[2025-09-19 21:35:49.671] INFO  [MultiTableRepo.transactions_hash] Ensured table exists: shard_nested_test_2.transactions_hash_hash_7
[2025-09-19 21:35:49.672] INFO  [MultiTableRepo.transactions_hash] Ensured table exists: shard_nested_test_0.transactions_hash_hash_9
[2025-09-19 21:35:49.672] INFO  [MultiTableRepo.transactions_hash] Ensured table exists: shard_nested_test_0.transactions_hash_hash_1
[2025-09-19 21:35:49.673] INFO  [MultiTableRepo.transactions_hash] Ensured table exists: shard_nested_test_0.transactions_hash_hash_0
[2025-09-19 21:35:49.675] INFO  [MultiTableRepo.transactions_hash] Ensured table exists: shard_nested_test_2.transactions_hash_hash_13
[2025-09-19 21:35:49.676] INFO  [MultiTableRepo.transactions_hash] Ensured table exists: shard_nested_test_1.transactions_hash_hash_10
[2025-09-19 21:35:49.692] INFO  [MultiTableRepo.transactions_hash] Ensured table exists: shard_nested_test_1.transactions_hash_hash_14
[2025-09-19 21:35:49.692] INFO  [MultiTableRepo.transactions_hash] Ensured table exists: shard_nested_test_2.transactions_hash_hash_1
[2025-09-19 21:35:49.698] INFO  [MultiTableRepo.transactions_hash] Ensured table exists: shard_nested_test_0.transactions_hash_hash_8
[2025-09-19 21:35:49.700] INFO  [MultiTableRepo.transactions_hash] Ensured table exists: shard_nested_test_1.transactions_hash_hash_4
[2025-09-19 21:35:49.707] INFO  [MultiTableRepo.transactions_hash] Ensured table exists: shard_nested_test_2.transactions_hash_hash_5
[2025-09-19 21:35:49.707] INFO  [MultiTableRepo.transactions_hash] Ensured table exists: shard_nested_test_2.transactions_hash_hash_13
[2025-09-19 21:35:49.716] INFO  [MultiTableRepo.transactions_hash] Ensured table exists: shard_nested_test_2.transactions_hash_hash_13
[2025-09-19 21:35:49.716] INFO  [MultiTableRepo.transactions_hash] Ensured table exists: shard_nested_test_0.transactions_hash_hash_14
[2025-09-19 21:35:49.716] INFO  [MultiTableRepo.transactions_hash] Ensured table exists: shard_nested_test_2.transactions_hash_hash_14
[2025-09-19 21:35:49.716] INFO  [MultiTableRepo.transactions_hash] Ensured table exists: shard_nested_test_0.transactions_hash_hash_10
[2025-09-19 21:35:49.716] INFO  [MultiTableRepo.transactions_hash] Ensured table exists: shard_nested_test_1.transactions_hash_hash_2
[2025-09-19 21:35:49.716] INFO  [MultiTableRepo.transactions_hash] Ensured table exists: shard_nested_test_0.transactions_hash_hash_10
[2025-09-19 21:35:49.717] INFO  [MultiTableRepo.transactions_hash] Ensured table exists: shard_nested_test_0.transactions_hash_hash_2
[2025-09-19 21:35:49.732] INFO  [MultiTableRepo.transactions_hash] Ensured table exists: shard_nested_test_0.transactions_hash_hash_4
[2025-09-19 21:35:49.736] INFO  [MultiTableRepo.transactions_hash] Ensured table exists: shard_nested_test_0.transactions_hash_hash_15
[2025-09-19 21:35:49.736] INFO  [MultiTableRepo.transactions_hash] Ensured table exists: shard_nested_test_2.transactions_hash_hash_8
[2025-09-19 21:35:49.736] INFO  [MultiTableRepo.transactions_hash] Ensured table exists: shard_nested_test_1.transactions_hash_hash_4
[2025-09-19 21:35:49.736] INFO  [MultiTableRepo.transactions_hash] Ensured table exists: shard_nested_test_2.transactions_hash_hash_11
[2025-09-19 21:35:49.736] INFO  [MultiTableRepo.transactions_hash] Ensured table exists: shard_nested_test_2.transactions_hash_hash_8
[2025-09-19 21:35:49.737] INFO  [MultiTableRepo.transactions_hash] Ensured table exists: shard_nested_test_0.transactions_hash_hash_6
[2025-09-19 21:35:49.737] INFO  [MultiTableRepo.transactions_hash] Ensured table exists: shard_nested_test_2.transactions_hash_hash_15
[2025-09-19 21:35:49.737] INFO  [MultiTableRepo.transactions_hash] Ensured table exists: shard_nested_test_1.transactions_hash_hash_6
[2025-09-19 21:35:49.753] INFO  [MultiTableRepo.transactions_hash] Ensured table exists: shard_nested_test_2.transactions_hash_hash_9
[2025-09-19 21:35:49.753] INFO  [MultiTableRepo.transactions_hash] Ensured table exists: shard_nested_test_0.transactions_hash_hash_1
[2025-09-19 21:35:49.753] INFO  [MultiTableRepo.transactions_hash] Ensured table exists: shard_nested_test_1.transactions_hash_hash_9
[2025-09-19 21:35:49.754] INFO  [MultiTableRepo.transactions_hash] Ensured table exists: shard_nested_test_0.transactions_hash_hash_15
[2025-09-19 21:35:49.764] INFO  [MultiTableRepo.transactions_hash] Ensured table exists: shard_nested_test_0.transactions_hash_hash_10
[2025-09-19 21:35:49.766] INFO  [MultiTableRepo.transactions_hash] Ensured table exists: shard_nested_test_0.transactions_hash_hash_10
[2025-09-19 21:35:49.766] INFO  [MultiTableRepo.transactions_hash] Ensured table exists: shard_nested_test_2.transactions_hash_hash_11
[2025-09-19 21:35:49.767] INFO  [MultiTableRepo.transactions_hash] Ensured table exists: shard_nested_test_1.transactions_hash_hash_2
[2025-09-19 21:35:49.775] INFO  [MultiTableRepo.transactions_hash] Ensured table exists: shard_nested_test_2.transactions_hash_hash_13
[2025-09-19 21:35:49.778] INFO  [MultiTableRepo.transactions_hash] Ensured table exists: shard_nested_test_0.transactions_hash_hash_3
[2025-09-19 21:35:49.778] INFO  [MultiTableRepo.transactions_hash] Ensured table exists: shard_nested_test_0.transactions_hash_hash_13
[2025-09-19 21:35:49.779] INFO  [MultiTableRepo.transactions_hash] Ensured table exists: shard_nested_test_1.transactions_hash_hash_2
[2025-09-19 21:35:49.780] INFO  [MultiTableRepo.transactions_hash] Ensured table exists: shard_nested_test_2.transactions_hash_hash_5
[2025-09-19 21:35:49.781] INFO  [MultiTableRepo.transactions_hash] Ensured table exists: shard_nested_test_0.transactions_hash_hash_11
[2025-09-19 21:35:49.782] INFO  [MultiTableRepo.transactions_hash] Ensured table exists: shard_nested_test_1.transactions_hash_hash_15
[2025-09-19 21:35:49.782] INFO  [MultiTableRepo.transactions_hash] Ensured table exists: shard_nested_test_2.transactions_hash_hash_14
[2025-09-19 21:35:49.793] INFO  [MultiTableRepo.transactions_hash] Ensured table exists: shard_nested_test_0.transactions_hash_hash_0
[2025-09-19 21:35:49.793] INFO  [MultiTableRepo.transactions_hash] Ensured table exists: shard_nested_test_1.transactions_hash_hash_0
[2025-09-19 21:35:49.793] INFO  [MultiTableRepo.transactions_hash] Ensured table exists: shard_nested_test_0.transactions_hash_hash_2
[2025-09-19 21:35:49.794] INFO  [MultiTableRepo.transactions_hash] Ensured table exists: shard_nested_test_0.transactions_hash_hash_13
[2025-09-19 21:35:49.806] INFO  [MultiTableRepo.transactions_hash] Ensured table exists: shard_nested_test_1.transactions_hash_hash_1
[2025-09-19 21:35:49.806] INFO  [MultiTableRepo.transactions_hash] Ensured table exists: shard_nested_test_0.transactions_hash_hash_6
[2025-09-19 21:35:49.806] INFO  [MultiTableRepo.transactions_hash] Ensured table exists: shard_nested_test_2.transactions_hash_hash_14
[2025-09-19 21:35:49.808] INFO  [MultiTableRepo.transactions_hash] Ensured table exists: shard_nested_test_1.transactions_hash_hash_14
[2025-09-19 21:35:49.808] INFO  [MultiTableRepo.transactions_hash] Ensured table exists: shard_nested_test_2.transactions_hash_hash_8
[2025-09-19 21:35:49.808] INFO  [MultiTableRepo.transactions_hash] Ensured table exists: shard_nested_test_2.transactions_hash_hash_9
[2025-09-19 21:35:49.809] INFO  [MultiTableRepo.transactions_hash] Ensured table exists: shard_nested_test_2.transactions_hash_hash_9
[2025-09-19 21:35:49.810] INFO  [MultiTableRepo.transactions_hash] Ensured table exists: shard_nested_test_2.transactions_hash_hash_9
[2025-09-19 21:35:49.819] INFO  [MultiTableRepo.transactions_hash] Ensured table exists: shard_nested_test_2.transactions_hash_hash_11
[2025-09-19 21:35:49.826] INFO  [MultiTableRepo.transactions_hash] Ensured table exists: shard_nested_test_1.transactions_hash_hash_9
[2025-09-19 21:35:49.831] INFO  [MultiTableRepo.transactions_hash] Ensured table exists: shard_nested_test_2.transactions_hash_hash_15
[2025-09-19 21:35:49.834] INFO  [MultiTableRepo.transactions_hash] Ensured table exists: shard_nested_test_0.transactions_hash_hash_11
[2025-09-19 21:35:49.838] INFO  [MultiTableRepo.transactions_hash] Ensured table exists: shard_nested_test_2.transactions_hash_hash_13
[2025-09-19 21:35:49.840] INFO  [MultiTableRepo.transactions_hash] Ensured table exists: shard_nested_test_0.transactions_hash_hash_4
[2025-09-19 21:35:49.840] INFO  [MultiTableRepo.transactions_hash] Ensured table exists: shard_nested_test_0.transactions_hash_hash_13
[2025-09-19 21:35:49.840] INFO  [MultiTableRepo.transactions_hash] Ensured table exists: shard_nested_test_0.transactions_hash_hash_15
[2025-09-19 21:35:49.841] INFO  [MultiTableRepo.transactions_hash] Ensured table exists: shard_nested_test_0.transactions_hash_hash_13
[2025-09-19 21:35:49.841] INFO  [MultiTableRepo.transactions_hash] Ensured table exists: shard_nested_test_2.transactions_hash_hash_1
[2025-09-19 21:35:49.842] INFO  [MultiTableRepo.transactions_hash] Ensured table exists: shard_nested_test_2.transactions_hash_hash_8
[2025-09-19 21:35:49.848] INFO  [MultiTableRepo.transactions_hash] Ensured table exists: shard_nested_test_0.transactions_hash_hash_8
[2025-09-19 21:35:49.849] INFO  [MultiTableRepo.transactions_hash] Ensured table exists: shard_nested_test_0.transactions_hash_hash_11
[2025-09-19 21:35:49.851] INFO  [MultiTableRepo.transactions_hash] Ensured table exists: shard_nested_test_0.transactions_hash_hash_8
[2025-09-19 21:35:49.856] INFO  [MultiTableRepo.transactions_hash] Ensured table exists: shard_nested_test_2.transactions_hash_hash_6
[2025-09-19 21:35:49.856] INFO  [MultiTableRepo.transactions_hash] Ensured table exists: shard_nested_test_1.transactions_hash_hash_15
[2025-09-19 21:35:49.856] INFO  [MultiTableRepo.transactions_hash] Ensured table exists: shard_nested_test_1.transactions_hash_hash_9
[2025-09-19 21:35:49.857] INFO  [MultiTableRepo.transactions_hash] Ensured table exists: shard_nested_test_2.transactions_hash_hash_14
[2025-09-19 21:35:49.863] INFO  [MultiTableRepo.transactions_hash] Ensured table exists: shard_nested_test_0.transactions_hash_hash_11
[2025-09-19 21:35:49.865] INFO  [MultiTableRepo.transactions_hash] Ensured table exists: shard_nested_test_2.transactions_hash_hash_4
[2025-09-19 21:35:49.865] INFO  [MultiTableRepo.transactions_hash] Ensured table exists: shard_nested_test_2.transactions_hash_hash_14
[2025-09-19 21:35:49.866] INFO  [MultiTableRepo.transactions_hash] Ensured table exists: shard_nested_test_2.transactions_hash_hash_10
[2025-09-19 21:35:49.867] INFO  [MultiTableRepo.transactions_hash] Ensured table exists: shard_nested_test_0.transactions_hash_hash_12
[2025-09-19 21:35:49.868] INFO  [MultiTableRepo.transactions_hash] Ensured table exists: shard_nested_test_1.transactions_hash_hash_11
[2025-09-19 21:35:49.873] INFO  [MultiTableRepo.transactions_hash] Ensured table exists: shard_nested_test_1.transactions_hash_hash_2
[2025-09-19 21:35:49.874] INFO  [MultiTableRepo.transactions_hash] Ensured table exists: shard_nested_test_2.transactions_hash_hash_8
[2025-09-19 21:35:49.878] INFO  [MultiTableRepo.transactions_hash] Ensured table exists: shard_nested_test_1.transactions_hash_hash_9
[2025-09-19 21:35:49.878] INFO  [MultiTableRepo.transactions_hash] Ensured table exists: shard_nested_test_1.transactions_hash_hash_15
[2025-09-19 21:35:49.882] INFO  [MultiTableRepo.transactions_hash] Ensured table exists: shard_nested_test_2.transactions_hash_hash_10
[2025-09-19 21:35:49.882] INFO  [MultiTableRepo.transactions_hash] Ensured table exists: shard_nested_test_0.transactions_hash_hash_0
[2025-09-19 21:35:49.882] INFO  [MultiTableRepo.transactions_hash] Ensured table exists: shard_nested_test_0.transactions_hash_hash_14
[2025-09-19 21:35:49.883] INFO  [MultiTableRepo.transactions_hash] Ensured table exists: shard_nested_test_0.transactions_hash_hash_10
[2025-09-19 21:35:49.883] INFO  [MultiTableRepo.transactions_hash] Ensured table exists: shard_nested_test_2.transactions_hash_hash_14
[2025-09-19 21:35:49.888] INFO  [MultiTableRepo.transactions_hash] Ensured table exists: shard_nested_test_2.transactions_hash_hash_14
[2025-09-19 21:35:49.890] INFO  [MultiTableRepo.transactions_hash] Ensured table exists: shard_nested_test_1.transactions_hash_hash_14
[2025-09-19 21:35:49.893] INFO  [MultiTableRepo.transactions_hash] Ensured table exists: shard_nested_test_1.transactions_hash_hash_14
[2025-09-19 21:35:49.895] INFO  [MultiTableRepo.transactions_hash] Ensured table exists: shard_nested_test_0.transactions_hash_hash_8
[2025-09-19 21:35:49.899] INFO  [MultiTableRepo.transactions_hash] Ensured table exists: shard_nested_test_2.transactions_hash_hash_3
[2025-09-19 21:35:49.900] INFO  [MultiTableRepo.transactions_hash] Ensured table exists: shard_nested_test_2.transactions_hash_hash_7
[2025-09-19 21:35:49.900] INFO  [MultiTableRepo.transactions_hash] Ensured table exists: shard_nested_test_1.transactions_hash_hash_7
[2025-09-19 21:35:49.900] INFO  [MultiTableRepo.transactions_hash] Ensured table exists: shard_nested_test_2.transactions_hash_hash_9
[2025-09-19 21:35:49.900] INFO  [MultiTableRepo.transactions_hash] Ensured table exists: shard_nested_test_1.transactions_hash_hash_0
[2025-09-19 21:35:49.901] INFO  [MultiTableRepo.transactions_hash] Ensured table exists: shard_nested_test_2.transactions_hash_hash_0
[2025-09-19 21:35:49.903] INFO  [MultiTableRepo.transactions_hash] Ensured table exists: shard_nested_test_2.transactions_hash_hash_1
[2025-09-19 21:35:49.915] INFO  [MultiTableRepo.transactions_hash] Ensured table exists: shard_nested_test_1.transactions_hash_hash_13
[2025-09-19 21:35:49.916] INFO  [MultiTableRepo.transactions_hash] Ensured table exists: shard_nested_test_0.transactions_hash_hash_4
[2025-09-19 21:35:49.918] INFO  [MultiTableRepo.transactions_hash] Ensured table exists: shard_nested_test_2.transactions_hash_hash_3
[2025-09-19 21:35:49.919] INFO  [MultiTableRepo.transactions_hash] Ensured table exists: shard_nested_test_1.transactions_hash_hash_6
[2025-09-19 21:35:49.921] INFO  [MultiTableRepo.transactions_hash] Ensured table exists: shard_nested_test_0.transactions_hash_hash_14
[2025-09-19 21:35:49.927] INFO  [MultiTableRepo.transactions_hash] Ensured table exists: shard_nested_test_0.transactions_hash_hash_2
[2025-09-19 21:35:49.928] INFO  [MultiTableRepo.transactions_hash] Ensured table exists: shard_nested_test_1.transactions_hash_hash_5
[2025-09-19 21:35:49.930] INFO  [MultiTableRepo.transactions_hash] Ensured table exists: shard_nested_test_1.transactions_hash_hash_15
[2025-09-19 21:35:49.931] INFO  [MultiTableRepo.transactions_hash] Ensured table exists: shard_nested_test_2.transactions_hash_hash_12
[2025-09-19 21:35:49.940] INFO  [MultiTableRepo.transactions_hash] Ensured table exists: shard_nested_test_2.transactions_hash_hash_2
[2025-09-19 21:35:49.947] INFO  [MultiTableRepo.transactions_hash] Ensured table exists: shard_nested_test_0.transactions_hash_hash_9
[2025-09-19 21:35:49.947] INFO  [MultiTableRepo.transactions_hash] Ensured table exists: shard_nested_test_0.transactions_hash_hash_13
[2025-09-19 21:35:49.947] INFO  [MultiTableRepo.transactions_hash] Ensured table exists: shard_nested_test_0.transactions_hash_hash_6
[2025-09-19 21:35:49.948] INFO  [MultiTableRepo.transactions_hash] Ensured table exists: shard_nested_test_2.transactions_hash_hash_5
[2025-09-19 21:35:49.948] INFO  [MultiTableRepo.transactions_hash] Ensured table exists: shard_nested_test_1.transactions_hash_hash_0
[2025-09-19 21:35:49.948] INFO  [MultiTableRepo.transactions_hash] Ensured table exists: shard_nested_test_1.transactions_hash_hash_11
[2025-09-19 21:35:49.952] INFO  [MultiTableRepo.transactions_hash] Ensured table exists: shard_nested_test_2.transactions_hash_hash_8
[2025-09-19 21:35:49.956] INFO  [MultiTableRepo.transactions_hash] Ensured table exists: shard_nested_test_0.transactions_hash_hash_1
[2025-09-19 21:35:49.959] INFO  [MultiTableRepo.transactions_hash] Ensured table exists: shard_nested_test_2.transactions_hash_hash_7
[2025-09-19 21:35:49.961] INFO  [MultiTableRepo.transactions_hash] Ensured table exists: shard_nested_test_1.transactions_hash_hash_8
[2025-09-19 21:35:49.964] INFO  [MultiTableRepo.transactions_hash] Ensured table exists: shard_nested_test_2.transactions_hash_hash_15
[2025-09-19 21:35:49.964] INFO  [MultiTableRepo.transactions_hash] Ensured table exists: shard_nested_test_1.transactions_hash_hash_5
[2025-09-19 21:35:49.966] INFO  [MultiTableRepo.transactions_hash] Ensured table exists: shard_nested_test_1.transactions_hash_hash_3
[2025-09-19 21:35:49.967] INFO  [MultiTableRepo.transactions_hash] Ensured table exists: shard_nested_test_2.transactions_hash_hash_10
[2025-09-19 21:35:49.968] INFO  [MultiTableRepo.transactions_hash] Ensured table exists: shard_nested_test_0.transactions_hash_hash_6
[2025-09-19 21:35:49.969] INFO  [MultiTableRepo.transactions_hash] Ensured table exists: shard_nested_test_2.transactions_hash_hash_3
[2025-09-19 21:35:49.969] INFO  [MultiTableRepo.transactions_hash] Ensured table exists: shard_nested_test_1.transactions_hash_hash_7
[2025-09-19 21:35:49.974] INFO  [MultiTableRepo.transactions_hash] Ensured table exists: shard_nested_test_2.transactions_hash_hash_9
[2025-09-19 21:35:49.977] INFO  [MultiTableRepo.transactions_hash] Ensured table exists: shard_nested_test_0.transactions_hash_hash_4
[2025-09-19 21:35:49.979] INFO  [MultiTableRepo.transactions_hash] Ensured table exists: shard_nested_test_2.transactions_hash_hash_10
[2025-09-19 21:35:49.979] INFO  [MultiTableRepo.transactions_hash] Ensured table exists: shard_nested_test_0.transactions_hash_hash_10
[2025-09-19 21:35:49.983] INFO  [MultiTableRepo.transactions_hash] Ensured table exists: shard_nested_test_1.transactions_hash_hash_2
[2025-09-19 21:35:49.983] INFO  [MultiTableRepo.transactions_hash] Ensured table exists: shard_nested_test_2.transactions_hash_hash_2
[2025-09-19 21:35:49.984] INFO  [MultiTableRepo.transactions_hash] Ensured table exists: shard_nested_test_1.transactions_hash_hash_2
[2025-09-19 21:35:49.987] INFO  [MultiTableRepo.transactions_hash] Ensured table exists: shard_nested_test_1.transactions_hash_hash_6
[2025-09-19 21:35:49.991] INFO  [MultiTableRepo.transactions_hash] Ensured table exists: shard_nested_test_0.transactions_hash_hash_2
[2025-09-19 21:35:49.994] INFO  [MultiTableRepo.transactions_hash] Ensured table exists: shard_nested_test_2.transactions_hash_hash_4
[2025-09-19 21:35:49.996] INFO  [MultiTableRepo.transactions_hash] Ensured table exists: shard_nested_test_0.transactions_hash_hash_4
[2025-09-19 21:35:49.996] INFO  [MultiTableRepo.transactions_hash] Ensured table exists: shard_nested_test_0.transactions_hash_hash_4
[2025-09-19 21:35:49.996] INFO  [MultiTableRepo.transactions_hash] Ensured table exists: shard_nested_test_0.transactions_hash_hash_8
[2025-09-19 21:35:49.996] INFO  [MultiTableRepo.transactions_hash] Ensured table exists: shard_nested_test_0.transactions_hash_hash_5
[2025-09-19 21:35:49.997] INFO  [MultiTableRepo.transactions_hash] Ensured table exists: shard_nested_test_2.transactions_hash_hash_14
[2025-09-19 21:35:49.998] INFO  [MultiTableRepo.transactions_hash] Ensured table exists: shard_nested_test_0.transactions_hash_hash_5
[2025-09-19 21:35:50.006] INFO  [MultiTableRepo.transactions_hash] Ensured table exists: shard_nested_test_2.transactions_hash_hash_5
[2025-09-19 21:35:50.008] INFO  [MultiTableRepo.transactions_hash] Ensured table exists: shard_nested_test_0.transactions_hash_hash_8
[2025-09-19 21:35:50.011] INFO  [MultiTableRepo.transactions_hash] Ensured table exists: shard_nested_test_0.transactions_hash_hash_6
[2025-09-19 21:35:50.018] INFO  [MultiTableRepo.transactions_hash] Ensured table exists: shard_nested_test_1.transactions_hash_hash_1
[2025-09-19 21:35:50.020] INFO  [MultiTableRepo.transactions_hash] Ensured table exists: shard_nested_test_2.transactions_hash_hash_15
[2025-09-19 21:35:50.022] INFO  [MultiTableRepo.transactions_hash] Ensured table exists: shard_nested_test_1.transactions_hash_hash_9
[2025-09-19 21:35:50.022] INFO  [MultiTableRepo.transactions_hash] Ensured table exists: shard_nested_test_2.transactions_hash_hash_10
[2025-09-19 21:35:50.023] INFO  [MultiTableRepo.transactions_hash] Ensured table exists: shard_nested_test_1.transactions_hash_hash_13
[2025-09-19 21:35:50.023] INFO  [MultiTableRepo.transactions_hash] Ensured table exists: shard_nested_test_2.transactions_hash_hash_7
[2025-09-19 21:35:50.023] INFO  [MultiTableRepo.transactions_hash] Ensured table exists: shard_nested_test_0.transactions_hash_hash_6
[2025-09-19 21:35:50.023] INFO  [MultiTableRepo.transactions_hash] Ensured table exists: shard_nested_test_2.transactions_hash_hash_12
[2025-09-19 21:35:50.025] INFO  [MultiTableRepo.transactions_hash] Ensured table exists: shard_nested_test_0.transactions_hash_hash_4
[2025-09-19 21:35:50.034] INFO  [MultiTableRepo.transactions_hash] Ensured table exists: shard_nested_test_1.transactions_hash_hash_11
[2025-09-19 21:35:50.061] INFO  [MultiTableRepo.transactions_hash] Ensured table exists: shard_nested_test_1.transactions_hash_hash_14
[2025-09-19 21:35:50.062] INFO  [MultiTableRepo.transactions_hash] Ensured table exists: shard_nested_test_0.transactions_hash_hash_9
[2025-09-19 21:35:50.063] INFO  [MultiTableRepo.transactions_hash] Ensured table exists: shard_nested_test_0.transactions_hash_hash_10
[2025-09-19 21:35:50.063] INFO  [MultiTableRepo.transactions_hash] Ensured table exists: shard_nested_test_0.transactions_hash_hash_4
[2025-09-19 21:35:50.064] INFO  [MultiTableRepo.transactions_hash] Ensured table exists: shard_nested_test_2.transactions_hash_hash_0
[2025-09-19 21:35:50.064] INFO  [MultiTableRepo.transactions_hash] Ensured table exists: shard_nested_test_1.transactions_hash_hash_15
[2025-09-19 21:35:50.065] INFO  [MultiTableRepo.transactions_hash] Ensured table exists: shard_nested_test_2.transactions_hash_hash_4
[2025-09-19 21:35:50.066] INFO  [MultiTableRepo.transactions_hash] Ensured table exists: shard_nested_test_2.transactions_hash_hash_8
[2025-09-19 21:35:50.068] INFO  [MultiTableRepo.transactions_hash] Ensured table exists: shard_nested_test_0.transactions_hash_hash_2
[2025-09-19 21:35:50.073] INFO  [MultiTableRepo.transactions_hash] Ensured table exists: shard_nested_test_2.transactions_hash_hash_9
[2025-09-19 21:35:50.077] INFO  [MultiTableRepo.transactions_hash] Ensured table exists: shard_nested_test_0.transactions_hash_hash_13
[2025-09-19 21:35:50.078] INFO  [MultiTableRepo.transactions_hash] Ensured table exists: shard_nested_test_0.transactions_hash_hash_8
[2025-09-19 21:35:50.082] INFO  [MultiTableRepo.transactions_hash] Ensured table exists: shard_nested_test_2.transactions_hash_hash_7
[2025-09-19 21:35:50.082] INFO  [MultiTableRepo.transactions_hash] Ensured table exists: shard_nested_test_2.transactions_hash_hash_14
[2025-09-19 21:35:50.082] INFO  [MultiTableRepo.transactions_hash] Ensured table exists: shard_nested_test_2.transactions_hash_hash_10
[2025-09-19 21:35:50.083] INFO  [MultiTableRepo.transactions_hash] Ensured table exists: shard_nested_test_1.transactions_hash_hash_8
[2025-09-19 21:35:50.083] INFO  [MultiTableRepo.transactions_hash] Ensured table exists: shard_nested_test_2.transactions_hash_hash_8
[2025-09-19 21:35:50.083] INFO  [MultiTableRepo.transactions_hash] Ensured table exists: shard_nested_test_2.transactions_hash_hash_14
[2025-09-19 21:35:50.084] INFO  [MultiTableRepo.transactions_hash] Ensured table exists: shard_nested_test_0.transactions_hash_hash_4
[2025-09-19 21:35:50.089] INFO  [MultiTableRepo.transactions_hash] Ensured table exists: shard_nested_test_2.transactions_hash_hash_10
[2025-09-19 21:35:50.095] INFO  [MultiTableRepo.transactions_hash] Ensured table exists: shard_nested_test_1.transactions_hash_hash_10
[2025-09-19 21:35:50.095] INFO  [MultiTableRepo.transactions_hash] Ensured table exists: shard_nested_test_0.transactions_hash_hash_12
[2025-09-19 21:35:50.096] INFO  [MultiTableRepo.transactions_hash] Ensured table exists: shard_nested_test_0.transactions_hash_hash_13
[2025-09-19 21:35:50.097] INFO  [MultiTableRepo.transactions_hash] Ensured table exists: shard_nested_test_1.transactions_hash_hash_6
[2025-09-19 21:35:50.097] INFO  [MultiTableRepo.transactions_hash] Ensured table exists: shard_nested_test_2.transactions_hash_hash_1
[2025-09-19 21:35:50.098] INFO  [MultiTableRepo.transactions_hash] Ensured table exists: shard_nested_test_1.transactions_hash_hash_2
[2025-09-19 21:35:50.099] INFO  [MultiTableRepo.transactions_hash] Ensured table exists: shard_nested_test_2.transactions_hash_hash_10
[2025-09-19 21:35:50.105] INFO  [MultiTableRepo.transactions_hash] Ensured table exists: shard_nested_test_1.transactions_hash_hash_0
[2025-09-19 21:35:50.108] INFO  [MultiTableRepo.transactions_hash] Ensured table exists: shard_nested_test_0.transactions_hash_hash_13
[2025-09-19 21:35:50.109] INFO  [MultiTableRepo.transactions_hash] Ensured table exists: shard_nested_test_0.transactions_hash_hash_14
[2025-09-19 21:35:50.111] INFO  [MultiTableRepo.transactions_hash] Ensured table exists: shard_nested_test_1.transactions_hash_hash_6
[2025-09-19 21:35:50.114] INFO  [MultiTableRepo.transactions_hash] Ensured table exists: shard_nested_test_0.transactions_hash_hash_2
[2025-09-19 21:35:50.116] INFO  [MultiTableRepo.transactions_hash] Ensured table exists: shard_nested_test_0.transactions_hash_hash_6
[2025-09-19 21:35:50.117] INFO  [MultiTableRepo.transactions_hash] Ensured table exists: shard_nested_test_1.transactions_hash_hash_14
[2025-09-19 21:35:50.119] INFO  [MultiTableRepo.transactions_hash] Ensured table exists: shard_nested_test_2.transactions_hash_hash_7
[2025-09-19 21:35:50.119] INFO  [MultiTableRepo.transactions_hash] Ensured table exists: shard_nested_test_1.transactions_hash_hash_4
[2025-09-19 21:35:50.119] INFO  [MultiTableRepo.transactions_hash] Ensured table exists: shard_nested_test_2.transactions_hash_hash_11
[2025-09-19 21:35:50.123] INFO  [MultiTableRepo.transactions_hash] Ensured table exists: shard_nested_test_1.transactions_hash_hash_13
[2025-09-19 21:35:50.128] INFO  [MultiTableRepo.transactions_hash] Ensured table exists: shard_nested_test_0.transactions_hash_hash_10
[2025-09-19 21:35:50.128] INFO  [MultiTableRepo.transactions_hash] Ensured table exists: shard_nested_test_2.transactions_hash_hash_0
[2025-09-19 21:35:50.130] INFO  [MultiTableRepo.transactions_hash] Ensured table exists: shard_nested_test_1.transactions_hash_hash_15
Concurrently inserted 300/300 records across 3 shards with hash partitions in 749ms

✓ INSERT test complete. Data distributed across:
  - 3 database shards
  - Multiple partition tables within each shard
  - Total records: 900
]]></system-out>
    <system-err><![CDATA[Sep 19, 2025 9:35:43 PM com.telcobright.core.connection.ConnectionProvider <init>
INFO: ConnectionProvider initialized for: jdbc:mysql://127.0.0.1:3306/shard_nested_test_0?useSSL=false&serverTimezone=UTC&useLegacyDatetimeCode=false&preserveInstants=true
Sep 19, 2025 9:35:43 PM com.telcobright.core.connection.ConnectionProvider <init>
INFO: ConnectionProvider initialized for: jdbc:mysql://127.0.0.1:3306/shard_nested_test_1?useSSL=false&serverTimezone=UTC&useLegacyDatetimeCode=false&preserveInstants=true
Sep 19, 2025 9:35:44 PM com.telcobright.core.connection.ConnectionProvider <init>
INFO: ConnectionProvider initialized for: jdbc:mysql://127.0.0.1:3306/shard_nested_test_2?useSSL=false&serverTimezone=UTC&useLegacyDatetimeCode=false&preserveInstants=true
Sep 19, 2025 9:35:44 PM com.telcobright.core.connection.ConnectionProvider <init>
INFO: ConnectionProvider initialized for: jdbc:mysql://127.0.0.1:3306/shard_nested_test_0?useSSL=false&serverTimezone=UTC&useLegacyDatetimeCode=false&preserveInstants=true
Sep 19, 2025 9:35:44 PM com.telcobright.core.connection.ConnectionProvider <init>
INFO: ConnectionProvider initialized for: jdbc:mysql://127.0.0.1:3306/shard_nested_test_1?useSSL=false&serverTimezone=UTC&useLegacyDatetimeCode=false&preserveInstants=true
Sep 19, 2025 9:35:45 PM com.telcobright.core.connection.ConnectionProvider <init>
INFO: ConnectionProvider initialized for: jdbc:mysql://127.0.0.1:3306/shard_nested_test_2?useSSL=false&serverTimezone=UTC&useLegacyDatetimeCode=false&preserveInstants=true
Sep 19, 2025 9:35:45 PM com.telcobright.core.connection.ConnectionProvider <init>
INFO: ConnectionProvider initialized for: jdbc:mysql://127.0.0.1:3306/shard_nested_test_0?useSSL=false&serverTimezone=UTC&useLegacyDatetimeCode=false&preserveInstants=true
Sep 19, 2025 9:35:46 PM com.telcobright.core.connection.ConnectionProvider <init>
INFO: ConnectionProvider initialized for: jdbc:mysql://127.0.0.1:3306/shard_nested_test_1?useSSL=false&serverTimezone=UTC&useLegacyDatetimeCode=false&preserveInstants=true
Sep 19, 2025 9:35:46 PM com.telcobright.core.connection.ConnectionProvider <init>
INFO: ConnectionProvider initialized for: jdbc:mysql://127.0.0.1:3306/shard_nested_test_2?useSSL=false&serverTimezone=UTC&useLegacyDatetimeCode=false&preserveInstants=true
]]></system-err>
  </testcase>
  <testcase name="testSelectAcross3ShardsWithNestedPartitions" classname="com.telcobright.splitverse.tests.ThreeShardNestedPartitioningTest" time="1.318">
    <system-out><![CDATA[
=== Test 2: SELECT across 3 shards with nested partitions ===

2.1 Testing point queries across shards...
✓ Point queries: 30/30 records found in 1061ms

2.2 Testing date range queries across partitions...
✓ Date range query returned 299 records from multiple partitions across 3 shards

2.3 Testing pagination across shards...
✓ Paginated through 2 pages, 54 unique records

2.4 Testing complex queries...
✓ Complex query (IDs + date range) returned 0 records
]]></system-out>
  </testcase>
  <testcase name="testUpdateAcross3ShardsWithNestedPartitions" classname="com.telcobright.splitverse.tests.ThreeShardNestedPartitioningTest" time="3.079">
    <error message="No rows updated for ID: 65101f338b684da08e1837" type="java.sql.SQLException"><![CDATA[java.sql.SQLException: No rows updated for ID: 65101f338b684da08e1837
	at com.telcobright.core.repository.GenericMultiTableRepository.updateById(GenericMultiTableRepository.java:443)
	at com.telcobright.core.repository.SplitVerseRepository.updateById(SplitVerseRepository.java:301)
	at com.telcobright.splitverse.tests.ThreeShardNestedPartitioningTest.testUpdateAcross3ShardsWithNestedPartitions(ThreeShardNestedPartitioningTest.java:415)
	at java.base/java.lang.reflect.Method.invoke(Method.java:580)
	at java.base/java.util.ArrayList.forEach(ArrayList.java:1596)
	at java.base/java.util.ArrayList.forEach(ArrayList.java:1596)
]]></error>
    <system-out><![CDATA[
=== Test 3: UPDATE across 3 shards with nested partitions ===

3.1 Testing single record updates...
✓ Successfully updated 30 records across shards and partitions

3.2 Testing batch updates within partitions...
]]></system-out>
  </testcase>
  <testcase name="testDeleteAcross3ShardsWithNestedPartitions" classname="com.telcobright.splitverse.tests.ThreeShardNestedPartitioningTest" time="0.775">
    <failure message="Record should be deleted by ID and date range ==&gt; expected: &lt;null&gt; but was: &lt;com.telcobright.splitverse.tests.ThreeShardNestedPartitioningTest$Transaction@71e89a26&gt;" type="org.opentest4j.AssertionFailedError"><![CDATA[org.opentest4j.AssertionFailedError: Record should be deleted by ID and date range ==> expected: <null> but was: <com.telcobright.splitverse.tests.ThreeShardNestedPartitioningTest$Transaction@71e89a26>
	at org.junit.jupiter.api.AssertionFailureBuilder.build(AssertionFailureBuilder.java:151)
	at org.junit.jupiter.api.AssertionFailureBuilder.buildAndThrow(AssertionFailureBuilder.java:132)
	at org.junit.jupiter.api.AssertNull.failNotNull(AssertNull.java:50)
	at org.junit.jupiter.api.AssertNull.assertNull(AssertNull.java:35)
	at org.junit.jupiter.api.Assertions.assertNull(Assertions.java:287)
	at com.telcobright.splitverse.tests.ThreeShardNestedPartitioningTest.testDeleteAcross3ShardsWithNestedPartitions(ThreeShardNestedPartitioningTest.java:536)
	at java.base/java.lang.reflect.Method.invoke(Method.java:580)
	at java.base/java.util.ArrayList.forEach(ArrayList.java:1596)
	at java.base/java.util.ArrayList.forEach(ArrayList.java:1596)
]]></failure>
    <system-out><![CDATA[
=== Test 4: DELETE across 3 shards with nested partitions ===

4.1 Testing single record deletes...
✓ Successfully deleted 10 individual records

4.2 Testing range-based deletes...

4.3 Testing combined ID and date range deletes...
]]></system-out>
  </testcase>
  <testcase name="testVerifyDistributionAndPerformance" classname="com.telcobright.splitverse.tests.ThreeShardNestedPartitioningTest" time="0.444">
    <system-out><![CDATA[
=== Test 5: Verify distribution and performance ===

5.1 Data distribution statistics:
  TIME-BASED: 290 records remaining
  VALUE-BASED: 102+ records accessible
  HASH-BASED: 300+ records in sample

5.2 Performance characteristics:
  ✓ 3 database shards utilized
  ✓ Nested partitioning within each shard
  ✓ Time-based: Daily partition tables
  ✓ Value-based: 10K range partition tables
  ✓ Hash-based: 16 hash bucket tables
  ✓ All CRUD operations verified

5.3 Shard distribution:
  Shard 0: ~33% of data
  Shard 1: ~36% of data
  Shard 2: ~30% of data

✓ All tests completed successfully!
]]></system-out>
  </testcase>
</testsuite>