<?xml version="1.0" encoding="UTF-8"?>
<testsuite xmlns:xsi="http://www.w3.org/2001/XMLSchema-instance" xsi:noNamespaceSchemaLocation="https://maven.apache.org/surefire/maven-surefire-plugin/xsd/surefire-test-report.xsd" version="3.0.2" name="com.telcobright.splitverse.tests.PerformanceTest" time="39.264" tests="6" errors="1" skipped="0" failures="1">
  <properties>
    <property name="java.specification.version" value="21"/>
    <property name="sun.jnu.encoding" value="UTF-8"/>
    <property name="java.class.path" value="/home/mustafa/telcobright-projects/routesphere/split-verse/target/test-classes:/home/mustafa/telcobright-projects/routesphere/split-verse/target/classes:/home/mustafa/.m2/repository/org/slf4j/slf4j-api/1.7.36/slf4j-api-1.7.36.jar:/home/mustafa/.m2/repository/com/mysql/mysql-connector-j/8.0.33/mysql-connector-j-8.0.33.jar:/home/mustafa/.m2/repository/com/telcobright/dbutil/1.0-SNAPSHOT/dbutil-1.0-SNAPSHOT.jar:/home/mustafa/.m2/repository/commons-io/commons-io/2.20.0/commons-io-2.20.0.jar:/home/mustafa/.m2/repository/org/apache/commons/commons-lang3/3.18.0/commons-lang3-3.18.0.jar:/home/mustafa/.m2/repository/ch/qos/logback/logback-classic/1.4.11/logback-classic-1.4.11.jar:/home/mustafa/.m2/repository/ch/qos/logback/logback-core/1.4.11/logback-core-1.4.11.jar:/home/mustafa/.m2/repository/org/springframework/data/spring-data-jpa/2.7.14/spring-data-jpa-2.7.14.jar:/home/mustafa/.m2/repository/org/springframework/data/spring-data-commons/2.7.14/spring-data-commons-2.7.14.jar:/home/mustafa/.m2/repository/org/springframework/spring-orm/5.3.29/spring-orm-5.3.29.jar:/home/mustafa/.m2/repository/org/springframework/spring-jdbc/5.3.29/spring-jdbc-5.3.29.jar:/home/mustafa/.m2/repository/org/springframework/spring-aop/5.3.29/spring-aop-5.3.29.jar:/home/mustafa/.m2/repository/org/springframework/spring-tx/5.3.29/spring-tx-5.3.29.jar:/home/mustafa/.m2/repository/org/springframework/spring-beans/5.3.29/spring-beans-5.3.29.jar:/home/mustafa/.m2/repository/org/springframework/spring-core/5.3.29/spring-core-5.3.29.jar:/home/mustafa/.m2/repository/org/springframework/spring-jcl/5.3.29/spring-jcl-5.3.29.jar:/home/mustafa/.m2/repository/javax/persistence/javax.persistence-api/2.2/javax.persistence-api-2.2.jar:/home/mustafa/.m2/repository/org/hibernate/hibernate-core/5.6.15.Final/hibernate-core-5.6.15.Final.jar:/home/mustafa/.m2/repository/org/jboss/logging/jboss-logging/3.6.1.Final/jboss-logging-3.6.1.Final.jar:/home/mustafa/.m2/repository/net/bytebuddy/byte-buddy/1.17.6/byte-buddy-1.17.6.jar:/home/mustafa/.m2/repository/antlr/antlr/2.7.7/antlr-2.7.7.jar:/home/mustafa/.m2/repository/org/jboss/spec/javax/transaction/jboss-transaction-api_1.2_spec/1.1.1.Final/jboss-transaction-api_1.2_spec-1.1.1.Final.jar:/home/mustafa/.m2/repository/org/jboss/jandex/2.4.2.Final/jandex-2.4.2.Final.jar:/home/mustafa/.m2/repository/com/fasterxml/classmate/1.7.0/classmate-1.7.0.jar:/home/mustafa/.m2/repository/javax/activation/javax.activation-api/1.2.0/javax.activation-api-1.2.0.jar:/home/mustafa/.m2/repository/org/hibernate/common/hibernate-commons-annotations/5.1.2.Final/hibernate-commons-annotations-5.1.2.Final.jar:/home/mustafa/.m2/repository/javax/xml/bind/jaxb-api/2.3.1/jaxb-api-2.3.1.jar:/home/mustafa/.m2/repository/org/glassfish/jaxb/jaxb-runtime/4.0.5/jaxb-runtime-4.0.5.jar:/home/mustafa/.m2/repository/org/glassfish/jaxb/jaxb-core/4.0.5/jaxb-core-4.0.5.jar:/home/mustafa/.m2/repository/org/eclipse/angus/angus-activation/2.0.2/angus-activation-2.0.2.jar:/home/mustafa/.m2/repository/org/glassfish/jaxb/txw2/4.0.5/txw2-4.0.5.jar:/home/mustafa/.m2/repository/com/sun/istack/istack-commons-runtime/4.1.2/istack-commons-runtime-4.1.2.jar:/home/mustafa/.m2/repository/org/springframework/spring-context/5.3.30/spring-context-5.3.30.jar:/home/mustafa/.m2/repository/org/springframework/spring-expression/5.3.30/spring-expression-5.3.30.jar:/home/mustafa/.m2/repository/com/zaxxer/HikariCP/5.0.1/HikariCP-5.0.1.jar:/home/mustafa/.m2/repository/org/springframework/boot/spring-boot-starter-test/2.7.14/spring-boot-starter-test-2.7.14.jar:/home/mustafa/.m2/repository/org/springframework/boot/spring-boot-starter/2.7.14/spring-boot-starter-2.7.14.jar:/home/mustafa/.m2/repository/org/springframework/boot/spring-boot/2.7.14/spring-boot-2.7.14.jar:/home/mustafa/.m2/repository/org/springframework/boot/spring-boot-autoconfigure/2.7.14/spring-boot-autoconfigure-2.7.14.jar:/home/mustafa/.m2/repository/org/springframework/boot/spring-boot-starter-logging/2.7.14/spring-boot-starter-logging-2.7.14.jar:/home/mustafa/.m2/repository/org/slf4j/jul-to-slf4j/1.7.36/jul-to-slf4j-1.7.36.jar:/home/mustafa/.m2/repository/jakarta/annotation/jakarta.annotation-api/3.0.0/jakarta.annotation-api-3.0.0.jar:/home/mustafa/.m2/repository/org/yaml/snakeyaml/2.4/snakeyaml-2.4.jar:/home/mustafa/.m2/repository/org/springframework/boot/spring-boot-test/2.7.14/spring-boot-test-2.7.14.jar:/home/mustafa/.m2/repository/org/springframework/boot/spring-boot-test-autoconfigure/2.7.14/spring-boot-test-autoconfigure-2.7.14.jar:/home/mustafa/.m2/repository/com/jayway/jsonpath/json-path/2.7.0/json-path-2.7.0.jar:/home/mustafa/.m2/repository/net/minidev/json-smart/2.4.7/json-smart-2.4.7.jar:/home/mustafa/.m2/repository/net/minidev/accessors-smart/2.4.7/accessors-smart-2.4.7.jar:/home/mustafa/.m2/repository/org/ow2/asm/asm/9.8/asm-9.8.jar:/home/mustafa/.m2/repository/jakarta/xml/bind/jakarta.xml.bind-api/4.0.2/jakarta.xml.bind-api-4.0.2.jar:/home/mustafa/.m2/repository/jakarta/activation/jakarta.activation-api/2.1.3/jakarta.activation-api-2.1.3.jar:/home/mustafa/.m2/repository/org/hamcrest/hamcrest/2.2/hamcrest-2.2.jar:/home/mustafa/.m2/repository/org/skyscreamer/jsonassert/1.5.1/jsonassert-1.5.1.jar:/home/mustafa/.m2/repository/com/vaadin/external/google/android-json/0.0.20131108.vaadin1/android-json-0.0.20131108.vaadin1.jar:/home/mustafa/.m2/repository/org/springframework/spring-test/5.3.29/spring-test-5.3.29.jar:/home/mustafa/.m2/repository/org/xmlunit/xmlunit-core/2.9.1/xmlunit-core-2.9.1.jar:/home/mustafa/.m2/repository/com/fasterxml/jackson/core/jackson-databind/2.15.2/jackson-databind-2.15.2.jar:/home/mustafa/.m2/repository/com/fasterxml/jackson/core/jackson-annotations/2.19.2/jackson-annotations-2.19.2.jar:/home/mustafa/.m2/repository/com/fasterxml/jackson/core/jackson-core/2.19.2/jackson-core-2.19.2.jar:/home/mustafa/.m2/repository/com/fasterxml/jackson/datatype/jackson-datatype-jsr310/2.15.2/jackson-datatype-jsr310-2.15.2.jar:/home/mustafa/.m2/repository/org/junit/jupiter/junit-jupiter/5.9.2/junit-jupiter-5.9.2.jar:/home/mustafa/.m2/repository/org/junit/jupiter/junit-jupiter-api/5.13.4/junit-jupiter-api-5.13.4.jar:/home/mustafa/.m2/repository/org/opentest4j/opentest4j/1.3.0/opentest4j-1.3.0.jar:/home/mustafa/.m2/repository/org/junit/platform/junit-platform-commons/1.13.4/junit-platform-commons-1.13.4.jar:/home/mustafa/.m2/repository/org/junit/jupiter/junit-jupiter-engine/5.13.4/junit-jupiter-engine-5.13.4.jar:/home/mustafa/.m2/repository/org/junit/platform/junit-platform-engine/1.13.4/junit-platform-engine-1.13.4.jar:/home/mustafa/.m2/repository/org/junit/jupiter/junit-jupiter-params/5.9.2/junit-jupiter-params-5.9.2.jar:/home/mustafa/.m2/repository/org/apiguardian/apiguardian-api/1.1.2/apiguardian-api-1.1.2.jar:/home/mustafa/.m2/repository/org/mockito/mockito-core/5.1.1/mockito-core-5.1.1.jar:/home/mustafa/.m2/repository/net/bytebuddy/byte-buddy-agent/1.12.22/byte-buddy-agent-1.12.22.jar:/home/mustafa/.m2/repository/org/objenesis/objenesis/3.3/objenesis-3.3.jar:/home/mustafa/.m2/repository/org/mockito/mockito-junit-jupiter/5.1.1/mockito-junit-jupiter-5.1.1.jar:/home/mustafa/.m2/repository/org/assertj/assertj-core/3.24.2/assertj-core-3.24.2.jar:/home/mustafa/.m2/repository/org/testcontainers/junit-jupiter/1.19.0/junit-jupiter-1.19.0.jar:/home/mustafa/.m2/repository/org/testcontainers/testcontainers/1.21.3/testcontainers-1.21.3.jar:/home/mustafa/.m2/repository/junit/junit/4.13.2/junit-4.13.2.jar:/home/mustafa/.m2/repository/org/apache/commons/commons-compress/1.28.0/commons-compress-1.28.0.jar:/home/mustafa/.m2/repository/commons-codec/commons-codec/1.19.0/commons-codec-1.19.0.jar:/home/mustafa/.m2/repository/org/rnorth/duct-tape/duct-tape/1.0.8/duct-tape-1.0.8.jar:/home/mustafa/.m2/repository/org/jetbrains/annotations/26.0.2/annotations-26.0.2.jar:/home/mustafa/.m2/repository/com/github/docker-java/docker-java-api/3.4.2/docker-java-api-3.4.2.jar:/home/mustafa/.m2/repository/com/github/docker-java/docker-java-transport-zerodep/3.4.2/docker-java-transport-zerodep-3.4.2.jar:/home/mustafa/.m2/repository/com/github/docker-java/docker-java-transport/3.4.2/docker-java-transport-3.4.2.jar:/home/mustafa/.m2/repository/net/java/dev/jna/jna/5.8.0/jna-5.8.0.jar:/home/mustafa/.m2/repository/org/testcontainers/mysql/1.19.0/mysql-1.19.0.jar:/home/mustafa/.m2/repository/org/testcontainers/jdbc/1.21.3/jdbc-1.21.3.jar:/home/mustafa/.m2/repository/org/testcontainers/database-commons/1.21.3/database-commons-1.21.3.jar:/home/mustafa/.m2/repository/org/awaitility/awaitility/4.2.0/awaitility-4.2.0.jar:/home/mustafa/.m2/repository/org/slf4j/slf4j-simple/1.7.36/slf4j-simple-1.7.36.jar:"/>
    <property name="java.vm.vendor" value="Eclipse Adoptium"/>
    <property name="sun.arch.data.model" value="64"/>
    <property name="java.vendor.url" value="https://adoptium.net/"/>
    <property name="user.timezone" value="Asia/Dhaka"/>
    <property name="os.name" value="Linux"/>
    <property name="java.vm.specification.version" value="21"/>
    <property name="sun.java.launcher" value="SUN_STANDARD"/>
    <property name="user.country" value="US"/>
    <property name="sun.boot.library.path" value="/home/mustafa/.sdkman/candidates/java/21-tem/lib"/>
    <property name="sun.java.command" value="/home/mustafa/telcobright-projects/routesphere/split-verse/target/surefire/surefirebooter-20250919213505675_3.jar /home/mustafa/telcobright-projects/routesphere/split-verse/target/surefire 2025-09-19T21-35-05_559-jvmRun1 surefire-20250919213505675_1tmp surefire_0-20250919213505675_2tmp"/>
    <property name="jdk.debug" value="release"/>
    <property name="surefire.test.class.path" value="/home/mustafa/telcobright-projects/routesphere/split-verse/target/test-classes:/home/mustafa/telcobright-projects/routesphere/split-verse/target/classes:/home/mustafa/.m2/repository/org/slf4j/slf4j-api/1.7.36/slf4j-api-1.7.36.jar:/home/mustafa/.m2/repository/com/mysql/mysql-connector-j/8.0.33/mysql-connector-j-8.0.33.jar:/home/mustafa/.m2/repository/com/telcobright/dbutil/1.0-SNAPSHOT/dbutil-1.0-SNAPSHOT.jar:/home/mustafa/.m2/repository/commons-io/commons-io/2.20.0/commons-io-2.20.0.jar:/home/mustafa/.m2/repository/org/apache/commons/commons-lang3/3.18.0/commons-lang3-3.18.0.jar:/home/mustafa/.m2/repository/ch/qos/logback/logback-classic/1.4.11/logback-classic-1.4.11.jar:/home/mustafa/.m2/repository/ch/qos/logback/logback-core/1.4.11/logback-core-1.4.11.jar:/home/mustafa/.m2/repository/org/springframework/data/spring-data-jpa/2.7.14/spring-data-jpa-2.7.14.jar:/home/mustafa/.m2/repository/org/springframework/data/spring-data-commons/2.7.14/spring-data-commons-2.7.14.jar:/home/mustafa/.m2/repository/org/springframework/spring-orm/5.3.29/spring-orm-5.3.29.jar:/home/mustafa/.m2/repository/org/springframework/spring-jdbc/5.3.29/spring-jdbc-5.3.29.jar:/home/mustafa/.m2/repository/org/springframework/spring-aop/5.3.29/spring-aop-5.3.29.jar:/home/mustafa/.m2/repository/org/springframework/spring-tx/5.3.29/spring-tx-5.3.29.jar:/home/mustafa/.m2/repository/org/springframework/spring-beans/5.3.29/spring-beans-5.3.29.jar:/home/mustafa/.m2/repository/org/springframework/spring-core/5.3.29/spring-core-5.3.29.jar:/home/mustafa/.m2/repository/org/springframework/spring-jcl/5.3.29/spring-jcl-5.3.29.jar:/home/mustafa/.m2/repository/javax/persistence/javax.persistence-api/2.2/javax.persistence-api-2.2.jar:/home/mustafa/.m2/repository/org/hibernate/hibernate-core/5.6.15.Final/hibernate-core-5.6.15.Final.jar:/home/mustafa/.m2/repository/org/jboss/logging/jboss-logging/3.6.1.Final/jboss-logging-3.6.1.Final.jar:/home/mustafa/.m2/repository/net/bytebuddy/byte-buddy/1.17.6/byte-buddy-1.17.6.jar:/home/mustafa/.m2/repository/antlr/antlr/2.7.7/antlr-2.7.7.jar:/home/mustafa/.m2/repository/org/jboss/spec/javax/transaction/jboss-transaction-api_1.2_spec/1.1.1.Final/jboss-transaction-api_1.2_spec-1.1.1.Final.jar:/home/mustafa/.m2/repository/org/jboss/jandex/2.4.2.Final/jandex-2.4.2.Final.jar:/home/mustafa/.m2/repository/com/fasterxml/classmate/1.7.0/classmate-1.7.0.jar:/home/mustafa/.m2/repository/javax/activation/javax.activation-api/1.2.0/javax.activation-api-1.2.0.jar:/home/mustafa/.m2/repository/org/hibernate/common/hibernate-commons-annotations/5.1.2.Final/hibernate-commons-annotations-5.1.2.Final.jar:/home/mustafa/.m2/repository/javax/xml/bind/jaxb-api/2.3.1/jaxb-api-2.3.1.jar:/home/mustafa/.m2/repository/org/glassfish/jaxb/jaxb-runtime/4.0.5/jaxb-runtime-4.0.5.jar:/home/mustafa/.m2/repository/org/glassfish/jaxb/jaxb-core/4.0.5/jaxb-core-4.0.5.jar:/home/mustafa/.m2/repository/org/eclipse/angus/angus-activation/2.0.2/angus-activation-2.0.2.jar:/home/mustafa/.m2/repository/org/glassfish/jaxb/txw2/4.0.5/txw2-4.0.5.jar:/home/mustafa/.m2/repository/com/sun/istack/istack-commons-runtime/4.1.2/istack-commons-runtime-4.1.2.jar:/home/mustafa/.m2/repository/org/springframework/spring-context/5.3.30/spring-context-5.3.30.jar:/home/mustafa/.m2/repository/org/springframework/spring-expression/5.3.30/spring-expression-5.3.30.jar:/home/mustafa/.m2/repository/com/zaxxer/HikariCP/5.0.1/HikariCP-5.0.1.jar:/home/mustafa/.m2/repository/org/springframework/boot/spring-boot-starter-test/2.7.14/spring-boot-starter-test-2.7.14.jar:/home/mustafa/.m2/repository/org/springframework/boot/spring-boot-starter/2.7.14/spring-boot-starter-2.7.14.jar:/home/mustafa/.m2/repository/org/springframework/boot/spring-boot/2.7.14/spring-boot-2.7.14.jar:/home/mustafa/.m2/repository/org/springframework/boot/spring-boot-autoconfigure/2.7.14/spring-boot-autoconfigure-2.7.14.jar:/home/mustafa/.m2/repository/org/springframework/boot/spring-boot-starter-logging/2.7.14/spring-boot-starter-logging-2.7.14.jar:/home/mustafa/.m2/repository/org/slf4j/jul-to-slf4j/1.7.36/jul-to-slf4j-1.7.36.jar:/home/mustafa/.m2/repository/jakarta/annotation/jakarta.annotation-api/3.0.0/jakarta.annotation-api-3.0.0.jar:/home/mustafa/.m2/repository/org/yaml/snakeyaml/2.4/snakeyaml-2.4.jar:/home/mustafa/.m2/repository/org/springframework/boot/spring-boot-test/2.7.14/spring-boot-test-2.7.14.jar:/home/mustafa/.m2/repository/org/springframework/boot/spring-boot-test-autoconfigure/2.7.14/spring-boot-test-autoconfigure-2.7.14.jar:/home/mustafa/.m2/repository/com/jayway/jsonpath/json-path/2.7.0/json-path-2.7.0.jar:/home/mustafa/.m2/repository/net/minidev/json-smart/2.4.7/json-smart-2.4.7.jar:/home/mustafa/.m2/repository/net/minidev/accessors-smart/2.4.7/accessors-smart-2.4.7.jar:/home/mustafa/.m2/repository/org/ow2/asm/asm/9.8/asm-9.8.jar:/home/mustafa/.m2/repository/jakarta/xml/bind/jakarta.xml.bind-api/4.0.2/jakarta.xml.bind-api-4.0.2.jar:/home/mustafa/.m2/repository/jakarta/activation/jakarta.activation-api/2.1.3/jakarta.activation-api-2.1.3.jar:/home/mustafa/.m2/repository/org/hamcrest/hamcrest/2.2/hamcrest-2.2.jar:/home/mustafa/.m2/repository/org/skyscreamer/jsonassert/1.5.1/jsonassert-1.5.1.jar:/home/mustafa/.m2/repository/com/vaadin/external/google/android-json/0.0.20131108.vaadin1/android-json-0.0.20131108.vaadin1.jar:/home/mustafa/.m2/repository/org/springframework/spring-test/5.3.29/spring-test-5.3.29.jar:/home/mustafa/.m2/repository/org/xmlunit/xmlunit-core/2.9.1/xmlunit-core-2.9.1.jar:/home/mustafa/.m2/repository/com/fasterxml/jackson/core/jackson-databind/2.15.2/jackson-databind-2.15.2.jar:/home/mustafa/.m2/repository/com/fasterxml/jackson/core/jackson-annotations/2.19.2/jackson-annotations-2.19.2.jar:/home/mustafa/.m2/repository/com/fasterxml/jackson/core/jackson-core/2.19.2/jackson-core-2.19.2.jar:/home/mustafa/.m2/repository/com/fasterxml/jackson/datatype/jackson-datatype-jsr310/2.15.2/jackson-datatype-jsr310-2.15.2.jar:/home/mustafa/.m2/repository/org/junit/jupiter/junit-jupiter/5.9.2/junit-jupiter-5.9.2.jar:/home/mustafa/.m2/repository/org/junit/jupiter/junit-jupiter-api/5.13.4/junit-jupiter-api-5.13.4.jar:/home/mustafa/.m2/repository/org/opentest4j/opentest4j/1.3.0/opentest4j-1.3.0.jar:/home/mustafa/.m2/repository/org/junit/platform/junit-platform-commons/1.13.4/junit-platform-commons-1.13.4.jar:/home/mustafa/.m2/repository/org/junit/jupiter/junit-jupiter-engine/5.13.4/junit-jupiter-engine-5.13.4.jar:/home/mustafa/.m2/repository/org/junit/platform/junit-platform-engine/1.13.4/junit-platform-engine-1.13.4.jar:/home/mustafa/.m2/repository/org/junit/jupiter/junit-jupiter-params/5.9.2/junit-jupiter-params-5.9.2.jar:/home/mustafa/.m2/repository/org/apiguardian/apiguardian-api/1.1.2/apiguardian-api-1.1.2.jar:/home/mustafa/.m2/repository/org/mockito/mockito-core/5.1.1/mockito-core-5.1.1.jar:/home/mustafa/.m2/repository/net/bytebuddy/byte-buddy-agent/1.12.22/byte-buddy-agent-1.12.22.jar:/home/mustafa/.m2/repository/org/objenesis/objenesis/3.3/objenesis-3.3.jar:/home/mustafa/.m2/repository/org/mockito/mockito-junit-jupiter/5.1.1/mockito-junit-jupiter-5.1.1.jar:/home/mustafa/.m2/repository/org/assertj/assertj-core/3.24.2/assertj-core-3.24.2.jar:/home/mustafa/.m2/repository/org/testcontainers/junit-jupiter/1.19.0/junit-jupiter-1.19.0.jar:/home/mustafa/.m2/repository/org/testcontainers/testcontainers/1.21.3/testcontainers-1.21.3.jar:/home/mustafa/.m2/repository/junit/junit/4.13.2/junit-4.13.2.jar:/home/mustafa/.m2/repository/org/apache/commons/commons-compress/1.28.0/commons-compress-1.28.0.jar:/home/mustafa/.m2/repository/commons-codec/commons-codec/1.19.0/commons-codec-1.19.0.jar:/home/mustafa/.m2/repository/org/rnorth/duct-tape/duct-tape/1.0.8/duct-tape-1.0.8.jar:/home/mustafa/.m2/repository/org/jetbrains/annotations/26.0.2/annotations-26.0.2.jar:/home/mustafa/.m2/repository/com/github/docker-java/docker-java-api/3.4.2/docker-java-api-3.4.2.jar:/home/mustafa/.m2/repository/com/github/docker-java/docker-java-transport-zerodep/3.4.2/docker-java-transport-zerodep-3.4.2.jar:/home/mustafa/.m2/repository/com/github/docker-java/docker-java-transport/3.4.2/docker-java-transport-3.4.2.jar:/home/mustafa/.m2/repository/net/java/dev/jna/jna/5.8.0/jna-5.8.0.jar:/home/mustafa/.m2/repository/org/testcontainers/mysql/1.19.0/mysql-1.19.0.jar:/home/mustafa/.m2/repository/org/testcontainers/jdbc/1.21.3/jdbc-1.21.3.jar:/home/mustafa/.m2/repository/org/testcontainers/database-commons/1.21.3/database-commons-1.21.3.jar:/home/mustafa/.m2/repository/org/awaitility/awaitility/4.2.0/awaitility-4.2.0.jar:/home/mustafa/.m2/repository/org/slf4j/slf4j-simple/1.7.36/slf4j-simple-1.7.36.jar:"/>
    <property name="sun.cpu.endian" value="little"/>
    <property name="user.home" value="/home/mustafa"/>
    <property name="user.language" value="en"/>
    <property name="java.specification.vendor" value="Oracle Corporation"/>
    <property name="java.version.date" value="2023-09-19"/>
    <property name="java.home" value="/home/mustafa/.sdkman/candidates/java/21-tem"/>
    <property name="file.separator" value="/"/>
    <property name="basedir" value="/home/mustafa/telcobright-projects/routesphere/split-verse"/>
    <property name="java.vm.compressedOopsMode" value="Zero based"/>
    <property name="line.separator" value="&#10;"/>
    <property name="java.specification.name" value="Java Platform API Specification"/>
    <property name="java.vm.specification.vendor" value="Oracle Corporation"/>
    <property name="surefire.real.class.path" value="/home/mustafa/telcobright-projects/routesphere/split-verse/target/surefire/surefirebooter-20250919213505675_3.jar"/>
    <property name="sun.management.compiler" value="HotSpot 64-Bit Tiered Compilers"/>
    <property name="java.runtime.version" value="21+35-LTS"/>
    <property name="user.name" value="mustafa"/>
    <property name="stdout.encoding" value="UTF-8"/>
    <property name="path.separator" value=":"/>
    <property name="os.version" value="6.14.0-29-generic"/>
    <property name="java.runtime.name" value="OpenJDK Runtime Environment"/>
    <property name="file.encoding" value="UTF-8"/>
    <property name="java.vm.name" value="OpenJDK 64-Bit Server VM"/>
    <property name="java.vendor.version" value="Temurin-21+35"/>
    <property name="localRepository" value="/home/mustafa/.m2/repository"/>
    <property name="java.vendor.url.bug" value="https://github.com/adoptium/adoptium-support/issues"/>
    <property name="java.io.tmpdir" value="/tmp"/>
    <property name="java.version" value="21"/>
    <property name="user.dir" value="/home/mustafa/telcobright-projects/routesphere/split-verse"/>
    <property name="os.arch" value="amd64"/>
    <property name="java.vm.specification.name" value="Java Virtual Machine Specification"/>
    <property name="native.encoding" value="UTF-8"/>
    <property name="java.library.path" value="/usr/java/packages/lib:/usr/lib64:/lib64:/lib:/usr/lib"/>
    <property name="java.vm.info" value="mixed mode, sharing"/>
    <property name="stderr.encoding" value="UTF-8"/>
    <property name="java.vendor" value="Eclipse Adoptium"/>
    <property name="java.vm.version" value="21+35-LTS"/>
    <property name="sun.io.unicode.encoding" value="UnicodeLittle"/>
    <property name="java.class.version" value="65.0"/>
  </properties>
  <testcase name="testBulkInsertPerformance" classname="com.telcobright.splitverse.tests.PerformanceTest" time="0.69">
    <system-out><![CDATA[Created test database: split_verse_perf_test
[SplitVerse] Building repository with:
  Entity: Event
  Table: events
  Sharding Strategy: DUAL_KEY_HASH_RANGE
  Repository Mode: MULTI_TABLE
  Partition Column: sequence_number (LONG)
  Partition Range: VALUE_RANGE_10K
  Table Granularity: DAILY
  Retention Days: 10
  ID Size: 22 bytes
  Charset: utf8mb4, Collation: utf8mb4_bin
  Shards: 1
[2025-09-19 21:35:55.956] INFO  [MultiTableRepo.events] Initializing 10 value-range tables (size: 10000)
[2025-09-19 21:35:55.991] INFO  [MultiTableRepo.events] Ensured table exists: split_verse_perf_test.events_0_9999
[2025-09-19 21:35:56.021] INFO  [MultiTableRepo.events] Ensured table exists: split_verse_perf_test.events_10000_19999
[2025-09-19 21:35:56.052] INFO  [MultiTableRepo.events] Ensured table exists: split_verse_perf_test.events_20000_29999
[2025-09-19 21:35:56.085] INFO  [MultiTableRepo.events] Ensured table exists: split_verse_perf_test.events_30000_39999
[2025-09-19 21:35:56.118] INFO  [MultiTableRepo.events] Ensured table exists: split_verse_perf_test.events_40000_49999
[2025-09-19 21:35:56.150] INFO  [MultiTableRepo.events] Ensured table exists: split_verse_perf_test.events_50000_59999
[2025-09-19 21:35:56.180] INFO  [MultiTableRepo.events] Ensured table exists: split_verse_perf_test.events_60000_69999
[2025-09-19 21:35:56.210] INFO  [MultiTableRepo.events] Ensured table exists: split_verse_perf_test.events_70000_79999
[2025-09-19 21:35:56.240] INFO  [MultiTableRepo.events] Ensured table exists: split_verse_perf_test.events_80000_89999
[2025-09-19 21:35:56.274] INFO  [MultiTableRepo.events] Ensured table exists: split_verse_perf_test.events_90000_99999
[2025-09-19 21:35:56.274] INFO  [MultiTableRepo.events] Completed table initialization
[SplitVerse] Initialized shard: shard-0
[SplitVerse] Initialized with 1 active shard(s)
Performance test setup complete

=== Bulk Insert Performance Test ===
[2025-09-19 21:35:56.424] INFO  [MultiTableRepo.events] Ensured table exists: split_verse_perf_test.events_0_9999
Inserted 10000 records in 620ms
Throughput: 16129.03 records/sec
Avg latency: 0.062 ms/record
✓ Bulk insert performance test passed
]]></system-out>
    <system-err><![CDATA[Sep 19, 2025 9:35:55 PM com.telcobright.core.connection.ConnectionProvider <init>
INFO: ConnectionProvider initialized for: jdbc:mysql://127.0.0.1:3306/split_verse_perf_test?useSSL=false&serverTimezone=UTC&useLegacyDatetimeCode=false&preserveInstants=true
]]></system-err>
  </testcase>
  <testcase name="testSequentialInsertPerformance" classname="com.telcobright.splitverse.tests.PerformanceTest" time="9.278">
    <system-out><![CDATA[
=== Sequential Insert Performance Test ===
[2025-09-19 21:35:56.970] INFO  [MultiTableRepo.events] Ensured table exists: split_verse_perf_test.events_0_9999
[2025-09-19 21:35:56.979] INFO  [MultiTableRepo.events] Ensured table exists: split_verse_perf_test.events_0_9999
[2025-09-19 21:35:56.988] INFO  [MultiTableRepo.events] Ensured table exists: split_verse_perf_test.events_0_9999
[2025-09-19 21:35:56.996] INFO  [MultiTableRepo.events] Ensured table exists: split_verse_perf_test.events_0_9999
[2025-09-19 21:35:57.004] INFO  [MultiTableRepo.events] Ensured table exists: split_verse_perf_test.events_0_9999
[2025-09-19 21:35:57.013] INFO  [MultiTableRepo.events] Ensured table exists: split_verse_perf_test.events_0_9999
[2025-09-19 21:35:57.022] INFO  [MultiTableRepo.events] Ensured table exists: split_verse_perf_test.events_0_9999
[2025-09-19 21:35:57.031] INFO  [MultiTableRepo.events] Ensured table exists: split_verse_perf_test.events_0_9999
[2025-09-19 21:35:57.042] INFO  [MultiTableRepo.events] Ensured table exists: split_verse_perf_test.events_0_9999
[2025-09-19 21:35:57.050] INFO  [MultiTableRepo.events] Ensured table exists: split_verse_perf_test.events_0_9999
[2025-09-19 21:35:57.061] INFO  [MultiTableRepo.events] Ensured table exists: split_verse_perf_test.events_0_9999
[2025-09-19 21:35:57.069] INFO  [MultiTableRepo.events] Ensured table exists: split_verse_perf_test.events_0_9999
[2025-09-19 21:35:57.077] INFO  [MultiTableRepo.events] Ensured table exists: split_verse_perf_test.events_0_9999
[2025-09-19 21:35:57.084] INFO  [MultiTableRepo.events] Ensured table exists: split_verse_perf_test.events_0_9999
[2025-09-19 21:35:57.094] INFO  [MultiTableRepo.events] Ensured table exists: split_verse_perf_test.events_0_9999
[2025-09-19 21:35:57.101] INFO  [MultiTableRepo.events] Ensured table exists: split_verse_perf_test.events_0_9999
[2025-09-19 21:35:57.110] INFO  [MultiTableRepo.events] Ensured table exists: split_verse_perf_test.events_0_9999
[2025-09-19 21:35:57.118] INFO  [MultiTableRepo.events] Ensured table exists: split_verse_perf_test.events_0_9999
[2025-09-19 21:35:57.127] INFO  [MultiTableRepo.events] Ensured table exists: split_verse_perf_test.events_0_9999
[2025-09-19 21:35:57.135] INFO  [MultiTableRepo.events] Ensured table exists: split_verse_perf_test.events_0_9999
[2025-09-19 21:35:57.145] INFO  [MultiTableRepo.events] Ensured table exists: split_verse_perf_test.events_0_9999
[2025-09-19 21:35:57.153] INFO  [MultiTableRepo.events] Ensured table exists: split_verse_perf_test.events_0_9999
[2025-09-19 21:35:57.162] INFO  [MultiTableRepo.events] Ensured table exists: split_verse_perf_test.events_0_9999
[2025-09-19 21:35:57.170] INFO  [MultiTableRepo.events] Ensured table exists: split_verse_perf_test.events_0_9999
[2025-09-19 21:35:57.178] INFO  [MultiTableRepo.events] Ensured table exists: split_verse_perf_test.events_0_9999
[2025-09-19 21:35:57.185] INFO  [MultiTableRepo.events] Ensured table exists: split_verse_perf_test.events_0_9999
[2025-09-19 21:35:57.193] INFO  [MultiTableRepo.events] Ensured table exists: split_verse_perf_test.events_0_9999
[2025-09-19 21:35:57.203] INFO  [MultiTableRepo.events] Ensured table exists: split_verse_perf_test.events_0_9999
[2025-09-19 21:35:57.212] INFO  [MultiTableRepo.events] Ensured table exists: split_verse_perf_test.events_0_9999
[2025-09-19 21:35:57.220] INFO  [MultiTableRepo.events] Ensured table exists: split_verse_perf_test.events_0_9999
[2025-09-19 21:35:57.230] INFO  [MultiTableRepo.events] Ensured table exists: split_verse_perf_test.events_0_9999
[2025-09-19 21:35:57.238] INFO  [MultiTableRepo.events] Ensured table exists: split_verse_perf_test.events_0_9999
[2025-09-19 21:35:57.249] INFO  [MultiTableRepo.events] Ensured table exists: split_verse_perf_test.events_0_9999
[2025-09-19 21:35:57.258] INFO  [MultiTableRepo.events] Ensured table exists: split_verse_perf_test.events_0_9999
[2025-09-19 21:35:57.268] INFO  [MultiTableRepo.events] Ensured table exists: split_verse_perf_test.events_0_9999
[2025-09-19 21:35:57.276] INFO  [MultiTableRepo.events] Ensured table exists: split_verse_perf_test.events_0_9999
[2025-09-19 21:35:57.284] INFO  [MultiTableRepo.events] Ensured table exists: split_verse_perf_test.events_0_9999
[2025-09-19 21:35:57.294] INFO  [MultiTableRepo.events] Ensured table exists: split_verse_perf_test.events_0_9999
[2025-09-19 21:35:57.304] INFO  [MultiTableRepo.events] Ensured table exists: split_verse_perf_test.events_0_9999
[2025-09-19 21:35:57.311] INFO  [MultiTableRepo.events] Ensured table exists: split_verse_perf_test.events_0_9999
[2025-09-19 21:35:57.318] INFO  [MultiTableRepo.events] Ensured table exists: split_verse_perf_test.events_0_9999
[2025-09-19 21:35:57.326] INFO  [MultiTableRepo.events] Ensured table exists: split_verse_perf_test.events_0_9999
[2025-09-19 21:35:57.333] INFO  [MultiTableRepo.events] Ensured table exists: split_verse_perf_test.events_0_9999
[2025-09-19 21:35:57.342] INFO  [MultiTableRepo.events] Ensured table exists: split_verse_perf_test.events_0_9999
[2025-09-19 21:35:57.349] INFO  [MultiTableRepo.events] Ensured table exists: split_verse_perf_test.events_0_9999
[2025-09-19 21:35:57.358] INFO  [MultiTableRepo.events] Ensured table exists: split_verse_perf_test.events_0_9999
[2025-09-19 21:35:57.366] INFO  [MultiTableRepo.events] Ensured table exists: split_verse_perf_test.events_0_9999
[2025-09-19 21:35:57.376] INFO  [MultiTableRepo.events] Ensured table exists: split_verse_perf_test.events_0_9999
[2025-09-19 21:35:57.383] INFO  [MultiTableRepo.events] Ensured table exists: split_verse_perf_test.events_0_9999
[2025-09-19 21:35:57.390] INFO  [MultiTableRepo.events] Ensured table exists: split_verse_perf_test.events_0_9999
[2025-09-19 21:35:57.398] INFO  [MultiTableRepo.events] Ensured table exists: split_verse_perf_test.events_0_9999
[2025-09-19 21:35:57.406] INFO  [MultiTableRepo.events] Ensured table exists: split_verse_perf_test.events_0_9999
[2025-09-19 21:35:57.416] INFO  [MultiTableRepo.events] Ensured table exists: split_verse_perf_test.events_0_9999
[2025-09-19 21:35:57.424] INFO  [MultiTableRepo.events] Ensured table exists: split_verse_perf_test.events_0_9999
[2025-09-19 21:35:57.431] INFO  [MultiTableRepo.events] Ensured table exists: split_verse_perf_test.events_0_9999
[2025-09-19 21:35:57.441] INFO  [MultiTableRepo.events] Ensured table exists: split_verse_perf_test.events_0_9999
[2025-09-19 21:35:57.448] INFO  [MultiTableRepo.events] Ensured table exists: split_verse_perf_test.events_0_9999
[2025-09-19 21:35:57.458] INFO  [MultiTableRepo.events] Ensured table exists: split_verse_perf_test.events_0_9999
[2025-09-19 21:35:57.465] INFO  [MultiTableRepo.events] Ensured table exists: split_verse_perf_test.events_0_9999
[2025-09-19 21:35:57.473] INFO  [MultiTableRepo.events] Ensured table exists: split_verse_perf_test.events_0_9999
[2025-09-19 21:35:57.482] INFO  [MultiTableRepo.events] Ensured table exists: split_verse_perf_test.events_0_9999
[2025-09-19 21:35:57.492] INFO  [MultiTableRepo.events] Ensured table exists: split_verse_perf_test.events_0_9999
[2025-09-19 21:35:57.500] INFO  [MultiTableRepo.events] Ensured table exists: split_verse_perf_test.events_0_9999
[2025-09-19 21:35:57.510] INFO  [MultiTableRepo.events] Ensured table exists: split_verse_perf_test.events_0_9999
[2025-09-19 21:35:57.518] INFO  [MultiTableRepo.events] Ensured table exists: split_verse_perf_test.events_0_9999
[2025-09-19 21:35:57.526] INFO  [MultiTableRepo.events] Ensured table exists: split_verse_perf_test.events_0_9999
[2025-09-19 21:35:57.534] INFO  [MultiTableRepo.events] Ensured table exists: split_verse_perf_test.events_0_9999
[2025-09-19 21:35:57.541] INFO  [MultiTableRepo.events] Ensured table exists: split_verse_perf_test.events_0_9999
[2025-09-19 21:35:57.549] INFO  [MultiTableRepo.events] Ensured table exists: split_verse_perf_test.events_0_9999
[2025-09-19 21:35:57.557] INFO  [MultiTableRepo.events] Ensured table exists: split_verse_perf_test.events_0_9999
[2025-09-19 21:35:57.565] INFO  [MultiTableRepo.events] Ensured table exists: split_verse_perf_test.events_0_9999
[2025-09-19 21:35:57.576] INFO  [MultiTableRepo.events] Ensured table exists: split_verse_perf_test.events_0_9999
[2025-09-19 21:35:57.583] INFO  [MultiTableRepo.events] Ensured table exists: split_verse_perf_test.events_0_9999
[2025-09-19 21:35:57.591] INFO  [MultiTableRepo.events] Ensured table exists: split_verse_perf_test.events_0_9999
[2025-09-19 21:35:57.599] INFO  [MultiTableRepo.events] Ensured table exists: split_verse_perf_test.events_0_9999
[2025-09-19 21:35:57.608] INFO  [MultiTableRepo.events] Ensured table exists: split_verse_perf_test.events_0_9999
[2025-09-19 21:35:57.615] INFO  [MultiTableRepo.events] Ensured table exists: split_verse_perf_test.events_0_9999
[2025-09-19 21:35:57.622] INFO  [MultiTableRepo.events] Ensured table exists: split_verse_perf_test.events_0_9999
[2025-09-19 21:35:57.630] INFO  [MultiTableRepo.events] Ensured table exists: split_verse_perf_test.events_0_9999
[2025-09-19 21:35:57.637] INFO  [MultiTableRepo.events] Ensured table exists: split_verse_perf_test.events_0_9999
[2025-09-19 21:35:57.645] INFO  [MultiTableRepo.events] Ensured table exists: split_verse_perf_test.events_0_9999
[2025-09-19 21:35:57.652] INFO  [MultiTableRepo.events] Ensured table exists: split_verse_perf_test.events_0_9999
[2025-09-19 21:35:57.660] INFO  [MultiTableRepo.events] Ensured table exists: split_verse_perf_test.events_0_9999
[2025-09-19 21:35:57.668] INFO  [MultiTableRepo.events] Ensured table exists: split_verse_perf_test.events_0_9999
[2025-09-19 21:35:57.676] INFO  [MultiTableRepo.events] Ensured table exists: split_verse_perf_test.events_0_9999
[2025-09-19 21:35:57.684] INFO  [MultiTableRepo.events] Ensured table exists: split_verse_perf_test.events_0_9999
[2025-09-19 21:35:57.693] INFO  [MultiTableRepo.events] Ensured table exists: split_verse_perf_test.events_0_9999
[2025-09-19 21:35:57.702] INFO  [MultiTableRepo.events] Ensured table exists: split_verse_perf_test.events_0_9999
[2025-09-19 21:35:57.712] INFO  [MultiTableRepo.events] Ensured table exists: split_verse_perf_test.events_0_9999
[2025-09-19 21:35:57.719] INFO  [MultiTableRepo.events] Ensured table exists: split_verse_perf_test.events_0_9999
[2025-09-19 21:35:57.727] INFO  [MultiTableRepo.events] Ensured table exists: split_verse_perf_test.events_0_9999
[2025-09-19 21:35:57.735] INFO  [MultiTableRepo.events] Ensured table exists: split_verse_perf_test.events_0_9999
[2025-09-19 21:35:57.742] INFO  [MultiTableRepo.events] Ensured table exists: split_verse_perf_test.events_0_9999
[2025-09-19 21:35:57.750] INFO  [MultiTableRepo.events] Ensured table exists: split_verse_perf_test.events_0_9999
[2025-09-19 21:35:57.758] INFO  [MultiTableRepo.events] Ensured table exists: split_verse_perf_test.events_0_9999
[2025-09-19 21:35:57.768] INFO  [MultiTableRepo.events] Ensured table exists: split_verse_perf_test.events_0_9999
[2025-09-19 21:35:57.778] INFO  [MultiTableRepo.events] Ensured table exists: split_verse_perf_test.events_0_9999
[2025-09-19 21:35:57.784] INFO  [MultiTableRepo.events] Ensured table exists: split_verse_perf_test.events_0_9999
[2025-09-19 21:35:57.793] INFO  [MultiTableRepo.events] Ensured table exists: split_verse_perf_test.events_0_9999
[2025-09-19 21:35:57.801] INFO  [MultiTableRepo.events] Ensured table exists: split_verse_perf_test.events_0_9999
[2025-09-19 21:35:57.811] INFO  [MultiTableRepo.events] Ensured table exists: split_verse_perf_test.events_0_9999
[2025-09-19 21:35:57.818] INFO  [MultiTableRepo.events] Ensured table exists: split_verse_perf_test.events_0_9999
[2025-09-19 21:35:57.826] INFO  [MultiTableRepo.events] Ensured table exists: split_verse_perf_test.events_0_9999
[2025-09-19 21:35:57.833] INFO  [MultiTableRepo.events] Ensured table exists: split_verse_perf_test.events_0_9999
[2025-09-19 21:35:57.841] INFO  [MultiTableRepo.events] Ensured table exists: split_verse_perf_test.events_0_9999
[2025-09-19 21:35:57.849] INFO  [MultiTableRepo.events] Ensured table exists: split_verse_perf_test.events_0_9999
[2025-09-19 21:35:57.857] INFO  [MultiTableRepo.events] Ensured table exists: split_verse_perf_test.events_0_9999
[2025-09-19 21:35:57.865] INFO  [MultiTableRepo.events] Ensured table exists: split_verse_perf_test.events_0_9999
[2025-09-19 21:35:57.874] INFO  [MultiTableRepo.events] Ensured table exists: split_verse_perf_test.events_0_9999
[2025-09-19 21:35:57.881] INFO  [MultiTableRepo.events] Ensured table exists: split_verse_perf_test.events_0_9999
[2025-09-19 21:35:57.890] INFO  [MultiTableRepo.events] Ensured table exists: split_verse_perf_test.events_0_9999
[2025-09-19 21:35:57.899] INFO  [MultiTableRepo.events] Ensured table exists: split_verse_perf_test.events_0_9999
[2025-09-19 21:35:57.908] INFO  [MultiTableRepo.events] Ensured table exists: split_verse_perf_test.events_0_9999
[2025-09-19 21:35:57.917] INFO  [MultiTableRepo.events] Ensured table exists: split_verse_perf_test.events_0_9999
[2025-09-19 21:35:57.926] INFO  [MultiTableRepo.events] Ensured table exists: split_verse_perf_test.events_0_9999
[2025-09-19 21:35:57.934] INFO  [MultiTableRepo.events] Ensured table exists: split_verse_perf_test.events_0_9999
[2025-09-19 21:35:57.944] INFO  [MultiTableRepo.events] Ensured table exists: split_verse_perf_test.events_0_9999
[2025-09-19 21:35:57.951] INFO  [MultiTableRepo.events] Ensured table exists: split_verse_perf_test.events_0_9999
[2025-09-19 21:35:57.959] INFO  [MultiTableRepo.events] Ensured table exists: split_verse_perf_test.events_0_9999
[2025-09-19 21:35:57.967] INFO  [MultiTableRepo.events] Ensured table exists: split_verse_perf_test.events_0_9999
[2025-09-19 21:35:57.976] INFO  [MultiTableRepo.events] Ensured table exists: split_verse_perf_test.events_0_9999
[2025-09-19 21:35:57.982] INFO  [MultiTableRepo.events] Ensured table exists: split_verse_perf_test.events_0_9999
[2025-09-19 21:35:57.991] INFO  [MultiTableRepo.events] Ensured table exists: split_verse_perf_test.events_0_9999
[2025-09-19 21:35:57.998] INFO  [MultiTableRepo.events] Ensured table exists: split_verse_perf_test.events_0_9999
[2025-09-19 21:35:58.006] INFO  [MultiTableRepo.events] Ensured table exists: split_verse_perf_test.events_0_9999
[2025-09-19 21:35:58.014] INFO  [MultiTableRepo.events] Ensured table exists: split_verse_perf_test.events_0_9999
[2025-09-19 21:35:58.022] INFO  [MultiTableRepo.events] Ensured table exists: split_verse_perf_test.events_0_9999
[2025-09-19 21:35:58.029] INFO  [MultiTableRepo.events] Ensured table exists: split_verse_perf_test.events_0_9999
[2025-09-19 21:35:58.039] INFO  [MultiTableRepo.events] Ensured table exists: split_verse_perf_test.events_0_9999
[2025-09-19 21:35:58.048] INFO  [MultiTableRepo.events] Ensured table exists: split_verse_perf_test.events_0_9999
[2025-09-19 21:35:58.056] INFO  [MultiTableRepo.events] Ensured table exists: split_verse_perf_test.events_0_9999
[2025-09-19 21:35:58.064] INFO  [MultiTableRepo.events] Ensured table exists: split_verse_perf_test.events_0_9999
[2025-09-19 21:35:58.072] INFO  [MultiTableRepo.events] Ensured table exists: split_verse_perf_test.events_0_9999
[2025-09-19 21:35:58.080] INFO  [MultiTableRepo.events] Ensured table exists: split_verse_perf_test.events_0_9999
[2025-09-19 21:35:58.088] INFO  [MultiTableRepo.events] Ensured table exists: split_verse_perf_test.events_0_9999
[2025-09-19 21:35:58.097] INFO  [MultiTableRepo.events] Ensured table exists: split_verse_perf_test.events_0_9999
[2025-09-19 21:35:58.106] INFO  [MultiTableRepo.events] Ensured table exists: split_verse_perf_test.events_0_9999
[2025-09-19 21:35:58.113] INFO  [MultiTableRepo.events] Ensured table exists: split_verse_perf_test.events_0_9999
[2025-09-19 21:35:58.121] INFO  [MultiTableRepo.events] Ensured table exists: split_verse_perf_test.events_0_9999
[2025-09-19 21:35:58.130] INFO  [MultiTableRepo.events] Ensured table exists: split_verse_perf_test.events_0_9999
[2025-09-19 21:35:58.138] INFO  [MultiTableRepo.events] Ensured table exists: split_verse_perf_test.events_0_9999
[2025-09-19 21:35:58.148] INFO  [MultiTableRepo.events] Ensured table exists: split_verse_perf_test.events_0_9999
[2025-09-19 21:35:58.159] INFO  [MultiTableRepo.events] Ensured table exists: split_verse_perf_test.events_0_9999
[2025-09-19 21:35:58.168] INFO  [MultiTableRepo.events] Ensured table exists: split_verse_perf_test.events_0_9999
[2025-09-19 21:35:58.179] INFO  [MultiTableRepo.events] Ensured table exists: split_verse_perf_test.events_0_9999
[2025-09-19 21:35:58.187] INFO  [MultiTableRepo.events] Ensured table exists: split_verse_perf_test.events_0_9999
[2025-09-19 21:35:58.199] INFO  [MultiTableRepo.events] Ensured table exists: split_verse_perf_test.events_0_9999
[2025-09-19 21:35:58.208] INFO  [MultiTableRepo.events] Ensured table exists: split_verse_perf_test.events_0_9999
[2025-09-19 21:35:58.217] INFO  [MultiTableRepo.events] Ensured table exists: split_verse_perf_test.events_0_9999
[2025-09-19 21:35:58.226] INFO  [MultiTableRepo.events] Ensured table exists: split_verse_perf_test.events_0_9999
[2025-09-19 21:35:58.235] INFO  [MultiTableRepo.events] Ensured table exists: split_verse_perf_test.events_0_9999
[2025-09-19 21:35:58.246] INFO  [MultiTableRepo.events] Ensured table exists: split_verse_perf_test.events_0_9999
[2025-09-19 21:35:58.255] INFO  [MultiTableRepo.events] Ensured table exists: split_verse_perf_test.events_0_9999
[2025-09-19 21:35:58.264] INFO  [MultiTableRepo.events] Ensured table exists: split_verse_perf_test.events_0_9999
[2025-09-19 21:35:58.272] INFO  [MultiTableRepo.events] Ensured table exists: split_verse_perf_test.events_0_9999
[2025-09-19 21:35:58.283] INFO  [MultiTableRepo.events] Ensured table exists: split_verse_perf_test.events_0_9999
[2025-09-19 21:35:58.298] INFO  [MultiTableRepo.events] Ensured table exists: split_verse_perf_test.events_0_9999
[2025-09-19 21:35:58.308] INFO  [MultiTableRepo.events] Ensured table exists: split_verse_perf_test.events_0_9999
[2025-09-19 21:35:58.319] INFO  [MultiTableRepo.events] Ensured table exists: split_verse_perf_test.events_0_9999
[2025-09-19 21:35:58.334] INFO  [MultiTableRepo.events] Ensured table exists: split_verse_perf_test.events_0_9999
[2025-09-19 21:35:58.343] INFO  [MultiTableRepo.events] Ensured table exists: split_verse_perf_test.events_0_9999
[2025-09-19 21:35:58.354] INFO  [MultiTableRepo.events] Ensured table exists: split_verse_perf_test.events_0_9999
[2025-09-19 21:35:58.365] INFO  [MultiTableRepo.events] Ensured table exists: split_verse_perf_test.events_0_9999
[2025-09-19 21:35:58.379] INFO  [MultiTableRepo.events] Ensured table exists: split_verse_perf_test.events_0_9999
[2025-09-19 21:35:58.390] INFO  [MultiTableRepo.events] Ensured table exists: split_verse_perf_test.events_0_9999
[2025-09-19 21:35:58.399] INFO  [MultiTableRepo.events] Ensured table exists: split_verse_perf_test.events_0_9999
[2025-09-19 21:35:58.412] INFO  [MultiTableRepo.events] Ensured table exists: split_verse_perf_test.events_0_9999
[2025-09-19 21:35:58.421] INFO  [MultiTableRepo.events] Ensured table exists: split_verse_perf_test.events_0_9999
[2025-09-19 21:35:58.431] INFO  [MultiTableRepo.events] Ensured table exists: split_verse_perf_test.events_0_9999
[2025-09-19 21:35:58.439] INFO  [MultiTableRepo.events] Ensured table exists: split_verse_perf_test.events_0_9999
[2025-09-19 21:35:58.447] INFO  [MultiTableRepo.events] Ensured table exists: split_verse_perf_test.events_0_9999
[2025-09-19 21:35:58.455] INFO  [MultiTableRepo.events] Ensured table exists: split_verse_perf_test.events_0_9999
[2025-09-19 21:35:58.464] INFO  [MultiTableRepo.events] Ensured table exists: split_verse_perf_test.events_0_9999
[2025-09-19 21:35:58.472] INFO  [MultiTableRepo.events] Ensured table exists: split_verse_perf_test.events_0_9999
[2025-09-19 21:35:58.483] INFO  [MultiTableRepo.events] Ensured table exists: split_verse_perf_test.events_0_9999
[2025-09-19 21:35:58.493] INFO  [MultiTableRepo.events] Ensured table exists: split_verse_perf_test.events_0_9999
[2025-09-19 21:35:58.501] INFO  [MultiTableRepo.events] Ensured table exists: split_verse_perf_test.events_0_9999
[2025-09-19 21:35:58.509] INFO  [MultiTableRepo.events] Ensured table exists: split_verse_perf_test.events_0_9999
[2025-09-19 21:35:58.517] INFO  [MultiTableRepo.events] Ensured table exists: split_verse_perf_test.events_0_9999
[2025-09-19 21:35:58.527] INFO  [MultiTableRepo.events] Ensured table exists: split_verse_perf_test.events_0_9999
[2025-09-19 21:35:58.534] INFO  [MultiTableRepo.events] Ensured table exists: split_verse_perf_test.events_0_9999
[2025-09-19 21:35:58.542] INFO  [MultiTableRepo.events] Ensured table exists: split_verse_perf_test.events_0_9999
[2025-09-19 21:35:58.550] INFO  [MultiTableRepo.events] Ensured table exists: split_verse_perf_test.events_0_9999
[2025-09-19 21:35:58.558] INFO  [MultiTableRepo.events] Ensured table exists: split_verse_perf_test.events_0_9999
[2025-09-19 21:35:58.567] INFO  [MultiTableRepo.events] Ensured table exists: split_verse_perf_test.events_0_9999
[2025-09-19 21:35:58.574] INFO  [MultiTableRepo.events] Ensured table exists: split_verse_perf_test.events_0_9999
[2025-09-19 21:35:58.581] INFO  [MultiTableRepo.events] Ensured table exists: split_verse_perf_test.events_0_9999
[2025-09-19 21:35:58.589] INFO  [MultiTableRepo.events] Ensured table exists: split_verse_perf_test.events_0_9999
[2025-09-19 21:35:58.598] INFO  [MultiTableRepo.events] Ensured table exists: split_verse_perf_test.events_0_9999
[2025-09-19 21:35:58.607] INFO  [MultiTableRepo.events] Ensured table exists: split_verse_perf_test.events_0_9999
[2025-09-19 21:35:58.615] INFO  [MultiTableRepo.events] Ensured table exists: split_verse_perf_test.events_0_9999
[2025-09-19 21:35:58.622] INFO  [MultiTableRepo.events] Ensured table exists: split_verse_perf_test.events_0_9999
[2025-09-19 21:35:58.631] INFO  [MultiTableRepo.events] Ensured table exists: split_verse_perf_test.events_0_9999
[2025-09-19 21:35:58.640] INFO  [MultiTableRepo.events] Ensured table exists: split_verse_perf_test.events_0_9999
[2025-09-19 21:35:58.648] INFO  [MultiTableRepo.events] Ensured table exists: split_verse_perf_test.events_0_9999
[2025-09-19 21:35:58.657] INFO  [MultiTableRepo.events] Ensured table exists: split_verse_perf_test.events_0_9999
[2025-09-19 21:35:58.672] INFO  [MultiTableRepo.events] Ensured table exists: split_verse_perf_test.events_0_9999
[2025-09-19 21:35:58.686] INFO  [MultiTableRepo.events] Ensured table exists: split_verse_perf_test.events_0_9999
[2025-09-19 21:35:58.700] INFO  [MultiTableRepo.events] Ensured table exists: split_verse_perf_test.events_0_9999
[2025-09-19 21:35:58.711] INFO  [MultiTableRepo.events] Ensured table exists: split_verse_perf_test.events_0_9999
[2025-09-19 21:35:58.719] INFO  [MultiTableRepo.events] Ensured table exists: split_verse_perf_test.events_0_9999
[2025-09-19 21:35:58.728] INFO  [MultiTableRepo.events] Ensured table exists: split_verse_perf_test.events_0_9999
[2025-09-19 21:35:58.735] INFO  [MultiTableRepo.events] Ensured table exists: split_verse_perf_test.events_0_9999
[2025-09-19 21:35:58.743] INFO  [MultiTableRepo.events] Ensured table exists: split_verse_perf_test.events_0_9999
[2025-09-19 21:35:58.751] INFO  [MultiTableRepo.events] Ensured table exists: split_verse_perf_test.events_0_9999
[2025-09-19 21:35:58.760] INFO  [MultiTableRepo.events] Ensured table exists: split_verse_perf_test.events_0_9999
[2025-09-19 21:35:58.767] INFO  [MultiTableRepo.events] Ensured table exists: split_verse_perf_test.events_0_9999
[2025-09-19 21:35:58.775] INFO  [MultiTableRepo.events] Ensured table exists: split_verse_perf_test.events_0_9999
[2025-09-19 21:35:58.784] INFO  [MultiTableRepo.events] Ensured table exists: split_verse_perf_test.events_0_9999
[2025-09-19 21:35:58.792] INFO  [MultiTableRepo.events] Ensured table exists: split_verse_perf_test.events_0_9999
[2025-09-19 21:35:58.800] INFO  [MultiTableRepo.events] Ensured table exists: split_verse_perf_test.events_0_9999
[2025-09-19 21:35:58.809] INFO  [MultiTableRepo.events] Ensured table exists: split_verse_perf_test.events_0_9999
[2025-09-19 21:35:58.816] INFO  [MultiTableRepo.events] Ensured table exists: split_verse_perf_test.events_0_9999
[2025-09-19 21:35:58.825] INFO  [MultiTableRepo.events] Ensured table exists: split_verse_perf_test.events_0_9999
[2025-09-19 21:35:58.833] INFO  [MultiTableRepo.events] Ensured table exists: split_verse_perf_test.events_0_9999
[2025-09-19 21:35:58.841] INFO  [MultiTableRepo.events] Ensured table exists: split_verse_perf_test.events_0_9999
[2025-09-19 21:35:58.850] INFO  [MultiTableRepo.events] Ensured table exists: split_verse_perf_test.events_0_9999
[2025-09-19 21:35:58.856] INFO  [MultiTableRepo.events] Ensured table exists: split_verse_perf_test.events_0_9999
[2025-09-19 21:35:58.864] INFO  [MultiTableRepo.events] Ensured table exists: split_verse_perf_test.events_0_9999
[2025-09-19 21:35:58.871] INFO  [MultiTableRepo.events] Ensured table exists: split_verse_perf_test.events_0_9999
[2025-09-19 21:35:58.881] INFO  [MultiTableRepo.events] Ensured table exists: split_verse_perf_test.events_0_9999
[2025-09-19 21:35:58.889] INFO  [MultiTableRepo.events] Ensured table exists: split_verse_perf_test.events_0_9999
[2025-09-19 21:35:58.899] INFO  [MultiTableRepo.events] Ensured table exists: split_verse_perf_test.events_0_9999
[2025-09-19 21:35:58.907] INFO  [MultiTableRepo.events] Ensured table exists: split_verse_perf_test.events_0_9999
[2025-09-19 21:35:58.916] INFO  [MultiTableRepo.events] Ensured table exists: split_verse_perf_test.events_0_9999
[2025-09-19 21:35:58.926] INFO  [MultiTableRepo.events] Ensured table exists: split_verse_perf_test.events_0_9999
[2025-09-19 21:35:58.934] INFO  [MultiTableRepo.events] Ensured table exists: split_verse_perf_test.events_0_9999
[2025-09-19 21:35:58.943] INFO  [MultiTableRepo.events] Ensured table exists: split_verse_perf_test.events_0_9999
[2025-09-19 21:35:58.950] INFO  [MultiTableRepo.events] Ensured table exists: split_verse_perf_test.events_0_9999
[2025-09-19 21:35:58.959] INFO  [MultiTableRepo.events] Ensured table exists: split_verse_perf_test.events_0_9999
[2025-09-19 21:35:58.967] INFO  [MultiTableRepo.events] Ensured table exists: split_verse_perf_test.events_0_9999
[2025-09-19 21:35:58.977] INFO  [MultiTableRepo.events] Ensured table exists: split_verse_perf_test.events_0_9999
[2025-09-19 21:35:58.986] INFO  [MultiTableRepo.events] Ensured table exists: split_verse_perf_test.events_0_9999
[2025-09-19 21:35:58.997] INFO  [MultiTableRepo.events] Ensured table exists: split_verse_perf_test.events_0_9999
[2025-09-19 21:35:59.005] INFO  [MultiTableRepo.events] Ensured table exists: split_verse_perf_test.events_0_9999
[2025-09-19 21:35:59.018] INFO  [MultiTableRepo.events] Ensured table exists: split_verse_perf_test.events_0_9999
[2025-09-19 21:35:59.027] INFO  [MultiTableRepo.events] Ensured table exists: split_verse_perf_test.events_0_9999
[2025-09-19 21:35:59.035] INFO  [MultiTableRepo.events] Ensured table exists: split_verse_perf_test.events_0_9999
[2025-09-19 21:35:59.045] INFO  [MultiTableRepo.events] Ensured table exists: split_verse_perf_test.events_0_9999
[2025-09-19 21:35:59.052] INFO  [MultiTableRepo.events] Ensured table exists: split_verse_perf_test.events_0_9999
[2025-09-19 21:35:59.062] INFO  [MultiTableRepo.events] Ensured table exists: split_verse_perf_test.events_0_9999
[2025-09-19 21:35:59.069] INFO  [MultiTableRepo.events] Ensured table exists: split_verse_perf_test.events_0_9999
[2025-09-19 21:35:59.076] INFO  [MultiTableRepo.events] Ensured table exists: split_verse_perf_test.events_0_9999
[2025-09-19 21:35:59.083] INFO  [MultiTableRepo.events] Ensured table exists: split_verse_perf_test.events_0_9999
[2025-09-19 21:35:59.091] INFO  [MultiTableRepo.events] Ensured table exists: split_verse_perf_test.events_0_9999
[2025-09-19 21:35:59.097] INFO  [MultiTableRepo.events] Ensured table exists: split_verse_perf_test.events_0_9999
[2025-09-19 21:35:59.105] INFO  [MultiTableRepo.events] Ensured table exists: split_verse_perf_test.events_0_9999
[2025-09-19 21:35:59.113] INFO  [MultiTableRepo.events] Ensured table exists: split_verse_perf_test.events_0_9999
[2025-09-19 21:35:59.120] INFO  [MultiTableRepo.events] Ensured table exists: split_verse_perf_test.events_0_9999
[2025-09-19 21:35:59.129] INFO  [MultiTableRepo.events] Ensured table exists: split_verse_perf_test.events_0_9999
[2025-09-19 21:35:59.136] INFO  [MultiTableRepo.events] Ensured table exists: split_verse_perf_test.events_0_9999
[2025-09-19 21:35:59.145] INFO  [MultiTableRepo.events] Ensured table exists: split_verse_perf_test.events_0_9999
[2025-09-19 21:35:59.152] INFO  [MultiTableRepo.events] Ensured table exists: split_verse_perf_test.events_0_9999
[2025-09-19 21:35:59.160] INFO  [MultiTableRepo.events] Ensured table exists: split_verse_perf_test.events_0_9999
[2025-09-19 21:35:59.167] INFO  [MultiTableRepo.events] Ensured table exists: split_verse_perf_test.events_0_9999
[2025-09-19 21:35:59.174] INFO  [MultiTableRepo.events] Ensured table exists: split_verse_perf_test.events_0_9999
[2025-09-19 21:35:59.183] INFO  [MultiTableRepo.events] Ensured table exists: split_verse_perf_test.events_0_9999
[2025-09-19 21:35:59.191] INFO  [MultiTableRepo.events] Ensured table exists: split_verse_perf_test.events_0_9999
[2025-09-19 21:35:59.199] INFO  [MultiTableRepo.events] Ensured table exists: split_verse_perf_test.events_0_9999
[2025-09-19 21:35:59.207] INFO  [MultiTableRepo.events] Ensured table exists: split_verse_perf_test.events_0_9999
[2025-09-19 21:35:59.215] INFO  [MultiTableRepo.events] Ensured table exists: split_verse_perf_test.events_0_9999
[2025-09-19 21:35:59.223] INFO  [MultiTableRepo.events] Ensured table exists: split_verse_perf_test.events_0_9999
[2025-09-19 21:35:59.230] INFO  [MultiTableRepo.events] Ensured table exists: split_verse_perf_test.events_0_9999
[2025-09-19 21:35:59.239] INFO  [MultiTableRepo.events] Ensured table exists: split_verse_perf_test.events_0_9999
[2025-09-19 21:35:59.247] INFO  [MultiTableRepo.events] Ensured table exists: split_verse_perf_test.events_0_9999
[2025-09-19 21:35:59.259] INFO  [MultiTableRepo.events] Ensured table exists: split_verse_perf_test.events_0_9999
[2025-09-19 21:35:59.270] INFO  [MultiTableRepo.events] Ensured table exists: split_verse_perf_test.events_0_9999
[2025-09-19 21:35:59.286] INFO  [MultiTableRepo.events] Ensured table exists: split_verse_perf_test.events_0_9999
[2025-09-19 21:35:59.296] INFO  [MultiTableRepo.events] Ensured table exists: split_verse_perf_test.events_0_9999
[2025-09-19 21:35:59.308] INFO  [MultiTableRepo.events] Ensured table exists: split_verse_perf_test.events_0_9999
[2025-09-19 21:35:59.316] INFO  [MultiTableRepo.events] Ensured table exists: split_verse_perf_test.events_0_9999
[2025-09-19 21:35:59.329] INFO  [MultiTableRepo.events] Ensured table exists: split_verse_perf_test.events_0_9999
[2025-09-19 21:35:59.336] INFO  [MultiTableRepo.events] Ensured table exists: split_verse_perf_test.events_0_9999
[2025-09-19 21:35:59.344] INFO  [MultiTableRepo.events] Ensured table exists: split_verse_perf_test.events_0_9999
[2025-09-19 21:35:59.352] INFO  [MultiTableRepo.events] Ensured table exists: split_verse_perf_test.events_0_9999
[2025-09-19 21:35:59.360] INFO  [MultiTableRepo.events] Ensured table exists: split_verse_perf_test.events_0_9999
[2025-09-19 21:35:59.367] INFO  [MultiTableRepo.events] Ensured table exists: split_verse_perf_test.events_0_9999
[2025-09-19 21:35:59.376] INFO  [MultiTableRepo.events] Ensured table exists: split_verse_perf_test.events_0_9999
[2025-09-19 21:35:59.383] INFO  [MultiTableRepo.events] Ensured table exists: split_verse_perf_test.events_0_9999
[2025-09-19 21:35:59.392] INFO  [MultiTableRepo.events] Ensured table exists: split_verse_perf_test.events_0_9999
[2025-09-19 21:35:59.400] INFO  [MultiTableRepo.events] Ensured table exists: split_verse_perf_test.events_0_9999
[2025-09-19 21:35:59.408] INFO  [MultiTableRepo.events] Ensured table exists: split_verse_perf_test.events_0_9999
[2025-09-19 21:35:59.416] INFO  [MultiTableRepo.events] Ensured table exists: split_verse_perf_test.events_0_9999
[2025-09-19 21:35:59.424] INFO  [MultiTableRepo.events] Ensured table exists: split_verse_perf_test.events_0_9999
[2025-09-19 21:35:59.431] INFO  [MultiTableRepo.events] Ensured table exists: split_verse_perf_test.events_0_9999
[2025-09-19 21:35:59.441] INFO  [MultiTableRepo.events] Ensured table exists: split_verse_perf_test.events_0_9999
[2025-09-19 21:35:59.449] INFO  [MultiTableRepo.events] Ensured table exists: split_verse_perf_test.events_0_9999
[2025-09-19 21:35:59.456] INFO  [MultiTableRepo.events] Ensured table exists: split_verse_perf_test.events_0_9999
[2025-09-19 21:35:59.464] INFO  [MultiTableRepo.events] Ensured table exists: split_verse_perf_test.events_0_9999
[2025-09-19 21:35:59.474] INFO  [MultiTableRepo.events] Ensured table exists: split_verse_perf_test.events_0_9999
[2025-09-19 21:35:59.482] INFO  [MultiTableRepo.events] Ensured table exists: split_verse_perf_test.events_0_9999
[2025-09-19 21:35:59.492] INFO  [MultiTableRepo.events] Ensured table exists: split_verse_perf_test.events_0_9999
[2025-09-19 21:35:59.499] INFO  [MultiTableRepo.events] Ensured table exists: split_verse_perf_test.events_0_9999
[2025-09-19 21:35:59.508] INFO  [MultiTableRepo.events] Ensured table exists: split_verse_perf_test.events_0_9999
[2025-09-19 21:35:59.516] INFO  [MultiTableRepo.events] Ensured table exists: split_verse_perf_test.events_0_9999
[2025-09-19 21:35:59.525] INFO  [MultiTableRepo.events] Ensured table exists: split_verse_perf_test.events_0_9999
[2025-09-19 21:35:59.536] INFO  [MultiTableRepo.events] Ensured table exists: split_verse_perf_test.events_0_9999
[2025-09-19 21:35:59.548] INFO  [MultiTableRepo.events] Ensured table exists: split_verse_perf_test.events_0_9999
[2025-09-19 21:35:59.557] INFO  [MultiTableRepo.events] Ensured table exists: split_verse_perf_test.events_0_9999
[2025-09-19 21:35:59.565] INFO  [MultiTableRepo.events] Ensured table exists: split_verse_perf_test.events_0_9999
[2025-09-19 21:35:59.574] INFO  [MultiTableRepo.events] Ensured table exists: split_verse_perf_test.events_0_9999
[2025-09-19 21:35:59.584] INFO  [MultiTableRepo.events] Ensured table exists: split_verse_perf_test.events_0_9999
[2025-09-19 21:35:59.592] INFO  [MultiTableRepo.events] Ensured table exists: split_verse_perf_test.events_0_9999
[2025-09-19 21:35:59.600] INFO  [MultiTableRepo.events] Ensured table exists: split_verse_perf_test.events_0_9999
[2025-09-19 21:35:59.608] INFO  [MultiTableRepo.events] Ensured table exists: split_verse_perf_test.events_0_9999
[2025-09-19 21:35:59.616] INFO  [MultiTableRepo.events] Ensured table exists: split_verse_perf_test.events_0_9999
[2025-09-19 21:35:59.625] INFO  [MultiTableRepo.events] Ensured table exists: split_verse_perf_test.events_0_9999
[2025-09-19 21:35:59.632] INFO  [MultiTableRepo.events] Ensured table exists: split_verse_perf_test.events_0_9999
[2025-09-19 21:35:59.640] INFO  [MultiTableRepo.events] Ensured table exists: split_verse_perf_test.events_0_9999
[2025-09-19 21:35:59.651] INFO  [MultiTableRepo.events] Ensured table exists: split_verse_perf_test.events_0_9999
[2025-09-19 21:35:59.661] INFO  [MultiTableRepo.events] Ensured table exists: split_verse_perf_test.events_0_9999
[2025-09-19 21:35:59.669] INFO  [MultiTableRepo.events] Ensured table exists: split_verse_perf_test.events_0_9999
[2025-09-19 21:35:59.678] INFO  [MultiTableRepo.events] Ensured table exists: split_verse_perf_test.events_0_9999
[2025-09-19 21:35:59.687] INFO  [MultiTableRepo.events] Ensured table exists: split_verse_perf_test.events_0_9999
[2025-09-19 21:35:59.697] INFO  [MultiTableRepo.events] Ensured table exists: split_verse_perf_test.events_0_9999
[2025-09-19 21:35:59.708] INFO  [MultiTableRepo.events] Ensured table exists: split_verse_perf_test.events_0_9999
[2025-09-19 21:35:59.717] INFO  [MultiTableRepo.events] Ensured table exists: split_verse_perf_test.events_0_9999
[2025-09-19 21:35:59.725] INFO  [MultiTableRepo.events] Ensured table exists: split_verse_perf_test.events_0_9999
[2025-09-19 21:35:59.735] INFO  [MultiTableRepo.events] Ensured table exists: split_verse_perf_test.events_0_9999
[2025-09-19 21:35:59.745] INFO  [MultiTableRepo.events] Ensured table exists: split_verse_perf_test.events_0_9999
[2025-09-19 21:35:59.752] INFO  [MultiTableRepo.events] Ensured table exists: split_verse_perf_test.events_0_9999
[2025-09-19 21:35:59.761] INFO  [MultiTableRepo.events] Ensured table exists: split_verse_perf_test.events_0_9999
[2025-09-19 21:35:59.771] INFO  [MultiTableRepo.events] Ensured table exists: split_verse_perf_test.events_0_9999
[2025-09-19 21:35:59.781] INFO  [MultiTableRepo.events] Ensured table exists: split_verse_perf_test.events_0_9999
[2025-09-19 21:35:59.790] INFO  [MultiTableRepo.events] Ensured table exists: split_verse_perf_test.events_0_9999
[2025-09-19 21:35:59.798] INFO  [MultiTableRepo.events] Ensured table exists: split_verse_perf_test.events_0_9999
[2025-09-19 21:35:59.805] INFO  [MultiTableRepo.events] Ensured table exists: split_verse_perf_test.events_0_9999
[2025-09-19 21:35:59.814] INFO  [MultiTableRepo.events] Ensured table exists: split_verse_perf_test.events_0_9999
[2025-09-19 21:35:59.823] INFO  [MultiTableRepo.events] Ensured table exists: split_verse_perf_test.events_0_9999
[2025-09-19 21:35:59.830] INFO  [MultiTableRepo.events] Ensured table exists: split_verse_perf_test.events_0_9999
[2025-09-19 21:35:59.839] INFO  [MultiTableRepo.events] Ensured table exists: split_verse_perf_test.events_0_9999
[2025-09-19 21:35:59.850] INFO  [MultiTableRepo.events] Ensured table exists: split_verse_perf_test.events_0_9999
[2025-09-19 21:35:59.860] INFO  [MultiTableRepo.events] Ensured table exists: split_verse_perf_test.events_0_9999
[2025-09-19 21:35:59.880] INFO  [MultiTableRepo.events] Ensured table exists: split_verse_perf_test.events_0_9999
[2025-09-19 21:35:59.894] INFO  [MultiTableRepo.events] Ensured table exists: split_verse_perf_test.events_0_9999
[2025-09-19 21:35:59.905] INFO  [MultiTableRepo.events] Ensured table exists: split_verse_perf_test.events_0_9999
[2025-09-19 21:35:59.916] INFO  [MultiTableRepo.events] Ensured table exists: split_verse_perf_test.events_0_9999
[2025-09-19 21:35:59.926] INFO  [MultiTableRepo.events] Ensured table exists: split_verse_perf_test.events_0_9999
[2025-09-19 21:35:59.937] INFO  [MultiTableRepo.events] Ensured table exists: split_verse_perf_test.events_0_9999
[2025-09-19 21:35:59.945] INFO  [MultiTableRepo.events] Ensured table exists: split_verse_perf_test.events_0_9999
[2025-09-19 21:35:59.952] INFO  [MultiTableRepo.events] Ensured table exists: split_verse_perf_test.events_0_9999
[2025-09-19 21:35:59.961] INFO  [MultiTableRepo.events] Ensured table exists: split_verse_perf_test.events_0_9999
[2025-09-19 21:35:59.969] INFO  [MultiTableRepo.events] Ensured table exists: split_verse_perf_test.events_0_9999
[2025-09-19 21:35:59.979] INFO  [MultiTableRepo.events] Ensured table exists: split_verse_perf_test.events_0_9999
[2025-09-19 21:35:59.991] INFO  [MultiTableRepo.events] Ensured table exists: split_verse_perf_test.events_0_9999
[2025-09-19 21:35:59.999] INFO  [MultiTableRepo.events] Ensured table exists: split_verse_perf_test.events_0_9999
[2025-09-19 21:36:00.009] INFO  [MultiTableRepo.events] Ensured table exists: split_verse_perf_test.events_0_9999
[2025-09-19 21:36:00.017] INFO  [MultiTableRepo.events] Ensured table exists: split_verse_perf_test.events_0_9999
[2025-09-19 21:36:00.025] INFO  [MultiTableRepo.events] Ensured table exists: split_verse_perf_test.events_0_9999
[2025-09-19 21:36:00.033] INFO  [MultiTableRepo.events] Ensured table exists: split_verse_perf_test.events_0_9999
[2025-09-19 21:36:00.042] INFO  [MultiTableRepo.events] Ensured table exists: split_verse_perf_test.events_0_9999
[2025-09-19 21:36:00.052] INFO  [MultiTableRepo.events] Ensured table exists: split_verse_perf_test.events_0_9999
[2025-09-19 21:36:00.064] INFO  [MultiTableRepo.events] Ensured table exists: split_verse_perf_test.events_0_9999
[2025-09-19 21:36:00.076] INFO  [MultiTableRepo.events] Ensured table exists: split_verse_perf_test.events_0_9999
[2025-09-19 21:36:00.087] INFO  [MultiTableRepo.events] Ensured table exists: split_verse_perf_test.events_0_9999
[2025-09-19 21:36:00.099] INFO  [MultiTableRepo.events] Ensured table exists: split_verse_perf_test.events_0_9999
[2025-09-19 21:36:00.111] INFO  [MultiTableRepo.events] Ensured table exists: split_verse_perf_test.events_0_9999
[2025-09-19 21:36:00.123] INFO  [MultiTableRepo.events] Ensured table exists: split_verse_perf_test.events_0_9999
[2025-09-19 21:36:00.134] INFO  [MultiTableRepo.events] Ensured table exists: split_verse_perf_test.events_0_9999
[2025-09-19 21:36:00.143] INFO  [MultiTableRepo.events] Ensured table exists: split_verse_perf_test.events_0_9999
[2025-09-19 21:36:00.151] INFO  [MultiTableRepo.events] Ensured table exists: split_verse_perf_test.events_0_9999
[2025-09-19 21:36:00.162] INFO  [MultiTableRepo.events] Ensured table exists: split_verse_perf_test.events_0_9999
[2025-09-19 21:36:00.174] INFO  [MultiTableRepo.events] Ensured table exists: split_verse_perf_test.events_0_9999
[2025-09-19 21:36:00.187] INFO  [MultiTableRepo.events] Ensured table exists: split_verse_perf_test.events_0_9999
[2025-09-19 21:36:00.198] INFO  [MultiTableRepo.events] Ensured table exists: split_verse_perf_test.events_0_9999
[2025-09-19 21:36:00.208] INFO  [MultiTableRepo.events] Ensured table exists: split_verse_perf_test.events_0_9999
[2025-09-19 21:36:00.217] INFO  [MultiTableRepo.events] Ensured table exists: split_verse_perf_test.events_0_9999
[2025-09-19 21:36:00.227] INFO  [MultiTableRepo.events] Ensured table exists: split_verse_perf_test.events_0_9999
[2025-09-19 21:36:00.236] INFO  [MultiTableRepo.events] Ensured table exists: split_verse_perf_test.events_0_9999
[2025-09-19 21:36:00.245] INFO  [MultiTableRepo.events] Ensured table exists: split_verse_perf_test.events_0_9999
[2025-09-19 21:36:00.253] INFO  [MultiTableRepo.events] Ensured table exists: split_verse_perf_test.events_0_9999
[2025-09-19 21:36:00.262] INFO  [MultiTableRepo.events] Ensured table exists: split_verse_perf_test.events_0_9999
[2025-09-19 21:36:00.270] INFO  [MultiTableRepo.events] Ensured table exists: split_verse_perf_test.events_0_9999
[2025-09-19 21:36:00.278] INFO  [MultiTableRepo.events] Ensured table exists: split_verse_perf_test.events_0_9999
[2025-09-19 21:36:00.286] INFO  [MultiTableRepo.events] Ensured table exists: split_verse_perf_test.events_0_9999
[2025-09-19 21:36:00.293] INFO  [MultiTableRepo.events] Ensured table exists: split_verse_perf_test.events_0_9999
[2025-09-19 21:36:00.301] INFO  [MultiTableRepo.events] Ensured table exists: split_verse_perf_test.events_0_9999
[2025-09-19 21:36:00.308] INFO  [MultiTableRepo.events] Ensured table exists: split_verse_perf_test.events_0_9999
[2025-09-19 21:36:00.317] INFO  [MultiTableRepo.events] Ensured table exists: split_verse_perf_test.events_0_9999
[2025-09-19 21:36:00.327] INFO  [MultiTableRepo.events] Ensured table exists: split_verse_perf_test.events_0_9999
[2025-09-19 21:36:00.335] INFO  [MultiTableRepo.events] Ensured table exists: split_verse_perf_test.events_0_9999
[2025-09-19 21:36:00.344] INFO  [MultiTableRepo.events] Ensured table exists: split_verse_perf_test.events_0_9999
[2025-09-19 21:36:00.351] INFO  [MultiTableRepo.events] Ensured table exists: split_verse_perf_test.events_0_9999
[2025-09-19 21:36:00.359] INFO  [MultiTableRepo.events] Ensured table exists: split_verse_perf_test.events_0_9999
[2025-09-19 21:36:00.367] INFO  [MultiTableRepo.events] Ensured table exists: split_verse_perf_test.events_0_9999
[2025-09-19 21:36:00.376] INFO  [MultiTableRepo.events] Ensured table exists: split_verse_perf_test.events_0_9999
[2025-09-19 21:36:00.383] INFO  [MultiTableRepo.events] Ensured table exists: split_verse_perf_test.events_0_9999
[2025-09-19 21:36:00.391] INFO  [MultiTableRepo.events] Ensured table exists: split_verse_perf_test.events_0_9999
[2025-09-19 21:36:00.399] INFO  [MultiTableRepo.events] Ensured table exists: split_verse_perf_test.events_0_9999
[2025-09-19 21:36:00.408] INFO  [MultiTableRepo.events] Ensured table exists: split_verse_perf_test.events_0_9999
[2025-09-19 21:36:00.416] INFO  [MultiTableRepo.events] Ensured table exists: split_verse_perf_test.events_0_9999
[2025-09-19 21:36:00.424] INFO  [MultiTableRepo.events] Ensured table exists: split_verse_perf_test.events_0_9999
[2025-09-19 21:36:00.432] INFO  [MultiTableRepo.events] Ensured table exists: split_verse_perf_test.events_0_9999
[2025-09-19 21:36:00.441] INFO  [MultiTableRepo.events] Ensured table exists: split_verse_perf_test.events_0_9999
[2025-09-19 21:36:00.449] INFO  [MultiTableRepo.events] Ensured table exists: split_verse_perf_test.events_0_9999
[2025-09-19 21:36:00.458] INFO  [MultiTableRepo.events] Ensured table exists: split_verse_perf_test.events_0_9999
[2025-09-19 21:36:00.467] INFO  [MultiTableRepo.events] Ensured table exists: split_verse_perf_test.events_0_9999
[2025-09-19 21:36:00.476] INFO  [MultiTableRepo.events] Ensured table exists: split_verse_perf_test.events_0_9999
[2025-09-19 21:36:00.484] INFO  [MultiTableRepo.events] Ensured table exists: split_verse_perf_test.events_0_9999
[2025-09-19 21:36:00.492] INFO  [MultiTableRepo.events] Ensured table exists: split_verse_perf_test.events_0_9999
[2025-09-19 21:36:00.499] INFO  [MultiTableRepo.events] Ensured table exists: split_verse_perf_test.events_0_9999
[2025-09-19 21:36:00.507] INFO  [MultiTableRepo.events] Ensured table exists: split_verse_perf_test.events_0_9999
[2025-09-19 21:36:00.516] INFO  [MultiTableRepo.events] Ensured table exists: split_verse_perf_test.events_0_9999
[2025-09-19 21:36:00.524] INFO  [MultiTableRepo.events] Ensured table exists: split_verse_perf_test.events_0_9999
[2025-09-19 21:36:00.531] INFO  [MultiTableRepo.events] Ensured table exists: split_verse_perf_test.events_0_9999
[2025-09-19 21:36:00.539] INFO  [MultiTableRepo.events] Ensured table exists: split_verse_perf_test.events_0_9999
[2025-09-19 21:36:00.547] INFO  [MultiTableRepo.events] Ensured table exists: split_verse_perf_test.events_0_9999
[2025-09-19 21:36:00.555] INFO  [MultiTableRepo.events] Ensured table exists: split_verse_perf_test.events_0_9999
[2025-09-19 21:36:00.563] INFO  [MultiTableRepo.events] Ensured table exists: split_verse_perf_test.events_0_9999
[2025-09-19 21:36:00.570] INFO  [MultiTableRepo.events] Ensured table exists: split_verse_perf_test.events_0_9999
[2025-09-19 21:36:00.578] INFO  [MultiTableRepo.events] Ensured table exists: split_verse_perf_test.events_0_9999
[2025-09-19 21:36:00.587] INFO  [MultiTableRepo.events] Ensured table exists: split_verse_perf_test.events_0_9999
[2025-09-19 21:36:00.596] INFO  [MultiTableRepo.events] Ensured table exists: split_verse_perf_test.events_0_9999
[2025-09-19 21:36:00.605] INFO  [MultiTableRepo.events] Ensured table exists: split_verse_perf_test.events_0_9999
[2025-09-19 21:36:00.613] INFO  [MultiTableRepo.events] Ensured table exists: split_verse_perf_test.events_0_9999
[2025-09-19 21:36:00.620] INFO  [MultiTableRepo.events] Ensured table exists: split_verse_perf_test.events_0_9999
[2025-09-19 21:36:00.630] INFO  [MultiTableRepo.events] Ensured table exists: split_verse_perf_test.events_0_9999
[2025-09-19 21:36:00.639] INFO  [MultiTableRepo.events] Ensured table exists: split_verse_perf_test.events_0_9999
[2025-09-19 21:36:00.648] INFO  [MultiTableRepo.events] Ensured table exists: split_verse_perf_test.events_0_9999
[2025-09-19 21:36:00.656] INFO  [MultiTableRepo.events] Ensured table exists: split_verse_perf_test.events_0_9999
[2025-09-19 21:36:00.664] INFO  [MultiTableRepo.events] Ensured table exists: split_verse_perf_test.events_0_9999
[2025-09-19 21:36:00.674] INFO  [MultiTableRepo.events] Ensured table exists: split_verse_perf_test.events_0_9999
[2025-09-19 21:36:00.684] INFO  [MultiTableRepo.events] Ensured table exists: split_verse_perf_test.events_0_9999
[2025-09-19 21:36:00.693] INFO  [MultiTableRepo.events] Ensured table exists: split_verse_perf_test.events_0_9999
[2025-09-19 21:36:00.704] INFO  [MultiTableRepo.events] Ensured table exists: split_verse_perf_test.events_0_9999
[2025-09-19 21:36:00.713] INFO  [MultiTableRepo.events] Ensured table exists: split_verse_perf_test.events_0_9999
[2025-09-19 21:36:00.720] INFO  [MultiTableRepo.events] Ensured table exists: split_verse_perf_test.events_0_9999
[2025-09-19 21:36:00.731] INFO  [MultiTableRepo.events] Ensured table exists: split_verse_perf_test.events_0_9999
[2025-09-19 21:36:00.742] INFO  [MultiTableRepo.events] Ensured table exists: split_verse_perf_test.events_0_9999
[2025-09-19 21:36:00.750] INFO  [MultiTableRepo.events] Ensured table exists: split_verse_perf_test.events_0_9999
[2025-09-19 21:36:00.758] INFO  [MultiTableRepo.events] Ensured table exists: split_verse_perf_test.events_0_9999
[2025-09-19 21:36:00.768] INFO  [MultiTableRepo.events] Ensured table exists: split_verse_perf_test.events_0_9999
[2025-09-19 21:36:00.778] INFO  [MultiTableRepo.events] Ensured table exists: split_verse_perf_test.events_0_9999
[2025-09-19 21:36:00.785] INFO  [MultiTableRepo.events] Ensured table exists: split_verse_perf_test.events_0_9999
[2025-09-19 21:36:00.793] INFO  [MultiTableRepo.events] Ensured table exists: split_verse_perf_test.events_0_9999
[2025-09-19 21:36:00.801] INFO  [MultiTableRepo.events] Ensured table exists: split_verse_perf_test.events_0_9999
[2025-09-19 21:36:00.811] INFO  [MultiTableRepo.events] Ensured table exists: split_verse_perf_test.events_0_9999
[2025-09-19 21:36:00.820] INFO  [MultiTableRepo.events] Ensured table exists: split_verse_perf_test.events_0_9999
[2025-09-19 21:36:00.829] INFO  [MultiTableRepo.events] Ensured table exists: split_verse_perf_test.events_0_9999
[2025-09-19 21:36:00.838] INFO  [MultiTableRepo.events] Ensured table exists: split_verse_perf_test.events_0_9999
[2025-09-19 21:36:00.848] INFO  [MultiTableRepo.events] Ensured table exists: split_verse_perf_test.events_0_9999
[2025-09-19 21:36:00.856] INFO  [MultiTableRepo.events] Ensured table exists: split_verse_perf_test.events_0_9999
[2025-09-19 21:36:00.867] INFO  [MultiTableRepo.events] Ensured table exists: split_verse_perf_test.events_0_9999
[2025-09-19 21:36:00.877] INFO  [MultiTableRepo.events] Ensured table exists: split_verse_perf_test.events_0_9999
[2025-09-19 21:36:00.884] INFO  [MultiTableRepo.events] Ensured table exists: split_verse_perf_test.events_0_9999
[2025-09-19 21:36:00.894] INFO  [MultiTableRepo.events] Ensured table exists: split_verse_perf_test.events_0_9999
[2025-09-19 21:36:00.902] INFO  [MultiTableRepo.events] Ensured table exists: split_verse_perf_test.events_0_9999
[2025-09-19 21:36:00.912] INFO  [MultiTableRepo.events] Ensured table exists: split_verse_perf_test.events_0_9999
[2025-09-19 21:36:00.921] INFO  [MultiTableRepo.events] Ensured table exists: split_verse_perf_test.events_0_9999
[2025-09-19 21:36:00.930] INFO  [MultiTableRepo.events] Ensured table exists: split_verse_perf_test.events_0_9999
[2025-09-19 21:36:00.937] INFO  [MultiTableRepo.events] Ensured table exists: split_verse_perf_test.events_0_9999
[2025-09-19 21:36:00.945] INFO  [MultiTableRepo.events] Ensured table exists: split_verse_perf_test.events_0_9999
[2025-09-19 21:36:00.961] INFO  [MultiTableRepo.events] Ensured table exists: split_verse_perf_test.events_0_9999
[2025-09-19 21:36:00.973] INFO  [MultiTableRepo.events] Ensured table exists: split_verse_perf_test.events_0_9999
[2025-09-19 21:36:00.982] INFO  [MultiTableRepo.events] Ensured table exists: split_verse_perf_test.events_0_9999
[2025-09-19 21:36:00.992] INFO  [MultiTableRepo.events] Ensured table exists: split_verse_perf_test.events_0_9999
[2025-09-19 21:36:01.003] INFO  [MultiTableRepo.events] Ensured table exists: split_verse_perf_test.events_0_9999
[2025-09-19 21:36:01.013] INFO  [MultiTableRepo.events] Ensured table exists: split_verse_perf_test.events_0_9999
[2025-09-19 21:36:01.022] INFO  [MultiTableRepo.events] Ensured table exists: split_verse_perf_test.events_0_9999
[2025-09-19 21:36:01.031] INFO  [MultiTableRepo.events] Ensured table exists: split_verse_perf_test.events_0_9999
[2025-09-19 21:36:01.041] INFO  [MultiTableRepo.events] Ensured table exists: split_verse_perf_test.events_0_9999
[2025-09-19 21:36:01.050] INFO  [MultiTableRepo.events] Ensured table exists: split_verse_perf_test.events_0_9999
[2025-09-19 21:36:01.060] INFO  [MultiTableRepo.events] Ensured table exists: split_verse_perf_test.events_0_9999
[2025-09-19 21:36:01.073] INFO  [MultiTableRepo.events] Ensured table exists: split_verse_perf_test.events_0_9999
[2025-09-19 21:36:01.080] INFO  [MultiTableRepo.events] Ensured table exists: split_verse_perf_test.events_0_9999
[2025-09-19 21:36:01.091] INFO  [MultiTableRepo.events] Ensured table exists: split_verse_perf_test.events_0_9999
[2025-09-19 21:36:01.099] INFO  [MultiTableRepo.events] Ensured table exists: split_verse_perf_test.events_0_9999
[2025-09-19 21:36:01.111] INFO  [MultiTableRepo.events] Ensured table exists: split_verse_perf_test.events_0_9999
[2025-09-19 21:36:01.119] INFO  [MultiTableRepo.events] Ensured table exists: split_verse_perf_test.events_0_9999
[2025-09-19 21:36:01.128] INFO  [MultiTableRepo.events] Ensured table exists: split_verse_perf_test.events_0_9999
[2025-09-19 21:36:01.135] INFO  [MultiTableRepo.events] Ensured table exists: split_verse_perf_test.events_0_9999
[2025-09-19 21:36:01.144] INFO  [MultiTableRepo.events] Ensured table exists: split_verse_perf_test.events_0_9999
[2025-09-19 21:36:01.151] INFO  [MultiTableRepo.events] Ensured table exists: split_verse_perf_test.events_0_9999
[2025-09-19 21:36:01.160] INFO  [MultiTableRepo.events] Ensured table exists: split_verse_perf_test.events_0_9999
[2025-09-19 21:36:01.168] INFO  [MultiTableRepo.events] Ensured table exists: split_verse_perf_test.events_0_9999
[2025-09-19 21:36:01.177] INFO  [MultiTableRepo.events] Ensured table exists: split_verse_perf_test.events_0_9999
[2025-09-19 21:36:01.183] INFO  [MultiTableRepo.events] Ensured table exists: split_verse_perf_test.events_0_9999
[2025-09-19 21:36:01.193] INFO  [MultiTableRepo.events] Ensured table exists: split_verse_perf_test.events_0_9999
[2025-09-19 21:36:01.201] INFO  [MultiTableRepo.events] Ensured table exists: split_verse_perf_test.events_0_9999
[2025-09-19 21:36:01.208] INFO  [MultiTableRepo.events] Ensured table exists: split_verse_perf_test.events_0_9999
[2025-09-19 21:36:01.215] INFO  [MultiTableRepo.events] Ensured table exists: split_verse_perf_test.events_0_9999
[2025-09-19 21:36:01.223] INFO  [MultiTableRepo.events] Ensured table exists: split_verse_perf_test.events_0_9999
[2025-09-19 21:36:01.231] INFO  [MultiTableRepo.events] Ensured table exists: split_verse_perf_test.events_0_9999
[2025-09-19 21:36:01.240] INFO  [MultiTableRepo.events] Ensured table exists: split_verse_perf_test.events_0_9999
[2025-09-19 21:36:01.249] INFO  [MultiTableRepo.events] Ensured table exists: split_verse_perf_test.events_0_9999
[2025-09-19 21:36:01.257] INFO  [MultiTableRepo.events] Ensured table exists: split_verse_perf_test.events_0_9999
[2025-09-19 21:36:01.265] INFO  [MultiTableRepo.events] Ensured table exists: split_verse_perf_test.events_0_9999
[2025-09-19 21:36:01.272] INFO  [MultiTableRepo.events] Ensured table exists: split_verse_perf_test.events_0_9999
[2025-09-19 21:36:01.280] INFO  [MultiTableRepo.events] Ensured table exists: split_verse_perf_test.events_0_9999
[2025-09-19 21:36:01.288] INFO  [MultiTableRepo.events] Ensured table exists: split_verse_perf_test.events_0_9999
[2025-09-19 21:36:01.297] INFO  [MultiTableRepo.events] Ensured table exists: split_verse_perf_test.events_0_9999
[2025-09-19 21:36:01.305] INFO  [MultiTableRepo.events] Ensured table exists: split_verse_perf_test.events_0_9999
[2025-09-19 21:36:01.313] INFO  [MultiTableRepo.events] Ensured table exists: split_verse_perf_test.events_0_9999
[2025-09-19 21:36:01.322] INFO  [MultiTableRepo.events] Ensured table exists: split_verse_perf_test.events_0_9999
[2025-09-19 21:36:01.330] INFO  [MultiTableRepo.events] Ensured table exists: split_verse_perf_test.events_0_9999
[2025-09-19 21:36:01.337] INFO  [MultiTableRepo.events] Ensured table exists: split_verse_perf_test.events_0_9999
[2025-09-19 21:36:01.351] INFO  [MultiTableRepo.events] Ensured table exists: split_verse_perf_test.events_0_9999
[2025-09-19 21:36:01.359] INFO  [MultiTableRepo.events] Ensured table exists: split_verse_perf_test.events_0_9999
[2025-09-19 21:36:01.366] INFO  [MultiTableRepo.events] Ensured table exists: split_verse_perf_test.events_0_9999
[2025-09-19 21:36:01.374] INFO  [MultiTableRepo.events] Ensured table exists: split_verse_perf_test.events_0_9999
[2025-09-19 21:36:01.381] INFO  [MultiTableRepo.events] Ensured table exists: split_verse_perf_test.events_0_9999
[2025-09-19 21:36:01.389] INFO  [MultiTableRepo.events] Ensured table exists: split_verse_perf_test.events_0_9999
[2025-09-19 21:36:01.396] INFO  [MultiTableRepo.events] Ensured table exists: split_verse_perf_test.events_0_9999
[2025-09-19 21:36:01.404] INFO  [MultiTableRepo.events] Ensured table exists: split_verse_perf_test.events_0_9999
[2025-09-19 21:36:01.413] INFO  [MultiTableRepo.events] Ensured table exists: split_verse_perf_test.events_0_9999
[2025-09-19 21:36:01.421] INFO  [MultiTableRepo.events] Ensured table exists: split_verse_perf_test.events_0_9999
[2025-09-19 21:36:01.428] INFO  [MultiTableRepo.events] Ensured table exists: split_verse_perf_test.events_0_9999
[2025-09-19 21:36:01.438] INFO  [MultiTableRepo.events] Ensured table exists: split_verse_perf_test.events_0_9999
[2025-09-19 21:36:01.447] INFO  [MultiTableRepo.events] Ensured table exists: split_verse_perf_test.events_0_9999
[2025-09-19 21:36:01.456] INFO  [MultiTableRepo.events] Ensured table exists: split_verse_perf_test.events_0_9999
[2025-09-19 21:36:01.464] INFO  [MultiTableRepo.events] Ensured table exists: split_verse_perf_test.events_0_9999
[2025-09-19 21:36:01.473] INFO  [MultiTableRepo.events] Ensured table exists: split_verse_perf_test.events_0_9999
[2025-09-19 21:36:01.484] INFO  [MultiTableRepo.events] Ensured table exists: split_verse_perf_test.events_0_9999
[2025-09-19 21:36:01.493] INFO  [MultiTableRepo.events] Ensured table exists: split_verse_perf_test.events_0_9999
[2025-09-19 21:36:01.503] INFO  [MultiTableRepo.events] Ensured table exists: split_verse_perf_test.events_0_9999
[2025-09-19 21:36:01.512] INFO  [MultiTableRepo.events] Ensured table exists: split_verse_perf_test.events_0_9999
[2025-09-19 21:36:01.521] INFO  [MultiTableRepo.events] Ensured table exists: split_verse_perf_test.events_0_9999
[2025-09-19 21:36:01.529] INFO  [MultiTableRepo.events] Ensured table exists: split_verse_perf_test.events_0_9999
[2025-09-19 21:36:01.541] INFO  [MultiTableRepo.events] Ensured table exists: split_verse_perf_test.events_0_9999
[2025-09-19 21:36:01.549] INFO  [MultiTableRepo.events] Ensured table exists: split_verse_perf_test.events_0_9999
[2025-09-19 21:36:01.561] INFO  [MultiTableRepo.events] Ensured table exists: split_verse_perf_test.events_0_9999
[2025-09-19 21:36:01.568] INFO  [MultiTableRepo.events] Ensured table exists: split_verse_perf_test.events_0_9999
[2025-09-19 21:36:01.579] INFO  [MultiTableRepo.events] Ensured table exists: split_verse_perf_test.events_0_9999
[2025-09-19 21:36:01.586] INFO  [MultiTableRepo.events] Ensured table exists: split_verse_perf_test.events_0_9999
[2025-09-19 21:36:01.594] INFO  [MultiTableRepo.events] Ensured table exists: split_verse_perf_test.events_0_9999
[2025-09-19 21:36:01.602] INFO  [MultiTableRepo.events] Ensured table exists: split_verse_perf_test.events_0_9999
[2025-09-19 21:36:01.612] INFO  [MultiTableRepo.events] Ensured table exists: split_verse_perf_test.events_0_9999
[2025-09-19 21:36:01.619] INFO  [MultiTableRepo.events] Ensured table exists: split_verse_perf_test.events_0_9999
[2025-09-19 21:36:01.627] INFO  [MultiTableRepo.events] Ensured table exists: split_verse_perf_test.events_0_9999
[2025-09-19 21:36:01.635] INFO  [MultiTableRepo.events] Ensured table exists: split_verse_perf_test.events_0_9999
[2025-09-19 21:36:01.648] INFO  [MultiTableRepo.events] Ensured table exists: split_verse_perf_test.events_0_9999
[2025-09-19 21:36:01.660] INFO  [MultiTableRepo.events] Ensured table exists: split_verse_perf_test.events_0_9999
[2025-09-19 21:36:01.671] INFO  [MultiTableRepo.events] Ensured table exists: split_verse_perf_test.events_0_9999
[2025-09-19 21:36:01.684] INFO  [MultiTableRepo.events] Ensured table exists: split_verse_perf_test.events_0_9999
[2025-09-19 21:36:01.693] INFO  [MultiTableRepo.events] Ensured table exists: split_verse_perf_test.events_0_9999
[2025-09-19 21:36:01.705] INFO  [MultiTableRepo.events] Ensured table exists: split_verse_perf_test.events_0_9999
[2025-09-19 21:36:01.715] INFO  [MultiTableRepo.events] Ensured table exists: split_verse_perf_test.events_0_9999
[2025-09-19 21:36:01.728] INFO  [MultiTableRepo.events] Ensured table exists: split_verse_perf_test.events_0_9999
[2025-09-19 21:36:01.740] INFO  [MultiTableRepo.events] Ensured table exists: split_verse_perf_test.events_0_9999
[2025-09-19 21:36:01.753] INFO  [MultiTableRepo.events] Ensured table exists: split_verse_perf_test.events_0_9999
[2025-09-19 21:36:01.765] INFO  [MultiTableRepo.events] Ensured table exists: split_verse_perf_test.events_0_9999
[2025-09-19 21:36:01.777] INFO  [MultiTableRepo.events] Ensured table exists: split_verse_perf_test.events_0_9999
[2025-09-19 21:36:01.786] INFO  [MultiTableRepo.events] Ensured table exists: split_verse_perf_test.events_0_9999
[2025-09-19 21:36:01.797] INFO  [MultiTableRepo.events] Ensured table exists: split_verse_perf_test.events_0_9999
[2025-09-19 21:36:01.808] INFO  [MultiTableRepo.events] Ensured table exists: split_verse_perf_test.events_0_9999
[2025-09-19 21:36:01.818] INFO  [MultiTableRepo.events] Ensured table exists: split_verse_perf_test.events_0_9999
[2025-09-19 21:36:01.829] INFO  [MultiTableRepo.events] Ensured table exists: split_verse_perf_test.events_0_9999
[2025-09-19 21:36:01.844] INFO  [MultiTableRepo.events] Ensured table exists: split_verse_perf_test.events_0_9999
[2025-09-19 21:36:01.859] INFO  [MultiTableRepo.events] Ensured table exists: split_verse_perf_test.events_0_9999
[2025-09-19 21:36:01.867] INFO  [MultiTableRepo.events] Ensured table exists: split_verse_perf_test.events_0_9999
[2025-09-19 21:36:01.879] INFO  [MultiTableRepo.events] Ensured table exists: split_verse_perf_test.events_0_9999
[2025-09-19 21:36:01.896] INFO  [MultiTableRepo.events] Ensured table exists: split_verse_perf_test.events_0_9999
[2025-09-19 21:36:01.911] INFO  [MultiTableRepo.events] Ensured table exists: split_verse_perf_test.events_0_9999
[2025-09-19 21:36:01.922] INFO  [MultiTableRepo.events] Ensured table exists: split_verse_perf_test.events_0_9999
[2025-09-19 21:36:01.933] INFO  [MultiTableRepo.events] Ensured table exists: split_verse_perf_test.events_0_9999
[2025-09-19 21:36:01.944] INFO  [MultiTableRepo.events] Ensured table exists: split_verse_perf_test.events_0_9999
[2025-09-19 21:36:01.957] INFO  [MultiTableRepo.events] Ensured table exists: split_verse_perf_test.events_0_9999
[2025-09-19 21:36:01.971] INFO  [MultiTableRepo.events] Ensured table exists: split_verse_perf_test.events_0_9999
[2025-09-19 21:36:01.984] INFO  [MultiTableRepo.events] Ensured table exists: split_verse_perf_test.events_0_9999
[2025-09-19 21:36:01.994] INFO  [MultiTableRepo.events] Ensured table exists: split_verse_perf_test.events_0_9999
[2025-09-19 21:36:02.004] INFO  [MultiTableRepo.events] Ensured table exists: split_verse_perf_test.events_0_9999
[2025-09-19 21:36:02.015] INFO  [MultiTableRepo.events] Ensured table exists: split_verse_perf_test.events_0_9999
[2025-09-19 21:36:02.029] INFO  [MultiTableRepo.events] Ensured table exists: split_verse_perf_test.events_0_9999
[2025-09-19 21:36:02.047] INFO  [MultiTableRepo.events] Ensured table exists: split_verse_perf_test.events_0_9999
[2025-09-19 21:36:02.058] INFO  [MultiTableRepo.events] Ensured table exists: split_verse_perf_test.events_0_9999
[2025-09-19 21:36:02.069] INFO  [MultiTableRepo.events] Ensured table exists: split_verse_perf_test.events_0_9999
[2025-09-19 21:36:02.078] INFO  [MultiTableRepo.events] Ensured table exists: split_verse_perf_test.events_0_9999
[2025-09-19 21:36:02.086] INFO  [MultiTableRepo.events] Ensured table exists: split_verse_perf_test.events_0_9999
[2025-09-19 21:36:02.094] INFO  [MultiTableRepo.events] Ensured table exists: split_verse_perf_test.events_0_9999
[2025-09-19 21:36:02.102] INFO  [MultiTableRepo.events] Ensured table exists: split_verse_perf_test.events_0_9999
[2025-09-19 21:36:02.111] INFO  [MultiTableRepo.events] Ensured table exists: split_verse_perf_test.events_0_9999
[2025-09-19 21:36:02.121] INFO  [MultiTableRepo.events] Ensured table exists: split_verse_perf_test.events_0_9999
[2025-09-19 21:36:02.129] INFO  [MultiTableRepo.events] Ensured table exists: split_verse_perf_test.events_0_9999
[2025-09-19 21:36:02.138] INFO  [MultiTableRepo.events] Ensured table exists: split_verse_perf_test.events_0_9999
[2025-09-19 21:36:02.150] INFO  [MultiTableRepo.events] Ensured table exists: split_verse_perf_test.events_0_9999
[2025-09-19 21:36:02.159] INFO  [MultiTableRepo.events] Ensured table exists: split_verse_perf_test.events_0_9999
[2025-09-19 21:36:02.167] INFO  [MultiTableRepo.events] Ensured table exists: split_verse_perf_test.events_0_9999
[2025-09-19 21:36:02.177] INFO  [MultiTableRepo.events] Ensured table exists: split_verse_perf_test.events_0_9999
[2025-09-19 21:36:02.187] INFO  [MultiTableRepo.events] Ensured table exists: split_verse_perf_test.events_0_9999
[2025-09-19 21:36:02.196] INFO  [MultiTableRepo.events] Ensured table exists: split_verse_perf_test.events_0_9999
[2025-09-19 21:36:02.204] INFO  [MultiTableRepo.events] Ensured table exists: split_verse_perf_test.events_0_9999
[2025-09-19 21:36:02.214] INFO  [MultiTableRepo.events] Ensured table exists: split_verse_perf_test.events_0_9999
[2025-09-19 21:36:02.222] INFO  [MultiTableRepo.events] Ensured table exists: split_verse_perf_test.events_0_9999
[2025-09-19 21:36:02.230] INFO  [MultiTableRepo.events] Ensured table exists: split_verse_perf_test.events_0_9999
[2025-09-19 21:36:02.240] INFO  [MultiTableRepo.events] Ensured table exists: split_verse_perf_test.events_0_9999
[2025-09-19 21:36:02.248] INFO  [MultiTableRepo.events] Ensured table exists: split_verse_perf_test.events_0_9999
[2025-09-19 21:36:02.258] INFO  [MultiTableRepo.events] Ensured table exists: split_verse_perf_test.events_0_9999
[2025-09-19 21:36:02.266] INFO  [MultiTableRepo.events] Ensured table exists: split_verse_perf_test.events_0_9999
[2025-09-19 21:36:02.277] INFO  [MultiTableRepo.events] Ensured table exists: split_verse_perf_test.events_0_9999
[2025-09-19 21:36:02.286] INFO  [MultiTableRepo.events] Ensured table exists: split_verse_perf_test.events_0_9999
[2025-09-19 21:36:02.298] INFO  [MultiTableRepo.events] Ensured table exists: split_verse_perf_test.events_0_9999
[2025-09-19 21:36:02.308] INFO  [MultiTableRepo.events] Ensured table exists: split_verse_perf_test.events_0_9999
[2025-09-19 21:36:02.319] INFO  [MultiTableRepo.events] Ensured table exists: split_verse_perf_test.events_0_9999
[2025-09-19 21:36:02.328] INFO  [MultiTableRepo.events] Ensured table exists: split_verse_perf_test.events_0_9999
[2025-09-19 21:36:02.339] INFO  [MultiTableRepo.events] Ensured table exists: split_verse_perf_test.events_0_9999
[2025-09-19 21:36:02.347] INFO  [MultiTableRepo.events] Ensured table exists: split_verse_perf_test.events_0_9999
[2025-09-19 21:36:02.359] INFO  [MultiTableRepo.events] Ensured table exists: split_verse_perf_test.events_0_9999
[2025-09-19 21:36:02.367] INFO  [MultiTableRepo.events] Ensured table exists: split_verse_perf_test.events_0_9999
[2025-09-19 21:36:02.377] INFO  [MultiTableRepo.events] Ensured table exists: split_verse_perf_test.events_0_9999
[2025-09-19 21:36:02.385] INFO  [MultiTableRepo.events] Ensured table exists: split_verse_perf_test.events_0_9999
[2025-09-19 21:36:02.393] INFO  [MultiTableRepo.events] Ensured table exists: split_verse_perf_test.events_0_9999
[2025-09-19 21:36:02.401] INFO  [MultiTableRepo.events] Ensured table exists: split_verse_perf_test.events_0_9999
[2025-09-19 21:36:02.411] INFO  [MultiTableRepo.events] Ensured table exists: split_verse_perf_test.events_0_9999
[2025-09-19 21:36:02.420] INFO  [MultiTableRepo.events] Ensured table exists: split_verse_perf_test.events_0_9999
[2025-09-19 21:36:02.428] INFO  [MultiTableRepo.events] Ensured table exists: split_verse_perf_test.events_0_9999
[2025-09-19 21:36:02.438] INFO  [MultiTableRepo.events] Ensured table exists: split_verse_perf_test.events_0_9999
[2025-09-19 21:36:02.448] INFO  [MultiTableRepo.events] Ensured table exists: split_verse_perf_test.events_0_9999
[2025-09-19 21:36:02.456] INFO  [MultiTableRepo.events] Ensured table exists: split_verse_perf_test.events_0_9999
[2025-09-19 21:36:02.463] INFO  [MultiTableRepo.events] Ensured table exists: split_verse_perf_test.events_0_9999
[2025-09-19 21:36:02.471] INFO  [MultiTableRepo.events] Ensured table exists: split_verse_perf_test.events_0_9999
[2025-09-19 21:36:02.481] INFO  [MultiTableRepo.events] Ensured table exists: split_verse_perf_test.events_0_9999
[2025-09-19 21:36:02.490] INFO  [MultiTableRepo.events] Ensured table exists: split_verse_perf_test.events_0_9999
[2025-09-19 21:36:02.497] INFO  [MultiTableRepo.events] Ensured table exists: split_verse_perf_test.events_0_9999
[2025-09-19 21:36:02.505] INFO  [MultiTableRepo.events] Ensured table exists: split_verse_perf_test.events_0_9999
[2025-09-19 21:36:02.516] INFO  [MultiTableRepo.events] Ensured table exists: split_verse_perf_test.events_0_9999
[2025-09-19 21:36:02.524] INFO  [MultiTableRepo.events] Ensured table exists: split_verse_perf_test.events_0_9999
[2025-09-19 21:36:02.531] INFO  [MultiTableRepo.events] Ensured table exists: split_verse_perf_test.events_0_9999
[2025-09-19 21:36:02.539] INFO  [MultiTableRepo.events] Ensured table exists: split_verse_perf_test.events_0_9999
[2025-09-19 21:36:02.547] INFO  [MultiTableRepo.events] Ensured table exists: split_verse_perf_test.events_0_9999
[2025-09-19 21:36:02.555] INFO  [MultiTableRepo.events] Ensured table exists: split_verse_perf_test.events_0_9999
[2025-09-19 21:36:02.564] INFO  [MultiTableRepo.events] Ensured table exists: split_verse_perf_test.events_0_9999
[2025-09-19 21:36:02.572] INFO  [MultiTableRepo.events] Ensured table exists: split_verse_perf_test.events_0_9999
[2025-09-19 21:36:02.583] INFO  [MultiTableRepo.events] Ensured table exists: split_verse_perf_test.events_0_9999
[2025-09-19 21:36:02.592] INFO  [MultiTableRepo.events] Ensured table exists: split_verse_perf_test.events_0_9999
[2025-09-19 21:36:02.600] INFO  [MultiTableRepo.events] Ensured table exists: split_verse_perf_test.events_0_9999
[2025-09-19 21:36:02.610] INFO  [MultiTableRepo.events] Ensured table exists: split_verse_perf_test.events_0_9999
[2025-09-19 21:36:02.622] INFO  [MultiTableRepo.events] Ensured table exists: split_verse_perf_test.events_0_9999
[2025-09-19 21:36:02.632] INFO  [MultiTableRepo.events] Ensured table exists: split_verse_perf_test.events_0_9999
[2025-09-19 21:36:02.645] INFO  [MultiTableRepo.events] Ensured table exists: split_verse_perf_test.events_0_9999
[2025-09-19 21:36:02.659] INFO  [MultiTableRepo.events] Ensured table exists: split_verse_perf_test.events_0_9999
[2025-09-19 21:36:02.673] INFO  [MultiTableRepo.events] Ensured table exists: split_verse_perf_test.events_0_9999
[2025-09-19 21:36:02.681] INFO  [MultiTableRepo.events] Ensured table exists: split_verse_perf_test.events_0_9999
[2025-09-19 21:36:02.689] INFO  [MultiTableRepo.events] Ensured table exists: split_verse_perf_test.events_0_9999
[2025-09-19 21:36:02.709] INFO  [MultiTableRepo.events] Ensured table exists: split_verse_perf_test.events_0_9999
[2025-09-19 21:36:02.724] INFO  [MultiTableRepo.events] Ensured table exists: split_verse_perf_test.events_0_9999
[2025-09-19 21:36:02.733] INFO  [MultiTableRepo.events] Ensured table exists: split_verse_perf_test.events_0_9999
[2025-09-19 21:36:02.751] INFO  [MultiTableRepo.events] Ensured table exists: split_verse_perf_test.events_0_9999
[2025-09-19 21:36:02.761] INFO  [MultiTableRepo.events] Ensured table exists: split_verse_perf_test.events_0_9999
[2025-09-19 21:36:02.772] INFO  [MultiTableRepo.events] Ensured table exists: split_verse_perf_test.events_0_9999
[2025-09-19 21:36:02.788] INFO  [MultiTableRepo.events] Ensured table exists: split_verse_perf_test.events_0_9999
[2025-09-19 21:36:02.801] INFO  [MultiTableRepo.events] Ensured table exists: split_verse_perf_test.events_0_9999
[2025-09-19 21:36:02.813] INFO  [MultiTableRepo.events] Ensured table exists: split_verse_perf_test.events_0_9999
[2025-09-19 21:36:02.821] INFO  [MultiTableRepo.events] Ensured table exists: split_verse_perf_test.events_0_9999
[2025-09-19 21:36:02.830] INFO  [MultiTableRepo.events] Ensured table exists: split_verse_perf_test.events_0_9999
[2025-09-19 21:36:02.845] INFO  [MultiTableRepo.events] Ensured table exists: split_verse_perf_test.events_0_9999
[2025-09-19 21:36:02.854] INFO  [MultiTableRepo.events] Ensured table exists: split_verse_perf_test.events_0_9999
[2025-09-19 21:36:02.865] INFO  [MultiTableRepo.events] Ensured table exists: split_verse_perf_test.events_0_9999
[2025-09-19 21:36:02.877] INFO  [MultiTableRepo.events] Ensured table exists: split_verse_perf_test.events_0_9999
[2025-09-19 21:36:02.888] INFO  [MultiTableRepo.events] Ensured table exists: split_verse_perf_test.events_0_9999
[2025-09-19 21:36:02.900] INFO  [MultiTableRepo.events] Ensured table exists: split_verse_perf_test.events_0_9999
[2025-09-19 21:36:02.910] INFO  [MultiTableRepo.events] Ensured table exists: split_verse_perf_test.events_0_9999
[2025-09-19 21:36:02.923] INFO  [MultiTableRepo.events] Ensured table exists: split_verse_perf_test.events_0_9999
[2025-09-19 21:36:02.935] INFO  [MultiTableRepo.events] Ensured table exists: split_verse_perf_test.events_0_9999
[2025-09-19 21:36:02.948] INFO  [MultiTableRepo.events] Ensured table exists: split_verse_perf_test.events_0_9999
[2025-09-19 21:36:02.958] INFO  [MultiTableRepo.events] Ensured table exists: split_verse_perf_test.events_0_9999
[2025-09-19 21:36:02.967] INFO  [MultiTableRepo.events] Ensured table exists: split_verse_perf_test.events_0_9999
[2025-09-19 21:36:02.977] INFO  [MultiTableRepo.events] Ensured table exists: split_verse_perf_test.events_0_9999
[2025-09-19 21:36:02.986] INFO  [MultiTableRepo.events] Ensured table exists: split_verse_perf_test.events_0_9999
[2025-09-19 21:36:02.997] INFO  [MultiTableRepo.events] Ensured table exists: split_verse_perf_test.events_0_9999
[2025-09-19 21:36:03.005] INFO  [MultiTableRepo.events] Ensured table exists: split_verse_perf_test.events_0_9999
[2025-09-19 21:36:03.015] INFO  [MultiTableRepo.events] Ensured table exists: split_verse_perf_test.events_0_9999
[2025-09-19 21:36:03.022] INFO  [MultiTableRepo.events] Ensured table exists: split_verse_perf_test.events_0_9999
[2025-09-19 21:36:03.030] INFO  [MultiTableRepo.events] Ensured table exists: split_verse_perf_test.events_0_9999
[2025-09-19 21:36:03.042] INFO  [MultiTableRepo.events] Ensured table exists: split_verse_perf_test.events_0_9999
[2025-09-19 21:36:03.051] INFO  [MultiTableRepo.events] Ensured table exists: split_verse_perf_test.events_0_9999
[2025-09-19 21:36:03.058] INFO  [MultiTableRepo.events] Ensured table exists: split_verse_perf_test.events_0_9999
[2025-09-19 21:36:03.066] INFO  [MultiTableRepo.events] Ensured table exists: split_verse_perf_test.events_0_9999
[2025-09-19 21:36:03.074] INFO  [MultiTableRepo.events] Ensured table exists: split_verse_perf_test.events_0_9999
[2025-09-19 21:36:03.084] INFO  [MultiTableRepo.events] Ensured table exists: split_verse_perf_test.events_0_9999
[2025-09-19 21:36:03.093] INFO  [MultiTableRepo.events] Ensured table exists: split_verse_perf_test.events_0_9999
[2025-09-19 21:36:03.100] INFO  [MultiTableRepo.events] Ensured table exists: split_verse_perf_test.events_0_9999
[2025-09-19 21:36:03.109] INFO  [MultiTableRepo.events] Ensured table exists: split_verse_perf_test.events_0_9999
[2025-09-19 21:36:03.116] INFO  [MultiTableRepo.events] Ensured table exists: split_verse_perf_test.events_0_9999
[2025-09-19 21:36:03.124] INFO  [MultiTableRepo.events] Ensured table exists: split_verse_perf_test.events_0_9999
[2025-09-19 21:36:03.132] INFO  [MultiTableRepo.events] Ensured table exists: split_verse_perf_test.events_0_9999
[2025-09-19 21:36:03.143] INFO  [MultiTableRepo.events] Ensured table exists: split_verse_perf_test.events_0_9999
[2025-09-19 21:36:03.151] INFO  [MultiTableRepo.events] Ensured table exists: split_verse_perf_test.events_0_9999
[2025-09-19 21:36:03.160] INFO  [MultiTableRepo.events] Ensured table exists: split_verse_perf_test.events_0_9999
[2025-09-19 21:36:03.170] INFO  [MultiTableRepo.events] Ensured table exists: split_verse_perf_test.events_0_9999
[2025-09-19 21:36:03.180] INFO  [MultiTableRepo.events] Ensured table exists: split_verse_perf_test.events_0_9999
[2025-09-19 21:36:03.190] INFO  [MultiTableRepo.events] Ensured table exists: split_verse_perf_test.events_0_9999
[2025-09-19 21:36:03.198] INFO  [MultiTableRepo.events] Ensured table exists: split_verse_perf_test.events_0_9999
[2025-09-19 21:36:03.206] INFO  [MultiTableRepo.events] Ensured table exists: split_verse_perf_test.events_0_9999
[2025-09-19 21:36:03.214] INFO  [MultiTableRepo.events] Ensured table exists: split_verse_perf_test.events_0_9999
[2025-09-19 21:36:03.224] INFO  [MultiTableRepo.events] Ensured table exists: split_verse_perf_test.events_0_9999
[2025-09-19 21:36:03.233] INFO  [MultiTableRepo.events] Ensured table exists: split_verse_perf_test.events_0_9999
[2025-09-19 21:36:03.248] INFO  [MultiTableRepo.events] Ensured table exists: split_verse_perf_test.events_0_9999
[2025-09-19 21:36:03.258] INFO  [MultiTableRepo.events] Ensured table exists: split_verse_perf_test.events_0_9999
[2025-09-19 21:36:03.267] INFO  [MultiTableRepo.events] Ensured table exists: split_verse_perf_test.events_0_9999
[2025-09-19 21:36:03.278] INFO  [MultiTableRepo.events] Ensured table exists: split_verse_perf_test.events_0_9999
[2025-09-19 21:36:03.291] INFO  [MultiTableRepo.events] Ensured table exists: split_verse_perf_test.events_0_9999
[2025-09-19 21:36:03.300] INFO  [MultiTableRepo.events] Ensured table exists: split_verse_perf_test.events_0_9999
[2025-09-19 21:36:03.313] INFO  [MultiTableRepo.events] Ensured table exists: split_verse_perf_test.events_0_9999
[2025-09-19 21:36:03.324] INFO  [MultiTableRepo.events] Ensured table exists: split_verse_perf_test.events_0_9999
[2025-09-19 21:36:03.334] INFO  [MultiTableRepo.events] Ensured table exists: split_verse_perf_test.events_0_9999
[2025-09-19 21:36:03.348] INFO  [MultiTableRepo.events] Ensured table exists: split_verse_perf_test.events_0_9999
[2025-09-19 21:36:03.356] INFO  [MultiTableRepo.events] Ensured table exists: split_verse_perf_test.events_0_9999
[2025-09-19 21:36:03.367] INFO  [MultiTableRepo.events] Ensured table exists: split_verse_perf_test.events_0_9999
[2025-09-19 21:36:03.381] INFO  [MultiTableRepo.events] Ensured table exists: split_verse_perf_test.events_0_9999
[2025-09-19 21:36:03.391] INFO  [MultiTableRepo.events] Ensured table exists: split_verse_perf_test.events_0_9999
[2025-09-19 21:36:03.401] INFO  [MultiTableRepo.events] Ensured table exists: split_verse_perf_test.events_0_9999
[2025-09-19 21:36:03.415] INFO  [MultiTableRepo.events] Ensured table exists: split_verse_perf_test.events_0_9999
[2025-09-19 21:36:03.424] INFO  [MultiTableRepo.events] Ensured table exists: split_verse_perf_test.events_0_9999
[2025-09-19 21:36:03.435] INFO  [MultiTableRepo.events] Ensured table exists: split_verse_perf_test.events_0_9999
[2025-09-19 21:36:03.447] INFO  [MultiTableRepo.events] Ensured table exists: split_verse_perf_test.events_0_9999
[2025-09-19 21:36:03.459] INFO  [MultiTableRepo.events] Ensured table exists: split_verse_perf_test.events_0_9999
[2025-09-19 21:36:03.474] INFO  [MultiTableRepo.events] Ensured table exists: split_verse_perf_test.events_0_9999
[2025-09-19 21:36:03.492] INFO  [MultiTableRepo.events] Ensured table exists: split_verse_perf_test.events_0_9999
[2025-09-19 21:36:03.510] INFO  [MultiTableRepo.events] Ensured table exists: split_verse_perf_test.events_0_9999
[2025-09-19 21:36:03.519] INFO  [MultiTableRepo.events] Ensured table exists: split_verse_perf_test.events_0_9999
[2025-09-19 21:36:03.528] INFO  [MultiTableRepo.events] Ensured table exists: split_verse_perf_test.events_0_9999
[2025-09-19 21:36:03.536] INFO  [MultiTableRepo.events] Ensured table exists: split_verse_perf_test.events_0_9999
[2025-09-19 21:36:03.547] INFO  [MultiTableRepo.events] Ensured table exists: split_verse_perf_test.events_0_9999
[2025-09-19 21:36:03.555] INFO  [MultiTableRepo.events] Ensured table exists: split_verse_perf_test.events_0_9999
[2025-09-19 21:36:03.563] INFO  [MultiTableRepo.events] Ensured table exists: split_verse_perf_test.events_0_9999
[2025-09-19 21:36:03.571] INFO  [MultiTableRepo.events] Ensured table exists: split_verse_perf_test.events_0_9999
[2025-09-19 21:36:03.581] INFO  [MultiTableRepo.events] Ensured table exists: split_verse_perf_test.events_0_9999
[2025-09-19 21:36:03.590] INFO  [MultiTableRepo.events] Ensured table exists: split_verse_perf_test.events_0_9999
[2025-09-19 21:36:03.598] INFO  [MultiTableRepo.events] Ensured table exists: split_verse_perf_test.events_0_9999
[2025-09-19 21:36:03.608] INFO  [MultiTableRepo.events] Ensured table exists: split_verse_perf_test.events_0_9999
[2025-09-19 21:36:03.616] INFO  [MultiTableRepo.events] Ensured table exists: split_verse_perf_test.events_0_9999
[2025-09-19 21:36:03.623] INFO  [MultiTableRepo.events] Ensured table exists: split_verse_perf_test.events_0_9999
[2025-09-19 21:36:03.631] INFO  [MultiTableRepo.events] Ensured table exists: split_verse_perf_test.events_0_9999
[2025-09-19 21:36:03.641] INFO  [MultiTableRepo.events] Ensured table exists: split_verse_perf_test.events_0_9999
[2025-09-19 21:36:03.649] INFO  [MultiTableRepo.events] Ensured table exists: split_verse_perf_test.events_0_9999
[2025-09-19 21:36:03.657] INFO  [MultiTableRepo.events] Ensured table exists: split_verse_perf_test.events_0_9999
[2025-09-19 21:36:03.667] INFO  [MultiTableRepo.events] Ensured table exists: split_verse_perf_test.events_0_9999
[2025-09-19 21:36:03.676] INFO  [MultiTableRepo.events] Ensured table exists: split_verse_perf_test.events_0_9999
[2025-09-19 21:36:03.686] INFO  [MultiTableRepo.events] Ensured table exists: split_verse_perf_test.events_0_9999
[2025-09-19 21:36:03.695] INFO  [MultiTableRepo.events] Ensured table exists: split_verse_perf_test.events_0_9999
[2025-09-19 21:36:03.707] INFO  [MultiTableRepo.events] Ensured table exists: split_verse_perf_test.events_0_9999
[2025-09-19 21:36:03.716] INFO  [MultiTableRepo.events] Ensured table exists: split_verse_perf_test.events_0_9999
[2025-09-19 21:36:03.728] INFO  [MultiTableRepo.events] Ensured table exists: split_verse_perf_test.events_0_9999
[2025-09-19 21:36:03.736] INFO  [MultiTableRepo.events] Ensured table exists: split_verse_perf_test.events_0_9999
[2025-09-19 21:36:03.746] INFO  [MultiTableRepo.events] Ensured table exists: split_verse_perf_test.events_0_9999
[2025-09-19 21:36:03.754] INFO  [MultiTableRepo.events] Ensured table exists: split_verse_perf_test.events_0_9999
[2025-09-19 21:36:03.762] INFO  [MultiTableRepo.events] Ensured table exists: split_verse_perf_test.events_0_9999
[2025-09-19 21:36:03.769] INFO  [MultiTableRepo.events] Ensured table exists: split_verse_perf_test.events_0_9999
[2025-09-19 21:36:03.779] INFO  [MultiTableRepo.events] Ensured table exists: split_verse_perf_test.events_0_9999
[2025-09-19 21:36:03.788] INFO  [MultiTableRepo.events] Ensured table exists: split_verse_perf_test.events_0_9999
[2025-09-19 21:36:03.795] INFO  [MultiTableRepo.events] Ensured table exists: split_verse_perf_test.events_0_9999
[2025-09-19 21:36:03.803] INFO  [MultiTableRepo.events] Ensured table exists: split_verse_perf_test.events_0_9999
[2025-09-19 21:36:03.817] INFO  [MultiTableRepo.events] Ensured table exists: split_verse_perf_test.events_0_9999
[2025-09-19 21:36:03.824] INFO  [MultiTableRepo.events] Ensured table exists: split_verse_perf_test.events_0_9999
[2025-09-19 21:36:03.832] INFO  [MultiTableRepo.events] Ensured table exists: split_verse_perf_test.events_0_9999
[2025-09-19 21:36:03.841] INFO  [MultiTableRepo.events] Ensured table exists: split_verse_perf_test.events_0_9999
[2025-09-19 21:36:03.850] INFO  [MultiTableRepo.events] Ensured table exists: split_verse_perf_test.events_0_9999
[2025-09-19 21:36:03.860] INFO  [MultiTableRepo.events] Ensured table exists: split_verse_perf_test.events_0_9999
[2025-09-19 21:36:03.868] INFO  [MultiTableRepo.events] Ensured table exists: split_verse_perf_test.events_0_9999
[2025-09-19 21:36:03.879] INFO  [MultiTableRepo.events] Ensured table exists: split_verse_perf_test.events_0_9999
[2025-09-19 21:36:03.888] INFO  [MultiTableRepo.events] Ensured table exists: split_verse_perf_test.events_0_9999
[2025-09-19 21:36:03.896] INFO  [MultiTableRepo.events] Ensured table exists: split_verse_perf_test.events_0_9999
[2025-09-19 21:36:03.908] INFO  [MultiTableRepo.events] Ensured table exists: split_verse_perf_test.events_0_9999
[2025-09-19 21:36:03.916] INFO  [MultiTableRepo.events] Ensured table exists: split_verse_perf_test.events_0_9999
[2025-09-19 21:36:03.925] INFO  [MultiTableRepo.events] Ensured table exists: split_verse_perf_test.events_0_9999
[2025-09-19 21:36:03.936] INFO  [MultiTableRepo.events] Ensured table exists: split_verse_perf_test.events_0_9999
[2025-09-19 21:36:03.945] INFO  [MultiTableRepo.events] Ensured table exists: split_verse_perf_test.events_0_9999
[2025-09-19 21:36:03.953] INFO  [MultiTableRepo.events] Ensured table exists: split_verse_perf_test.events_0_9999
[2025-09-19 21:36:03.962] INFO  [MultiTableRepo.events] Ensured table exists: split_verse_perf_test.events_0_9999
[2025-09-19 21:36:03.971] INFO  [MultiTableRepo.events] Ensured table exists: split_verse_perf_test.events_0_9999
[2025-09-19 21:36:03.981] INFO  [MultiTableRepo.events] Ensured table exists: split_verse_perf_test.events_0_9999
[2025-09-19 21:36:03.989] INFO  [MultiTableRepo.events] Ensured table exists: split_verse_perf_test.events_0_9999
[2025-09-19 21:36:03.999] INFO  [MultiTableRepo.events] Ensured table exists: split_verse_perf_test.events_0_9999
[2025-09-19 21:36:04.010] INFO  [MultiTableRepo.events] Ensured table exists: split_verse_perf_test.events_0_9999
[2025-09-19 21:36:04.020] INFO  [MultiTableRepo.events] Ensured table exists: split_verse_perf_test.events_0_9999
[2025-09-19 21:36:04.031] INFO  [MultiTableRepo.events] Ensured table exists: split_verse_perf_test.events_0_9999
[2025-09-19 21:36:04.044] INFO  [MultiTableRepo.events] Ensured table exists: split_verse_perf_test.events_0_9999
[2025-09-19 21:36:04.052] INFO  [MultiTableRepo.events] Ensured table exists: split_verse_perf_test.events_0_9999
[2025-09-19 21:36:04.060] INFO  [MultiTableRepo.events] Ensured table exists: split_verse_perf_test.events_0_9999
[2025-09-19 21:36:04.068] INFO  [MultiTableRepo.events] Ensured table exists: split_verse_perf_test.events_0_9999
[2025-09-19 21:36:04.079] INFO  [MultiTableRepo.events] Ensured table exists: split_verse_perf_test.events_0_9999
[2025-09-19 21:36:04.087] INFO  [MultiTableRepo.events] Ensured table exists: split_verse_perf_test.events_0_9999
[2025-09-19 21:36:04.098] INFO  [MultiTableRepo.events] Ensured table exists: split_verse_perf_test.events_0_9999
[2025-09-19 21:36:04.108] INFO  [MultiTableRepo.events] Ensured table exists: split_verse_perf_test.events_0_9999
[2025-09-19 21:36:04.115] INFO  [MultiTableRepo.events] Ensured table exists: split_verse_perf_test.events_0_9999
[2025-09-19 21:36:04.125] INFO  [MultiTableRepo.events] Ensured table exists: split_verse_perf_test.events_0_9999
[2025-09-19 21:36:04.134] INFO  [MultiTableRepo.events] Ensured table exists: split_verse_perf_test.events_0_9999
[2025-09-19 21:36:04.144] INFO  [MultiTableRepo.events] Ensured table exists: split_verse_perf_test.events_0_9999
[2025-09-19 21:36:04.153] INFO  [MultiTableRepo.events] Ensured table exists: split_verse_perf_test.events_0_9999
[2025-09-19 21:36:04.162] INFO  [MultiTableRepo.events] Ensured table exists: split_verse_perf_test.events_0_9999
[2025-09-19 21:36:04.169] INFO  [MultiTableRepo.events] Ensured table exists: split_verse_perf_test.events_0_9999
[2025-09-19 21:36:04.178] INFO  [MultiTableRepo.events] Ensured table exists: split_verse_perf_test.events_0_9999
[2025-09-19 21:36:04.187] INFO  [MultiTableRepo.events] Ensured table exists: split_verse_perf_test.events_0_9999
[2025-09-19 21:36:04.196] INFO  [MultiTableRepo.events] Ensured table exists: split_verse_perf_test.events_0_9999
[2025-09-19 21:36:04.203] INFO  [MultiTableRepo.events] Ensured table exists: split_verse_perf_test.events_0_9999
[2025-09-19 21:36:04.212] INFO  [MultiTableRepo.events] Ensured table exists: split_verse_perf_test.events_0_9999
[2025-09-19 21:36:04.220] INFO  [MultiTableRepo.events] Ensured table exists: split_verse_perf_test.events_0_9999
[2025-09-19 21:36:04.228] INFO  [MultiTableRepo.events] Ensured table exists: split_verse_perf_test.events_0_9999
[2025-09-19 21:36:04.235] INFO  [MultiTableRepo.events] Ensured table exists: split_verse_perf_test.events_0_9999
[2025-09-19 21:36:04.245] INFO  [MultiTableRepo.events] Ensured table exists: split_verse_perf_test.events_0_9999
[2025-09-19 21:36:04.251] INFO  [MultiTableRepo.events] Ensured table exists: split_verse_perf_test.events_0_9999
[2025-09-19 21:36:04.259] INFO  [MultiTableRepo.events] Ensured table exists: split_verse_perf_test.events_0_9999
[2025-09-19 21:36:04.268] INFO  [MultiTableRepo.events] Ensured table exists: split_verse_perf_test.events_0_9999
[2025-09-19 21:36:04.276] INFO  [MultiTableRepo.events] Ensured table exists: split_verse_perf_test.events_0_9999
[2025-09-19 21:36:04.284] INFO  [MultiTableRepo.events] Ensured table exists: split_verse_perf_test.events_0_9999
[2025-09-19 21:36:04.292] INFO  [MultiTableRepo.events] Ensured table exists: split_verse_perf_test.events_0_9999
[2025-09-19 21:36:04.299] INFO  [MultiTableRepo.events] Ensured table exists: split_verse_perf_test.events_0_9999
[2025-09-19 21:36:04.307] INFO  [MultiTableRepo.events] Ensured table exists: split_verse_perf_test.events_0_9999
[2025-09-19 21:36:04.315] INFO  [MultiTableRepo.events] Ensured table exists: split_verse_perf_test.events_0_9999
[2025-09-19 21:36:04.322] INFO  [MultiTableRepo.events] Ensured table exists: split_verse_perf_test.events_0_9999
[2025-09-19 21:36:04.331] INFO  [MultiTableRepo.events] Ensured table exists: split_verse_perf_test.events_0_9999
[2025-09-19 21:36:04.341] INFO  [MultiTableRepo.events] Ensured table exists: split_verse_perf_test.events_0_9999
[2025-09-19 21:36:04.351] INFO  [MultiTableRepo.events] Ensured table exists: split_verse_perf_test.events_0_9999
[2025-09-19 21:36:04.360] INFO  [MultiTableRepo.events] Ensured table exists: split_verse_perf_test.events_0_9999
[2025-09-19 21:36:04.369] INFO  [MultiTableRepo.events] Ensured table exists: split_verse_perf_test.events_0_9999
[2025-09-19 21:36:04.378] INFO  [MultiTableRepo.events] Ensured table exists: split_verse_perf_test.events_0_9999
[2025-09-19 21:36:04.386] INFO  [MultiTableRepo.events] Ensured table exists: split_verse_perf_test.events_0_9999
[2025-09-19 21:36:04.395] INFO  [MultiTableRepo.events] Ensured table exists: split_verse_perf_test.events_0_9999
[2025-09-19 21:36:04.402] INFO  [MultiTableRepo.events] Ensured table exists: split_verse_perf_test.events_0_9999
[2025-09-19 21:36:04.410] INFO  [MultiTableRepo.events] Ensured table exists: split_verse_perf_test.events_0_9999
[2025-09-19 21:36:04.417] INFO  [MultiTableRepo.events] Ensured table exists: split_verse_perf_test.events_0_9999
[2025-09-19 21:36:04.428] INFO  [MultiTableRepo.events] Ensured table exists: split_verse_perf_test.events_0_9999
[2025-09-19 21:36:04.435] INFO  [MultiTableRepo.events] Ensured table exists: split_verse_perf_test.events_0_9999
[2025-09-19 21:36:04.443] INFO  [MultiTableRepo.events] Ensured table exists: split_verse_perf_test.events_0_9999
[2025-09-19 21:36:04.452] INFO  [MultiTableRepo.events] Ensured table exists: split_verse_perf_test.events_0_9999
[2025-09-19 21:36:04.460] INFO  [MultiTableRepo.events] Ensured table exists: split_verse_perf_test.events_0_9999
[2025-09-19 21:36:04.467] INFO  [MultiTableRepo.events] Ensured table exists: split_verse_perf_test.events_0_9999
[2025-09-19 21:36:04.475] INFO  [MultiTableRepo.events] Ensured table exists: split_verse_perf_test.events_0_9999
[2025-09-19 21:36:04.483] INFO  [MultiTableRepo.events] Ensured table exists: split_verse_perf_test.events_0_9999
[2025-09-19 21:36:04.491] INFO  [MultiTableRepo.events] Ensured table exists: split_verse_perf_test.events_0_9999
[2025-09-19 21:36:04.499] INFO  [MultiTableRepo.events] Ensured table exists: split_verse_perf_test.events_0_9999
[2025-09-19 21:36:04.508] INFO  [MultiTableRepo.events] Ensured table exists: split_verse_perf_test.events_0_9999
[2025-09-19 21:36:04.515] INFO  [MultiTableRepo.events] Ensured table exists: split_verse_perf_test.events_0_9999
[2025-09-19 21:36:04.523] INFO  [MultiTableRepo.events] Ensured table exists: split_verse_perf_test.events_0_9999
[2025-09-19 21:36:04.530] INFO  [MultiTableRepo.events] Ensured table exists: split_verse_perf_test.events_0_9999
[2025-09-19 21:36:04.537] INFO  [MultiTableRepo.events] Ensured table exists: split_verse_perf_test.events_0_9999
[2025-09-19 21:36:04.545] INFO  [MultiTableRepo.events] Ensured table exists: split_verse_perf_test.events_0_9999
[2025-09-19 21:36:04.556] INFO  [MultiTableRepo.events] Ensured table exists: split_verse_perf_test.events_0_9999
[2025-09-19 21:36:04.563] INFO  [MultiTableRepo.events] Ensured table exists: split_verse_perf_test.events_0_9999
[2025-09-19 21:36:04.571] INFO  [MultiTableRepo.events] Ensured table exists: split_verse_perf_test.events_0_9999
[2025-09-19 21:36:04.579] INFO  [MultiTableRepo.events] Ensured table exists: split_verse_perf_test.events_0_9999
[2025-09-19 21:36:04.588] INFO  [MultiTableRepo.events] Ensured table exists: split_verse_perf_test.events_0_9999
[2025-09-19 21:36:04.596] INFO  [MultiTableRepo.events] Ensured table exists: split_verse_perf_test.events_0_9999
[2025-09-19 21:36:04.602] INFO  [MultiTableRepo.events] Ensured table exists: split_verse_perf_test.events_0_9999
[2025-09-19 21:36:04.611] INFO  [MultiTableRepo.events] Ensured table exists: split_verse_perf_test.events_0_9999
[2025-09-19 21:36:04.617] INFO  [MultiTableRepo.events] Ensured table exists: split_verse_perf_test.events_0_9999
[2025-09-19 21:36:04.629] INFO  [MultiTableRepo.events] Ensured table exists: split_verse_perf_test.events_0_9999
[2025-09-19 21:36:04.637] INFO  [MultiTableRepo.events] Ensured table exists: split_verse_perf_test.events_0_9999
[2025-09-19 21:36:04.644] INFO  [MultiTableRepo.events] Ensured table exists: split_verse_perf_test.events_0_9999
[2025-09-19 21:36:04.652] INFO  [MultiTableRepo.events] Ensured table exists: split_verse_perf_test.events_0_9999
[2025-09-19 21:36:04.660] INFO  [MultiTableRepo.events] Ensured table exists: split_verse_perf_test.events_0_9999
[2025-09-19 21:36:04.667] INFO  [MultiTableRepo.events] Ensured table exists: split_verse_perf_test.events_0_9999
[2025-09-19 21:36:04.675] INFO  [MultiTableRepo.events] Ensured table exists: split_verse_perf_test.events_0_9999
[2025-09-19 21:36:04.682] INFO  [MultiTableRepo.events] Ensured table exists: split_verse_perf_test.events_0_9999
[2025-09-19 21:36:04.691] INFO  [MultiTableRepo.events] Ensured table exists: split_verse_perf_test.events_0_9999
[2025-09-19 21:36:04.703] INFO  [MultiTableRepo.events] Ensured table exists: split_verse_perf_test.events_0_9999
[2025-09-19 21:36:04.715] INFO  [MultiTableRepo.events] Ensured table exists: split_verse_perf_test.events_0_9999
[2025-09-19 21:36:04.726] INFO  [MultiTableRepo.events] Ensured table exists: split_verse_perf_test.events_0_9999
[2025-09-19 21:36:04.739] INFO  [MultiTableRepo.events] Ensured table exists: split_verse_perf_test.events_0_9999
[2025-09-19 21:36:04.747] INFO  [MultiTableRepo.events] Ensured table exists: split_verse_perf_test.events_0_9999
[2025-09-19 21:36:04.759] INFO  [MultiTableRepo.events] Ensured table exists: split_verse_perf_test.events_0_9999
[2025-09-19 21:36:04.768] INFO  [MultiTableRepo.events] Ensured table exists: split_verse_perf_test.events_0_9999
[2025-09-19 21:36:04.779] INFO  [MultiTableRepo.events] Ensured table exists: split_verse_perf_test.events_0_9999
[2025-09-19 21:36:04.791] INFO  [MultiTableRepo.events] Ensured table exists: split_verse_perf_test.events_0_9999
[2025-09-19 21:36:04.806] INFO  [MultiTableRepo.events] Ensured table exists: split_verse_perf_test.events_0_9999
[2025-09-19 21:36:04.815] INFO  [MultiTableRepo.events] Ensured table exists: split_verse_perf_test.events_0_9999
[2025-09-19 21:36:04.826] INFO  [MultiTableRepo.events] Ensured table exists: split_verse_perf_test.events_0_9999
[2025-09-19 21:36:04.839] INFO  [MultiTableRepo.events] Ensured table exists: split_verse_perf_test.events_0_9999
[2025-09-19 21:36:04.848] INFO  [MultiTableRepo.events] Ensured table exists: split_verse_perf_test.events_0_9999
[2025-09-19 21:36:04.856] INFO  [MultiTableRepo.events] Ensured table exists: split_verse_perf_test.events_0_9999
[2025-09-19 21:36:04.867] INFO  [MultiTableRepo.events] Ensured table exists: split_verse_perf_test.events_0_9999
[2025-09-19 21:36:04.877] INFO  [MultiTableRepo.events] Ensured table exists: split_verse_perf_test.events_0_9999
[2025-09-19 21:36:04.886] INFO  [MultiTableRepo.events] Ensured table exists: split_verse_perf_test.events_0_9999
[2025-09-19 21:36:04.896] INFO  [MultiTableRepo.events] Ensured table exists: split_verse_perf_test.events_0_9999
[2025-09-19 21:36:04.905] INFO  [MultiTableRepo.events] Ensured table exists: split_verse_perf_test.events_0_9999
[2025-09-19 21:36:04.914] INFO  [MultiTableRepo.events] Ensured table exists: split_verse_perf_test.events_0_9999
[2025-09-19 21:36:04.925] INFO  [MultiTableRepo.events] Ensured table exists: split_verse_perf_test.events_0_9999
[2025-09-19 21:36:04.933] INFO  [MultiTableRepo.events] Ensured table exists: split_verse_perf_test.events_0_9999
[2025-09-19 21:36:04.945] INFO  [MultiTableRepo.events] Ensured table exists: split_verse_perf_test.events_0_9999
[2025-09-19 21:36:04.954] INFO  [MultiTableRepo.events] Ensured table exists: split_verse_perf_test.events_0_9999
[2025-09-19 21:36:04.964] INFO  [MultiTableRepo.events] Ensured table exists: split_verse_perf_test.events_0_9999
[2025-09-19 21:36:04.977] INFO  [MultiTableRepo.events] Ensured table exists: split_verse_perf_test.events_0_9999
[2025-09-19 21:36:04.985] INFO  [MultiTableRepo.events] Ensured table exists: split_verse_perf_test.events_0_9999
[2025-09-19 21:36:04.997] INFO  [MultiTableRepo.events] Ensured table exists: split_verse_perf_test.events_0_9999
[2025-09-19 21:36:05.009] INFO  [MultiTableRepo.events] Ensured table exists: split_verse_perf_test.events_0_9999
[2025-09-19 21:36:05.018] INFO  [MultiTableRepo.events] Ensured table exists: split_verse_perf_test.events_0_9999
[2025-09-19 21:36:05.027] INFO  [MultiTableRepo.events] Ensured table exists: split_verse_perf_test.events_0_9999
[2025-09-19 21:36:05.035] INFO  [MultiTableRepo.events] Ensured table exists: split_verse_perf_test.events_0_9999
[2025-09-19 21:36:05.047] INFO  [MultiTableRepo.events] Ensured table exists: split_verse_perf_test.events_0_9999
[2025-09-19 21:36:05.056] INFO  [MultiTableRepo.events] Ensured table exists: split_verse_perf_test.events_0_9999
[2025-09-19 21:36:05.067] INFO  [MultiTableRepo.events] Ensured table exists: split_verse_perf_test.events_0_9999
[2025-09-19 21:36:05.077] INFO  [MultiTableRepo.events] Ensured table exists: split_verse_perf_test.events_0_9999
[2025-09-19 21:36:05.088] INFO  [MultiTableRepo.events] Ensured table exists: split_verse_perf_test.events_0_9999
[2025-09-19 21:36:05.102] INFO  [MultiTableRepo.events] Ensured table exists: split_verse_perf_test.events_0_9999
[2025-09-19 21:36:05.111] INFO  [MultiTableRepo.events] Ensured table exists: split_verse_perf_test.events_0_9999
[2025-09-19 21:36:05.122] INFO  [MultiTableRepo.events] Ensured table exists: split_verse_perf_test.events_0_9999
[2025-09-19 21:36:05.131] INFO  [MultiTableRepo.events] Ensured table exists: split_verse_perf_test.events_0_9999
[2025-09-19 21:36:05.140] INFO  [MultiTableRepo.events] Ensured table exists: split_verse_perf_test.events_0_9999
[2025-09-19 21:36:05.157] INFO  [MultiTableRepo.events] Ensured table exists: split_verse_perf_test.events_0_9999
[2025-09-19 21:36:05.166] INFO  [MultiTableRepo.events] Ensured table exists: split_verse_perf_test.events_0_9999
[2025-09-19 21:36:05.175] INFO  [MultiTableRepo.events] Ensured table exists: split_verse_perf_test.events_0_9999
[2025-09-19 21:36:05.183] INFO  [MultiTableRepo.events] Ensured table exists: split_verse_perf_test.events_0_9999
[2025-09-19 21:36:05.193] INFO  [MultiTableRepo.events] Ensured table exists: split_verse_perf_test.events_0_9999
[2025-09-19 21:36:05.203] INFO  [MultiTableRepo.events] Ensured table exists: split_verse_perf_test.events_0_9999
[2025-09-19 21:36:05.215] INFO  [MultiTableRepo.events] Ensured table exists: split_verse_perf_test.events_0_9999
[2025-09-19 21:36:05.224] INFO  [MultiTableRepo.events] Ensured table exists: split_verse_perf_test.events_0_9999
[2025-09-19 21:36:05.236] INFO  [MultiTableRepo.events] Ensured table exists: split_verse_perf_test.events_0_9999
[2025-09-19 21:36:05.246] INFO  [MultiTableRepo.events] Ensured table exists: split_verse_perf_test.events_0_9999
[2025-09-19 21:36:05.255] INFO  [MultiTableRepo.events] Ensured table exists: split_verse_perf_test.events_0_9999
[2025-09-19 21:36:05.264] INFO  [MultiTableRepo.events] Ensured table exists: split_verse_perf_test.events_0_9999
[2025-09-19 21:36:05.272] INFO  [MultiTableRepo.events] Ensured table exists: split_verse_perf_test.events_0_9999
[2025-09-19 21:36:05.280] INFO  [MultiTableRepo.events] Ensured table exists: split_verse_perf_test.events_0_9999
[2025-09-19 21:36:05.287] INFO  [MultiTableRepo.events] Ensured table exists: split_verse_perf_test.events_0_9999
[2025-09-19 21:36:05.295] INFO  [MultiTableRepo.events] Ensured table exists: split_verse_perf_test.events_0_9999
[2025-09-19 21:36:05.304] INFO  [MultiTableRepo.events] Ensured table exists: split_verse_perf_test.events_0_9999
[2025-09-19 21:36:05.313] INFO  [MultiTableRepo.events] Ensured table exists: split_verse_perf_test.events_0_9999
[2025-09-19 21:36:05.322] INFO  [MultiTableRepo.events] Ensured table exists: split_verse_perf_test.events_0_9999
[2025-09-19 21:36:05.330] INFO  [MultiTableRepo.events] Ensured table exists: split_verse_perf_test.events_0_9999
[2025-09-19 21:36:05.338] INFO  [MultiTableRepo.events] Ensured table exists: split_verse_perf_test.events_0_9999
[2025-09-19 21:36:05.346] INFO  [MultiTableRepo.events] Ensured table exists: split_verse_perf_test.events_0_9999
[2025-09-19 21:36:05.354] INFO  [MultiTableRepo.events] Ensured table exists: split_verse_perf_test.events_0_9999
[2025-09-19 21:36:05.363] INFO  [MultiTableRepo.events] Ensured table exists: split_verse_perf_test.events_0_9999
[2025-09-19 21:36:05.370] INFO  [MultiTableRepo.events] Ensured table exists: split_verse_perf_test.events_0_9999
[2025-09-19 21:36:05.377] INFO  [MultiTableRepo.events] Ensured table exists: split_verse_perf_test.events_0_9999
[2025-09-19 21:36:05.384] INFO  [MultiTableRepo.events] Ensured table exists: split_verse_perf_test.events_0_9999
[2025-09-19 21:36:05.394] INFO  [MultiTableRepo.events] Ensured table exists: split_verse_perf_test.events_0_9999
[2025-09-19 21:36:05.403] INFO  [MultiTableRepo.events] Ensured table exists: split_verse_perf_test.events_0_9999
[2025-09-19 21:36:05.413] INFO  [MultiTableRepo.events] Ensured table exists: split_verse_perf_test.events_0_9999
[2025-09-19 21:36:05.424] INFO  [MultiTableRepo.events] Ensured table exists: split_verse_perf_test.events_0_9999
[2025-09-19 21:36:05.434] INFO  [MultiTableRepo.events] Ensured table exists: split_verse_perf_test.events_0_9999
[2025-09-19 21:36:05.442] INFO  [MultiTableRepo.events] Ensured table exists: split_verse_perf_test.events_0_9999
[2025-09-19 21:36:05.454] INFO  [MultiTableRepo.events] Ensured table exists: split_verse_perf_test.events_0_9999
[2025-09-19 21:36:05.466] INFO  [MultiTableRepo.events] Ensured table exists: split_verse_perf_test.events_0_9999
[2025-09-19 21:36:05.474] INFO  [MultiTableRepo.events] Ensured table exists: split_verse_perf_test.events_0_9999
[2025-09-19 21:36:05.482] INFO  [MultiTableRepo.events] Ensured table exists: split_verse_perf_test.events_0_9999
[2025-09-19 21:36:05.491] INFO  [MultiTableRepo.events] Ensured table exists: split_verse_perf_test.events_0_9999
[2025-09-19 21:36:05.500] INFO  [MultiTableRepo.events] Ensured table exists: split_verse_perf_test.events_0_9999
[2025-09-19 21:36:05.511] INFO  [MultiTableRepo.events] Ensured table exists: split_verse_perf_test.events_0_9999
[2025-09-19 21:36:05.520] INFO  [MultiTableRepo.events] Ensured table exists: split_verse_perf_test.events_0_9999
[2025-09-19 21:36:05.529] INFO  [MultiTableRepo.events] Ensured table exists: split_verse_perf_test.events_0_9999
[2025-09-19 21:36:05.536] INFO  [MultiTableRepo.events] Ensured table exists: split_verse_perf_test.events_0_9999
[2025-09-19 21:36:05.545] INFO  [MultiTableRepo.events] Ensured table exists: split_verse_perf_test.events_0_9999
[2025-09-19 21:36:05.557] INFO  [MultiTableRepo.events] Ensured table exists: split_verse_perf_test.events_0_9999
[2025-09-19 21:36:05.571] INFO  [MultiTableRepo.events] Ensured table exists: split_verse_perf_test.events_0_9999
[2025-09-19 21:36:05.582] INFO  [MultiTableRepo.events] Ensured table exists: split_verse_perf_test.events_0_9999
[2025-09-19 21:36:05.595] INFO  [MultiTableRepo.events] Ensured table exists: split_verse_perf_test.events_0_9999
[2025-09-19 21:36:05.608] INFO  [MultiTableRepo.events] Ensured table exists: split_verse_perf_test.events_0_9999
[2025-09-19 21:36:05.621] INFO  [MultiTableRepo.events] Ensured table exists: split_verse_perf_test.events_0_9999
[2025-09-19 21:36:05.636] INFO  [MultiTableRepo.events] Ensured table exists: split_verse_perf_test.events_0_9999
[2025-09-19 21:36:05.645] INFO  [MultiTableRepo.events] Ensured table exists: split_verse_perf_test.events_0_9999
[2025-09-19 21:36:05.656] INFO  [MultiTableRepo.events] Ensured table exists: split_verse_perf_test.events_0_9999
[2025-09-19 21:36:05.667] INFO  [MultiTableRepo.events] Ensured table exists: split_verse_perf_test.events_0_9999
[2025-09-19 21:36:05.676] INFO  [MultiTableRepo.events] Ensured table exists: split_verse_perf_test.events_0_9999
[2025-09-19 21:36:05.684] INFO  [MultiTableRepo.events] Ensured table exists: split_verse_perf_test.events_0_9999
[2025-09-19 21:36:05.693] INFO  [MultiTableRepo.events] Ensured table exists: split_verse_perf_test.events_0_9999
[2025-09-19 21:36:05.706] INFO  [MultiTableRepo.events] Ensured table exists: split_verse_perf_test.events_0_9999
[2025-09-19 21:36:05.716] INFO  [MultiTableRepo.events] Ensured table exists: split_verse_perf_test.events_0_9999
[2025-09-19 21:36:05.727] INFO  [MultiTableRepo.events] Ensured table exists: split_verse_perf_test.events_0_9999
[2025-09-19 21:36:05.737] INFO  [MultiTableRepo.events] Ensured table exists: split_verse_perf_test.events_0_9999
[2025-09-19 21:36:05.746] INFO  [MultiTableRepo.events] Ensured table exists: split_verse_perf_test.events_0_9999
[2025-09-19 21:36:05.754] INFO  [MultiTableRepo.events] Ensured table exists: split_verse_perf_test.events_0_9999
[2025-09-19 21:36:05.766] INFO  [MultiTableRepo.events] Ensured table exists: split_verse_perf_test.events_0_9999
[2025-09-19 21:36:05.775] INFO  [MultiTableRepo.events] Ensured table exists: split_verse_perf_test.events_0_9999
[2025-09-19 21:36:05.785] INFO  [MultiTableRepo.events] Ensured table exists: split_verse_perf_test.events_0_9999
[2025-09-19 21:36:05.795] INFO  [MultiTableRepo.events] Ensured table exists: split_verse_perf_test.events_0_9999
[2025-09-19 21:36:05.803] INFO  [MultiTableRepo.events] Ensured table exists: split_verse_perf_test.events_0_9999
[2025-09-19 21:36:05.814] INFO  [MultiTableRepo.events] Ensured table exists: split_verse_perf_test.events_0_9999
[2025-09-19 21:36:05.823] INFO  [MultiTableRepo.events] Ensured table exists: split_verse_perf_test.events_0_9999
[2025-09-19 21:36:05.832] INFO  [MultiTableRepo.events] Ensured table exists: split_verse_perf_test.events_0_9999
[2025-09-19 21:36:05.840] INFO  [MultiTableRepo.events] Ensured table exists: split_verse_perf_test.events_0_9999
[2025-09-19 21:36:05.848] INFO  [MultiTableRepo.events] Ensured table exists: split_verse_perf_test.events_0_9999
[2025-09-19 21:36:05.855] INFO  [MultiTableRepo.events] Ensured table exists: split_verse_perf_test.events_0_9999
[2025-09-19 21:36:05.864] INFO  [MultiTableRepo.events] Ensured table exists: split_verse_perf_test.events_0_9999
[2025-09-19 21:36:05.875] INFO  [MultiTableRepo.events] Ensured table exists: split_verse_perf_test.events_0_9999
[2025-09-19 21:36:05.882] INFO  [MultiTableRepo.events] Ensured table exists: split_verse_perf_test.events_0_9999
[2025-09-19 21:36:05.893] INFO  [MultiTableRepo.events] Ensured table exists: split_verse_perf_test.events_0_9999
[2025-09-19 21:36:05.901] INFO  [MultiTableRepo.events] Ensured table exists: split_verse_perf_test.events_0_9999
[2025-09-19 21:36:05.911] INFO  [MultiTableRepo.events] Ensured table exists: split_verse_perf_test.events_0_9999
[2025-09-19 21:36:05.920] INFO  [MultiTableRepo.events] Ensured table exists: split_verse_perf_test.events_0_9999
[2025-09-19 21:36:05.931] INFO  [MultiTableRepo.events] Ensured table exists: split_verse_perf_test.events_0_9999
[2025-09-19 21:36:05.940] INFO  [MultiTableRepo.events] Ensured table exists: split_verse_perf_test.events_0_9999
[2025-09-19 21:36:05.948] INFO  [MultiTableRepo.events] Ensured table exists: split_verse_perf_test.events_0_9999
[2025-09-19 21:36:05.957] INFO  [MultiTableRepo.events] Ensured table exists: split_verse_perf_test.events_0_9999
[2025-09-19 21:36:05.968] INFO  [MultiTableRepo.events] Ensured table exists: split_verse_perf_test.events_0_9999
[2025-09-19 21:36:05.979] INFO  [MultiTableRepo.events] Ensured table exists: split_verse_perf_test.events_0_9999
[2025-09-19 21:36:05.987] INFO  [MultiTableRepo.events] Ensured table exists: split_verse_perf_test.events_0_9999
[2025-09-19 21:36:05.996] INFO  [MultiTableRepo.events] Ensured table exists: split_verse_perf_test.events_0_9999
[2025-09-19 21:36:06.009] INFO  [MultiTableRepo.events] Ensured table exists: split_verse_perf_test.events_0_9999
[2025-09-19 21:36:06.017] INFO  [MultiTableRepo.events] Ensured table exists: split_verse_perf_test.events_0_9999
[2025-09-19 21:36:06.027] INFO  [MultiTableRepo.events] Ensured table exists: split_verse_perf_test.events_0_9999
[2025-09-19 21:36:06.039] INFO  [MultiTableRepo.events] Ensured table exists: split_verse_perf_test.events_0_9999
[2025-09-19 21:36:06.049] INFO  [MultiTableRepo.events] Ensured table exists: split_verse_perf_test.events_0_9999
[2025-09-19 21:36:06.061] INFO  [MultiTableRepo.events] Ensured table exists: split_verse_perf_test.events_0_9999
[2025-09-19 21:36:06.076] INFO  [MultiTableRepo.events] Ensured table exists: split_verse_perf_test.events_0_9999
[2025-09-19 21:36:06.086] INFO  [MultiTableRepo.events] Ensured table exists: split_verse_perf_test.events_0_9999
[2025-09-19 21:36:06.094] INFO  [MultiTableRepo.events] Ensured table exists: split_verse_perf_test.events_0_9999
[2025-09-19 21:36:06.101] INFO  [MultiTableRepo.events] Ensured table exists: split_verse_perf_test.events_0_9999
[2025-09-19 21:36:06.113] INFO  [MultiTableRepo.events] Ensured table exists: split_verse_perf_test.events_0_9999
[2025-09-19 21:36:06.121] INFO  [MultiTableRepo.events] Ensured table exists: split_verse_perf_test.events_0_9999
[2025-09-19 21:36:06.134] INFO  [MultiTableRepo.events] Ensured table exists: split_verse_perf_test.events_0_9999
[2025-09-19 21:36:06.144] INFO  [MultiTableRepo.events] Ensured table exists: split_verse_perf_test.events_0_9999
[2025-09-19 21:36:06.156] INFO  [MultiTableRepo.events] Ensured table exists: split_verse_perf_test.events_0_9999
[2025-09-19 21:36:06.165] INFO  [MultiTableRepo.events] Ensured table exists: split_verse_perf_test.events_0_9999
[2025-09-19 21:36:06.174] INFO  [MultiTableRepo.events] Ensured table exists: split_verse_perf_test.events_0_9999
[2025-09-19 21:36:06.186] INFO  [MultiTableRepo.events] Ensured table exists: split_verse_perf_test.events_0_9999
[2025-09-19 21:36:06.196] INFO  [MultiTableRepo.events] Ensured table exists: split_verse_perf_test.events_0_9999
[2025-09-19 21:36:06.206] INFO  [MultiTableRepo.events] Ensured table exists: split_verse_perf_test.events_0_9999
[2025-09-19 21:36:06.216] INFO  [MultiTableRepo.events] Ensured table exists: split_verse_perf_test.events_0_9999
[2025-09-19 21:36:06.225] INFO  [MultiTableRepo.events] Ensured table exists: split_verse_perf_test.events_0_9999
[2025-09-19 21:36:06.234] INFO  [MultiTableRepo.events] Ensured table exists: split_verse_perf_test.events_0_9999
Sequential insert statistics for 1000 records:
Avg latency: 9.19 ms
P50 latency: 8 ms
P95 latency: 13 ms
P99 latency: 15 ms
✓ Sequential insert performance test passed
]]></system-out>
  </testcase>
  <testcase name="testQueryPerformance" classname="com.telcobright.splitverse.tests.PerformanceTest" time="4.077">
    <failure message="Single record lookup should be &lt; 20ms ==&gt; expected: &lt;true&gt; but was: &lt;false&gt;" type="org.opentest4j.AssertionFailedError"><![CDATA[org.opentest4j.AssertionFailedError: Single record lookup should be < 20ms ==> expected: <true> but was: <false>
	at org.junit.jupiter.api.AssertionFailureBuilder.build(AssertionFailureBuilder.java:151)
	at org.junit.jupiter.api.AssertionFailureBuilder.buildAndThrow(AssertionFailureBuilder.java:132)
	at org.junit.jupiter.api.AssertTrue.failNotTrue(AssertTrue.java:63)
	at org.junit.jupiter.api.AssertTrue.assertTrue(AssertTrue.java:36)
	at org.junit.jupiter.api.Assertions.assertTrue(Assertions.java:214)
	at com.telcobright.splitverse.tests.PerformanceTest.testQueryPerformance(PerformanceTest.java:216)
	at java.base/java.lang.reflect.Method.invoke(Method.java:580)
	at java.base/java.util.ArrayList.forEach(ArrayList.java:1596)
	at java.base/java.util.ArrayList.forEach(ArrayList.java:1596)
]]></failure>
    <system-out><![CDATA[
=== Query Performance Test ===
[2025-09-19 21:36:06.319] INFO  [MultiTableRepo.events] Ensured table exists: split_verse_perf_test.events_0_9999
Avg single record lookup: 38.01 ms
Range query returned 0 records in 11 ms
]]></system-out>
  </testcase>
  <testcase name="testConcurrentOperationsPerformance" classname="com.telcobright.splitverse.tests.PerformanceTest" time="21.962">
    <error message="java.sql.SQLException: No rows updated for ID: EVT_00010000_a772f07a" type="java.util.concurrent.ExecutionException"><![CDATA[java.util.concurrent.ExecutionException: java.sql.SQLException: No rows updated for ID: EVT_00010000_a772f07a
	at java.base/java.util.concurrent.FutureTask.report(FutureTask.java:122)
	at java.base/java.util.concurrent.FutureTask.get(FutureTask.java:191)
	at com.telcobright.splitverse.tests.PerformanceTest.testConcurrentOperationsPerformance(PerformanceTest.java:290)
	at java.base/java.lang.reflect.Method.invoke(Method.java:580)
	at java.base/java.util.ArrayList.forEach(ArrayList.java:1596)
	at java.base/java.util.ArrayList.forEach(ArrayList.java:1596)
Caused by: java.sql.SQLException: No rows updated for ID: EVT_00010000_a772f07a
	at com.telcobright.core.repository.GenericMultiTableRepository.updateById(GenericMultiTableRepository.java:443)
	at com.telcobright.core.repository.SplitVerseRepository.updateById(SplitVerseRepository.java:301)
	at com.telcobright.splitverse.tests.PerformanceTest.lambda$testConcurrentOperationsPerformance$0(PerformanceTest.java:265)
	at java.base/java.util.concurrent.FutureTask.run(FutureTask.java:317)
	at java.base/java.util.concurrent.ThreadPoolExecutor.runWorker(ThreadPoolExecutor.java:1144)
	at java.base/java.util.concurrent.ThreadPoolExecutor$Worker.run(ThreadPoolExecutor.java:642)
	at java.base/java.lang.Thread.run(Thread.java:1583)
]]></error>
    <system-out><![CDATA[
=== Concurrent Operations Performance Test ===
[2025-09-19 21:36:10.342] INFO  [MultiTableRepo.events] Ensured table exists: split_verse_perf_test.events_10000_19999
[2025-09-19 21:36:10.345] INFO  [MultiTableRepo.events] Ensured table exists: split_verse_perf_test.events_0_9999
[2025-09-19 21:36:10.347] INFO  [MultiTableRepo.events] Ensured table exists: split_verse_perf_test.events_0_9999
[2025-09-19 21:36:10.347] INFO  [MultiTableRepo.events] Ensured table exists: split_verse_perf_test.events_0_9999
[2025-09-19 21:36:10.349] INFO  [MultiTableRepo.events] Ensured table exists: split_verse_perf_test.events_10000_19999
[2025-09-19 21:36:10.353] INFO  [MultiTableRepo.events] Ensured table exists: split_verse_perf_test.events_0_9999
[2025-09-19 21:36:10.354] INFO  [MultiTableRepo.events] Ensured table exists: split_verse_perf_test.events_0_9999
[2025-09-19 21:36:10.354] INFO  [MultiTableRepo.events] Ensured table exists: split_verse_perf_test.events_0_9999
[2025-09-19 21:36:10.358] INFO  [MultiTableRepo.events] Ensured table exists: split_verse_perf_test.events_0_9999
[2025-09-19 21:36:10.364] INFO  [MultiTableRepo.events] Ensured table exists: split_verse_perf_test.events_0_9999
[2025-09-19 21:36:10.365] INFO  [MultiTableRepo.events] Ensured table exists: split_verse_perf_test.events_10000_19999
[2025-09-19 21:36:10.365] INFO  [MultiTableRepo.events] Ensured table exists: split_verse_perf_test.events_10000_19999
[2025-09-19 21:36:10.366] INFO  [MultiTableRepo.events] Ensured table exists: split_verse_perf_test.events_10000_19999
[2025-09-19 21:36:10.371] INFO  [MultiTableRepo.events] Ensured table exists: split_verse_perf_test.events_10000_19999
[2025-09-19 21:36:10.371] INFO  [MultiTableRepo.events] Ensured table exists: split_verse_perf_test.events_10000_19999
[2025-09-19 21:36:10.370] INFO  [MultiTableRepo.events] Ensured table exists: split_verse_perf_test.events_0_9999
[2025-09-19 21:36:10.373] INFO  [MultiTableRepo.events] Ensured table exists: split_verse_perf_test.events_0_9999
[2025-09-19 21:36:10.371] INFO  [MultiTableRepo.events] Ensured table exists: split_verse_perf_test.events_10000_19999
[2025-09-19 21:36:10.373] INFO  [MultiTableRepo.events] Ensured table exists: split_verse_perf_test.events_10000_19999
[2025-09-19 21:36:10.374] INFO  [MultiTableRepo.events] Ensured table exists: split_verse_perf_test.events_10000_19999
[2025-09-19 21:36:10.720] INFO  [MultiTableRepo.events] Ensured table exists: split_verse_perf_test.events_0_9999
[2025-09-19 21:36:10.733] INFO  [MultiTableRepo.events] Ensured table exists: split_verse_perf_test.events_0_9999
[2025-09-19 21:36:10.733] INFO  [MultiTableRepo.events] Ensured table exists: split_verse_perf_test.events_0_9999
[2025-09-19 21:36:10.736] INFO  [MultiTableRepo.events] Ensured table exists: split_verse_perf_test.events_0_9999
[2025-09-19 21:36:10.739] INFO  [MultiTableRepo.events] Ensured table exists: split_verse_perf_test.events_0_9999
[2025-09-19 21:36:10.746] INFO  [MultiTableRepo.events] Ensured table exists: split_verse_perf_test.events_0_9999
[2025-09-19 21:36:10.747] INFO  [MultiTableRepo.events] Ensured table exists: split_verse_perf_test.events_0_9999
[2025-09-19 21:36:10.747] INFO  [MultiTableRepo.events] Ensured table exists: split_verse_perf_test.events_0_9999
[2025-09-19 21:36:10.748] INFO  [MultiTableRepo.events] Ensured table exists: split_verse_perf_test.events_0_9999
[2025-09-19 21:36:10.750] INFO  [MultiTableRepo.events] Ensured table exists: split_verse_perf_test.events_0_9999
[2025-09-19 21:36:10.766] INFO  [MultiTableRepo.events] Ensured table exists: split_verse_perf_test.events_0_9999
[2025-09-19 21:36:10.767] INFO  [MultiTableRepo.events] Ensured table exists: split_verse_perf_test.events_0_9999
[2025-09-19 21:36:10.768] INFO  [MultiTableRepo.events] Ensured table exists: split_verse_perf_test.events_0_9999
[2025-09-19 21:36:10.775] INFO  [MultiTableRepo.events] Ensured table exists: split_verse_perf_test.events_0_9999
[2025-09-19 21:36:10.777] INFO  [MultiTableRepo.events] Ensured table exists: split_verse_perf_test.events_0_9999
[2025-09-19 21:36:10.788] INFO  [MultiTableRepo.events] Ensured table exists: split_verse_perf_test.events_0_9999
[2025-09-19 21:36:10.789] INFO  [MultiTableRepo.events] Ensured table exists: split_verse_perf_test.events_0_9999
[2025-09-19 21:36:10.791] INFO  [MultiTableRepo.events] Ensured table exists: split_verse_perf_test.events_0_9999
[2025-09-19 21:36:10.799] INFO  [MultiTableRepo.events] Ensured table exists: split_verse_perf_test.events_0_9999
[2025-09-19 21:36:10.799] INFO  [MultiTableRepo.events] Ensured table exists: split_verse_perf_test.events_0_9999
[2025-09-19 21:36:10.799] INFO  [MultiTableRepo.events] Ensured table exists: split_verse_perf_test.events_0_9999
[2025-09-19 21:36:10.800] INFO  [MultiTableRepo.events] Ensured table exists: split_verse_perf_test.events_0_9999
[2025-09-19 21:36:10.800] INFO  [MultiTableRepo.events] Ensured table exists: split_verse_perf_test.events_0_9999
[2025-09-19 21:36:10.801] INFO  [MultiTableRepo.events] Ensured table exists: split_verse_perf_test.events_0_9999
[2025-09-19 21:36:10.804] INFO  [MultiTableRepo.events] Ensured table exists: split_verse_perf_test.events_0_9999
[2025-09-19 21:36:10.809] INFO  [MultiTableRepo.events] Ensured table exists: split_verse_perf_test.events_0_9999
[2025-09-19 21:36:10.812] INFO  [MultiTableRepo.events] Ensured table exists: split_verse_perf_test.events_0_9999
[2025-09-19 21:36:10.814] INFO  [MultiTableRepo.events] Ensured table exists: split_verse_perf_test.events_0_9999
[2025-09-19 21:36:10.815] INFO  [MultiTableRepo.events] Ensured table exists: split_verse_perf_test.events_0_9999
[2025-09-19 21:36:10.815] INFO  [MultiTableRepo.events] Ensured table exists: split_verse_perf_test.events_0_9999
[2025-09-19 21:36:10.815] INFO  [MultiTableRepo.events] Ensured table exists: split_verse_perf_test.events_0_9999
[2025-09-19 21:36:10.819] INFO  [MultiTableRepo.events] Ensured table exists: split_verse_perf_test.events_0_9999
[2025-09-19 21:36:10.823] INFO  [MultiTableRepo.events] Ensured table exists: split_verse_perf_test.events_0_9999
[2025-09-19 21:36:10.825] INFO  [MultiTableRepo.events] Ensured table exists: split_verse_perf_test.events_0_9999
[2025-09-19 21:36:10.826] INFO  [MultiTableRepo.events] Ensured table exists: split_verse_perf_test.events_0_9999
[2025-09-19 21:36:10.828] INFO  [MultiTableRepo.events] Ensured table exists: split_verse_perf_test.events_0_9999
[2025-09-19 21:36:10.834] INFO  [MultiTableRepo.events] Ensured table exists: split_verse_perf_test.events_0_9999
[2025-09-19 21:36:10.837] INFO  [MultiTableRepo.events] Ensured table exists: split_verse_perf_test.events_0_9999
[2025-09-19 21:36:10.840] INFO  [MultiTableRepo.events] Ensured table exists: split_verse_perf_test.events_0_9999
[2025-09-19 21:36:10.840] INFO  [MultiTableRepo.events] Ensured table exists: split_verse_perf_test.events_0_9999
[2025-09-19 21:36:10.842] INFO  [MultiTableRepo.events] Ensured table exists: split_verse_perf_test.events_0_9999
[2025-09-19 21:36:10.843] INFO  [MultiTableRepo.events] Ensured table exists: split_verse_perf_test.events_0_9999
[2025-09-19 21:36:10.844] INFO  [MultiTableRepo.events] Ensured table exists: split_verse_perf_test.events_0_9999
[2025-09-19 21:36:10.844] INFO  [MultiTableRepo.events] Ensured table exists: split_verse_perf_test.events_0_9999
[2025-09-19 21:36:10.845] INFO  [MultiTableRepo.events] Ensured table exists: split_verse_perf_test.events_0_9999
[2025-09-19 21:36:10.866] INFO  [MultiTableRepo.events] Ensured table exists: split_verse_perf_test.events_0_9999
[2025-09-19 21:36:10.867] INFO  [MultiTableRepo.events] Ensured table exists: split_verse_perf_test.events_0_9999
[2025-09-19 21:36:10.871] INFO  [MultiTableRepo.events] Ensured table exists: split_verse_perf_test.events_0_9999
[2025-09-19 21:36:10.872] INFO  [MultiTableRepo.events] Ensured table exists: split_verse_perf_test.events_0_9999
[2025-09-19 21:36:10.873] INFO  [MultiTableRepo.events] Ensured table exists: split_verse_perf_test.events_0_9999
[2025-09-19 21:36:10.956] INFO  [MultiTableRepo.events] Ensured table exists: split_verse_perf_test.events_0_9999
[2025-09-19 21:36:10.970] INFO  [MultiTableRepo.events] Ensured table exists: split_verse_perf_test.events_0_9999
[2025-09-19 21:36:10.973] INFO  [MultiTableRepo.events] Ensured table exists: split_verse_perf_test.events_0_9999
[2025-09-19 21:36:10.975] INFO  [MultiTableRepo.events] Ensured table exists: split_verse_perf_test.events_0_9999
[2025-09-19 21:36:10.979] INFO  [MultiTableRepo.events] Ensured table exists: split_verse_perf_test.events_0_9999
[2025-09-19 21:36:10.984] INFO  [MultiTableRepo.events] Ensured table exists: split_verse_perf_test.events_0_9999
[2025-09-19 21:36:10.989] INFO  [MultiTableRepo.events] Ensured table exists: split_verse_perf_test.events_0_9999
[2025-09-19 21:36:10.996] INFO  [MultiTableRepo.events] Ensured table exists: split_verse_perf_test.events_0_9999
[2025-09-19 21:36:10.996] INFO  [MultiTableRepo.events] Ensured table exists: split_verse_perf_test.events_0_9999
[2025-09-19 21:36:10.998] INFO  [MultiTableRepo.events] Ensured table exists: split_verse_perf_test.events_0_9999
[2025-09-19 21:36:10.998] INFO  [MultiTableRepo.events] Ensured table exists: split_verse_perf_test.events_0_9999
[2025-09-19 21:36:10.998] INFO  [MultiTableRepo.events] Ensured table exists: split_verse_perf_test.events_0_9999
[2025-09-19 21:36:10.999] INFO  [MultiTableRepo.events] Ensured table exists: split_verse_perf_test.events_0_9999
[2025-09-19 21:36:10.999] INFO  [MultiTableRepo.events] Ensured table exists: split_verse_perf_test.events_0_9999
[2025-09-19 21:36:11.005] INFO  [MultiTableRepo.events] Ensured table exists: split_verse_perf_test.events_0_9999
[2025-09-19 21:36:11.007] INFO  [MultiTableRepo.events] Ensured table exists: split_verse_perf_test.events_0_9999
[2025-09-19 21:36:11.011] INFO  [MultiTableRepo.events] Ensured table exists: split_verse_perf_test.events_0_9999
[2025-09-19 21:36:11.013] INFO  [MultiTableRepo.events] Ensured table exists: split_verse_perf_test.events_0_9999
[2025-09-19 21:36:11.031] INFO  [MultiTableRepo.events] Ensured table exists: split_verse_perf_test.events_0_9999
[2025-09-19 21:36:11.032] INFO  [MultiTableRepo.events] Ensured table exists: split_verse_perf_test.events_0_9999
[2025-09-19 21:36:11.032] INFO  [MultiTableRepo.events] Ensured table exists: split_verse_perf_test.events_0_9999
[2025-09-19 21:36:11.033] INFO  [MultiTableRepo.events] Ensured table exists: split_verse_perf_test.events_0_9999
[2025-09-19 21:36:11.033] INFO  [MultiTableRepo.events] Ensured table exists: split_verse_perf_test.events_0_9999
[2025-09-19 21:36:11.034] INFO  [MultiTableRepo.events] Ensured table exists: split_verse_perf_test.events_0_9999
[2025-09-19 21:36:11.033] INFO  [MultiTableRepo.events] Ensured table exists: split_verse_perf_test.events_0_9999
[2025-09-19 21:36:11.034] INFO  [MultiTableRepo.events] Ensured table exists: split_verse_perf_test.events_0_9999
[2025-09-19 21:36:11.040] INFO  [MultiTableRepo.events] Ensured table exists: split_verse_perf_test.events_0_9999
[2025-09-19 21:36:11.042] INFO  [MultiTableRepo.events] Ensured table exists: split_verse_perf_test.events_0_9999
[2025-09-19 21:36:11.044] INFO  [MultiTableRepo.events] Ensured table exists: split_verse_perf_test.events_0_9999
[2025-09-19 21:36:11.048] INFO  [MultiTableRepo.events] Ensured table exists: split_verse_perf_test.events_0_9999
[2025-09-19 21:36:11.049] INFO  [MultiTableRepo.events] Ensured table exists: split_verse_perf_test.events_0_9999
[2025-09-19 21:36:11.049] INFO  [MultiTableRepo.events] Ensured table exists: split_verse_perf_test.events_0_9999
[2025-09-19 21:36:11.049] INFO  [MultiTableRepo.events] Ensured table exists: split_verse_perf_test.events_0_9999
[2025-09-19 21:36:11.050] INFO  [MultiTableRepo.events] Ensured table exists: split_verse_perf_test.events_0_9999
[2025-09-19 21:36:11.051] INFO  [MultiTableRepo.events] Ensured table exists: split_verse_perf_test.events_0_9999
[2025-09-19 21:36:11.054] INFO  [MultiTableRepo.events] Ensured table exists: split_verse_perf_test.events_0_9999
[2025-09-19 21:36:11.054] INFO  [MultiTableRepo.events] Ensured table exists: split_verse_perf_test.events_0_9999
[2025-09-19 21:36:11.057] INFO  [MultiTableRepo.events] Ensured table exists: split_verse_perf_test.events_0_9999
[2025-09-19 21:36:11.058] INFO  [MultiTableRepo.events] Ensured table exists: split_verse_perf_test.events_0_9999
[2025-09-19 21:36:11.066] INFO  [MultiTableRepo.events] Ensured table exists: split_verse_perf_test.events_0_9999
[2025-09-19 21:36:11.069] INFO  [MultiTableRepo.events] Ensured table exists: split_verse_perf_test.events_0_9999
[2025-09-19 21:36:11.069] INFO  [MultiTableRepo.events] Ensured table exists: split_verse_perf_test.events_0_9999
[2025-09-19 21:36:11.069] INFO  [MultiTableRepo.events] Ensured table exists: split_verse_perf_test.events_0_9999
[2025-09-19 21:36:11.071] INFO  [MultiTableRepo.events] Ensured table exists: split_verse_perf_test.events_0_9999
[2025-09-19 21:36:11.075] INFO  [MultiTableRepo.events] Ensured table exists: split_verse_perf_test.events_0_9999
[2025-09-19 21:36:11.091] INFO  [MultiTableRepo.events] Ensured table exists: split_verse_perf_test.events_0_9999
[2025-09-19 21:36:11.092] INFO  [MultiTableRepo.events] Ensured table exists: split_verse_perf_test.events_0_9999
[2025-09-19 21:36:11.097] INFO  [MultiTableRepo.events] Ensured table exists: split_verse_perf_test.events_0_9999
[2025-09-19 21:36:11.097] INFO  [MultiTableRepo.events] Ensured table exists: split_verse_perf_test.events_0_9999
[2025-09-19 21:36:11.103] INFO  [MultiTableRepo.events] Ensured table exists: split_verse_perf_test.events_0_9999
[2025-09-19 21:36:11.247] INFO  [MultiTableRepo.events] Ensured table exists: split_verse_perf_test.events_0_9999
[2025-09-19 21:36:11.248] INFO  [MultiTableRepo.events] Ensured table exists: split_verse_perf_test.events_0_9999
[2025-09-19 21:36:11.258] INFO  [MultiTableRepo.events] Ensured table exists: split_verse_perf_test.events_0_9999
[2025-09-19 21:36:11.262] INFO  [MultiTableRepo.events] Ensured table exists: split_verse_perf_test.events_0_9999
[2025-09-19 21:36:11.270] INFO  [MultiTableRepo.events] Ensured table exists: split_verse_perf_test.events_0_9999
[2025-09-19 21:36:11.270] INFO  [MultiTableRepo.events] Ensured table exists: split_verse_perf_test.events_0_9999
[2025-09-19 21:36:11.272] INFO  [MultiTableRepo.events] Ensured table exists: split_verse_perf_test.events_0_9999
[2025-09-19 21:36:11.274] INFO  [MultiTableRepo.events] Ensured table exists: split_verse_perf_test.events_0_9999
[2025-09-19 21:36:11.276] INFO  [MultiTableRepo.events] Ensured table exists: split_verse_perf_test.events_0_9999
[2025-09-19 21:36:11.276] INFO  [MultiTableRepo.events] Ensured table exists: split_verse_perf_test.events_0_9999
[2025-09-19 21:36:11.278] INFO  [MultiTableRepo.events] Ensured table exists: split_verse_perf_test.events_0_9999
[2025-09-19 21:36:11.283] INFO  [MultiTableRepo.events] Ensured table exists: split_verse_perf_test.events_0_9999
[2025-09-19 21:36:11.286] INFO  [MultiTableRepo.events] Ensured table exists: split_verse_perf_test.events_0_9999
[2025-09-19 21:36:11.286] INFO  [MultiTableRepo.events] Ensured table exists: split_verse_perf_test.events_0_9999
[2025-09-19 21:36:11.290] INFO  [MultiTableRepo.events] Ensured table exists: split_verse_perf_test.events_0_9999
[2025-09-19 21:36:11.291] INFO  [MultiTableRepo.events] Ensured table exists: split_verse_perf_test.events_0_9999
[2025-09-19 21:36:11.293] INFO  [MultiTableRepo.events] Ensured table exists: split_verse_perf_test.events_0_9999
[2025-09-19 21:36:11.294] INFO  [MultiTableRepo.events] Ensured table exists: split_verse_perf_test.events_0_9999
[2025-09-19 21:36:11.295] INFO  [MultiTableRepo.events] Ensured table exists: split_verse_perf_test.events_0_9999
[2025-09-19 21:36:11.296] INFO  [MultiTableRepo.events] Ensured table exists: split_verse_perf_test.events_0_9999
[2025-09-19 21:36:11.302] INFO  [MultiTableRepo.events] Ensured table exists: split_verse_perf_test.events_0_9999
[2025-09-19 21:36:11.302] INFO  [MultiTableRepo.events] Ensured table exists: split_verse_perf_test.events_0_9999
[2025-09-19 21:36:11.302] INFO  [MultiTableRepo.events] Ensured table exists: split_verse_perf_test.events_0_9999
[2025-09-19 21:36:11.303] INFO  [MultiTableRepo.events] Ensured table exists: split_verse_perf_test.events_0_9999
[2025-09-19 21:36:11.310] INFO  [MultiTableRepo.events] Ensured table exists: split_verse_perf_test.events_0_9999
[2025-09-19 21:36:11.311] INFO  [MultiTableRepo.events] Ensured table exists: split_verse_perf_test.events_0_9999
[2025-09-19 21:36:11.311] INFO  [MultiTableRepo.events] Ensured table exists: split_verse_perf_test.events_0_9999
[2025-09-19 21:36:11.311] INFO  [MultiTableRepo.events] Ensured table exists: split_verse_perf_test.events_0_9999
[2025-09-19 21:36:11.314] INFO  [MultiTableRepo.events] Ensured table exists: split_verse_perf_test.events_0_9999
[2025-09-19 21:36:11.315] INFO  [MultiTableRepo.events] Ensured table exists: split_verse_perf_test.events_0_9999
[2025-09-19 21:36:11.316] INFO  [MultiTableRepo.events] Ensured table exists: split_verse_perf_test.events_0_9999
[2025-09-19 21:36:11.324] INFO  [MultiTableRepo.events] Ensured table exists: split_verse_perf_test.events_0_9999
[2025-09-19 21:36:11.324] INFO  [MultiTableRepo.events] Ensured table exists: split_verse_perf_test.events_0_9999
[2025-09-19 21:36:11.325] INFO  [MultiTableRepo.events] Ensured table exists: split_verse_perf_test.events_0_9999
[2025-09-19 21:36:11.325] INFO  [MultiTableRepo.events] Ensured table exists: split_verse_perf_test.events_0_9999
[2025-09-19 21:36:11.327] INFO  [MultiTableRepo.events] Ensured table exists: split_verse_perf_test.events_0_9999
[2025-09-19 21:36:11.328] INFO  [MultiTableRepo.events] Ensured table exists: split_verse_perf_test.events_0_9999
[2025-09-19 21:36:11.328] INFO  [MultiTableRepo.events] Ensured table exists: split_verse_perf_test.events_0_9999
[2025-09-19 21:36:11.331] INFO  [MultiTableRepo.events] Ensured table exists: split_verse_perf_test.events_0_9999
[2025-09-19 21:36:11.334] INFO  [MultiTableRepo.events] Ensured table exists: split_verse_perf_test.events_0_9999
[2025-09-19 21:36:11.338] INFO  [MultiTableRepo.events] Ensured table exists: split_verse_perf_test.events_0_9999
[2025-09-19 21:36:11.339] INFO  [MultiTableRepo.events] Ensured table exists: split_verse_perf_test.events_0_9999
[2025-09-19 21:36:11.347] INFO  [MultiTableRepo.events] Ensured table exists: split_verse_perf_test.events_0_9999
[2025-09-19 21:36:11.349] INFO  [MultiTableRepo.events] Ensured table exists: split_verse_perf_test.events_0_9999
[2025-09-19 21:36:11.349] INFO  [MultiTableRepo.events] Ensured table exists: split_verse_perf_test.events_0_9999
[2025-09-19 21:36:11.351] INFO  [MultiTableRepo.events] Ensured table exists: split_verse_perf_test.events_0_9999
[2025-09-19 21:36:11.363] INFO  [MultiTableRepo.events] Ensured table exists: split_verse_perf_test.events_0_9999
[2025-09-19 21:36:11.366] INFO  [MultiTableRepo.events] Ensured table exists: split_verse_perf_test.events_0_9999
[2025-09-19 21:36:11.367] INFO  [MultiTableRepo.events] Ensured table exists: split_verse_perf_test.events_0_9999
[2025-09-19 21:36:11.389] INFO  [MultiTableRepo.events] Ensured table exists: split_verse_perf_test.events_0_9999
[2025-09-19 21:36:11.404] INFO  [MultiTableRepo.events] Ensured table exists: split_verse_perf_test.events_0_9999
[2025-09-19 21:36:11.415] INFO  [MultiTableRepo.events] Ensured table exists: split_verse_perf_test.events_0_9999
[2025-09-19 21:36:11.422] INFO  [MultiTableRepo.events] Ensured table exists: split_verse_perf_test.events_0_9999
[2025-09-19 21:36:11.425] INFO  [MultiTableRepo.events] Ensured table exists: split_verse_perf_test.events_0_9999
[2025-09-19 21:36:11.426] INFO  [MultiTableRepo.events] Ensured table exists: split_verse_perf_test.events_0_9999
[2025-09-19 21:36:11.427] INFO  [MultiTableRepo.events] Ensured table exists: split_verse_perf_test.events_0_9999
[2025-09-19 21:36:11.437] INFO  [MultiTableRepo.events] Ensured table exists: split_verse_perf_test.events_0_9999
[2025-09-19 21:36:11.438] INFO  [MultiTableRepo.events] Ensured table exists: split_verse_perf_test.events_0_9999
[2025-09-19 21:36:11.440] INFO  [MultiTableRepo.events] Ensured table exists: split_verse_perf_test.events_0_9999
[2025-09-19 21:36:11.441] INFO  [MultiTableRepo.events] Ensured table exists: split_verse_perf_test.events_0_9999
[2025-09-19 21:36:11.447] INFO  [MultiTableRepo.events] Ensured table exists: split_verse_perf_test.events_0_9999
[2025-09-19 21:36:11.446] INFO  [MultiTableRepo.events] Ensured table exists: split_verse_perf_test.events_0_9999
[2025-09-19 21:36:11.457] INFO  [MultiTableRepo.events] Ensured table exists: split_verse_perf_test.events_0_9999
[2025-09-19 21:36:11.457] INFO  [MultiTableRepo.events] Ensured table exists: split_verse_perf_test.events_0_9999
[2025-09-19 21:36:11.460] INFO  [MultiTableRepo.events] Ensured table exists: split_verse_perf_test.events_0_9999
[2025-09-19 21:36:11.461] INFO  [MultiTableRepo.events] Ensured table exists: split_verse_perf_test.events_0_9999
[2025-09-19 21:36:11.461] INFO  [MultiTableRepo.events] Ensured table exists: split_verse_perf_test.events_0_9999
[2025-09-19 21:36:11.464] INFO  [MultiTableRepo.events] Ensured table exists: split_verse_perf_test.events_0_9999
[2025-09-19 21:36:11.469] INFO  [MultiTableRepo.events] Ensured table exists: split_verse_perf_test.events_0_9999
[2025-09-19 21:36:11.469] INFO  [MultiTableRepo.events] Ensured table exists: split_verse_perf_test.events_0_9999
[2025-09-19 21:36:11.473] INFO  [MultiTableRepo.events] Ensured table exists: split_verse_perf_test.events_0_9999
[2025-09-19 21:36:11.474] INFO  [MultiTableRepo.events] Ensured table exists: split_verse_perf_test.events_0_9999
[2025-09-19 21:36:11.486] INFO  [MultiTableRepo.events] Ensured table exists: split_verse_perf_test.events_0_9999
[2025-09-19 21:36:11.486] INFO  [MultiTableRepo.events] Ensured table exists: split_verse_perf_test.events_0_9999
[2025-09-19 21:36:11.487] INFO  [MultiTableRepo.events] Ensured table exists: split_verse_perf_test.events_0_9999
[2025-09-19 21:36:11.487] INFO  [MultiTableRepo.events] Ensured table exists: split_verse_perf_test.events_0_9999
[2025-09-19 21:36:11.490] INFO  [MultiTableRepo.events] Ensured table exists: split_verse_perf_test.events_0_9999
[2025-09-19 21:36:11.492] INFO  [MultiTableRepo.events] Ensured table exists: split_verse_perf_test.events_0_9999
[2025-09-19 21:36:11.495] INFO  [MultiTableRepo.events] Ensured table exists: split_verse_perf_test.events_0_9999
[2025-09-19 21:36:11.495] INFO  [MultiTableRepo.events] Ensured table exists: split_verse_perf_test.events_0_9999
[2025-09-19 21:36:11.495] INFO  [MultiTableRepo.events] Ensured table exists: split_verse_perf_test.events_0_9999
[2025-09-19 21:36:11.495] INFO  [MultiTableRepo.events] Ensured table exists: split_verse_perf_test.events_0_9999
[2025-09-19 21:36:11.500] INFO  [MultiTableRepo.events] Ensured table exists: split_verse_perf_test.events_0_9999
[2025-09-19 21:36:11.500] INFO  [MultiTableRepo.events] Ensured table exists: split_verse_perf_test.events_0_9999
[2025-09-19 21:36:11.500] INFO  [MultiTableRepo.events] Ensured table exists: split_verse_perf_test.events_0_9999
[2025-09-19 21:36:11.505] INFO  [MultiTableRepo.events] Ensured table exists: split_verse_perf_test.events_0_9999
[2025-09-19 21:36:11.505] INFO  [MultiTableRepo.events] Ensured table exists: split_verse_perf_test.events_0_9999
[2025-09-19 21:36:11.508] INFO  [MultiTableRepo.events] Ensured table exists: split_verse_perf_test.events_0_9999
[2025-09-19 21:36:11.509] INFO  [MultiTableRepo.events] Ensured table exists: split_verse_perf_test.events_0_9999
[2025-09-19 21:36:11.509] INFO  [MultiTableRepo.events] Ensured table exists: split_verse_perf_test.events_0_9999
[2025-09-19 21:36:11.515] INFO  [MultiTableRepo.events] Ensured table exists: split_verse_perf_test.events_0_9999
[2025-09-19 21:36:11.517] INFO  [MultiTableRepo.events] Ensured table exists: split_verse_perf_test.events_0_9999
[2025-09-19 21:36:11.522] INFO  [MultiTableRepo.events] Ensured table exists: split_verse_perf_test.events_0_9999
[2025-09-19 21:36:11.524] INFO  [MultiTableRepo.events] Ensured table exists: split_verse_perf_test.events_0_9999
[2025-09-19 21:36:11.525] INFO  [MultiTableRepo.events] Ensured table exists: split_verse_perf_test.events_0_9999
[2025-09-19 21:36:11.531] INFO  [MultiTableRepo.events] Ensured table exists: split_verse_perf_test.events_0_9999
[2025-09-19 21:36:11.537] INFO  [MultiTableRepo.events] Ensured table exists: split_verse_perf_test.events_0_9999
[2025-09-19 21:36:11.543] INFO  [MultiTableRepo.events] Ensured table exists: split_verse_perf_test.events_0_9999
[2025-09-19 21:36:11.545] INFO  [MultiTableRepo.events] Ensured table exists: split_verse_perf_test.events_0_9999
[2025-09-19 21:36:11.558] INFO  [MultiTableRepo.events] Ensured table exists: split_verse_perf_test.events_0_9999
[2025-09-19 21:36:11.646] INFO  [MultiTableRepo.events] Ensured table exists: split_verse_perf_test.events_0_9999
[2025-09-19 21:36:11.653] INFO  [MultiTableRepo.events] Ensured table exists: split_verse_perf_test.events_0_9999
[2025-09-19 21:36:11.660] INFO  [MultiTableRepo.events] Ensured table exists: split_verse_perf_test.events_0_9999
[2025-09-19 21:36:11.665] INFO  [MultiTableRepo.events] Ensured table exists: split_verse_perf_test.events_0_9999
[2025-09-19 21:36:11.669] INFO  [MultiTableRepo.events] Ensured table exists: split_verse_perf_test.events_0_9999
[2025-09-19 21:36:11.672] INFO  [MultiTableRepo.events] Ensured table exists: split_verse_perf_test.events_0_9999
[2025-09-19 21:36:11.679] INFO  [MultiTableRepo.events] Ensured table exists: split_verse_perf_test.events_0_9999
[2025-09-19 21:36:11.683] INFO  [MultiTableRepo.events] Ensured table exists: split_verse_perf_test.events_0_9999
[2025-09-19 21:36:11.685] INFO  [MultiTableRepo.events] Ensured table exists: split_verse_perf_test.events_0_9999
[2025-09-19 21:36:11.691] INFO  [MultiTableRepo.events] Ensured table exists: split_verse_perf_test.events_0_9999
[2025-09-19 21:36:11.691] INFO  [MultiTableRepo.events] Ensured table exists: split_verse_perf_test.events_0_9999
[2025-09-19 21:36:11.692] INFO  [MultiTableRepo.events] Ensured table exists: split_verse_perf_test.events_0_9999
[2025-09-19 21:36:11.702] INFO  [MultiTableRepo.events] Ensured table exists: split_verse_perf_test.events_0_9999
[2025-09-19 21:36:11.711] INFO  [MultiTableRepo.events] Ensured table exists: split_verse_perf_test.events_0_9999
[2025-09-19 21:36:11.715] INFO  [MultiTableRepo.events] Ensured table exists: split_verse_perf_test.events_0_9999
[2025-09-19 21:36:11.716] INFO  [MultiTableRepo.events] Ensured table exists: split_verse_perf_test.events_0_9999
[2025-09-19 21:36:11.717] INFO  [MultiTableRepo.events] Ensured table exists: split_verse_perf_test.events_0_9999
[2025-09-19 21:36:11.717] INFO  [MultiTableRepo.events] Ensured table exists: split_verse_perf_test.events_0_9999
[2025-09-19 21:36:11.717] INFO  [MultiTableRepo.events] Ensured table exists: split_verse_perf_test.events_0_9999
[2025-09-19 21:36:11.718] INFO  [MultiTableRepo.events] Ensured table exists: split_verse_perf_test.events_0_9999
[2025-09-19 21:36:11.721] INFO  [MultiTableRepo.events] Ensured table exists: split_verse_perf_test.events_0_9999
[2025-09-19 21:36:11.727] INFO  [MultiTableRepo.events] Ensured table exists: split_verse_perf_test.events_0_9999
[2025-09-19 21:36:11.728] INFO  [MultiTableRepo.events] Ensured table exists: split_verse_perf_test.events_0_9999
[2025-09-19 21:36:11.744] INFO  [MultiTableRepo.events] Ensured table exists: split_verse_perf_test.events_0_9999
[2025-09-19 21:36:11.745] INFO  [MultiTableRepo.events] Ensured table exists: split_verse_perf_test.events_0_9999
[2025-09-19 21:36:11.745] INFO  [MultiTableRepo.events] Ensured table exists: split_verse_perf_test.events_0_9999
[2025-09-19 21:36:11.745] INFO  [MultiTableRepo.events] Ensured table exists: split_verse_perf_test.events_0_9999
[2025-09-19 21:36:11.746] INFO  [MultiTableRepo.events] Ensured table exists: split_verse_perf_test.events_0_9999
[2025-09-19 21:36:11.749] INFO  [MultiTableRepo.events] Ensured table exists: split_verse_perf_test.events_0_9999
[2025-09-19 21:36:11.751] INFO  [MultiTableRepo.events] Ensured table exists: split_verse_perf_test.events_0_9999
[2025-09-19 21:36:11.751] INFO  [MultiTableRepo.events] Ensured table exists: split_verse_perf_test.events_0_9999
[2025-09-19 21:36:11.760] INFO  [MultiTableRepo.events] Ensured table exists: split_verse_perf_test.events_0_9999
[2025-09-19 21:36:11.761] INFO  [MultiTableRepo.events] Ensured table exists: split_verse_perf_test.events_0_9999
[2025-09-19 21:36:11.761] INFO  [MultiTableRepo.events] Ensured table exists: split_verse_perf_test.events_0_9999
[2025-09-19 21:36:11.762] INFO  [MultiTableRepo.events] Ensured table exists: split_verse_perf_test.events_0_9999
[2025-09-19 21:36:11.762] INFO  [MultiTableRepo.events] Ensured table exists: split_verse_perf_test.events_0_9999
[2025-09-19 21:36:11.766] INFO  [MultiTableRepo.events] Ensured table exists: split_verse_perf_test.events_0_9999
[2025-09-19 21:36:11.766] INFO  [MultiTableRepo.events] Ensured table exists: split_verse_perf_test.events_0_9999
[2025-09-19 21:36:11.768] INFO  [MultiTableRepo.events] Ensured table exists: split_verse_perf_test.events_0_9999
[2025-09-19 21:36:11.776] INFO  [MultiTableRepo.events] Ensured table exists: split_verse_perf_test.events_0_9999
[2025-09-19 21:36:11.779] INFO  [MultiTableRepo.events] Ensured table exists: split_verse_perf_test.events_0_9999
[2025-09-19 21:36:11.780] INFO  [MultiTableRepo.events] Ensured table exists: split_verse_perf_test.events_0_9999
[2025-09-19 21:36:11.782] INFO  [MultiTableRepo.events] Ensured table exists: split_verse_perf_test.events_0_9999
[2025-09-19 21:36:11.789] INFO  [MultiTableRepo.events] Ensured table exists: split_verse_perf_test.events_0_9999
[2025-09-19 21:36:11.789] INFO  [MultiTableRepo.events] Ensured table exists: split_verse_perf_test.events_0_9999
[2025-09-19 21:36:11.794] INFO  [MultiTableRepo.events] Ensured table exists: split_verse_perf_test.events_0_9999
[2025-09-19 21:36:11.795] INFO  [MultiTableRepo.events] Ensured table exists: split_verse_perf_test.events_0_9999
[2025-09-19 21:36:11.798] INFO  [MultiTableRepo.events] Ensured table exists: split_verse_perf_test.events_0_9999
[2025-09-19 21:36:11.815] INFO  [MultiTableRepo.events] Ensured table exists: split_verse_perf_test.events_0_9999
[2025-09-19 21:36:11.816] INFO  [MultiTableRepo.events] Ensured table exists: split_verse_perf_test.events_0_9999
[2025-09-19 21:36:11.830] INFO  [MultiTableRepo.events] Ensured table exists: split_verse_perf_test.events_0_9999
[2025-09-19 21:36:11.837] INFO  [MultiTableRepo.events] Ensured table exists: split_verse_perf_test.events_0_9999
[2025-09-19 21:36:11.859] INFO  [MultiTableRepo.events] Ensured table exists: split_verse_perf_test.events_0_9999
[2025-09-19 21:36:11.861] INFO  [MultiTableRepo.events] Ensured table exists: split_verse_perf_test.events_0_9999
[2025-09-19 21:36:11.862] INFO  [MultiTableRepo.events] Ensured table exists: split_verse_perf_test.events_0_9999
[2025-09-19 21:36:11.874] INFO  [MultiTableRepo.events] Ensured table exists: split_verse_perf_test.events_0_9999
[2025-09-19 21:36:11.882] INFO  [MultiTableRepo.events] Ensured table exists: split_verse_perf_test.events_0_9999
[2025-09-19 21:36:11.888] INFO  [MultiTableRepo.events] Ensured table exists: split_verse_perf_test.events_0_9999
[2025-09-19 21:36:11.888] INFO  [MultiTableRepo.events] Ensured table exists: split_verse_perf_test.events_0_9999
[2025-09-19 21:36:11.894] INFO  [MultiTableRepo.events] Ensured table exists: split_verse_perf_test.events_0_9999
[2025-09-19 21:36:11.901] INFO  [MultiTableRepo.events] Ensured table exists: split_verse_perf_test.events_0_9999
[2025-09-19 21:36:11.905] INFO  [MultiTableRepo.events] Ensured table exists: split_verse_perf_test.events_0_9999
[2025-09-19 21:36:11.909] INFO  [MultiTableRepo.events] Ensured table exists: split_verse_perf_test.events_0_9999
[2025-09-19 21:36:11.909] INFO  [MultiTableRepo.events] Ensured table exists: split_verse_perf_test.events_0_9999
[2025-09-19 21:36:11.910] INFO  [MultiTableRepo.events] Ensured table exists: split_verse_perf_test.events_0_9999
[2025-09-19 21:36:11.914] INFO  [MultiTableRepo.events] Ensured table exists: split_verse_perf_test.events_0_9999
[2025-09-19 21:36:11.917] INFO  [MultiTableRepo.events] Ensured table exists: split_verse_perf_test.events_0_9999
[2025-09-19 21:36:11.921] INFO  [MultiTableRepo.events] Ensured table exists: split_verse_perf_test.events_0_9999
[2025-09-19 21:36:11.925] INFO  [MultiTableRepo.events] Ensured table exists: split_verse_perf_test.events_0_9999
[2025-09-19 21:36:11.925] INFO  [MultiTableRepo.events] Ensured table exists: split_verse_perf_test.events_0_9999
[2025-09-19 21:36:11.927] INFO  [MultiTableRepo.events] Ensured table exists: split_verse_perf_test.events_0_9999
[2025-09-19 21:36:11.930] INFO  [MultiTableRepo.events] Ensured table exists: split_verse_perf_test.events_0_9999
[2025-09-19 21:36:11.934] INFO  [MultiTableRepo.events] Ensured table exists: split_verse_perf_test.events_0_9999
[2025-09-19 21:36:11.936] INFO  [MultiTableRepo.events] Ensured table exists: split_verse_perf_test.events_0_9999
[2025-09-19 21:36:11.940] INFO  [MultiTableRepo.events] Ensured table exists: split_verse_perf_test.events_0_9999
[2025-09-19 21:36:11.941] INFO  [MultiTableRepo.events] Ensured table exists: split_verse_perf_test.events_0_9999
[2025-09-19 21:36:11.944] INFO  [MultiTableRepo.events] Ensured table exists: split_verse_perf_test.events_0_9999
[2025-09-19 21:36:11.945] INFO  [MultiTableRepo.events] Ensured table exists: split_verse_perf_test.events_0_9999
[2025-09-19 21:36:11.948] INFO  [MultiTableRepo.events] Ensured table exists: split_verse_perf_test.events_0_9999
[2025-09-19 21:36:11.953] INFO  [MultiTableRepo.events] Ensured table exists: split_verse_perf_test.events_0_9999
[2025-09-19 21:36:11.952] INFO  [MultiTableRepo.events] Ensured table exists: split_verse_perf_test.events_0_9999
[2025-09-19 21:36:11.959] INFO  [MultiTableRepo.events] Ensured table exists: split_verse_perf_test.events_0_9999
[2025-09-19 21:36:11.963] INFO  [MultiTableRepo.events] Ensured table exists: split_verse_perf_test.events_0_9999
[2025-09-19 21:36:11.964] INFO  [MultiTableRepo.events] Ensured table exists: split_verse_perf_test.events_0_9999
[2025-09-19 21:36:11.966] INFO  [MultiTableRepo.events] Ensured table exists: split_verse_perf_test.events_0_9999
[2025-09-19 21:36:11.968] INFO  [MultiTableRepo.events] Ensured table exists: split_verse_perf_test.events_0_9999
[2025-09-19 21:36:11.968] INFO  [MultiTableRepo.events] Ensured table exists: split_verse_perf_test.events_0_9999
[2025-09-19 21:36:11.975] INFO  [MultiTableRepo.events] Ensured table exists: split_verse_perf_test.events_0_9999
[2025-09-19 21:36:11.982] INFO  [MultiTableRepo.events] Ensured table exists: split_verse_perf_test.events_0_9999
[2025-09-19 21:36:11.984] INFO  [MultiTableRepo.events] Ensured table exists: split_verse_perf_test.events_0_9999
[2025-09-19 21:36:11.984] INFO  [MultiTableRepo.events] Ensured table exists: split_verse_perf_test.events_0_9999
[2025-09-19 21:36:11.984] INFO  [MultiTableRepo.events] Ensured table exists: split_verse_perf_test.events_0_9999
[2025-09-19 21:36:11.987] INFO  [MultiTableRepo.events] Ensured table exists: split_verse_perf_test.events_0_9999
[2025-09-19 21:36:11.992] INFO  [MultiTableRepo.events] Ensured table exists: split_verse_perf_test.events_0_9999
[2025-09-19 21:36:12.000] INFO  [MultiTableRepo.events] Ensured table exists: split_verse_perf_test.events_0_9999
[2025-09-19 21:36:12.005] INFO  [MultiTableRepo.events] Ensured table exists: split_verse_perf_test.events_0_9999
[2025-09-19 21:36:12.017] INFO  [MultiTableRepo.events] Ensured table exists: split_verse_perf_test.events_0_9999
[2025-09-19 21:36:12.032] INFO  [MultiTableRepo.events] Ensured table exists: split_verse_perf_test.events_0_9999
[2025-09-19 21:36:12.033] INFO  [MultiTableRepo.events] Ensured table exists: split_verse_perf_test.events_0_9999
[2025-09-19 21:36:12.052] INFO  [MultiTableRepo.events] Ensured table exists: split_verse_perf_test.events_0_9999
[2025-09-19 21:36:12.121] INFO  [MultiTableRepo.events] Ensured table exists: split_verse_perf_test.events_0_9999
[2025-09-19 21:36:12.141] INFO  [MultiTableRepo.events] Ensured table exists: split_verse_perf_test.events_0_9999
[2025-09-19 21:36:12.148] INFO  [MultiTableRepo.events] Ensured table exists: split_verse_perf_test.events_0_9999
[2025-09-19 21:36:12.154] INFO  [MultiTableRepo.events] Ensured table exists: split_verse_perf_test.events_0_9999
[2025-09-19 21:36:12.161] INFO  [MultiTableRepo.events] Ensured table exists: split_verse_perf_test.events_0_9999
[2025-09-19 21:36:12.161] INFO  [MultiTableRepo.events] Ensured table exists: split_verse_perf_test.events_0_9999
[2025-09-19 21:36:12.168] INFO  [MultiTableRepo.events] Ensured table exists: split_verse_perf_test.events_0_9999
[2025-09-19 21:36:12.174] INFO  [MultiTableRepo.events] Ensured table exists: split_verse_perf_test.events_0_9999
[2025-09-19 21:36:12.176] INFO  [MultiTableRepo.events] Ensured table exists: split_verse_perf_test.events_0_9999
[2025-09-19 21:36:12.177] INFO  [MultiTableRepo.events] Ensured table exists: split_verse_perf_test.events_0_9999
[2025-09-19 21:36:12.180] INFO  [MultiTableRepo.events] Ensured table exists: split_verse_perf_test.events_0_9999
[2025-09-19 21:36:12.183] INFO  [MultiTableRepo.events] Ensured table exists: split_verse_perf_test.events_0_9999
[2025-09-19 21:36:12.186] INFO  [MultiTableRepo.events] Ensured table exists: split_verse_perf_test.events_0_9999
[2025-09-19 21:36:12.191] INFO  [MultiTableRepo.events] Ensured table exists: split_verse_perf_test.events_0_9999
[2025-09-19 21:36:12.196] INFO  [MultiTableRepo.events] Ensured table exists: split_verse_perf_test.events_0_9999
[2025-09-19 21:36:12.196] INFO  [MultiTableRepo.events] Ensured table exists: split_verse_perf_test.events_0_9999
[2025-09-19 21:36:12.198] INFO  [MultiTableRepo.events] Ensured table exists: split_verse_perf_test.events_0_9999
[2025-09-19 21:36:12.199] INFO  [MultiTableRepo.events] Ensured table exists: split_verse_perf_test.events_0_9999
[2025-09-19 21:36:12.200] INFO  [MultiTableRepo.events] Ensured table exists: split_verse_perf_test.events_0_9999
[2025-09-19 21:36:12.209] INFO  [MultiTableRepo.events] Ensured table exists: split_verse_perf_test.events_0_9999
[2025-09-19 21:36:12.214] INFO  [MultiTableRepo.events] Ensured table exists: split_verse_perf_test.events_0_9999
[2025-09-19 21:36:12.214] INFO  [MultiTableRepo.events] Ensured table exists: split_verse_perf_test.events_0_9999
[2025-09-19 21:36:12.215] INFO  [MultiTableRepo.events] Ensured table exists: split_verse_perf_test.events_0_9999
[2025-09-19 21:36:12.215] INFO  [MultiTableRepo.events] Ensured table exists: split_verse_perf_test.events_0_9999
[2025-09-19 21:36:12.216] INFO  [MultiTableRepo.events] Ensured table exists: split_verse_perf_test.events_0_9999
[2025-09-19 21:36:12.218] INFO  [MultiTableRepo.events] Ensured table exists: split_verse_perf_test.events_0_9999
[2025-09-19 21:36:12.229] INFO  [MultiTableRepo.events] Ensured table exists: split_verse_perf_test.events_0_9999
[2025-09-19 21:36:12.229] INFO  [MultiTableRepo.events] Ensured table exists: split_verse_perf_test.events_0_9999
[2025-09-19 21:36:12.229] INFO  [MultiTableRepo.events] Ensured table exists: split_verse_perf_test.events_0_9999
[2025-09-19 21:36:12.231] INFO  [MultiTableRepo.events] Ensured table exists: split_verse_perf_test.events_0_9999
[2025-09-19 21:36:12.232] INFO  [MultiTableRepo.events] Ensured table exists: split_verse_perf_test.events_0_9999
[2025-09-19 21:36:12.234] INFO  [MultiTableRepo.events] Ensured table exists: split_verse_perf_test.events_0_9999
[2025-09-19 21:36:12.238] INFO  [MultiTableRepo.events] Ensured table exists: split_verse_perf_test.events_0_9999
[2025-09-19 21:36:12.247] INFO  [MultiTableRepo.events] Ensured table exists: split_verse_perf_test.events_0_9999
[2025-09-19 21:36:12.250] INFO  [MultiTableRepo.events] Ensured table exists: split_verse_perf_test.events_0_9999
[2025-09-19 21:36:12.252] INFO  [MultiTableRepo.events] Ensured table exists: split_verse_perf_test.events_0_9999
[2025-09-19 21:36:12.252] INFO  [MultiTableRepo.events] Ensured table exists: split_verse_perf_test.events_0_9999
[2025-09-19 21:36:12.252] INFO  [MultiTableRepo.events] Ensured table exists: split_verse_perf_test.events_0_9999
[2025-09-19 21:36:12.254] INFO  [MultiTableRepo.events] Ensured table exists: split_verse_perf_test.events_0_9999
[2025-09-19 21:36:12.256] INFO  [MultiTableRepo.events] Ensured table exists: split_verse_perf_test.events_0_9999
[2025-09-19 21:36:12.259] INFO  [MultiTableRepo.events] Ensured table exists: split_verse_perf_test.events_0_9999
[2025-09-19 21:36:12.267] INFO  [MultiTableRepo.events] Ensured table exists: split_verse_perf_test.events_0_9999
[2025-09-19 21:36:12.270] INFO  [MultiTableRepo.events] Ensured table exists: split_verse_perf_test.events_0_9999
[2025-09-19 21:36:12.274] INFO  [MultiTableRepo.events] Ensured table exists: split_verse_perf_test.events_0_9999
[2025-09-19 21:36:12.277] INFO  [MultiTableRepo.events] Ensured table exists: split_verse_perf_test.events_0_9999
[2025-09-19 21:36:12.285] INFO  [MultiTableRepo.events] Ensured table exists: split_verse_perf_test.events_0_9999
[2025-09-19 21:36:12.290] INFO  [MultiTableRepo.events] Ensured table exists: split_verse_perf_test.events_0_9999
[2025-09-19 21:36:12.291] INFO  [MultiTableRepo.events] Ensured table exists: split_verse_perf_test.events_0_9999
[2025-09-19 21:36:12.294] INFO  [MultiTableRepo.events] Ensured table exists: split_verse_perf_test.events_0_9999
[2025-09-19 21:36:12.301] INFO  [MultiTableRepo.events] Ensured table exists: split_verse_perf_test.events_0_9999
[2025-09-19 21:36:12.307] INFO  [MultiTableRepo.events] Ensured table exists: split_verse_perf_test.events_0_9999
[2025-09-19 21:36:12.313] INFO  [MultiTableRepo.events] Ensured table exists: split_verse_perf_test.events_0_9999
[2025-09-19 21:36:12.321] INFO  [MultiTableRepo.events] Ensured table exists: split_verse_perf_test.events_0_9999
[2025-09-19 21:36:12.325] INFO  [MultiTableRepo.events] Ensured table exists: split_verse_perf_test.events_0_9999
[2025-09-19 21:36:12.335] INFO  [MultiTableRepo.events] Ensured table exists: split_verse_perf_test.events_0_9999
[2025-09-19 21:36:12.337] INFO  [MultiTableRepo.events] Ensured table exists: split_verse_perf_test.events_0_9999
[2025-09-19 21:36:12.358] INFO  [MultiTableRepo.events] Ensured table exists: split_verse_perf_test.events_0_9999
[2025-09-19 21:36:12.358] INFO  [MultiTableRepo.events] Ensured table exists: split_verse_perf_test.events_0_9999
[2025-09-19 21:36:12.359] INFO  [MultiTableRepo.events] Ensured table exists: split_verse_perf_test.events_0_9999
[2025-09-19 21:36:12.360] INFO  [MultiTableRepo.events] Ensured table exists: split_verse_perf_test.events_0_9999
[2025-09-19 21:36:12.365] INFO  [MultiTableRepo.events] Ensured table exists: split_verse_perf_test.events_0_9999
[2025-09-19 21:36:12.371] INFO  [MultiTableRepo.events] Ensured table exists: split_verse_perf_test.events_0_9999
[2025-09-19 21:36:12.383] INFO  [MultiTableRepo.events] Ensured table exists: split_verse_perf_test.events_0_9999
[2025-09-19 21:36:12.385] INFO  [MultiTableRepo.events] Ensured table exists: split_verse_perf_test.events_0_9999
[2025-09-19 21:36:12.386] INFO  [MultiTableRepo.events] Ensured table exists: split_verse_perf_test.events_0_9999
[2025-09-19 21:36:12.389] INFO  [MultiTableRepo.events] Ensured table exists: split_verse_perf_test.events_0_9999
[2025-09-19 21:36:12.390] INFO  [MultiTableRepo.events] Ensured table exists: split_verse_perf_test.events_0_9999
[2025-09-19 21:36:12.394] INFO  [MultiTableRepo.events] Ensured table exists: split_verse_perf_test.events_0_9999
[2025-09-19 21:36:12.400] INFO  [MultiTableRepo.events] Ensured table exists: split_verse_perf_test.events_0_9999
[2025-09-19 21:36:12.408] INFO  [MultiTableRepo.events] Ensured table exists: split_verse_perf_test.events_0_9999
[2025-09-19 21:36:12.414] INFO  [MultiTableRepo.events] Ensured table exists: split_verse_perf_test.events_0_9999
[2025-09-19 21:36:12.415] INFO  [MultiTableRepo.events] Ensured table exists: split_verse_perf_test.events_0_9999
[2025-09-19 21:36:12.416] INFO  [MultiTableRepo.events] Ensured table exists: split_verse_perf_test.events_0_9999
[2025-09-19 21:36:12.417] INFO  [MultiTableRepo.events] Ensured table exists: split_verse_perf_test.events_0_9999
[2025-09-19 21:36:12.419] INFO  [MultiTableRepo.events] Ensured table exists: split_verse_perf_test.events_0_9999
[2025-09-19 21:36:12.425] INFO  [MultiTableRepo.events] Ensured table exists: split_verse_perf_test.events_0_9999
[2025-09-19 21:36:12.430] INFO  [MultiTableRepo.events] Ensured table exists: split_verse_perf_test.events_0_9999
[2025-09-19 21:36:12.432] INFO  [MultiTableRepo.events] Ensured table exists: split_verse_perf_test.events_0_9999
[2025-09-19 21:36:12.433] INFO  [MultiTableRepo.events] Ensured table exists: split_verse_perf_test.events_0_9999
[2025-09-19 21:36:12.437] INFO  [MultiTableRepo.events] Ensured table exists: split_verse_perf_test.events_0_9999
[2025-09-19 21:36:12.438] INFO  [MultiTableRepo.events] Ensured table exists: split_verse_perf_test.events_0_9999
[2025-09-19 21:36:12.443] INFO  [MultiTableRepo.events] Ensured table exists: split_verse_perf_test.events_0_9999
[2025-09-19 21:36:12.447] INFO  [MultiTableRepo.events] Ensured table exists: split_verse_perf_test.events_0_9999
[2025-09-19 21:36:12.448] INFO  [MultiTableRepo.events] Ensured table exists: split_verse_perf_test.events_0_9999
[2025-09-19 21:36:12.448] INFO  [MultiTableRepo.events] Ensured table exists: split_verse_perf_test.events_0_9999
[2025-09-19 21:36:12.450] INFO  [MultiTableRepo.events] Ensured table exists: split_verse_perf_test.events_0_9999
[2025-09-19 21:36:12.450] INFO  [MultiTableRepo.events] Ensured table exists: split_verse_perf_test.events_0_9999
[2025-09-19 21:36:12.456] INFO  [MultiTableRepo.events] Ensured table exists: split_verse_perf_test.events_0_9999
[2025-09-19 21:36:12.462] INFO  [MultiTableRepo.events] Ensured table exists: split_verse_perf_test.events_0_9999
[2025-09-19 21:36:12.467] INFO  [MultiTableRepo.events] Ensured table exists: split_verse_perf_test.events_0_9999
[2025-09-19 21:36:12.470] INFO  [MultiTableRepo.events] Ensured table exists: split_verse_perf_test.events_0_9999
[2025-09-19 21:36:12.471] INFO  [MultiTableRepo.events] Ensured table exists: split_verse_perf_test.events_0_9999
[2025-09-19 21:36:12.472] INFO  [MultiTableRepo.events] Ensured table exists: split_verse_perf_test.events_0_9999
[2025-09-19 21:36:12.479] INFO  [MultiTableRepo.events] Ensured table exists: split_verse_perf_test.events_0_9999
[2025-09-19 21:36:12.484] INFO  [MultiTableRepo.events] Ensured table exists: split_verse_perf_test.events_0_9999
[2025-09-19 21:36:12.490] INFO  [MultiTableRepo.events] Ensured table exists: split_verse_perf_test.events_0_9999
[2025-09-19 21:36:12.492] INFO  [MultiTableRepo.events] Ensured table exists: split_verse_perf_test.events_0_9999
[2025-09-19 21:36:12.504] INFO  [MultiTableRepo.events] Ensured table exists: split_verse_perf_test.events_0_9999
[2025-09-19 21:36:12.514] INFO  [MultiTableRepo.events] Ensured table exists: split_verse_perf_test.events_0_9999
[2025-09-19 21:36:12.518] INFO  [MultiTableRepo.events] Ensured table exists: split_verse_perf_test.events_0_9999
[2025-09-19 21:36:12.564] INFO  [MultiTableRepo.events] Ensured table exists: split_verse_perf_test.events_0_9999
[2025-09-19 21:36:12.577] INFO  [MultiTableRepo.events] Ensured table exists: split_verse_perf_test.events_0_9999
[2025-09-19 21:36:12.594] INFO  [MultiTableRepo.events] Ensured table exists: split_verse_perf_test.events_0_9999
[2025-09-19 21:36:12.630] INFO  [MultiTableRepo.events] Ensured table exists: split_verse_perf_test.events_0_9999
[2025-09-19 21:36:12.652] INFO  [MultiTableRepo.events] Ensured table exists: split_verse_perf_test.events_0_9999
[2025-09-19 21:36:12.660] INFO  [MultiTableRepo.events] Ensured table exists: split_verse_perf_test.events_0_9999
[2025-09-19 21:36:12.666] INFO  [MultiTableRepo.events] Ensured table exists: split_verse_perf_test.events_0_9999
[2025-09-19 21:36:12.674] INFO  [MultiTableRepo.events] Ensured table exists: split_verse_perf_test.events_0_9999
[2025-09-19 21:36:12.676] INFO  [MultiTableRepo.events] Ensured table exists: split_verse_perf_test.events_0_9999
[2025-09-19 21:36:12.679] INFO  [MultiTableRepo.events] Ensured table exists: split_verse_perf_test.events_0_9999
[2025-09-19 21:36:12.684] INFO  [MultiTableRepo.events] Ensured table exists: split_verse_perf_test.events_0_9999
[2025-09-19 21:36:12.692] INFO  [MultiTableRepo.events] Ensured table exists: split_verse_perf_test.events_0_9999
[2025-09-19 21:36:12.694] INFO  [MultiTableRepo.events] Ensured table exists: split_verse_perf_test.events_0_9999
[2025-09-19 21:36:12.696] INFO  [MultiTableRepo.events] Ensured table exists: split_verse_perf_test.events_0_9999
[2025-09-19 21:36:12.699] INFO  [MultiTableRepo.events] Ensured table exists: split_verse_perf_test.events_0_9999
[2025-09-19 21:36:12.704] INFO  [MultiTableRepo.events] Ensured table exists: split_verse_perf_test.events_0_9999
[2025-09-19 21:36:12.709] INFO  [MultiTableRepo.events] Ensured table exists: split_verse_perf_test.events_0_9999
[2025-09-19 21:36:12.711] INFO  [MultiTableRepo.events] Ensured table exists: split_verse_perf_test.events_0_9999
[2025-09-19 21:36:12.712] INFO  [MultiTableRepo.events] Ensured table exists: split_verse_perf_test.events_0_9999
[2025-09-19 21:36:12.714] INFO  [MultiTableRepo.events] Ensured table exists: split_verse_perf_test.events_0_9999
[2025-09-19 21:36:12.714] INFO  [MultiTableRepo.events] Ensured table exists: split_verse_perf_test.events_0_9999
[2025-09-19 21:36:12.714] INFO  [MultiTableRepo.events] Ensured table exists: split_verse_perf_test.events_0_9999
[2025-09-19 21:36:12.716] INFO  [MultiTableRepo.events] Ensured table exists: split_verse_perf_test.events_0_9999
[2025-09-19 21:36:12.720] INFO  [MultiTableRepo.events] Ensured table exists: split_verse_perf_test.events_0_9999
[2025-09-19 21:36:12.725] INFO  [MultiTableRepo.events] Ensured table exists: split_verse_perf_test.events_0_9999
[2025-09-19 21:36:12.724] INFO  [MultiTableRepo.events] Ensured table exists: split_verse_perf_test.events_0_9999
[2025-09-19 21:36:12.730] INFO  [MultiTableRepo.events] Ensured table exists: split_verse_perf_test.events_0_9999
[2025-09-19 21:36:12.730] INFO  [MultiTableRepo.events] Ensured table exists: split_verse_perf_test.events_0_9999
[2025-09-19 21:36:12.729] INFO  [MultiTableRepo.events] Ensured table exists: split_verse_perf_test.events_0_9999
[2025-09-19 21:36:12.732] INFO  [MultiTableRepo.events] Ensured table exists: split_verse_perf_test.events_0_9999
[2025-09-19 21:36:12.732] INFO  [MultiTableRepo.events] Ensured table exists: split_verse_perf_test.events_0_9999
[2025-09-19 21:36:12.734] INFO  [MultiTableRepo.events] Ensured table exists: split_verse_perf_test.events_0_9999
[2025-09-19 21:36:12.735] INFO  [MultiTableRepo.events] Ensured table exists: split_verse_perf_test.events_0_9999
[2025-09-19 21:36:12.739] INFO  [MultiTableRepo.events] Ensured table exists: split_verse_perf_test.events_0_9999
[2025-09-19 21:36:12.747] INFO  [MultiTableRepo.events] Ensured table exists: split_verse_perf_test.events_0_9999
[2025-09-19 21:36:12.747] INFO  [MultiTableRepo.events] Ensured table exists: split_verse_perf_test.events_0_9999
[2025-09-19 21:36:12.748] INFO  [MultiTableRepo.events] Ensured table exists: split_verse_perf_test.events_0_9999
[2025-09-19 21:36:12.750] INFO  [MultiTableRepo.events] Ensured table exists: split_verse_perf_test.events_0_9999
[2025-09-19 21:36:12.751] INFO  [MultiTableRepo.events] Ensured table exists: split_verse_perf_test.events_0_9999
[2025-09-19 21:36:12.752] INFO  [MultiTableRepo.events] Ensured table exists: split_verse_perf_test.events_0_9999
[2025-09-19 21:36:12.753] INFO  [MultiTableRepo.events] Ensured table exists: split_verse_perf_test.events_0_9999
[2025-09-19 21:36:12.756] INFO  [MultiTableRepo.events] Ensured table exists: split_verse_perf_test.events_0_9999
[2025-09-19 21:36:12.763] INFO  [MultiTableRepo.events] Ensured table exists: split_verse_perf_test.events_0_9999
[2025-09-19 21:36:12.765] INFO  [MultiTableRepo.events] Ensured table exists: split_verse_perf_test.events_0_9999
[2025-09-19 21:36:12.766] INFO  [MultiTableRepo.events] Ensured table exists: split_verse_perf_test.events_0_9999
[2025-09-19 21:36:12.768] INFO  [MultiTableRepo.events] Ensured table exists: split_verse_perf_test.events_0_9999
[2025-09-19 21:36:12.772] INFO  [MultiTableRepo.events] Ensured table exists: split_verse_perf_test.events_0_9999
[2025-09-19 21:36:12.772] INFO  [MultiTableRepo.events] Ensured table exists: split_verse_perf_test.events_0_9999
[2025-09-19 21:36:12.785] INFO  [MultiTableRepo.events] Ensured table exists: split_verse_perf_test.events_0_9999
[2025-09-19 21:36:12.787] INFO  [MultiTableRepo.events] Ensured table exists: split_verse_perf_test.events_0_9999
[2025-09-19 21:36:12.792] INFO  [MultiTableRepo.events] Ensured table exists: split_verse_perf_test.events_0_9999
[2025-09-19 21:36:12.793] INFO  [MultiTableRepo.events] Ensured table exists: split_verse_perf_test.events_0_9999
[2025-09-19 21:36:12.800] INFO  [MultiTableRepo.events] Ensured table exists: split_verse_perf_test.events_0_9999
[2025-09-19 21:36:12.801] INFO  [MultiTableRepo.events] Ensured table exists: split_verse_perf_test.events_0_9999
[2025-09-19 21:36:12.804] INFO  [MultiTableRepo.events] Ensured table exists: split_verse_perf_test.events_0_9999
[2025-09-19 21:36:12.821] INFO  [MultiTableRepo.events] Ensured table exists: split_verse_perf_test.events_0_9999
[2025-09-19 21:36:12.828] INFO  [MultiTableRepo.events] Ensured table exists: split_verse_perf_test.events_0_9999
[2025-09-19 21:36:12.841] INFO  [MultiTableRepo.events] Ensured table exists: split_verse_perf_test.events_0_9999
[2025-09-19 21:36:12.842] INFO  [MultiTableRepo.events] Ensured table exists: split_verse_perf_test.events_0_9999
[2025-09-19 21:36:12.849] INFO  [MultiTableRepo.events] Ensured table exists: split_verse_perf_test.events_0_9999
[2025-09-19 21:36:12.858] INFO  [MultiTableRepo.events] Ensured table exists: split_verse_perf_test.events_0_9999
[2025-09-19 21:36:12.861] INFO  [MultiTableRepo.events] Ensured table exists: split_verse_perf_test.events_0_9999
[2025-09-19 21:36:12.863] INFO  [MultiTableRepo.events] Ensured table exists: split_verse_perf_test.events_0_9999
[2025-09-19 21:36:12.864] INFO  [MultiTableRepo.events] Ensured table exists: split_verse_perf_test.events_0_9999
[2025-09-19 21:36:12.865] INFO  [MultiTableRepo.events] Ensured table exists: split_verse_perf_test.events_0_9999
[2025-09-19 21:36:12.876] INFO  [MultiTableRepo.events] Ensured table exists: split_verse_perf_test.events_0_9999
[2025-09-19 21:36:12.879] INFO  [MultiTableRepo.events] Ensured table exists: split_verse_perf_test.events_0_9999
[2025-09-19 21:36:12.882] INFO  [MultiTableRepo.events] Ensured table exists: split_verse_perf_test.events_0_9999
[2025-09-19 21:36:12.882] INFO  [MultiTableRepo.events] Ensured table exists: split_verse_perf_test.events_0_9999
[2025-09-19 21:36:12.883] INFO  [MultiTableRepo.events] Ensured table exists: split_verse_perf_test.events_0_9999
[2025-09-19 21:36:12.885] INFO  [MultiTableRepo.events] Ensured table exists: split_verse_perf_test.events_0_9999
[2025-09-19 21:36:12.890] INFO  [MultiTableRepo.events] Ensured table exists: split_verse_perf_test.events_0_9999
[2025-09-19 21:36:12.896] INFO  [MultiTableRepo.events] Ensured table exists: split_verse_perf_test.events_0_9999
[2025-09-19 21:36:12.897] INFO  [MultiTableRepo.events] Ensured table exists: split_verse_perf_test.events_0_9999
[2025-09-19 21:36:12.902] INFO  [MultiTableRepo.events] Ensured table exists: split_verse_perf_test.events_0_9999
[2025-09-19 21:36:12.903] INFO  [MultiTableRepo.events] Ensured table exists: split_verse_perf_test.events_0_9999
[2025-09-19 21:36:12.904] INFO  [MultiTableRepo.events] Ensured table exists: split_verse_perf_test.events_0_9999
[2025-09-19 21:36:12.904] INFO  [MultiTableRepo.events] Ensured table exists: split_verse_perf_test.events_0_9999
[2025-09-19 21:36:12.904] INFO  [MultiTableRepo.events] Ensured table exists: split_verse_perf_test.events_0_9999
[2025-09-19 21:36:12.904] INFO  [MultiTableRepo.events] Ensured table exists: split_verse_perf_test.events_0_9999
[2025-09-19 21:36:12.904] INFO  [MultiTableRepo.events] Ensured table exists: split_verse_perf_test.events_0_9999
[2025-09-19 21:36:12.908] INFO  [MultiTableRepo.events] Ensured table exists: split_verse_perf_test.events_0_9999
[2025-09-19 21:36:12.913] INFO  [MultiTableRepo.events] Ensured table exists: split_verse_perf_test.events_0_9999
[2025-09-19 21:36:12.922] INFO  [MultiTableRepo.events] Ensured table exists: split_verse_perf_test.events_0_9999
[2025-09-19 21:36:12.924] INFO  [MultiTableRepo.events] Ensured table exists: split_verse_perf_test.events_0_9999
[2025-09-19 21:36:12.925] INFO  [MultiTableRepo.events] Ensured table exists: split_verse_perf_test.events_0_9999
[2025-09-19 21:36:12.926] INFO  [MultiTableRepo.events] Ensured table exists: split_verse_perf_test.events_0_9999
[2025-09-19 21:36:12.926] INFO  [MultiTableRepo.events] Ensured table exists: split_verse_perf_test.events_0_9999
[2025-09-19 21:36:12.927] INFO  [MultiTableRepo.events] Ensured table exists: split_verse_perf_test.events_0_9999
[2025-09-19 21:36:12.935] INFO  [MultiTableRepo.events] Ensured table exists: split_verse_perf_test.events_0_9999
[2025-09-19 21:36:12.946] INFO  [MultiTableRepo.events] Ensured table exists: split_verse_perf_test.events_0_9999
[2025-09-19 21:36:12.947] INFO  [MultiTableRepo.events] Ensured table exists: split_verse_perf_test.events_0_9999
[2025-09-19 21:36:12.951] INFO  [MultiTableRepo.events] Ensured table exists: split_verse_perf_test.events_0_9999
[2025-09-19 21:36:12.953] INFO  [MultiTableRepo.events] Ensured table exists: split_verse_perf_test.events_0_9999
[2025-09-19 21:36:12.953] INFO  [MultiTableRepo.events] Ensured table exists: split_verse_perf_test.events_0_9999
[2025-09-19 21:36:12.963] INFO  [MultiTableRepo.events] Ensured table exists: split_verse_perf_test.events_0_9999
[2025-09-19 21:36:12.966] INFO  [MultiTableRepo.events] Ensured table exists: split_verse_perf_test.events_0_9999
[2025-09-19 21:36:12.968] INFO  [MultiTableRepo.events] Ensured table exists: split_verse_perf_test.events_0_9999
[2025-09-19 21:36:12.970] INFO  [MultiTableRepo.events] Ensured table exists: split_verse_perf_test.events_0_9999
[2025-09-19 21:36:12.974] INFO  [MultiTableRepo.events] Ensured table exists: split_verse_perf_test.events_0_9999
[2025-09-19 21:36:12.986] INFO  [MultiTableRepo.events] Ensured table exists: split_verse_perf_test.events_0_9999
[2025-09-19 21:36:12.991] INFO  [MultiTableRepo.events] Ensured table exists: split_verse_perf_test.events_0_9999
[2025-09-19 21:36:13.007] INFO  [MultiTableRepo.events] Ensured table exists: split_verse_perf_test.events_0_9999
[2025-09-19 21:36:13.022] INFO  [MultiTableRepo.events] Ensured table exists: split_verse_perf_test.events_0_9999
[2025-09-19 21:36:13.040] INFO  [MultiTableRepo.events] Ensured table exists: split_verse_perf_test.events_0_9999
[2025-09-19 21:36:13.080] INFO  [MultiTableRepo.events] Ensured table exists: split_verse_perf_test.events_0_9999
[2025-09-19 21:36:13.095] INFO  [MultiTableRepo.events] Ensured table exists: split_verse_perf_test.events_0_9999
[2025-09-19 21:36:13.099] INFO  [MultiTableRepo.events] Ensured table exists: split_verse_perf_test.events_0_9999
[2025-09-19 21:36:13.110] INFO  [MultiTableRepo.events] Ensured table exists: split_verse_perf_test.events_0_9999
[2025-09-19 21:36:13.114] INFO  [MultiTableRepo.events] Ensured table exists: split_verse_perf_test.events_0_9999
[2025-09-19 21:36:13.117] INFO  [MultiTableRepo.events] Ensured table exists: split_verse_perf_test.events_0_9999
[2025-09-19 21:36:13.129] INFO  [MultiTableRepo.events] Ensured table exists: split_verse_perf_test.events_0_9999
[2025-09-19 21:36:13.130] INFO  [MultiTableRepo.events] Ensured table exists: split_verse_perf_test.events_0_9999
[2025-09-19 21:36:13.131] INFO  [MultiTableRepo.events] Ensured table exists: split_verse_perf_test.events_0_9999
[2025-09-19 21:36:13.131] INFO  [MultiTableRepo.events] Ensured table exists: split_verse_perf_test.events_0_9999
[2025-09-19 21:36:13.133] INFO  [MultiTableRepo.events] Ensured table exists: split_verse_perf_test.events_0_9999
[2025-09-19 21:36:13.136] INFO  [MultiTableRepo.events] Ensured table exists: split_verse_perf_test.events_0_9999
[2025-09-19 21:36:13.141] INFO  [MultiTableRepo.events] Ensured table exists: split_verse_perf_test.events_0_9999
[2025-09-19 21:36:13.147] INFO  [MultiTableRepo.events] Ensured table exists: split_verse_perf_test.events_0_9999
[2025-09-19 21:36:13.147] INFO  [MultiTableRepo.events] Ensured table exists: split_verse_perf_test.events_0_9999
[2025-09-19 21:36:13.151] INFO  [MultiTableRepo.events] Ensured table exists: split_verse_perf_test.events_0_9999
[2025-09-19 21:36:13.154] INFO  [MultiTableRepo.events] Ensured table exists: split_verse_perf_test.events_0_9999
[2025-09-19 21:36:13.155] INFO  [MultiTableRepo.events] Ensured table exists: split_verse_perf_test.events_0_9999
[2025-09-19 21:36:13.155] INFO  [MultiTableRepo.events] Ensured table exists: split_verse_perf_test.events_0_9999
[2025-09-19 21:36:13.157] INFO  [MultiTableRepo.events] Ensured table exists: split_verse_perf_test.events_0_9999
[2025-09-19 21:36:13.158] INFO  [MultiTableRepo.events] Ensured table exists: split_verse_perf_test.events_0_9999
[2025-09-19 21:36:13.169] INFO  [MultiTableRepo.events] Ensured table exists: split_verse_perf_test.events_0_9999
[2025-09-19 21:36:13.170] INFO  [MultiTableRepo.events] Ensured table exists: split_verse_perf_test.events_0_9999
[2025-09-19 21:36:13.170] INFO  [MultiTableRepo.events] Ensured table exists: split_verse_perf_test.events_0_9999
[2025-09-19 21:36:13.170] INFO  [MultiTableRepo.events] Ensured table exists: split_verse_perf_test.events_0_9999
[2025-09-19 21:36:13.172] INFO  [MultiTableRepo.events] Ensured table exists: split_verse_perf_test.events_0_9999
[2025-09-19 21:36:13.173] INFO  [MultiTableRepo.events] Ensured table exists: split_verse_perf_test.events_0_9999
[2025-09-19 21:36:13.174] INFO  [MultiTableRepo.events] Ensured table exists: split_verse_perf_test.events_0_9999
[2025-09-19 21:36:13.175] INFO  [MultiTableRepo.events] Ensured table exists: split_verse_perf_test.events_0_9999
[2025-09-19 21:36:13.183] INFO  [MultiTableRepo.events] Ensured table exists: split_verse_perf_test.events_0_9999
[2025-09-19 21:36:13.185] INFO  [MultiTableRepo.events] Ensured table exists: split_verse_perf_test.events_0_9999
[2025-09-19 21:36:13.186] INFO  [MultiTableRepo.events] Ensured table exists: split_verse_perf_test.events_0_9999
[2025-09-19 21:36:13.188] INFO  [MultiTableRepo.events] Ensured table exists: split_verse_perf_test.events_0_9999
[2025-09-19 21:36:13.189] INFO  [MultiTableRepo.events] Ensured table exists: split_verse_perf_test.events_0_9999
[2025-09-19 21:36:13.191] INFO  [MultiTableRepo.events] Ensured table exists: split_verse_perf_test.events_0_9999
[2025-09-19 21:36:13.193] INFO  [MultiTableRepo.events] Ensured table exists: split_verse_perf_test.events_0_9999
[2025-09-19 21:36:13.193] INFO  [MultiTableRepo.events] Ensured table exists: split_verse_perf_test.events_0_9999
[2025-09-19 21:36:13.199] INFO  [MultiTableRepo.events] Ensured table exists: split_verse_perf_test.events_0_9999
[2025-09-19 21:36:13.204] INFO  [MultiTableRepo.events] Ensured table exists: split_verse_perf_test.events_0_9999
[2025-09-19 21:36:13.205] INFO  [MultiTableRepo.events] Ensured table exists: split_verse_perf_test.events_0_9999
[2025-09-19 21:36:13.206] INFO  [MultiTableRepo.events] Ensured table exists: split_verse_perf_test.events_0_9999
[2025-09-19 21:36:13.207] INFO  [MultiTableRepo.events] Ensured table exists: split_verse_perf_test.events_0_9999
[2025-09-19 21:36:13.209] INFO  [MultiTableRepo.events] Ensured table exists: split_verse_perf_test.events_0_9999
[2025-09-19 21:36:13.210] INFO  [MultiTableRepo.events] Ensured table exists: split_verse_perf_test.events_0_9999
[2025-09-19 21:36:13.220] INFO  [MultiTableRepo.events] Ensured table exists: split_verse_perf_test.events_0_9999
[2025-09-19 21:36:13.224] INFO  [MultiTableRepo.events] Ensured table exists: split_verse_perf_test.events_0_9999
[2025-09-19 21:36:13.226] INFO  [MultiTableRepo.events] Ensured table exists: split_verse_perf_test.events_0_9999
[2025-09-19 21:36:13.229] INFO  [MultiTableRepo.events] Ensured table exists: split_verse_perf_test.events_0_9999
[2025-09-19 21:36:13.232] INFO  [MultiTableRepo.events] Ensured table exists: split_verse_perf_test.events_0_9999
[2025-09-19 21:36:13.262] INFO  [MultiTableRepo.events] Ensured table exists: split_verse_perf_test.events_0_9999
[2025-09-19 21:36:13.268] INFO  [MultiTableRepo.events] Ensured table exists: split_verse_perf_test.events_0_9999
[2025-09-19 21:36:13.274] INFO  [MultiTableRepo.events] Ensured table exists: split_verse_perf_test.events_0_9999
[2025-09-19 21:36:13.280] INFO  [MultiTableRepo.events] Ensured table exists: split_verse_perf_test.events_0_9999
[2025-09-19 21:36:13.312] INFO  [MultiTableRepo.events] Ensured table exists: split_verse_perf_test.events_0_9999
[2025-09-19 21:36:13.318] INFO  [MultiTableRepo.events] Ensured table exists: split_verse_perf_test.events_0_9999
[2025-09-19 21:36:13.332] INFO  [MultiTableRepo.events] Ensured table exists: split_verse_perf_test.events_0_9999
[2025-09-19 21:36:13.333] INFO  [MultiTableRepo.events] Ensured table exists: split_verse_perf_test.events_0_9999
[2025-09-19 21:36:13.339] INFO  [MultiTableRepo.events] Ensured table exists: split_verse_perf_test.events_0_9999
[2025-09-19 21:36:13.345] INFO  [MultiTableRepo.events] Ensured table exists: split_verse_perf_test.events_0_9999
[2025-09-19 21:36:13.348] INFO  [MultiTableRepo.events] Ensured table exists: split_verse_perf_test.events_0_9999
[2025-09-19 21:36:13.354] INFO  [MultiTableRepo.events] Ensured table exists: split_verse_perf_test.events_0_9999
[2025-09-19 21:36:13.363] INFO  [MultiTableRepo.events] Ensured table exists: split_verse_perf_test.events_0_9999
[2025-09-19 21:36:13.365] INFO  [MultiTableRepo.events] Ensured table exists: split_verse_perf_test.events_0_9999
[2025-09-19 21:36:13.366] INFO  [MultiTableRepo.events] Ensured table exists: split_verse_perf_test.events_0_9999
[2025-09-19 21:36:13.369] INFO  [MultiTableRepo.events] Ensured table exists: split_verse_perf_test.events_0_9999
[2025-09-19 21:36:13.370] INFO  [MultiTableRepo.events] Ensured table exists: split_verse_perf_test.events_0_9999
[2025-09-19 21:36:13.375] INFO  [MultiTableRepo.events] Ensured table exists: split_verse_perf_test.events_0_9999
[2025-09-19 21:36:13.379] INFO  [MultiTableRepo.events] Ensured table exists: split_verse_perf_test.events_0_9999
[2025-09-19 21:36:13.386] INFO  [MultiTableRepo.events] Ensured table exists: split_verse_perf_test.events_0_9999
[2025-09-19 21:36:13.390] INFO  [MultiTableRepo.events] Ensured table exists: split_verse_perf_test.events_0_9999
[2025-09-19 21:36:13.391] INFO  [MultiTableRepo.events] Ensured table exists: split_verse_perf_test.events_0_9999
[2025-09-19 21:36:13.393] INFO  [MultiTableRepo.events] Ensured table exists: split_verse_perf_test.events_0_9999
[2025-09-19 21:36:13.394] INFO  [MultiTableRepo.events] Ensured table exists: split_verse_perf_test.events_0_9999
[2025-09-19 21:36:13.399] INFO  [MultiTableRepo.events] Ensured table exists: split_verse_perf_test.events_0_9999
[2025-09-19 21:36:13.403] INFO  [MultiTableRepo.events] Ensured table exists: split_verse_perf_test.events_0_9999
[2025-09-19 21:36:13.407] INFO  [MultiTableRepo.events] Ensured table exists: split_verse_perf_test.events_0_9999
[2025-09-19 21:36:13.408] INFO  [MultiTableRepo.events] Ensured table exists: split_verse_perf_test.events_0_9999
[2025-09-19 21:36:13.413] INFO  [MultiTableRepo.events] Ensured table exists: split_verse_perf_test.events_0_9999
[2025-09-19 21:36:13.420] INFO  [MultiTableRepo.events] Ensured table exists: split_verse_perf_test.events_0_9999
[2025-09-19 21:36:13.430] INFO  [MultiTableRepo.events] Ensured table exists: split_verse_perf_test.events_0_9999
[2025-09-19 21:36:13.435] INFO  [MultiTableRepo.events] Ensured table exists: split_verse_perf_test.events_0_9999
[2025-09-19 21:36:13.437] INFO  [MultiTableRepo.events] Ensured table exists: split_verse_perf_test.events_0_9999
[2025-09-19 21:36:13.438] INFO  [MultiTableRepo.events] Ensured table exists: split_verse_perf_test.events_0_9999
[2025-09-19 21:36:13.441] INFO  [MultiTableRepo.events] Ensured table exists: split_verse_perf_test.events_0_9999
[2025-09-19 21:36:13.441] INFO  [MultiTableRepo.events] Ensured table exists: split_verse_perf_test.events_0_9999
[2025-09-19 21:36:13.443] INFO  [MultiTableRepo.events] Ensured table exists: split_verse_perf_test.events_0_9999
[2025-09-19 21:36:13.454] INFO  [MultiTableRepo.events] Ensured table exists: split_verse_perf_test.events_0_9999
[2025-09-19 21:36:13.460] INFO  [MultiTableRepo.events] Ensured table exists: split_verse_perf_test.events_0_9999
[2025-09-19 21:36:13.465] INFO  [MultiTableRepo.events] Ensured table exists: split_verse_perf_test.events_0_9999
[2025-09-19 21:36:13.468] INFO  [MultiTableRepo.events] Ensured table exists: split_verse_perf_test.events_0_9999
[2025-09-19 21:36:13.474] INFO  [MultiTableRepo.events] Ensured table exists: split_verse_perf_test.events_0_9999
[2025-09-19 21:36:13.487] INFO  [MultiTableRepo.events] Ensured table exists: split_verse_perf_test.events_0_9999
[2025-09-19 21:36:13.486] INFO  [MultiTableRepo.events] Ensured table exists: split_verse_perf_test.events_0_9999
[2025-09-19 21:36:13.491] INFO  [MultiTableRepo.events] Ensured table exists: split_verse_perf_test.events_0_9999
[2025-09-19 21:36:13.522] INFO  [MultiTableRepo.events] Ensured table exists: split_verse_perf_test.events_0_9999
[2025-09-19 21:36:13.534] INFO  [MultiTableRepo.events] Ensured table exists: split_verse_perf_test.events_0_9999
[2025-09-19 21:36:13.557] INFO  [MultiTableRepo.events] Ensured table exists: split_verse_perf_test.events_0_9999
[2025-09-19 21:36:13.572] INFO  [MultiTableRepo.events] Ensured table exists: split_verse_perf_test.events_0_9999
[2025-09-19 21:36:13.591] INFO  [MultiTableRepo.events] Ensured table exists: split_verse_perf_test.events_0_9999
[2025-09-19 21:36:13.604] INFO  [MultiTableRepo.events] Ensured table exists: split_verse_perf_test.events_0_9999
[2025-09-19 21:36:13.616] INFO  [MultiTableRepo.events] Ensured table exists: split_verse_perf_test.events_0_9999
[2025-09-19 21:36:13.634] INFO  [MultiTableRepo.events] Ensured table exists: split_verse_perf_test.events_0_9999
[2025-09-19 21:36:13.637] INFO  [MultiTableRepo.events] Ensured table exists: split_verse_perf_test.events_0_9999
[2025-09-19 21:36:13.655] INFO  [MultiTableRepo.events] Ensured table exists: split_verse_perf_test.events_0_9999
[2025-09-19 21:36:13.673] INFO  [MultiTableRepo.events] Ensured table exists: split_verse_perf_test.events_0_9999
[2025-09-19 21:36:13.685] INFO  [MultiTableRepo.events] Ensured table exists: split_verse_perf_test.events_0_9999
[2025-09-19 21:36:13.693] INFO  [MultiTableRepo.events] Ensured table exists: split_verse_perf_test.events_0_9999
[2025-09-19 21:36:13.699] INFO  [MultiTableRepo.events] Ensured table exists: split_verse_perf_test.events_0_9999
[2025-09-19 21:36:13.700] INFO  [MultiTableRepo.events] Ensured table exists: split_verse_perf_test.events_0_9999
[2025-09-19 21:36:13.705] INFO  [MultiTableRepo.events] Ensured table exists: split_verse_perf_test.events_0_9999
[2025-09-19 21:36:13.712] INFO  [MultiTableRepo.events] Ensured table exists: split_verse_perf_test.events_0_9999
[2025-09-19 21:36:13.716] INFO  [MultiTableRepo.events] Ensured table exists: split_verse_perf_test.events_0_9999
[2025-09-19 21:36:13.717] INFO  [MultiTableRepo.events] Ensured table exists: split_verse_perf_test.events_0_9999
[2025-09-19 21:36:13.725] INFO  [MultiTableRepo.events] Ensured table exists: split_verse_perf_test.events_0_9999
[2025-09-19 21:36:13.725] INFO  [MultiTableRepo.events] Ensured table exists: split_verse_perf_test.events_0_9999
[2025-09-19 21:36:13.726] INFO  [MultiTableRepo.events] Ensured table exists: split_verse_perf_test.events_0_9999
[2025-09-19 21:36:13.730] INFO  [MultiTableRepo.events] Ensured table exists: split_verse_perf_test.events_0_9999
[2025-09-19 21:36:13.734] INFO  [MultiTableRepo.events] Ensured table exists: split_verse_perf_test.events_0_9999
[2025-09-19 21:36:13.735] INFO  [MultiTableRepo.events] Ensured table exists: split_verse_perf_test.events_0_9999
[2025-09-19 21:36:13.740] INFO  [MultiTableRepo.events] Ensured table exists: split_verse_perf_test.events_0_9999
[2025-09-19 21:36:13.740] INFO  [MultiTableRepo.events] Ensured table exists: split_verse_perf_test.events_0_9999
[2025-09-19 21:36:13.741] INFO  [MultiTableRepo.events] Ensured table exists: split_verse_perf_test.events_0_9999
[2025-09-19 21:36:13.744] INFO  [MultiTableRepo.events] Ensured table exists: split_verse_perf_test.events_0_9999
[2025-09-19 21:36:13.744] INFO  [MultiTableRepo.events] Ensured table exists: split_verse_perf_test.events_0_9999
[2025-09-19 21:36:13.744] INFO  [MultiTableRepo.events] Ensured table exists: split_verse_perf_test.events_0_9999
[2025-09-19 21:36:13.746] INFO  [MultiTableRepo.events] Ensured table exists: split_verse_perf_test.events_0_9999
[2025-09-19 21:36:13.749] INFO  [MultiTableRepo.events] Ensured table exists: split_verse_perf_test.events_0_9999
[2025-09-19 21:36:13.750] INFO  [MultiTableRepo.events] Ensured table exists: split_verse_perf_test.events_0_9999
[2025-09-19 21:36:13.756] INFO  [MultiTableRepo.events] Ensured table exists: split_verse_perf_test.events_0_9999
[2025-09-19 21:36:13.757] INFO  [MultiTableRepo.events] Ensured table exists: split_verse_perf_test.events_0_9999
[2025-09-19 21:36:13.757] INFO  [MultiTableRepo.events] Ensured table exists: split_verse_perf_test.events_0_9999
[2025-09-19 21:36:13.758] INFO  [MultiTableRepo.events] Ensured table exists: split_verse_perf_test.events_0_9999
[2025-09-19 21:36:13.759] INFO  [MultiTableRepo.events] Ensured table exists: split_verse_perf_test.events_0_9999
[2025-09-19 21:36:13.759] INFO  [MultiTableRepo.events] Ensured table exists: split_verse_perf_test.events_0_9999
[2025-09-19 21:36:13.762] INFO  [MultiTableRepo.events] Ensured table exists: split_verse_perf_test.events_0_9999
[2025-09-19 21:36:13.767] INFO  [MultiTableRepo.events] Ensured table exists: split_verse_perf_test.events_0_9999
[2025-09-19 21:36:13.768] INFO  [MultiTableRepo.events] Ensured table exists: split_verse_perf_test.events_0_9999
[2025-09-19 21:36:13.774] INFO  [MultiTableRepo.events] Ensured table exists: split_verse_perf_test.events_0_9999
[2025-09-19 21:36:13.776] INFO  [MultiTableRepo.events] Ensured table exists: split_verse_perf_test.events_0_9999
[2025-09-19 21:36:13.776] INFO  [MultiTableRepo.events] Ensured table exists: split_verse_perf_test.events_0_9999
[2025-09-19 21:36:13.777] INFO  [MultiTableRepo.events] Ensured table exists: split_verse_perf_test.events_0_9999
[2025-09-19 21:36:13.777] INFO  [MultiTableRepo.events] Ensured table exists: split_verse_perf_test.events_0_9999
[2025-09-19 21:36:13.784] INFO  [MultiTableRepo.events] Ensured table exists: split_verse_perf_test.events_0_9999
[2025-09-19 21:36:13.785] INFO  [MultiTableRepo.events] Ensured table exists: split_verse_perf_test.events_0_9999
[2025-09-19 21:36:13.788] INFO  [MultiTableRepo.events] Ensured table exists: split_verse_perf_test.events_0_9999
[2025-09-19 21:36:13.792] INFO  [MultiTableRepo.events] Ensured table exists: split_verse_perf_test.events_0_9999
[2025-09-19 21:36:13.794] INFO  [MultiTableRepo.events] Ensured table exists: split_verse_perf_test.events_0_9999
[2025-09-19 21:36:13.799] INFO  [MultiTableRepo.events] Ensured table exists: split_verse_perf_test.events_0_9999
[2025-09-19 21:36:13.799] INFO  [MultiTableRepo.events] Ensured table exists: split_verse_perf_test.events_0_9999
[2025-09-19 21:36:13.802] INFO  [MultiTableRepo.events] Ensured table exists: split_verse_perf_test.events_0_9999
[2025-09-19 21:36:13.805] INFO  [MultiTableRepo.events] Ensured table exists: split_verse_perf_test.events_0_9999
[2025-09-19 21:36:13.808] INFO  [MultiTableRepo.events] Ensured table exists: split_verse_perf_test.events_0_9999
[2025-09-19 21:36:13.823] INFO  [MultiTableRepo.events] Ensured table exists: split_verse_perf_test.events_0_9999
[2025-09-19 21:36:13.844] INFO  [MultiTableRepo.events] Ensured table exists: split_verse_perf_test.events_0_9999
[2025-09-19 21:36:13.860] INFO  [MultiTableRepo.events] Ensured table exists: split_verse_perf_test.events_0_9999
[2025-09-19 21:36:13.861] INFO  [MultiTableRepo.events] Ensured table exists: split_verse_perf_test.events_0_9999
[2025-09-19 21:36:13.867] INFO  [MultiTableRepo.events] Ensured table exists: split_verse_perf_test.events_0_9999
[2025-09-19 21:36:13.880] INFO  [MultiTableRepo.events] Ensured table exists: split_verse_perf_test.events_0_9999
[2025-09-19 21:36:13.890] INFO  [MultiTableRepo.events] Ensured table exists: split_verse_perf_test.events_0_9999
[2025-09-19 21:36:13.894] INFO  [MultiTableRepo.events] Ensured table exists: split_verse_perf_test.events_0_9999
[2025-09-19 21:36:13.895] INFO  [MultiTableRepo.events] Ensured table exists: split_verse_perf_test.events_0_9999
[2025-09-19 21:36:13.899] INFO  [MultiTableRepo.events] Ensured table exists: split_verse_perf_test.events_0_9999
[2025-09-19 21:36:13.899] INFO  [MultiTableRepo.events] Ensured table exists: split_verse_perf_test.events_0_9999
[2025-09-19 21:36:13.903] INFO  [MultiTableRepo.events] Ensured table exists: split_verse_perf_test.events_0_9999
[2025-09-19 21:36:13.905] INFO  [MultiTableRepo.events] Ensured table exists: split_verse_perf_test.events_0_9999
[2025-09-19 21:36:13.906] INFO  [MultiTableRepo.events] Ensured table exists: split_verse_perf_test.events_0_9999
[2025-09-19 21:36:13.907] INFO  [MultiTableRepo.events] Ensured table exists: split_verse_perf_test.events_0_9999
[2025-09-19 21:36:13.911] INFO  [MultiTableRepo.events] Ensured table exists: split_verse_perf_test.events_0_9999
[2025-09-19 21:36:13.912] INFO  [MultiTableRepo.events] Ensured table exists: split_verse_perf_test.events_0_9999
[2025-09-19 21:36:13.916] INFO  [MultiTableRepo.events] Ensured table exists: split_verse_perf_test.events_0_9999
[2025-09-19 21:36:13.916] INFO  [MultiTableRepo.events] Ensured table exists: split_verse_perf_test.events_0_9999
[2025-09-19 21:36:13.918] INFO  [MultiTableRepo.events] Ensured table exists: split_verse_perf_test.events_0_9999
[2025-09-19 21:36:13.923] INFO  [MultiTableRepo.events] Ensured table exists: split_verse_perf_test.events_0_9999
[2025-09-19 21:36:13.926] INFO  [MultiTableRepo.events] Ensured table exists: split_verse_perf_test.events_0_9999
[2025-09-19 21:36:13.927] INFO  [MultiTableRepo.events] Ensured table exists: split_verse_perf_test.events_0_9999
[2025-09-19 21:36:13.927] INFO  [MultiTableRepo.events] Ensured table exists: split_verse_perf_test.events_0_9999
[2025-09-19 21:36:13.928] INFO  [MultiTableRepo.events] Ensured table exists: split_verse_perf_test.events_0_9999
[2025-09-19 21:36:13.932] INFO  [MultiTableRepo.events] Ensured table exists: split_verse_perf_test.events_0_9999
[2025-09-19 21:36:13.932] INFO  [MultiTableRepo.events] Ensured table exists: split_verse_perf_test.events_0_9999
[2025-09-19 21:36:13.933] INFO  [MultiTableRepo.events] Ensured table exists: split_verse_perf_test.events_0_9999
[2025-09-19 21:36:13.944] INFO  [MultiTableRepo.events] Ensured table exists: split_verse_perf_test.events_0_9999
[2025-09-19 21:36:13.945] INFO  [MultiTableRepo.events] Ensured table exists: split_verse_perf_test.events_0_9999
[2025-09-19 21:36:13.945] INFO  [MultiTableRepo.events] Ensured table exists: split_verse_perf_test.events_0_9999
[2025-09-19 21:36:13.945] INFO  [MultiTableRepo.events] Ensured table exists: split_verse_perf_test.events_0_9999
[2025-09-19 21:36:13.948] INFO  [MultiTableRepo.events] Ensured table exists: split_verse_perf_test.events_0_9999
[2025-09-19 21:36:13.953] INFO  [MultiTableRepo.events] Ensured table exists: split_verse_perf_test.events_0_9999
[2025-09-19 21:36:13.955] INFO  [MultiTableRepo.events] Ensured table exists: split_verse_perf_test.events_0_9999
[2025-09-19 21:36:13.957] INFO  [MultiTableRepo.events] Ensured table exists: split_verse_perf_test.events_0_9999
[2025-09-19 21:36:13.960] INFO  [MultiTableRepo.events] Ensured table exists: split_verse_perf_test.events_0_9999
[2025-09-19 21:36:13.964] INFO  [MultiTableRepo.events] Ensured table exists: split_verse_perf_test.events_0_9999
[2025-09-19 21:36:13.967] INFO  [MultiTableRepo.events] Ensured table exists: split_verse_perf_test.events_0_9999
[2025-09-19 21:36:13.976] INFO  [MultiTableRepo.events] Ensured table exists: split_verse_perf_test.events_0_9999
[2025-09-19 21:36:13.979] INFO  [MultiTableRepo.events] Ensured table exists: split_verse_perf_test.events_0_9999
[2025-09-19 21:36:13.981] INFO  [MultiTableRepo.events] Ensured table exists: split_verse_perf_test.events_0_9999
[2025-09-19 21:36:13.982] INFO  [MultiTableRepo.events] Ensured table exists: split_verse_perf_test.events_0_9999
[2025-09-19 21:36:13.988] INFO  [MultiTableRepo.events] Ensured table exists: split_verse_perf_test.events_0_9999
[2025-09-19 21:36:14.006] INFO  [MultiTableRepo.events] Ensured table exists: split_verse_perf_test.events_0_9999
[2025-09-19 21:36:14.020] INFO  [MultiTableRepo.events] Ensured table exists: split_verse_perf_test.events_0_9999
[2025-09-19 21:36:14.025] INFO  [MultiTableRepo.events] Ensured table exists: split_verse_perf_test.events_0_9999
[2025-09-19 21:36:14.038] INFO  [MultiTableRepo.events] Ensured table exists: split_verse_perf_test.events_0_9999
[2025-09-19 21:36:14.047] INFO  [MultiTableRepo.events] Ensured table exists: split_verse_perf_test.events_0_9999
[2025-09-19 21:36:14.057] INFO  [MultiTableRepo.events] Ensured table exists: split_verse_perf_test.events_0_9999
[2025-09-19 21:36:14.061] INFO  [MultiTableRepo.events] Ensured table exists: split_verse_perf_test.events_0_9999
[2025-09-19 21:36:14.080] INFO  [MultiTableRepo.events] Ensured table exists: split_verse_perf_test.events_0_9999
[2025-09-19 21:36:14.096] INFO  [MultiTableRepo.events] Ensured table exists: split_verse_perf_test.events_0_9999
[2025-09-19 21:36:14.102] INFO  [MultiTableRepo.events] Ensured table exists: split_verse_perf_test.events_0_9999
[2025-09-19 21:36:14.118] INFO  [MultiTableRepo.events] Ensured table exists: split_verse_perf_test.events_0_9999
[2025-09-19 21:36:14.123] INFO  [MultiTableRepo.events] Ensured table exists: split_verse_perf_test.events_0_9999
[2025-09-19 21:36:14.124] INFO  [MultiTableRepo.events] Ensured table exists: split_verse_perf_test.events_0_9999
[2025-09-19 21:36:14.126] INFO  [MultiTableRepo.events] Ensured table exists: split_verse_perf_test.events_0_9999
[2025-09-19 21:36:14.130] INFO  [MultiTableRepo.events] Ensured table exists: split_verse_perf_test.events_0_9999
[2025-09-19 21:36:14.131] INFO  [MultiTableRepo.events] Ensured table exists: split_verse_perf_test.events_0_9999
[2025-09-19 21:36:14.131] INFO  [MultiTableRepo.events] Ensured table exists: split_verse_perf_test.events_0_9999
[2025-09-19 21:36:14.131] INFO  [MultiTableRepo.events] Ensured table exists: split_verse_perf_test.events_0_9999
[2025-09-19 21:36:14.139] INFO  [MultiTableRepo.events] Ensured table exists: split_verse_perf_test.events_0_9999
[2025-09-19 21:36:14.140] INFO  [MultiTableRepo.events] Ensured table exists: split_verse_perf_test.events_0_9999
[2025-09-19 21:36:14.143] INFO  [MultiTableRepo.events] Ensured table exists: split_verse_perf_test.events_0_9999
[2025-09-19 21:36:14.144] INFO  [MultiTableRepo.events] Ensured table exists: split_verse_perf_test.events_0_9999
[2025-09-19 21:36:14.148] INFO  [MultiTableRepo.events] Ensured table exists: split_verse_perf_test.events_0_9999
[2025-09-19 21:36:14.148] INFO  [MultiTableRepo.events] Ensured table exists: split_verse_perf_test.events_0_9999
[2025-09-19 21:36:14.148] INFO  [MultiTableRepo.events] Ensured table exists: split_verse_perf_test.events_0_9999
[2025-09-19 21:36:14.149] INFO  [MultiTableRepo.events] Ensured table exists: split_verse_perf_test.events_0_9999
[2025-09-19 21:36:14.150] INFO  [MultiTableRepo.events] Ensured table exists: split_verse_perf_test.events_0_9999
[2025-09-19 21:36:14.156] INFO  [MultiTableRepo.events] Ensured table exists: split_verse_perf_test.events_0_9999
[2025-09-19 21:36:14.157] INFO  [MultiTableRepo.events] Ensured table exists: split_verse_perf_test.events_0_9999
[2025-09-19 21:36:14.158] INFO  [MultiTableRepo.events] Ensured table exists: split_verse_perf_test.events_0_9999
[2025-09-19 21:36:14.162] INFO  [MultiTableRepo.events] Ensured table exists: split_verse_perf_test.events_0_9999
[2025-09-19 21:36:14.162] INFO  [MultiTableRepo.events] Ensured table exists: split_verse_perf_test.events_0_9999
[2025-09-19 21:36:14.162] INFO  [MultiTableRepo.events] Ensured table exists: split_verse_perf_test.events_0_9999
[2025-09-19 21:36:14.163] INFO  [MultiTableRepo.events] Ensured table exists: split_verse_perf_test.events_0_9999
[2025-09-19 21:36:14.165] INFO  [MultiTableRepo.events] Ensured table exists: split_verse_perf_test.events_0_9999
[2025-09-19 21:36:14.167] INFO  [MultiTableRepo.events] Ensured table exists: split_verse_perf_test.events_0_9999
[2025-09-19 21:36:14.172] INFO  [MultiTableRepo.events] Ensured table exists: split_verse_perf_test.events_0_9999
[2025-09-19 21:36:14.178] INFO  [MultiTableRepo.events] Ensured table exists: split_verse_perf_test.events_0_9999
[2025-09-19 21:36:14.179] INFO  [MultiTableRepo.events] Ensured table exists: split_verse_perf_test.events_0_9999
[2025-09-19 21:36:14.179] INFO  [MultiTableRepo.events] Ensured table exists: split_verse_perf_test.events_0_9999
[2025-09-19 21:36:14.179] INFO  [MultiTableRepo.events] Ensured table exists: split_verse_perf_test.events_0_9999
[2025-09-19 21:36:14.180] INFO  [MultiTableRepo.events] Ensured table exists: split_verse_perf_test.events_0_9999
[2025-09-19 21:36:14.180] INFO  [MultiTableRepo.events] Ensured table exists: split_verse_perf_test.events_0_9999
[2025-09-19 21:36:14.180] INFO  [MultiTableRepo.events] Ensured table exists: split_verse_perf_test.events_0_9999
[2025-09-19 21:36:14.180] INFO  [MultiTableRepo.events] Ensured table exists: split_verse_perf_test.events_0_9999
[2025-09-19 21:36:14.182] INFO  [MultiTableRepo.events] Ensured table exists: split_verse_perf_test.events_0_9999
[2025-09-19 21:36:14.186] INFO  [MultiTableRepo.events] Ensured table exists: split_verse_perf_test.events_0_9999
[2025-09-19 21:36:14.189] INFO  [MultiTableRepo.events] Ensured table exists: split_verse_perf_test.events_0_9999
[2025-09-19 21:36:14.197] INFO  [MultiTableRepo.events] Ensured table exists: split_verse_perf_test.events_0_9999
[2025-09-19 21:36:14.198] INFO  [MultiTableRepo.events] Ensured table exists: split_verse_perf_test.events_0_9999
[2025-09-19 21:36:14.200] INFO  [MultiTableRepo.events] Ensured table exists: split_verse_perf_test.events_0_9999
[2025-09-19 21:36:14.199] INFO  [MultiTableRepo.events] Ensured table exists: split_verse_perf_test.events_0_9999
[2025-09-19 21:36:14.201] INFO  [MultiTableRepo.events] Ensured table exists: split_verse_perf_test.events_0_9999
[2025-09-19 21:36:14.201] INFO  [MultiTableRepo.events] Ensured table exists: split_verse_perf_test.events_0_9999
[2025-09-19 21:36:14.204] INFO  [MultiTableRepo.events] Ensured table exists: split_verse_perf_test.events_0_9999
[2025-09-19 21:36:14.209] INFO  [MultiTableRepo.events] Ensured table exists: split_verse_perf_test.events_0_9999
[2025-09-19 21:36:14.216] INFO  [MultiTableRepo.events] Ensured table exists: split_verse_perf_test.events_0_9999
[2025-09-19 21:36:14.218] INFO  [MultiTableRepo.events] Ensured table exists: split_verse_perf_test.events_0_9999
[2025-09-19 21:36:14.247] INFO  [MultiTableRepo.events] Ensured table exists: split_verse_perf_test.events_0_9999
[2025-09-19 21:36:14.276] INFO  [MultiTableRepo.events] Ensured table exists: split_verse_perf_test.events_0_9999
[2025-09-19 21:36:14.292] INFO  [MultiTableRepo.events] Ensured table exists: split_verse_perf_test.events_0_9999
[2025-09-19 21:36:14.294] INFO  [MultiTableRepo.events] Ensured table exists: split_verse_perf_test.events_0_9999
[2025-09-19 21:36:14.295] INFO  [MultiTableRepo.events] Ensured table exists: split_verse_perf_test.events_0_9999
[2025-09-19 21:36:14.298] INFO  [MultiTableRepo.events] Ensured table exists: split_verse_perf_test.events_0_9999
[2025-09-19 21:36:14.305] INFO  [MultiTableRepo.events] Ensured table exists: split_verse_perf_test.events_0_9999
[2025-09-19 21:36:14.306] INFO  [MultiTableRepo.events] Ensured table exists: split_verse_perf_test.events_0_9999
[2025-09-19 21:36:14.317] INFO  [MultiTableRepo.events] Ensured table exists: split_verse_perf_test.events_0_9999
[2025-09-19 21:36:14.317] INFO  [MultiTableRepo.events] Ensured table exists: split_verse_perf_test.events_0_9999
[2025-09-19 21:36:14.317] INFO  [MultiTableRepo.events] Ensured table exists: split_verse_perf_test.events_0_9999
[2025-09-19 21:36:14.319] INFO  [MultiTableRepo.events] Ensured table exists: split_verse_perf_test.events_0_9999
[2025-09-19 21:36:14.321] INFO  [MultiTableRepo.events] Ensured table exists: split_verse_perf_test.events_0_9999
[2025-09-19 21:36:14.322] INFO  [MultiTableRepo.events] Ensured table exists: split_verse_perf_test.events_0_9999
[2025-09-19 21:36:14.327] INFO  [MultiTableRepo.events] Ensured table exists: split_verse_perf_test.events_0_9999
[2025-09-19 21:36:14.331] INFO  [MultiTableRepo.events] Ensured table exists: split_verse_perf_test.events_0_9999
[2025-09-19 21:36:14.332] INFO  [MultiTableRepo.events] Ensured table exists: split_verse_perf_test.events_0_9999
[2025-09-19 21:36:14.333] INFO  [MultiTableRepo.events] Ensured table exists: split_verse_perf_test.events_0_9999
[2025-09-19 21:36:14.334] INFO  [MultiTableRepo.events] Ensured table exists: split_verse_perf_test.events_0_9999
[2025-09-19 21:36:14.335] INFO  [MultiTableRepo.events] Ensured table exists: split_verse_perf_test.events_0_9999
[2025-09-19 21:36:14.337] INFO  [MultiTableRepo.events] Ensured table exists: split_verse_perf_test.events_0_9999
[2025-09-19 21:36:14.337] INFO  [MultiTableRepo.events] Ensured table exists: split_verse_perf_test.events_0_9999
[2025-09-19 21:36:14.342] INFO  [MultiTableRepo.events] Ensured table exists: split_verse_perf_test.events_0_9999
[2025-09-19 21:36:14.343] INFO  [MultiTableRepo.events] Ensured table exists: split_verse_perf_test.events_0_9999
[2025-09-19 21:36:14.347] INFO  [MultiTableRepo.events] Ensured table exists: split_verse_perf_test.events_0_9999
[2025-09-19 21:36:14.350] INFO  [MultiTableRepo.events] Ensured table exists: split_verse_perf_test.events_0_9999
[2025-09-19 21:36:14.351] INFO  [MultiTableRepo.events] Ensured table exists: split_verse_perf_test.events_0_9999
[2025-09-19 21:36:14.351] INFO  [MultiTableRepo.events] Ensured table exists: split_verse_perf_test.events_0_9999
[2025-09-19 21:36:14.352] INFO  [MultiTableRepo.events] Ensured table exists: split_verse_perf_test.events_0_9999
[2025-09-19 21:36:14.354] INFO  [MultiTableRepo.events] Ensured table exists: split_verse_perf_test.events_0_9999
[2025-09-19 21:36:14.355] INFO  [MultiTableRepo.events] Ensured table exists: split_verse_perf_test.events_0_9999
[2025-09-19 21:36:14.359] INFO  [MultiTableRepo.events] Ensured table exists: split_verse_perf_test.events_0_9999
[2025-09-19 21:36:14.361] INFO  [MultiTableRepo.events] Ensured table exists: split_verse_perf_test.events_0_9999
[2025-09-19 21:36:14.364] INFO  [MultiTableRepo.events] Ensured table exists: split_verse_perf_test.events_0_9999
[2025-09-19 21:36:14.366] INFO  [MultiTableRepo.events] Ensured table exists: split_verse_perf_test.events_0_9999
[2025-09-19 21:36:14.368] INFO  [MultiTableRepo.events] Ensured table exists: split_verse_perf_test.events_0_9999
[2025-09-19 21:36:14.371] INFO  [MultiTableRepo.events] Ensured table exists: split_verse_perf_test.events_0_9999
[2025-09-19 21:36:14.375] INFO  [MultiTableRepo.events] Ensured table exists: split_verse_perf_test.events_0_9999
[2025-09-19 21:36:14.376] INFO  [MultiTableRepo.events] Ensured table exists: split_verse_perf_test.events_0_9999
[2025-09-19 21:36:14.380] INFO  [MultiTableRepo.events] Ensured table exists: split_verse_perf_test.events_0_9999
[2025-09-19 21:36:14.384] INFO  [MultiTableRepo.events] Ensured table exists: split_verse_perf_test.events_0_9999
[2025-09-19 21:36:14.390] INFO  [MultiTableRepo.events] Ensured table exists: split_verse_perf_test.events_0_9999
[2025-09-19 21:36:14.390] INFO  [MultiTableRepo.events] Ensured table exists: split_verse_perf_test.events_0_9999
[2025-09-19 21:36:14.408] INFO  [MultiTableRepo.events] Ensured table exists: split_verse_perf_test.events_0_9999
[2025-09-19 21:36:14.409] INFO  [MultiTableRepo.events] Ensured table exists: split_verse_perf_test.events_0_9999
[2025-09-19 21:36:14.420] INFO  [MultiTableRepo.events] Ensured table exists: split_verse_perf_test.events_0_9999
[2025-09-19 21:36:14.424] INFO  [MultiTableRepo.events] Ensured table exists: split_verse_perf_test.events_0_9999
[2025-09-19 21:36:14.437] INFO  [MultiTableRepo.events] Ensured table exists: split_verse_perf_test.events_0_9999
[2025-09-19 21:36:14.445] INFO  [MultiTableRepo.events] Ensured table exists: split_verse_perf_test.events_0_9999
[2025-09-19 21:36:14.453] INFO  [MultiTableRepo.events] Ensured table exists: split_verse_perf_test.events_0_9999
[2025-09-19 21:36:14.471] INFO  [MultiTableRepo.events] Ensured table exists: split_verse_perf_test.events_0_9999
[2025-09-19 21:36:14.497] INFO  [MultiTableRepo.events] Ensured table exists: split_verse_perf_test.events_0_9999
[2025-09-19 21:36:14.507] INFO  [MultiTableRepo.events] Ensured table exists: split_verse_perf_test.events_0_9999
[2025-09-19 21:36:14.515] INFO  [MultiTableRepo.events] Ensured table exists: split_verse_perf_test.events_0_9999
[2025-09-19 21:36:14.516] INFO  [MultiTableRepo.events] Ensured table exists: split_verse_perf_test.events_0_9999
[2025-09-19 21:36:14.522] INFO  [MultiTableRepo.events] Ensured table exists: split_verse_perf_test.events_0_9999
[2025-09-19 21:36:14.525] INFO  [MultiTableRepo.events] Ensured table exists: split_verse_perf_test.events_0_9999
[2025-09-19 21:36:14.525] INFO  [MultiTableRepo.events] Ensured table exists: split_verse_perf_test.events_0_9999
[2025-09-19 21:36:14.525] INFO  [MultiTableRepo.events] Ensured table exists: split_verse_perf_test.events_0_9999
[2025-09-19 21:36:14.527] INFO  [MultiTableRepo.events] Ensured table exists: split_verse_perf_test.events_0_9999
[2025-09-19 21:36:14.529] INFO  [MultiTableRepo.events] Ensured table exists: split_verse_perf_test.events_0_9999
[2025-09-19 21:36:14.532] INFO  [MultiTableRepo.events] Ensured table exists: split_verse_perf_test.events_0_9999
[2025-09-19 21:36:14.536] INFO  [MultiTableRepo.events] Ensured table exists: split_verse_perf_test.events_0_9999
[2025-09-19 21:36:14.539] INFO  [MultiTableRepo.events] Ensured table exists: split_verse_perf_test.events_0_9999
[2025-09-19 21:36:14.542] INFO  [MultiTableRepo.events] Ensured table exists: split_verse_perf_test.events_0_9999
[2025-09-19 21:36:14.542] INFO  [MultiTableRepo.events] Ensured table exists: split_verse_perf_test.events_0_9999
[2025-09-19 21:36:14.543] INFO  [MultiTableRepo.events] Ensured table exists: split_verse_perf_test.events_0_9999
[2025-09-19 21:36:14.544] INFO  [MultiTableRepo.events] Ensured table exists: split_verse_perf_test.events_0_9999
[2025-09-19 21:36:14.544] INFO  [MultiTableRepo.events] Ensured table exists: split_verse_perf_test.events_0_9999
[2025-09-19 21:36:14.545] INFO  [MultiTableRepo.events] Ensured table exists: split_verse_perf_test.events_0_9999
[2025-09-19 21:36:14.548] INFO  [MultiTableRepo.events] Ensured table exists: split_verse_perf_test.events_0_9999
[2025-09-19 21:36:14.550] INFO  [MultiTableRepo.events] Ensured table exists: split_verse_perf_test.events_0_9999
[2025-09-19 21:36:14.550] INFO  [MultiTableRepo.events] Ensured table exists: split_verse_perf_test.events_0_9999
[2025-09-19 21:36:14.550] INFO  [MultiTableRepo.events] Ensured table exists: split_verse_perf_test.events_0_9999
[2025-09-19 21:36:14.555] INFO  [MultiTableRepo.events] Ensured table exists: split_verse_perf_test.events_0_9999
[2025-09-19 21:36:14.557] INFO  [MultiTableRepo.events] Ensured table exists: split_verse_perf_test.events_0_9999
[2025-09-19 21:36:14.561] INFO  [MultiTableRepo.events] Ensured table exists: split_verse_perf_test.events_0_9999
[2025-09-19 21:36:14.562] INFO  [MultiTableRepo.events] Ensured table exists: split_verse_perf_test.events_0_9999
[2025-09-19 21:36:14.561] INFO  [MultiTableRepo.events] Ensured table exists: split_verse_perf_test.events_0_9999
[2025-09-19 21:36:14.563] INFO  [MultiTableRepo.events] Ensured table exists: split_verse_perf_test.events_0_9999
[2025-09-19 21:36:14.564] INFO  [MultiTableRepo.events] Ensured table exists: split_verse_perf_test.events_0_9999
[2025-09-19 21:36:14.564] INFO  [MultiTableRepo.events] Ensured table exists: split_verse_perf_test.events_0_9999
[2025-09-19 21:36:14.565] INFO  [MultiTableRepo.events] Ensured table exists: split_verse_perf_test.events_0_9999
[2025-09-19 21:36:14.567] INFO  [MultiTableRepo.events] Ensured table exists: split_verse_perf_test.events_0_9999
[2025-09-19 21:36:14.569] INFO  [MultiTableRepo.events] Ensured table exists: split_verse_perf_test.events_0_9999
[2025-09-19 21:36:14.571] INFO  [MultiTableRepo.events] Ensured table exists: split_verse_perf_test.events_0_9999
[2025-09-19 21:36:14.575] INFO  [MultiTableRepo.events] Ensured table exists: split_verse_perf_test.events_0_9999
[2025-09-19 21:36:14.581] INFO  [MultiTableRepo.events] Ensured table exists: split_verse_perf_test.events_0_9999
[2025-09-19 21:36:14.582] INFO  [MultiTableRepo.events] Ensured table exists: split_verse_perf_test.events_0_9999
[2025-09-19 21:36:14.582] INFO  [MultiTableRepo.events] Ensured table exists: split_verse_perf_test.events_0_9999
[2025-09-19 21:36:14.582] INFO  [MultiTableRepo.events] Ensured table exists: split_verse_perf_test.events_0_9999
[2025-09-19 21:36:14.583] INFO  [MultiTableRepo.events] Ensured table exists: split_verse_perf_test.events_0_9999
[2025-09-19 21:36:14.583] INFO  [MultiTableRepo.events] Ensured table exists: split_verse_perf_test.events_0_9999
[2025-09-19 21:36:14.583] INFO  [MultiTableRepo.events] Ensured table exists: split_verse_perf_test.events_0_9999
[2025-09-19 21:36:14.596] INFO  [MultiTableRepo.events] Ensured table exists: split_verse_perf_test.events_0_9999
[2025-09-19 21:36:14.596] INFO  [MultiTableRepo.events] Ensured table exists: split_verse_perf_test.events_0_9999
[2025-09-19 21:36:14.598] INFO  [MultiTableRepo.events] Ensured table exists: split_verse_perf_test.events_0_9999
[2025-09-19 21:36:14.598] INFO  [MultiTableRepo.events] Ensured table exists: split_verse_perf_test.events_0_9999
[2025-09-19 21:36:14.600] INFO  [MultiTableRepo.events] Ensured table exists: split_verse_perf_test.events_0_9999
[2025-09-19 21:36:14.614] INFO  [MultiTableRepo.events] Ensured table exists: split_verse_perf_test.events_0_9999
[2025-09-19 21:36:14.616] INFO  [MultiTableRepo.events] Ensured table exists: split_verse_perf_test.events_0_9999
[2025-09-19 21:36:14.642] INFO  [MultiTableRepo.events] Ensured table exists: split_verse_perf_test.events_0_9999
[2025-09-19 21:36:14.643] INFO  [MultiTableRepo.events] Ensured table exists: split_verse_perf_test.events_0_9999
[2025-09-19 21:36:14.649] INFO  [MultiTableRepo.events] Ensured table exists: split_verse_perf_test.events_0_9999
[2025-09-19 21:36:14.659] INFO  [MultiTableRepo.events] Ensured table exists: split_verse_perf_test.events_0_9999
[2025-09-19 21:36:14.663] INFO  [MultiTableRepo.events] Ensured table exists: split_verse_perf_test.events_0_9999
[2025-09-19 21:36:14.666] INFO  [MultiTableRepo.events] Ensured table exists: split_verse_perf_test.events_0_9999
[2025-09-19 21:36:14.666] INFO  [MultiTableRepo.events] Ensured table exists: split_verse_perf_test.events_0_9999
[2025-09-19 21:36:14.668] INFO  [MultiTableRepo.events] Ensured table exists: split_verse_perf_test.events_0_9999
[2025-09-19 21:36:14.678] INFO  [MultiTableRepo.events] Ensured table exists: split_verse_perf_test.events_0_9999
[2025-09-19 21:36:14.680] INFO  [MultiTableRepo.events] Ensured table exists: split_verse_perf_test.events_0_9999
[2025-09-19 21:36:14.681] INFO  [MultiTableRepo.events] Ensured table exists: split_verse_perf_test.events_0_9999
[2025-09-19 21:36:14.682] INFO  [MultiTableRepo.events] Ensured table exists: split_verse_perf_test.events_0_9999
[2025-09-19 21:36:14.683] INFO  [MultiTableRepo.events] Ensured table exists: split_verse_perf_test.events_0_9999
[2025-09-19 21:36:14.683] INFO  [MultiTableRepo.events] Ensured table exists: split_verse_perf_test.events_0_9999
[2025-09-19 21:36:14.686] INFO  [MultiTableRepo.events] Ensured table exists: split_verse_perf_test.events_0_9999
[2025-09-19 21:36:14.689] INFO  [MultiTableRepo.events] Ensured table exists: split_verse_perf_test.events_0_9999
[2025-09-19 21:36:14.691] INFO  [MultiTableRepo.events] Ensured table exists: split_verse_perf_test.events_0_9999
[2025-09-19 21:36:14.696] INFO  [MultiTableRepo.events] Ensured table exists: split_verse_perf_test.events_0_9999
[2025-09-19 21:36:14.697] INFO  [MultiTableRepo.events] Ensured table exists: split_verse_perf_test.events_0_9999
[2025-09-19 21:36:14.698] INFO  [MultiTableRepo.events] Ensured table exists: split_verse_perf_test.events_0_9999
[2025-09-19 21:36:14.700] INFO  [MultiTableRepo.events] Ensured table exists: split_verse_perf_test.events_0_9999
[2025-09-19 21:36:14.700] INFO  [MultiTableRepo.events] Ensured table exists: split_verse_perf_test.events_0_9999
[2025-09-19 21:36:14.701] INFO  [MultiTableRepo.events] Ensured table exists: split_verse_perf_test.events_0_9999
[2025-09-19 21:36:14.705] INFO  [MultiTableRepo.events] Ensured table exists: split_verse_perf_test.events_0_9999
[2025-09-19 21:36:14.714] INFO  [MultiTableRepo.events] Ensured table exists: split_verse_perf_test.events_0_9999
[2025-09-19 21:36:14.714] INFO  [MultiTableRepo.events] Ensured table exists: split_verse_perf_test.events_0_9999
[2025-09-19 21:36:14.716] INFO  [MultiTableRepo.events] Ensured table exists: split_verse_perf_test.events_0_9999
[2025-09-19 21:36:14.716] INFO  [MultiTableRepo.events] Ensured table exists: split_verse_perf_test.events_0_9999
[2025-09-19 21:36:14.717] INFO  [MultiTableRepo.events] Ensured table exists: split_verse_perf_test.events_0_9999
[2025-09-19 21:36:14.717] INFO  [MultiTableRepo.events] Ensured table exists: split_verse_perf_test.events_0_9999
[2025-09-19 21:36:14.718] INFO  [MultiTableRepo.events] Ensured table exists: split_verse_perf_test.events_0_9999
[2025-09-19 21:36:14.722] INFO  [MultiTableRepo.events] Ensured table exists: split_verse_perf_test.events_0_9999
[2025-09-19 21:36:14.733] INFO  [MultiTableRepo.events] Ensured table exists: split_verse_perf_test.events_0_9999
[2025-09-19 21:36:14.735] INFO  [MultiTableRepo.events] Ensured table exists: split_verse_perf_test.events_0_9999
[2025-09-19 21:36:14.735] INFO  [MultiTableRepo.events] Ensured table exists: split_verse_perf_test.events_0_9999
[2025-09-19 21:36:14.735] INFO  [MultiTableRepo.events] Ensured table exists: split_verse_perf_test.events_0_9999
[2025-09-19 21:36:14.737] INFO  [MultiTableRepo.events] Ensured table exists: split_verse_perf_test.events_0_9999
[2025-09-19 21:36:14.749] INFO  [MultiTableRepo.events] Ensured table exists: split_verse_perf_test.events_0_9999
[2025-09-19 21:36:14.752] INFO  [MultiTableRepo.events] Ensured table exists: split_verse_perf_test.events_0_9999
[2025-09-19 21:36:14.759] INFO  [MultiTableRepo.events] Ensured table exists: split_verse_perf_test.events_0_9999
[2025-09-19 21:36:14.762] INFO  [MultiTableRepo.events] Ensured table exists: split_verse_perf_test.events_0_9999
[2025-09-19 21:36:14.768] INFO  [MultiTableRepo.events] Ensured table exists: split_verse_perf_test.events_0_9999
[2025-09-19 21:36:14.786] INFO  [MultiTableRepo.events] Ensured table exists: split_verse_perf_test.events_0_9999
[2025-09-19 21:36:14.790] INFO  [MultiTableRepo.events] Ensured table exists: split_verse_perf_test.events_0_9999
[2025-09-19 21:36:14.800] INFO  [MultiTableRepo.events] Ensured table exists: split_verse_perf_test.events_0_9999
[2025-09-19 21:36:14.807] INFO  [MultiTableRepo.events] Ensured table exists: split_verse_perf_test.events_0_9999
[2025-09-19 21:36:14.816] INFO  [MultiTableRepo.events] Ensured table exists: split_verse_perf_test.events_0_9999
[2025-09-19 21:36:14.821] INFO  [MultiTableRepo.events] Ensured table exists: split_verse_perf_test.events_0_9999
[2025-09-19 21:36:14.837] INFO  [MultiTableRepo.events] Ensured table exists: split_verse_perf_test.events_0_9999
[2025-09-19 21:36:14.852] INFO  [MultiTableRepo.events] Ensured table exists: split_verse_perf_test.events_0_9999
[2025-09-19 21:36:14.876] INFO  [MultiTableRepo.events] Ensured table exists: split_verse_perf_test.events_0_9999
[2025-09-19 21:36:14.886] INFO  [MultiTableRepo.events] Ensured table exists: split_verse_perf_test.events_0_9999
[2025-09-19 21:36:14.887] INFO  [MultiTableRepo.events] Ensured table exists: split_verse_perf_test.events_0_9999
[2025-09-19 21:36:14.892] INFO  [MultiTableRepo.events] Ensured table exists: split_verse_perf_test.events_0_9999
[2025-09-19 21:36:14.894] INFO  [MultiTableRepo.events] Ensured table exists: split_verse_perf_test.events_0_9999
[2025-09-19 21:36:14.897] INFO  [MultiTableRepo.events] Ensured table exists: split_verse_perf_test.events_0_9999
[2025-09-19 21:36:14.901] INFO  [MultiTableRepo.events] Ensured table exists: split_verse_perf_test.events_0_9999
[2025-09-19 21:36:14.901] INFO  [MultiTableRepo.events] Ensured table exists: split_verse_perf_test.events_0_9999
[2025-09-19 21:36:14.903] INFO  [MultiTableRepo.events] Ensured table exists: split_verse_perf_test.events_0_9999
[2025-09-19 21:36:14.904] INFO  [MultiTableRepo.events] Ensured table exists: split_verse_perf_test.events_0_9999
[2025-09-19 21:36:14.905] INFO  [MultiTableRepo.events] Ensured table exists: split_verse_perf_test.events_0_9999
[2025-09-19 21:36:14.906] INFO  [MultiTableRepo.events] Ensured table exists: split_verse_perf_test.events_0_9999
[2025-09-19 21:36:14.908] INFO  [MultiTableRepo.events] Ensured table exists: split_verse_perf_test.events_0_9999
[2025-09-19 21:36:14.909] INFO  [MultiTableRepo.events] Ensured table exists: split_verse_perf_test.events_0_9999
[2025-09-19 21:36:14.912] INFO  [MultiTableRepo.events] Ensured table exists: split_verse_perf_test.events_0_9999
[2025-09-19 21:36:14.912] INFO  [MultiTableRepo.events] Ensured table exists: split_verse_perf_test.events_0_9999
[2025-09-19 21:36:14.915] INFO  [MultiTableRepo.events] Ensured table exists: split_verse_perf_test.events_0_9999
[2025-09-19 21:36:14.916] INFO  [MultiTableRepo.events] Ensured table exists: split_verse_perf_test.events_0_9999
[2025-09-19 21:36:14.917] INFO  [MultiTableRepo.events] Ensured table exists: split_verse_perf_test.events_0_9999
[2025-09-19 21:36:14.919] INFO  [MultiTableRepo.events] Ensured table exists: split_verse_perf_test.events_0_9999
[2025-09-19 21:36:14.919] INFO  [MultiTableRepo.events] Ensured table exists: split_verse_perf_test.events_0_9999
[2025-09-19 21:36:14.920] INFO  [MultiTableRepo.events] Ensured table exists: split_verse_perf_test.events_0_9999
[2025-09-19 21:36:14.921] INFO  [MultiTableRepo.events] Ensured table exists: split_verse_perf_test.events_0_9999
[2025-09-19 21:36:14.922] INFO  [MultiTableRepo.events] Ensured table exists: split_verse_perf_test.events_0_9999
[2025-09-19 21:36:14.923] INFO  [MultiTableRepo.events] Ensured table exists: split_verse_perf_test.events_0_9999
[2025-09-19 21:36:14.926] INFO  [MultiTableRepo.events] Ensured table exists: split_verse_perf_test.events_0_9999
[2025-09-19 21:36:14.926] INFO  [MultiTableRepo.events] Ensured table exists: split_verse_perf_test.events_0_9999
[2025-09-19 21:36:14.929] INFO  [MultiTableRepo.events] Ensured table exists: split_verse_perf_test.events_0_9999
[2025-09-19 21:36:14.929] INFO  [MultiTableRepo.events] Ensured table exists: split_verse_perf_test.events_0_9999
[2025-09-19 21:36:14.929] INFO  [MultiTableRepo.events] Ensured table exists: split_verse_perf_test.events_0_9999
[2025-09-19 21:36:14.935] INFO  [MultiTableRepo.events] Ensured table exists: split_verse_perf_test.events_0_9999
[2025-09-19 21:36:14.935] INFO  [MultiTableRepo.events] Ensured table exists: split_verse_perf_test.events_0_9999
[2025-09-19 21:36:14.935] INFO  [MultiTableRepo.events] Ensured table exists: split_verse_perf_test.events_0_9999
[2025-09-19 21:36:14.935] INFO  [MultiTableRepo.events] Ensured table exists: split_verse_perf_test.events_0_9999
[2025-09-19 21:36:14.935] INFO  [MultiTableRepo.events] Ensured table exists: split_verse_perf_test.events_0_9999
[2025-09-19 21:36:14.938] INFO  [MultiTableRepo.events] Ensured table exists: split_verse_perf_test.events_0_9999
[2025-09-19 21:36:14.942] INFO  [MultiTableRepo.events] Ensured table exists: split_verse_perf_test.events_0_9999
[2025-09-19 21:36:14.943] INFO  [MultiTableRepo.events] Ensured table exists: split_verse_perf_test.events_0_9999
[2025-09-19 21:36:14.943] INFO  [MultiTableRepo.events] Ensured table exists: split_verse_perf_test.events_0_9999
[2025-09-19 21:36:14.944] INFO  [MultiTableRepo.events] Ensured table exists: split_verse_perf_test.events_0_9999
[2025-09-19 21:36:14.947] INFO  [MultiTableRepo.events] Ensured table exists: split_verse_perf_test.events_0_9999
[2025-09-19 21:36:14.952] INFO  [MultiTableRepo.events] Ensured table exists: split_verse_perf_test.events_0_9999
[2025-09-19 21:36:14.952] INFO  [MultiTableRepo.events] Ensured table exists: split_verse_perf_test.events_0_9999
[2025-09-19 21:36:14.953] INFO  [MultiTableRepo.events] Ensured table exists: split_verse_perf_test.events_0_9999
[2025-09-19 21:36:14.957] INFO  [MultiTableRepo.events] Ensured table exists: split_verse_perf_test.events_0_9999
[2025-09-19 21:36:14.960] INFO  [MultiTableRepo.events] Ensured table exists: split_verse_perf_test.events_0_9999
[2025-09-19 21:36:14.969] INFO  [MultiTableRepo.events] Ensured table exists: split_verse_perf_test.events_0_9999
[2025-09-19 21:36:14.969] INFO  [MultiTableRepo.events] Ensured table exists: split_verse_perf_test.events_0_9999
[2025-09-19 21:36:14.969] INFO  [MultiTableRepo.events] Ensured table exists: split_verse_perf_test.events_0_9999
[2025-09-19 21:36:14.986] INFO  [MultiTableRepo.events] Ensured table exists: split_verse_perf_test.events_0_9999
[2025-09-19 21:36:15.006] INFO  [MultiTableRepo.events] Ensured table exists: split_verse_perf_test.events_0_9999
[2025-09-19 21:36:15.013] INFO  [MultiTableRepo.events] Ensured table exists: split_verse_perf_test.events_0_9999
[2025-09-19 21:36:15.021] INFO  [MultiTableRepo.events] Ensured table exists: split_verse_perf_test.events_0_9999
[2025-09-19 21:36:15.023] INFO  [MultiTableRepo.events] Ensured table exists: split_verse_perf_test.events_0_9999
[2025-09-19 21:36:15.026] INFO  [MultiTableRepo.events] Ensured table exists: split_verse_perf_test.events_0_9999
[2025-09-19 21:36:15.027] INFO  [MultiTableRepo.events] Ensured table exists: split_verse_perf_test.events_0_9999
[2025-09-19 21:36:15.034] INFO  [MultiTableRepo.events] Ensured table exists: split_verse_perf_test.events_0_9999
[2025-09-19 21:36:15.037] INFO  [MultiTableRepo.events] Ensured table exists: split_verse_perf_test.events_0_9999
[2025-09-19 21:36:15.038] INFO  [MultiTableRepo.events] Ensured table exists: split_verse_perf_test.events_0_9999
[2025-09-19 21:36:15.042] INFO  [MultiTableRepo.events] Ensured table exists: split_verse_perf_test.events_0_9999
[2025-09-19 21:36:15.044] INFO  [MultiTableRepo.events] Ensured table exists: split_verse_perf_test.events_0_9999
[2025-09-19 21:36:15.044] INFO  [MultiTableRepo.events] Ensured table exists: split_verse_perf_test.events_0_9999
[2025-09-19 21:36:15.046] INFO  [MultiTableRepo.events] Ensured table exists: split_verse_perf_test.events_0_9999
[2025-09-19 21:36:15.046] INFO  [MultiTableRepo.events] Ensured table exists: split_verse_perf_test.events_0_9999
[2025-09-19 21:36:15.046] INFO  [MultiTableRepo.events] Ensured table exists: split_verse_perf_test.events_0_9999
[2025-09-19 21:36:15.051] INFO  [MultiTableRepo.events] Ensured table exists: split_verse_perf_test.events_0_9999
[2025-09-19 21:36:15.054] INFO  [MultiTableRepo.events] Ensured table exists: split_verse_perf_test.events_0_9999
[2025-09-19 21:36:15.054] INFO  [MultiTableRepo.events] Ensured table exists: split_verse_perf_test.events_0_9999
[2025-09-19 21:36:15.058] INFO  [MultiTableRepo.events] Ensured table exists: split_verse_perf_test.events_0_9999
[2025-09-19 21:36:15.061] INFO  [MultiTableRepo.events] Ensured table exists: split_verse_perf_test.events_0_9999
[2025-09-19 21:36:15.061] INFO  [MultiTableRepo.events] Ensured table exists: split_verse_perf_test.events_0_9999
[2025-09-19 21:36:15.061] INFO  [MultiTableRepo.events] Ensured table exists: split_verse_perf_test.events_0_9999
[2025-09-19 21:36:15.062] INFO  [MultiTableRepo.events] Ensured table exists: split_verse_perf_test.events_0_9999
[2025-09-19 21:36:15.063] INFO  [MultiTableRepo.events] Ensured table exists: split_verse_perf_test.events_0_9999
[2025-09-19 21:36:15.066] INFO  [MultiTableRepo.events] Ensured table exists: split_verse_perf_test.events_0_9999
[2025-09-19 21:36:15.067] INFO  [MultiTableRepo.events] Ensured table exists: split_verse_perf_test.events_0_9999
[2025-09-19 21:36:15.070] INFO  [MultiTableRepo.events] Ensured table exists: split_verse_perf_test.events_0_9999
[2025-09-19 21:36:15.072] INFO  [MultiTableRepo.events] Ensured table exists: split_verse_perf_test.events_0_9999
[2025-09-19 21:36:15.075] INFO  [MultiTableRepo.events] Ensured table exists: split_verse_perf_test.events_0_9999
[2025-09-19 21:36:15.077] INFO  [MultiTableRepo.events] Ensured table exists: split_verse_perf_test.events_0_9999
[2025-09-19 21:36:15.079] INFO  [MultiTableRepo.events] Ensured table exists: split_verse_perf_test.events_0_9999
[2025-09-19 21:36:15.080] INFO  [MultiTableRepo.events] Ensured table exists: split_verse_perf_test.events_0_9999
[2025-09-19 21:36:15.081] INFO  [MultiTableRepo.events] Ensured table exists: split_verse_perf_test.events_0_9999
[2025-09-19 21:36:15.083] INFO  [MultiTableRepo.events] Ensured table exists: split_verse_perf_test.events_0_9999
[2025-09-19 21:36:15.083] INFO  [MultiTableRepo.events] Ensured table exists: split_verse_perf_test.events_0_9999
[2025-09-19 21:36:15.088] INFO  [MultiTableRepo.events] Ensured table exists: split_verse_perf_test.events_0_9999
[2025-09-19 21:36:15.095] INFO  [MultiTableRepo.events] Ensured table exists: split_verse_perf_test.events_0_9999
[2025-09-19 21:36:15.096] INFO  [MultiTableRepo.events] Ensured table exists: split_verse_perf_test.events_0_9999
[2025-09-19 21:36:15.097] INFO  [MultiTableRepo.events] Ensured table exists: split_verse_perf_test.events_0_9999
[2025-09-19 21:36:15.101] INFO  [MultiTableRepo.events] Ensured table exists: split_verse_perf_test.events_0_9999
[2025-09-19 21:36:15.104] INFO  [MultiTableRepo.events] Ensured table exists: split_verse_perf_test.events_0_9999
[2025-09-19 21:36:15.110] INFO  [MultiTableRepo.events] Ensured table exists: split_verse_perf_test.events_0_9999
[2025-09-19 21:36:15.111] INFO  [MultiTableRepo.events] Ensured table exists: split_verse_perf_test.events_0_9999
[2025-09-19 21:36:15.128] INFO  [MultiTableRepo.events] Ensured table exists: split_verse_perf_test.events_0_9999
[2025-09-19 21:36:15.132] INFO  [MultiTableRepo.events] Ensured table exists: split_verse_perf_test.events_0_9999
[2025-09-19 21:36:15.144] INFO  [MultiTableRepo.events] Ensured table exists: split_verse_perf_test.events_0_9999
[2025-09-19 21:36:15.147] INFO  [MultiTableRepo.events] Ensured table exists: split_verse_perf_test.events_0_9999
[2025-09-19 21:36:15.174] INFO  [MultiTableRepo.events] Ensured table exists: split_verse_perf_test.events_0_9999
[2025-09-19 21:36:15.207] INFO  [MultiTableRepo.events] Ensured table exists: split_verse_perf_test.events_0_9999
[2025-09-19 21:36:15.224] INFO  [MultiTableRepo.events] Ensured table exists: split_verse_perf_test.events_0_9999
[2025-09-19 21:36:15.231] INFO  [MultiTableRepo.events] Ensured table exists: split_verse_perf_test.events_0_9999
[2025-09-19 21:36:15.240] INFO  [MultiTableRepo.events] Ensured table exists: split_verse_perf_test.events_0_9999
[2025-09-19 21:36:15.246] INFO  [MultiTableRepo.events] Ensured table exists: split_verse_perf_test.events_0_9999
[2025-09-19 21:36:15.250] INFO  [MultiTableRepo.events] Ensured table exists: split_verse_perf_test.events_0_9999
[2025-09-19 21:36:15.252] INFO  [MultiTableRepo.events] Ensured table exists: split_verse_perf_test.events_0_9999
[2025-09-19 21:36:15.254] INFO  [MultiTableRepo.events] Ensured table exists: split_verse_perf_test.events_0_9999
[2025-09-19 21:36:15.260] INFO  [MultiTableRepo.events] Ensured table exists: split_verse_perf_test.events_0_9999
[2025-09-19 21:36:15.264] INFO  [MultiTableRepo.events] Ensured table exists: split_verse_perf_test.events_0_9999
[2025-09-19 21:36:15.268] INFO  [MultiTableRepo.events] Ensured table exists: split_verse_perf_test.events_0_9999
[2025-09-19 21:36:15.269] INFO  [MultiTableRepo.events] Ensured table exists: split_verse_perf_test.events_0_9999
[2025-09-19 21:36:15.270] INFO  [MultiTableRepo.events] Ensured table exists: split_verse_perf_test.events_0_9999
[2025-09-19 21:36:15.270] INFO  [MultiTableRepo.events] Ensured table exists: split_verse_perf_test.events_0_9999
[2025-09-19 21:36:15.274] INFO  [MultiTableRepo.events] Ensured table exists: split_verse_perf_test.events_0_9999
[2025-09-19 21:36:15.275] INFO  [MultiTableRepo.events] Ensured table exists: split_verse_perf_test.events_0_9999
[2025-09-19 21:36:15.277] INFO  [MultiTableRepo.events] Ensured table exists: split_verse_perf_test.events_0_9999
[2025-09-19 21:36:15.284] INFO  [MultiTableRepo.events] Ensured table exists: split_verse_perf_test.events_0_9999
[2025-09-19 21:36:15.284] INFO  [MultiTableRepo.events] Ensured table exists: split_verse_perf_test.events_0_9999
[2025-09-19 21:36:15.284] INFO  [MultiTableRepo.events] Ensured table exists: split_verse_perf_test.events_0_9999
[2025-09-19 21:36:15.285] INFO  [MultiTableRepo.events] Ensured table exists: split_verse_perf_test.events_0_9999
[2025-09-19 21:36:15.287] INFO  [MultiTableRepo.events] Ensured table exists: split_verse_perf_test.events_0_9999
[2025-09-19 21:36:15.289] INFO  [MultiTableRepo.events] Ensured table exists: split_verse_perf_test.events_0_9999
[2025-09-19 21:36:15.290] INFO  [MultiTableRepo.events] Ensured table exists: split_verse_perf_test.events_0_9999
[2025-09-19 21:36:15.291] INFO  [MultiTableRepo.events] Ensured table exists: split_verse_perf_test.events_0_9999
[2025-09-19 21:36:15.294] INFO  [MultiTableRepo.events] Ensured table exists: split_verse_perf_test.events_0_9999
[2025-09-19 21:36:15.295] INFO  [MultiTableRepo.events] Ensured table exists: split_verse_perf_test.events_0_9999
[2025-09-19 21:36:15.299] INFO  [MultiTableRepo.events] Ensured table exists: split_verse_perf_test.events_0_9999
[2025-09-19 21:36:15.299] INFO  [MultiTableRepo.events] Ensured table exists: split_verse_perf_test.events_0_9999
[2025-09-19 21:36:15.303] INFO  [MultiTableRepo.events] Ensured table exists: split_verse_perf_test.events_0_9999
[2025-09-19 21:36:15.304] INFO  [MultiTableRepo.events] Ensured table exists: split_verse_perf_test.events_0_9999
[2025-09-19 21:36:15.304] INFO  [MultiTableRepo.events] Ensured table exists: split_verse_perf_test.events_0_9999
[2025-09-19 21:36:15.304] INFO  [MultiTableRepo.events] Ensured table exists: split_verse_perf_test.events_0_9999
[2025-09-19 21:36:15.308] INFO  [MultiTableRepo.events] Ensured table exists: split_verse_perf_test.events_0_9999
[2025-09-19 21:36:15.308] INFO  [MultiTableRepo.events] Ensured table exists: split_verse_perf_test.events_0_9999
[2025-09-19 21:36:15.309] INFO  [MultiTableRepo.events] Ensured table exists: split_verse_perf_test.events_0_9999
[2025-09-19 21:36:15.311] INFO  [MultiTableRepo.events] Ensured table exists: split_verse_perf_test.events_0_9999
[2025-09-19 21:36:15.313] INFO  [MultiTableRepo.events] Ensured table exists: split_verse_perf_test.events_0_9999
[2025-09-19 21:36:15.318] INFO  [MultiTableRepo.events] Ensured table exists: split_verse_perf_test.events_0_9999
[2025-09-19 21:36:15.319] INFO  [MultiTableRepo.events] Ensured table exists: split_verse_perf_test.events_0_9999
[2025-09-19 21:36:15.321] INFO  [MultiTableRepo.events] Ensured table exists: split_verse_perf_test.events_0_9999
[2025-09-19 21:36:15.322] INFO  [MultiTableRepo.events] Ensured table exists: split_verse_perf_test.events_0_9999
[2025-09-19 21:36:15.323] INFO  [MultiTableRepo.events] Ensured table exists: split_verse_perf_test.events_0_9999
[2025-09-19 21:36:15.324] INFO  [MultiTableRepo.events] Ensured table exists: split_verse_perf_test.events_0_9999
[2025-09-19 21:36:15.333] INFO  [MultiTableRepo.events] Ensured table exists: split_verse_perf_test.events_0_9999
[2025-09-19 21:36:15.334] INFO  [MultiTableRepo.events] Ensured table exists: split_verse_perf_test.events_0_9999
[2025-09-19 21:36:15.340] INFO  [MultiTableRepo.events] Ensured table exists: split_verse_perf_test.events_0_9999
[2025-09-19 21:36:15.340] INFO  [MultiTableRepo.events] Ensured table exists: split_verse_perf_test.events_0_9999
[2025-09-19 21:36:15.344] INFO  [MultiTableRepo.events] Ensured table exists: split_verse_perf_test.events_0_9999
[2025-09-19 21:36:15.353] INFO  [MultiTableRepo.events] Ensured table exists: split_verse_perf_test.events_0_9999
[2025-09-19 21:36:15.369] INFO  [MultiTableRepo.events] Ensured table exists: split_verse_perf_test.events_0_9999
[2025-09-19 21:36:15.389] INFO  [MultiTableRepo.events] Ensured table exists: split_verse_perf_test.events_0_9999
[2025-09-19 21:36:15.404] INFO  [MultiTableRepo.events] Ensured table exists: split_verse_perf_test.events_0_9999
[2025-09-19 21:36:15.406] INFO  [MultiTableRepo.events] Ensured table exists: split_verse_perf_test.events_0_9999
[2025-09-19 21:36:15.416] INFO  [MultiTableRepo.events] Ensured table exists: split_verse_perf_test.events_0_9999
[2025-09-19 21:36:15.423] INFO  [MultiTableRepo.events] Ensured table exists: split_verse_perf_test.events_0_9999
[2025-09-19 21:36:15.425] INFO  [MultiTableRepo.events] Ensured table exists: split_verse_perf_test.events_0_9999
[2025-09-19 21:36:15.430] INFO  [MultiTableRepo.events] Ensured table exists: split_verse_perf_test.events_0_9999
[2025-09-19 21:36:15.430] INFO  [MultiTableRepo.events] Ensured table exists: split_verse_perf_test.events_0_9999
[2025-09-19 21:36:15.432] INFO  [MultiTableRepo.events] Ensured table exists: split_verse_perf_test.events_0_9999
[2025-09-19 21:36:15.433] INFO  [MultiTableRepo.events] Ensured table exists: split_verse_perf_test.events_0_9999
[2025-09-19 21:36:15.434] INFO  [MultiTableRepo.events] Ensured table exists: split_verse_perf_test.events_0_9999
[2025-09-19 21:36:15.438] INFO  [MultiTableRepo.events] Ensured table exists: split_verse_perf_test.events_0_9999
[2025-09-19 21:36:15.444] INFO  [MultiTableRepo.events] Ensured table exists: split_verse_perf_test.events_0_9999
[2025-09-19 21:36:15.449] INFO  [MultiTableRepo.events] Ensured table exists: split_verse_perf_test.events_0_9999
[2025-09-19 21:36:15.451] INFO  [MultiTableRepo.events] Ensured table exists: split_verse_perf_test.events_0_9999
[2025-09-19 21:36:15.451] INFO  [MultiTableRepo.events] Ensured table exists: split_verse_perf_test.events_0_9999
[2025-09-19 21:36:15.451] INFO  [MultiTableRepo.events] Ensured table exists: split_verse_perf_test.events_0_9999
[2025-09-19 21:36:15.451] INFO  [MultiTableRepo.events] Ensured table exists: split_verse_perf_test.events_0_9999
[2025-09-19 21:36:15.452] INFO  [MultiTableRepo.events] Ensured table exists: split_verse_perf_test.events_0_9999
[2025-09-19 21:36:15.460] INFO  [MultiTableRepo.events] Ensured table exists: split_verse_perf_test.events_0_9999
[2025-09-19 21:36:15.461] INFO  [MultiTableRepo.events] Ensured table exists: split_verse_perf_test.events_0_9999
[2025-09-19 21:36:15.468] INFO  [MultiTableRepo.events] Ensured table exists: split_verse_perf_test.events_0_9999
[2025-09-19 21:36:15.468] INFO  [MultiTableRepo.events] Ensured table exists: split_verse_perf_test.events_0_9999
[2025-09-19 21:36:15.468] INFO  [MultiTableRepo.events] Ensured table exists: split_verse_perf_test.events_0_9999
[2025-09-19 21:36:15.469] INFO  [MultiTableRepo.events] Ensured table exists: split_verse_perf_test.events_0_9999
[2025-09-19 21:36:15.470] INFO  [MultiTableRepo.events] Ensured table exists: split_verse_perf_test.events_0_9999
[2025-09-19 21:36:15.470] INFO  [MultiTableRepo.events] Ensured table exists: split_verse_perf_test.events_0_9999
[2025-09-19 21:36:15.474] INFO  [MultiTableRepo.events] Ensured table exists: split_verse_perf_test.events_0_9999
[2025-09-19 21:36:15.477] INFO  [MultiTableRepo.events] Ensured table exists: split_verse_perf_test.events_0_9999
[2025-09-19 21:36:15.479] INFO  [MultiTableRepo.events] Ensured table exists: split_verse_perf_test.events_0_9999
[2025-09-19 21:36:15.485] INFO  [MultiTableRepo.events] Ensured table exists: split_verse_perf_test.events_0_9999
[2025-09-19 21:36:15.485] INFO  [MultiTableRepo.events] Ensured table exists: split_verse_perf_test.events_0_9999
[2025-09-19 21:36:15.485] INFO  [MultiTableRepo.events] Ensured table exists: split_verse_perf_test.events_0_9999
[2025-09-19 21:36:15.486] INFO  [MultiTableRepo.events] Ensured table exists: split_verse_perf_test.events_0_9999
[2025-09-19 21:36:15.487] INFO  [MultiTableRepo.events] Ensured table exists: split_verse_perf_test.events_0_9999
[2025-09-19 21:36:15.487] INFO  [MultiTableRepo.events] Ensured table exists: split_verse_perf_test.events_0_9999
[2025-09-19 21:36:15.488] INFO  [MultiTableRepo.events] Ensured table exists: split_verse_perf_test.events_0_9999
[2025-09-19 21:36:15.493] INFO  [MultiTableRepo.events] Ensured table exists: split_verse_perf_test.events_0_9999
[2025-09-19 21:36:15.498] INFO  [MultiTableRepo.events] Ensured table exists: split_verse_perf_test.events_0_9999
[2025-09-19 21:36:15.499] INFO  [MultiTableRepo.events] Ensured table exists: split_verse_perf_test.events_0_9999
[2025-09-19 21:36:15.500] INFO  [MultiTableRepo.events] Ensured table exists: split_verse_perf_test.events_0_9999
[2025-09-19 21:36:15.503] INFO  [MultiTableRepo.events] Ensured table exists: split_verse_perf_test.events_0_9999
[2025-09-19 21:36:15.523] INFO  [MultiTableRepo.events] Ensured table exists: split_verse_perf_test.events_0_9999
[2025-09-19 21:36:15.539] INFO  [MultiTableRepo.events] Ensured table exists: split_verse_perf_test.events_0_9999
[2025-09-19 21:36:15.552] INFO  [MultiTableRepo.events] Ensured table exists: split_verse_perf_test.events_0_9999
[2025-09-19 21:36:15.553] INFO  [MultiTableRepo.events] Ensured table exists: split_verse_perf_test.events_0_9999
[2025-09-19 21:36:15.567] INFO  [MultiTableRepo.events] Ensured table exists: split_verse_perf_test.events_0_9999
[2025-09-19 21:36:15.578] INFO  [MultiTableRepo.events] Ensured table exists: split_verse_perf_test.events_0_9999
[2025-09-19 21:36:15.600] INFO  [MultiTableRepo.events] Ensured table exists: split_verse_perf_test.events_0_9999
[2025-09-19 21:36:15.618] INFO  [MultiTableRepo.events] Ensured table exists: split_verse_perf_test.events_0_9999
[2025-09-19 21:36:15.636] INFO  [MultiTableRepo.events] Ensured table exists: split_verse_perf_test.events_0_9999
[2025-09-19 21:36:15.643] INFO  [MultiTableRepo.events] Ensured table exists: split_verse_perf_test.events_0_9999
[2025-09-19 21:36:15.649] INFO  [MultiTableRepo.events] Ensured table exists: split_verse_perf_test.events_0_9999
[2025-09-19 21:36:15.660] INFO  [MultiTableRepo.events] Ensured table exists: split_verse_perf_test.events_0_9999
[2025-09-19 21:36:15.660] INFO  [MultiTableRepo.events] Ensured table exists: split_verse_perf_test.events_0_9999
[2025-09-19 21:36:15.662] INFO  [MultiTableRepo.events] Ensured table exists: split_verse_perf_test.events_0_9999
[2025-09-19 21:36:15.665] INFO  [MultiTableRepo.events] Ensured table exists: split_verse_perf_test.events_0_9999
[2025-09-19 21:36:15.666] INFO  [MultiTableRepo.events] Ensured table exists: split_verse_perf_test.events_0_9999
[2025-09-19 21:36:15.671] INFO  [MultiTableRepo.events] Ensured table exists: split_verse_perf_test.events_0_9999
[2025-09-19 21:36:15.672] INFO  [MultiTableRepo.events] Ensured table exists: split_verse_perf_test.events_0_9999
[2025-09-19 21:36:15.674] INFO  [MultiTableRepo.events] Ensured table exists: split_verse_perf_test.events_0_9999
[2025-09-19 21:36:15.673] INFO  [MultiTableRepo.events] Ensured table exists: split_verse_perf_test.events_0_9999
[2025-09-19 21:36:15.677] INFO  [MultiTableRepo.events] Ensured table exists: split_verse_perf_test.events_0_9999
[2025-09-19 21:36:15.681] INFO  [MultiTableRepo.events] Ensured table exists: split_verse_perf_test.events_0_9999
[2025-09-19 21:36:15.681] INFO  [MultiTableRepo.events] Ensured table exists: split_verse_perf_test.events_0_9999
[2025-09-19 21:36:15.683] INFO  [MultiTableRepo.events] Ensured table exists: split_verse_perf_test.events_0_9999
[2025-09-19 21:36:15.686] INFO  [MultiTableRepo.events] Ensured table exists: split_verse_perf_test.events_0_9999
[2025-09-19 21:36:15.688] INFO  [MultiTableRepo.events] Ensured table exists: split_verse_perf_test.events_0_9999
[2025-09-19 21:36:15.691] INFO  [MultiTableRepo.events] Ensured table exists: split_verse_perf_test.events_0_9999
[2025-09-19 21:36:15.694] INFO  [MultiTableRepo.events] Ensured table exists: split_verse_perf_test.events_0_9999
[2025-09-19 21:36:15.697] INFO  [MultiTableRepo.events] Ensured table exists: split_verse_perf_test.events_0_9999
[2025-09-19 21:36:15.697] INFO  [MultiTableRepo.events] Ensured table exists: split_verse_perf_test.events_0_9999
[2025-09-19 21:36:15.702] INFO  [MultiTableRepo.events] Ensured table exists: split_verse_perf_test.events_0_9999
[2025-09-19 21:36:15.704] INFO  [MultiTableRepo.events] Ensured table exists: split_verse_perf_test.events_0_9999
[2025-09-19 21:36:15.708] INFO  [MultiTableRepo.events] Ensured table exists: split_verse_perf_test.events_0_9999
[2025-09-19 21:36:15.712] INFO  [MultiTableRepo.events] Ensured table exists: split_verse_perf_test.events_0_9999
[2025-09-19 21:36:15.713] INFO  [MultiTableRepo.events] Ensured table exists: split_verse_perf_test.events_0_9999
[2025-09-19 21:36:15.718] INFO  [MultiTableRepo.events] Ensured table exists: split_verse_perf_test.events_0_9999
[2025-09-19 21:36:15.720] INFO  [MultiTableRepo.events] Ensured table exists: split_verse_perf_test.events_0_9999
[2025-09-19 21:36:15.720] INFO  [MultiTableRepo.events] Ensured table exists: split_verse_perf_test.events_0_9999
[2025-09-19 21:36:15.723] INFO  [MultiTableRepo.events] Ensured table exists: split_verse_perf_test.events_0_9999
[2025-09-19 21:36:15.724] INFO  [MultiTableRepo.events] Ensured table exists: split_verse_perf_test.events_0_9999
[2025-09-19 21:36:15.724] INFO  [MultiTableRepo.events] Ensured table exists: split_verse_perf_test.events_0_9999
[2025-09-19 21:36:15.731] INFO  [MultiTableRepo.events] Ensured table exists: split_verse_perf_test.events_0_9999
[2025-09-19 21:36:15.735] INFO  [MultiTableRepo.events] Ensured table exists: split_verse_perf_test.events_0_9999
[2025-09-19 21:36:15.737] INFO  [MultiTableRepo.events] Ensured table exists: split_verse_perf_test.events_0_9999
[2025-09-19 21:36:15.737] INFO  [MultiTableRepo.events] Ensured table exists: split_verse_perf_test.events_0_9999
[2025-09-19 21:36:15.738] INFO  [MultiTableRepo.events] Ensured table exists: split_verse_perf_test.events_0_9999
[2025-09-19 21:36:15.738] INFO  [MultiTableRepo.events] Ensured table exists: split_verse_perf_test.events_0_9999
[2025-09-19 21:36:15.743] INFO  [MultiTableRepo.events] Ensured table exists: split_verse_perf_test.events_0_9999
[2025-09-19 21:36:15.743] INFO  [MultiTableRepo.events] Ensured table exists: split_verse_perf_test.events_0_9999
[2025-09-19 21:36:15.745] INFO  [MultiTableRepo.events] Ensured table exists: split_verse_perf_test.events_0_9999
[2025-09-19 21:36:15.745] INFO  [MultiTableRepo.events] Ensured table exists: split_verse_perf_test.events_0_9999
[2025-09-19 21:36:15.754] INFO  [MultiTableRepo.events] Ensured table exists: split_verse_perf_test.events_0_9999
[2025-09-19 21:36:15.755] INFO  [MultiTableRepo.events] Ensured table exists: split_verse_perf_test.events_0_9999
[2025-09-19 21:36:15.755] INFO  [MultiTableRepo.events] Ensured table exists: split_verse_perf_test.events_0_9999
[2025-09-19 21:36:15.764] INFO  [MultiTableRepo.events] Ensured table exists: split_verse_perf_test.events_0_9999
[2025-09-19 21:36:15.765] INFO  [MultiTableRepo.events] Ensured table exists: split_verse_perf_test.events_0_9999
[2025-09-19 21:36:15.778] INFO  [MultiTableRepo.events] Ensured table exists: split_verse_perf_test.events_0_9999
[2025-09-19 21:36:15.796] INFO  [MultiTableRepo.events] Ensured table exists: split_verse_perf_test.events_0_9999
[2025-09-19 21:36:15.834] INFO  [MultiTableRepo.events] Ensured table exists: split_verse_perf_test.events_0_9999
[2025-09-19 21:36:15.842] INFO  [MultiTableRepo.events] Ensured table exists: split_verse_perf_test.events_0_9999
[2025-09-19 21:36:15.849] INFO  [MultiTableRepo.events] Ensured table exists: split_verse_perf_test.events_0_9999
[2025-09-19 21:36:15.867] INFO  [MultiTableRepo.events] Ensured table exists: split_verse_perf_test.events_0_9999
[2025-09-19 21:36:15.874] INFO  [MultiTableRepo.events] Ensured table exists: split_verse_perf_test.events_0_9999
[2025-09-19 21:36:15.873] INFO  [MultiTableRepo.events] Ensured table exists: split_verse_perf_test.events_0_9999
[2025-09-19 21:36:15.876] INFO  [MultiTableRepo.events] Ensured table exists: split_verse_perf_test.events_0_9999
[2025-09-19 21:36:15.881] INFO  [MultiTableRepo.events] Ensured table exists: split_verse_perf_test.events_0_9999
[2025-09-19 21:36:15.885] INFO  [MultiTableRepo.events] Ensured table exists: split_verse_perf_test.events_0_9999
[2025-09-19 21:36:15.886] INFO  [MultiTableRepo.events] Ensured table exists: split_verse_perf_test.events_0_9999
[2025-09-19 21:36:15.890] INFO  [MultiTableRepo.events] Ensured table exists: split_verse_perf_test.events_0_9999
[2025-09-19 21:36:15.892] INFO  [MultiTableRepo.events] Ensured table exists: split_verse_perf_test.events_0_9999
[2025-09-19 21:36:15.893] INFO  [MultiTableRepo.events] Ensured table exists: split_verse_perf_test.events_0_9999
[2025-09-19 21:36:15.897] INFO  [MultiTableRepo.events] Ensured table exists: split_verse_perf_test.events_0_9999
[2025-09-19 21:36:15.899] INFO  [MultiTableRepo.events] Ensured table exists: split_verse_perf_test.events_0_9999
[2025-09-19 21:36:15.901] INFO  [MultiTableRepo.events] Ensured table exists: split_verse_perf_test.events_0_9999
[2025-09-19 21:36:15.901] INFO  [MultiTableRepo.events] Ensured table exists: split_verse_perf_test.events_0_9999
[2025-09-19 21:36:15.903] INFO  [MultiTableRepo.events] Ensured table exists: split_verse_perf_test.events_0_9999
[2025-09-19 21:36:15.906] INFO  [MultiTableRepo.events] Ensured table exists: split_verse_perf_test.events_0_9999
[2025-09-19 21:36:15.910] INFO  [MultiTableRepo.events] Ensured table exists: split_verse_perf_test.events_0_9999
[2025-09-19 21:36:15.912] INFO  [MultiTableRepo.events] Ensured table exists: split_verse_perf_test.events_0_9999
[2025-09-19 21:36:15.914] INFO  [MultiTableRepo.events] Ensured table exists: split_verse_perf_test.events_0_9999
[2025-09-19 21:36:15.915] INFO  [MultiTableRepo.events] Ensured table exists: split_verse_perf_test.events_0_9999
[2025-09-19 21:36:15.916] INFO  [MultiTableRepo.events] Ensured table exists: split_verse_perf_test.events_0_9999
[2025-09-19 21:36:15.919] INFO  [MultiTableRepo.events] Ensured table exists: split_verse_perf_test.events_0_9999
[2025-09-19 21:36:15.926] INFO  [MultiTableRepo.events] Ensured table exists: split_verse_perf_test.events_0_9999
[2025-09-19 21:36:15.926] INFO  [MultiTableRepo.events] Ensured table exists: split_verse_perf_test.events_0_9999
[2025-09-19 21:36:15.928] INFO  [MultiTableRepo.events] Ensured table exists: split_verse_perf_test.events_0_9999
[2025-09-19 21:36:15.932] INFO  [MultiTableRepo.events] Ensured table exists: split_verse_perf_test.events_0_9999
[2025-09-19 21:36:15.937] INFO  [MultiTableRepo.events] Ensured table exists: split_verse_perf_test.events_0_9999
[2025-09-19 21:36:15.940] INFO  [MultiTableRepo.events] Ensured table exists: split_verse_perf_test.events_0_9999
[2025-09-19 21:36:15.940] INFO  [MultiTableRepo.events] Ensured table exists: split_verse_perf_test.events_0_9999
[2025-09-19 21:36:15.947] INFO  [MultiTableRepo.events] Ensured table exists: split_verse_perf_test.events_0_9999
[2025-09-19 21:36:15.950] INFO  [MultiTableRepo.events] Ensured table exists: split_verse_perf_test.events_0_9999
[2025-09-19 21:36:15.953] INFO  [MultiTableRepo.events] Ensured table exists: split_verse_perf_test.events_0_9999
[2025-09-19 21:36:15.953] INFO  [MultiTableRepo.events] Ensured table exists: split_verse_perf_test.events_0_9999
[2025-09-19 21:36:15.954] INFO  [MultiTableRepo.events] Ensured table exists: split_verse_perf_test.events_0_9999
[2025-09-19 21:36:15.956] INFO  [MultiTableRepo.events] Ensured table exists: split_verse_perf_test.events_0_9999
[2025-09-19 21:36:15.957] INFO  [MultiTableRepo.events] Ensured table exists: split_verse_perf_test.events_0_9999
[2025-09-19 21:36:15.961] INFO  [MultiTableRepo.events] Ensured table exists: split_verse_perf_test.events_0_9999
[2025-09-19 21:36:15.978] INFO  [MultiTableRepo.events] Ensured table exists: split_verse_perf_test.events_0_9999
[2025-09-19 21:36:15.979] INFO  [MultiTableRepo.events] Ensured table exists: split_verse_perf_test.events_0_9999
[2025-09-19 21:36:15.994] INFO  [MultiTableRepo.events] Ensured table exists: split_verse_perf_test.events_0_9999
[2025-09-19 21:36:15.996] INFO  [MultiTableRepo.events] Ensured table exists: split_verse_perf_test.events_0_9999
[2025-09-19 21:36:16.009] INFO  [MultiTableRepo.events] Ensured table exists: split_verse_perf_test.events_0_9999
[2025-09-19 21:36:16.019] INFO  [MultiTableRepo.events] Ensured table exists: split_verse_perf_test.events_0_9999
[2025-09-19 21:36:16.024] INFO  [MultiTableRepo.events] Ensured table exists: split_verse_perf_test.events_0_9999
[2025-09-19 21:36:16.044] INFO  [MultiTableRepo.events] Ensured table exists: split_verse_perf_test.events_0_9999
[2025-09-19 21:36:16.064] INFO  [MultiTableRepo.events] Ensured table exists: split_verse_perf_test.events_0_9999
[2025-09-19 21:36:16.083] INFO  [MultiTableRepo.events] Ensured table exists: split_verse_perf_test.events_0_9999
[2025-09-19 21:36:16.100] INFO  [MultiTableRepo.events] Ensured table exists: split_verse_perf_test.events_0_9999
[2025-09-19 21:36:16.106] INFO  [MultiTableRepo.events] Ensured table exists: split_verse_perf_test.events_0_9999
[2025-09-19 21:36:16.109] INFO  [MultiTableRepo.events] Ensured table exists: split_verse_perf_test.events_0_9999
[2025-09-19 21:36:16.113] INFO  [MultiTableRepo.events] Ensured table exists: split_verse_perf_test.events_0_9999
[2025-09-19 21:36:16.115] INFO  [MultiTableRepo.events] Ensured table exists: split_verse_perf_test.events_0_9999
[2025-09-19 21:36:16.119] INFO  [MultiTableRepo.events] Ensured table exists: split_verse_perf_test.events_0_9999
[2025-09-19 21:36:16.119] INFO  [MultiTableRepo.events] Ensured table exists: split_verse_perf_test.events_0_9999
[2025-09-19 21:36:16.119] INFO  [MultiTableRepo.events] Ensured table exists: split_verse_perf_test.events_0_9999
[2025-09-19 21:36:16.122] INFO  [MultiTableRepo.events] Ensured table exists: split_verse_perf_test.events_0_9999
[2025-09-19 21:36:16.127] INFO  [MultiTableRepo.events] Ensured table exists: split_verse_perf_test.events_0_9999
[2025-09-19 21:36:16.129] INFO  [MultiTableRepo.events] Ensured table exists: split_verse_perf_test.events_0_9999
[2025-09-19 21:36:16.132] INFO  [MultiTableRepo.events] Ensured table exists: split_verse_perf_test.events_0_9999
[2025-09-19 21:36:16.133] INFO  [MultiTableRepo.events] Ensured table exists: split_verse_perf_test.events_0_9999
[2025-09-19 21:36:16.137] INFO  [MultiTableRepo.events] Ensured table exists: split_verse_perf_test.events_0_9999
[2025-09-19 21:36:16.139] INFO  [MultiTableRepo.events] Ensured table exists: split_verse_perf_test.events_0_9999
[2025-09-19 21:36:16.139] INFO  [MultiTableRepo.events] Ensured table exists: split_verse_perf_test.events_0_9999
[2025-09-19 21:36:16.141] INFO  [MultiTableRepo.events] Ensured table exists: split_verse_perf_test.events_0_9999
[2025-09-19 21:36:16.143] INFO  [MultiTableRepo.events] Ensured table exists: split_verse_perf_test.events_0_9999
[2025-09-19 21:36:16.145] INFO  [MultiTableRepo.events] Ensured table exists: split_verse_perf_test.events_0_9999
[2025-09-19 21:36:16.145] INFO  [MultiTableRepo.events] Ensured table exists: split_verse_perf_test.events_0_9999
[2025-09-19 21:36:16.150] INFO  [MultiTableRepo.events] Ensured table exists: split_verse_perf_test.events_0_9999
[2025-09-19 21:36:16.152] INFO  [MultiTableRepo.events] Ensured table exists: split_verse_perf_test.events_0_9999
[2025-09-19 21:36:16.152] INFO  [MultiTableRepo.events] Ensured table exists: split_verse_perf_test.events_0_9999
[2025-09-19 21:36:16.153] INFO  [MultiTableRepo.events] Ensured table exists: split_verse_perf_test.events_0_9999
[2025-09-19 21:36:16.154] INFO  [MultiTableRepo.events] Ensured table exists: split_verse_perf_test.events_0_9999
[2025-09-19 21:36:16.156] INFO  [MultiTableRepo.events] Ensured table exists: split_verse_perf_test.events_0_9999
[2025-09-19 21:36:16.156] INFO  [MultiTableRepo.events] Ensured table exists: split_verse_perf_test.events_0_9999
[2025-09-19 21:36:16.157] INFO  [MultiTableRepo.events] Ensured table exists: split_verse_perf_test.events_0_9999
[2025-09-19 21:36:16.158] INFO  [MultiTableRepo.events] Ensured table exists: split_verse_perf_test.events_0_9999
[2025-09-19 21:36:16.164] INFO  [MultiTableRepo.events] Ensured table exists: split_verse_perf_test.events_0_9999
[2025-09-19 21:36:16.165] INFO  [MultiTableRepo.events] Ensured table exists: split_verse_perf_test.events_0_9999
[2025-09-19 21:36:16.167] INFO  [MultiTableRepo.events] Ensured table exists: split_verse_perf_test.events_0_9999
[2025-09-19 21:36:16.169] INFO  [MultiTableRepo.events] Ensured table exists: split_verse_perf_test.events_0_9999
[2025-09-19 21:36:16.172] INFO  [MultiTableRepo.events] Ensured table exists: split_verse_perf_test.events_0_9999
[2025-09-19 21:36:16.172] INFO  [MultiTableRepo.events] Ensured table exists: split_verse_perf_test.events_0_9999
[2025-09-19 21:36:16.172] INFO  [MultiTableRepo.events] Ensured table exists: split_verse_perf_test.events_0_9999
[2025-09-19 21:36:16.172] INFO  [MultiTableRepo.events] Ensured table exists: split_verse_perf_test.events_0_9999
[2025-09-19 21:36:16.173] INFO  [MultiTableRepo.events] Ensured table exists: split_verse_perf_test.events_0_9999
[2025-09-19 21:36:16.173] INFO  [MultiTableRepo.events] Ensured table exists: split_verse_perf_test.events_0_9999
[2025-09-19 21:36:16.182] INFO  [MultiTableRepo.events] Ensured table exists: split_verse_perf_test.events_0_9999
[2025-09-19 21:36:16.182] INFO  [MultiTableRepo.events] Ensured table exists: split_verse_perf_test.events_0_9999
[2025-09-19 21:36:16.185] INFO  [MultiTableRepo.events] Ensured table exists: split_verse_perf_test.events_0_9999
[2025-09-19 21:36:16.185] INFO  [MultiTableRepo.events] Ensured table exists: split_verse_perf_test.events_0_9999
[2025-09-19 21:36:16.190] INFO  [MultiTableRepo.events] Ensured table exists: split_verse_perf_test.events_0_9999
[2025-09-19 21:36:16.198] INFO  [MultiTableRepo.events] Ensured table exists: split_verse_perf_test.events_0_9999
[2025-09-19 21:36:16.200] INFO  [MultiTableRepo.events] Ensured table exists: split_verse_perf_test.events_0_9999
[2025-09-19 21:36:16.210] INFO  [MultiTableRepo.events] Ensured table exists: split_verse_perf_test.events_0_9999
[2025-09-19 21:36:16.211] INFO  [MultiTableRepo.events] Ensured table exists: split_verse_perf_test.events_0_9999
[2025-09-19 21:36:16.217] INFO  [MultiTableRepo.events] Ensured table exists: split_verse_perf_test.events_0_9999
[2025-09-19 21:36:16.230] INFO  [MultiTableRepo.events] Ensured table exists: split_verse_perf_test.events_0_9999
[2025-09-19 21:36:16.231] INFO  [MultiTableRepo.events] Ensured table exists: split_verse_perf_test.events_0_9999
[2025-09-19 21:36:16.232] INFO  [MultiTableRepo.events] Ensured table exists: split_verse_perf_test.events_0_9999
[2025-09-19 21:36:16.241] INFO  [MultiTableRepo.events] Ensured table exists: split_verse_perf_test.events_0_9999
[2025-09-19 21:36:16.258] INFO  [MultiTableRepo.events] Ensured table exists: split_verse_perf_test.events_0_9999
[2025-09-19 21:36:16.259] INFO  [MultiTableRepo.events] Ensured table exists: split_verse_perf_test.events_0_9999
[2025-09-19 21:36:16.261] INFO  [MultiTableRepo.events] Ensured table exists: split_verse_perf_test.events_0_9999
[2025-09-19 21:36:16.267] INFO  [MultiTableRepo.events] Ensured table exists: split_verse_perf_test.events_0_9999
[2025-09-19 21:36:16.271] INFO  [MultiTableRepo.events] Ensured table exists: split_verse_perf_test.events_0_9999
[2025-09-19 21:36:16.280] INFO  [MultiTableRepo.events] Ensured table exists: split_verse_perf_test.events_0_9999
[2025-09-19 21:36:16.282] INFO  [MultiTableRepo.events] Ensured table exists: split_verse_perf_test.events_0_9999
[2025-09-19 21:36:16.283] INFO  [MultiTableRepo.events] Ensured table exists: split_verse_perf_test.events_0_9999
[2025-09-19 21:36:16.284] INFO  [MultiTableRepo.events] Ensured table exists: split_verse_perf_test.events_0_9999
[2025-09-19 21:36:16.285] INFO  [MultiTableRepo.events] Ensured table exists: split_verse_perf_test.events_0_9999
[2025-09-19 21:36:16.293] INFO  [MultiTableRepo.events] Ensured table exists: split_verse_perf_test.events_0_9999
[2025-09-19 21:36:16.302] INFO  [MultiTableRepo.events] Ensured table exists: split_verse_perf_test.events_0_9999
[2025-09-19 21:36:16.303] INFO  [MultiTableRepo.events] Ensured table exists: split_verse_perf_test.events_0_9999
[2025-09-19 21:36:16.305] INFO  [MultiTableRepo.events] Ensured table exists: split_verse_perf_test.events_0_9999
[2025-09-19 21:36:16.308] INFO  [MultiTableRepo.events] Ensured table exists: split_verse_perf_test.events_0_9999
[2025-09-19 21:36:16.315] INFO  [MultiTableRepo.events] Ensured table exists: split_verse_perf_test.events_0_9999
[2025-09-19 21:36:16.319] INFO  [MultiTableRepo.events] Ensured table exists: split_verse_perf_test.events_0_9999
[2025-09-19 21:36:16.321] INFO  [MultiTableRepo.events] Ensured table exists: split_verse_perf_test.events_0_9999
[2025-09-19 21:36:16.322] INFO  [MultiTableRepo.events] Ensured table exists: split_verse_perf_test.events_0_9999
[2025-09-19 21:36:16.325] INFO  [MultiTableRepo.events] Ensured table exists: split_verse_perf_test.events_0_9999
[2025-09-19 21:36:16.326] INFO  [MultiTableRepo.events] Ensured table exists: split_verse_perf_test.events_0_9999
[2025-09-19 21:36:16.335] INFO  [MultiTableRepo.events] Ensured table exists: split_verse_perf_test.events_0_9999
[2025-09-19 21:36:16.339] INFO  [MultiTableRepo.events] Ensured table exists: split_verse_perf_test.events_0_9999
[2025-09-19 21:36:16.349] INFO  [MultiTableRepo.events] Ensured table exists: split_verse_perf_test.events_0_9999
[2025-09-19 21:36:16.355] INFO  [MultiTableRepo.events] Ensured table exists: split_verse_perf_test.events_0_9999
[2025-09-19 21:36:16.356] INFO  [MultiTableRepo.events] Ensured table exists: split_verse_perf_test.events_0_9999
[2025-09-19 21:36:16.356] INFO  [MultiTableRepo.events] Ensured table exists: split_verse_perf_test.events_0_9999
[2025-09-19 21:36:16.375] INFO  [MultiTableRepo.events] Ensured table exists: split_verse_perf_test.events_0_9999
[2025-09-19 21:36:16.376] INFO  [MultiTableRepo.events] Ensured table exists: split_verse_perf_test.events_0_9999
[2025-09-19 21:36:16.400] INFO  [MultiTableRepo.events] Ensured table exists: split_verse_perf_test.events_0_9999
[2025-09-19 21:36:16.403] INFO  [MultiTableRepo.events] Ensured table exists: split_verse_perf_test.events_0_9999
[2025-09-19 21:36:16.407] INFO  [MultiTableRepo.events] Ensured table exists: split_verse_perf_test.events_0_9999
[2025-09-19 21:36:16.417] INFO  [MultiTableRepo.events] Ensured table exists: split_verse_perf_test.events_0_9999
[2025-09-19 21:36:16.424] INFO  [MultiTableRepo.events] Ensured table exists: split_verse_perf_test.events_0_9999
[2025-09-19 21:36:16.431] INFO  [MultiTableRepo.events] Ensured table exists: split_verse_perf_test.events_0_9999
[2025-09-19 21:36:16.436] INFO  [MultiTableRepo.events] Ensured table exists: split_verse_perf_test.events_0_9999
[2025-09-19 21:36:16.444] INFO  [MultiTableRepo.events] Ensured table exists: split_verse_perf_test.events_0_9999
[2025-09-19 21:36:16.446] INFO  [MultiTableRepo.events] Ensured table exists: split_verse_perf_test.events_0_9999
[2025-09-19 21:36:16.466] INFO  [MultiTableRepo.events] Ensured table exists: split_verse_perf_test.events_0_9999
[2025-09-19 21:36:16.469] INFO  [MultiTableRepo.events] Ensured table exists: split_verse_perf_test.events_0_9999
[2025-09-19 21:36:16.488] INFO  [MultiTableRepo.events] Ensured table exists: split_verse_perf_test.events_0_9999
[2025-09-19 21:36:16.490] INFO  [MultiTableRepo.events] Ensured table exists: split_verse_perf_test.events_0_9999
[2025-09-19 21:36:16.514] INFO  [MultiTableRepo.events] Ensured table exists: split_verse_perf_test.events_0_9999
[2025-09-19 21:36:16.524] INFO  [MultiTableRepo.events] Ensured table exists: split_verse_perf_test.events_0_9999
[2025-09-19 21:36:16.551] INFO  [MultiTableRepo.events] Ensured table exists: split_verse_perf_test.events_0_9999
[2025-09-19 21:36:16.552] INFO  [MultiTableRepo.events] Ensured table exists: split_verse_perf_test.events_0_9999
[2025-09-19 21:36:16.561] INFO  [MultiTableRepo.events] Ensured table exists: split_verse_perf_test.events_0_9999
[2025-09-19 21:36:16.564] INFO  [MultiTableRepo.events] Ensured table exists: split_verse_perf_test.events_0_9999
[2025-09-19 21:36:16.570] INFO  [MultiTableRepo.events] Ensured table exists: split_verse_perf_test.events_0_9999
[2025-09-19 21:36:16.575] INFO  [MultiTableRepo.events] Ensured table exists: split_verse_perf_test.events_0_9999
[2025-09-19 21:36:16.577] INFO  [MultiTableRepo.events] Ensured table exists: split_verse_perf_test.events_0_9999
[2025-09-19 21:36:16.582] INFO  [MultiTableRepo.events] Ensured table exists: split_verse_perf_test.events_0_9999
[2025-09-19 21:36:16.582] INFO  [MultiTableRepo.events] Ensured table exists: split_verse_perf_test.events_0_9999
[2025-09-19 21:36:16.588] INFO  [MultiTableRepo.events] Ensured table exists: split_verse_perf_test.events_0_9999
[2025-09-19 21:36:16.592] INFO  [MultiTableRepo.events] Ensured table exists: split_verse_perf_test.events_0_9999
[2025-09-19 21:36:16.597] INFO  [MultiTableRepo.events] Ensured table exists: split_verse_perf_test.events_0_9999
[2025-09-19 21:36:16.609] INFO  [MultiTableRepo.events] Ensured table exists: split_verse_perf_test.events_0_9999
[2025-09-19 21:36:16.610] INFO  [MultiTableRepo.events] Ensured table exists: split_verse_perf_test.events_0_9999
[2025-09-19 21:36:16.610] INFO  [MultiTableRepo.events] Ensured table exists: split_verse_perf_test.events_0_9999
[2025-09-19 21:36:16.610] INFO  [MultiTableRepo.events] Ensured table exists: split_verse_perf_test.events_0_9999
[2025-09-19 21:36:16.611] INFO  [MultiTableRepo.events] Ensured table exists: split_verse_perf_test.events_0_9999
[2025-09-19 21:36:16.612] INFO  [MultiTableRepo.events] Ensured table exists: split_verse_perf_test.events_0_9999
[2025-09-19 21:36:16.612] INFO  [MultiTableRepo.events] Ensured table exists: split_verse_perf_test.events_0_9999
[2025-09-19 21:36:16.626] INFO  [MultiTableRepo.events] Ensured table exists: split_verse_perf_test.events_0_9999
[2025-09-19 21:36:16.626] INFO  [MultiTableRepo.events] Ensured table exists: split_verse_perf_test.events_0_9999
[2025-09-19 21:36:16.627] INFO  [MultiTableRepo.events] Ensured table exists: split_verse_perf_test.events_0_9999
[2025-09-19 21:36:16.626] INFO  [MultiTableRepo.events] Ensured table exists: split_verse_perf_test.events_0_9999
[2025-09-19 21:36:16.628] INFO  [MultiTableRepo.events] Ensured table exists: split_verse_perf_test.events_0_9999
[2025-09-19 21:36:16.631] INFO  [MultiTableRepo.events] Ensured table exists: split_verse_perf_test.events_0_9999
[2025-09-19 21:36:16.632] INFO  [MultiTableRepo.events] Ensured table exists: split_verse_perf_test.events_0_9999
[2025-09-19 21:36:16.641] INFO  [MultiTableRepo.events] Ensured table exists: split_verse_perf_test.events_0_9999
[2025-09-19 21:36:16.647] INFO  [MultiTableRepo.events] Ensured table exists: split_verse_perf_test.events_0_9999
[2025-09-19 21:36:16.647] INFO  [MultiTableRepo.events] Ensured table exists: split_verse_perf_test.events_0_9999
[2025-09-19 21:36:16.648] INFO  [MultiTableRepo.events] Ensured table exists: split_verse_perf_test.events_0_9999
[2025-09-19 21:36:16.648] INFO  [MultiTableRepo.events] Ensured table exists: split_verse_perf_test.events_0_9999
[2025-09-19 21:36:16.648] INFO  [MultiTableRepo.events] Ensured table exists: split_verse_perf_test.events_0_9999
[2025-09-19 21:36:16.648] INFO  [MultiTableRepo.events] Ensured table exists: split_verse_perf_test.events_0_9999
[2025-09-19 21:36:16.649] INFO  [MultiTableRepo.events] Ensured table exists: split_verse_perf_test.events_0_9999
[2025-09-19 21:36:16.657] INFO  [MultiTableRepo.events] Ensured table exists: split_verse_perf_test.events_0_9999
[2025-09-19 21:36:16.667] INFO  [MultiTableRepo.events] Ensured table exists: split_verse_perf_test.events_0_9999
[2025-09-19 21:36:16.668] INFO  [MultiTableRepo.events] Ensured table exists: split_verse_perf_test.events_0_9999
[2025-09-19 21:36:16.669] INFO  [MultiTableRepo.events] Ensured table exists: split_verse_perf_test.events_0_9999
[2025-09-19 21:36:16.669] INFO  [MultiTableRepo.events] Ensured table exists: split_verse_perf_test.events_0_9999
[2025-09-19 21:36:16.678] INFO  [MultiTableRepo.events] Ensured table exists: split_verse_perf_test.events_0_9999
[2025-09-19 21:36:16.678] INFO  [MultiTableRepo.events] Ensured table exists: split_verse_perf_test.events_0_9999
[2025-09-19 21:36:16.683] INFO  [MultiTableRepo.events] Ensured table exists: split_verse_perf_test.events_0_9999
[2025-09-19 21:36:16.692] INFO  [MultiTableRepo.events] Ensured table exists: split_verse_perf_test.events_0_9999
[2025-09-19 21:36:16.695] INFO  [MultiTableRepo.events] Ensured table exists: split_verse_perf_test.events_0_9999
[2025-09-19 21:36:16.697] INFO  [MultiTableRepo.events] Ensured table exists: split_verse_perf_test.events_0_9999
[2025-09-19 21:36:16.697] INFO  [MultiTableRepo.events] Ensured table exists: split_verse_perf_test.events_0_9999
[2025-09-19 21:36:16.712] INFO  [MultiTableRepo.events] Ensured table exists: split_verse_perf_test.events_0_9999
[2025-09-19 21:36:16.720] INFO  [MultiTableRepo.events] Ensured table exists: split_verse_perf_test.events_0_9999
[2025-09-19 21:36:16.721] INFO  [MultiTableRepo.events] Ensured table exists: split_verse_perf_test.events_0_9999
[2025-09-19 21:36:16.726] INFO  [MultiTableRepo.events] Ensured table exists: split_verse_perf_test.events_0_9999
[2025-09-19 21:36:16.730] INFO  [MultiTableRepo.events] Ensured table exists: split_verse_perf_test.events_0_9999
[2025-09-19 21:36:16.732] INFO  [MultiTableRepo.events] Ensured table exists: split_verse_perf_test.events_0_9999
[2025-09-19 21:36:16.733] INFO  [MultiTableRepo.events] Ensured table exists: split_verse_perf_test.events_0_9999
[2025-09-19 21:36:16.735] INFO  [MultiTableRepo.events] Ensured table exists: split_verse_perf_test.events_0_9999
[2025-09-19 21:36:16.741] INFO  [MultiTableRepo.events] Ensured table exists: split_verse_perf_test.events_0_9999
[2025-09-19 21:36:16.744] INFO  [MultiTableRepo.events] Ensured table exists: split_verse_perf_test.events_0_9999
[2025-09-19 21:36:16.745] INFO  [MultiTableRepo.events] Ensured table exists: split_verse_perf_test.events_0_9999
[2025-09-19 21:36:16.751] INFO  [MultiTableRepo.events] Ensured table exists: split_verse_perf_test.events_0_9999
[2025-09-19 21:36:16.756] INFO  [MultiTableRepo.events] Ensured table exists: split_verse_perf_test.events_0_9999
[2025-09-19 21:36:16.757] INFO  [MultiTableRepo.events] Ensured table exists: split_verse_perf_test.events_0_9999
[2025-09-19 21:36:16.757] INFO  [MultiTableRepo.events] Ensured table exists: split_verse_perf_test.events_0_9999
[2025-09-19 21:36:16.759] INFO  [MultiTableRepo.events] Ensured table exists: split_verse_perf_test.events_0_9999
[2025-09-19 21:36:16.761] INFO  [MultiTableRepo.events] Ensured table exists: split_verse_perf_test.events_0_9999
[2025-09-19 21:36:16.763] INFO  [MultiTableRepo.events] Ensured table exists: split_verse_perf_test.events_0_9999
[2025-09-19 21:36:16.764] INFO  [MultiTableRepo.events] Ensured table exists: split_verse_perf_test.events_0_9999
[2025-09-19 21:36:16.770] INFO  [MultiTableRepo.events] Ensured table exists: split_verse_perf_test.events_0_9999
[2025-09-19 21:36:16.776] INFO  [MultiTableRepo.events] Ensured table exists: split_verse_perf_test.events_0_9999
[2025-09-19 21:36:16.777] INFO  [MultiTableRepo.events] Ensured table exists: split_verse_perf_test.events_0_9999
[2025-09-19 21:36:16.779] INFO  [MultiTableRepo.events] Ensured table exists: split_verse_perf_test.events_0_9999
[2025-09-19 21:36:16.781] INFO  [MultiTableRepo.events] Ensured table exists: split_verse_perf_test.events_0_9999
[2025-09-19 21:36:16.782] INFO  [MultiTableRepo.events] Ensured table exists: split_verse_perf_test.events_0_9999
[2025-09-19 21:36:16.792] INFO  [MultiTableRepo.events] Ensured table exists: split_verse_perf_test.events_0_9999
[2025-09-19 21:36:16.794] INFO  [MultiTableRepo.events] Ensured table exists: split_verse_perf_test.events_0_9999
[2025-09-19 21:36:16.795] INFO  [MultiTableRepo.events] Ensured table exists: split_verse_perf_test.events_0_9999
[2025-09-19 21:36:16.796] INFO  [MultiTableRepo.events] Ensured table exists: split_verse_perf_test.events_0_9999
[2025-09-19 21:36:16.796] INFO  [MultiTableRepo.events] Ensured table exists: split_verse_perf_test.events_0_9999
[2025-09-19 21:36:16.796] INFO  [MultiTableRepo.events] Ensured table exists: split_verse_perf_test.events_0_9999
[2025-09-19 21:36:16.811] INFO  [MultiTableRepo.events] Ensured table exists: split_verse_perf_test.events_0_9999
[2025-09-19 21:36:16.811] INFO  [MultiTableRepo.events] Ensured table exists: split_verse_perf_test.events_0_9999
[2025-09-19 21:36:16.812] INFO  [MultiTableRepo.events] Ensured table exists: split_verse_perf_test.events_0_9999
[2025-09-19 21:36:16.813] INFO  [MultiTableRepo.events] Ensured table exists: split_verse_perf_test.events_0_9999
[2025-09-19 21:36:16.812] INFO  [MultiTableRepo.events] Ensured table exists: split_verse_perf_test.events_0_9999
[2025-09-19 21:36:16.829] INFO  [MultiTableRepo.events] Ensured table exists: split_verse_perf_test.events_0_9999
[2025-09-19 21:36:16.833] INFO  [MultiTableRepo.events] Ensured table exists: split_verse_perf_test.events_0_9999
[2025-09-19 21:36:16.845] INFO  [MultiTableRepo.events] Ensured table exists: split_verse_perf_test.events_0_9999
[2025-09-19 21:36:16.847] INFO  [MultiTableRepo.events] Ensured table exists: split_verse_perf_test.events_0_9999
[2025-09-19 21:36:16.850] INFO  [MultiTableRepo.events] Ensured table exists: split_verse_perf_test.events_0_9999
[2025-09-19 21:36:16.865] INFO  [MultiTableRepo.events] Ensured table exists: split_verse_perf_test.events_0_9999
[2025-09-19 21:36:16.872] INFO  [MultiTableRepo.events] Ensured table exists: split_verse_perf_test.events_0_9999
[2025-09-19 21:36:16.881] INFO  [MultiTableRepo.events] Ensured table exists: split_verse_perf_test.events_0_9999
[2025-09-19 21:36:16.882] INFO  [MultiTableRepo.events] Ensured table exists: split_verse_perf_test.events_0_9999
[2025-09-19 21:36:16.897] INFO  [MultiTableRepo.events] Ensured table exists: split_verse_perf_test.events_0_9999
[2025-09-19 21:36:16.904] INFO  [MultiTableRepo.events] Ensured table exists: split_verse_perf_test.events_0_9999
[2025-09-19 21:36:16.908] INFO  [MultiTableRepo.events] Ensured table exists: split_verse_perf_test.events_0_9999
[2025-09-19 21:36:16.919] INFO  [MultiTableRepo.events] Ensured table exists: split_verse_perf_test.events_0_9999
[2025-09-19 21:36:16.924] INFO  [MultiTableRepo.events] Ensured table exists: split_verse_perf_test.events_0_9999
[2025-09-19 21:36:16.929] INFO  [MultiTableRepo.events] Ensured table exists: split_verse_perf_test.events_0_9999
[2025-09-19 21:36:16.946] INFO  [MultiTableRepo.events] Ensured table exists: split_verse_perf_test.events_0_9999
[2025-09-19 21:36:16.949] INFO  [MultiTableRepo.events] Ensured table exists: split_verse_perf_test.events_0_9999
[2025-09-19 21:36:16.961] INFO  [MultiTableRepo.events] Ensured table exists: split_verse_perf_test.events_0_9999
[2025-09-19 21:36:16.971] INFO  [MultiTableRepo.events] Ensured table exists: split_verse_perf_test.events_0_9999
[2025-09-19 21:36:16.975] INFO  [MultiTableRepo.events] Ensured table exists: split_verse_perf_test.events_0_9999
[2025-09-19 21:36:16.989] INFO  [MultiTableRepo.events] Ensured table exists: split_verse_perf_test.events_0_9999
[2025-09-19 21:36:16.991] INFO  [MultiTableRepo.events] Ensured table exists: split_verse_perf_test.events_0_9999
[2025-09-19 21:36:16.995] INFO  [MultiTableRepo.events] Ensured table exists: split_verse_perf_test.events_0_9999
[2025-09-19 21:36:17.004] INFO  [MultiTableRepo.events] Ensured table exists: split_verse_perf_test.events_0_9999
[2025-09-19 21:36:17.004] INFO  [MultiTableRepo.events] Ensured table exists: split_verse_perf_test.events_0_9999
[2025-09-19 21:36:17.009] INFO  [MultiTableRepo.events] Ensured table exists: split_verse_perf_test.events_0_9999
[2025-09-19 21:36:17.010] INFO  [MultiTableRepo.events] Ensured table exists: split_verse_perf_test.events_0_9999
[2025-09-19 21:36:17.011] INFO  [MultiTableRepo.events] Ensured table exists: split_verse_perf_test.events_0_9999
[2025-09-19 21:36:17.012] INFO  [MultiTableRepo.events] Ensured table exists: split_verse_perf_test.events_0_9999
[2025-09-19 21:36:17.026] INFO  [MultiTableRepo.events] Ensured table exists: split_verse_perf_test.events_0_9999
[2025-09-19 21:36:17.030] INFO  [MultiTableRepo.events] Ensured table exists: split_verse_perf_test.events_0_9999
[2025-09-19 21:36:17.032] INFO  [MultiTableRepo.events] Ensured table exists: split_verse_perf_test.events_0_9999
[2025-09-19 21:36:17.034] INFO  [MultiTableRepo.events] Ensured table exists: split_verse_perf_test.events_0_9999
[2025-09-19 21:36:17.034] INFO  [MultiTableRepo.events] Ensured table exists: split_verse_perf_test.events_0_9999
[2025-09-19 21:36:17.035] INFO  [MultiTableRepo.events] Ensured table exists: split_verse_perf_test.events_0_9999
[2025-09-19 21:36:17.038] INFO  [MultiTableRepo.events] Ensured table exists: split_verse_perf_test.events_0_9999
[2025-09-19 21:36:17.040] INFO  [MultiTableRepo.events] Ensured table exists: split_verse_perf_test.events_0_9999
[2025-09-19 21:36:17.046] INFO  [MultiTableRepo.events] Ensured table exists: split_verse_perf_test.events_0_9999
[2025-09-19 21:36:17.047] INFO  [MultiTableRepo.events] Ensured table exists: split_verse_perf_test.events_0_9999
[2025-09-19 21:36:17.050] INFO  [MultiTableRepo.events] Ensured table exists: split_verse_perf_test.events_0_9999
[2025-09-19 21:36:17.050] INFO  [MultiTableRepo.events] Ensured table exists: split_verse_perf_test.events_0_9999
[2025-09-19 21:36:17.053] INFO  [MultiTableRepo.events] Ensured table exists: split_verse_perf_test.events_0_9999
[2025-09-19 21:36:17.059] INFO  [MultiTableRepo.events] Ensured table exists: split_verse_perf_test.events_0_9999
[2025-09-19 21:36:17.060] INFO  [MultiTableRepo.events] Ensured table exists: split_verse_perf_test.events_0_9999
[2025-09-19 21:36:17.065] INFO  [MultiTableRepo.events] Ensured table exists: split_verse_perf_test.events_0_9999
[2025-09-19 21:36:17.068] INFO  [MultiTableRepo.events] Ensured table exists: split_verse_perf_test.events_0_9999
[2025-09-19 21:36:17.069] INFO  [MultiTableRepo.events] Ensured table exists: split_verse_perf_test.events_0_9999
[2025-09-19 21:36:17.073] INFO  [MultiTableRepo.events] Ensured table exists: split_verse_perf_test.events_0_9999
[2025-09-19 21:36:17.074] INFO  [MultiTableRepo.events] Ensured table exists: split_verse_perf_test.events_0_9999
[2025-09-19 21:36:17.078] INFO  [MultiTableRepo.events] Ensured table exists: split_verse_perf_test.events_0_9999
[2025-09-19 21:36:17.087] INFO  [MultiTableRepo.events] Ensured table exists: split_verse_perf_test.events_0_9999
[2025-09-19 21:36:17.087] INFO  [MultiTableRepo.events] Ensured table exists: split_verse_perf_test.events_0_9999
[2025-09-19 21:36:17.089] INFO  [MultiTableRepo.events] Ensured table exists: split_verse_perf_test.events_0_9999
[2025-09-19 21:36:17.096] INFO  [MultiTableRepo.events] Ensured table exists: split_verse_perf_test.events_0_9999
[2025-09-19 21:36:17.101] INFO  [MultiTableRepo.events] Ensured table exists: split_verse_perf_test.events_0_9999
[2025-09-19 21:36:17.104] INFO  [MultiTableRepo.events] Ensured table exists: split_verse_perf_test.events_0_9999
[2025-09-19 21:36:17.105] INFO  [MultiTableRepo.events] Ensured table exists: split_verse_perf_test.events_0_9999
[2025-09-19 21:36:17.106] INFO  [MultiTableRepo.events] Ensured table exists: split_verse_perf_test.events_0_9999
[2025-09-19 21:36:17.107] INFO  [MultiTableRepo.events] Ensured table exists: split_verse_perf_test.events_0_9999
[2025-09-19 21:36:17.130] INFO  [MultiTableRepo.events] Ensured table exists: split_verse_perf_test.events_0_9999
[2025-09-19 21:36:17.138] INFO  [MultiTableRepo.events] Ensured table exists: split_verse_perf_test.events_0_9999
[2025-09-19 21:36:17.138] INFO  [MultiTableRepo.events] Ensured table exists: split_verse_perf_test.events_0_9999
[2025-09-19 21:36:17.141] INFO  [MultiTableRepo.events] Ensured table exists: split_verse_perf_test.events_0_9999
[2025-09-19 21:36:17.147] INFO  [MultiTableRepo.events] Ensured table exists: split_verse_perf_test.events_0_9999
[2025-09-19 21:36:17.147] INFO  [MultiTableRepo.events] Ensured table exists: split_verse_perf_test.events_0_9999
[2025-09-19 21:36:17.154] INFO  [MultiTableRepo.events] Ensured table exists: split_verse_perf_test.events_0_9999
[2025-09-19 21:36:17.160] INFO  [MultiTableRepo.events] Ensured table exists: split_verse_perf_test.events_0_9999
[2025-09-19 21:36:17.164] INFO  [MultiTableRepo.events] Ensured table exists: split_verse_perf_test.events_0_9999
[2025-09-19 21:36:17.165] INFO  [MultiTableRepo.events] Ensured table exists: split_verse_perf_test.events_0_9999
[2025-09-19 21:36:17.167] INFO  [MultiTableRepo.events] Ensured table exists: split_verse_perf_test.events_0_9999
[2025-09-19 21:36:17.170] INFO  [MultiTableRepo.events] Ensured table exists: split_verse_perf_test.events_0_9999
[2025-09-19 21:36:17.172] INFO  [MultiTableRepo.events] Ensured table exists: split_verse_perf_test.events_0_9999
[2025-09-19 21:36:17.179] INFO  [MultiTableRepo.events] Ensured table exists: split_verse_perf_test.events_0_9999
[2025-09-19 21:36:17.180] INFO  [MultiTableRepo.events] Ensured table exists: split_verse_perf_test.events_0_9999
[2025-09-19 21:36:17.180] INFO  [MultiTableRepo.events] Ensured table exists: split_verse_perf_test.events_0_9999
[2025-09-19 21:36:17.182] INFO  [MultiTableRepo.events] Ensured table exists: split_verse_perf_test.events_0_9999
[2025-09-19 21:36:17.185] INFO  [MultiTableRepo.events] Ensured table exists: split_verse_perf_test.events_0_9999
[2025-09-19 21:36:17.186] INFO  [MultiTableRepo.events] Ensured table exists: split_verse_perf_test.events_0_9999
[2025-09-19 21:36:17.194] INFO  [MultiTableRepo.events] Ensured table exists: split_verse_perf_test.events_0_9999
[2025-09-19 21:36:17.194] INFO  [MultiTableRepo.events] Ensured table exists: split_verse_perf_test.events_0_9999
[2025-09-19 21:36:17.197] INFO  [MultiTableRepo.events] Ensured table exists: split_verse_perf_test.events_0_9999
[2025-09-19 21:36:17.197] INFO  [MultiTableRepo.events] Ensured table exists: split_verse_perf_test.events_0_9999
[2025-09-19 21:36:17.197] INFO  [MultiTableRepo.events] Ensured table exists: split_verse_perf_test.events_0_9999
[2025-09-19 21:36:17.198] INFO  [MultiTableRepo.events] Ensured table exists: split_verse_perf_test.events_0_9999
[2025-09-19 21:36:17.202] INFO  [MultiTableRepo.events] Ensured table exists: split_verse_perf_test.events_0_9999
[2025-09-19 21:36:17.204] INFO  [MultiTableRepo.events] Ensured table exists: split_verse_perf_test.events_0_9999
[2025-09-19 21:36:17.205] INFO  [MultiTableRepo.events] Ensured table exists: split_verse_perf_test.events_0_9999
[2025-09-19 21:36:17.211] INFO  [MultiTableRepo.events] Ensured table exists: split_verse_perf_test.events_0_9999
[2025-09-19 21:36:17.214] INFO  [MultiTableRepo.events] Ensured table exists: split_verse_perf_test.events_0_9999
[2025-09-19 21:36:17.217] INFO  [MultiTableRepo.events] Ensured table exists: split_verse_perf_test.events_0_9999
[2025-09-19 21:36:17.220] INFO  [MultiTableRepo.events] Ensured table exists: split_verse_perf_test.events_0_9999
[2025-09-19 21:36:17.221] INFO  [MultiTableRepo.events] Ensured table exists: split_verse_perf_test.events_0_9999
[2025-09-19 21:36:17.222] INFO  [MultiTableRepo.events] Ensured table exists: split_verse_perf_test.events_0_9999
[2025-09-19 21:36:17.226] INFO  [MultiTableRepo.events] Ensured table exists: split_verse_perf_test.events_0_9999
[2025-09-19 21:36:17.230] INFO  [MultiTableRepo.events] Ensured table exists: split_verse_perf_test.events_0_9999
[2025-09-19 21:36:17.230] INFO  [MultiTableRepo.events] Ensured table exists: split_verse_perf_test.events_0_9999
[2025-09-19 21:36:17.234] INFO  [MultiTableRepo.events] Ensured table exists: split_verse_perf_test.events_0_9999
[2025-09-19 21:36:17.235] INFO  [MultiTableRepo.events] Ensured table exists: split_verse_perf_test.events_0_9999
[2025-09-19 21:36:17.243] INFO  [MultiTableRepo.events] Ensured table exists: split_verse_perf_test.events_0_9999
[2025-09-19 21:36:17.249] INFO  [MultiTableRepo.events] Ensured table exists: split_verse_perf_test.events_0_9999
[2025-09-19 21:36:17.255] INFO  [MultiTableRepo.events] Ensured table exists: split_verse_perf_test.events_0_9999
[2025-09-19 21:36:17.255] INFO  [MultiTableRepo.events] Ensured table exists: split_verse_perf_test.events_0_9999
[2025-09-19 21:36:17.266] INFO  [MultiTableRepo.events] Ensured table exists: split_verse_perf_test.events_0_9999
[2025-09-19 21:36:17.274] INFO  [MultiTableRepo.events] Ensured table exists: split_verse_perf_test.events_0_9999
[2025-09-19 21:36:17.274] INFO  [MultiTableRepo.events] Ensured table exists: split_verse_perf_test.events_0_9999
[2025-09-19 21:36:17.287] INFO  [MultiTableRepo.events] Ensured table exists: split_verse_perf_test.events_0_9999
[2025-09-19 21:36:17.294] INFO  [MultiTableRepo.events] Ensured table exists: split_verse_perf_test.events_0_9999
[2025-09-19 21:36:17.304] INFO  [MultiTableRepo.events] Ensured table exists: split_verse_perf_test.events_0_9999
[2025-09-19 21:36:17.311] INFO  [MultiTableRepo.events] Ensured table exists: split_verse_perf_test.events_0_9999
[2025-09-19 21:36:17.315] INFO  [MultiTableRepo.events] Ensured table exists: split_verse_perf_test.events_0_9999
[2025-09-19 21:36:17.323] INFO  [MultiTableRepo.events] Ensured table exists: split_verse_perf_test.events_0_9999
[2025-09-19 21:36:17.323] INFO  [MultiTableRepo.events] Ensured table exists: split_verse_perf_test.events_0_9999
[2025-09-19 21:36:17.334] INFO  [MultiTableRepo.events] Ensured table exists: split_verse_perf_test.events_0_9999
[2025-09-19 21:36:17.339] INFO  [MultiTableRepo.events] Ensured table exists: split_verse_perf_test.events_0_9999
[2025-09-19 21:36:17.349] INFO  [MultiTableRepo.events] Ensured table exists: split_verse_perf_test.events_0_9999
[2025-09-19 21:36:17.358] INFO  [MultiTableRepo.events] Ensured table exists: split_verse_perf_test.events_0_9999
[2025-09-19 21:36:17.364] INFO  [MultiTableRepo.events] Ensured table exists: split_verse_perf_test.events_0_9999
[2025-09-19 21:36:17.377] INFO  [MultiTableRepo.events] Ensured table exists: split_verse_perf_test.events_0_9999
[2025-09-19 21:36:17.377] INFO  [MultiTableRepo.events] Ensured table exists: split_verse_perf_test.events_0_9999
[2025-09-19 21:36:17.382] INFO  [MultiTableRepo.events] Ensured table exists: split_verse_perf_test.events_0_9999
[2025-09-19 21:36:17.385] INFO  [MultiTableRepo.events] Ensured table exists: split_verse_perf_test.events_0_9999
[2025-09-19 21:36:17.392] INFO  [MultiTableRepo.events] Ensured table exists: split_verse_perf_test.events_0_9999
[2025-09-19 21:36:17.393] INFO  [MultiTableRepo.events] Ensured table exists: split_verse_perf_test.events_0_9999
[2025-09-19 21:36:17.405] INFO  [MultiTableRepo.events] Ensured table exists: split_verse_perf_test.events_0_9999
[2025-09-19 21:36:17.407] INFO  [MultiTableRepo.events] Ensured table exists: split_verse_perf_test.events_0_9999
[2025-09-19 21:36:17.410] INFO  [MultiTableRepo.events] Ensured table exists: split_verse_perf_test.events_0_9999
[2025-09-19 21:36:17.418] INFO  [MultiTableRepo.events] Ensured table exists: split_verse_perf_test.events_0_9999
[2025-09-19 21:36:17.419] INFO  [MultiTableRepo.events] Ensured table exists: split_verse_perf_test.events_0_9999
[2025-09-19 21:36:17.423] INFO  [MultiTableRepo.events] Ensured table exists: split_verse_perf_test.events_0_9999
[2025-09-19 21:36:17.430] INFO  [MultiTableRepo.events] Ensured table exists: split_verse_perf_test.events_0_9999
[2025-09-19 21:36:17.433] INFO  [MultiTableRepo.events] Ensured table exists: split_verse_perf_test.events_0_9999
[2025-09-19 21:36:17.437] INFO  [MultiTableRepo.events] Ensured table exists: split_verse_perf_test.events_0_9999
[2025-09-19 21:36:17.437] INFO  [MultiTableRepo.events] Ensured table exists: split_verse_perf_test.events_0_9999
[2025-09-19 21:36:17.439] INFO  [MultiTableRepo.events] Ensured table exists: split_verse_perf_test.events_0_9999
[2025-09-19 21:36:17.441] INFO  [MultiTableRepo.events] Ensured table exists: split_verse_perf_test.events_0_9999
[2025-09-19 21:36:17.445] INFO  [MultiTableRepo.events] Ensured table exists: split_verse_perf_test.events_0_9999
[2025-09-19 21:36:17.445] INFO  [MultiTableRepo.events] Ensured table exists: split_verse_perf_test.events_0_9999
[2025-09-19 21:36:17.449] INFO  [MultiTableRepo.events] Ensured table exists: split_verse_perf_test.events_0_9999
[2025-09-19 21:36:17.460] INFO  [MultiTableRepo.events] Ensured table exists: split_verse_perf_test.events_0_9999
[2025-09-19 21:36:17.463] INFO  [MultiTableRepo.events] Ensured table exists: split_verse_perf_test.events_0_9999
[2025-09-19 21:36:17.464] INFO  [MultiTableRepo.events] Ensured table exists: split_verse_perf_test.events_0_9999
[2025-09-19 21:36:17.465] INFO  [MultiTableRepo.events] Ensured table exists: split_verse_perf_test.events_0_9999
[2025-09-19 21:36:17.465] INFO  [MultiTableRepo.events] Ensured table exists: split_verse_perf_test.events_0_9999
[2025-09-19 21:36:17.466] INFO  [MultiTableRepo.events] Ensured table exists: split_verse_perf_test.events_0_9999
[2025-09-19 21:36:17.476] INFO  [MultiTableRepo.events] Ensured table exists: split_verse_perf_test.events_0_9999
[2025-09-19 21:36:17.481] INFO  [MultiTableRepo.events] Ensured table exists: split_verse_perf_test.events_0_9999
[2025-09-19 21:36:17.482] INFO  [MultiTableRepo.events] Ensured table exists: split_verse_perf_test.events_0_9999
[2025-09-19 21:36:17.484] INFO  [MultiTableRepo.events] Ensured table exists: split_verse_perf_test.events_0_9999
[2025-09-19 21:36:17.487] INFO  [MultiTableRepo.events] Ensured table exists: split_verse_perf_test.events_0_9999
[2025-09-19 21:36:17.502] INFO  [MultiTableRepo.events] Ensured table exists: split_verse_perf_test.events_0_9999
[2025-09-19 21:36:17.503] INFO  [MultiTableRepo.events] Ensured table exists: split_verse_perf_test.events_0_9999
[2025-09-19 21:36:17.504] INFO  [MultiTableRepo.events] Ensured table exists: split_verse_perf_test.events_0_9999
[2025-09-19 21:36:17.519] INFO  [MultiTableRepo.events] Ensured table exists: split_verse_perf_test.events_0_9999
[2025-09-19 21:36:17.520] INFO  [MultiTableRepo.events] Ensured table exists: split_verse_perf_test.events_0_9999
[2025-09-19 21:36:17.522] INFO  [MultiTableRepo.events] Ensured table exists: split_verse_perf_test.events_0_9999
[2025-09-19 21:36:17.524] INFO  [MultiTableRepo.events] Ensured table exists: split_verse_perf_test.events_0_9999
[2025-09-19 21:36:17.536] INFO  [MultiTableRepo.events] Ensured table exists: split_verse_perf_test.events_0_9999
[2025-09-19 21:36:17.539] INFO  [MultiTableRepo.events] Ensured table exists: split_verse_perf_test.events_0_9999
[2025-09-19 21:36:17.543] INFO  [MultiTableRepo.events] Ensured table exists: split_verse_perf_test.events_0_9999
[2025-09-19 21:36:17.547] INFO  [MultiTableRepo.events] Ensured table exists: split_verse_perf_test.events_0_9999
[2025-09-19 21:36:17.554] INFO  [MultiTableRepo.events] Ensured table exists: split_verse_perf_test.events_0_9999
[2025-09-19 21:36:17.556] INFO  [MultiTableRepo.events] Ensured table exists: split_verse_perf_test.events_0_9999
[2025-09-19 21:36:17.557] INFO  [MultiTableRepo.events] Ensured table exists: split_verse_perf_test.events_0_9999
[2025-09-19 21:36:17.558] INFO  [MultiTableRepo.events] Ensured table exists: split_verse_perf_test.events_0_9999
[2025-09-19 21:36:17.559] INFO  [MultiTableRepo.events] Ensured table exists: split_verse_perf_test.events_0_9999
[2025-09-19 21:36:17.566] INFO  [MultiTableRepo.events] Ensured table exists: split_verse_perf_test.events_0_9999
[2025-09-19 21:36:17.570] INFO  [MultiTableRepo.events] Ensured table exists: split_verse_perf_test.events_0_9999
[2025-09-19 21:36:17.572] INFO  [MultiTableRepo.events] Ensured table exists: split_verse_perf_test.events_0_9999
[2025-09-19 21:36:17.576] INFO  [MultiTableRepo.events] Ensured table exists: split_verse_perf_test.events_0_9999
[2025-09-19 21:36:17.579] INFO  [MultiTableRepo.events] Ensured table exists: split_verse_perf_test.events_0_9999
[2025-09-19 21:36:17.580] INFO  [MultiTableRepo.events] Ensured table exists: split_verse_perf_test.events_0_9999
[2025-09-19 21:36:17.582] INFO  [MultiTableRepo.events] Ensured table exists: split_verse_perf_test.events_0_9999
[2025-09-19 21:36:17.588] INFO  [MultiTableRepo.events] Ensured table exists: split_verse_perf_test.events_0_9999
[2025-09-19 21:36:17.589] INFO  [MultiTableRepo.events] Ensured table exists: split_verse_perf_test.events_0_9999
[2025-09-19 21:36:17.593] INFO  [MultiTableRepo.events] Ensured table exists: split_verse_perf_test.events_0_9999
[2025-09-19 21:36:17.596] INFO  [MultiTableRepo.events] Ensured table exists: split_verse_perf_test.events_0_9999
[2025-09-19 21:36:17.598] INFO  [MultiTableRepo.events] Ensured table exists: split_verse_perf_test.events_0_9999
[2025-09-19 21:36:17.600] INFO  [MultiTableRepo.events] Ensured table exists: split_verse_perf_test.events_0_9999
[2025-09-19 21:36:17.601] INFO  [MultiTableRepo.events] Ensured table exists: split_verse_perf_test.events_0_9999
[2025-09-19 21:36:17.601] INFO  [MultiTableRepo.events] Ensured table exists: split_verse_perf_test.events_0_9999
[2025-09-19 21:36:17.603] INFO  [MultiTableRepo.events] Ensured table exists: split_verse_perf_test.events_0_9999
[2025-09-19 21:36:17.606] INFO  [MultiTableRepo.events] Ensured table exists: split_verse_perf_test.events_0_9999
[2025-09-19 21:36:17.608] INFO  [MultiTableRepo.events] Ensured table exists: split_verse_perf_test.events_0_9999
[2025-09-19 21:36:17.614] INFO  [MultiTableRepo.events] Ensured table exists: split_verse_perf_test.events_0_9999
[2025-09-19 21:36:17.617] INFO  [MultiTableRepo.events] Ensured table exists: split_verse_perf_test.events_0_9999
[2025-09-19 21:36:17.619] INFO  [MultiTableRepo.events] Ensured table exists: split_verse_perf_test.events_0_9999
[2025-09-19 21:36:17.625] INFO  [MultiTableRepo.events] Ensured table exists: split_verse_perf_test.events_0_9999
[2025-09-19 21:36:17.625] INFO  [MultiTableRepo.events] Ensured table exists: split_verse_perf_test.events_0_9999
[2025-09-19 21:36:17.626] INFO  [MultiTableRepo.events] Ensured table exists: split_verse_perf_test.events_0_9999
[2025-09-19 21:36:17.627] INFO  [MultiTableRepo.events] Ensured table exists: split_verse_perf_test.events_0_9999
[2025-09-19 21:36:17.628] INFO  [MultiTableRepo.events] Ensured table exists: split_verse_perf_test.events_0_9999
[2025-09-19 21:36:17.633] INFO  [MultiTableRepo.events] Ensured table exists: split_verse_perf_test.events_0_9999
[2025-09-19 21:36:17.633] INFO  [MultiTableRepo.events] Ensured table exists: split_verse_perf_test.events_0_9999
[2025-09-19 21:36:17.643] INFO  [MultiTableRepo.events] Ensured table exists: split_verse_perf_test.events_0_9999
[2025-09-19 21:36:17.643] INFO  [MultiTableRepo.events] Ensured table exists: split_verse_perf_test.events_0_9999
[2025-09-19 21:36:17.644] INFO  [MultiTableRepo.events] Ensured table exists: split_verse_perf_test.events_0_9999
[2025-09-19 21:36:17.645] INFO  [MultiTableRepo.events] Ensured table exists: split_verse_perf_test.events_0_9999
[2025-09-19 21:36:17.650] INFO  [MultiTableRepo.events] Ensured table exists: split_verse_perf_test.events_0_9999
[2025-09-19 21:36:17.653] INFO  [MultiTableRepo.events] Ensured table exists: split_verse_perf_test.events_0_9999
[2025-09-19 21:36:17.658] INFO  [MultiTableRepo.events] Ensured table exists: split_verse_perf_test.events_0_9999
[2025-09-19 21:36:17.665] INFO  [MultiTableRepo.events] Ensured table exists: split_verse_perf_test.events_0_9999
[2025-09-19 21:36:17.666] INFO  [MultiTableRepo.events] Ensured table exists: split_verse_perf_test.events_0_9999
[2025-09-19 21:36:17.683] INFO  [MultiTableRepo.events] Ensured table exists: split_verse_perf_test.events_0_9999
[2025-09-19 21:36:17.697] INFO  [MultiTableRepo.events] Ensured table exists: split_verse_perf_test.events_0_9999
[2025-09-19 21:36:17.719] INFO  [MultiTableRepo.events] Ensured table exists: split_verse_perf_test.events_0_9999
[2025-09-19 21:36:17.730] INFO  [MultiTableRepo.events] Ensured table exists: split_verse_perf_test.events_0_9999
[2025-09-19 21:36:17.735] INFO  [MultiTableRepo.events] Ensured table exists: split_verse_perf_test.events_0_9999
[2025-09-19 21:36:17.740] INFO  [MultiTableRepo.events] Ensured table exists: split_verse_perf_test.events_0_9999
[2025-09-19 21:36:17.748] INFO  [MultiTableRepo.events] Ensured table exists: split_verse_perf_test.events_0_9999
[2025-09-19 21:36:17.755] INFO  [MultiTableRepo.events] Ensured table exists: split_verse_perf_test.events_0_9999
[2025-09-19 21:36:17.761] INFO  [MultiTableRepo.events] Ensured table exists: split_verse_perf_test.events_0_9999
[2025-09-19 21:36:17.763] INFO  [MultiTableRepo.events] Ensured table exists: split_verse_perf_test.events_0_9999
[2025-09-19 21:36:17.784] INFO  [MultiTableRepo.events] Ensured table exists: split_verse_perf_test.events_0_9999
[2025-09-19 21:36:17.787] INFO  [MultiTableRepo.events] Ensured table exists: split_verse_perf_test.events_0_9999
[2025-09-19 21:36:17.800] INFO  [MultiTableRepo.events] Ensured table exists: split_verse_perf_test.events_0_9999
[2025-09-19 21:36:17.809] INFO  [MultiTableRepo.events] Ensured table exists: split_verse_perf_test.events_0_9999
[2025-09-19 21:36:17.812] INFO  [MultiTableRepo.events] Ensured table exists: split_verse_perf_test.events_0_9999
[2025-09-19 21:36:17.825] INFO  [MultiTableRepo.events] Ensured table exists: split_verse_perf_test.events_0_9999
[2025-09-19 21:36:17.828] INFO  [MultiTableRepo.events] Ensured table exists: split_verse_perf_test.events_0_9999
[2025-09-19 21:36:17.844] INFO  [MultiTableRepo.events] Ensured table exists: split_verse_perf_test.events_0_9999
[2025-09-19 21:36:17.851] INFO  [MultiTableRepo.events] Ensured table exists: split_verse_perf_test.events_0_9999
[2025-09-19 21:36:17.857] INFO  [MultiTableRepo.events] Ensured table exists: split_verse_perf_test.events_0_9999
[2025-09-19 21:36:17.869] INFO  [MultiTableRepo.events] Ensured table exists: split_verse_perf_test.events_0_9999
[2025-09-19 21:36:17.871] INFO  [MultiTableRepo.events] Ensured table exists: split_verse_perf_test.events_0_9999
[2025-09-19 21:36:17.874] INFO  [MultiTableRepo.events] Ensured table exists: split_verse_perf_test.events_0_9999
[2025-09-19 21:36:17.876] INFO  [MultiTableRepo.events] Ensured table exists: split_verse_perf_test.events_0_9999
[2025-09-19 21:36:17.882] INFO  [MultiTableRepo.events] Ensured table exists: split_verse_perf_test.events_0_9999
[2025-09-19 21:36:17.885] INFO  [MultiTableRepo.events] Ensured table exists: split_verse_perf_test.events_0_9999
[2025-09-19 21:36:17.886] INFO  [MultiTableRepo.events] Ensured table exists: split_verse_perf_test.events_0_9999
[2025-09-19 21:36:17.886] INFO  [MultiTableRepo.events] Ensured table exists: split_verse_perf_test.events_0_9999
[2025-09-19 21:36:17.893] INFO  [MultiTableRepo.events] Ensured table exists: split_verse_perf_test.events_0_9999
[2025-09-19 21:36:17.894] INFO  [MultiTableRepo.events] Ensured table exists: split_verse_perf_test.events_0_9999
[2025-09-19 21:36:17.894] INFO  [MultiTableRepo.events] Ensured table exists: split_verse_perf_test.events_0_9999
[2025-09-19 21:36:17.899] INFO  [MultiTableRepo.events] Ensured table exists: split_verse_perf_test.events_0_9999
[2025-09-19 21:36:17.900] INFO  [MultiTableRepo.events] Ensured table exists: split_verse_perf_test.events_0_9999
[2025-09-19 21:36:17.905] INFO  [MultiTableRepo.events] Ensured table exists: split_verse_perf_test.events_0_9999
[2025-09-19 21:36:17.907] INFO  [MultiTableRepo.events] Ensured table exists: split_verse_perf_test.events_0_9999
[2025-09-19 21:36:17.908] INFO  [MultiTableRepo.events] Ensured table exists: split_verse_perf_test.events_0_9999
[2025-09-19 21:36:17.912] INFO  [MultiTableRepo.events] Ensured table exists: split_verse_perf_test.events_0_9999
[2025-09-19 21:36:17.912] INFO  [MultiTableRepo.events] Ensured table exists: split_verse_perf_test.events_0_9999
[2025-09-19 21:36:17.914] INFO  [MultiTableRepo.events] Ensured table exists: split_verse_perf_test.events_0_9999
[2025-09-19 21:36:17.918] INFO  [MultiTableRepo.events] Ensured table exists: split_verse_perf_test.events_0_9999
[2025-09-19 21:36:17.923] INFO  [MultiTableRepo.events] Ensured table exists: split_verse_perf_test.events_0_9999
[2025-09-19 21:36:17.925] INFO  [MultiTableRepo.events] Ensured table exists: split_verse_perf_test.events_0_9999
[2025-09-19 21:36:17.931] INFO  [MultiTableRepo.events] Ensured table exists: split_verse_perf_test.events_0_9999
[2025-09-19 21:36:17.931] INFO  [MultiTableRepo.events] Ensured table exists: split_verse_perf_test.events_0_9999
[2025-09-19 21:36:17.933] INFO  [MultiTableRepo.events] Ensured table exists: split_verse_perf_test.events_0_9999
[2025-09-19 21:36:17.935] INFO  [MultiTableRepo.events] Ensured table exists: split_verse_perf_test.events_0_9999
[2025-09-19 21:36:17.936] INFO  [MultiTableRepo.events] Ensured table exists: split_verse_perf_test.events_0_9999
[2025-09-19 21:36:17.943] INFO  [MultiTableRepo.events] Ensured table exists: split_verse_perf_test.events_0_9999
[2025-09-19 21:36:17.948] INFO  [MultiTableRepo.events] Ensured table exists: split_verse_perf_test.events_0_9999
[2025-09-19 21:36:17.949] INFO  [MultiTableRepo.events] Ensured table exists: split_verse_perf_test.events_0_9999
[2025-09-19 21:36:17.950] INFO  [MultiTableRepo.events] Ensured table exists: split_verse_perf_test.events_0_9999
[2025-09-19 21:36:17.950] INFO  [MultiTableRepo.events] Ensured table exists: split_verse_perf_test.events_0_9999
[2025-09-19 21:36:17.957] INFO  [MultiTableRepo.events] Ensured table exists: split_verse_perf_test.events_0_9999
[2025-09-19 21:36:17.963] INFO  [MultiTableRepo.events] Ensured table exists: split_verse_perf_test.events_0_9999
[2025-09-19 21:36:17.972] INFO  [MultiTableRepo.events] Ensured table exists: split_verse_perf_test.events_0_9999
[2025-09-19 21:36:17.976] INFO  [MultiTableRepo.events] Ensured table exists: split_verse_perf_test.events_0_9999
[2025-09-19 21:36:17.977] INFO  [MultiTableRepo.events] Ensured table exists: split_verse_perf_test.events_0_9999
[2025-09-19 21:36:17.993] INFO  [MultiTableRepo.events] Ensured table exists: split_verse_perf_test.events_0_9999
[2025-09-19 21:36:17.999] INFO  [MultiTableRepo.events] Ensured table exists: split_verse_perf_test.events_0_9999
[2025-09-19 21:36:18.009] INFO  [MultiTableRepo.events] Ensured table exists: split_verse_perf_test.events_0_9999
[2025-09-19 21:36:18.019] INFO  [MultiTableRepo.events] Ensured table exists: split_verse_perf_test.events_0_9999
[2025-09-19 21:36:18.025] INFO  [MultiTableRepo.events] Ensured table exists: split_verse_perf_test.events_0_9999
[2025-09-19 21:36:18.025] INFO  [MultiTableRepo.events] Ensured table exists: split_verse_perf_test.events_0_9999
[2025-09-19 21:36:18.028] INFO  [MultiTableRepo.events] Ensured table exists: split_verse_perf_test.events_0_9999
[2025-09-19 21:36:18.030] INFO  [MultiTableRepo.events] Ensured table exists: split_verse_perf_test.events_0_9999
[2025-09-19 21:36:18.036] INFO  [MultiTableRepo.events] Ensured table exists: split_verse_perf_test.events_0_9999
[2025-09-19 21:36:18.043] INFO  [MultiTableRepo.events] Ensured table exists: split_verse_perf_test.events_0_9999
[2025-09-19 21:36:18.045] INFO  [MultiTableRepo.events] Ensured table exists: split_verse_perf_test.events_0_9999
[2025-09-19 21:36:18.047] INFO  [MultiTableRepo.events] Ensured table exists: split_verse_perf_test.events_0_9999
[2025-09-19 21:36:18.049] INFO  [MultiTableRepo.events] Ensured table exists: split_verse_perf_test.events_0_9999
[2025-09-19 21:36:18.051] INFO  [MultiTableRepo.events] Ensured table exists: split_verse_perf_test.events_0_9999
[2025-09-19 21:36:18.058] INFO  [MultiTableRepo.events] Ensured table exists: split_verse_perf_test.events_0_9999
[2025-09-19 21:36:18.059] INFO  [MultiTableRepo.events] Ensured table exists: split_verse_perf_test.events_0_9999
[2025-09-19 21:36:18.060] INFO  [MultiTableRepo.events] Ensured table exists: split_verse_perf_test.events_0_9999
[2025-09-19 21:36:18.060] INFO  [MultiTableRepo.events] Ensured table exists: split_verse_perf_test.events_0_9999
[2025-09-19 21:36:18.065] INFO  [MultiTableRepo.events] Ensured table exists: split_verse_perf_test.events_0_9999
[2025-09-19 21:36:18.066] INFO  [MultiTableRepo.events] Ensured table exists: split_verse_perf_test.events_0_9999
[2025-09-19 21:36:18.070] INFO  [MultiTableRepo.events] Ensured table exists: split_verse_perf_test.events_0_9999
[2025-09-19 21:36:18.072] INFO  [MultiTableRepo.events] Ensured table exists: split_verse_perf_test.events_0_9999
[2025-09-19 21:36:18.073] INFO  [MultiTableRepo.events] Ensured table exists: split_verse_perf_test.events_0_9999
[2025-09-19 21:36:18.082] INFO  [MultiTableRepo.events] Ensured table exists: split_verse_perf_test.events_0_9999
[2025-09-19 21:36:18.083] INFO  [MultiTableRepo.events] Ensured table exists: split_verse_perf_test.events_0_9999
[2025-09-19 21:36:18.085] INFO  [MultiTableRepo.events] Ensured table exists: split_verse_perf_test.events_0_9999
[2025-09-19 21:36:18.085] INFO  [MultiTableRepo.events] Ensured table exists: split_verse_perf_test.events_0_9999
[2025-09-19 21:36:18.086] INFO  [MultiTableRepo.events] Ensured table exists: split_verse_perf_test.events_0_9999
[2025-09-19 21:36:18.087] INFO  [MultiTableRepo.events] Ensured table exists: split_verse_perf_test.events_0_9999
[2025-09-19 21:36:18.090] INFO  [MultiTableRepo.events] Ensured table exists: split_verse_perf_test.events_0_9999
[2025-09-19 21:36:18.091] INFO  [MultiTableRepo.events] Ensured table exists: split_verse_perf_test.events_0_9999
[2025-09-19 21:36:18.108] INFO  [MultiTableRepo.events] Ensured table exists: split_verse_perf_test.events_0_9999
[2025-09-19 21:36:18.108] INFO  [MultiTableRepo.events] Ensured table exists: split_verse_perf_test.events_0_9999
[2025-09-19 21:36:18.109] INFO  [MultiTableRepo.events] Ensured table exists: split_verse_perf_test.events_0_9999
[2025-09-19 21:36:18.110] INFO  [MultiTableRepo.events] Ensured table exists: split_verse_perf_test.events_0_9999
[2025-09-19 21:36:18.111] INFO  [MultiTableRepo.events] Ensured table exists: split_verse_perf_test.events_0_9999
[2025-09-19 21:36:18.111] INFO  [MultiTableRepo.events] Ensured table exists: split_verse_perf_test.events_0_9999
[2025-09-19 21:36:18.116] INFO  [MultiTableRepo.events] Ensured table exists: split_verse_perf_test.events_0_9999
[2025-09-19 21:36:18.130] INFO  [MultiTableRepo.events] Ensured table exists: split_verse_perf_test.events_0_9999
[2025-09-19 21:36:18.138] INFO  [MultiTableRepo.events] Ensured table exists: split_verse_perf_test.events_0_9999
[2025-09-19 21:36:18.141] INFO  [MultiTableRepo.events] Ensured table exists: split_verse_perf_test.events_0_9999
[2025-09-19 21:36:18.147] INFO  [MultiTableRepo.events] Ensured table exists: split_verse_perf_test.events_0_9999
[2025-09-19 21:36:18.160] INFO  [MultiTableRepo.events] Ensured table exists: split_verse_perf_test.events_0_9999
[2025-09-19 21:36:18.163] INFO  [MultiTableRepo.events] Ensured table exists: split_verse_perf_test.events_0_9999
[2025-09-19 21:36:18.168] INFO  [MultiTableRepo.events] Ensured table exists: split_verse_perf_test.events_0_9999
[2025-09-19 21:36:18.180] INFO  [MultiTableRepo.events] Ensured table exists: split_verse_perf_test.events_0_9999
[2025-09-19 21:36:18.192] INFO  [MultiTableRepo.events] Ensured table exists: split_verse_perf_test.events_0_9999
[2025-09-19 21:36:18.201] INFO  [MultiTableRepo.events] Ensured table exists: split_verse_perf_test.events_0_9999
[2025-09-19 21:36:18.207] INFO  [MultiTableRepo.events] Ensured table exists: split_verse_perf_test.events_0_9999
[2025-09-19 21:36:18.217] INFO  [MultiTableRepo.events] Ensured table exists: split_verse_perf_test.events_0_9999
[2025-09-19 21:36:18.222] INFO  [MultiTableRepo.events] Ensured table exists: split_verse_perf_test.events_0_9999
[2025-09-19 21:36:18.225] INFO  [MultiTableRepo.events] Ensured table exists: split_verse_perf_test.events_0_9999
[2025-09-19 21:36:18.240] INFO  [MultiTableRepo.events] Ensured table exists: split_verse_perf_test.events_0_9999
[2025-09-19 21:36:18.241] INFO  [MultiTableRepo.events] Ensured table exists: split_verse_perf_test.events_0_9999
[2025-09-19 21:36:18.246] INFO  [MultiTableRepo.events] Ensured table exists: split_verse_perf_test.events_0_9999
[2025-09-19 21:36:18.258] INFO  [MultiTableRepo.events] Ensured table exists: split_verse_perf_test.events_0_9999
[2025-09-19 21:36:18.271] INFO  [MultiTableRepo.events] Ensured table exists: split_verse_perf_test.events_0_9999
[2025-09-19 21:36:18.283] INFO  [MultiTableRepo.events] Ensured table exists: split_verse_perf_test.events_0_9999
[2025-09-19 21:36:18.287] INFO  [MultiTableRepo.events] Ensured table exists: split_verse_perf_test.events_0_9999
[2025-09-19 21:36:18.290] INFO  [MultiTableRepo.events] Ensured table exists: split_verse_perf_test.events_0_9999
[2025-09-19 21:36:18.294] INFO  [MultiTableRepo.events] Ensured table exists: split_verse_perf_test.events_0_9999
[2025-09-19 21:36:18.305] INFO  [MultiTableRepo.events] Ensured table exists: split_verse_perf_test.events_0_9999
[2025-09-19 21:36:18.306] INFO  [MultiTableRepo.events] Ensured table exists: split_verse_perf_test.events_0_9999
[2025-09-19 21:36:18.313] INFO  [MultiTableRepo.events] Ensured table exists: split_verse_perf_test.events_0_9999
[2025-09-19 21:36:18.313] INFO  [MultiTableRepo.events] Ensured table exists: split_verse_perf_test.events_0_9999
[2025-09-19 21:36:18.326] INFO  [MultiTableRepo.events] Ensured table exists: split_verse_perf_test.events_0_9999
[2025-09-19 21:36:18.326] INFO  [MultiTableRepo.events] Ensured table exists: split_verse_perf_test.events_0_9999
[2025-09-19 21:36:18.328] INFO  [MultiTableRepo.events] Ensured table exists: split_verse_perf_test.events_0_9999
[2025-09-19 21:36:18.329] INFO  [MultiTableRepo.events] Ensured table exists: split_verse_perf_test.events_0_9999
[2025-09-19 21:36:18.331] INFO  [MultiTableRepo.events] Ensured table exists: split_verse_perf_test.events_0_9999
[2025-09-19 21:36:18.341] INFO  [MultiTableRepo.events] Ensured table exists: split_verse_perf_test.events_0_9999
[2025-09-19 21:36:18.346] INFO  [MultiTableRepo.events] Ensured table exists: split_verse_perf_test.events_0_9999
[2025-09-19 21:36:18.348] INFO  [MultiTableRepo.events] Ensured table exists: split_verse_perf_test.events_0_9999
[2025-09-19 21:36:18.351] INFO  [MultiTableRepo.events] Ensured table exists: split_verse_perf_test.events_0_9999
[2025-09-19 21:36:18.352] INFO  [MultiTableRepo.events] Ensured table exists: split_verse_perf_test.events_0_9999
[2025-09-19 21:36:18.355] INFO  [MultiTableRepo.events] Ensured table exists: split_verse_perf_test.events_0_9999
[2025-09-19 21:36:18.357] INFO  [MultiTableRepo.events] Ensured table exists: split_verse_perf_test.events_0_9999
[2025-09-19 21:36:18.357] INFO  [MultiTableRepo.events] Ensured table exists: split_verse_perf_test.events_0_9999
[2025-09-19 21:36:18.357] INFO  [MultiTableRepo.events] Ensured table exists: split_verse_perf_test.events_0_9999
[2025-09-19 21:36:18.369] INFO  [MultiTableRepo.events] Ensured table exists: split_verse_perf_test.events_0_9999
[2025-09-19 21:36:18.370] INFO  [MultiTableRepo.events] Ensured table exists: split_verse_perf_test.events_0_9999
[2025-09-19 21:36:18.370] INFO  [MultiTableRepo.events] Ensured table exists: split_verse_perf_test.events_0_9999
[2025-09-19 21:36:18.370] INFO  [MultiTableRepo.events] Ensured table exists: split_verse_perf_test.events_0_9999
[2025-09-19 21:36:18.378] INFO  [MultiTableRepo.events] Ensured table exists: split_verse_perf_test.events_0_9999
[2025-09-19 21:36:18.380] INFO  [MultiTableRepo.events] Ensured table exists: split_verse_perf_test.events_0_9999
[2025-09-19 21:36:18.381] INFO  [MultiTableRepo.events] Ensured table exists: split_verse_perf_test.events_0_9999
[2025-09-19 21:36:18.388] INFO  [MultiTableRepo.events] Ensured table exists: split_verse_perf_test.events_0_9999
[2025-09-19 21:36:18.389] INFO  [MultiTableRepo.events] Ensured table exists: split_verse_perf_test.events_0_9999
[2025-09-19 21:36:18.390] INFO  [MultiTableRepo.events] Ensured table exists: split_verse_perf_test.events_0_9999
[2025-09-19 21:36:18.391] INFO  [MultiTableRepo.events] Ensured table exists: split_verse_perf_test.events_0_9999
[2025-09-19 21:36:18.396] INFO  [MultiTableRepo.events] Ensured table exists: split_verse_perf_test.events_0_9999
[2025-09-19 21:36:18.405] INFO  [MultiTableRepo.events] Ensured table exists: split_verse_perf_test.events_0_9999
[2025-09-19 21:36:18.407] INFO  [MultiTableRepo.events] Ensured table exists: split_verse_perf_test.events_0_9999
[2025-09-19 21:36:18.410] INFO  [MultiTableRepo.events] Ensured table exists: split_verse_perf_test.events_0_9999
[2025-09-19 21:36:18.413] INFO  [MultiTableRepo.events] Ensured table exists: split_verse_perf_test.events_0_9999
[2025-09-19 21:36:18.417] INFO  [MultiTableRepo.events] Ensured table exists: split_verse_perf_test.events_0_9999
[2025-09-19 21:36:18.426] INFO  [MultiTableRepo.events] Ensured table exists: split_verse_perf_test.events_0_9999
[2025-09-19 21:36:18.429] INFO  [MultiTableRepo.events] Ensured table exists: split_verse_perf_test.events_0_9999
[2025-09-19 21:36:18.430] INFO  [MultiTableRepo.events] Ensured table exists: split_verse_perf_test.events_0_9999
[2025-09-19 21:36:18.440] INFO  [MultiTableRepo.events] Ensured table exists: split_verse_perf_test.events_0_9999
[2025-09-19 21:36:18.445] INFO  [MultiTableRepo.events] Ensured table exists: split_verse_perf_test.events_0_9999
[2025-09-19 21:36:18.448] INFO  [MultiTableRepo.events] Ensured table exists: split_verse_perf_test.events_0_9999
[2025-09-19 21:36:18.456] INFO  [MultiTableRepo.events] Ensured table exists: split_verse_perf_test.events_0_9999
[2025-09-19 21:36:18.458] INFO  [MultiTableRepo.events] Ensured table exists: split_verse_perf_test.events_0_9999
[2025-09-19 21:36:18.462] INFO  [MultiTableRepo.events] Ensured table exists: split_verse_perf_test.events_0_9999
[2025-09-19 21:36:18.463] INFO  [MultiTableRepo.events] Ensured table exists: split_verse_perf_test.events_0_9999
[2025-09-19 21:36:18.472] INFO  [MultiTableRepo.events] Ensured table exists: split_verse_perf_test.events_0_9999
[2025-09-19 21:36:18.474] INFO  [MultiTableRepo.events] Ensured table exists: split_verse_perf_test.events_0_9999
[2025-09-19 21:36:18.480] INFO  [MultiTableRepo.events] Ensured table exists: split_verse_perf_test.events_0_9999
[2025-09-19 21:36:18.483] INFO  [MultiTableRepo.events] Ensured table exists: split_verse_perf_test.events_0_9999
[2025-09-19 21:36:18.484] INFO  [MultiTableRepo.events] Ensured table exists: split_verse_perf_test.events_0_9999
[2025-09-19 21:36:18.486] INFO  [MultiTableRepo.events] Ensured table exists: split_verse_perf_test.events_0_9999
[2025-09-19 21:36:18.488] INFO  [MultiTableRepo.events] Ensured table exists: split_verse_perf_test.events_0_9999
[2025-09-19 21:36:18.493] INFO  [MultiTableRepo.events] Ensured table exists: split_verse_perf_test.events_0_9999
[2025-09-19 21:36:18.496] INFO  [MultiTableRepo.events] Ensured table exists: split_verse_perf_test.events_0_9999
[2025-09-19 21:36:18.499] INFO  [MultiTableRepo.events] Ensured table exists: split_verse_perf_test.events_0_9999
[2025-09-19 21:36:18.501] INFO  [MultiTableRepo.events] Ensured table exists: split_verse_perf_test.events_0_9999
[2025-09-19 21:36:18.502] INFO  [MultiTableRepo.events] Ensured table exists: split_verse_perf_test.events_0_9999
[2025-09-19 21:36:18.502] INFO  [MultiTableRepo.events] Ensured table exists: split_verse_perf_test.events_0_9999
[2025-09-19 21:36:18.503] INFO  [MultiTableRepo.events] Ensured table exists: split_verse_perf_test.events_0_9999
[2025-09-19 21:36:18.506] INFO  [MultiTableRepo.events] Ensured table exists: split_verse_perf_test.events_0_9999
[2025-09-19 21:36:18.511] INFO  [MultiTableRepo.events] Ensured table exists: split_verse_perf_test.events_0_9999
[2025-09-19 21:36:18.511] INFO  [MultiTableRepo.events] Ensured table exists: split_verse_perf_test.events_0_9999
[2025-09-19 21:36:18.513] INFO  [MultiTableRepo.events] Ensured table exists: split_verse_perf_test.events_0_9999
[2025-09-19 21:36:18.517] INFO  [MultiTableRepo.events] Ensured table exists: split_verse_perf_test.events_0_9999
[2025-09-19 21:36:18.517] INFO  [MultiTableRepo.events] Ensured table exists: split_verse_perf_test.events_0_9999
[2025-09-19 21:36:18.521] INFO  [MultiTableRepo.events] Ensured table exists: split_verse_perf_test.events_0_9999
[2025-09-19 21:36:18.522] INFO  [MultiTableRepo.events] Ensured table exists: split_verse_perf_test.events_0_9999
[2025-09-19 21:36:18.529] INFO  [MultiTableRepo.events] Ensured table exists: split_verse_perf_test.events_0_9999
[2025-09-19 21:36:18.530] INFO  [MultiTableRepo.events] Ensured table exists: split_verse_perf_test.events_0_9999
[2025-09-19 21:36:18.536] INFO  [MultiTableRepo.events] Ensured table exists: split_verse_perf_test.events_0_9999
[2025-09-19 21:36:18.536] INFO  [MultiTableRepo.events] Ensured table exists: split_verse_perf_test.events_0_9999
[2025-09-19 21:36:18.541] INFO  [MultiTableRepo.events] Ensured table exists: split_verse_perf_test.events_0_9999
[2025-09-19 21:36:18.543] INFO  [MultiTableRepo.events] Ensured table exists: split_verse_perf_test.events_0_9999
[2025-09-19 21:36:18.547] INFO  [MultiTableRepo.events] Ensured table exists: split_verse_perf_test.events_0_9999
[2025-09-19 21:36:18.548] INFO  [MultiTableRepo.events] Ensured table exists: split_verse_perf_test.events_0_9999
[2025-09-19 21:36:18.550] INFO  [MultiTableRepo.events] Ensured table exists: split_verse_perf_test.events_0_9999
[2025-09-19 21:36:18.566] INFO  [MultiTableRepo.events] Ensured table exists: split_verse_perf_test.events_0_9999
[2025-09-19 21:36:18.567] INFO  [MultiTableRepo.events] Ensured table exists: split_verse_perf_test.events_0_9999
[2025-09-19 21:36:18.568] INFO  [MultiTableRepo.events] Ensured table exists: split_verse_perf_test.events_0_9999
[2025-09-19 21:36:18.590] INFO  [MultiTableRepo.events] Ensured table exists: split_verse_perf_test.events_0_9999
[2025-09-19 21:36:18.599] INFO  [MultiTableRepo.events] Ensured table exists: split_verse_perf_test.events_0_9999
[2025-09-19 21:36:18.603] INFO  [MultiTableRepo.events] Ensured table exists: split_verse_perf_test.events_0_9999
[2025-09-19 21:36:18.604] INFO  [MultiTableRepo.events] Ensured table exists: split_verse_perf_test.events_0_9999
[2025-09-19 21:36:18.606] INFO  [MultiTableRepo.events] Ensured table exists: split_verse_perf_test.events_0_9999
[2025-09-19 21:36:18.608] INFO  [MultiTableRepo.events] Ensured table exists: split_verse_perf_test.events_0_9999
[2025-09-19 21:36:18.614] INFO  [MultiTableRepo.events] Ensured table exists: split_verse_perf_test.events_0_9999
[2025-09-19 21:36:18.625] INFO  [MultiTableRepo.events] Ensured table exists: split_verse_perf_test.events_0_9999
[2025-09-19 21:36:18.626] INFO  [MultiTableRepo.events] Ensured table exists: split_verse_perf_test.events_0_9999
[2025-09-19 21:36:18.628] INFO  [MultiTableRepo.events] Ensured table exists: split_verse_perf_test.events_0_9999
[2025-09-19 21:36:18.640] INFO  [MultiTableRepo.events] Ensured table exists: split_verse_perf_test.events_0_9999
[2025-09-19 21:36:18.648] INFO  [MultiTableRepo.events] Ensured table exists: split_verse_perf_test.events_0_9999
[2025-09-19 21:36:18.651] INFO  [MultiTableRepo.events] Ensured table exists: split_verse_perf_test.events_0_9999
[2025-09-19 21:36:18.663] INFO  [MultiTableRepo.events] Ensured table exists: split_verse_perf_test.events_0_9999
[2025-09-19 21:36:18.666] INFO  [MultiTableRepo.events] Ensured table exists: split_verse_perf_test.events_0_9999
[2025-09-19 21:36:18.667] INFO  [MultiTableRepo.events] Ensured table exists: split_verse_perf_test.events_0_9999
[2025-09-19 21:36:18.685] INFO  [MultiTableRepo.events] Ensured table exists: split_verse_perf_test.events_0_9999
[2025-09-19 21:36:18.689] INFO  [MultiTableRepo.events] Ensured table exists: split_verse_perf_test.events_0_9999
[2025-09-19 21:36:18.690] INFO  [MultiTableRepo.events] Ensured table exists: split_verse_perf_test.events_0_9999
[2025-09-19 21:36:18.719] INFO  [MultiTableRepo.events] Ensured table exists: split_verse_perf_test.events_0_9999
[2025-09-19 21:36:18.722] INFO  [MultiTableRepo.events] Ensured table exists: split_verse_perf_test.events_0_9999
[2025-09-19 21:36:18.738] INFO  [MultiTableRepo.events] Ensured table exists: split_verse_perf_test.events_0_9999
[2025-09-19 21:36:18.740] INFO  [MultiTableRepo.events] Ensured table exists: split_verse_perf_test.events_0_9999
[2025-09-19 21:36:18.743] INFO  [MultiTableRepo.events] Ensured table exists: split_verse_perf_test.events_0_9999
[2025-09-19 21:36:18.751] INFO  [MultiTableRepo.events] Ensured table exists: split_verse_perf_test.events_0_9999
[2025-09-19 21:36:18.755] INFO  [MultiTableRepo.events] Ensured table exists: split_verse_perf_test.events_0_9999
[2025-09-19 21:36:18.766] INFO  [MultiTableRepo.events] Ensured table exists: split_verse_perf_test.events_0_9999
[2025-09-19 21:36:18.766] INFO  [MultiTableRepo.events] Ensured table exists: split_verse_perf_test.events_0_9999
[2025-09-19 21:36:18.769] INFO  [MultiTableRepo.events] Ensured table exists: split_verse_perf_test.events_0_9999
[2025-09-19 21:36:18.773] INFO  [MultiTableRepo.events] Ensured table exists: split_verse_perf_test.events_0_9999
[2025-09-19 21:36:18.774] INFO  [MultiTableRepo.events] Ensured table exists: split_verse_perf_test.events_0_9999
[2025-09-19 21:36:18.775] INFO  [MultiTableRepo.events] Ensured table exists: split_verse_perf_test.events_0_9999
[2025-09-19 21:36:18.777] INFO  [MultiTableRepo.events] Ensured table exists: split_verse_perf_test.events_0_9999
[2025-09-19 21:36:18.785] INFO  [MultiTableRepo.events] Ensured table exists: split_verse_perf_test.events_0_9999
[2025-09-19 21:36:18.786] INFO  [MultiTableRepo.events] Ensured table exists: split_verse_perf_test.events_0_9999
[2025-09-19 21:36:18.792] INFO  [MultiTableRepo.events] Ensured table exists: split_verse_perf_test.events_0_9999
[2025-09-19 21:36:18.792] INFO  [MultiTableRepo.events] Ensured table exists: split_verse_perf_test.events_0_9999
[2025-09-19 21:36:18.793] INFO  [MultiTableRepo.events] Ensured table exists: split_verse_perf_test.events_0_9999
[2025-09-19 21:36:18.796] INFO  [MultiTableRepo.events] Ensured table exists: split_verse_perf_test.events_0_9999
[2025-09-19 21:36:18.798] INFO  [MultiTableRepo.events] Ensured table exists: split_verse_perf_test.events_0_9999
[2025-09-19 21:36:18.799] INFO  [MultiTableRepo.events] Ensured table exists: split_verse_perf_test.events_0_9999
[2025-09-19 21:36:18.804] INFO  [MultiTableRepo.events] Ensured table exists: split_verse_perf_test.events_0_9999
[2025-09-19 21:36:18.806] INFO  [MultiTableRepo.events] Ensured table exists: split_verse_perf_test.events_0_9999
[2025-09-19 21:36:18.807] INFO  [MultiTableRepo.events] Ensured table exists: split_verse_perf_test.events_0_9999
[2025-09-19 21:36:18.810] INFO  [MultiTableRepo.events] Ensured table exists: split_verse_perf_test.events_0_9999
[2025-09-19 21:36:18.813] INFO  [MultiTableRepo.events] Ensured table exists: split_verse_perf_test.events_0_9999
[2025-09-19 21:36:18.813] INFO  [MultiTableRepo.events] Ensured table exists: split_verse_perf_test.events_0_9999
[2025-09-19 21:36:18.814] INFO  [MultiTableRepo.events] Ensured table exists: split_verse_perf_test.events_0_9999
[2025-09-19 21:36:18.820] INFO  [MultiTableRepo.events] Ensured table exists: split_verse_perf_test.events_0_9999
[2025-09-19 21:36:18.827] INFO  [MultiTableRepo.events] Ensured table exists: split_verse_perf_test.events_0_9999
[2025-09-19 21:36:18.827] INFO  [MultiTableRepo.events] Ensured table exists: split_verse_perf_test.events_0_9999
[2025-09-19 21:36:18.827] INFO  [MultiTableRepo.events] Ensured table exists: split_verse_perf_test.events_0_9999
[2025-09-19 21:36:18.828] INFO  [MultiTableRepo.events] Ensured table exists: split_verse_perf_test.events_0_9999
[2025-09-19 21:36:18.836] INFO  [MultiTableRepo.events] Ensured table exists: split_verse_perf_test.events_0_9999
[2025-09-19 21:36:18.844] INFO  [MultiTableRepo.events] Ensured table exists: split_verse_perf_test.events_0_9999
[2025-09-19 21:36:18.845] INFO  [MultiTableRepo.events] Ensured table exists: split_verse_perf_test.events_0_9999
[2025-09-19 21:36:18.846] INFO  [MultiTableRepo.events] Ensured table exists: split_verse_perf_test.events_0_9999
[2025-09-19 21:36:18.853] INFO  [MultiTableRepo.events] Ensured table exists: split_verse_perf_test.events_0_9999
[2025-09-19 21:36:18.864] INFO  [MultiTableRepo.events] Ensured table exists: split_verse_perf_test.events_0_9999
[2025-09-19 21:36:18.875] INFO  [MultiTableRepo.events] Ensured table exists: split_verse_perf_test.events_0_9999
[2025-09-19 21:36:18.876] INFO  [MultiTableRepo.events] Ensured table exists: split_verse_perf_test.events_0_9999
[2025-09-19 21:36:18.884] INFO  [MultiTableRepo.events] Ensured table exists: split_verse_perf_test.events_0_9999
[2025-09-19 21:36:18.891] INFO  [MultiTableRepo.events] Ensured table exists: split_verse_perf_test.events_0_9999
[2025-09-19 21:36:18.897] INFO  [MultiTableRepo.events] Ensured table exists: split_verse_perf_test.events_0_9999
[2025-09-19 21:36:18.897] INFO  [MultiTableRepo.events] Ensured table exists: split_verse_perf_test.events_0_9999
[2025-09-19 21:36:18.898] INFO  [MultiTableRepo.events] Ensured table exists: split_verse_perf_test.events_0_9999
[2025-09-19 21:36:18.913] INFO  [MultiTableRepo.events] Ensured table exists: split_verse_perf_test.events_0_9999
[2025-09-19 21:36:18.916] INFO  [MultiTableRepo.events] Ensured table exists: split_verse_perf_test.events_0_9999
[2025-09-19 21:36:18.921] INFO  [MultiTableRepo.events] Ensured table exists: split_verse_perf_test.events_0_9999
[2025-09-19 21:36:18.921] INFO  [MultiTableRepo.events] Ensured table exists: split_verse_perf_test.events_0_9999
[2025-09-19 21:36:18.932] INFO  [MultiTableRepo.events] Ensured table exists: split_verse_perf_test.events_0_9999
[2025-09-19 21:36:18.934] INFO  [MultiTableRepo.events] Ensured table exists: split_verse_perf_test.events_0_9999
[2025-09-19 21:36:18.934] INFO  [MultiTableRepo.events] Ensured table exists: split_verse_perf_test.events_0_9999
[2025-09-19 21:36:18.946] INFO  [MultiTableRepo.events] Ensured table exists: split_verse_perf_test.events_0_9999
[2025-09-19 21:36:18.947] INFO  [MultiTableRepo.events] Ensured table exists: split_verse_perf_test.events_0_9999
[2025-09-19 21:36:18.948] INFO  [MultiTableRepo.events] Ensured table exists: split_verse_perf_test.events_0_9999
[2025-09-19 21:36:18.948] INFO  [MultiTableRepo.events] Ensured table exists: split_verse_perf_test.events_0_9999
[2025-09-19 21:36:18.953] INFO  [MultiTableRepo.events] Ensured table exists: split_verse_perf_test.events_0_9999
[2025-09-19 21:36:18.953] INFO  [MultiTableRepo.events] Ensured table exists: split_verse_perf_test.events_0_9999
[2025-09-19 21:36:18.955] INFO  [MultiTableRepo.events] Ensured table exists: split_verse_perf_test.events_0_9999
[2025-09-19 21:36:18.955] INFO  [MultiTableRepo.events] Ensured table exists: split_verse_perf_test.events_0_9999
[2025-09-19 21:36:18.961] INFO  [MultiTableRepo.events] Ensured table exists: split_verse_perf_test.events_0_9999
[2025-09-19 21:36:18.969] INFO  [MultiTableRepo.events] Ensured table exists: split_verse_perf_test.events_0_9999
[2025-09-19 21:36:18.970] INFO  [MultiTableRepo.events] Ensured table exists: split_verse_perf_test.events_0_9999
[2025-09-19 21:36:18.971] INFO  [MultiTableRepo.events] Ensured table exists: split_verse_perf_test.events_0_9999
[2025-09-19 21:36:18.971] INFO  [MultiTableRepo.events] Ensured table exists: split_verse_perf_test.events_0_9999
[2025-09-19 21:36:18.976] INFO  [MultiTableRepo.events] Ensured table exists: split_verse_perf_test.events_0_9999
[2025-09-19 21:36:18.982] INFO  [MultiTableRepo.events] Ensured table exists: split_verse_perf_test.events_0_9999
[2025-09-19 21:36:18.988] INFO  [MultiTableRepo.events] Ensured table exists: split_verse_perf_test.events_0_9999
[2025-09-19 21:36:18.989] INFO  [MultiTableRepo.events] Ensured table exists: split_verse_perf_test.events_0_9999
[2025-09-19 21:36:18.996] INFO  [MultiTableRepo.events] Ensured table exists: split_verse_perf_test.events_0_9999
[2025-09-19 21:36:18.998] INFO  [MultiTableRepo.events] Ensured table exists: split_verse_perf_test.events_0_9999
[2025-09-19 21:36:19.000] INFO  [MultiTableRepo.events] Ensured table exists: split_verse_perf_test.events_0_9999
[2025-09-19 21:36:19.006] INFO  [MultiTableRepo.events] Ensured table exists: split_verse_perf_test.events_0_9999
[2025-09-19 21:36:19.011] INFO  [MultiTableRepo.events] Ensured table exists: split_verse_perf_test.events_0_9999
[2025-09-19 21:36:19.031] INFO  [MultiTableRepo.events] Ensured table exists: split_verse_perf_test.events_0_9999
[2025-09-19 21:36:19.047] INFO  [MultiTableRepo.events] Ensured table exists: split_verse_perf_test.events_0_9999
[2025-09-19 21:36:19.047] INFO  [MultiTableRepo.events] Ensured table exists: split_verse_perf_test.events_0_9999
[2025-09-19 21:36:19.053] INFO  [MultiTableRepo.events] Ensured table exists: split_verse_perf_test.events_0_9999
[2025-09-19 21:36:19.054] INFO  [MultiTableRepo.events] Ensured table exists: split_verse_perf_test.events_0_9999
[2025-09-19 21:36:19.054] INFO  [MultiTableRepo.events] Ensured table exists: split_verse_perf_test.events_0_9999
[2025-09-19 21:36:19.054] INFO  [MultiTableRepo.events] Ensured table exists: split_verse_perf_test.events_0_9999
[2025-09-19 21:36:19.066] INFO  [MultiTableRepo.events] Ensured table exists: split_verse_perf_test.events_0_9999
[2025-09-19 21:36:19.066] INFO  [MultiTableRepo.events] Ensured table exists: split_verse_perf_test.events_0_9999
[2025-09-19 21:36:19.073] INFO  [MultiTableRepo.events] Ensured table exists: split_verse_perf_test.events_0_9999
[2025-09-19 21:36:19.075] INFO  [MultiTableRepo.events] Ensured table exists: split_verse_perf_test.events_0_9999
[2025-09-19 21:36:19.094] INFO  [MultiTableRepo.events] Ensured table exists: split_verse_perf_test.events_0_9999
[2025-09-19 21:36:19.105] INFO  [MultiTableRepo.events] Ensured table exists: split_verse_perf_test.events_0_9999
[2025-09-19 21:36:19.113] INFO  [MultiTableRepo.events] Ensured table exists: split_verse_perf_test.events_0_9999
[2025-09-19 21:36:19.116] INFO  [MultiTableRepo.events] Ensured table exists: split_verse_perf_test.events_0_9999
[2025-09-19 21:36:19.125] INFO  [MultiTableRepo.events] Ensured table exists: split_verse_perf_test.events_0_9999
[2025-09-19 21:36:19.140] INFO  [MultiTableRepo.events] Ensured table exists: split_verse_perf_test.events_0_9999
[2025-09-19 21:36:19.142] INFO  [MultiTableRepo.events] Ensured table exists: split_verse_perf_test.events_0_9999
[2025-09-19 21:36:19.164] INFO  [MultiTableRepo.events] Ensured table exists: split_verse_perf_test.events_0_9999
[2025-09-19 21:36:19.170] INFO  [MultiTableRepo.events] Ensured table exists: split_verse_perf_test.events_0_9999
[2025-09-19 21:36:19.170] INFO  [MultiTableRepo.events] Ensured table exists: split_verse_perf_test.events_0_9999
[2025-09-19 21:36:19.189] INFO  [MultiTableRepo.events] Ensured table exists: split_verse_perf_test.events_0_9999
[2025-09-19 21:36:19.191] INFO  [MultiTableRepo.events] Ensured table exists: split_verse_perf_test.events_0_9999
[2025-09-19 21:36:19.207] INFO  [MultiTableRepo.events] Ensured table exists: split_verse_perf_test.events_0_9999
[2025-09-19 21:36:19.222] INFO  [MultiTableRepo.events] Ensured table exists: split_verse_perf_test.events_0_9999
[2025-09-19 21:36:19.233] INFO  [MultiTableRepo.events] Ensured table exists: split_verse_perf_test.events_0_9999
[2025-09-19 21:36:19.238] INFO  [MultiTableRepo.events] Ensured table exists: split_verse_perf_test.events_0_9999
[2025-09-19 21:36:19.246] INFO  [MultiTableRepo.events] Ensured table exists: split_verse_perf_test.events_0_9999
[2025-09-19 21:36:19.248] INFO  [MultiTableRepo.events] Ensured table exists: split_verse_perf_test.events_0_9999
[2025-09-19 21:36:19.252] INFO  [MultiTableRepo.events] Ensured table exists: split_verse_perf_test.events_0_9999
[2025-09-19 21:36:19.255] INFO  [MultiTableRepo.events] Ensured table exists: split_verse_perf_test.events_0_9999
[2025-09-19 21:36:19.260] INFO  [MultiTableRepo.events] Ensured table exists: split_verse_perf_test.events_0_9999
[2025-09-19 21:36:19.266] INFO  [MultiTableRepo.events] Ensured table exists: split_verse_perf_test.events_0_9999
[2025-09-19 21:36:19.267] INFO  [MultiTableRepo.events] Ensured table exists: split_verse_perf_test.events_0_9999
[2025-09-19 21:36:19.268] INFO  [MultiTableRepo.events] Ensured table exists: split_verse_perf_test.events_0_9999
[2025-09-19 21:36:19.269] INFO  [MultiTableRepo.events] Ensured table exists: split_verse_perf_test.events_0_9999
[2025-09-19 21:36:19.271] INFO  [MultiTableRepo.events] Ensured table exists: split_verse_perf_test.events_0_9999
[2025-09-19 21:36:19.271] INFO  [MultiTableRepo.events] Ensured table exists: split_verse_perf_test.events_0_9999
[2025-09-19 21:36:19.274] INFO  [MultiTableRepo.events] Ensured table exists: split_verse_perf_test.events_0_9999
[2025-09-19 21:36:19.284] INFO  [MultiTableRepo.events] Ensured table exists: split_verse_perf_test.events_0_9999
[2025-09-19 21:36:19.286] INFO  [MultiTableRepo.events] Ensured table exists: split_verse_perf_test.events_0_9999
[2025-09-19 21:36:19.293] INFO  [MultiTableRepo.events] Ensured table exists: split_verse_perf_test.events_0_9999
[2025-09-19 21:36:19.293] INFO  [MultiTableRepo.events] Ensured table exists: split_verse_perf_test.events_0_9999
[2025-09-19 21:36:19.293] INFO  [MultiTableRepo.events] Ensured table exists: split_verse_perf_test.events_0_9999
[2025-09-19 21:36:19.296] INFO  [MultiTableRepo.events] Ensured table exists: split_verse_perf_test.events_0_9999
[2025-09-19 21:36:19.302] INFO  [MultiTableRepo.events] Ensured table exists: split_verse_perf_test.events_0_9999
[2025-09-19 21:36:19.307] INFO  [MultiTableRepo.events] Ensured table exists: split_verse_perf_test.events_0_9999
[2025-09-19 21:36:19.308] INFO  [MultiTableRepo.events] Ensured table exists: split_verse_perf_test.events_0_9999
[2025-09-19 21:36:19.308] INFO  [MultiTableRepo.events] Ensured table exists: split_verse_perf_test.events_0_9999
[2025-09-19 21:36:19.309] INFO  [MultiTableRepo.events] Ensured table exists: split_verse_perf_test.events_0_9999
[2025-09-19 21:36:19.312] INFO  [MultiTableRepo.events] Ensured table exists: split_verse_perf_test.events_0_9999
[2025-09-19 21:36:19.312] INFO  [MultiTableRepo.events] Ensured table exists: split_verse_perf_test.events_0_9999
[2025-09-19 21:36:19.317] INFO  [MultiTableRepo.events] Ensured table exists: split_verse_perf_test.events_0_9999
[2025-09-19 21:36:19.321] INFO  [MultiTableRepo.events] Ensured table exists: split_verse_perf_test.events_0_9999
[2025-09-19 21:36:19.328] INFO  [MultiTableRepo.events] Ensured table exists: split_verse_perf_test.events_0_9999
[2025-09-19 21:36:19.331] INFO  [MultiTableRepo.events] Ensured table exists: split_verse_perf_test.events_0_9999
[2025-09-19 21:36:19.332] INFO  [MultiTableRepo.events] Ensured table exists: split_verse_perf_test.events_0_9999
[2025-09-19 21:36:19.339] INFO  [MultiTableRepo.events] Ensured table exists: split_verse_perf_test.events_0_9999
[2025-09-19 21:36:19.342] INFO  [MultiTableRepo.events] Ensured table exists: split_verse_perf_test.events_0_9999
[2025-09-19 21:36:19.346] INFO  [MultiTableRepo.events] Ensured table exists: split_verse_perf_test.events_0_9999
[2025-09-19 21:36:19.370] INFO  [MultiTableRepo.events] Ensured table exists: split_verse_perf_test.events_0_9999
[2025-09-19 21:36:19.384] INFO  [MultiTableRepo.events] Ensured table exists: split_verse_perf_test.events_0_9999
[2025-09-19 21:36:19.387] INFO  [MultiTableRepo.events] Ensured table exists: split_verse_perf_test.events_0_9999
[2025-09-19 21:36:19.393] INFO  [MultiTableRepo.events] Ensured table exists: split_verse_perf_test.events_0_9999
[2025-09-19 21:36:19.408] INFO  [MultiTableRepo.events] Ensured table exists: split_verse_perf_test.events_0_9999
[2025-09-19 21:36:19.423] INFO  [MultiTableRepo.events] Ensured table exists: split_verse_perf_test.events_0_9999
[2025-09-19 21:36:19.430] INFO  [MultiTableRepo.events] Ensured table exists: split_verse_perf_test.events_0_9999
[2025-09-19 21:36:19.442] INFO  [MultiTableRepo.events] Ensured table exists: split_verse_perf_test.events_0_9999
[2025-09-19 21:36:19.448] INFO  [MultiTableRepo.events] Ensured table exists: split_verse_perf_test.events_0_9999
[2025-09-19 21:36:19.449] INFO  [MultiTableRepo.events] Ensured table exists: split_verse_perf_test.events_0_9999
[2025-09-19 21:36:19.454] INFO  [MultiTableRepo.events] Ensured table exists: split_verse_perf_test.events_0_9999
[2025-09-19 21:36:19.457] INFO  [MultiTableRepo.events] Ensured table exists: split_verse_perf_test.events_0_9999
[2025-09-19 21:36:19.460] INFO  [MultiTableRepo.events] Ensured table exists: split_verse_perf_test.events_0_9999
[2025-09-19 21:36:19.460] INFO  [MultiTableRepo.events] Ensured table exists: split_verse_perf_test.events_0_9999
[2025-09-19 21:36:19.460] INFO  [MultiTableRepo.events] Ensured table exists: split_verse_perf_test.events_0_9999
[2025-09-19 21:36:19.467] INFO  [MultiTableRepo.events] Ensured table exists: split_verse_perf_test.events_0_9999
[2025-09-19 21:36:19.468] INFO  [MultiTableRepo.events] Ensured table exists: split_verse_perf_test.events_0_9999
[2025-09-19 21:36:19.472] INFO  [MultiTableRepo.events] Ensured table exists: split_verse_perf_test.events_0_9999
[2025-09-19 21:36:19.479] INFO  [MultiTableRepo.events] Ensured table exists: split_verse_perf_test.events_0_9999
[2025-09-19 21:36:19.479] INFO  [MultiTableRepo.events] Ensured table exists: split_verse_perf_test.events_0_9999
[2025-09-19 21:36:19.480] INFO  [MultiTableRepo.events] Ensured table exists: split_verse_perf_test.events_0_9999
[2025-09-19 21:36:19.481] INFO  [MultiTableRepo.events] Ensured table exists: split_verse_perf_test.events_0_9999
[2025-09-19 21:36:19.481] INFO  [MultiTableRepo.events] Ensured table exists: split_verse_perf_test.events_0_9999
[2025-09-19 21:36:19.488] INFO  [MultiTableRepo.events] Ensured table exists: split_verse_perf_test.events_0_9999
[2025-09-19 21:36:19.491] INFO  [MultiTableRepo.events] Ensured table exists: split_verse_perf_test.events_0_9999
[2025-09-19 21:36:19.498] INFO  [MultiTableRepo.events] Ensured table exists: split_verse_perf_test.events_0_9999
[2025-09-19 21:36:19.498] INFO  [MultiTableRepo.events] Ensured table exists: split_verse_perf_test.events_0_9999
[2025-09-19 21:36:19.501] INFO  [MultiTableRepo.events] Ensured table exists: split_verse_perf_test.events_0_9999
[2025-09-19 21:36:19.501] INFO  [MultiTableRepo.events] Ensured table exists: split_verse_perf_test.events_0_9999
[2025-09-19 21:36:19.508] INFO  [MultiTableRepo.events] Ensured table exists: split_verse_perf_test.events_0_9999
[2025-09-19 21:36:19.509] INFO  [MultiTableRepo.events] Ensured table exists: split_verse_perf_test.events_0_9999
[2025-09-19 21:36:19.509] INFO  [MultiTableRepo.events] Ensured table exists: split_verse_perf_test.events_0_9999
[2025-09-19 21:36:19.514] INFO  [MultiTableRepo.events] Ensured table exists: split_verse_perf_test.events_0_9999
[2025-09-19 21:36:19.517] INFO  [MultiTableRepo.events] Ensured table exists: split_verse_perf_test.events_0_9999
[2025-09-19 21:36:19.519] INFO  [MultiTableRepo.events] Ensured table exists: split_verse_perf_test.events_0_9999
[2025-09-19 21:36:19.521] INFO  [MultiTableRepo.events] Ensured table exists: split_verse_perf_test.events_0_9999
[2025-09-19 21:36:19.522] INFO  [MultiTableRepo.events] Ensured table exists: split_verse_perf_test.events_0_9999
[2025-09-19 21:36:19.525] INFO  [MultiTableRepo.events] Ensured table exists: split_verse_perf_test.events_0_9999
[2025-09-19 21:36:19.529] INFO  [MultiTableRepo.events] Ensured table exists: split_verse_perf_test.events_0_9999
[2025-09-19 21:36:19.531] INFO  [MultiTableRepo.events] Ensured table exists: split_verse_perf_test.events_0_9999
[2025-09-19 21:36:19.534] INFO  [MultiTableRepo.events] Ensured table exists: split_verse_perf_test.events_0_9999
[2025-09-19 21:36:19.535] INFO  [MultiTableRepo.events] Ensured table exists: split_verse_perf_test.events_0_9999
[2025-09-19 21:36:19.536] INFO  [MultiTableRepo.events] Ensured table exists: split_verse_perf_test.events_0_9999
[2025-09-19 21:36:19.543] INFO  [MultiTableRepo.events] Ensured table exists: split_verse_perf_test.events_0_9999
[2025-09-19 21:36:19.545] INFO  [MultiTableRepo.events] Ensured table exists: split_verse_perf_test.events_0_9999
[2025-09-19 21:36:19.549] INFO  [MultiTableRepo.events] Ensured table exists: split_verse_perf_test.events_0_9999
[2025-09-19 21:36:19.550] INFO  [MultiTableRepo.events] Ensured table exists: split_verse_perf_test.events_0_9999
[2025-09-19 21:36:19.552] INFO  [MultiTableRepo.events] Ensured table exists: split_verse_perf_test.events_0_9999
[2025-09-19 21:36:19.561] INFO  [MultiTableRepo.events] Ensured table exists: split_verse_perf_test.events_0_9999
[2025-09-19 21:36:19.568] INFO  [MultiTableRepo.events] Ensured table exists: split_verse_perf_test.events_0_9999
[2025-09-19 21:36:19.588] INFO  [MultiTableRepo.events] Ensured table exists: split_verse_perf_test.events_0_9999
[2025-09-19 21:36:19.589] INFO  [MultiTableRepo.events] Ensured table exists: split_verse_perf_test.events_0_9999
[2025-09-19 21:36:19.603] INFO  [MultiTableRepo.events] Ensured table exists: split_verse_perf_test.events_0_9999
[2025-09-19 21:36:19.607] INFO  [MultiTableRepo.events] Ensured table exists: split_verse_perf_test.events_0_9999
[2025-09-19 21:36:19.611] INFO  [MultiTableRepo.events] Ensured table exists: split_verse_perf_test.events_0_9999
[2025-09-19 21:36:19.621] INFO  [MultiTableRepo.events] Ensured table exists: split_verse_perf_test.events_0_9999
[2025-09-19 21:36:19.624] INFO  [MultiTableRepo.events] Ensured table exists: split_verse_perf_test.events_0_9999
[2025-09-19 21:36:19.628] INFO  [MultiTableRepo.events] Ensured table exists: split_verse_perf_test.events_0_9999
[2025-09-19 21:36:19.645] INFO  [MultiTableRepo.events] Ensured table exists: split_verse_perf_test.events_0_9999
[2025-09-19 21:36:19.648] INFO  [MultiTableRepo.events] Ensured table exists: split_verse_perf_test.events_0_9999
[2025-09-19 21:36:19.661] INFO  [MultiTableRepo.events] Ensured table exists: split_verse_perf_test.events_0_9999
[2025-09-19 21:36:19.666] INFO  [MultiTableRepo.events] Ensured table exists: split_verse_perf_test.events_0_9999
[2025-09-19 21:36:19.671] INFO  [MultiTableRepo.events] Ensured table exists: split_verse_perf_test.events_0_9999
[2025-09-19 21:36:19.674] INFO  [MultiTableRepo.events] Ensured table exists: split_verse_perf_test.events_0_9999
[2025-09-19 21:36:19.682] INFO  [MultiTableRepo.events] Ensured table exists: split_verse_perf_test.events_0_9999
[2025-09-19 21:36:19.694] INFO  [MultiTableRepo.events] Ensured table exists: split_verse_perf_test.events_0_9999
[2025-09-19 21:36:19.698] INFO  [MultiTableRepo.events] Ensured table exists: split_verse_perf_test.events_0_9999
[2025-09-19 21:36:19.710] INFO  [MultiTableRepo.events] Ensured table exists: split_verse_perf_test.events_0_9999
[2025-09-19 21:36:19.713] INFO  [MultiTableRepo.events] Ensured table exists: split_verse_perf_test.events_0_9999
[2025-09-19 21:36:19.715] INFO  [MultiTableRepo.events] Ensured table exists: split_verse_perf_test.events_0_9999
[2025-09-19 21:36:19.721] INFO  [MultiTableRepo.events] Ensured table exists: split_verse_perf_test.events_0_9999
[2025-09-19 21:36:19.722] INFO  [MultiTableRepo.events] Ensured table exists: split_verse_perf_test.events_0_9999
[2025-09-19 21:36:19.723] INFO  [MultiTableRepo.events] Ensured table exists: split_verse_perf_test.events_0_9999
[2025-09-19 21:36:19.725] INFO  [MultiTableRepo.events] Ensured table exists: split_verse_perf_test.events_0_9999
[2025-09-19 21:36:19.725] INFO  [MultiTableRepo.events] Ensured table exists: split_verse_perf_test.events_0_9999
[2025-09-19 21:36:19.728] INFO  [MultiTableRepo.events] Ensured table exists: split_verse_perf_test.events_0_9999
[2025-09-19 21:36:19.730] INFO  [MultiTableRepo.events] Ensured table exists: split_verse_perf_test.events_0_9999
[2025-09-19 21:36:19.733] INFO  [MultiTableRepo.events] Ensured table exists: split_verse_perf_test.events_0_9999
[2025-09-19 21:36:19.735] INFO  [MultiTableRepo.events] Ensured table exists: split_verse_perf_test.events_0_9999
[2025-09-19 21:36:19.737] INFO  [MultiTableRepo.events] Ensured table exists: split_verse_perf_test.events_0_9999
[2025-09-19 21:36:19.742] INFO  [MultiTableRepo.events] Ensured table exists: split_verse_perf_test.events_0_9999
[2025-09-19 21:36:19.744] INFO  [MultiTableRepo.events] Ensured table exists: split_verse_perf_test.events_0_9999
[2025-09-19 21:36:19.744] INFO  [MultiTableRepo.events] Ensured table exists: split_verse_perf_test.events_0_9999
[2025-09-19 21:36:19.744] INFO  [MultiTableRepo.events] Ensured table exists: split_verse_perf_test.events_0_9999
[2025-09-19 21:36:19.747] INFO  [MultiTableRepo.events] Ensured table exists: split_verse_perf_test.events_0_9999
[2025-09-19 21:36:19.750] INFO  [MultiTableRepo.events] Ensured table exists: split_verse_perf_test.events_0_9999
[2025-09-19 21:36:19.751] INFO  [MultiTableRepo.events] Ensured table exists: split_verse_perf_test.events_0_9999
[2025-09-19 21:36:19.754] INFO  [MultiTableRepo.events] Ensured table exists: split_verse_perf_test.events_0_9999
[2025-09-19 21:36:19.759] INFO  [MultiTableRepo.events] Ensured table exists: split_verse_perf_test.events_0_9999
[2025-09-19 21:36:19.760] INFO  [MultiTableRepo.events] Ensured table exists: split_verse_perf_test.events_0_9999
[2025-09-19 21:36:19.764] INFO  [MultiTableRepo.events] Ensured table exists: split_verse_perf_test.events_0_9999
[2025-09-19 21:36:19.767] INFO  [MultiTableRepo.events] Ensured table exists: split_verse_perf_test.events_0_9999
[2025-09-19 21:36:19.767] INFO  [MultiTableRepo.events] Ensured table exists: split_verse_perf_test.events_0_9999
[2025-09-19 21:36:19.769] INFO  [MultiTableRepo.events] Ensured table exists: split_verse_perf_test.events_0_9999
[2025-09-19 21:36:19.774] INFO  [MultiTableRepo.events] Ensured table exists: split_verse_perf_test.events_0_9999
[2025-09-19 21:36:19.776] INFO  [MultiTableRepo.events] Ensured table exists: split_verse_perf_test.events_0_9999
[2025-09-19 21:36:19.778] INFO  [MultiTableRepo.events] Ensured table exists: split_verse_perf_test.events_0_9999
[2025-09-19 21:36:19.785] INFO  [MultiTableRepo.events] Ensured table exists: split_verse_perf_test.events_0_9999
[2025-09-19 21:36:19.785] INFO  [MultiTableRepo.events] Ensured table exists: split_verse_perf_test.events_0_9999
[2025-09-19 21:36:19.788] INFO  [MultiTableRepo.events] Ensured table exists: split_verse_perf_test.events_0_9999
[2025-09-19 21:36:19.789] INFO  [MultiTableRepo.events] Ensured table exists: split_verse_perf_test.events_0_9999
[2025-09-19 21:36:19.793] INFO  [MultiTableRepo.events] Ensured table exists: split_verse_perf_test.events_0_9999
[2025-09-19 21:36:19.795] INFO  [MultiTableRepo.events] Ensured table exists: split_verse_perf_test.events_0_9999
[2025-09-19 21:36:19.829] INFO  [MultiTableRepo.events] Ensured table exists: split_verse_perf_test.events_0_9999
[2025-09-19 21:36:19.830] INFO  [MultiTableRepo.events] Ensured table exists: split_verse_perf_test.events_0_9999
[2025-09-19 21:36:19.830] INFO  [MultiTableRepo.events] Ensured table exists: split_verse_perf_test.events_0_9999
[2025-09-19 21:36:19.846] INFO  [MultiTableRepo.events] Ensured table exists: split_verse_perf_test.events_0_9999
[2025-09-19 21:36:19.847] INFO  [MultiTableRepo.events] Ensured table exists: split_verse_perf_test.events_0_9999
[2025-09-19 21:36:19.847] INFO  [MultiTableRepo.events] Ensured table exists: split_verse_perf_test.events_0_9999
[2025-09-19 21:36:19.855] INFO  [MultiTableRepo.events] Ensured table exists: split_verse_perf_test.events_0_9999
[2025-09-19 21:36:19.862] INFO  [MultiTableRepo.events] Ensured table exists: split_verse_perf_test.events_0_9999
[2025-09-19 21:36:19.862] INFO  [MultiTableRepo.events] Ensured table exists: split_verse_perf_test.events_0_9999
[2025-09-19 21:36:19.865] INFO  [MultiTableRepo.events] Ensured table exists: split_verse_perf_test.events_0_9999
[2025-09-19 21:36:19.865] INFO  [MultiTableRepo.events] Ensured table exists: split_verse_perf_test.events_0_9999
[2025-09-19 21:36:19.866] INFO  [MultiTableRepo.events] Ensured table exists: split_verse_perf_test.events_0_9999
[2025-09-19 21:36:19.866] INFO  [MultiTableRepo.events] Ensured table exists: split_verse_perf_test.events_0_9999
[2025-09-19 21:36:19.871] INFO  [MultiTableRepo.events] Ensured table exists: split_verse_perf_test.events_0_9999
[2025-09-19 21:36:19.873] INFO  [MultiTableRepo.events] Ensured table exists: split_verse_perf_test.events_0_9999
[2025-09-19 21:36:19.874] INFO  [MultiTableRepo.events] Ensured table exists: split_verse_perf_test.events_0_9999
[2025-09-19 21:36:19.874] INFO  [MultiTableRepo.events] Ensured table exists: split_verse_perf_test.events_0_9999
[2025-09-19 21:36:19.877] INFO  [MultiTableRepo.events] Ensured table exists: split_verse_perf_test.events_0_9999
[2025-09-19 21:36:19.879] INFO  [MultiTableRepo.events] Ensured table exists: split_verse_perf_test.events_0_9999
[2025-09-19 21:36:19.879] INFO  [MultiTableRepo.events] Ensured table exists: split_verse_perf_test.events_0_9999
[2025-09-19 21:36:19.880] INFO  [MultiTableRepo.events] Ensured table exists: split_verse_perf_test.events_0_9999
[2025-09-19 21:36:19.880] INFO  [MultiTableRepo.events] Ensured table exists: split_verse_perf_test.events_0_9999
[2025-09-19 21:36:19.883] INFO  [MultiTableRepo.events] Ensured table exists: split_verse_perf_test.events_0_9999
[2025-09-19 21:36:19.887] INFO  [MultiTableRepo.events] Ensured table exists: split_verse_perf_test.events_0_9999
[2025-09-19 21:36:19.890] INFO  [MultiTableRepo.events] Ensured table exists: split_verse_perf_test.events_0_9999
[2025-09-19 21:36:19.891] INFO  [MultiTableRepo.events] Ensured table exists: split_verse_perf_test.events_0_9999
[2025-09-19 21:36:19.894] INFO  [MultiTableRepo.events] Ensured table exists: split_verse_perf_test.events_0_9999
[2025-09-19 21:36:19.894] INFO  [MultiTableRepo.events] Ensured table exists: split_verse_perf_test.events_0_9999
[2025-09-19 21:36:19.894] INFO  [MultiTableRepo.events] Ensured table exists: split_verse_perf_test.events_0_9999
[2025-09-19 21:36:19.895] INFO  [MultiTableRepo.events] Ensured table exists: split_verse_perf_test.events_0_9999
[2025-09-19 21:36:19.895] INFO  [MultiTableRepo.events] Ensured table exists: split_verse_perf_test.events_0_9999
[2025-09-19 21:36:19.895] INFO  [MultiTableRepo.events] Ensured table exists: split_verse_perf_test.events_0_9999
[2025-09-19 21:36:19.900] INFO  [MultiTableRepo.events] Ensured table exists: split_verse_perf_test.events_0_9999
[2025-09-19 21:36:19.906] INFO  [MultiTableRepo.events] Ensured table exists: split_verse_perf_test.events_0_9999
[2025-09-19 21:36:19.914] INFO  [MultiTableRepo.events] Ensured table exists: split_verse_perf_test.events_0_9999
[2025-09-19 21:36:19.915] INFO  [MultiTableRepo.events] Ensured table exists: split_verse_perf_test.events_0_9999
[2025-09-19 21:36:19.915] INFO  [MultiTableRepo.events] Ensured table exists: split_verse_perf_test.events_0_9999
[2025-09-19 21:36:19.916] INFO  [MultiTableRepo.events] Ensured table exists: split_verse_perf_test.events_0_9999
[2025-09-19 21:36:19.916] INFO  [MultiTableRepo.events] Ensured table exists: split_verse_perf_test.events_0_9999
[2025-09-19 21:36:19.922] INFO  [MultiTableRepo.events] Ensured table exists: split_verse_perf_test.events_0_9999
[2025-09-19 21:36:19.927] INFO  [MultiTableRepo.events] Ensured table exists: split_verse_perf_test.events_0_9999
[2025-09-19 21:36:19.931] INFO  [MultiTableRepo.events] Ensured table exists: split_verse_perf_test.events_0_9999
[2025-09-19 21:36:19.931] INFO  [MultiTableRepo.events] Ensured table exists: split_verse_perf_test.events_0_9999
[2025-09-19 21:36:19.931] INFO  [MultiTableRepo.events] Ensured table exists: split_verse_perf_test.events_0_9999
[2025-09-19 21:36:19.932] INFO  [MultiTableRepo.events] Ensured table exists: split_verse_perf_test.events_0_9999
[2025-09-19 21:36:19.935] INFO  [MultiTableRepo.events] Ensured table exists: split_verse_perf_test.events_0_9999
[2025-09-19 21:36:19.953] INFO  [MultiTableRepo.events] Ensured table exists: split_verse_perf_test.events_0_9999
[2025-09-19 21:36:19.967] INFO  [MultiTableRepo.events] Ensured table exists: split_verse_perf_test.events_0_9999
[2025-09-19 21:36:19.968] INFO  [MultiTableRepo.events] Ensured table exists: split_verse_perf_test.events_0_9999
[2025-09-19 21:36:19.975] INFO  [MultiTableRepo.events] Ensured table exists: split_verse_perf_test.events_0_9999
[2025-09-19 21:36:19.986] INFO  [MultiTableRepo.events] Ensured table exists: split_verse_perf_test.events_0_9999
[2025-09-19 21:36:19.988] INFO  [MultiTableRepo.events] Ensured table exists: split_verse_perf_test.events_0_9999
[2025-09-19 21:36:19.989] INFO  [MultiTableRepo.events] Ensured table exists: split_verse_perf_test.events_0_9999
[2025-09-19 21:36:20.001] INFO  [MultiTableRepo.events] Ensured table exists: split_verse_perf_test.events_0_9999
[2025-09-19 21:36:20.005] INFO  [MultiTableRepo.events] Ensured table exists: split_verse_perf_test.events_0_9999
[2025-09-19 21:36:20.011] INFO  [MultiTableRepo.events] Ensured table exists: split_verse_perf_test.events_0_9999
[2025-09-19 21:36:20.019] INFO  [MultiTableRepo.events] Ensured table exists: split_verse_perf_test.events_0_9999
[2025-09-19 21:36:20.024] INFO  [MultiTableRepo.events] Ensured table exists: split_verse_perf_test.events_0_9999
[2025-09-19 21:36:20.033] INFO  [MultiTableRepo.events] Ensured table exists: split_verse_perf_test.events_0_9999
[2025-09-19 21:36:20.043] INFO  [MultiTableRepo.events] Ensured table exists: split_verse_perf_test.events_0_9999
[2025-09-19 21:36:20.043] INFO  [MultiTableRepo.events] Ensured table exists: split_verse_perf_test.events_0_9999
[2025-09-19 21:36:20.059] INFO  [MultiTableRepo.events] Ensured table exists: split_verse_perf_test.events_0_9999
[2025-09-19 21:36:20.063] INFO  [MultiTableRepo.events] Ensured table exists: split_verse_perf_test.events_0_9999
[2025-09-19 21:36:20.072] INFO  [MultiTableRepo.events] Ensured table exists: split_verse_perf_test.events_0_9999
[2025-09-19 21:36:20.076] INFO  [MultiTableRepo.events] Ensured table exists: split_verse_perf_test.events_0_9999
[2025-09-19 21:36:20.076] INFO  [MultiTableRepo.events] Ensured table exists: split_verse_perf_test.events_0_9999
[2025-09-19 21:36:20.080] INFO  [MultiTableRepo.events] Ensured table exists: split_verse_perf_test.events_0_9999
[2025-09-19 21:36:20.081] INFO  [MultiTableRepo.events] Ensured table exists: split_verse_perf_test.events_0_9999
[2025-09-19 21:36:20.083] INFO  [MultiTableRepo.events] Ensured table exists: split_verse_perf_test.events_0_9999
[2025-09-19 21:36:20.085] INFO  [MultiTableRepo.events] Ensured table exists: split_verse_perf_test.events_0_9999
[2025-09-19 21:36:20.086] INFO  [MultiTableRepo.events] Ensured table exists: split_verse_perf_test.events_0_9999
[2025-09-19 21:36:20.086] INFO  [MultiTableRepo.events] Ensured table exists: split_verse_perf_test.events_0_9999
[2025-09-19 21:36:20.090] INFO  [MultiTableRepo.events] Ensured table exists: split_verse_perf_test.events_0_9999
[2025-09-19 21:36:20.092] INFO  [MultiTableRepo.events] Ensured table exists: split_verse_perf_test.events_0_9999
[2025-09-19 21:36:20.092] INFO  [MultiTableRepo.events] Ensured table exists: split_verse_perf_test.events_0_9999
[2025-09-19 21:36:20.096] INFO  [MultiTableRepo.events] Ensured table exists: split_verse_perf_test.events_0_9999
[2025-09-19 21:36:20.097] INFO  [MultiTableRepo.events] Ensured table exists: split_verse_perf_test.events_0_9999
[2025-09-19 21:36:20.097] INFO  [MultiTableRepo.events] Ensured table exists: split_verse_perf_test.events_0_9999
[2025-09-19 21:36:20.099] INFO  [MultiTableRepo.events] Ensured table exists: split_verse_perf_test.events_0_9999
[2025-09-19 21:36:20.099] INFO  [MultiTableRepo.events] Ensured table exists: split_verse_perf_test.events_0_9999
[2025-09-19 21:36:20.104] INFO  [MultiTableRepo.events] Ensured table exists: split_verse_perf_test.events_0_9999
[2025-09-19 21:36:20.105] INFO  [MultiTableRepo.events] Ensured table exists: split_verse_perf_test.events_0_9999
[2025-09-19 21:36:20.109] INFO  [MultiTableRepo.events] Ensured table exists: split_verse_perf_test.events_0_9999
[2025-09-19 21:36:20.109] INFO  [MultiTableRepo.events] Ensured table exists: split_verse_perf_test.events_0_9999
[2025-09-19 21:36:20.110] INFO  [MultiTableRepo.events] Ensured table exists: split_verse_perf_test.events_0_9999
[2025-09-19 21:36:20.111] INFO  [MultiTableRepo.events] Ensured table exists: split_verse_perf_test.events_0_9999
[2025-09-19 21:36:20.114] INFO  [MultiTableRepo.events] Ensured table exists: split_verse_perf_test.events_0_9999
[2025-09-19 21:36:20.115] INFO  [MultiTableRepo.events] Ensured table exists: split_verse_perf_test.events_0_9999
[2025-09-19 21:36:20.121] INFO  [MultiTableRepo.events] Ensured table exists: split_verse_perf_test.events_0_9999
[2025-09-19 21:36:20.123] INFO  [MultiTableRepo.events] Ensured table exists: split_verse_perf_test.events_0_9999
[2025-09-19 21:36:20.123] INFO  [MultiTableRepo.events] Ensured table exists: split_verse_perf_test.events_0_9999
[2025-09-19 21:36:20.125] INFO  [MultiTableRepo.events] Ensured table exists: split_verse_perf_test.events_0_9999
[2025-09-19 21:36:20.129] INFO  [MultiTableRepo.events] Ensured table exists: split_verse_perf_test.events_0_9999
[2025-09-19 21:36:20.133] INFO  [MultiTableRepo.events] Ensured table exists: split_verse_perf_test.events_0_9999
[2025-09-19 21:36:20.141] INFO  [MultiTableRepo.events] Ensured table exists: split_verse_perf_test.events_0_9999
[2025-09-19 21:36:20.146] INFO  [MultiTableRepo.events] Ensured table exists: split_verse_perf_test.events_0_9999
[2025-09-19 21:36:20.147] INFO  [MultiTableRepo.events] Ensured table exists: split_verse_perf_test.events_0_9999
[2025-09-19 21:36:20.148] INFO  [MultiTableRepo.events] Ensured table exists: split_verse_perf_test.events_0_9999
[2025-09-19 21:36:20.148] INFO  [MultiTableRepo.events] Ensured table exists: split_verse_perf_test.events_0_9999
[2025-09-19 21:36:20.149] INFO  [MultiTableRepo.events] Ensured table exists: split_verse_perf_test.events_0_9999
[2025-09-19 21:36:20.185] INFO  [MultiTableRepo.events] Ensured table exists: split_verse_perf_test.events_0_9999
[2025-09-19 21:36:20.189] INFO  [MultiTableRepo.events] Ensured table exists: split_verse_perf_test.events_0_9999
[2025-09-19 21:36:20.196] INFO  [MultiTableRepo.events] Ensured table exists: split_verse_perf_test.events_0_9999
[2025-09-19 21:36:20.210] INFO  [MultiTableRepo.events] Ensured table exists: split_verse_perf_test.events_0_9999
[2025-09-19 21:36:20.220] INFO  [MultiTableRepo.events] Ensured table exists: split_verse_perf_test.events_0_9999
[2025-09-19 21:36:20.223] INFO  [MultiTableRepo.events] Ensured table exists: split_verse_perf_test.events_0_9999
[2025-09-19 21:36:20.231] INFO  [MultiTableRepo.events] Ensured table exists: split_verse_perf_test.events_0_9999
[2025-09-19 21:36:20.234] INFO  [MultiTableRepo.events] Ensured table exists: split_verse_perf_test.events_0_9999
[2025-09-19 21:36:20.238] INFO  [MultiTableRepo.events] Ensured table exists: split_verse_perf_test.events_0_9999
[2025-09-19 21:36:20.244] INFO  [MultiTableRepo.events] Ensured table exists: split_verse_perf_test.events_0_9999
[2025-09-19 21:36:20.246] INFO  [MultiTableRepo.events] Ensured table exists: split_verse_perf_test.events_0_9999
[2025-09-19 21:36:20.246] INFO  [MultiTableRepo.events] Ensured table exists: split_verse_perf_test.events_0_9999
[2025-09-19 21:36:20.248] INFO  [MultiTableRepo.events] Ensured table exists: split_verse_perf_test.events_0_9999
[2025-09-19 21:36:20.248] INFO  [MultiTableRepo.events] Ensured table exists: split_verse_perf_test.events_0_9999
[2025-09-19 21:36:20.249] INFO  [MultiTableRepo.events] Ensured table exists: split_verse_perf_test.events_0_9999
[2025-09-19 21:36:20.251] INFO  [MultiTableRepo.events] Ensured table exists: split_verse_perf_test.events_0_9999
[2025-09-19 21:36:20.253] INFO  [MultiTableRepo.events] Ensured table exists: split_verse_perf_test.events_0_9999
[2025-09-19 21:36:20.255] INFO  [MultiTableRepo.events] Ensured table exists: split_verse_perf_test.events_0_9999
[2025-09-19 21:36:20.262] INFO  [MultiTableRepo.events] Ensured table exists: split_verse_perf_test.events_0_9999
[2025-09-19 21:36:20.263] INFO  [MultiTableRepo.events] Ensured table exists: split_verse_perf_test.events_0_9999
[2025-09-19 21:36:20.263] INFO  [MultiTableRepo.events] Ensured table exists: split_verse_perf_test.events_0_9999
[2025-09-19 21:36:20.263] INFO  [MultiTableRepo.events] Ensured table exists: split_verse_perf_test.events_0_9999
[2025-09-19 21:36:20.265] INFO  [MultiTableRepo.events] Ensured table exists: split_verse_perf_test.events_0_9999
[2025-09-19 21:36:20.266] INFO  [MultiTableRepo.events] Ensured table exists: split_verse_perf_test.events_0_9999
[2025-09-19 21:36:20.268] INFO  [MultiTableRepo.events] Ensured table exists: split_verse_perf_test.events_0_9999
[2025-09-19 21:36:20.268] INFO  [MultiTableRepo.events] Ensured table exists: split_verse_perf_test.events_0_9999
[2025-09-19 21:36:20.270] INFO  [MultiTableRepo.events] Ensured table exists: split_verse_perf_test.events_0_9999
[2025-09-19 21:36:20.279] INFO  [MultiTableRepo.events] Ensured table exists: split_verse_perf_test.events_0_9999
[2025-09-19 21:36:20.280] INFO  [MultiTableRepo.events] Ensured table exists: split_verse_perf_test.events_0_9999
[2025-09-19 21:36:20.281] INFO  [MultiTableRepo.events] Ensured table exists: split_verse_perf_test.events_0_9999
[2025-09-19 21:36:20.281] INFO  [MultiTableRepo.events] Ensured table exists: split_verse_perf_test.events_0_9999
[2025-09-19 21:36:20.281] INFO  [MultiTableRepo.events] Ensured table exists: split_verse_perf_test.events_0_9999
[2025-09-19 21:36:20.286] INFO  [MultiTableRepo.events] Ensured table exists: split_verse_perf_test.events_0_9999
[2025-09-19 21:36:20.297] INFO  [MultiTableRepo.events] Ensured table exists: split_verse_perf_test.events_0_9999
[2025-09-19 21:36:20.297] INFO  [MultiTableRepo.events] Ensured table exists: split_verse_perf_test.events_0_9999
[2025-09-19 21:36:20.298] INFO  [MultiTableRepo.events] Ensured table exists: split_verse_perf_test.events_0_9999
[2025-09-19 21:36:20.298] INFO  [MultiTableRepo.events] Ensured table exists: split_verse_perf_test.events_0_9999
[2025-09-19 21:36:20.299] INFO  [MultiTableRepo.events] Ensured table exists: split_verse_perf_test.events_0_9999
[2025-09-19 21:36:20.306] INFO  [MultiTableRepo.events] Ensured table exists: split_verse_perf_test.events_0_9999
[2025-09-19 21:36:20.309] INFO  [MultiTableRepo.events] Ensured table exists: split_verse_perf_test.events_0_9999
[2025-09-19 21:36:20.313] INFO  [MultiTableRepo.events] Ensured table exists: split_verse_perf_test.events_0_9999
[2025-09-19 21:36:20.317] INFO  [MultiTableRepo.events] Ensured table exists: split_verse_perf_test.events_0_9999
[2025-09-19 21:36:20.318] INFO  [MultiTableRepo.events] Ensured table exists: split_verse_perf_test.events_0_9999
[2025-09-19 21:36:20.320] INFO  [MultiTableRepo.events] Ensured table exists: split_verse_perf_test.events_0_9999
[2025-09-19 21:36:20.333] INFO  [MultiTableRepo.events] Ensured table exists: split_verse_perf_test.events_0_9999
[2025-09-19 21:36:20.346] INFO  [MultiTableRepo.events] Ensured table exists: split_verse_perf_test.events_0_9999
[2025-09-19 21:36:20.362] INFO  [MultiTableRepo.events] Ensured table exists: split_verse_perf_test.events_0_9999
[2025-09-19 21:36:20.364] INFO  [MultiTableRepo.events] Ensured table exists: split_verse_perf_test.events_0_9999
[2025-09-19 21:36:20.367] INFO  [MultiTableRepo.events] Ensured table exists: split_verse_perf_test.events_0_9999
[2025-09-19 21:36:20.377] INFO  [MultiTableRepo.events] Ensured table exists: split_verse_perf_test.events_0_9999
[2025-09-19 21:36:20.381] INFO  [MultiTableRepo.events] Ensured table exists: split_verse_perf_test.events_0_9999
[2025-09-19 21:36:20.385] INFO  [MultiTableRepo.events] Ensured table exists: split_verse_perf_test.events_0_9999
[2025-09-19 21:36:20.392] INFO  [MultiTableRepo.events] Ensured table exists: split_verse_perf_test.events_0_9999
[2025-09-19 21:36:20.393] INFO  [MultiTableRepo.events] Ensured table exists: split_verse_perf_test.events_0_9999
[2025-09-19 21:36:20.398] INFO  [MultiTableRepo.events] Ensured table exists: split_verse_perf_test.events_0_9999
[2025-09-19 21:36:20.411] INFO  [MultiTableRepo.events] Ensured table exists: split_verse_perf_test.events_0_9999
[2025-09-19 21:36:20.413] INFO  [MultiTableRepo.events] Ensured table exists: split_verse_perf_test.events_0_9999
[2025-09-19 21:36:20.418] INFO  [MultiTableRepo.events] Ensured table exists: split_verse_perf_test.events_0_9999
[2025-09-19 21:36:20.418] INFO  [MultiTableRepo.events] Ensured table exists: split_verse_perf_test.events_0_9999
[2025-09-19 21:36:20.427] INFO  [MultiTableRepo.events] Ensured table exists: split_verse_perf_test.events_0_9999
[2025-09-19 21:36:20.430] INFO  [MultiTableRepo.events] Ensured table exists: split_verse_perf_test.events_0_9999
[2025-09-19 21:36:20.436] INFO  [MultiTableRepo.events] Ensured table exists: split_verse_perf_test.events_0_9999
[2025-09-19 21:36:20.448] INFO  [MultiTableRepo.events] Ensured table exists: split_verse_perf_test.events_0_9999
[2025-09-19 21:36:20.456] INFO  [MultiTableRepo.events] Ensured table exists: split_verse_perf_test.events_0_9999
[2025-09-19 21:36:20.464] INFO  [MultiTableRepo.events] Ensured table exists: split_verse_perf_test.events_0_9999
[2025-09-19 21:36:20.467] INFO  [MultiTableRepo.events] Ensured table exists: split_verse_perf_test.events_0_9999
[2025-09-19 21:36:20.472] INFO  [MultiTableRepo.events] Ensured table exists: split_verse_perf_test.events_0_9999
[2025-09-19 21:36:20.474] INFO  [MultiTableRepo.events] Ensured table exists: split_verse_perf_test.events_0_9999
[2025-09-19 21:36:20.475] INFO  [MultiTableRepo.events] Ensured table exists: split_verse_perf_test.events_0_9999
[2025-09-19 21:36:20.481] INFO  [MultiTableRepo.events] Ensured table exists: split_verse_perf_test.events_0_9999
[2025-09-19 21:36:20.482] INFO  [MultiTableRepo.events] Ensured table exists: split_verse_perf_test.events_0_9999
[2025-09-19 21:36:20.486] INFO  [MultiTableRepo.events] Ensured table exists: split_verse_perf_test.events_0_9999
[2025-09-19 21:36:20.490] INFO  [MultiTableRepo.events] Ensured table exists: split_verse_perf_test.events_0_9999
[2025-09-19 21:36:20.491] INFO  [MultiTableRepo.events] Ensured table exists: split_verse_perf_test.events_0_9999
[2025-09-19 21:36:20.491] INFO  [MultiTableRepo.events] Ensured table exists: split_verse_perf_test.events_0_9999
[2025-09-19 21:36:20.493] INFO  [MultiTableRepo.events] Ensured table exists: split_verse_perf_test.events_0_9999
[2025-09-19 21:36:20.495] INFO  [MultiTableRepo.events] Ensured table exists: split_verse_perf_test.events_0_9999
[2025-09-19 21:36:20.495] INFO  [MultiTableRepo.events] Ensured table exists: split_verse_perf_test.events_0_9999
[2025-09-19 21:36:20.501] INFO  [MultiTableRepo.events] Ensured table exists: split_verse_perf_test.events_0_9999
[2025-09-19 21:36:20.506] INFO  [MultiTableRepo.events] Ensured table exists: split_verse_perf_test.events_0_9999
[2025-09-19 21:36:20.508] INFO  [MultiTableRepo.events] Ensured table exists: split_verse_perf_test.events_0_9999
[2025-09-19 21:36:20.515] INFO  [MultiTableRepo.events] Ensured table exists: split_verse_perf_test.events_0_9999
[2025-09-19 21:36:20.516] INFO  [MultiTableRepo.events] Ensured table exists: split_verse_perf_test.events_0_9999
[2025-09-19 21:36:20.516] INFO  [MultiTableRepo.events] Ensured table exists: split_verse_perf_test.events_0_9999
[2025-09-19 21:36:20.517] INFO  [MultiTableRepo.events] Ensured table exists: split_verse_perf_test.events_0_9999
[2025-09-19 21:36:20.523] INFO  [MultiTableRepo.events] Ensured table exists: split_verse_perf_test.events_0_9999
[2025-09-19 21:36:20.527] INFO  [MultiTableRepo.events] Ensured table exists: split_verse_perf_test.events_0_9999
[2025-09-19 21:36:20.527] INFO  [MultiTableRepo.events] Ensured table exists: split_verse_perf_test.events_0_9999
[2025-09-19 21:36:20.527] INFO  [MultiTableRepo.events] Ensured table exists: split_verse_perf_test.events_0_9999
[2025-09-19 21:36:20.531] INFO  [MultiTableRepo.events] Ensured table exists: split_verse_perf_test.events_0_9999
[2025-09-19 21:36:20.535] INFO  [MultiTableRepo.events] Ensured table exists: split_verse_perf_test.events_0_9999
[2025-09-19 21:36:20.538] INFO  [MultiTableRepo.events] Ensured table exists: split_verse_perf_test.events_0_9999
[2025-09-19 21:36:20.543] INFO  [MultiTableRepo.events] Ensured table exists: split_verse_perf_test.events_0_9999
[2025-09-19 21:36:20.546] INFO  [MultiTableRepo.events] Ensured table exists: split_verse_perf_test.events_0_9999
[2025-09-19 21:36:20.546] INFO  [MultiTableRepo.events] Ensured table exists: split_verse_perf_test.events_0_9999
[2025-09-19 21:36:20.552] INFO  [MultiTableRepo.events] Ensured table exists: split_verse_perf_test.events_0_9999
[2025-09-19 21:36:20.553] INFO  [MultiTableRepo.events] Ensured table exists: split_verse_perf_test.events_0_9999
[2025-09-19 21:36:20.562] INFO  [MultiTableRepo.events] Ensured table exists: split_verse_perf_test.events_0_9999
[2025-09-19 21:36:20.563] INFO  [MultiTableRepo.events] Ensured table exists: split_verse_perf_test.events_0_9999
[2025-09-19 21:36:20.565] INFO  [MultiTableRepo.events] Ensured table exists: split_verse_perf_test.events_0_9999
[2025-09-19 21:36:20.569] INFO  [MultiTableRepo.events] Ensured table exists: split_verse_perf_test.events_0_9999
[2025-09-19 21:36:20.580] INFO  [MultiTableRepo.events] Ensured table exists: split_verse_perf_test.events_0_9999
[2025-09-19 21:36:20.593] INFO  [MultiTableRepo.events] Ensured table exists: split_verse_perf_test.events_0_9999
[2025-09-19 21:36:20.595] INFO  [MultiTableRepo.events] Ensured table exists: split_verse_perf_test.events_0_9999
[2025-09-19 21:36:20.597] INFO  [MultiTableRepo.events] Ensured table exists: split_verse_perf_test.events_0_9999
[2025-09-19 21:36:20.615] INFO  [MultiTableRepo.events] Ensured table exists: split_verse_perf_test.events_0_9999
[2025-09-19 21:36:20.615] INFO  [MultiTableRepo.events] Ensured table exists: split_verse_perf_test.events_0_9999
[2025-09-19 21:36:20.627] INFO  [MultiTableRepo.events] Ensured table exists: split_verse_perf_test.events_0_9999
[2025-09-19 21:36:20.629] INFO  [MultiTableRepo.events] Ensured table exists: split_verse_perf_test.events_0_9999
[2025-09-19 21:36:20.633] INFO  [MultiTableRepo.events] Ensured table exists: split_verse_perf_test.events_0_9999
[2025-09-19 21:36:20.634] INFO  [MultiTableRepo.events] Ensured table exists: split_verse_perf_test.events_0_9999
[2025-09-19 21:36:20.635] INFO  [MultiTableRepo.events] Ensured table exists: split_verse_perf_test.events_0_9999
[2025-09-19 21:36:20.643] INFO  [MultiTableRepo.events] Ensured table exists: split_verse_perf_test.events_0_9999
[2025-09-19 21:36:20.645] INFO  [MultiTableRepo.events] Ensured table exists: split_verse_perf_test.events_0_9999
[2025-09-19 21:36:20.647] INFO  [MultiTableRepo.events] Ensured table exists: split_verse_perf_test.events_0_9999
[2025-09-19 21:36:20.648] INFO  [MultiTableRepo.events] Ensured table exists: split_verse_perf_test.events_0_9999
[2025-09-19 21:36:20.653] INFO  [MultiTableRepo.events] Ensured table exists: split_verse_perf_test.events_0_9999
[2025-09-19 21:36:20.656] INFO  [MultiTableRepo.events] Ensured table exists: split_verse_perf_test.events_0_9999
[2025-09-19 21:36:20.657] INFO  [MultiTableRepo.events] Ensured table exists: split_verse_perf_test.events_0_9999
[2025-09-19 21:36:20.659] INFO  [MultiTableRepo.events] Ensured table exists: split_verse_perf_test.events_0_9999
[2025-09-19 21:36:20.661] INFO  [MultiTableRepo.events] Ensured table exists: split_verse_perf_test.events_0_9999
[2025-09-19 21:36:20.665] INFO  [MultiTableRepo.events] Ensured table exists: split_verse_perf_test.events_0_9999
[2025-09-19 21:36:20.666] INFO  [MultiTableRepo.events] Ensured table exists: split_verse_perf_test.events_0_9999
[2025-09-19 21:36:20.668] INFO  [MultiTableRepo.events] Ensured table exists: split_verse_perf_test.events_0_9999
[2025-09-19 21:36:20.669] INFO  [MultiTableRepo.events] Ensured table exists: split_verse_perf_test.events_0_9999
[2025-09-19 21:36:20.675] INFO  [MultiTableRepo.events] Ensured table exists: split_verse_perf_test.events_0_9999
[2025-09-19 21:36:20.679] INFO  [MultiTableRepo.events] Ensured table exists: split_verse_perf_test.events_0_9999
[2025-09-19 21:36:20.679] INFO  [MultiTableRepo.events] Ensured table exists: split_verse_perf_test.events_0_9999
[2025-09-19 21:36:20.682] INFO  [MultiTableRepo.events] Ensured table exists: split_verse_perf_test.events_0_9999
[2025-09-19 21:36:20.686] INFO  [MultiTableRepo.events] Ensured table exists: split_verse_perf_test.events_0_9999
[2025-09-19 21:36:20.687] INFO  [MultiTableRepo.events] Ensured table exists: split_verse_perf_test.events_0_9999
[2025-09-19 21:36:20.694] INFO  [MultiTableRepo.events] Ensured table exists: split_verse_perf_test.events_0_9999
[2025-09-19 21:36:20.694] INFO  [MultiTableRepo.events] Ensured table exists: split_verse_perf_test.events_0_9999
[2025-09-19 21:36:20.703] INFO  [MultiTableRepo.events] Ensured table exists: split_verse_perf_test.events_0_9999
[2025-09-19 21:36:20.709] INFO  [MultiTableRepo.events] Ensured table exists: split_verse_perf_test.events_0_9999
[2025-09-19 21:36:20.711] INFO  [MultiTableRepo.events] Ensured table exists: split_verse_perf_test.events_0_9999
[2025-09-19 21:36:20.715] INFO  [MultiTableRepo.events] Ensured table exists: split_verse_perf_test.events_0_9999
[2025-09-19 21:36:20.716] INFO  [MultiTableRepo.events] Ensured table exists: split_verse_perf_test.events_0_9999
[2025-09-19 21:36:20.718] INFO  [MultiTableRepo.events] Ensured table exists: split_verse_perf_test.events_0_9999
[2025-09-19 21:36:20.725] INFO  [MultiTableRepo.events] Ensured table exists: split_verse_perf_test.events_0_9999
[2025-09-19 21:36:20.728] INFO  [MultiTableRepo.events] Ensured table exists: split_verse_perf_test.events_0_9999
[2025-09-19 21:36:20.732] INFO  [MultiTableRepo.events] Ensured table exists: split_verse_perf_test.events_0_9999
[2025-09-19 21:36:20.733] INFO  [MultiTableRepo.events] Ensured table exists: split_verse_perf_test.events_0_9999
[2025-09-19 21:36:20.735] INFO  [MultiTableRepo.events] Ensured table exists: split_verse_perf_test.events_0_9999
[2025-09-19 21:36:20.741] INFO  [MultiTableRepo.events] Ensured table exists: split_verse_perf_test.events_0_9999
[2025-09-19 21:36:20.742] INFO  [MultiTableRepo.events] Ensured table exists: split_verse_perf_test.events_0_9999
[2025-09-19 21:36:20.749] INFO  [MultiTableRepo.events] Ensured table exists: split_verse_perf_test.events_0_9999
[2025-09-19 21:36:20.769] INFO  [MultiTableRepo.events] Ensured table exists: split_verse_perf_test.events_0_9999
[2025-09-19 21:36:20.772] INFO  [MultiTableRepo.events] Ensured table exists: split_verse_perf_test.events_0_9999
[2025-09-19 21:36:20.773] INFO  [MultiTableRepo.events] Ensured table exists: split_verse_perf_test.events_0_9999
[2025-09-19 21:36:20.804] INFO  [MultiTableRepo.events] Ensured table exists: split_verse_perf_test.events_0_9999
[2025-09-19 21:36:20.804] INFO  [MultiTableRepo.events] Ensured table exists: split_verse_perf_test.events_0_9999
[2025-09-19 21:36:20.818] INFO  [MultiTableRepo.events] Ensured table exists: split_verse_perf_test.events_0_9999
[2025-09-19 21:36:20.821] INFO  [MultiTableRepo.events] Ensured table exists: split_verse_perf_test.events_0_9999
[2025-09-19 21:36:20.821] INFO  [MultiTableRepo.events] Ensured table exists: split_verse_perf_test.events_0_9999
[2025-09-19 21:36:20.833] INFO  [MultiTableRepo.events] Ensured table exists: split_verse_perf_test.events_0_9999
[2025-09-19 21:36:20.834] INFO  [MultiTableRepo.events] Ensured table exists: split_verse_perf_test.events_0_9999
[2025-09-19 21:36:20.842] INFO  [MultiTableRepo.events] Ensured table exists: split_verse_perf_test.events_0_9999
[2025-09-19 21:36:20.845] INFO  [MultiTableRepo.events] Ensured table exists: split_verse_perf_test.events_0_9999
[2025-09-19 21:36:20.850] INFO  [MultiTableRepo.events] Ensured table exists: split_verse_perf_test.events_0_9999
[2025-09-19 21:36:20.860] INFO  [MultiTableRepo.events] Ensured table exists: split_verse_perf_test.events_0_9999
[2025-09-19 21:36:20.866] INFO  [MultiTableRepo.events] Ensured table exists: split_verse_perf_test.events_0_9999
[2025-09-19 21:36:20.870] INFO  [MultiTableRepo.events] Ensured table exists: split_verse_perf_test.events_0_9999
[2025-09-19 21:36:20.885] INFO  [MultiTableRepo.events] Ensured table exists: split_verse_perf_test.events_0_9999
[2025-09-19 21:36:20.892] INFO  [MultiTableRepo.events] Ensured table exists: split_verse_perf_test.events_0_9999
[2025-09-19 21:36:20.904] INFO  [MultiTableRepo.events] Ensured table exists: split_verse_perf_test.events_0_9999
[2025-09-19 21:36:20.915] INFO  [MultiTableRepo.events] Ensured table exists: split_verse_perf_test.events_0_9999
[2025-09-19 21:36:20.933] INFO  [MultiTableRepo.events] Ensured table exists: split_verse_perf_test.events_0_9999
[2025-09-19 21:36:20.951] INFO  [MultiTableRepo.events] Ensured table exists: split_verse_perf_test.events_0_9999
[2025-09-19 21:36:20.952] INFO  [MultiTableRepo.events] Ensured table exists: split_verse_perf_test.events_0_9999
[2025-09-19 21:36:20.958] INFO  [MultiTableRepo.events] Ensured table exists: split_verse_perf_test.events_0_9999
[2025-09-19 21:36:20.965] INFO  [MultiTableRepo.events] Ensured table exists: split_verse_perf_test.events_0_9999
[2025-09-19 21:36:20.970] INFO  [MultiTableRepo.events] Ensured table exists: split_verse_perf_test.events_0_9999
[2025-09-19 21:36:20.971] INFO  [MultiTableRepo.events] Ensured table exists: split_verse_perf_test.events_0_9999
[2025-09-19 21:36:20.972] INFO  [MultiTableRepo.events] Ensured table exists: split_verse_perf_test.events_0_9999
[2025-09-19 21:36:20.975] INFO  [MultiTableRepo.events] Ensured table exists: split_verse_perf_test.events_0_9999
[2025-09-19 21:36:20.978] INFO  [MultiTableRepo.events] Ensured table exists: split_verse_perf_test.events_0_9999
[2025-09-19 21:36:20.980] INFO  [MultiTableRepo.events] Ensured table exists: split_verse_perf_test.events_0_9999
[2025-09-19 21:36:20.983] INFO  [MultiTableRepo.events] Ensured table exists: split_verse_perf_test.events_0_9999
[2025-09-19 21:36:20.987] INFO  [MultiTableRepo.events] Ensured table exists: split_verse_perf_test.events_0_9999
[2025-09-19 21:36:20.990] INFO  [MultiTableRepo.events] Ensured table exists: split_verse_perf_test.events_0_9999
[2025-09-19 21:36:20.993] INFO  [MultiTableRepo.events] Ensured table exists: split_verse_perf_test.events_0_9999
[2025-09-19 21:36:20.993] INFO  [MultiTableRepo.events] Ensured table exists: split_verse_perf_test.events_0_9999
[2025-09-19 21:36:20.994] INFO  [MultiTableRepo.events] Ensured table exists: split_verse_perf_test.events_0_9999
[2025-09-19 21:36:21.000] INFO  [MultiTableRepo.events] Ensured table exists: split_verse_perf_test.events_0_9999
[2025-09-19 21:36:21.004] INFO  [MultiTableRepo.events] Ensured table exists: split_verse_perf_test.events_0_9999
[2025-09-19 21:36:21.008] INFO  [MultiTableRepo.events] Ensured table exists: split_verse_perf_test.events_0_9999
[2025-09-19 21:36:21.012] INFO  [MultiTableRepo.events] Ensured table exists: split_verse_perf_test.events_0_9999
[2025-09-19 21:36:21.015] INFO  [MultiTableRepo.events] Ensured table exists: split_verse_perf_test.events_0_9999
[2025-09-19 21:36:21.016] INFO  [MultiTableRepo.events] Ensured table exists: split_verse_perf_test.events_0_9999
[2025-09-19 21:36:21.020] INFO  [MultiTableRepo.events] Ensured table exists: split_verse_perf_test.events_0_9999
[2025-09-19 21:36:21.022] INFO  [MultiTableRepo.events] Ensured table exists: split_verse_perf_test.events_0_9999
[2025-09-19 21:36:21.022] INFO  [MultiTableRepo.events] Ensured table exists: split_verse_perf_test.events_0_9999
[2025-09-19 21:36:21.023] INFO  [MultiTableRepo.events] Ensured table exists: split_verse_perf_test.events_0_9999
[2025-09-19 21:36:21.028] INFO  [MultiTableRepo.events] Ensured table exists: split_verse_perf_test.events_0_9999
[2025-09-19 21:36:21.031] INFO  [MultiTableRepo.events] Ensured table exists: split_verse_perf_test.events_0_9999
[2025-09-19 21:36:21.036] INFO  [MultiTableRepo.events] Ensured table exists: split_verse_perf_test.events_0_9999
[2025-09-19 21:36:21.039] INFO  [MultiTableRepo.events] Ensured table exists: split_verse_perf_test.events_0_9999
[2025-09-19 21:36:21.039] INFO  [MultiTableRepo.events] Ensured table exists: split_verse_perf_test.events_0_9999
[2025-09-19 21:36:21.040] INFO  [MultiTableRepo.events] Ensured table exists: split_verse_perf_test.events_0_9999
[2025-09-19 21:36:21.046] INFO  [MultiTableRepo.events] Ensured table exists: split_verse_perf_test.events_0_9999
[2025-09-19 21:36:21.050] INFO  [MultiTableRepo.events] Ensured table exists: split_verse_perf_test.events_0_9999
[2025-09-19 21:36:21.053] INFO  [MultiTableRepo.events] Ensured table exists: split_verse_perf_test.events_0_9999
[2025-09-19 21:36:21.059] INFO  [MultiTableRepo.events] Ensured table exists: split_verse_perf_test.events_0_9999
[2025-09-19 21:36:21.063] INFO  [MultiTableRepo.events] Ensured table exists: split_verse_perf_test.events_0_9999
[2025-09-19 21:36:21.070] INFO  [MultiTableRepo.events] Ensured table exists: split_verse_perf_test.events_0_9999
[2025-09-19 21:36:21.074] INFO  [MultiTableRepo.events] Ensured table exists: split_verse_perf_test.events_0_9999
[2025-09-19 21:36:21.075] INFO  [MultiTableRepo.events] Ensured table exists: split_verse_perf_test.events_0_9999
[2025-09-19 21:36:21.084] INFO  [MultiTableRepo.events] Ensured table exists: split_verse_perf_test.events_0_9999
[2025-09-19 21:36:21.085] INFO  [MultiTableRepo.events] Ensured table exists: split_verse_perf_test.events_0_9999
[2025-09-19 21:36:21.090] INFO  [MultiTableRepo.events] Ensured table exists: split_verse_perf_test.events_0_9999
[2025-09-19 21:36:21.093] INFO  [MultiTableRepo.events] Ensured table exists: split_verse_perf_test.events_0_9999
[2025-09-19 21:36:21.099] INFO  [MultiTableRepo.events] Ensured table exists: split_verse_perf_test.events_0_9999
[2025-09-19 21:36:21.110] INFO  [MultiTableRepo.events] Ensured table exists: split_verse_perf_test.events_0_9999
[2025-09-19 21:36:21.111] INFO  [MultiTableRepo.events] Ensured table exists: split_verse_perf_test.events_0_9999
[2025-09-19 21:36:21.115] INFO  [MultiTableRepo.events] Ensured table exists: split_verse_perf_test.events_0_9999
[2025-09-19 21:36:21.117] INFO  [MultiTableRepo.events] Ensured table exists: split_verse_perf_test.events_0_9999
[2025-09-19 21:36:21.118] INFO  [MultiTableRepo.events] Ensured table exists: split_verse_perf_test.events_0_9999
[2025-09-19 21:36:21.119] INFO  [MultiTableRepo.events] Ensured table exists: split_verse_perf_test.events_0_9999
[2025-09-19 21:36:21.126] INFO  [MultiTableRepo.events] Ensured table exists: split_verse_perf_test.events_0_9999
[2025-09-19 21:36:21.129] INFO  [MultiTableRepo.events] Ensured table exists: split_verse_perf_test.events_0_9999
[2025-09-19 21:36:21.133] INFO  [MultiTableRepo.events] Ensured table exists: split_verse_perf_test.events_0_9999
[2025-09-19 21:36:21.135] INFO  [MultiTableRepo.events] Ensured table exists: split_verse_perf_test.events_0_9999
[2025-09-19 21:36:21.136] INFO  [MultiTableRepo.events] Ensured table exists: split_verse_perf_test.events_0_9999
[2025-09-19 21:36:21.139] INFO  [MultiTableRepo.events] Ensured table exists: split_verse_perf_test.events_0_9999
[2025-09-19 21:36:21.140] INFO  [MultiTableRepo.events] Ensured table exists: split_verse_perf_test.events_0_9999
[2025-09-19 21:36:21.143] INFO  [MultiTableRepo.events] Ensured table exists: split_verse_perf_test.events_0_9999
[2025-09-19 21:36:21.144] INFO  [MultiTableRepo.events] Ensured table exists: split_verse_perf_test.events_0_9999
[2025-09-19 21:36:21.145] INFO  [MultiTableRepo.events] Ensured table exists: split_verse_perf_test.events_0_9999
[2025-09-19 21:36:21.148] INFO  [MultiTableRepo.events] Ensured table exists: split_verse_perf_test.events_0_9999
[2025-09-19 21:36:21.154] INFO  [MultiTableRepo.events] Ensured table exists: split_verse_perf_test.events_0_9999
[2025-09-19 21:36:21.154] INFO  [MultiTableRepo.events] Ensured table exists: split_verse_perf_test.events_0_9999
[2025-09-19 21:36:21.156] INFO  [MultiTableRepo.events] Ensured table exists: split_verse_perf_test.events_0_9999
[2025-09-19 21:36:21.160] INFO  [MultiTableRepo.events] Ensured table exists: split_verse_perf_test.events_0_9999
[2025-09-19 21:36:21.162] INFO  [MultiTableRepo.events] Ensured table exists: split_verse_perf_test.events_0_9999
[2025-09-19 21:36:21.165] INFO  [MultiTableRepo.events] Ensured table exists: split_verse_perf_test.events_0_9999
[2025-09-19 21:36:21.171] INFO  [MultiTableRepo.events] Ensured table exists: split_verse_perf_test.events_0_9999
[2025-09-19 21:36:21.177] INFO  [MultiTableRepo.events] Ensured table exists: split_verse_perf_test.events_0_9999
[2025-09-19 21:36:21.184] INFO  [MultiTableRepo.events] Ensured table exists: split_verse_perf_test.events_0_9999
[2025-09-19 21:36:21.185] INFO  [MultiTableRepo.events] Ensured table exists: split_verse_perf_test.events_0_9999
[2025-09-19 21:36:21.186] INFO  [MultiTableRepo.events] Ensured table exists: split_verse_perf_test.events_0_9999
[2025-09-19 21:36:21.186] INFO  [MultiTableRepo.events] Ensured table exists: split_verse_perf_test.events_0_9999
[2025-09-19 21:36:21.187] INFO  [MultiTableRepo.events] Ensured table exists: split_verse_perf_test.events_0_9999
[2025-09-19 21:36:21.193] INFO  [MultiTableRepo.events] Ensured table exists: split_verse_perf_test.events_0_9999
[2025-09-19 21:36:21.204] INFO  [MultiTableRepo.events] Ensured table exists: split_verse_perf_test.events_0_9999
[2025-09-19 21:36:21.208] INFO  [MultiTableRepo.events] Ensured table exists: split_verse_perf_test.events_0_9999
[2025-09-19 21:36:21.214] INFO  [MultiTableRepo.events] Ensured table exists: split_verse_perf_test.events_0_9999
[2025-09-19 21:36:21.227] INFO  [MultiTableRepo.events] Ensured table exists: split_verse_perf_test.events_0_9999
[2025-09-19 21:36:21.229] INFO  [MultiTableRepo.events] Ensured table exists: split_verse_perf_test.events_0_9999
[2025-09-19 21:36:21.243] INFO  [MultiTableRepo.events] Ensured table exists: split_verse_perf_test.events_0_9999
[2025-09-19 21:36:21.244] INFO  [MultiTableRepo.events] Ensured table exists: split_verse_perf_test.events_0_9999
[2025-09-19 21:36:21.247] INFO  [MultiTableRepo.events] Ensured table exists: split_verse_perf_test.events_0_9999
[2025-09-19 21:36:21.260] INFO  [MultiTableRepo.events] Ensured table exists: split_verse_perf_test.events_0_9999
[2025-09-19 21:36:21.268] INFO  [MultiTableRepo.events] Ensured table exists: split_verse_perf_test.events_0_9999
[2025-09-19 21:36:21.268] INFO  [MultiTableRepo.events] Ensured table exists: split_verse_perf_test.events_0_9999
[2025-09-19 21:36:21.277] INFO  [MultiTableRepo.events] Ensured table exists: split_verse_perf_test.events_0_9999
[2025-09-19 21:36:21.281] INFO  [MultiTableRepo.events] Ensured table exists: split_verse_perf_test.events_0_9999
[2025-09-19 21:36:21.283] INFO  [MultiTableRepo.events] Ensured table exists: split_verse_perf_test.events_0_9999
[2025-09-19 21:36:21.290] INFO  [MultiTableRepo.events] Ensured table exists: split_verse_perf_test.events_0_9999
[2025-09-19 21:36:21.298] INFO  [MultiTableRepo.events] Ensured table exists: split_verse_perf_test.events_0_9999
[2025-09-19 21:36:21.302] INFO  [MultiTableRepo.events] Ensured table exists: split_verse_perf_test.events_0_9999
[2025-09-19 21:36:21.309] INFO  [MultiTableRepo.events] Ensured table exists: split_verse_perf_test.events_0_9999
[2025-09-19 21:36:21.317] INFO  [MultiTableRepo.events] Ensured table exists: split_verse_perf_test.events_0_9999
[2025-09-19 21:36:21.321] INFO  [MultiTableRepo.events] Ensured table exists: split_verse_perf_test.events_0_9999
[2025-09-19 21:36:21.321] INFO  [MultiTableRepo.events] Ensured table exists: split_verse_perf_test.events_0_9999
[2025-09-19 21:36:21.334] INFO  [MultiTableRepo.events] Ensured table exists: split_verse_perf_test.events_0_9999
[2025-09-19 21:36:21.339] INFO  [MultiTableRepo.events] Ensured table exists: split_verse_perf_test.events_0_9999
[2025-09-19 21:36:21.347] INFO  [MultiTableRepo.events] Ensured table exists: split_verse_perf_test.events_0_9999
[2025-09-19 21:36:21.348] INFO  [MultiTableRepo.events] Ensured table exists: split_verse_perf_test.events_0_9999
[2025-09-19 21:36:21.351] INFO  [MultiTableRepo.events] Ensured table exists: split_verse_perf_test.events_0_9999
[2025-09-19 21:36:21.356] INFO  [MultiTableRepo.events] Ensured table exists: split_verse_perf_test.events_0_9999
[2025-09-19 21:36:21.356] INFO  [MultiTableRepo.events] Ensured table exists: split_verse_perf_test.events_0_9999
[2025-09-19 21:36:21.364] INFO  [MultiTableRepo.events] Ensured table exists: split_verse_perf_test.events_0_9999
[2025-09-19 21:36:21.366] INFO  [MultiTableRepo.events] Ensured table exists: split_verse_perf_test.events_0_9999
[2025-09-19 21:36:21.368] INFO  [MultiTableRepo.events] Ensured table exists: split_verse_perf_test.events_0_9999
[2025-09-19 21:36:21.371] INFO  [MultiTableRepo.events] Ensured table exists: split_verse_perf_test.events_0_9999
[2025-09-19 21:36:21.373] INFO  [MultiTableRepo.events] Ensured table exists: split_verse_perf_test.events_0_9999
[2025-09-19 21:36:21.375] INFO  [MultiTableRepo.events] Ensured table exists: split_verse_perf_test.events_0_9999
[2025-09-19 21:36:21.378] INFO  [MultiTableRepo.events] Ensured table exists: split_verse_perf_test.events_0_9999
[2025-09-19 21:36:21.380] INFO  [MultiTableRepo.events] Ensured table exists: split_verse_perf_test.events_0_9999
[2025-09-19 21:36:21.384] INFO  [MultiTableRepo.events] Ensured table exists: split_verse_perf_test.events_0_9999
[2025-09-19 21:36:21.386] INFO  [MultiTableRepo.events] Ensured table exists: split_verse_perf_test.events_0_9999
[2025-09-19 21:36:21.387] INFO  [MultiTableRepo.events] Ensured table exists: split_verse_perf_test.events_0_9999
[2025-09-19 21:36:21.388] INFO  [MultiTableRepo.events] Ensured table exists: split_verse_perf_test.events_0_9999
[2025-09-19 21:36:21.398] INFO  [MultiTableRepo.events] Ensured table exists: split_verse_perf_test.events_0_9999
[2025-09-19 21:36:21.405] INFO  [MultiTableRepo.events] Ensured table exists: split_verse_perf_test.events_0_9999
[2025-09-19 21:36:21.410] INFO  [MultiTableRepo.events] Ensured table exists: split_verse_perf_test.events_0_9999
[2025-09-19 21:36:21.413] INFO  [MultiTableRepo.events] Ensured table exists: split_verse_perf_test.events_0_9999
[2025-09-19 21:36:21.413] INFO  [MultiTableRepo.events] Ensured table exists: split_verse_perf_test.events_0_9999
[2025-09-19 21:36:21.415] INFO  [MultiTableRepo.events] Ensured table exists: split_verse_perf_test.events_0_9999
[2025-09-19 21:36:21.446] INFO  [MultiTableRepo.events] Ensured table exists: split_verse_perf_test.events_0_9999
[2025-09-19 21:36:21.446] INFO  [MultiTableRepo.events] Ensured table exists: split_verse_perf_test.events_0_9999
[2025-09-19 21:36:21.447] INFO  [MultiTableRepo.events] Ensured table exists: split_verse_perf_test.events_0_9999
[2025-09-19 21:36:21.466] INFO  [MultiTableRepo.events] Ensured table exists: split_verse_perf_test.events_0_9999
[2025-09-19 21:36:21.466] INFO  [MultiTableRepo.events] Ensured table exists: split_verse_perf_test.events_0_9999
[2025-09-19 21:36:21.467] INFO  [MultiTableRepo.events] Ensured table exists: split_verse_perf_test.events_0_9999
[2025-09-19 21:36:21.476] INFO  [MultiTableRepo.events] Ensured table exists: split_verse_perf_test.events_0_9999
[2025-09-19 21:36:21.486] INFO  [MultiTableRepo.events] Ensured table exists: split_verse_perf_test.events_0_9999
[2025-09-19 21:36:21.487] INFO  [MultiTableRepo.events] Ensured table exists: split_verse_perf_test.events_0_9999
[2025-09-19 21:36:21.489] INFO  [MultiTableRepo.events] Ensured table exists: split_verse_perf_test.events_0_9999
[2025-09-19 21:36:21.489] INFO  [MultiTableRepo.events] Ensured table exists: split_verse_perf_test.events_0_9999
[2025-09-19 21:36:21.494] INFO  [MultiTableRepo.events] Ensured table exists: split_verse_perf_test.events_0_9999
[2025-09-19 21:36:21.505] INFO  [MultiTableRepo.events] Ensured table exists: split_verse_perf_test.events_0_9999
[2025-09-19 21:36:21.505] INFO  [MultiTableRepo.events] Ensured table exists: split_verse_perf_test.events_0_9999
[2025-09-19 21:36:21.507] INFO  [MultiTableRepo.events] Ensured table exists: split_verse_perf_test.events_0_9999
[2025-09-19 21:36:21.512] INFO  [MultiTableRepo.events] Ensured table exists: split_verse_perf_test.events_0_9999
[2025-09-19 21:36:21.520] INFO  [MultiTableRepo.events] Ensured table exists: split_verse_perf_test.events_0_9999
[2025-09-19 21:36:21.527] INFO  [MultiTableRepo.events] Ensured table exists: split_verse_perf_test.events_0_9999
[2025-09-19 21:36:21.531] INFO  [MultiTableRepo.events] Ensured table exists: split_verse_perf_test.events_0_9999
[2025-09-19 21:36:21.536] INFO  [MultiTableRepo.events] Ensured table exists: split_verse_perf_test.events_0_9999
[2025-09-19 21:36:21.539] INFO  [MultiTableRepo.events] Ensured table exists: split_verse_perf_test.events_0_9999
[2025-09-19 21:36:21.543] INFO  [MultiTableRepo.events] Ensured table exists: split_verse_perf_test.events_0_9999
[2025-09-19 21:36:21.544] INFO  [MultiTableRepo.events] Ensured table exists: split_verse_perf_test.events_0_9999
[2025-09-19 21:36:21.547] INFO  [MultiTableRepo.events] Ensured table exists: split_verse_perf_test.events_0_9999
[2025-09-19 21:36:21.551] INFO  [MultiTableRepo.events] Ensured table exists: split_verse_perf_test.events_0_9999
[2025-09-19 21:36:21.555] INFO  [MultiTableRepo.events] Ensured table exists: split_verse_perf_test.events_0_9999
[2025-09-19 21:36:21.555] INFO  [MultiTableRepo.events] Ensured table exists: split_verse_perf_test.events_0_9999
[2025-09-19 21:36:21.558] INFO  [MultiTableRepo.events] Ensured table exists: split_verse_perf_test.events_0_9999
[2025-09-19 21:36:21.561] INFO  [MultiTableRepo.events] Ensured table exists: split_verse_perf_test.events_0_9999
[2025-09-19 21:36:21.565] INFO  [MultiTableRepo.events] Ensured table exists: split_verse_perf_test.events_0_9999
[2025-09-19 21:36:21.571] INFO  [MultiTableRepo.events] Ensured table exists: split_verse_perf_test.events_0_9999
[2025-09-19 21:36:21.575] INFO  [MultiTableRepo.events] Ensured table exists: split_verse_perf_test.events_0_9999
[2025-09-19 21:36:21.576] INFO  [MultiTableRepo.events] Ensured table exists: split_verse_perf_test.events_0_9999
[2025-09-19 21:36:21.578] INFO  [MultiTableRepo.events] Ensured table exists: split_verse_perf_test.events_0_9999
[2025-09-19 21:36:21.579] INFO  [MultiTableRepo.events] Ensured table exists: split_verse_perf_test.events_0_9999
[2025-09-19 21:36:21.583] INFO  [MultiTableRepo.events] Ensured table exists: split_verse_perf_test.events_0_9999
[2025-09-19 21:36:21.589] INFO  [MultiTableRepo.events] Ensured table exists: split_verse_perf_test.events_0_9999
[2025-09-19 21:36:21.594] INFO  [MultiTableRepo.events] Ensured table exists: split_verse_perf_test.events_0_9999
[2025-09-19 21:36:21.595] INFO  [MultiTableRepo.events] Ensured table exists: split_verse_perf_test.events_0_9999
[2025-09-19 21:36:21.595] INFO  [MultiTableRepo.events] Ensured table exists: split_verse_perf_test.events_0_9999
[2025-09-19 21:36:21.601] INFO  [MultiTableRepo.events] Ensured table exists: split_verse_perf_test.events_0_9999
[2025-09-19 21:36:21.605] INFO  [MultiTableRepo.events] Ensured table exists: split_verse_perf_test.events_0_9999
[2025-09-19 21:36:21.606] INFO  [MultiTableRepo.events] Ensured table exists: split_verse_perf_test.events_0_9999
[2025-09-19 21:36:21.611] INFO  [MultiTableRepo.events] Ensured table exists: split_verse_perf_test.events_0_9999
[2025-09-19 21:36:21.613] INFO  [MultiTableRepo.events] Ensured table exists: split_verse_perf_test.events_0_9999
[2025-09-19 21:36:21.619] INFO  [MultiTableRepo.events] Ensured table exists: split_verse_perf_test.events_0_9999
[2025-09-19 21:36:21.622] INFO  [MultiTableRepo.events] Ensured table exists: split_verse_perf_test.events_0_9999
[2025-09-19 21:36:21.625] INFO  [MultiTableRepo.events] Ensured table exists: split_verse_perf_test.events_0_9999
[2025-09-19 21:36:21.626] INFO  [MultiTableRepo.events] Ensured table exists: split_verse_perf_test.events_0_9999
[2025-09-19 21:36:21.629] INFO  [MultiTableRepo.events] Ensured table exists: split_verse_perf_test.events_0_9999
[2025-09-19 21:36:21.643] INFO  [MultiTableRepo.events] Ensured table exists: split_verse_perf_test.events_0_9999
[2025-09-19 21:36:21.644] INFO  [MultiTableRepo.events] Ensured table exists: split_verse_perf_test.events_0_9999
[2025-09-19 21:36:21.644] INFO  [MultiTableRepo.events] Ensured table exists: split_verse_perf_test.events_0_9999
[2025-09-19 21:36:21.646] INFO  [MultiTableRepo.events] Ensured table exists: split_verse_perf_test.events_0_9999
[2025-09-19 21:36:21.660] INFO  [MultiTableRepo.events] Ensured table exists: split_verse_perf_test.events_0_9999
[2025-09-19 21:36:21.663] INFO  [MultiTableRepo.events] Ensured table exists: split_verse_perf_test.events_0_9999
[2025-09-19 21:36:21.674] INFO  [MultiTableRepo.events] Ensured table exists: split_verse_perf_test.events_0_9999
[2025-09-19 21:36:21.681] INFO  [MultiTableRepo.events] Ensured table exists: split_verse_perf_test.events_0_9999
[2025-09-19 21:36:21.685] INFO  [MultiTableRepo.events] Ensured table exists: split_verse_perf_test.events_0_9999
[2025-09-19 21:36:21.691] INFO  [MultiTableRepo.events] Ensured table exists: split_verse_perf_test.events_0_9999
[2025-09-19 21:36:21.696] INFO  [MultiTableRepo.events] Ensured table exists: split_verse_perf_test.events_0_9999
[2025-09-19 21:36:21.701] INFO  [MultiTableRepo.events] Ensured table exists: split_verse_perf_test.events_0_9999
[2025-09-19 21:36:21.704] INFO  [MultiTableRepo.events] Ensured table exists: split_verse_perf_test.events_0_9999
[2025-09-19 21:36:21.710] INFO  [MultiTableRepo.events] Ensured table exists: split_verse_perf_test.events_0_9999
[2025-09-19 21:36:21.711] INFO  [MultiTableRepo.events] Ensured table exists: split_verse_perf_test.events_0_9999
[2025-09-19 21:36:21.713] INFO  [MultiTableRepo.events] Ensured table exists: split_verse_perf_test.events_0_9999
[2025-09-19 21:36:21.720] INFO  [MultiTableRepo.events] Ensured table exists: split_verse_perf_test.events_0_9999
[2025-09-19 21:36:21.727] INFO  [MultiTableRepo.events] Ensured table exists: split_verse_perf_test.events_0_9999
[2025-09-19 21:36:21.733] INFO  [MultiTableRepo.events] Ensured table exists: split_verse_perf_test.events_0_9999
[2025-09-19 21:36:21.739] INFO  [MultiTableRepo.events] Ensured table exists: split_verse_perf_test.events_0_9999
[2025-09-19 21:36:21.741] INFO  [MultiTableRepo.events] Ensured table exists: split_verse_perf_test.events_0_9999
[2025-09-19 21:36:21.745] INFO  [MultiTableRepo.events] Ensured table exists: split_verse_perf_test.events_0_9999
[2025-09-19 21:36:21.749] INFO  [MultiTableRepo.events] Ensured table exists: split_verse_perf_test.events_0_9999
[2025-09-19 21:36:21.754] INFO  [MultiTableRepo.events] Ensured table exists: split_verse_perf_test.events_0_9999
[2025-09-19 21:36:21.761] INFO  [MultiTableRepo.events] Ensured table exists: split_verse_perf_test.events_0_9999
[2025-09-19 21:36:21.761] INFO  [MultiTableRepo.events] Ensured table exists: split_verse_perf_test.events_0_9999
[2025-09-19 21:36:21.771] INFO  [MultiTableRepo.events] Ensured table exists: split_verse_perf_test.events_0_9999
[2025-09-19 21:36:21.778] INFO  [MultiTableRepo.events] Ensured table exists: split_verse_perf_test.events_0_9999
[2025-09-19 21:36:21.781] INFO  [MultiTableRepo.events] Ensured table exists: split_verse_perf_test.events_0_9999
[2025-09-19 21:36:21.782] INFO  [MultiTableRepo.events] Ensured table exists: split_verse_perf_test.events_0_9999
[2025-09-19 21:36:21.784] INFO  [MultiTableRepo.events] Ensured table exists: split_verse_perf_test.events_0_9999
[2025-09-19 21:36:21.786] INFO  [MultiTableRepo.events] Ensured table exists: split_verse_perf_test.events_0_9999
[2025-09-19 21:36:21.794] INFO  [MultiTableRepo.events] Ensured table exists: split_verse_perf_test.events_0_9999
[2025-09-19 21:36:21.795] INFO  [MultiTableRepo.events] Ensured table exists: split_verse_perf_test.events_0_9999
[2025-09-19 21:36:21.796] INFO  [MultiTableRepo.events] Ensured table exists: split_verse_perf_test.events_0_9999
[2025-09-19 21:36:21.798] INFO  [MultiTableRepo.events] Ensured table exists: split_verse_perf_test.events_0_9999
[2025-09-19 21:36:21.798] INFO  [MultiTableRepo.events] Ensured table exists: split_verse_perf_test.events_0_9999
[2025-09-19 21:36:21.804] INFO  [MultiTableRepo.events] Ensured table exists: split_verse_perf_test.events_0_9999
[2025-09-19 21:36:21.808] INFO  [MultiTableRepo.events] Ensured table exists: split_verse_perf_test.events_0_9999
[2025-09-19 21:36:21.809] INFO  [MultiTableRepo.events] Ensured table exists: split_verse_perf_test.events_0_9999
[2025-09-19 21:36:21.813] INFO  [MultiTableRepo.events] Ensured table exists: split_verse_perf_test.events_0_9999
[2025-09-19 21:36:21.814] INFO  [MultiTableRepo.events] Ensured table exists: split_verse_perf_test.events_0_9999
[2025-09-19 21:36:21.817] INFO  [MultiTableRepo.events] Ensured table exists: split_verse_perf_test.events_0_9999
[2025-09-19 21:36:21.821] INFO  [MultiTableRepo.events] Ensured table exists: split_verse_perf_test.events_0_9999
[2025-09-19 21:36:21.823] INFO  [MultiTableRepo.events] Ensured table exists: split_verse_perf_test.events_0_9999
[2025-09-19 21:36:21.828] INFO  [MultiTableRepo.events] Ensured table exists: split_verse_perf_test.events_0_9999
[2025-09-19 21:36:21.831] INFO  [MultiTableRepo.events] Ensured table exists: split_verse_perf_test.events_0_9999
[2025-09-19 21:36:21.833] INFO  [MultiTableRepo.events] Ensured table exists: split_verse_perf_test.events_0_9999
[2025-09-19 21:36:21.837] INFO  [MultiTableRepo.events] Ensured table exists: split_verse_perf_test.events_0_9999
[2025-09-19 21:36:21.839] INFO  [MultiTableRepo.events] Ensured table exists: split_verse_perf_test.events_0_9999
[2025-09-19 21:36:21.844] INFO  [MultiTableRepo.events] Ensured table exists: split_verse_perf_test.events_0_9999
[2025-09-19 21:36:21.844] INFO  [MultiTableRepo.events] Ensured table exists: split_verse_perf_test.events_0_9999
[2025-09-19 21:36:21.845] INFO  [MultiTableRepo.events] Ensured table exists: split_verse_perf_test.events_0_9999
[2025-09-19 21:36:21.849] INFO  [MultiTableRepo.events] Ensured table exists: split_verse_perf_test.events_0_9999
[2025-09-19 21:36:21.851] INFO  [MultiTableRepo.events] Ensured table exists: split_verse_perf_test.events_0_9999
[2025-09-19 21:36:21.853] INFO  [MultiTableRepo.events] Ensured table exists: split_verse_perf_test.events_0_9999
[2025-09-19 21:36:21.859] INFO  [MultiTableRepo.events] Ensured table exists: split_verse_perf_test.events_0_9999
[2025-09-19 21:36:21.863] INFO  [MultiTableRepo.events] Ensured table exists: split_verse_perf_test.events_0_9999
[2025-09-19 21:36:21.867] INFO  [MultiTableRepo.events] Ensured table exists: split_verse_perf_test.events_0_9999
[2025-09-19 21:36:21.875] INFO  [MultiTableRepo.events] Ensured table exists: split_verse_perf_test.events_0_9999
[2025-09-19 21:36:21.876] INFO  [MultiTableRepo.events] Ensured table exists: split_verse_perf_test.events_0_9999
[2025-09-19 21:36:21.880] INFO  [MultiTableRepo.events] Ensured table exists: split_verse_perf_test.events_0_9999
[2025-09-19 21:36:21.883] INFO  [MultiTableRepo.events] Ensured table exists: split_verse_perf_test.events_0_9999
[2025-09-19 21:36:21.893] INFO  [MultiTableRepo.events] Ensured table exists: split_verse_perf_test.events_0_9999
[2025-09-19 21:36:21.895] INFO  [MultiTableRepo.events] Ensured table exists: split_verse_perf_test.events_0_9999
[2025-09-19 21:36:21.895] INFO  [MultiTableRepo.events] Ensured table exists: split_verse_perf_test.events_0_9999
[2025-09-19 21:36:21.901] INFO  [MultiTableRepo.events] Ensured table exists: split_verse_perf_test.events_0_9999
[2025-09-19 21:36:21.901] INFO  [MultiTableRepo.events] Ensured table exists: split_verse_perf_test.events_0_9999
[2025-09-19 21:36:21.907] INFO  [MultiTableRepo.events] Ensured table exists: split_verse_perf_test.events_0_9999
[2025-09-19 21:36:21.915] INFO  [MultiTableRepo.events] Ensured table exists: split_verse_perf_test.events_0_9999
[2025-09-19 21:36:21.916] INFO  [MultiTableRepo.events] Ensured table exists: split_verse_perf_test.events_0_9999
[2025-09-19 21:36:21.916] INFO  [MultiTableRepo.events] Ensured table exists: split_verse_perf_test.events_0_9999
[2025-09-19 21:36:21.917] INFO  [MultiTableRepo.events] Ensured table exists: split_verse_perf_test.events_0_9999
[2025-09-19 21:36:21.917] INFO  [MultiTableRepo.events] Ensured table exists: split_verse_perf_test.events_0_9999
[2025-09-19 21:36:21.919] INFO  [MultiTableRepo.events] Ensured table exists: split_verse_perf_test.events_0_9999
[2025-09-19 21:36:21.923] INFO  [MultiTableRepo.events] Ensured table exists: split_verse_perf_test.events_0_9999
[2025-09-19 21:36:21.925] INFO  [MultiTableRepo.events] Ensured table exists: split_verse_perf_test.events_0_9999
[2025-09-19 21:36:21.929] INFO  [MultiTableRepo.events] Ensured table exists: split_verse_perf_test.events_0_9999
[2025-09-19 21:36:21.929] INFO  [MultiTableRepo.events] Ensured table exists: split_verse_perf_test.events_0_9999
[2025-09-19 21:36:21.933] INFO  [MultiTableRepo.events] Ensured table exists: split_verse_perf_test.events_0_9999
[2025-09-19 21:36:21.934] INFO  [MultiTableRepo.events] Ensured table exists: split_verse_perf_test.events_0_9999
[2025-09-19 21:36:21.934] INFO  [MultiTableRepo.events] Ensured table exists: split_verse_perf_test.events_0_9999
[2025-09-19 21:36:21.937] INFO  [MultiTableRepo.events] Ensured table exists: split_verse_perf_test.events_0_9999
[2025-09-19 21:36:21.938] INFO  [MultiTableRepo.events] Ensured table exists: split_verse_perf_test.events_0_9999
[2025-09-19 21:36:21.942] INFO  [MultiTableRepo.events] Ensured table exists: split_verse_perf_test.events_0_9999
[2025-09-19 21:36:21.945] INFO  [MultiTableRepo.events] Ensured table exists: split_verse_perf_test.events_0_9999
[2025-09-19 21:36:21.946] INFO  [MultiTableRepo.events] Ensured table exists: split_verse_perf_test.events_0_9999
[2025-09-19 21:36:21.949] INFO  [MultiTableRepo.events] Ensured table exists: split_verse_perf_test.events_0_9999
[2025-09-19 21:36:21.954] INFO  [MultiTableRepo.events] Ensured table exists: split_verse_perf_test.events_0_9999
[2025-09-19 21:36:21.954] INFO  [MultiTableRepo.events] Ensured table exists: split_verse_perf_test.events_0_9999
[2025-09-19 21:36:21.955] INFO  [MultiTableRepo.events] Ensured table exists: split_verse_perf_test.events_0_9999
[2025-09-19 21:36:21.963] INFO  [MultiTableRepo.events] Ensured table exists: split_verse_perf_test.events_0_9999
[2025-09-19 21:36:21.963] INFO  [MultiTableRepo.events] Ensured table exists: split_verse_perf_test.events_0_9999
[2025-09-19 21:36:21.969] INFO  [MultiTableRepo.events] Ensured table exists: split_verse_perf_test.events_0_9999
[2025-09-19 21:36:21.971] INFO  [MultiTableRepo.events] Ensured table exists: split_verse_perf_test.events_0_9999
[2025-09-19 21:36:21.972] INFO  [MultiTableRepo.events] Ensured table exists: split_verse_perf_test.events_0_9999
[2025-09-19 21:36:21.979] INFO  [MultiTableRepo.events] Ensured table exists: split_verse_perf_test.events_0_9999
[2025-09-19 21:36:21.981] INFO  [MultiTableRepo.events] Ensured table exists: split_verse_perf_test.events_0_9999
[2025-09-19 21:36:21.989] INFO  [MultiTableRepo.events] Ensured table exists: split_verse_perf_test.events_0_9999
[2025-09-19 21:36:21.991] INFO  [MultiTableRepo.events] Ensured table exists: split_verse_perf_test.events_0_9999
[2025-09-19 21:36:21.993] INFO  [MultiTableRepo.events] Ensured table exists: split_verse_perf_test.events_0_9999
[2025-09-19 21:36:22.001] INFO  [MultiTableRepo.events] Ensured table exists: split_verse_perf_test.events_0_9999
[2025-09-19 21:36:22.010] INFO  [MultiTableRepo.events] Ensured table exists: split_verse_perf_test.events_0_9999
[2025-09-19 21:36:22.020] INFO  [MultiTableRepo.events] Ensured table exists: split_verse_perf_test.events_0_9999
[2025-09-19 21:36:22.025] INFO  [MultiTableRepo.events] Ensured table exists: split_verse_perf_test.events_0_9999
[2025-09-19 21:36:22.028] INFO  [MultiTableRepo.events] Ensured table exists: split_verse_perf_test.events_0_9999
[2025-09-19 21:36:22.037] INFO  [MultiTableRepo.events] Ensured table exists: split_verse_perf_test.events_0_9999
[2025-09-19 21:36:22.044] INFO  [MultiTableRepo.events] Ensured table exists: split_verse_perf_test.events_0_9999
[2025-09-19 21:36:22.049] INFO  [MultiTableRepo.events] Ensured table exists: split_verse_perf_test.events_0_9999
[2025-09-19 21:36:22.052] INFO  [MultiTableRepo.events] Ensured table exists: split_verse_perf_test.events_0_9999
[2025-09-19 21:36:22.056] INFO  [MultiTableRepo.events] Ensured table exists: split_verse_perf_test.events_0_9999
[2025-09-19 21:36:22.061] INFO  [MultiTableRepo.events] Ensured table exists: split_verse_perf_test.events_0_9999
[2025-09-19 21:36:22.061] INFO  [MultiTableRepo.events] Ensured table exists: split_verse_perf_test.events_0_9999
[2025-09-19 21:36:22.063] INFO  [MultiTableRepo.events] Ensured table exists: split_verse_perf_test.events_0_9999
[2025-09-19 21:36:22.069] INFO  [MultiTableRepo.events] Ensured table exists: split_verse_perf_test.events_0_9999
[2025-09-19 21:36:22.073] INFO  [MultiTableRepo.events] Ensured table exists: split_verse_perf_test.events_0_9999
[2025-09-19 21:36:22.076] INFO  [MultiTableRepo.events] Ensured table exists: split_verse_perf_test.events_0_9999
[2025-09-19 21:36:22.081] INFO  [MultiTableRepo.events] Ensured table exists: split_verse_perf_test.events_0_9999
[2025-09-19 21:36:22.089] INFO  [MultiTableRepo.events] Ensured table exists: split_verse_perf_test.events_0_9999
[2025-09-19 21:36:22.096] INFO  [MultiTableRepo.events] Ensured table exists: split_verse_perf_test.events_0_9999
[2025-09-19 21:36:22.097] INFO  [MultiTableRepo.events] Ensured table exists: split_verse_perf_test.events_0_9999
[2025-09-19 21:36:22.097] INFO  [MultiTableRepo.events] Ensured table exists: split_verse_perf_test.events_0_9999
[2025-09-19 21:36:22.107] INFO  [MultiTableRepo.events] Ensured table exists: split_verse_perf_test.events_0_9999
[2025-09-19 21:36:22.113] INFO  [MultiTableRepo.events] Ensured table exists: split_verse_perf_test.events_0_9999
[2025-09-19 21:36:22.113] INFO  [MultiTableRepo.events] Ensured table exists: split_verse_perf_test.events_0_9999
[2025-09-19 21:36:22.120] INFO  [MultiTableRepo.events] Ensured table exists: split_verse_perf_test.events_0_9999
[2025-09-19 21:36:22.129] INFO  [MultiTableRepo.events] Ensured table exists: split_verse_perf_test.events_0_9999
[2025-09-19 21:36:22.132] INFO  [MultiTableRepo.events] Ensured table exists: split_verse_perf_test.events_0_9999
[2025-09-19 21:36:22.132] INFO  [MultiTableRepo.events] Ensured table exists: split_verse_perf_test.events_0_9999
[2025-09-19 21:36:22.134] INFO  [MultiTableRepo.events] Ensured table exists: split_verse_perf_test.events_0_9999
[2025-09-19 21:36:22.143] INFO  [MultiTableRepo.events] Ensured table exists: split_verse_perf_test.events_0_9999
[2025-09-19 21:36:22.149] INFO  [MultiTableRepo.events] Ensured table exists: split_verse_perf_test.events_0_9999
[2025-09-19 21:36:22.152] INFO  [MultiTableRepo.events] Ensured table exists: split_verse_perf_test.events_0_9999
[2025-09-19 21:36:22.156] INFO  [MultiTableRepo.events] Ensured table exists: split_verse_perf_test.events_0_9999
[2025-09-19 21:36:22.158] INFO  [MultiTableRepo.events] Ensured table exists: split_verse_perf_test.events_0_9999
[2025-09-19 21:36:22.160] INFO  [MultiTableRepo.events] Ensured table exists: split_verse_perf_test.events_0_9999
[2025-09-19 21:36:22.163] INFO  [MultiTableRepo.events] Ensured table exists: split_verse_perf_test.events_0_9999
[2025-09-19 21:36:22.174] INFO  [MultiTableRepo.events] Ensured table exists: split_verse_perf_test.events_0_9999
[2025-09-19 21:36:22.176] INFO  [MultiTableRepo.events] Ensured table exists: split_verse_perf_test.events_0_9999
[2025-09-19 21:36:22.181] INFO  [MultiTableRepo.events] Ensured table exists: split_verse_perf_test.events_0_9999
[2025-09-19 21:36:22.184] INFO  [MultiTableRepo.events] Ensured table exists: split_verse_perf_test.events_0_9999
[2025-09-19 21:36:22.189] INFO  [MultiTableRepo.events] Ensured table exists: split_verse_perf_test.events_0_9999
[2025-09-19 21:36:22.191] INFO  [MultiTableRepo.events] Ensured table exists: split_verse_perf_test.events_0_9999
[2025-09-19 21:36:22.194] INFO  [MultiTableRepo.events] Ensured table exists: split_verse_perf_test.events_0_9999
[2025-09-19 21:36:22.197] INFO  [MultiTableRepo.events] Ensured table exists: split_verse_perf_test.events_0_9999
[2025-09-19 21:36:22.201] INFO  [MultiTableRepo.events] Ensured table exists: split_verse_perf_test.events_0_9999
[2025-09-19 21:36:22.205] INFO  [MultiTableRepo.events] Ensured table exists: split_verse_perf_test.events_0_9999
[2025-09-19 21:36:22.209] INFO  [MultiTableRepo.events] Ensured table exists: split_verse_perf_test.events_0_9999
[2025-09-19 21:36:22.210] INFO  [MultiTableRepo.events] Ensured table exists: split_verse_perf_test.events_0_9999
[2025-09-19 21:36:22.214] INFO  [MultiTableRepo.events] Ensured table exists: split_verse_perf_test.events_0_9999
[2025-09-19 21:36:22.214] INFO  [MultiTableRepo.events] Ensured table exists: split_verse_perf_test.events_0_9999
[2025-09-19 21:36:22.217] INFO  [MultiTableRepo.events] Ensured table exists: split_verse_perf_test.events_0_9999
[2025-09-19 21:36:22.221] INFO  [MultiTableRepo.events] Ensured table exists: split_verse_perf_test.events_0_9999
[2025-09-19 21:36:22.230] INFO  [MultiTableRepo.events] Ensured table exists: split_verse_perf_test.events_0_9999
[2025-09-19 21:36:22.232] INFO  [MultiTableRepo.events] Ensured table exists: split_verse_perf_test.events_0_9999
[2025-09-19 21:36:22.233] INFO  [MultiTableRepo.events] Ensured table exists: split_verse_perf_test.events_0_9999
[2025-09-19 21:36:22.236] INFO  [MultiTableRepo.events] Ensured table exists: split_verse_perf_test.events_0_9999
[2025-09-19 21:36:22.237] INFO  [MultiTableRepo.events] Ensured table exists: split_verse_perf_test.events_0_9999
[2025-09-19 21:36:22.243] INFO  [MultiTableRepo.events] Ensured table exists: split_verse_perf_test.events_0_9999
[2025-09-19 21:36:22.247] INFO  [MultiTableRepo.events] Ensured table exists: split_verse_perf_test.events_0_9999
[2025-09-19 21:36:22.248] INFO  [MultiTableRepo.events] Ensured table exists: split_verse_perf_test.events_0_9999
[2025-09-19 21:36:22.260] INFO  [MultiTableRepo.events] Ensured table exists: split_verse_perf_test.events_0_9999
[2025-09-19 21:36:22.261] INFO  [MultiTableRepo.events] Ensured table exists: split_verse_perf_test.events_0_9999
[2025-09-19 21:36:22.264] INFO  [MultiTableRepo.events] Ensured table exists: split_verse_perf_test.events_0_9999
[2025-09-19 21:36:22.273] INFO  [MultiTableRepo.events] Ensured table exists: split_verse_perf_test.events_0_9999
[2025-09-19 21:36:22.278] INFO  [MultiTableRepo.events] Ensured table exists: split_verse_perf_test.events_0_9999
[2025-09-19 21:36:22.293] INFO  [MultiTableRepo.events] Ensured table exists: split_verse_perf_test.events_0_9999
[2025-09-19 21:36:22.294] INFO  [MultiTableRepo.events] Ensured table exists: split_verse_perf_test.events_0_9999
[2025-09-19 21:36:22.296] INFO  [MultiTableRepo.events] Ensured table exists: split_verse_perf_test.events_0_9999
[2025-09-19 21:36:22.310] INFO  [MultiTableRepo.events] Ensured table exists: split_verse_perf_test.events_0_9999
[2025-09-19 21:36:22.313] INFO  [MultiTableRepo.events] Ensured table exists: split_verse_perf_test.events_0_9999
[2025-09-19 21:36:22.313] INFO  [MultiTableRepo.events] Ensured table exists: split_verse_perf_test.events_0_9999
[2025-09-19 21:36:22.314] INFO  [MultiTableRepo.events] Ensured table exists: split_verse_perf_test.events_0_9999
[2025-09-19 21:36:22.314] INFO  [MultiTableRepo.events] Ensured table exists: split_verse_perf_test.events_0_9999
[2025-09-19 21:36:22.316] INFO  [MultiTableRepo.events] Ensured table exists: split_verse_perf_test.events_0_9999
[2025-09-19 21:36:22.330] INFO  [MultiTableRepo.events] Ensured table exists: split_verse_perf_test.events_0_9999
[2025-09-19 21:36:22.336] INFO  [MultiTableRepo.events] Ensured table exists: split_verse_perf_test.events_0_9999
[2025-09-19 21:36:22.337] INFO  [MultiTableRepo.events] Ensured table exists: split_verse_perf_test.events_0_9999
[2025-09-19 21:36:22.339] INFO  [MultiTableRepo.events] Ensured table exists: split_verse_perf_test.events_0_9999
[2025-09-19 21:36:22.341] INFO  [MultiTableRepo.events] Ensured table exists: split_verse_perf_test.events_0_9999
[2025-09-19 21:36:22.342] INFO  [MultiTableRepo.events] Ensured table exists: split_verse_perf_test.events_0_9999
[2025-09-19 21:36:22.344] INFO  [MultiTableRepo.events] Ensured table exists: split_verse_perf_test.events_0_9999
[2025-09-19 21:36:22.348] INFO  [MultiTableRepo.events] Ensured table exists: split_verse_perf_test.events_0_9999
[2025-09-19 21:36:22.353] INFO  [MultiTableRepo.events] Ensured table exists: split_verse_perf_test.events_0_9999
[2025-09-19 21:36:22.354] INFO  [MultiTableRepo.events] Ensured table exists: split_verse_perf_test.events_0_9999
[2025-09-19 21:36:22.355] INFO  [MultiTableRepo.events] Ensured table exists: split_verse_perf_test.events_0_9999
[2025-09-19 21:36:22.357] INFO  [MultiTableRepo.events] Ensured table exists: split_verse_perf_test.events_0_9999
[2025-09-19 21:36:22.359] INFO  [MultiTableRepo.events] Ensured table exists: split_verse_perf_test.events_0_9999
[2025-09-19 21:36:22.364] INFO  [MultiTableRepo.events] Ensured table exists: split_verse_perf_test.events_0_9999
[2025-09-19 21:36:22.371] INFO  [MultiTableRepo.events] Ensured table exists: split_verse_perf_test.events_0_9999
[2025-09-19 21:36:22.373] INFO  [MultiTableRepo.events] Ensured table exists: split_verse_perf_test.events_0_9999
[2025-09-19 21:36:22.379] INFO  [MultiTableRepo.events] Ensured table exists: split_verse_perf_test.events_0_9999
[2025-09-19 21:36:22.379] INFO  [MultiTableRepo.events] Ensured table exists: split_verse_perf_test.events_0_9999
[2025-09-19 21:36:22.382] INFO  [MultiTableRepo.events] Ensured table exists: split_verse_perf_test.events_0_9999
[2025-09-19 21:36:22.383] INFO  [MultiTableRepo.events] Ensured table exists: split_verse_perf_test.events_0_9999
[2025-09-19 21:36:22.388] INFO  [MultiTableRepo.events] Ensured table exists: split_verse_perf_test.events_0_9999
[2025-09-19 21:36:22.389] INFO  [MultiTableRepo.events] Ensured table exists: split_verse_perf_test.events_0_9999
[2025-09-19 21:36:22.395] INFO  [MultiTableRepo.events] Ensured table exists: split_verse_perf_test.events_0_9999
[2025-09-19 21:36:22.395] INFO  [MultiTableRepo.events] Ensured table exists: split_verse_perf_test.events_0_9999
[2025-09-19 21:36:22.399] INFO  [MultiTableRepo.events] Ensured table exists: split_verse_perf_test.events_0_9999
[2025-09-19 21:36:22.401] INFO  [MultiTableRepo.events] Ensured table exists: split_verse_perf_test.events_0_9999
[2025-09-19 21:36:22.411] INFO  [MultiTableRepo.events] Ensured table exists: split_verse_perf_test.events_0_9999
[2025-09-19 21:36:22.414] INFO  [MultiTableRepo.events] Ensured table exists: split_verse_perf_test.events_0_9999
[2025-09-19 21:36:22.419] INFO  [MultiTableRepo.events] Ensured table exists: split_verse_perf_test.events_0_9999
[2025-09-19 21:36:22.419] INFO  [MultiTableRepo.events] Ensured table exists: split_verse_perf_test.events_0_9999
[2025-09-19 21:36:22.429] INFO  [MultiTableRepo.events] Ensured table exists: split_verse_perf_test.events_0_9999
[2025-09-19 21:36:22.444] INFO  [MultiTableRepo.events] Ensured table exists: split_verse_perf_test.events_0_9999
[2025-09-19 21:36:22.445] INFO  [MultiTableRepo.events] Ensured table exists: split_verse_perf_test.events_0_9999
[2025-09-19 21:36:22.448] INFO  [MultiTableRepo.events] Ensured table exists: split_verse_perf_test.events_0_9999
[2025-09-19 21:36:22.457] INFO  [MultiTableRepo.events] Ensured table exists: split_verse_perf_test.events_0_9999
[2025-09-19 21:36:22.465] INFO  [MultiTableRepo.events] Ensured table exists: split_verse_perf_test.events_0_9999
[2025-09-19 21:36:22.487] INFO  [MultiTableRepo.events] Ensured table exists: split_verse_perf_test.events_0_9999
[2025-09-19 21:36:22.492] INFO  [MultiTableRepo.events] Ensured table exists: split_verse_perf_test.events_0_9999
[2025-09-19 21:36:22.494] INFO  [MultiTableRepo.events] Ensured table exists: split_verse_perf_test.events_0_9999
[2025-09-19 21:36:22.502] INFO  [MultiTableRepo.events] Ensured table exists: split_verse_perf_test.events_0_9999
[2025-09-19 21:36:22.507] INFO  [MultiTableRepo.events] Ensured table exists: split_verse_perf_test.events_0_9999
[2025-09-19 21:36:22.527] INFO  [MultiTableRepo.events] Ensured table exists: split_verse_perf_test.events_0_9999
[2025-09-19 21:36:22.530] INFO  [MultiTableRepo.events] Ensured table exists: split_verse_perf_test.events_0_9999
[2025-09-19 21:36:22.536] INFO  [MultiTableRepo.events] Ensured table exists: split_verse_perf_test.events_0_9999
[2025-09-19 21:36:22.540] INFO  [MultiTableRepo.events] Ensured table exists: split_verse_perf_test.events_0_9999
[2025-09-19 21:36:22.547] INFO  [MultiTableRepo.events] Ensured table exists: split_verse_perf_test.events_0_9999
[2025-09-19 21:36:22.551] INFO  [MultiTableRepo.events] Ensured table exists: split_verse_perf_test.events_0_9999
[2025-09-19 21:36:22.575] INFO  [MultiTableRepo.events] Ensured table exists: split_verse_perf_test.events_0_9999
[2025-09-19 21:36:22.582] INFO  [MultiTableRepo.events] Ensured table exists: split_verse_perf_test.events_0_9999
[2025-09-19 21:36:22.583] INFO  [MultiTableRepo.events] Ensured table exists: split_verse_perf_test.events_0_9999
[2025-09-19 21:36:22.584] INFO  [MultiTableRepo.events] Ensured table exists: split_verse_perf_test.events_0_9999
[2025-09-19 21:36:22.587] INFO  [MultiTableRepo.events] Ensured table exists: split_verse_perf_test.events_0_9999
[2025-09-19 21:36:22.592] INFO  [MultiTableRepo.events] Ensured table exists: split_verse_perf_test.events_0_9999
[2025-09-19 21:36:22.595] INFO  [MultiTableRepo.events] Ensured table exists: split_verse_perf_test.events_0_9999
[2025-09-19 21:36:22.598] INFO  [MultiTableRepo.events] Ensured table exists: split_verse_perf_test.events_0_9999
[2025-09-19 21:36:22.600] INFO  [MultiTableRepo.events] Ensured table exists: split_verse_perf_test.events_0_9999
[2025-09-19 21:36:22.605] INFO  [MultiTableRepo.events] Ensured table exists: split_verse_perf_test.events_0_9999
[2025-09-19 21:36:22.607] INFO  [MultiTableRepo.events] Ensured table exists: split_verse_perf_test.events_0_9999
[2025-09-19 21:36:22.612] INFO  [MultiTableRepo.events] Ensured table exists: split_verse_perf_test.events_0_9999
[2025-09-19 21:36:22.616] INFO  [MultiTableRepo.events] Ensured table exists: split_verse_perf_test.events_0_9999
[2025-09-19 21:36:22.620] INFO  [MultiTableRepo.events] Ensured table exists: split_verse_perf_test.events_0_9999
[2025-09-19 21:36:22.620] INFO  [MultiTableRepo.events] Ensured table exists: split_verse_perf_test.events_0_9999
[2025-09-19 21:36:22.623] INFO  [MultiTableRepo.events] Ensured table exists: split_verse_perf_test.events_0_9999
[2025-09-19 21:36:22.624] INFO  [MultiTableRepo.events] Ensured table exists: split_verse_perf_test.events_0_9999
[2025-09-19 21:36:22.625] INFO  [MultiTableRepo.events] Ensured table exists: split_verse_perf_test.events_0_9999
[2025-09-19 21:36:22.634] INFO  [MultiTableRepo.events] Ensured table exists: split_verse_perf_test.events_0_9999
[2025-09-19 21:36:22.639] INFO  [MultiTableRepo.events] Ensured table exists: split_verse_perf_test.events_0_9999
[2025-09-19 21:36:22.642] INFO  [MultiTableRepo.events] Ensured table exists: split_verse_perf_test.events_0_9999
[2025-09-19 21:36:22.644] INFO  [MultiTableRepo.events] Ensured table exists: split_verse_perf_test.events_0_9999
[2025-09-19 21:36:22.645] INFO  [MultiTableRepo.events] Ensured table exists: split_verse_perf_test.events_0_9999
[2025-09-19 21:36:22.655] INFO  [MultiTableRepo.events] Ensured table exists: split_verse_perf_test.events_0_9999
[2025-09-19 21:36:22.658] INFO  [MultiTableRepo.events] Ensured table exists: split_verse_perf_test.events_0_9999
[2025-09-19 21:36:22.660] INFO  [MultiTableRepo.events] Ensured table exists: split_verse_perf_test.events_0_9999
[2025-09-19 21:36:22.661] INFO  [MultiTableRepo.events] Ensured table exists: split_verse_perf_test.events_0_9999
[2025-09-19 21:36:22.661] INFO  [MultiTableRepo.events] Ensured table exists: split_verse_perf_test.events_0_9999
[2025-09-19 21:36:22.668] INFO  [MultiTableRepo.events] Ensured table exists: split_verse_perf_test.events_0_9999
[2025-09-19 21:36:22.674] INFO  [MultiTableRepo.events] Ensured table exists: split_verse_perf_test.events_0_9999
[2025-09-19 21:36:22.678] INFO  [MultiTableRepo.events] Ensured table exists: split_verse_perf_test.events_0_9999
[2025-09-19 21:36:22.674] INFO  [MultiTableRepo.events] Ensured table exists: split_verse_perf_test.events_0_9999
[2025-09-19 21:36:22.695] INFO  [MultiTableRepo.events] Ensured table exists: split_verse_perf_test.events_0_9999
[2025-09-19 21:36:22.697] INFO  [MultiTableRepo.events] Ensured table exists: split_verse_perf_test.events_0_9999
[2025-09-19 21:36:22.697] INFO  [MultiTableRepo.events] Ensured table exists: split_verse_perf_test.events_0_9999
[2025-09-19 21:36:22.698] INFO  [MultiTableRepo.events] Ensured table exists: split_verse_perf_test.events_0_9999
[2025-09-19 21:36:22.709] INFO  [MultiTableRepo.events] Ensured table exists: split_verse_perf_test.events_0_9999
[2025-09-19 21:36:22.717] INFO  [MultiTableRepo.events] Ensured table exists: split_verse_perf_test.events_0_9999
[2025-09-19 21:36:22.723] INFO  [MultiTableRepo.events] Ensured table exists: split_verse_perf_test.events_0_9999
[2025-09-19 21:36:22.724] INFO  [MultiTableRepo.events] Ensured table exists: split_verse_perf_test.events_0_9999
[2025-09-19 21:36:22.729] INFO  [MultiTableRepo.events] Ensured table exists: split_verse_perf_test.events_0_9999
[2025-09-19 21:36:22.732] INFO  [MultiTableRepo.events] Ensured table exists: split_verse_perf_test.events_0_9999
[2025-09-19 21:36:22.740] INFO  [MultiTableRepo.events] Ensured table exists: split_verse_perf_test.events_0_9999
[2025-09-19 21:36:22.743] INFO  [MultiTableRepo.events] Ensured table exists: split_verse_perf_test.events_0_9999
[2025-09-19 21:36:22.747] INFO  [MultiTableRepo.events] Ensured table exists: split_verse_perf_test.events_0_9999
[2025-09-19 21:36:22.749] INFO  [MultiTableRepo.events] Ensured table exists: split_verse_perf_test.events_0_9999
[2025-09-19 21:36:22.752] INFO  [MultiTableRepo.events] Ensured table exists: split_verse_perf_test.events_0_9999
[2025-09-19 21:36:22.753] INFO  [MultiTableRepo.events] Ensured table exists: split_verse_perf_test.events_0_9999
[2025-09-19 21:36:22.754] INFO  [MultiTableRepo.events] Ensured table exists: split_verse_perf_test.events_0_9999
[2025-09-19 21:36:22.756] INFO  [MultiTableRepo.events] Ensured table exists: split_verse_perf_test.events_0_9999
[2025-09-19 21:36:22.761] INFO  [MultiTableRepo.events] Ensured table exists: split_verse_perf_test.events_0_9999
[2025-09-19 21:36:22.763] INFO  [MultiTableRepo.events] Ensured table exists: split_verse_perf_test.events_0_9999
[2025-09-19 21:36:22.765] INFO  [MultiTableRepo.events] Ensured table exists: split_verse_perf_test.events_0_9999
[2025-09-19 21:36:22.768] INFO  [MultiTableRepo.events] Ensured table exists: split_verse_perf_test.events_0_9999
[2025-09-19 21:36:22.773] INFO  [MultiTableRepo.events] Ensured table exists: split_verse_perf_test.events_0_9999
[2025-09-19 21:36:22.777] INFO  [MultiTableRepo.events] Ensured table exists: split_verse_perf_test.events_0_9999
[2025-09-19 21:36:22.784] INFO  [MultiTableRepo.events] Ensured table exists: split_verse_perf_test.events_0_9999
[2025-09-19 21:36:22.785] INFO  [MultiTableRepo.events] Ensured table exists: split_verse_perf_test.events_0_9999
[2025-09-19 21:36:22.785] INFO  [MultiTableRepo.events] Ensured table exists: split_verse_perf_test.events_0_9999
[2025-09-19 21:36:22.785] INFO  [MultiTableRepo.events] Ensured table exists: split_verse_perf_test.events_0_9999
[2025-09-19 21:36:22.786] INFO  [MultiTableRepo.events] Ensured table exists: split_verse_perf_test.events_0_9999
[2025-09-19 21:36:22.789] INFO  [MultiTableRepo.events] Ensured table exists: split_verse_perf_test.events_0_9999
[2025-09-19 21:36:22.792] INFO  [MultiTableRepo.events] Ensured table exists: split_verse_perf_test.events_0_9999
[2025-09-19 21:36:22.799] INFO  [MultiTableRepo.events] Ensured table exists: split_verse_perf_test.events_0_9999
[2025-09-19 21:36:22.803] INFO  [MultiTableRepo.events] Ensured table exists: split_verse_perf_test.events_0_9999
[2025-09-19 21:36:22.805] INFO  [MultiTableRepo.events] Ensured table exists: split_verse_perf_test.events_0_9999
[2025-09-19 21:36:22.806] INFO  [MultiTableRepo.events] Ensured table exists: split_verse_perf_test.events_0_9999
[2025-09-19 21:36:22.807] INFO  [MultiTableRepo.events] Ensured table exists: split_verse_perf_test.events_0_9999
[2025-09-19 21:36:22.814] INFO  [MultiTableRepo.events] Ensured table exists: split_verse_perf_test.events_0_9999
[2025-09-19 21:36:22.821] INFO  [MultiTableRepo.events] Ensured table exists: split_verse_perf_test.events_0_9999
[2025-09-19 21:36:22.827] INFO  [MultiTableRepo.events] Ensured table exists: split_verse_perf_test.events_0_9999
[2025-09-19 21:36:22.828] INFO  [MultiTableRepo.events] Ensured table exists: split_verse_perf_test.events_0_9999
[2025-09-19 21:36:22.828] INFO  [MultiTableRepo.events] Ensured table exists: split_verse_perf_test.events_0_9999
[2025-09-19 21:36:22.838] INFO  [MultiTableRepo.events] Ensured table exists: split_verse_perf_test.events_0_9999
[2025-09-19 21:36:22.840] INFO  [MultiTableRepo.events] Ensured table exists: split_verse_perf_test.events_0_9999
[2025-09-19 21:36:22.841] INFO  [MultiTableRepo.events] Ensured table exists: split_verse_perf_test.events_0_9999
[2025-09-19 21:36:22.843] INFO  [MultiTableRepo.events] Ensured table exists: split_verse_perf_test.events_0_9999
[2025-09-19 21:36:22.847] INFO  [MultiTableRepo.events] Ensured table exists: split_verse_perf_test.events_0_9999
[2025-09-19 21:36:22.859] INFO  [MultiTableRepo.events] Ensured table exists: split_verse_perf_test.events_0_9999
[2025-09-19 21:36:22.859] INFO  [MultiTableRepo.events] Ensured table exists: split_verse_perf_test.events_0_9999
[2025-09-19 21:36:22.860] INFO  [MultiTableRepo.events] Ensured table exists: split_verse_perf_test.events_0_9999
[2025-09-19 21:36:22.862] INFO  [MultiTableRepo.events] Ensured table exists: split_verse_perf_test.events_0_9999
[2025-09-19 21:36:22.863] INFO  [MultiTableRepo.events] Ensured table exists: split_verse_perf_test.events_0_9999
[2025-09-19 21:36:22.876] INFO  [MultiTableRepo.events] Ensured table exists: split_verse_perf_test.events_0_9999
[2025-09-19 21:36:22.883] INFO  [MultiTableRepo.events] Ensured table exists: split_verse_perf_test.events_0_9999
[2025-09-19 21:36:22.886] INFO  [MultiTableRepo.events] Ensured table exists: split_verse_perf_test.events_0_9999
[2025-09-19 21:36:22.893] INFO  [MultiTableRepo.events] Ensured table exists: split_verse_perf_test.events_0_9999
[2025-09-19 21:36:22.899] INFO  [MultiTableRepo.events] Ensured table exists: split_verse_perf_test.events_0_9999
[2025-09-19 21:36:22.904] INFO  [MultiTableRepo.events] Ensured table exists: split_verse_perf_test.events_0_9999
[2025-09-19 21:36:22.915] INFO  [MultiTableRepo.events] Ensured table exists: split_verse_perf_test.events_0_9999
[2025-09-19 21:36:22.921] INFO  [MultiTableRepo.events] Ensured table exists: split_verse_perf_test.events_0_9999
[2025-09-19 21:36:22.925] INFO  [MultiTableRepo.events] Ensured table exists: split_verse_perf_test.events_0_9999
[2025-09-19 21:36:22.935] INFO  [MultiTableRepo.events] Ensured table exists: split_verse_perf_test.events_0_9999
[2025-09-19 21:36:22.940] INFO  [MultiTableRepo.events] Ensured table exists: split_verse_perf_test.events_0_9999
[2025-09-19 21:36:22.944] INFO  [MultiTableRepo.events] Ensured table exists: split_verse_perf_test.events_0_9999
[2025-09-19 21:36:22.949] INFO  [MultiTableRepo.events] Ensured table exists: split_verse_perf_test.events_0_9999
[2025-09-19 21:36:22.956] INFO  [MultiTableRepo.events] Ensured table exists: split_verse_perf_test.events_0_9999
[2025-09-19 21:36:22.957] INFO  [MultiTableRepo.events] Ensured table exists: split_verse_perf_test.events_0_9999
[2025-09-19 21:36:22.964] INFO  [MultiTableRepo.events] Ensured table exists: split_verse_perf_test.events_0_9999
[2025-09-19 21:36:22.969] INFO  [MultiTableRepo.events] Ensured table exists: split_verse_perf_test.events_0_9999
[2025-09-19 21:36:22.970] INFO  [MultiTableRepo.events] Ensured table exists: split_verse_perf_test.events_0_9999
[2025-09-19 21:36:22.980] INFO  [MultiTableRepo.events] Ensured table exists: split_verse_perf_test.events_0_9999
[2025-09-19 21:36:22.981] INFO  [MultiTableRepo.events] Ensured table exists: split_verse_perf_test.events_0_9999
[2025-09-19 21:36:22.989] INFO  [MultiTableRepo.events] Ensured table exists: split_verse_perf_test.events_0_9999
[2025-09-19 21:36:22.992] INFO  [MultiTableRepo.events] Ensured table exists: split_verse_perf_test.events_0_9999
[2025-09-19 21:36:22.997] INFO  [MultiTableRepo.events] Ensured table exists: split_verse_perf_test.events_0_9999
[2025-09-19 21:36:22.998] INFO  [MultiTableRepo.events] Ensured table exists: split_verse_perf_test.events_0_9999
[2025-09-19 21:36:22.998] INFO  [MultiTableRepo.events] Ensured table exists: split_verse_perf_test.events_0_9999
[2025-09-19 21:36:23.004] INFO  [MultiTableRepo.events] Ensured table exists: split_verse_perf_test.events_0_9999
[2025-09-19 21:36:23.005] INFO  [MultiTableRepo.events] Ensured table exists: split_verse_perf_test.events_0_9999
[2025-09-19 21:36:23.006] INFO  [MultiTableRepo.events] Ensured table exists: split_verse_perf_test.events_0_9999
[2025-09-19 21:36:23.011] INFO  [MultiTableRepo.events] Ensured table exists: split_verse_perf_test.events_0_9999
[2025-09-19 21:36:23.013] INFO  [MultiTableRepo.events] Ensured table exists: split_verse_perf_test.events_0_9999
[2025-09-19 21:36:23.017] INFO  [MultiTableRepo.events] Ensured table exists: split_verse_perf_test.events_0_9999
[2025-09-19 21:36:23.018] INFO  [MultiTableRepo.events] Ensured table exists: split_verse_perf_test.events_0_9999
[2025-09-19 21:36:23.019] INFO  [MultiTableRepo.events] Ensured table exists: split_verse_perf_test.events_0_9999
[2025-09-19 21:36:23.025] INFO  [MultiTableRepo.events] Ensured table exists: split_verse_perf_test.events_0_9999
[2025-09-19 21:36:23.026] INFO  [MultiTableRepo.events] Ensured table exists: split_verse_perf_test.events_0_9999
[2025-09-19 21:36:23.028] INFO  [MultiTableRepo.events] Ensured table exists: split_verse_perf_test.events_0_9999
[2025-09-19 21:36:23.035] INFO  [MultiTableRepo.events] Ensured table exists: split_verse_perf_test.events_0_9999
[2025-09-19 21:36:23.040] INFO  [MultiTableRepo.events] Ensured table exists: split_verse_perf_test.events_0_9999
[2025-09-19 21:36:23.044] INFO  [MultiTableRepo.events] Ensured table exists: split_verse_perf_test.events_0_9999
[2025-09-19 21:36:23.044] INFO  [MultiTableRepo.events] Ensured table exists: split_verse_perf_test.events_0_9999
[2025-09-19 21:36:23.044] INFO  [MultiTableRepo.events] Ensured table exists: split_verse_perf_test.events_0_9999
[2025-09-19 21:36:23.058] INFO  [MultiTableRepo.events] Ensured table exists: split_verse_perf_test.events_0_9999
[2025-09-19 21:36:23.058] INFO  [MultiTableRepo.events] Ensured table exists: split_verse_perf_test.events_0_9999
[2025-09-19 21:36:23.061] INFO  [MultiTableRepo.events] Ensured table exists: split_verse_perf_test.events_0_9999
[2025-09-19 21:36:23.062] INFO  [MultiTableRepo.events] Ensured table exists: split_verse_perf_test.events_0_9999
[2025-09-19 21:36:23.063] INFO  [MultiTableRepo.events] Ensured table exists: split_verse_perf_test.events_0_9999
[2025-09-19 21:36:23.073] INFO  [MultiTableRepo.events] Ensured table exists: split_verse_perf_test.events_0_9999
[2025-09-19 21:36:23.075] INFO  [MultiTableRepo.events] Ensured table exists: split_verse_perf_test.events_0_9999
[2025-09-19 21:36:23.078] INFO  [MultiTableRepo.events] Ensured table exists: split_verse_perf_test.events_0_9999
[2025-09-19 21:36:23.081] INFO  [MultiTableRepo.events] Ensured table exists: split_verse_perf_test.events_0_9999
[2025-09-19 21:36:23.089] INFO  [MultiTableRepo.events] Ensured table exists: split_verse_perf_test.events_0_9999
[2025-09-19 21:36:23.091] INFO  [MultiTableRepo.events] Ensured table exists: split_verse_perf_test.events_0_9999
[2025-09-19 21:36:23.092] INFO  [MultiTableRepo.events] Ensured table exists: split_verse_perf_test.events_0_9999
[2025-09-19 21:36:23.095] INFO  [MultiTableRepo.events] Ensured table exists: split_verse_perf_test.events_0_9999
[2025-09-19 21:36:23.100] INFO  [MultiTableRepo.events] Ensured table exists: split_verse_perf_test.events_0_9999
[2025-09-19 21:36:23.100] INFO  [MultiTableRepo.events] Ensured table exists: split_verse_perf_test.events_0_9999
[2025-09-19 21:36:23.103] INFO  [MultiTableRepo.events] Ensured table exists: split_verse_perf_test.events_0_9999
[2025-09-19 21:36:23.108] INFO  [MultiTableRepo.events] Ensured table exists: split_verse_perf_test.events_0_9999
[2025-09-19 21:36:23.110] INFO  [MultiTableRepo.events] Ensured table exists: split_verse_perf_test.events_0_9999
[2025-09-19 21:36:23.117] INFO  [MultiTableRepo.events] Ensured table exists: split_verse_perf_test.events_0_9999
[2025-09-19 21:36:23.120] INFO  [MultiTableRepo.events] Ensured table exists: split_verse_perf_test.events_0_9999
[2025-09-19 21:36:23.120] INFO  [MultiTableRepo.events] Ensured table exists: split_verse_perf_test.events_0_9999
[2025-09-19 21:36:23.122] INFO  [MultiTableRepo.events] Ensured table exists: split_verse_perf_test.events_0_9999
[2025-09-19 21:36:23.125] INFO  [MultiTableRepo.events] Ensured table exists: split_verse_perf_test.events_0_9999
[2025-09-19 21:36:23.138] INFO  [MultiTableRepo.events] Ensured table exists: split_verse_perf_test.events_0_9999
[2025-09-19 21:36:23.140] INFO  [MultiTableRepo.events] Ensured table exists: split_verse_perf_test.events_0_9999
[2025-09-19 21:36:23.142] INFO  [MultiTableRepo.events] Ensured table exists: split_verse_perf_test.events_0_9999
[2025-09-19 21:36:23.147] INFO  [MultiTableRepo.events] Ensured table exists: split_verse_perf_test.events_0_9999
[2025-09-19 21:36:23.155] INFO  [MultiTableRepo.events] Ensured table exists: split_verse_perf_test.events_0_9999
[2025-09-19 21:36:23.156] INFO  [MultiTableRepo.events] Ensured table exists: split_verse_perf_test.events_0_9999
[2025-09-19 21:36:23.165] INFO  [MultiTableRepo.events] Ensured table exists: split_verse_perf_test.events_0_9999
[2025-09-19 21:36:23.169] INFO  [MultiTableRepo.events] Ensured table exists: split_verse_perf_test.events_0_9999
[2025-09-19 21:36:23.171] INFO  [MultiTableRepo.events] Ensured table exists: split_verse_perf_test.events_0_9999
[2025-09-19 21:36:23.177] INFO  [MultiTableRepo.events] Ensured table exists: split_verse_perf_test.events_0_9999
[2025-09-19 21:36:23.178] INFO  [MultiTableRepo.events] Ensured table exists: split_verse_perf_test.events_0_9999
[2025-09-19 21:36:23.178] INFO  [MultiTableRepo.events] Ensured table exists: split_verse_perf_test.events_0_9999
[2025-09-19 21:36:23.182] INFO  [MultiTableRepo.events] Ensured table exists: split_verse_perf_test.events_0_9999
[2025-09-19 21:36:23.182] INFO  [MultiTableRepo.events] Ensured table exists: split_verse_perf_test.events_0_9999
[2025-09-19 21:36:23.188] INFO  [MultiTableRepo.events] Ensured table exists: split_verse_perf_test.events_0_9999
[2025-09-19 21:36:23.188] INFO  [MultiTableRepo.events] Ensured table exists: split_verse_perf_test.events_0_9999
[2025-09-19 21:36:23.197] INFO  [MultiTableRepo.events] Ensured table exists: split_verse_perf_test.events_0_9999
[2025-09-19 21:36:23.199] INFO  [MultiTableRepo.events] Ensured table exists: split_verse_perf_test.events_0_9999
[2025-09-19 21:36:23.204] INFO  [MultiTableRepo.events] Ensured table exists: split_verse_perf_test.events_0_9999
[2025-09-19 21:36:23.210] INFO  [MultiTableRepo.events] Ensured table exists: split_verse_perf_test.events_0_9999
[2025-09-19 21:36:23.210] INFO  [MultiTableRepo.events] Ensured table exists: split_verse_perf_test.events_0_9999
[2025-09-19 21:36:23.212] INFO  [MultiTableRepo.events] Ensured table exists: split_verse_perf_test.events_0_9999
[2025-09-19 21:36:23.219] INFO  [MultiTableRepo.events] Ensured table exists: split_verse_perf_test.events_0_9999
[2025-09-19 21:36:23.221] INFO  [MultiTableRepo.events] Ensured table exists: split_verse_perf_test.events_0_9999
[2025-09-19 21:36:23.223] INFO  [MultiTableRepo.events] Ensured table exists: split_verse_perf_test.events_0_9999
[2025-09-19 21:36:23.224] INFO  [MultiTableRepo.events] Ensured table exists: split_verse_perf_test.events_0_9999
[2025-09-19 21:36:23.227] INFO  [MultiTableRepo.events] Ensured table exists: split_verse_perf_test.events_0_9999
[2025-09-19 21:36:23.227] INFO  [MultiTableRepo.events] Ensured table exists: split_verse_perf_test.events_0_9999
[2025-09-19 21:36:23.232] INFO  [MultiTableRepo.events] Ensured table exists: split_verse_perf_test.events_0_9999
[2025-09-19 21:36:23.236] INFO  [MultiTableRepo.events] Ensured table exists: split_verse_perf_test.events_0_9999
[2025-09-19 21:36:23.238] INFO  [MultiTableRepo.events] Ensured table exists: split_verse_perf_test.events_0_9999
[2025-09-19 21:36:23.240] INFO  [MultiTableRepo.events] Ensured table exists: split_verse_perf_test.events_0_9999
[2025-09-19 21:36:23.243] INFO  [MultiTableRepo.events] Ensured table exists: split_verse_perf_test.events_0_9999
[2025-09-19 21:36:23.247] INFO  [MultiTableRepo.events] Ensured table exists: split_verse_perf_test.events_0_9999
[2025-09-19 21:36:23.252] INFO  [MultiTableRepo.events] Ensured table exists: split_verse_perf_test.events_0_9999
[2025-09-19 21:36:23.258] INFO  [MultiTableRepo.events] Ensured table exists: split_verse_perf_test.events_0_9999
[2025-09-19 21:36:23.258] INFO  [MultiTableRepo.events] Ensured table exists: split_verse_perf_test.events_0_9999
[2025-09-19 21:36:23.260] INFO  [MultiTableRepo.events] Ensured table exists: split_verse_perf_test.events_0_9999
[2025-09-19 21:36:23.264] INFO  [MultiTableRepo.events] Ensured table exists: split_verse_perf_test.events_0_9999
[2025-09-19 21:36:23.277] INFO  [MultiTableRepo.events] Ensured table exists: split_verse_perf_test.events_0_9999
[2025-09-19 21:36:23.282] INFO  [MultiTableRepo.events] Ensured table exists: split_verse_perf_test.events_0_9999
[2025-09-19 21:36:23.291] INFO  [MultiTableRepo.events] Ensured table exists: split_verse_perf_test.events_0_9999
[2025-09-19 21:36:23.293] INFO  [MultiTableRepo.events] Ensured table exists: split_verse_perf_test.events_0_9999
[2025-09-19 21:36:23.299] INFO  [MultiTableRepo.events] Ensured table exists: split_verse_perf_test.events_0_9999
[2025-09-19 21:36:23.325] INFO  [MultiTableRepo.events] Ensured table exists: split_verse_perf_test.events_0_9999
[2025-09-19 21:36:23.330] INFO  [MultiTableRepo.events] Ensured table exists: split_verse_perf_test.events_0_9999
[2025-09-19 21:36:23.335] INFO  [MultiTableRepo.events] Ensured table exists: split_verse_perf_test.events_0_9999
[2025-09-19 21:36:23.344] INFO  [MultiTableRepo.events] Ensured table exists: split_verse_perf_test.events_0_9999
[2025-09-19 21:36:23.347] INFO  [MultiTableRepo.events] Ensured table exists: split_verse_perf_test.events_0_9999
[2025-09-19 21:36:23.349] INFO  [MultiTableRepo.events] Ensured table exists: split_verse_perf_test.events_0_9999
[2025-09-19 21:36:23.355] INFO  [MultiTableRepo.events] Ensured table exists: split_verse_perf_test.events_0_9999
[2025-09-19 21:36:23.362] INFO  [MultiTableRepo.events] Ensured table exists: split_verse_perf_test.events_0_9999
[2025-09-19 21:36:23.365] INFO  [MultiTableRepo.events] Ensured table exists: split_verse_perf_test.events_0_9999
[2025-09-19 21:36:23.369] INFO  [MultiTableRepo.events] Ensured table exists: split_verse_perf_test.events_0_9999
[2025-09-19 21:36:23.380] INFO  [MultiTableRepo.events] Ensured table exists: split_verse_perf_test.events_0_9999
[2025-09-19 21:36:23.380] INFO  [MultiTableRepo.events] Ensured table exists: split_verse_perf_test.events_0_9999
[2025-09-19 21:36:23.380] INFO  [MultiTableRepo.events] Ensured table exists: split_verse_perf_test.events_0_9999
[2025-09-19 21:36:23.386] INFO  [MultiTableRepo.events] Ensured table exists: split_verse_perf_test.events_0_9999
[2025-09-19 21:36:23.392] INFO  [MultiTableRepo.events] Ensured table exists: split_verse_perf_test.events_0_9999
[2025-09-19 21:36:23.396] INFO  [MultiTableRepo.events] Ensured table exists: split_verse_perf_test.events_0_9999
[2025-09-19 21:36:23.396] INFO  [MultiTableRepo.events] Ensured table exists: split_verse_perf_test.events_0_9999
[2025-09-19 21:36:23.398] INFO  [MultiTableRepo.events] Ensured table exists: split_verse_perf_test.events_0_9999
[2025-09-19 21:36:23.401] INFO  [MultiTableRepo.events] Ensured table exists: split_verse_perf_test.events_0_9999
[2025-09-19 21:36:23.404] INFO  [MultiTableRepo.events] Ensured table exists: split_verse_perf_test.events_0_9999
[2025-09-19 21:36:23.407] INFO  [MultiTableRepo.events] Ensured table exists: split_verse_perf_test.events_0_9999
[2025-09-19 21:36:23.413] INFO  [MultiTableRepo.events] Ensured table exists: split_verse_perf_test.events_0_9999
[2025-09-19 21:36:23.414] INFO  [MultiTableRepo.events] Ensured table exists: split_verse_perf_test.events_0_9999
[2025-09-19 21:36:23.416] INFO  [MultiTableRepo.events] Ensured table exists: split_verse_perf_test.events_0_9999
[2025-09-19 21:36:23.417] INFO  [MultiTableRepo.events] Ensured table exists: split_verse_perf_test.events_0_9999
[2025-09-19 21:36:23.422] INFO  [MultiTableRepo.events] Ensured table exists: split_verse_perf_test.events_0_9999
[2025-09-19 21:36:23.428] INFO  [MultiTableRepo.events] Ensured table exists: split_verse_perf_test.events_0_9999
[2025-09-19 21:36:23.430] INFO  [MultiTableRepo.events] Ensured table exists: split_verse_perf_test.events_0_9999
[2025-09-19 21:36:23.432] INFO  [MultiTableRepo.events] Ensured table exists: split_verse_perf_test.events_0_9999
[2025-09-19 21:36:23.440] INFO  [MultiTableRepo.events] Ensured table exists: split_verse_perf_test.events_0_9999
[2025-09-19 21:36:23.441] INFO  [MultiTableRepo.events] Ensured table exists: split_verse_perf_test.events_0_9999
[2025-09-19 21:36:23.444] INFO  [MultiTableRepo.events] Ensured table exists: split_verse_perf_test.events_0_9999
[2025-09-19 21:36:23.451] INFO  [MultiTableRepo.events] Ensured table exists: split_verse_perf_test.events_0_9999
[2025-09-19 21:36:23.454] INFO  [MultiTableRepo.events] Ensured table exists: split_verse_perf_test.events_0_9999
[2025-09-19 21:36:23.458] INFO  [MultiTableRepo.events] Ensured table exists: split_verse_perf_test.events_0_9999
[2025-09-19 21:36:23.460] INFO  [MultiTableRepo.events] Ensured table exists: split_verse_perf_test.events_0_9999
[2025-09-19 21:36:23.460] INFO  [MultiTableRepo.events] Ensured table exists: split_verse_perf_test.events_0_9999
[2025-09-19 21:36:23.461] INFO  [MultiTableRepo.events] Ensured table exists: split_verse_perf_test.events_0_9999
[2025-09-19 21:36:23.469] INFO  [MultiTableRepo.events] Ensured table exists: split_verse_perf_test.events_0_9999
[2025-09-19 21:36:23.475] INFO  [MultiTableRepo.events] Ensured table exists: split_verse_perf_test.events_0_9999
[2025-09-19 21:36:23.477] INFO  [MultiTableRepo.events] Ensured table exists: split_verse_perf_test.events_0_9999
[2025-09-19 21:36:23.477] INFO  [MultiTableRepo.events] Ensured table exists: split_verse_perf_test.events_0_9999
[2025-09-19 21:36:23.481] INFO  [MultiTableRepo.events] Ensured table exists: split_verse_perf_test.events_0_9999
[2025-09-19 21:36:23.490] INFO  [MultiTableRepo.events] Ensured table exists: split_verse_perf_test.events_0_9999
[2025-09-19 21:36:23.493] INFO  [MultiTableRepo.events] Ensured table exists: split_verse_perf_test.events_0_9999
[2025-09-19 21:36:23.498] INFO  [MultiTableRepo.events] Ensured table exists: split_verse_perf_test.events_0_9999
[2025-09-19 21:36:23.498] INFO  [MultiTableRepo.events] Ensured table exists: split_verse_perf_test.events_0_9999
[2025-09-19 21:36:23.501] INFO  [MultiTableRepo.events] Ensured table exists: split_verse_perf_test.events_0_9999
[2025-09-19 21:36:23.508] INFO  [MultiTableRepo.events] Ensured table exists: split_verse_perf_test.events_0_9999
[2025-09-19 21:36:23.511] INFO  [MultiTableRepo.events] Ensured table exists: split_verse_perf_test.events_0_9999
[2025-09-19 21:36:23.514] INFO  [MultiTableRepo.events] Ensured table exists: split_verse_perf_test.events_0_9999
[2025-09-19 21:36:23.517] INFO  [MultiTableRepo.events] Ensured table exists: split_verse_perf_test.events_0_9999
[2025-09-19 21:36:23.519] INFO  [MultiTableRepo.events] Ensured table exists: split_verse_perf_test.events_0_9999
[2025-09-19 21:36:23.526] INFO  [MultiTableRepo.events] Ensured table exists: split_verse_perf_test.events_0_9999
[2025-09-19 21:36:23.532] INFO  [MultiTableRepo.events] Ensured table exists: split_verse_perf_test.events_0_9999
[2025-09-19 21:36:23.535] INFO  [MultiTableRepo.events] Ensured table exists: split_verse_perf_test.events_0_9999
[2025-09-19 21:36:23.538] INFO  [MultiTableRepo.events] Ensured table exists: split_verse_perf_test.events_0_9999
[2025-09-19 21:36:23.544] INFO  [MultiTableRepo.events] Ensured table exists: split_verse_perf_test.events_0_9999
[2025-09-19 21:36:23.545] INFO  [MultiTableRepo.events] Ensured table exists: split_verse_perf_test.events_0_9999
[2025-09-19 21:36:23.546] INFO  [MultiTableRepo.events] Ensured table exists: split_verse_perf_test.events_0_9999
[2025-09-19 21:36:23.548] INFO  [MultiTableRepo.events] Ensured table exists: split_verse_perf_test.events_0_9999
[2025-09-19 21:36:23.558] INFO  [MultiTableRepo.events] Ensured table exists: split_verse_perf_test.events_0_9999
[2025-09-19 21:36:23.559] INFO  [MultiTableRepo.events] Ensured table exists: split_verse_perf_test.events_0_9999
[2025-09-19 21:36:23.558] INFO  [MultiTableRepo.events] Ensured table exists: split_verse_perf_test.events_0_9999
[2025-09-19 21:36:23.559] INFO  [MultiTableRepo.events] Ensured table exists: split_verse_perf_test.events_0_9999
[2025-09-19 21:36:23.562] INFO  [MultiTableRepo.events] Ensured table exists: split_verse_perf_test.events_0_9999
[2025-09-19 21:36:23.563] INFO  [MultiTableRepo.events] Ensured table exists: split_verse_perf_test.events_0_9999
[2025-09-19 21:36:23.563] INFO  [MultiTableRepo.events] Ensured table exists: split_verse_perf_test.events_0_9999
[2025-09-19 21:36:23.574] INFO  [MultiTableRepo.events] Ensured table exists: split_verse_perf_test.events_0_9999
[2025-09-19 21:36:23.576] INFO  [MultiTableRepo.events] Ensured table exists: split_verse_perf_test.events_0_9999
[2025-09-19 21:36:23.578] INFO  [MultiTableRepo.events] Ensured table exists: split_verse_perf_test.events_0_9999
[2025-09-19 21:36:23.580] INFO  [MultiTableRepo.events] Ensured table exists: split_verse_perf_test.events_0_9999
[2025-09-19 21:36:23.588] INFO  [MultiTableRepo.events] Ensured table exists: split_verse_perf_test.events_0_9999
[2025-09-19 21:36:23.588] INFO  [MultiTableRepo.events] Ensured table exists: split_verse_perf_test.events_0_9999
[2025-09-19 21:36:23.594] INFO  [MultiTableRepo.events] Ensured table exists: split_verse_perf_test.events_0_9999
[2025-09-19 21:36:23.595] INFO  [MultiTableRepo.events] Ensured table exists: split_verse_perf_test.events_0_9999
[2025-09-19 21:36:23.597] INFO  [MultiTableRepo.events] Ensured table exists: split_verse_perf_test.events_0_9999
[2025-09-19 21:36:23.602] INFO  [MultiTableRepo.events] Ensured table exists: split_verse_perf_test.events_0_9999
[2025-09-19 21:36:23.607] INFO  [MultiTableRepo.events] Ensured table exists: split_verse_perf_test.events_0_9999
[2025-09-19 21:36:23.609] INFO  [MultiTableRepo.events] Ensured table exists: split_verse_perf_test.events_0_9999
[2025-09-19 21:36:23.610] INFO  [MultiTableRepo.events] Ensured table exists: split_verse_perf_test.events_0_9999
[2025-09-19 21:36:23.610] INFO  [MultiTableRepo.events] Ensured table exists: split_verse_perf_test.events_0_9999
[2025-09-19 21:36:23.611] INFO  [MultiTableRepo.events] Ensured table exists: split_verse_perf_test.events_0_9999
[2025-09-19 21:36:23.611] INFO  [MultiTableRepo.events] Ensured table exists: split_verse_perf_test.events_0_9999
[2025-09-19 21:36:23.618] INFO  [MultiTableRepo.events] Ensured table exists: split_verse_perf_test.events_0_9999
[2025-09-19 21:36:23.625] INFO  [MultiTableRepo.events] Ensured table exists: split_verse_perf_test.events_0_9999
[2025-09-19 21:36:23.627] INFO  [MultiTableRepo.events] Ensured table exists: split_verse_perf_test.events_0_9999
[2025-09-19 21:36:23.629] INFO  [MultiTableRepo.events] Ensured table exists: split_verse_perf_test.events_0_9999
[2025-09-19 21:36:23.630] INFO  [MultiTableRepo.events] Ensured table exists: split_verse_perf_test.events_0_9999
[2025-09-19 21:36:23.639] INFO  [MultiTableRepo.events] Ensured table exists: split_verse_perf_test.events_0_9999
[2025-09-19 21:36:23.644] INFO  [MultiTableRepo.events] Ensured table exists: split_verse_perf_test.events_0_9999
[2025-09-19 21:36:23.646] INFO  [MultiTableRepo.events] Ensured table exists: split_verse_perf_test.events_0_9999
[2025-09-19 21:36:23.648] INFO  [MultiTableRepo.events] Ensured table exists: split_verse_perf_test.events_0_9999
[2025-09-19 21:36:23.655] INFO  [MultiTableRepo.events] Ensured table exists: split_verse_perf_test.events_0_9999
[2025-09-19 21:36:23.658] INFO  [MultiTableRepo.events] Ensured table exists: split_verse_perf_test.events_0_9999
[2025-09-19 21:36:23.662] INFO  [MultiTableRepo.events] Ensured table exists: split_verse_perf_test.events_0_9999
[2025-09-19 21:36:23.668] INFO  [MultiTableRepo.events] Ensured table exists: split_verse_perf_test.events_0_9999
[2025-09-19 21:36:23.673] INFO  [MultiTableRepo.events] Ensured table exists: split_verse_perf_test.events_0_9999
[2025-09-19 21:36:23.676] INFO  [MultiTableRepo.events] Ensured table exists: split_verse_perf_test.events_0_9999
[2025-09-19 21:36:23.678] INFO  [MultiTableRepo.events] Ensured table exists: split_verse_perf_test.events_0_9999
[2025-09-19 21:36:23.689] INFO  [MultiTableRepo.events] Ensured table exists: split_verse_perf_test.events_0_9999
[2025-09-19 21:36:23.693] INFO  [MultiTableRepo.events] Ensured table exists: split_verse_perf_test.events_0_9999
[2025-09-19 21:36:23.706] INFO  [MultiTableRepo.events] Ensured table exists: split_verse_perf_test.events_0_9999
[2025-09-19 21:36:23.709] INFO  [MultiTableRepo.events] Ensured table exists: split_verse_perf_test.events_0_9999
[2025-09-19 21:36:23.710] INFO  [MultiTableRepo.events] Ensured table exists: split_verse_perf_test.events_0_9999
[2025-09-19 21:36:23.713] INFO  [MultiTableRepo.events] Ensured table exists: split_verse_perf_test.events_0_9999
[2025-09-19 21:36:23.725] INFO  [MultiTableRepo.events] Ensured table exists: split_verse_perf_test.events_0_9999
[2025-09-19 21:36:23.729] INFO  [MultiTableRepo.events] Ensured table exists: split_verse_perf_test.events_0_9999
[2025-09-19 21:36:23.729] INFO  [MultiTableRepo.events] Ensured table exists: split_verse_perf_test.events_0_9999
[2025-09-19 21:36:23.743] INFO  [MultiTableRepo.events] Ensured table exists: split_verse_perf_test.events_0_9999
[2025-09-19 21:36:23.746] INFO  [MultiTableRepo.events] Ensured table exists: split_verse_perf_test.events_0_9999
[2025-09-19 21:36:23.747] INFO  [MultiTableRepo.events] Ensured table exists: split_verse_perf_test.events_0_9999
[2025-09-19 21:36:23.755] INFO  [MultiTableRepo.events] Ensured table exists: split_verse_perf_test.events_0_9999
[2025-09-19 21:36:23.760] INFO  [MultiTableRepo.events] Ensured table exists: split_verse_perf_test.events_0_9999
[2025-09-19 21:36:23.763] INFO  [MultiTableRepo.events] Ensured table exists: split_verse_perf_test.events_0_9999
[2025-09-19 21:36:23.766] INFO  [MultiTableRepo.events] Ensured table exists: split_verse_perf_test.events_0_9999
[2025-09-19 21:36:23.767] INFO  [MultiTableRepo.events] Ensured table exists: split_verse_perf_test.events_0_9999
[2025-09-19 21:36:23.768] INFO  [MultiTableRepo.events] Ensured table exists: split_verse_perf_test.events_0_9999
[2025-09-19 21:36:23.775] INFO  [MultiTableRepo.events] Ensured table exists: split_verse_perf_test.events_0_9999
[2025-09-19 21:36:23.780] INFO  [MultiTableRepo.events] Ensured table exists: split_verse_perf_test.events_0_9999
[2025-09-19 21:36:23.781] INFO  [MultiTableRepo.events] Ensured table exists: split_verse_perf_test.events_0_9999
[2025-09-19 21:36:23.782] INFO  [MultiTableRepo.events] Ensured table exists: split_verse_perf_test.events_0_9999
[2025-09-19 21:36:23.782] INFO  [MultiTableRepo.events] Ensured table exists: split_verse_perf_test.events_0_9999
[2025-09-19 21:36:23.788] INFO  [MultiTableRepo.events] Ensured table exists: split_verse_perf_test.events_0_9999
[2025-09-19 21:36:23.791] INFO  [MultiTableRepo.events] Ensured table exists: split_verse_perf_test.events_0_9999
[2025-09-19 21:36:23.799] INFO  [MultiTableRepo.events] Ensured table exists: split_verse_perf_test.events_0_9999
[2025-09-19 21:36:23.805] INFO  [MultiTableRepo.events] Ensured table exists: split_verse_perf_test.events_0_9999
[2025-09-19 21:36:23.807] INFO  [MultiTableRepo.events] Ensured table exists: split_verse_perf_test.events_0_9999
[2025-09-19 21:36:23.807] INFO  [MultiTableRepo.events] Ensured table exists: split_verse_perf_test.events_0_9999
[2025-09-19 21:36:23.815] INFO  [MultiTableRepo.events] Ensured table exists: split_verse_perf_test.events_0_9999
[2025-09-19 21:36:23.822] INFO  [MultiTableRepo.events] Ensured table exists: split_verse_perf_test.events_0_9999
[2025-09-19 21:36:23.825] INFO  [MultiTableRepo.events] Ensured table exists: split_verse_perf_test.events_0_9999
[2025-09-19 21:36:23.826] INFO  [MultiTableRepo.events] Ensured table exists: split_verse_perf_test.events_0_9999
[2025-09-19 21:36:23.828] INFO  [MultiTableRepo.events] Ensured table exists: split_verse_perf_test.events_0_9999
[2025-09-19 21:36:23.834] INFO  [MultiTableRepo.events] Ensured table exists: split_verse_perf_test.events_0_9999
[2025-09-19 21:36:23.838] INFO  [MultiTableRepo.events] Ensured table exists: split_verse_perf_test.events_0_9999
[2025-09-19 21:36:23.845] INFO  [MultiTableRepo.events] Ensured table exists: split_verse_perf_test.events_0_9999
[2025-09-19 21:36:23.848] INFO  [MultiTableRepo.events] Ensured table exists: split_verse_perf_test.events_0_9999
[2025-09-19 21:36:23.851] INFO  [MultiTableRepo.events] Ensured table exists: split_verse_perf_test.events_0_9999
[2025-09-19 21:36:23.858] INFO  [MultiTableRepo.events] Ensured table exists: split_verse_perf_test.events_0_9999
[2025-09-19 21:36:23.862] INFO  [MultiTableRepo.events] Ensured table exists: split_verse_perf_test.events_0_9999
[2025-09-19 21:36:23.865] INFO  [MultiTableRepo.events] Ensured table exists: split_verse_perf_test.events_0_9999
[2025-09-19 21:36:23.866] INFO  [MultiTableRepo.events] Ensured table exists: split_verse_perf_test.events_0_9999
[2025-09-19 21:36:23.870] INFO  [MultiTableRepo.events] Ensured table exists: split_verse_perf_test.events_0_9999
[2025-09-19 21:36:23.872] INFO  [MultiTableRepo.events] Ensured table exists: split_verse_perf_test.events_0_9999
[2025-09-19 21:36:23.875] INFO  [MultiTableRepo.events] Ensured table exists: split_verse_perf_test.events_0_9999
[2025-09-19 21:36:23.877] INFO  [MultiTableRepo.events] Ensured table exists: split_verse_perf_test.events_0_9999
[2025-09-19 21:36:23.881] INFO  [MultiTableRepo.events] Ensured table exists: split_verse_perf_test.events_0_9999
[2025-09-19 21:36:23.886] INFO  [MultiTableRepo.events] Ensured table exists: split_verse_perf_test.events_0_9999
[2025-09-19 21:36:23.887] INFO  [MultiTableRepo.events] Ensured table exists: split_verse_perf_test.events_0_9999
[2025-09-19 21:36:23.890] INFO  [MultiTableRepo.events] Ensured table exists: split_verse_perf_test.events_0_9999
[2025-09-19 21:36:23.896] INFO  [MultiTableRepo.events] Ensured table exists: split_verse_perf_test.events_0_9999
[2025-09-19 21:36:23.896] INFO  [MultiTableRepo.events] Ensured table exists: split_verse_perf_test.events_0_9999
[2025-09-19 21:36:23.906] INFO  [MultiTableRepo.events] Ensured table exists: split_verse_perf_test.events_0_9999
[2025-09-19 21:36:23.906] INFO  [MultiTableRepo.events] Ensured table exists: split_verse_perf_test.events_0_9999
[2025-09-19 21:36:23.906] INFO  [MultiTableRepo.events] Ensured table exists: split_verse_perf_test.events_0_9999
[2025-09-19 21:36:23.908] INFO  [MultiTableRepo.events] Ensured table exists: split_verse_perf_test.events_0_9999
[2025-09-19 21:36:23.914] INFO  [MultiTableRepo.events] Ensured table exists: split_verse_perf_test.events_0_9999
[2025-09-19 21:36:23.925] INFO  [MultiTableRepo.events] Ensured table exists: split_verse_perf_test.events_0_9999
[2025-09-19 21:36:23.926] INFO  [MultiTableRepo.events] Ensured table exists: split_verse_perf_test.events_0_9999
[2025-09-19 21:36:23.932] INFO  [MultiTableRepo.events] Ensured table exists: split_verse_perf_test.events_0_9999
[2025-09-19 21:36:23.932] INFO  [MultiTableRepo.events] Ensured table exists: split_verse_perf_test.events_0_9999
[2025-09-19 21:36:23.933] INFO  [MultiTableRepo.events] Ensured table exists: split_verse_perf_test.events_0_9999
[2025-09-19 21:36:23.937] INFO  [MultiTableRepo.events] Ensured table exists: split_verse_perf_test.events_0_9999
[2025-09-19 21:36:23.940] INFO  [MultiTableRepo.events] Ensured table exists: split_verse_perf_test.events_0_9999
[2025-09-19 21:36:23.946] INFO  [MultiTableRepo.events] Ensured table exists: split_verse_perf_test.events_0_9999
[2025-09-19 21:36:23.947] INFO  [MultiTableRepo.events] Ensured table exists: split_verse_perf_test.events_0_9999
[2025-09-19 21:36:23.953] INFO  [MultiTableRepo.events] Ensured table exists: split_verse_perf_test.events_0_9999
[2025-09-19 21:36:23.956] INFO  [MultiTableRepo.events] Ensured table exists: split_verse_perf_test.events_0_9999
[2025-09-19 21:36:23.960] INFO  [MultiTableRepo.events] Ensured table exists: split_verse_perf_test.events_0_9999
[2025-09-19 21:36:23.960] INFO  [MultiTableRepo.events] Ensured table exists: split_verse_perf_test.events_0_9999
[2025-09-19 21:36:23.968] INFO  [MultiTableRepo.events] Ensured table exists: split_verse_perf_test.events_0_9999
[2025-09-19 21:36:23.974] INFO  [MultiTableRepo.events] Ensured table exists: split_verse_perf_test.events_0_9999
[2025-09-19 21:36:23.973] INFO  [MultiTableRepo.events] Ensured table exists: split_verse_perf_test.events_0_9999
[2025-09-19 21:36:23.979] INFO  [MultiTableRepo.events] Ensured table exists: split_verse_perf_test.events_0_9999
[2025-09-19 21:36:23.982] INFO  [MultiTableRepo.events] Ensured table exists: split_verse_perf_test.events_0_9999
[2025-09-19 21:36:23.990] INFO  [MultiTableRepo.events] Ensured table exists: split_verse_perf_test.events_0_9999
[2025-09-19 21:36:23.991] INFO  [MultiTableRepo.events] Ensured table exists: split_verse_perf_test.events_0_9999
[2025-09-19 21:36:23.995] INFO  [MultiTableRepo.events] Ensured table exists: split_verse_perf_test.events_0_9999
[2025-09-19 21:36:23.996] INFO  [MultiTableRepo.events] Ensured table exists: split_verse_perf_test.events_0_9999
[2025-09-19 21:36:23.999] INFO  [MultiTableRepo.events] Ensured table exists: split_verse_perf_test.events_0_9999
[2025-09-19 21:36:24.001] INFO  [MultiTableRepo.events] Ensured table exists: split_verse_perf_test.events_0_9999
[2025-09-19 21:36:24.002] INFO  [MultiTableRepo.events] Ensured table exists: split_verse_perf_test.events_0_9999
[2025-09-19 21:36:24.007] INFO  [MultiTableRepo.events] Ensured table exists: split_verse_perf_test.events_0_9999
[2025-09-19 21:36:24.010] INFO  [MultiTableRepo.events] Ensured table exists: split_verse_perf_test.events_0_9999
[2025-09-19 21:36:24.011] INFO  [MultiTableRepo.events] Ensured table exists: split_verse_perf_test.events_0_9999
[2025-09-19 21:36:24.014] INFO  [MultiTableRepo.events] Ensured table exists: split_verse_perf_test.events_0_9999
[2025-09-19 21:36:24.020] INFO  [MultiTableRepo.events] Ensured table exists: split_verse_perf_test.events_0_9999
[2025-09-19 21:36:24.020] INFO  [MultiTableRepo.events] Ensured table exists: split_verse_perf_test.events_0_9999
[2025-09-19 21:36:24.022] INFO  [MultiTableRepo.events] Ensured table exists: split_verse_perf_test.events_0_9999
[2025-09-19 21:36:24.030] INFO  [MultiTableRepo.events] Ensured table exists: split_verse_perf_test.events_0_9999
[2025-09-19 21:36:24.038] INFO  [MultiTableRepo.events] Ensured table exists: split_verse_perf_test.events_0_9999
[2025-09-19 21:36:24.039] INFO  [MultiTableRepo.events] Ensured table exists: split_verse_perf_test.events_0_9999
[2025-09-19 21:36:24.046] INFO  [MultiTableRepo.events] Ensured table exists: split_verse_perf_test.events_0_9999
[2025-09-19 21:36:24.047] INFO  [MultiTableRepo.events] Ensured table exists: split_verse_perf_test.events_0_9999
[2025-09-19 21:36:24.050] INFO  [MultiTableRepo.events] Ensured table exists: split_verse_perf_test.events_0_9999
[2025-09-19 21:36:24.057] INFO  [MultiTableRepo.events] Ensured table exists: split_verse_perf_test.events_0_9999
[2025-09-19 21:36:24.062] INFO  [MultiTableRepo.events] Ensured table exists: split_verse_perf_test.events_0_9999
[2025-09-19 21:36:24.070] INFO  [MultiTableRepo.events] Ensured table exists: split_verse_perf_test.events_0_9999
[2025-09-19 21:36:24.071] INFO  [MultiTableRepo.events] Ensured table exists: split_verse_perf_test.events_0_9999
[2025-09-19 21:36:24.095] INFO  [MultiTableRepo.events] Ensured table exists: split_verse_perf_test.events_0_9999
[2025-09-19 21:36:24.097] INFO  [MultiTableRepo.events] Ensured table exists: split_verse_perf_test.events_0_9999
[2025-09-19 21:36:24.097] INFO  [MultiTableRepo.events] Ensured table exists: split_verse_perf_test.events_0_9999
[2025-09-19 21:36:24.098] INFO  [MultiTableRepo.events] Ensured table exists: split_verse_perf_test.events_0_9999
[2025-09-19 21:36:24.110] INFO  [MultiTableRepo.events] Ensured table exists: split_verse_perf_test.events_0_9999
[2025-09-19 21:36:24.113] INFO  [MultiTableRepo.events] Ensured table exists: split_verse_perf_test.events_0_9999
[2025-09-19 21:36:24.114] INFO  [MultiTableRepo.events] Ensured table exists: split_verse_perf_test.events_0_9999
[2025-09-19 21:36:24.142] INFO  [MultiTableRepo.events] Ensured table exists: split_verse_perf_test.events_0_9999
[2025-09-19 21:36:24.144] INFO  [MultiTableRepo.events] Ensured table exists: split_verse_perf_test.events_0_9999
[2025-09-19 21:36:24.145] INFO  [MultiTableRepo.events] Ensured table exists: split_verse_perf_test.events_0_9999
[2025-09-19 21:36:24.195] INFO  [MultiTableRepo.events] Ensured table exists: split_verse_perf_test.events_0_9999
[2025-09-19 21:36:24.197] INFO  [MultiTableRepo.events] Ensured table exists: split_verse_perf_test.events_0_9999
[2025-09-19 21:36:24.197] INFO  [MultiTableRepo.events] Ensured table exists: split_verse_perf_test.events_0_9999
[2025-09-19 21:36:24.211] INFO  [MultiTableRepo.events] Ensured table exists: split_verse_perf_test.events_0_9999
[2025-09-19 21:36:24.216] INFO  [MultiTableRepo.events] Ensured table exists: split_verse_perf_test.events_0_9999
[2025-09-19 21:36:24.220] INFO  [MultiTableRepo.events] Ensured table exists: split_verse_perf_test.events_0_9999
[2025-09-19 21:36:24.228] INFO  [MultiTableRepo.events] Ensured table exists: split_verse_perf_test.events_0_9999
[2025-09-19 21:36:24.230] INFO  [MultiTableRepo.events] Ensured table exists: split_verse_perf_test.events_0_9999
[2025-09-19 21:36:24.236] INFO  [MultiTableRepo.events] Ensured table exists: split_verse_perf_test.events_0_9999
[2025-09-19 21:36:24.253] INFO  [MultiTableRepo.events] Ensured table exists: split_verse_perf_test.events_0_9999
[2025-09-19 21:36:24.259] INFO  [MultiTableRepo.events] Ensured table exists: split_verse_perf_test.events_0_9999
[2025-09-19 21:36:24.259] INFO  [MultiTableRepo.events] Ensured table exists: split_verse_perf_test.events_0_9999
[2025-09-19 21:36:24.261] INFO  [MultiTableRepo.events] Ensured table exists: split_verse_perf_test.events_0_9999
[2025-09-19 21:36:24.272] INFO  [MultiTableRepo.events] Ensured table exists: split_verse_perf_test.events_0_9999
[2025-09-19 21:36:24.276] INFO  [MultiTableRepo.events] Ensured table exists: split_verse_perf_test.events_0_9999
[2025-09-19 21:36:24.277] INFO  [MultiTableRepo.events] Ensured table exists: split_verse_perf_test.events_0_9999
[2025-09-19 21:36:24.280] INFO  [MultiTableRepo.events] Ensured table exists: split_verse_perf_test.events_0_9999
[2025-09-19 21:36:24.293] INFO  [MultiTableRepo.events] Ensured table exists: split_verse_perf_test.events_0_9999
[2025-09-19 21:36:24.293] INFO  [MultiTableRepo.events] Ensured table exists: split_verse_perf_test.events_0_9999
[2025-09-19 21:36:24.297] INFO  [MultiTableRepo.events] Ensured table exists: split_verse_perf_test.events_0_9999
[2025-09-19 21:36:24.298] INFO  [MultiTableRepo.events] Ensured table exists: split_verse_perf_test.events_0_9999
[2025-09-19 21:36:24.310] INFO  [MultiTableRepo.events] Ensured table exists: split_verse_perf_test.events_0_9999
[2025-09-19 21:36:24.312] INFO  [MultiTableRepo.events] Ensured table exists: split_verse_perf_test.events_0_9999
[2025-09-19 21:36:24.313] INFO  [MultiTableRepo.events] Ensured table exists: split_verse_perf_test.events_0_9999
[2025-09-19 21:36:24.318] INFO  [MultiTableRepo.events] Ensured table exists: split_verse_perf_test.events_0_9999
[2025-09-19 21:36:24.321] INFO  [MultiTableRepo.events] Ensured table exists: split_verse_perf_test.events_0_9999
[2025-09-19 21:36:24.334] INFO  [MultiTableRepo.events] Ensured table exists: split_verse_perf_test.events_0_9999
[2025-09-19 21:36:24.335] INFO  [MultiTableRepo.events] Ensured table exists: split_verse_perf_test.events_0_9999
[2025-09-19 21:36:24.338] INFO  [MultiTableRepo.events] Ensured table exists: split_verse_perf_test.events_0_9999
[2025-09-19 21:36:24.340] INFO  [MultiTableRepo.events] Ensured table exists: split_verse_perf_test.events_0_9999
[2025-09-19 21:36:24.341] INFO  [MultiTableRepo.events] Ensured table exists: split_verse_perf_test.events_0_9999
[2025-09-19 21:36:24.348] INFO  [MultiTableRepo.events] Ensured table exists: split_verse_perf_test.events_0_9999
[2025-09-19 21:36:24.354] INFO  [MultiTableRepo.events] Ensured table exists: split_verse_perf_test.events_0_9999
[2025-09-19 21:36:24.355] INFO  [MultiTableRepo.events] Ensured table exists: split_verse_perf_test.events_0_9999
[2025-09-19 21:36:24.359] INFO  [MultiTableRepo.events] Ensured table exists: split_verse_perf_test.events_0_9999
[2025-09-19 21:36:24.367] INFO  [MultiTableRepo.events] Ensured table exists: split_verse_perf_test.events_0_9999
[2025-09-19 21:36:24.367] INFO  [MultiTableRepo.events] Ensured table exists: split_verse_perf_test.events_0_9999
[2025-09-19 21:36:24.374] INFO  [MultiTableRepo.events] Ensured table exists: split_verse_perf_test.events_0_9999
[2025-09-19 21:36:24.374] INFO  [MultiTableRepo.events] Ensured table exists: split_verse_perf_test.events_0_9999
[2025-09-19 21:36:24.378] INFO  [MultiTableRepo.events] Ensured table exists: split_verse_perf_test.events_0_9999
[2025-09-19 21:36:24.384] INFO  [MultiTableRepo.events] Ensured table exists: split_verse_perf_test.events_0_9999
[2025-09-19 21:36:24.388] INFO  [MultiTableRepo.events] Ensured table exists: split_verse_perf_test.events_0_9999
[2025-09-19 21:36:24.392] INFO  [MultiTableRepo.events] Ensured table exists: split_verse_perf_test.events_0_9999
[2025-09-19 21:36:24.394] INFO  [MultiTableRepo.events] Ensured table exists: split_verse_perf_test.events_0_9999
[2025-09-19 21:36:24.400] INFO  [MultiTableRepo.events] Ensured table exists: split_verse_perf_test.events_0_9999
[2025-09-19 21:36:24.403] INFO  [MultiTableRepo.events] Ensured table exists: split_verse_perf_test.events_0_9999
[2025-09-19 21:36:24.406] INFO  [MultiTableRepo.events] Ensured table exists: split_verse_perf_test.events_0_9999
[2025-09-19 21:36:24.411] INFO  [MultiTableRepo.events] Ensured table exists: split_verse_perf_test.events_0_9999
[2025-09-19 21:36:24.411] INFO  [MultiTableRepo.events] Ensured table exists: split_verse_perf_test.events_0_9999
[2025-09-19 21:36:24.413] INFO  [MultiTableRepo.events] Ensured table exists: split_verse_perf_test.events_0_9999
[2025-09-19 21:36:24.420] INFO  [MultiTableRepo.events] Ensured table exists: split_verse_perf_test.events_0_9999
[2025-09-19 21:36:24.425] INFO  [MultiTableRepo.events] Ensured table exists: split_verse_perf_test.events_0_9999
[2025-09-19 21:36:24.425] INFO  [MultiTableRepo.events] Ensured table exists: split_verse_perf_test.events_0_9999
[2025-09-19 21:36:24.425] INFO  [MultiTableRepo.events] Ensured table exists: split_verse_perf_test.events_0_9999
[2025-09-19 21:36:24.426] INFO  [MultiTableRepo.events] Ensured table exists: split_verse_perf_test.events_0_9999
[2025-09-19 21:36:24.432] INFO  [MultiTableRepo.events] Ensured table exists: split_verse_perf_test.events_0_9999
[2025-09-19 21:36:24.437] INFO  [MultiTableRepo.events] Ensured table exists: split_verse_perf_test.events_0_9999
[2025-09-19 21:36:24.438] INFO  [MultiTableRepo.events] Ensured table exists: split_verse_perf_test.events_0_9999
[2025-09-19 21:36:24.443] INFO  [MultiTableRepo.events] Ensured table exists: split_verse_perf_test.events_0_9999
[2025-09-19 21:36:24.451] INFO  [MultiTableRepo.events] Ensured table exists: split_verse_perf_test.events_0_9999
[2025-09-19 21:36:24.452] INFO  [MultiTableRepo.events] Ensured table exists: split_verse_perf_test.events_0_9999
[2025-09-19 21:36:24.453] INFO  [MultiTableRepo.events] Ensured table exists: split_verse_perf_test.events_0_9999
[2025-09-19 21:36:24.460] INFO  [MultiTableRepo.events] Ensured table exists: split_verse_perf_test.events_0_9999
[2025-09-19 21:36:24.464] INFO  [MultiTableRepo.events] Ensured table exists: split_verse_perf_test.events_0_9999
[2025-09-19 21:36:24.468] INFO  [MultiTableRepo.events] Ensured table exists: split_verse_perf_test.events_0_9999
[2025-09-19 21:36:24.475] INFO  [MultiTableRepo.events] Ensured table exists: split_verse_perf_test.events_0_9999
[2025-09-19 21:36:24.476] INFO  [MultiTableRepo.events] Ensured table exists: split_verse_perf_test.events_0_9999
[2025-09-19 21:36:24.484] INFO  [MultiTableRepo.events] Ensured table exists: split_verse_perf_test.events_0_9999
[2025-09-19 21:36:24.486] INFO  [MultiTableRepo.events] Ensured table exists: split_verse_perf_test.events_0_9999
[2025-09-19 21:36:24.492] INFO  [MultiTableRepo.events] Ensured table exists: split_verse_perf_test.events_0_9999
[2025-09-19 21:36:24.492] INFO  [MultiTableRepo.events] Ensured table exists: split_verse_perf_test.events_0_9999
[2025-09-19 21:36:24.500] INFO  [MultiTableRepo.events] Ensured table exists: split_verse_perf_test.events_0_9999
[2025-09-19 21:36:24.502] INFO  [MultiTableRepo.events] Ensured table exists: split_verse_perf_test.events_0_9999
[2025-09-19 21:36:24.505] INFO  [MultiTableRepo.events] Ensured table exists: split_verse_perf_test.events_0_9999
[2025-09-19 21:36:24.509] INFO  [MultiTableRepo.events] Ensured table exists: split_verse_perf_test.events_0_9999
[2025-09-19 21:36:24.519] INFO  [MultiTableRepo.events] Ensured table exists: split_verse_perf_test.events_0_9999
[2025-09-19 21:36:24.521] INFO  [MultiTableRepo.events] Ensured table exists: split_verse_perf_test.events_0_9999
[2025-09-19 21:36:24.521] INFO  [MultiTableRepo.events] Ensured table exists: split_verse_perf_test.events_0_9999
[2025-09-19 21:36:24.546] INFO  [MultiTableRepo.events] Ensured table exists: split_verse_perf_test.events_0_9999
[2025-09-19 21:36:24.551] INFO  [MultiTableRepo.events] Ensured table exists: split_verse_perf_test.events_0_9999
[2025-09-19 21:36:24.554] INFO  [MultiTableRepo.events] Ensured table exists: split_verse_perf_test.events_0_9999
[2025-09-19 21:36:24.556] INFO  [MultiTableRepo.events] Ensured table exists: split_verse_perf_test.events_0_9999
[2025-09-19 21:36:24.567] INFO  [MultiTableRepo.events] Ensured table exists: split_verse_perf_test.events_0_9999
[2025-09-19 21:36:24.573] INFO  [MultiTableRepo.events] Ensured table exists: split_verse_perf_test.events_0_9999
[2025-09-19 21:36:24.574] INFO  [MultiTableRepo.events] Ensured table exists: split_verse_perf_test.events_0_9999
[2025-09-19 21:36:24.578] INFO  [MultiTableRepo.events] Ensured table exists: split_verse_perf_test.events_0_9999
[2025-09-19 21:36:24.583] INFO  [MultiTableRepo.events] Ensured table exists: split_verse_perf_test.events_0_9999
[2025-09-19 21:36:24.590] INFO  [MultiTableRepo.events] Ensured table exists: split_verse_perf_test.events_0_9999
[2025-09-19 21:36:24.591] INFO  [MultiTableRepo.events] Ensured table exists: split_verse_perf_test.events_0_9999
[2025-09-19 21:36:24.593] INFO  [MultiTableRepo.events] Ensured table exists: split_verse_perf_test.events_0_9999
[2025-09-19 21:36:24.598] INFO  [MultiTableRepo.events] Ensured table exists: split_verse_perf_test.events_0_9999
[2025-09-19 21:36:24.604] INFO  [MultiTableRepo.events] Ensured table exists: split_verse_perf_test.events_0_9999
[2025-09-19 21:36:24.608] INFO  [MultiTableRepo.events] Ensured table exists: split_verse_perf_test.events_0_9999
[2025-09-19 21:36:24.610] INFO  [MultiTableRepo.events] Ensured table exists: split_verse_perf_test.events_0_9999
[2025-09-19 21:36:24.614] INFO  [MultiTableRepo.events] Ensured table exists: split_verse_perf_test.events_0_9999
[2025-09-19 21:36:24.618] INFO  [MultiTableRepo.events] Ensured table exists: split_verse_perf_test.events_0_9999
[2025-09-19 21:36:24.622] INFO  [MultiTableRepo.events] Ensured table exists: split_verse_perf_test.events_0_9999
[2025-09-19 21:36:24.628] INFO  [MultiTableRepo.events] Ensured table exists: split_verse_perf_test.events_0_9999
[2025-09-19 21:36:24.634] INFO  [MultiTableRepo.events] Ensured table exists: split_verse_perf_test.events_0_9999
[2025-09-19 21:36:24.641] INFO  [MultiTableRepo.events] Ensured table exists: split_verse_perf_test.events_0_9999
[2025-09-19 21:36:24.642] INFO  [MultiTableRepo.events] Ensured table exists: split_verse_perf_test.events_0_9999
[2025-09-19 21:36:24.646] INFO  [MultiTableRepo.events] Ensured table exists: split_verse_perf_test.events_0_9999
[2025-09-19 21:36:24.655] INFO  [MultiTableRepo.events] Ensured table exists: split_verse_perf_test.events_0_9999
[2025-09-19 21:36:24.659] INFO  [MultiTableRepo.events] Ensured table exists: split_verse_perf_test.events_0_9999
[2025-09-19 21:36:24.660] INFO  [MultiTableRepo.events] Ensured table exists: split_verse_perf_test.events_0_9999
[2025-09-19 21:36:24.661] INFO  [MultiTableRepo.events] Ensured table exists: split_verse_perf_test.events_0_9999
[2025-09-19 21:36:24.671] INFO  [MultiTableRepo.events] Ensured table exists: split_verse_perf_test.events_0_9999
[2025-09-19 21:36:24.677] INFO  [MultiTableRepo.events] Ensured table exists: split_verse_perf_test.events_0_9999
[2025-09-19 21:36:24.677] INFO  [MultiTableRepo.events] Ensured table exists: split_verse_perf_test.events_0_9999
[2025-09-19 21:36:24.684] INFO  [MultiTableRepo.events] Ensured table exists: split_verse_perf_test.events_0_9999
[2025-09-19 21:36:24.691] INFO  [MultiTableRepo.events] Ensured table exists: split_verse_perf_test.events_0_9999
[2025-09-19 21:36:24.691] INFO  [MultiTableRepo.events] Ensured table exists: split_verse_perf_test.events_0_9999
[2025-09-19 21:36:24.698] INFO  [MultiTableRepo.events] Ensured table exists: split_verse_perf_test.events_0_9999
[2025-09-19 21:36:24.699] INFO  [MultiTableRepo.events] Ensured table exists: split_verse_perf_test.events_0_9999
[2025-09-19 21:36:24.704] INFO  [MultiTableRepo.events] Ensured table exists: split_verse_perf_test.events_0_9999
[2025-09-19 21:36:24.709] INFO  [MultiTableRepo.events] Ensured table exists: split_verse_perf_test.events_0_9999
[2025-09-19 21:36:24.715] INFO  [MultiTableRepo.events] Ensured table exists: split_verse_perf_test.events_0_9999
[2025-09-19 21:36:24.721] INFO  [MultiTableRepo.events] Ensured table exists: split_verse_perf_test.events_0_9999
[2025-09-19 21:36:24.726] INFO  [MultiTableRepo.events] Ensured table exists: split_verse_perf_test.events_0_9999
[2025-09-19 21:36:24.729] INFO  [MultiTableRepo.events] Ensured table exists: split_verse_perf_test.events_0_9999
[2025-09-19 21:36:24.730] INFO  [MultiTableRepo.events] Ensured table exists: split_verse_perf_test.events_0_9999
[2025-09-19 21:36:24.735] INFO  [MultiTableRepo.events] Ensured table exists: split_verse_perf_test.events_0_9999
[2025-09-19 21:36:24.740] INFO  [MultiTableRepo.events] Ensured table exists: split_verse_perf_test.events_0_9999
[2025-09-19 21:36:24.745] INFO  [MultiTableRepo.events] Ensured table exists: split_verse_perf_test.events_0_9999
[2025-09-19 21:36:24.746] INFO  [MultiTableRepo.events] Ensured table exists: split_verse_perf_test.events_0_9999
[2025-09-19 21:36:24.749] INFO  [MultiTableRepo.events] Ensured table exists: split_verse_perf_test.events_0_9999
[2025-09-19 21:36:24.754] INFO  [MultiTableRepo.events] Ensured table exists: split_verse_perf_test.events_0_9999
[2025-09-19 21:36:24.755] INFO  [MultiTableRepo.events] Ensured table exists: split_verse_perf_test.events_0_9999
[2025-09-19 21:36:24.756] INFO  [MultiTableRepo.events] Ensured table exists: split_verse_perf_test.events_0_9999
[2025-09-19 21:36:24.760] INFO  [MultiTableRepo.events] Ensured table exists: split_verse_perf_test.events_0_9999
[2025-09-19 21:36:24.761] INFO  [MultiTableRepo.events] Ensured table exists: split_verse_perf_test.events_0_9999
[2025-09-19 21:36:24.762] INFO  [MultiTableRepo.events] Ensured table exists: split_verse_perf_test.events_0_9999
[2025-09-19 21:36:24.764] INFO  [MultiTableRepo.events] Ensured table exists: split_verse_perf_test.events_0_9999
[2025-09-19 21:36:24.765] INFO  [MultiTableRepo.events] Ensured table exists: split_verse_perf_test.events_0_9999
[2025-09-19 21:36:24.765] INFO  [MultiTableRepo.events] Ensured table exists: split_verse_perf_test.events_0_9999
[2025-09-19 21:36:24.776] INFO  [MultiTableRepo.events] Ensured table exists: split_verse_perf_test.events_0_9999
[2025-09-19 21:36:24.776] INFO  [MultiTableRepo.events] Ensured table exists: split_verse_perf_test.events_0_9999
[2025-09-19 21:36:24.777] INFO  [MultiTableRepo.events] Ensured table exists: split_verse_perf_test.events_0_9999
[2025-09-19 21:36:24.778] INFO  [MultiTableRepo.events] Ensured table exists: split_verse_perf_test.events_0_9999
[2025-09-19 21:36:24.781] INFO  [MultiTableRepo.events] Ensured table exists: split_verse_perf_test.events_0_9999
[2025-09-19 21:36:24.787] INFO  [MultiTableRepo.events] Ensured table exists: split_verse_perf_test.events_0_9999
[2025-09-19 21:36:24.790] INFO  [MultiTableRepo.events] Ensured table exists: split_verse_perf_test.events_0_9999
[2025-09-19 21:36:24.791] INFO  [MultiTableRepo.events] Ensured table exists: split_verse_perf_test.events_0_9999
[2025-09-19 21:36:24.793] INFO  [MultiTableRepo.events] Ensured table exists: split_verse_perf_test.events_0_9999
[2025-09-19 21:36:24.796] INFO  [MultiTableRepo.events] Ensured table exists: split_verse_perf_test.events_0_9999
[2025-09-19 21:36:24.797] INFO  [MultiTableRepo.events] Ensured table exists: split_verse_perf_test.events_0_9999
[2025-09-19 21:36:24.801] INFO  [MultiTableRepo.events] Ensured table exists: split_verse_perf_test.events_0_9999
[2025-09-19 21:36:24.804] INFO  [MultiTableRepo.events] Ensured table exists: split_verse_perf_test.events_0_9999
[2025-09-19 21:36:24.805] INFO  [MultiTableRepo.events] Ensured table exists: split_verse_perf_test.events_0_9999
[2025-09-19 21:36:24.807] INFO  [MultiTableRepo.events] Ensured table exists: split_verse_perf_test.events_0_9999
[2025-09-19 21:36:24.811] INFO  [MultiTableRepo.events] Ensured table exists: split_verse_perf_test.events_0_9999
[2025-09-19 21:36:24.813] INFO  [MultiTableRepo.events] Ensured table exists: split_verse_perf_test.events_0_9999
[2025-09-19 21:36:24.813] INFO  [MultiTableRepo.events] Ensured table exists: split_verse_perf_test.events_0_9999
[2025-09-19 21:36:24.817] INFO  [MultiTableRepo.events] Ensured table exists: split_verse_perf_test.events_0_9999
[2025-09-19 21:36:24.818] INFO  [MultiTableRepo.events] Ensured table exists: split_verse_perf_test.events_0_9999
[2025-09-19 21:36:24.820] INFO  [MultiTableRepo.events] Ensured table exists: split_verse_perf_test.events_0_9999
[2025-09-19 21:36:24.830] INFO  [MultiTableRepo.events] Ensured table exists: split_verse_perf_test.events_0_9999
[2025-09-19 21:36:24.831] INFO  [MultiTableRepo.events] Ensured table exists: split_verse_perf_test.events_0_9999
[2025-09-19 21:36:24.839] INFO  [MultiTableRepo.events] Ensured table exists: split_verse_perf_test.events_0_9999
[2025-09-19 21:36:24.840] INFO  [MultiTableRepo.events] Ensured table exists: split_verse_perf_test.events_0_9999
[2025-09-19 21:36:24.844] INFO  [MultiTableRepo.events] Ensured table exists: split_verse_perf_test.events_0_9999
[2025-09-19 21:36:24.851] INFO  [MultiTableRepo.events] Ensured table exists: split_verse_perf_test.events_0_9999
[2025-09-19 21:36:24.857] INFO  [MultiTableRepo.events] Ensured table exists: split_verse_perf_test.events_0_9999
[2025-09-19 21:36:24.860] INFO  [MultiTableRepo.events] Ensured table exists: split_verse_perf_test.events_0_9999
[2025-09-19 21:36:24.866] INFO  [MultiTableRepo.events] Ensured table exists: split_verse_perf_test.events_0_9999
[2025-09-19 21:36:24.873] INFO  [MultiTableRepo.events] Ensured table exists: split_verse_perf_test.events_0_9999
[2025-09-19 21:36:24.880] INFO  [MultiTableRepo.events] Ensured table exists: split_verse_perf_test.events_0_9999
[2025-09-19 21:36:24.880] INFO  [MultiTableRepo.events] Ensured table exists: split_verse_perf_test.events_0_9999
[2025-09-19 21:36:24.882] INFO  [MultiTableRepo.events] Ensured table exists: split_verse_perf_test.events_0_9999
[2025-09-19 21:36:24.892] INFO  [MultiTableRepo.events] Ensured table exists: split_verse_perf_test.events_0_9999
[2025-09-19 21:36:24.896] INFO  [MultiTableRepo.events] Ensured table exists: split_verse_perf_test.events_0_9999
[2025-09-19 21:36:24.897] INFO  [MultiTableRepo.events] Ensured table exists: split_verse_perf_test.events_0_9999
[2025-09-19 21:36:24.904] INFO  [MultiTableRepo.events] Ensured table exists: split_verse_perf_test.events_0_9999
[2025-09-19 21:36:24.907] INFO  [MultiTableRepo.events] Ensured table exists: split_verse_perf_test.events_0_9999
[2025-09-19 21:36:24.908] INFO  [MultiTableRepo.events] Ensured table exists: split_verse_perf_test.events_0_9999
[2025-09-19 21:36:24.909] INFO  [MultiTableRepo.events] Ensured table exists: split_verse_perf_test.events_0_9999
[2025-09-19 21:36:24.914] INFO  [MultiTableRepo.events] Ensured table exists: split_verse_perf_test.events_0_9999
[2025-09-19 21:36:24.918] INFO  [MultiTableRepo.events] Ensured table exists: split_verse_perf_test.events_0_9999
[2025-09-19 21:36:24.920] INFO  [MultiTableRepo.events] Ensured table exists: split_verse_perf_test.events_0_9999
[2025-09-19 21:36:24.921] INFO  [MultiTableRepo.events] Ensured table exists: split_verse_perf_test.events_0_9999
[2025-09-19 21:36:24.925] INFO  [MultiTableRepo.events] Ensured table exists: split_verse_perf_test.events_0_9999
[2025-09-19 21:36:24.929] INFO  [MultiTableRepo.events] Ensured table exists: split_verse_perf_test.events_0_9999
[2025-09-19 21:36:24.933] INFO  [MultiTableRepo.events] Ensured table exists: split_verse_perf_test.events_0_9999
[2025-09-19 21:36:24.936] INFO  [MultiTableRepo.events] Ensured table exists: split_verse_perf_test.events_0_9999
[2025-09-19 21:36:24.939] INFO  [MultiTableRepo.events] Ensured table exists: split_verse_perf_test.events_0_9999
[2025-09-19 21:36:24.943] INFO  [MultiTableRepo.events] Ensured table exists: split_verse_perf_test.events_0_9999
[2025-09-19 21:36:24.943] INFO  [MultiTableRepo.events] Ensured table exists: split_verse_perf_test.events_0_9999
[2025-09-19 21:36:24.947] INFO  [MultiTableRepo.events] Ensured table exists: split_verse_perf_test.events_0_9999
[2025-09-19 21:36:24.951] INFO  [MultiTableRepo.events] Ensured table exists: split_verse_perf_test.events_0_9999
[2025-09-19 21:36:24.955] INFO  [MultiTableRepo.events] Ensured table exists: split_verse_perf_test.events_0_9999
[2025-09-19 21:36:24.962] INFO  [MultiTableRepo.events] Ensured table exists: split_verse_perf_test.events_0_9999
[2025-09-19 21:36:24.963] INFO  [MultiTableRepo.events] Ensured table exists: split_verse_perf_test.events_0_9999
[2025-09-19 21:36:24.963] INFO  [MultiTableRepo.events] Ensured table exists: split_verse_perf_test.events_0_9999
[2025-09-19 21:36:24.968] INFO  [MultiTableRepo.events] Ensured table exists: split_verse_perf_test.events_0_9999
[2025-09-19 21:36:24.971] INFO  [MultiTableRepo.events] Ensured table exists: split_verse_perf_test.events_0_9999
[2025-09-19 21:36:24.971] INFO  [MultiTableRepo.events] Ensured table exists: split_verse_perf_test.events_0_9999
[2025-09-19 21:36:24.978] INFO  [MultiTableRepo.events] Ensured table exists: split_verse_perf_test.events_0_9999
[2025-09-19 21:36:24.983] INFO  [MultiTableRepo.events] Ensured table exists: split_verse_perf_test.events_0_9999
[2025-09-19 21:36:24.983] INFO  [MultiTableRepo.events] Ensured table exists: split_verse_perf_test.events_0_9999
[2025-09-19 21:36:24.984] INFO  [MultiTableRepo.events] Ensured table exists: split_verse_perf_test.events_0_9999
[2025-09-19 21:36:24.989] INFO  [MultiTableRepo.events] Ensured table exists: split_verse_perf_test.events_0_9999
[2025-09-19 21:36:25.000] INFO  [MultiTableRepo.events] Ensured table exists: split_verse_perf_test.events_0_9999
[2025-09-19 21:36:25.000] INFO  [MultiTableRepo.events] Ensured table exists: split_verse_perf_test.events_0_9999
[2025-09-19 21:36:25.012] INFO  [MultiTableRepo.events] Ensured table exists: split_verse_perf_test.events_0_9999
[2025-09-19 21:36:25.018] INFO  [MultiTableRepo.events] Ensured table exists: split_verse_perf_test.events_0_9999
[2025-09-19 21:36:25.029] INFO  [MultiTableRepo.events] Ensured table exists: split_verse_perf_test.events_0_9999
[2025-09-19 21:36:25.032] INFO  [MultiTableRepo.events] Ensured table exists: split_verse_perf_test.events_0_9999
[2025-09-19 21:36:25.035] INFO  [MultiTableRepo.events] Ensured table exists: split_verse_perf_test.events_0_9999
[2025-09-19 21:36:25.048] INFO  [MultiTableRepo.events] Ensured table exists: split_verse_perf_test.events_0_9999
[2025-09-19 21:36:25.050] INFO  [MultiTableRepo.events] Ensured table exists: split_verse_perf_test.events_0_9999
[2025-09-19 21:36:25.058] INFO  [MultiTableRepo.events] Ensured table exists: split_verse_perf_test.events_0_9999
[2025-09-19 21:36:25.058] INFO  [MultiTableRepo.events] Ensured table exists: split_verse_perf_test.events_0_9999
[2025-09-19 21:36:25.065] INFO  [MultiTableRepo.events] Ensured table exists: split_verse_perf_test.events_0_9999
[2025-09-19 21:36:25.070] INFO  [MultiTableRepo.events] Ensured table exists: split_verse_perf_test.events_0_9999
[2025-09-19 21:36:25.074] INFO  [MultiTableRepo.events] Ensured table exists: split_verse_perf_test.events_0_9999
[2025-09-19 21:36:25.078] INFO  [MultiTableRepo.events] Ensured table exists: split_verse_perf_test.events_0_9999
[2025-09-19 21:36:25.080] INFO  [MultiTableRepo.events] Ensured table exists: split_verse_perf_test.events_0_9999
[2025-09-19 21:36:25.087] INFO  [MultiTableRepo.events] Ensured table exists: split_verse_perf_test.events_0_9999
[2025-09-19 21:36:25.088] INFO  [MultiTableRepo.events] Ensured table exists: split_verse_perf_test.events_0_9999
[2025-09-19 21:36:25.094] INFO  [MultiTableRepo.events] Ensured table exists: split_verse_perf_test.events_0_9999
[2025-09-19 21:36:25.096] INFO  [MultiTableRepo.events] Ensured table exists: split_verse_perf_test.events_0_9999
[2025-09-19 21:36:25.098] INFO  [MultiTableRepo.events] Ensured table exists: split_verse_perf_test.events_0_9999
[2025-09-19 21:36:25.104] INFO  [MultiTableRepo.events] Ensured table exists: split_verse_perf_test.events_0_9999
[2025-09-19 21:36:25.104] INFO  [MultiTableRepo.events] Ensured table exists: split_verse_perf_test.events_0_9999
[2025-09-19 21:36:25.108] INFO  [MultiTableRepo.events] Ensured table exists: split_verse_perf_test.events_0_9999
[2025-09-19 21:36:25.108] INFO  [MultiTableRepo.events] Ensured table exists: split_verse_perf_test.events_0_9999
[2025-09-19 21:36:25.111] INFO  [MultiTableRepo.events] Ensured table exists: split_verse_perf_test.events_0_9999
[2025-09-19 21:36:25.115] INFO  [MultiTableRepo.events] Ensured table exists: split_verse_perf_test.events_0_9999
[2025-09-19 21:36:25.118] INFO  [MultiTableRepo.events] Ensured table exists: split_verse_perf_test.events_0_9999
[2025-09-19 21:36:25.122] INFO  [MultiTableRepo.events] Ensured table exists: split_verse_perf_test.events_0_9999
[2025-09-19 21:36:25.124] INFO  [MultiTableRepo.events] Ensured table exists: split_verse_perf_test.events_0_9999
[2025-09-19 21:36:25.125] INFO  [MultiTableRepo.events] Ensured table exists: split_verse_perf_test.events_0_9999
[2025-09-19 21:36:25.125] INFO  [MultiTableRepo.events] Ensured table exists: split_verse_perf_test.events_0_9999
[2025-09-19 21:36:25.127] INFO  [MultiTableRepo.events] Ensured table exists: split_verse_perf_test.events_0_9999
[2025-09-19 21:36:25.128] INFO  [MultiTableRepo.events] Ensured table exists: split_verse_perf_test.events_0_9999
[2025-09-19 21:36:25.130] INFO  [MultiTableRepo.events] Ensured table exists: split_verse_perf_test.events_0_9999
[2025-09-19 21:36:25.137] INFO  [MultiTableRepo.events] Ensured table exists: split_verse_perf_test.events_0_9999
[2025-09-19 21:36:25.137] INFO  [MultiTableRepo.events] Ensured table exists: split_verse_perf_test.events_0_9999
[2025-09-19 21:36:25.140] INFO  [MultiTableRepo.events] Ensured table exists: split_verse_perf_test.events_0_9999
[2025-09-19 21:36:25.142] INFO  [MultiTableRepo.events] Ensured table exists: split_verse_perf_test.events_0_9999
[2025-09-19 21:36:25.144] INFO  [MultiTableRepo.events] Ensured table exists: split_verse_perf_test.events_0_9999
[2025-09-19 21:36:25.150] INFO  [MultiTableRepo.events] Ensured table exists: split_verse_perf_test.events_0_9999
[2025-09-19 21:36:25.151] INFO  [MultiTableRepo.events] Ensured table exists: split_verse_perf_test.events_0_9999
[2025-09-19 21:36:25.158] INFO  [MultiTableRepo.events] Ensured table exists: split_verse_perf_test.events_0_9999
[2025-09-19 21:36:25.161] INFO  [MultiTableRepo.events] Ensured table exists: split_verse_perf_test.events_0_9999
[2025-09-19 21:36:25.161] INFO  [MultiTableRepo.events] Ensured table exists: split_verse_perf_test.events_0_9999
[2025-09-19 21:36:25.162] INFO  [MultiTableRepo.events] Ensured table exists: split_verse_perf_test.events_0_9999
[2025-09-19 21:36:25.165] INFO  [MultiTableRepo.events] Ensured table exists: split_verse_perf_test.events_0_9999
[2025-09-19 21:36:25.172] INFO  [MultiTableRepo.events] Ensured table exists: split_verse_perf_test.events_0_9999
[2025-09-19 21:36:25.172] INFO  [MultiTableRepo.events] Ensured table exists: split_verse_perf_test.events_0_9999
[2025-09-19 21:36:25.176] INFO  [MultiTableRepo.events] Ensured table exists: split_verse_perf_test.events_0_9999
[2025-09-19 21:36:25.181] INFO  [MultiTableRepo.events] Ensured table exists: split_verse_perf_test.events_0_9999
[2025-09-19 21:36:25.184] INFO  [MultiTableRepo.events] Ensured table exists: split_verse_perf_test.events_0_9999
[2025-09-19 21:36:25.184] INFO  [MultiTableRepo.events] Ensured table exists: split_verse_perf_test.events_0_9999
[2025-09-19 21:36:25.186] INFO  [MultiTableRepo.events] Ensured table exists: split_verse_perf_test.events_0_9999
[2025-09-19 21:36:25.188] INFO  [MultiTableRepo.events] Ensured table exists: split_verse_perf_test.events_0_9999
[2025-09-19 21:36:25.190] INFO  [MultiTableRepo.events] Ensured table exists: split_verse_perf_test.events_0_9999
[2025-09-19 21:36:25.197] INFO  [MultiTableRepo.events] Ensured table exists: split_verse_perf_test.events_0_9999
[2025-09-19 21:36:25.197] INFO  [MultiTableRepo.events] Ensured table exists: split_verse_perf_test.events_0_9999
[2025-09-19 21:36:25.202] INFO  [MultiTableRepo.events] Ensured table exists: split_verse_perf_test.events_0_9999
[2025-09-19 21:36:25.204] INFO  [MultiTableRepo.events] Ensured table exists: split_verse_perf_test.events_0_9999
[2025-09-19 21:36:25.210] INFO  [MultiTableRepo.events] Ensured table exists: split_verse_perf_test.events_0_9999
[2025-09-19 21:36:25.218] INFO  [MultiTableRepo.events] Ensured table exists: split_verse_perf_test.events_0_9999
[2025-09-19 21:36:25.220] INFO  [MultiTableRepo.events] Ensured table exists: split_verse_perf_test.events_0_9999
[2025-09-19 21:36:25.224] INFO  [MultiTableRepo.events] Ensured table exists: split_verse_perf_test.events_0_9999
[2025-09-19 21:36:25.231] INFO  [MultiTableRepo.events] Ensured table exists: split_verse_perf_test.events_0_9999
[2025-09-19 21:36:25.242] INFO  [MultiTableRepo.events] Ensured table exists: split_verse_perf_test.events_0_9999
[2025-09-19 21:36:25.249] INFO  [MultiTableRepo.events] Ensured table exists: split_verse_perf_test.events_0_9999
[2025-09-19 21:36:25.253] INFO  [MultiTableRepo.events] Ensured table exists: split_verse_perf_test.events_0_9999
[2025-09-19 21:36:25.254] INFO  [MultiTableRepo.events] Ensured table exists: split_verse_perf_test.events_0_9999
[2025-09-19 21:36:25.262] INFO  [MultiTableRepo.events] Ensured table exists: split_verse_perf_test.events_0_9999
[2025-09-19 21:36:25.273] INFO  [MultiTableRepo.events] Ensured table exists: split_verse_perf_test.events_0_9999
[2025-09-19 21:36:25.273] INFO  [MultiTableRepo.events] Ensured table exists: split_verse_perf_test.events_0_9999
[2025-09-19 21:36:25.273] INFO  [MultiTableRepo.events] Ensured table exists: split_verse_perf_test.events_0_9999
[2025-09-19 21:36:25.277] INFO  [MultiTableRepo.events] Ensured table exists: split_verse_perf_test.events_0_9999
[2025-09-19 21:36:25.286] INFO  [MultiTableRepo.events] Ensured table exists: split_verse_perf_test.events_0_9999
[2025-09-19 21:36:25.291] INFO  [MultiTableRepo.events] Ensured table exists: split_verse_perf_test.events_0_9999
[2025-09-19 21:36:25.297] INFO  [MultiTableRepo.events] Ensured table exists: split_verse_perf_test.events_0_9999
[2025-09-19 21:36:25.298] INFO  [MultiTableRepo.events] Ensured table exists: split_verse_perf_test.events_0_9999
[2025-09-19 21:36:25.299] INFO  [MultiTableRepo.events] Ensured table exists: split_verse_perf_test.events_0_9999
[2025-09-19 21:36:25.299] INFO  [MultiTableRepo.events] Ensured table exists: split_verse_perf_test.events_0_9999
[2025-09-19 21:36:25.308] INFO  [MultiTableRepo.events] Ensured table exists: split_verse_perf_test.events_0_9999
[2025-09-19 21:36:25.316] INFO  [MultiTableRepo.events] Ensured table exists: split_verse_perf_test.events_0_9999
[2025-09-19 21:36:25.318] INFO  [MultiTableRepo.events] Ensured table exists: split_verse_perf_test.events_0_9999
[2025-09-19 21:36:25.320] INFO  [MultiTableRepo.events] Ensured table exists: split_verse_perf_test.events_0_9999
[2025-09-19 21:36:25.320] INFO  [MultiTableRepo.events] Ensured table exists: split_verse_perf_test.events_0_9999
[2025-09-19 21:36:25.327] INFO  [MultiTableRepo.events] Ensured table exists: split_verse_perf_test.events_0_9999
[2025-09-19 21:36:25.333] INFO  [MultiTableRepo.events] Ensured table exists: split_verse_perf_test.events_0_9999
[2025-09-19 21:36:25.337] INFO  [MultiTableRepo.events] Ensured table exists: split_verse_perf_test.events_0_9999
[2025-09-19 21:36:25.342] INFO  [MultiTableRepo.events] Ensured table exists: split_verse_perf_test.events_0_9999
[2025-09-19 21:36:25.344] INFO  [MultiTableRepo.events] Ensured table exists: split_verse_perf_test.events_0_9999
[2025-09-19 21:36:25.345] INFO  [MultiTableRepo.events] Ensured table exists: split_verse_perf_test.events_0_9999
[2025-09-19 21:36:25.348] INFO  [MultiTableRepo.events] Ensured table exists: split_verse_perf_test.events_0_9999
[2025-09-19 21:36:25.355] INFO  [MultiTableRepo.events] Ensured table exists: split_verse_perf_test.events_0_9999
[2025-09-19 21:36:25.360] INFO  [MultiTableRepo.events] Ensured table exists: split_verse_perf_test.events_0_9999
[2025-09-19 21:36:25.362] INFO  [MultiTableRepo.events] Ensured table exists: split_verse_perf_test.events_0_9999
[2025-09-19 21:36:25.362] INFO  [MultiTableRepo.events] Ensured table exists: split_verse_perf_test.events_0_9999
[2025-09-19 21:36:25.364] INFO  [MultiTableRepo.events] Ensured table exists: split_verse_perf_test.events_0_9999
[2025-09-19 21:36:25.372] INFO  [MultiTableRepo.events] Ensured table exists: split_verse_perf_test.events_0_9999
[2025-09-19 21:36:25.397] INFO  [MultiTableRepo.events] Ensured table exists: split_verse_perf_test.events_0_9999
[2025-09-19 21:36:25.401] INFO  [MultiTableRepo.events] Ensured table exists: split_verse_perf_test.events_0_9999
[2025-09-19 21:36:25.411] INFO  [MultiTableRepo.events] Ensured table exists: split_verse_perf_test.events_0_9999
[2025-09-19 21:36:25.419] INFO  [MultiTableRepo.events] Ensured table exists: split_verse_perf_test.events_0_9999
[2025-09-19 21:36:25.431] INFO  [MultiTableRepo.events] Ensured table exists: split_verse_perf_test.events_0_9999
[2025-09-19 21:36:25.440] INFO  [MultiTableRepo.events] Ensured table exists: split_verse_perf_test.events_0_9999
[2025-09-19 21:36:25.452] INFO  [MultiTableRepo.events] Ensured table exists: split_verse_perf_test.events_0_9999
[2025-09-19 21:36:25.457] INFO  [MultiTableRepo.events] Ensured table exists: split_verse_perf_test.events_0_9999
[2025-09-19 21:36:25.459] INFO  [MultiTableRepo.events] Ensured table exists: split_verse_perf_test.events_0_9999
[2025-09-19 21:36:25.473] INFO  [MultiTableRepo.events] Ensured table exists: split_verse_perf_test.events_0_9999
[2025-09-19 21:36:25.497] INFO  [MultiTableRepo.events] Ensured table exists: split_verse_perf_test.events_0_9999
[2025-09-19 21:36:25.507] INFO  [MultiTableRepo.events] Ensured table exists: split_verse_perf_test.events_0_9999
[2025-09-19 21:36:25.514] INFO  [MultiTableRepo.events] Ensured table exists: split_verse_perf_test.events_0_9999
[2025-09-19 21:36:25.516] INFO  [MultiTableRepo.events] Ensured table exists: split_verse_perf_test.events_0_9999
[2025-09-19 21:36:25.516] INFO  [MultiTableRepo.events] Ensured table exists: split_verse_perf_test.events_0_9999
[2025-09-19 21:36:25.524] INFO  [MultiTableRepo.events] Ensured table exists: split_verse_perf_test.events_0_9999
[2025-09-19 21:36:25.530] INFO  [MultiTableRepo.events] Ensured table exists: split_verse_perf_test.events_0_9999
[2025-09-19 21:36:25.532] INFO  [MultiTableRepo.events] Ensured table exists: split_verse_perf_test.events_0_9999
[2025-09-19 21:36:25.535] INFO  [MultiTableRepo.events] Ensured table exists: split_verse_perf_test.events_0_9999
[2025-09-19 21:36:25.538] INFO  [MultiTableRepo.events] Ensured table exists: split_verse_perf_test.events_0_9999
[2025-09-19 21:36:25.544] INFO  [MultiTableRepo.events] Ensured table exists: split_verse_perf_test.events_0_9999
[2025-09-19 21:36:25.549] INFO  [MultiTableRepo.events] Ensured table exists: split_verse_perf_test.events_0_9999
[2025-09-19 21:36:25.551] INFO  [MultiTableRepo.events] Ensured table exists: split_verse_perf_test.events_0_9999
[2025-09-19 21:36:25.551] INFO  [MultiTableRepo.events] Ensured table exists: split_verse_perf_test.events_0_9999
[2025-09-19 21:36:25.551] INFO  [MultiTableRepo.events] Ensured table exists: split_verse_perf_test.events_0_9999
[2025-09-19 21:36:25.555] INFO  [MultiTableRepo.events] Ensured table exists: split_verse_perf_test.events_0_9999
[2025-09-19 21:36:25.561] INFO  [MultiTableRepo.events] Ensured table exists: split_verse_perf_test.events_0_9999
[2025-09-19 21:36:25.577] INFO  [MultiTableRepo.events] Ensured table exists: split_verse_perf_test.events_0_9999
[2025-09-19 21:36:25.578] INFO  [MultiTableRepo.events] Ensured table exists: split_verse_perf_test.events_0_9999
[2025-09-19 21:36:25.579] INFO  [MultiTableRepo.events] Ensured table exists: split_verse_perf_test.events_0_9999
[2025-09-19 21:36:25.579] INFO  [MultiTableRepo.events] Ensured table exists: split_verse_perf_test.events_0_9999
[2025-09-19 21:36:25.580] INFO  [MultiTableRepo.events] Ensured table exists: split_verse_perf_test.events_0_9999
[2025-09-19 21:36:25.580] INFO  [MultiTableRepo.events] Ensured table exists: split_verse_perf_test.events_0_9999
[2025-09-19 21:36:25.582] INFO  [MultiTableRepo.events] Ensured table exists: split_verse_perf_test.events_0_9999
[2025-09-19 21:36:25.592] INFO  [MultiTableRepo.events] Ensured table exists: split_verse_perf_test.events_0_9999
[2025-09-19 21:36:25.603] INFO  [MultiTableRepo.events] Ensured table exists: split_verse_perf_test.events_0_9999
[2025-09-19 21:36:25.607] INFO  [MultiTableRepo.events] Ensured table exists: split_verse_perf_test.events_0_9999
[2025-09-19 21:36:25.607] INFO  [MultiTableRepo.events] Ensured table exists: split_verse_perf_test.events_0_9999
[2025-09-19 21:36:25.608] INFO  [MultiTableRepo.events] Ensured table exists: split_verse_perf_test.events_0_9999
[2025-09-19 21:36:25.609] INFO  [MultiTableRepo.events] Ensured table exists: split_verse_perf_test.events_0_9999
[2025-09-19 21:36:25.616] INFO  [MultiTableRepo.events] Ensured table exists: split_verse_perf_test.events_0_9999
[2025-09-19 21:36:25.617] INFO  [MultiTableRepo.events] Ensured table exists: split_verse_perf_test.events_0_9999
[2025-09-19 21:36:25.624] INFO  [MultiTableRepo.events] Ensured table exists: split_verse_perf_test.events_0_9999
[2025-09-19 21:36:25.626] INFO  [MultiTableRepo.events] Ensured table exists: split_verse_perf_test.events_0_9999
[2025-09-19 21:36:25.627] INFO  [MultiTableRepo.events] Ensured table exists: split_verse_perf_test.events_0_9999
[2025-09-19 21:36:25.628] INFO  [MultiTableRepo.events] Ensured table exists: split_verse_perf_test.events_0_9999
[2025-09-19 21:36:25.633] INFO  [MultiTableRepo.events] Ensured table exists: split_verse_perf_test.events_0_9999
[2025-09-19 21:36:25.634] INFO  [MultiTableRepo.events] Ensured table exists: split_verse_perf_test.events_0_9999
[2025-09-19 21:36:25.635] INFO  [MultiTableRepo.events] Ensured table exists: split_verse_perf_test.events_0_9999
[2025-09-19 21:36:25.643] INFO  [MultiTableRepo.events] Ensured table exists: split_verse_perf_test.events_0_9999
[2025-09-19 21:36:25.646] INFO  [MultiTableRepo.events] Ensured table exists: split_verse_perf_test.events_0_9999
[2025-09-19 21:36:25.648] INFO  [MultiTableRepo.events] Ensured table exists: split_verse_perf_test.events_0_9999
[2025-09-19 21:36:25.650] INFO  [MultiTableRepo.events] Ensured table exists: split_verse_perf_test.events_0_9999
[2025-09-19 21:36:25.655] INFO  [MultiTableRepo.events] Ensured table exists: split_verse_perf_test.events_0_9999
[2025-09-19 21:36:25.658] INFO  [MultiTableRepo.events] Ensured table exists: split_verse_perf_test.events_0_9999
[2025-09-19 21:36:25.663] INFO  [MultiTableRepo.events] Ensured table exists: split_verse_perf_test.events_0_9999
[2025-09-19 21:36:25.666] INFO  [MultiTableRepo.events] Ensured table exists: split_verse_perf_test.events_0_9999
[2025-09-19 21:36:25.670] INFO  [MultiTableRepo.events] Ensured table exists: split_verse_perf_test.events_0_9999
[2025-09-19 21:36:25.675] INFO  [MultiTableRepo.events] Ensured table exists: split_verse_perf_test.events_0_9999
[2025-09-19 21:36:25.679] INFO  [MultiTableRepo.events] Ensured table exists: split_verse_perf_test.events_0_9999
[2025-09-19 21:36:25.698] INFO  [MultiTableRepo.events] Ensured table exists: split_verse_perf_test.events_0_9999
[2025-09-19 21:36:25.699] INFO  [MultiTableRepo.events] Ensured table exists: split_verse_perf_test.events_0_9999
[2025-09-19 21:36:25.707] INFO  [MultiTableRepo.events] Ensured table exists: split_verse_perf_test.events_0_9999
[2025-09-19 21:36:25.711] INFO  [MultiTableRepo.events] Ensured table exists: split_verse_perf_test.events_0_9999
[2025-09-19 21:36:25.715] INFO  [MultiTableRepo.events] Ensured table exists: split_verse_perf_test.events_0_9999
[2025-09-19 21:36:25.723] INFO  [MultiTableRepo.events] Ensured table exists: split_verse_perf_test.events_0_9999
[2025-09-19 21:36:25.729] INFO  [MultiTableRepo.events] Ensured table exists: split_verse_perf_test.events_0_9999
[2025-09-19 21:36:25.736] INFO  [MultiTableRepo.events] Ensured table exists: split_verse_perf_test.events_0_9999
[2025-09-19 21:36:25.738] INFO  [MultiTableRepo.events] Ensured table exists: split_verse_perf_test.events_0_9999
[2025-09-19 21:36:25.745] INFO  [MultiTableRepo.events] Ensured table exists: split_verse_perf_test.events_0_9999
[2025-09-19 21:36:25.755] INFO  [MultiTableRepo.events] Ensured table exists: split_verse_perf_test.events_0_9999
[2025-09-19 21:36:25.757] INFO  [MultiTableRepo.events] Ensured table exists: split_verse_perf_test.events_0_9999
[2025-09-19 21:36:25.760] INFO  [MultiTableRepo.events] Ensured table exists: split_verse_perf_test.events_0_9999
[2025-09-19 21:36:25.761] INFO  [MultiTableRepo.events] Ensured table exists: split_verse_perf_test.events_0_9999
[2025-09-19 21:36:25.769] INFO  [MultiTableRepo.events] Ensured table exists: split_verse_perf_test.events_0_9999
[2025-09-19 21:36:25.771] INFO  [MultiTableRepo.events] Ensured table exists: split_verse_perf_test.events_0_9999
[2025-09-19 21:36:25.778] INFO  [MultiTableRepo.events] Ensured table exists: split_verse_perf_test.events_0_9999
[2025-09-19 21:36:25.781] INFO  [MultiTableRepo.events] Ensured table exists: split_verse_perf_test.events_0_9999
[2025-09-19 21:36:25.781] INFO  [MultiTableRepo.events] Ensured table exists: split_verse_perf_test.events_0_9999
[2025-09-19 21:36:25.787] INFO  [MultiTableRepo.events] Ensured table exists: split_verse_perf_test.events_0_9999
[2025-09-19 21:36:25.792] INFO  [MultiTableRepo.events] Ensured table exists: split_verse_perf_test.events_0_9999
[2025-09-19 21:36:25.794] INFO  [MultiTableRepo.events] Ensured table exists: split_verse_perf_test.events_0_9999
[2025-09-19 21:36:25.802] INFO  [MultiTableRepo.events] Ensured table exists: split_verse_perf_test.events_0_9999
[2025-09-19 21:36:25.804] INFO  [MultiTableRepo.events] Ensured table exists: split_verse_perf_test.events_0_9999
[2025-09-19 21:36:25.805] INFO  [MultiTableRepo.events] Ensured table exists: split_verse_perf_test.events_0_9999
[2025-09-19 21:36:25.810] INFO  [MultiTableRepo.events] Ensured table exists: split_verse_perf_test.events_0_9999
[2025-09-19 21:36:25.810] INFO  [MultiTableRepo.events] Ensured table exists: split_verse_perf_test.events_0_9999
[2025-09-19 21:36:25.832] INFO  [MultiTableRepo.events] Ensured table exists: split_verse_perf_test.events_0_9999
[2025-09-19 21:36:25.834] INFO  [MultiTableRepo.events] Ensured table exists: split_verse_perf_test.events_0_9999
[2025-09-19 21:36:25.836] INFO  [MultiTableRepo.events] Ensured table exists: split_verse_perf_test.events_0_9999
[2025-09-19 21:36:25.837] INFO  [MultiTableRepo.events] Ensured table exists: split_verse_perf_test.events_0_9999
[2025-09-19 21:36:25.837] INFO  [MultiTableRepo.events] Ensured table exists: split_verse_perf_test.events_0_9999
[2025-09-19 21:36:25.850] INFO  [MultiTableRepo.events] Ensured table exists: split_verse_perf_test.events_0_9999
[2025-09-19 21:36:25.852] INFO  [MultiTableRepo.events] Ensured table exists: split_verse_perf_test.events_0_9999
[2025-09-19 21:36:25.856] INFO  [MultiTableRepo.events] Ensured table exists: split_verse_perf_test.events_0_9999
[2025-09-19 21:36:25.864] INFO  [MultiTableRepo.events] Ensured table exists: split_verse_perf_test.events_0_9999
[2025-09-19 21:36:25.869] INFO  [MultiTableRepo.events] Ensured table exists: split_verse_perf_test.events_0_9999
[2025-09-19 21:36:25.871] INFO  [MultiTableRepo.events] Ensured table exists: split_verse_perf_test.events_0_9999
[2025-09-19 21:36:25.873] INFO  [MultiTableRepo.events] Ensured table exists: split_verse_perf_test.events_0_9999
[2025-09-19 21:36:25.877] INFO  [MultiTableRepo.events] Ensured table exists: split_verse_perf_test.events_0_9999
[2025-09-19 21:36:25.881] INFO  [MultiTableRepo.events] Ensured table exists: split_verse_perf_test.events_0_9999
[2025-09-19 21:36:25.884] INFO  [MultiTableRepo.events] Ensured table exists: split_verse_perf_test.events_0_9999
[2025-09-19 21:36:25.895] INFO  [MultiTableRepo.events] Ensured table exists: split_verse_perf_test.events_0_9999
[2025-09-19 21:36:25.899] INFO  [MultiTableRepo.events] Ensured table exists: split_verse_perf_test.events_0_9999
[2025-09-19 21:36:25.905] INFO  [MultiTableRepo.events] Ensured table exists: split_verse_perf_test.events_0_9999
[2025-09-19 21:36:25.909] INFO  [MultiTableRepo.events] Ensured table exists: split_verse_perf_test.events_0_9999
[2025-09-19 21:36:25.913] INFO  [MultiTableRepo.events] Ensured table exists: split_verse_perf_test.events_0_9999
[2025-09-19 21:36:25.919] INFO  [MultiTableRepo.events] Ensured table exists: split_verse_perf_test.events_0_9999
[2025-09-19 21:36:25.927] INFO  [MultiTableRepo.events] Ensured table exists: split_verse_perf_test.events_0_9999
[2025-09-19 21:36:25.934] INFO  [MultiTableRepo.events] Ensured table exists: split_verse_perf_test.events_0_9999
[2025-09-19 21:36:25.936] INFO  [MultiTableRepo.events] Ensured table exists: split_verse_perf_test.events_0_9999
[2025-09-19 21:36:25.953] INFO  [MultiTableRepo.events] Ensured table exists: split_verse_perf_test.events_0_9999
[2025-09-19 21:36:25.961] INFO  [MultiTableRepo.events] Ensured table exists: split_verse_perf_test.events_0_9999
[2025-09-19 21:36:25.964] INFO  [MultiTableRepo.events] Ensured table exists: split_verse_perf_test.events_0_9999
[2025-09-19 21:36:25.975] INFO  [MultiTableRepo.events] Ensured table exists: split_verse_perf_test.events_0_9999
[2025-09-19 21:36:25.978] INFO  [MultiTableRepo.events] Ensured table exists: split_verse_perf_test.events_0_9999
[2025-09-19 21:36:25.979] INFO  [MultiTableRepo.events] Ensured table exists: split_verse_perf_test.events_0_9999
[2025-09-19 21:36:25.980] INFO  [MultiTableRepo.events] Ensured table exists: split_verse_perf_test.events_0_9999
[2025-09-19 21:36:25.985] INFO  [MultiTableRepo.events] Ensured table exists: split_verse_perf_test.events_0_9999
[2025-09-19 21:36:25.991] INFO  [MultiTableRepo.events] Ensured table exists: split_verse_perf_test.events_0_9999
[2025-09-19 21:36:25.993] INFO  [MultiTableRepo.events] Ensured table exists: split_verse_perf_test.events_0_9999
[2025-09-19 21:36:25.993] INFO  [MultiTableRepo.events] Ensured table exists: split_verse_perf_test.events_0_9999
[2025-09-19 21:36:25.993] INFO  [MultiTableRepo.events] Ensured table exists: split_verse_perf_test.events_0_9999
[2025-09-19 21:36:25.998] INFO  [MultiTableRepo.events] Ensured table exists: split_verse_perf_test.events_0_9999
[2025-09-19 21:36:26.000] INFO  [MultiTableRepo.events] Ensured table exists: split_verse_perf_test.events_0_9999
[2025-09-19 21:36:26.001] INFO  [MultiTableRepo.events] Ensured table exists: split_verse_perf_test.events_0_9999
[2025-09-19 21:36:26.004] INFO  [MultiTableRepo.events] Ensured table exists: split_verse_perf_test.events_0_9999
[2025-09-19 21:36:26.008] INFO  [MultiTableRepo.events] Ensured table exists: split_verse_perf_test.events_0_9999
[2025-09-19 21:36:26.008] INFO  [MultiTableRepo.events] Ensured table exists: split_verse_perf_test.events_0_9999
[2025-09-19 21:36:26.008] INFO  [MultiTableRepo.events] Ensured table exists: split_verse_perf_test.events_0_9999
[2025-09-19 21:36:26.011] INFO  [MultiTableRepo.events] Ensured table exists: split_verse_perf_test.events_0_9999
[2025-09-19 21:36:26.014] INFO  [MultiTableRepo.events] Ensured table exists: split_verse_perf_test.events_0_9999
[2025-09-19 21:36:26.018] INFO  [MultiTableRepo.events] Ensured table exists: split_verse_perf_test.events_0_9999
[2025-09-19 21:36:26.019] INFO  [MultiTableRepo.events] Ensured table exists: split_verse_perf_test.events_0_9999
[2025-09-19 21:36:26.019] INFO  [MultiTableRepo.events] Ensured table exists: split_verse_perf_test.events_0_9999
[2025-09-19 21:36:26.021] INFO  [MultiTableRepo.events] Ensured table exists: split_verse_perf_test.events_0_9999
[2025-09-19 21:36:26.024] INFO  [MultiTableRepo.events] Ensured table exists: split_verse_perf_test.events_0_9999
[2025-09-19 21:36:26.026] INFO  [MultiTableRepo.events] Ensured table exists: split_verse_perf_test.events_0_9999
[2025-09-19 21:36:26.032] INFO  [MultiTableRepo.events] Ensured table exists: split_verse_perf_test.events_0_9999
[2025-09-19 21:36:26.036] INFO  [MultiTableRepo.events] Ensured table exists: split_verse_perf_test.events_0_9999
[2025-09-19 21:36:26.040] INFO  [MultiTableRepo.events] Ensured table exists: split_verse_perf_test.events_0_9999
[2025-09-19 21:36:26.040] INFO  [MultiTableRepo.events] Ensured table exists: split_verse_perf_test.events_0_9999
[2025-09-19 21:36:26.040] INFO  [MultiTableRepo.events] Ensured table exists: split_verse_perf_test.events_0_9999
[2025-09-19 21:36:26.040] INFO  [MultiTableRepo.events] Ensured table exists: split_verse_perf_test.events_0_9999
[2025-09-19 21:36:26.043] INFO  [MultiTableRepo.events] Ensured table exists: split_verse_perf_test.events_0_9999
[2025-09-19 21:36:26.043] INFO  [MultiTableRepo.events] Ensured table exists: split_verse_perf_test.events_0_9999
[2025-09-19 21:36:26.047] INFO  [MultiTableRepo.events] Ensured table exists: split_verse_perf_test.events_0_9999
[2025-09-19 21:36:26.051] INFO  [MultiTableRepo.events] Ensured table exists: split_verse_perf_test.events_0_9999
[2025-09-19 21:36:26.054] INFO  [MultiTableRepo.events] Ensured table exists: split_verse_perf_test.events_0_9999
[2025-09-19 21:36:26.054] INFO  [MultiTableRepo.events] Ensured table exists: split_verse_perf_test.events_0_9999
[2025-09-19 21:36:26.058] INFO  [MultiTableRepo.events] Ensured table exists: split_verse_perf_test.events_0_9999
[2025-09-19 21:36:26.061] INFO  [MultiTableRepo.events] Ensured table exists: split_verse_perf_test.events_0_9999
[2025-09-19 21:36:26.061] INFO  [MultiTableRepo.events] Ensured table exists: split_verse_perf_test.events_0_9999
[2025-09-19 21:36:26.062] INFO  [MultiTableRepo.events] Ensured table exists: split_verse_perf_test.events_0_9999
[2025-09-19 21:36:26.071] INFO  [MultiTableRepo.events] Ensured table exists: split_verse_perf_test.events_0_9999
[2025-09-19 21:36:26.075] INFO  [MultiTableRepo.events] Ensured table exists: split_verse_perf_test.events_0_9999
[2025-09-19 21:36:26.076] INFO  [MultiTableRepo.events] Ensured table exists: split_verse_perf_test.events_0_9999
[2025-09-19 21:36:26.080] INFO  [MultiTableRepo.events] Ensured table exists: split_verse_perf_test.events_0_9999
[2025-09-19 21:36:26.089] INFO  [MultiTableRepo.events] Ensured table exists: split_verse_perf_test.events_0_9999
[2025-09-19 21:36:26.098] INFO  [MultiTableRepo.events] Ensured table exists: split_verse_perf_test.events_0_9999
[2025-09-19 21:36:26.105] INFO  [MultiTableRepo.events] Ensured table exists: split_verse_perf_test.events_0_9999
[2025-09-19 21:36:26.114] INFO  [MultiTableRepo.events] Ensured table exists: split_verse_perf_test.events_0_9999
[2025-09-19 21:36:26.115] INFO  [MultiTableRepo.events] Ensured table exists: split_verse_perf_test.events_0_9999
[2025-09-19 21:36:26.119] INFO  [MultiTableRepo.events] Ensured table exists: split_verse_perf_test.events_0_9999
[2025-09-19 21:36:26.123] INFO  [MultiTableRepo.events] Ensured table exists: split_verse_perf_test.events_0_9999
[2025-09-19 21:36:26.136] INFO  [MultiTableRepo.events] Ensured table exists: split_verse_perf_test.events_0_9999
[2025-09-19 21:36:26.141] INFO  [MultiTableRepo.events] Ensured table exists: split_verse_perf_test.events_0_9999
[2025-09-19 21:36:26.144] INFO  [MultiTableRepo.events] Ensured table exists: split_verse_perf_test.events_0_9999
[2025-09-19 21:36:26.145] INFO  [MultiTableRepo.events] Ensured table exists: split_verse_perf_test.events_0_9999
[2025-09-19 21:36:26.150] INFO  [MultiTableRepo.events] Ensured table exists: split_verse_perf_test.events_0_9999
[2025-09-19 21:36:26.153] INFO  [MultiTableRepo.events] Ensured table exists: split_verse_perf_test.events_0_9999
[2025-09-19 21:36:26.163] INFO  [MultiTableRepo.events] Ensured table exists: split_verse_perf_test.events_0_9999
[2025-09-19 21:36:26.164] INFO  [MultiTableRepo.events] Ensured table exists: split_verse_perf_test.events_0_9999
[2025-09-19 21:36:26.167] INFO  [MultiTableRepo.events] Ensured table exists: split_verse_perf_test.events_0_9999
[2025-09-19 21:36:26.169] INFO  [MultiTableRepo.events] Ensured table exists: split_verse_perf_test.events_0_9999
[2025-09-19 21:36:26.180] INFO  [MultiTableRepo.events] Ensured table exists: split_verse_perf_test.events_0_9999
[2025-09-19 21:36:26.182] INFO  [MultiTableRepo.events] Ensured table exists: split_verse_perf_test.events_0_9999
[2025-09-19 21:36:26.187] INFO  [MultiTableRepo.events] Ensured table exists: split_verse_perf_test.events_0_9999
[2025-09-19 21:36:26.191] INFO  [MultiTableRepo.events] Ensured table exists: split_verse_perf_test.events_0_9999
[2025-09-19 21:36:26.193] INFO  [MultiTableRepo.events] Ensured table exists: split_verse_perf_test.events_0_9999
[2025-09-19 21:36:26.197] INFO  [MultiTableRepo.events] Ensured table exists: split_verse_perf_test.events_0_9999
[2025-09-19 21:36:26.203] INFO  [MultiTableRepo.events] Ensured table exists: split_verse_perf_test.events_0_9999
[2025-09-19 21:36:26.203] INFO  [MultiTableRepo.events] Ensured table exists: split_verse_perf_test.events_0_9999
[2025-09-19 21:36:26.204] INFO  [MultiTableRepo.events] Ensured table exists: split_verse_perf_test.events_0_9999
[2025-09-19 21:36:26.208] INFO  [MultiTableRepo.events] Ensured table exists: split_verse_perf_test.events_0_9999
[2025-09-19 21:36:26.210] INFO  [MultiTableRepo.events] Ensured table exists: split_verse_perf_test.events_0_9999
[2025-09-19 21:36:26.221] INFO  [MultiTableRepo.events] Ensured table exists: split_verse_perf_test.events_0_9999
[2025-09-19 21:36:26.224] INFO  [MultiTableRepo.events] Ensured table exists: split_verse_perf_test.events_0_9999
[2025-09-19 21:36:26.229] INFO  [MultiTableRepo.events] Ensured table exists: split_verse_perf_test.events_0_9999
[2025-09-19 21:36:26.230] INFO  [MultiTableRepo.events] Ensured table exists: split_verse_perf_test.events_0_9999
[2025-09-19 21:36:26.244] INFO  [MultiTableRepo.events] Ensured table exists: split_verse_perf_test.events_0_9999
[2025-09-19 21:36:26.247] INFO  [MultiTableRepo.events] Ensured table exists: split_verse_perf_test.events_0_9999
[2025-09-19 21:36:26.252] INFO  [MultiTableRepo.events] Ensured table exists: split_verse_perf_test.events_0_9999
[2025-09-19 21:36:26.261] INFO  [MultiTableRepo.events] Ensured table exists: split_verse_perf_test.events_0_9999
[2025-09-19 21:36:26.264] INFO  [MultiTableRepo.events] Ensured table exists: split_verse_perf_test.events_0_9999
[2025-09-19 21:36:26.276] INFO  [MultiTableRepo.events] Ensured table exists: split_verse_perf_test.events_0_9999
[2025-09-19 21:36:26.290] INFO  [MultiTableRepo.events] Ensured table exists: split_verse_perf_test.events_0_9999
[2025-09-19 21:36:26.290] INFO  [MultiTableRepo.events] Ensured table exists: split_verse_perf_test.events_0_9999
[2025-09-19 21:36:26.290] INFO  [MultiTableRepo.events] Ensured table exists: split_verse_perf_test.events_0_9999
[2025-09-19 21:36:26.298] INFO  [MultiTableRepo.events] Ensured table exists: split_verse_perf_test.events_0_9999
[2025-09-19 21:36:26.304] INFO  [MultiTableRepo.events] Ensured table exists: split_verse_perf_test.events_0_9999
[2025-09-19 21:36:26.307] INFO  [MultiTableRepo.events] Ensured table exists: split_verse_perf_test.events_0_9999
[2025-09-19 21:36:26.321] INFO  [MultiTableRepo.events] Ensured table exists: split_verse_perf_test.events_0_9999
[2025-09-19 21:36:26.324] INFO  [MultiTableRepo.events] Ensured table exists: split_verse_perf_test.events_0_9999
[2025-09-19 21:36:26.329] INFO  [MultiTableRepo.events] Ensured table exists: split_verse_perf_test.events_0_9999
[2025-09-19 21:36:26.339] INFO  [MultiTableRepo.events] Ensured table exists: split_verse_perf_test.events_0_9999
[2025-09-19 21:36:26.342] INFO  [MultiTableRepo.events] Ensured table exists: split_verse_perf_test.events_0_9999
[2025-09-19 21:36:26.343] INFO  [MultiTableRepo.events] Ensured table exists: split_verse_perf_test.events_0_9999
[2025-09-19 21:36:26.354] INFO  [MultiTableRepo.events] Ensured table exists: split_verse_perf_test.events_0_9999
[2025-09-19 21:36:26.355] INFO  [MultiTableRepo.events] Ensured table exists: split_verse_perf_test.events_0_9999
[2025-09-19 21:36:26.359] INFO  [MultiTableRepo.events] Ensured table exists: split_verse_perf_test.events_0_9999
[2025-09-19 21:36:26.367] INFO  [MultiTableRepo.events] Ensured table exists: split_verse_perf_test.events_0_9999
[2025-09-19 21:36:26.374] INFO  [MultiTableRepo.events] Ensured table exists: split_verse_perf_test.events_0_9999
[2025-09-19 21:36:26.381] INFO  [MultiTableRepo.events] Ensured table exists: split_verse_perf_test.events_0_9999
[2025-09-19 21:36:26.384] INFO  [MultiTableRepo.events] Ensured table exists: split_verse_perf_test.events_0_9999
[2025-09-19 21:36:26.387] INFO  [MultiTableRepo.events] Ensured table exists: split_verse_perf_test.events_0_9999
[2025-09-19 21:36:26.388] INFO  [MultiTableRepo.events] Ensured table exists: split_verse_perf_test.events_0_9999
[2025-09-19 21:36:26.388] INFO  [MultiTableRepo.events] Ensured table exists: split_verse_perf_test.events_0_9999
[2025-09-19 21:36:26.395] INFO  [MultiTableRepo.events] Ensured table exists: split_verse_perf_test.events_0_9999
[2025-09-19 21:36:26.399] INFO  [MultiTableRepo.events] Ensured table exists: split_verse_perf_test.events_0_9999
[2025-09-19 21:36:26.402] INFO  [MultiTableRepo.events] Ensured table exists: split_verse_perf_test.events_0_9999
[2025-09-19 21:36:26.404] INFO  [MultiTableRepo.events] Ensured table exists: split_verse_perf_test.events_0_9999
[2025-09-19 21:36:26.405] INFO  [MultiTableRepo.events] Ensured table exists: split_verse_perf_test.events_0_9999
[2025-09-19 21:36:26.409] INFO  [MultiTableRepo.events] Ensured table exists: split_verse_perf_test.events_0_9999
[2025-09-19 21:36:26.417] INFO  [MultiTableRepo.events] Ensured table exists: split_verse_perf_test.events_0_9999
[2025-09-19 21:36:26.417] INFO  [MultiTableRepo.events] Ensured table exists: split_verse_perf_test.events_0_9999
[2025-09-19 21:36:26.417] INFO  [MultiTableRepo.events] Ensured table exists: split_verse_perf_test.events_0_9999
[2025-09-19 21:36:26.419] INFO  [MultiTableRepo.events] Ensured table exists: split_verse_perf_test.events_0_9999
[2025-09-19 21:36:26.420] INFO  [MultiTableRepo.events] Ensured table exists: split_verse_perf_test.events_0_9999
[2025-09-19 21:36:26.422] INFO  [MultiTableRepo.events] Ensured table exists: split_verse_perf_test.events_0_9999
[2025-09-19 21:36:26.425] INFO  [MultiTableRepo.events] Ensured table exists: split_verse_perf_test.events_0_9999
[2025-09-19 21:36:26.431] INFO  [MultiTableRepo.events] Ensured table exists: split_verse_perf_test.events_0_9999
[2025-09-19 21:36:26.431] INFO  [MultiTableRepo.events] Ensured table exists: split_verse_perf_test.events_0_9999
[2025-09-19 21:36:26.431] INFO  [MultiTableRepo.events] Ensured table exists: split_verse_perf_test.events_0_9999
[2025-09-19 21:36:26.432] INFO  [MultiTableRepo.events] Ensured table exists: split_verse_perf_test.events_0_9999
[2025-09-19 21:36:26.433] INFO  [MultiTableRepo.events] Ensured table exists: split_verse_perf_test.events_0_9999
[2025-09-19 21:36:26.435] INFO  [MultiTableRepo.events] Ensured table exists: split_verse_perf_test.events_0_9999
[2025-09-19 21:36:26.436] INFO  [MultiTableRepo.events] Ensured table exists: split_verse_perf_test.events_0_9999
[2025-09-19 21:36:26.439] INFO  [MultiTableRepo.events] Ensured table exists: split_verse_perf_test.events_0_9999
[2025-09-19 21:36:26.442] INFO  [MultiTableRepo.events] Ensured table exists: split_verse_perf_test.events_0_9999
[2025-09-19 21:36:26.447] INFO  [MultiTableRepo.events] Ensured table exists: split_verse_perf_test.events_0_9999
[2025-09-19 21:36:26.447] INFO  [MultiTableRepo.events] Ensured table exists: split_verse_perf_test.events_0_9999
[2025-09-19 21:36:26.448] INFO  [MultiTableRepo.events] Ensured table exists: split_verse_perf_test.events_0_9999
[2025-09-19 21:36:26.449] INFO  [MultiTableRepo.events] Ensured table exists: split_verse_perf_test.events_0_9999
[2025-09-19 21:36:26.450] INFO  [MultiTableRepo.events] Ensured table exists: split_verse_perf_test.events_0_9999
[2025-09-19 21:36:26.451] INFO  [MultiTableRepo.events] Ensured table exists: split_verse_perf_test.events_0_9999
[2025-09-19 21:36:26.455] INFO  [MultiTableRepo.events] Ensured table exists: split_verse_perf_test.events_0_9999
[2025-09-19 21:36:26.455] INFO  [MultiTableRepo.events] Ensured table exists: split_verse_perf_test.events_0_9999
[2025-09-19 21:36:26.460] INFO  [MultiTableRepo.events] Ensured table exists: split_verse_perf_test.events_0_9999
[2025-09-19 21:36:26.461] INFO  [MultiTableRepo.events] Ensured table exists: split_verse_perf_test.events_0_9999
[2025-09-19 21:36:26.462] INFO  [MultiTableRepo.events] Ensured table exists: split_verse_perf_test.events_0_9999
[2025-09-19 21:36:26.464] INFO  [MultiTableRepo.events] Ensured table exists: split_verse_perf_test.events_0_9999
[2025-09-19 21:36:26.476] INFO  [MultiTableRepo.events] Ensured table exists: split_verse_perf_test.events_0_9999
[2025-09-19 21:36:26.478] INFO  [MultiTableRepo.events] Ensured table exists: split_verse_perf_test.events_0_9999
[2025-09-19 21:36:26.478] INFO  [MultiTableRepo.events] Ensured table exists: split_verse_perf_test.events_0_9999
[2025-09-19 21:36:26.486] INFO  [MultiTableRepo.events] Ensured table exists: split_verse_perf_test.events_0_9999
[2025-09-19 21:36:26.491] INFO  [MultiTableRepo.events] Ensured table exists: split_verse_perf_test.events_0_9999
[2025-09-19 21:36:26.492] INFO  [MultiTableRepo.events] Ensured table exists: split_verse_perf_test.events_0_9999
[2025-09-19 21:36:26.500] INFO  [MultiTableRepo.events] Ensured table exists: split_verse_perf_test.events_0_9999
[2025-09-19 21:36:26.502] INFO  [MultiTableRepo.events] Ensured table exists: split_verse_perf_test.events_0_9999
[2025-09-19 21:36:26.506] INFO  [MultiTableRepo.events] Ensured table exists: split_verse_perf_test.events_0_9999
[2025-09-19 21:36:26.511] INFO  [MultiTableRepo.events] Ensured table exists: split_verse_perf_test.events_0_9999
[2025-09-19 21:36:26.513] INFO  [MultiTableRepo.events] Ensured table exists: split_verse_perf_test.events_0_9999
[2025-09-19 21:36:26.526] INFO  [MultiTableRepo.events] Ensured table exists: split_verse_perf_test.events_0_9999
[2025-09-19 21:36:26.531] INFO  [MultiTableRepo.events] Ensured table exists: split_verse_perf_test.events_0_9999
[2025-09-19 21:36:26.532] INFO  [MultiTableRepo.events] Ensured table exists: split_verse_perf_test.events_0_9999
[2025-09-19 21:36:26.533] INFO  [MultiTableRepo.events] Ensured table exists: split_verse_perf_test.events_0_9999
[2025-09-19 21:36:26.537] INFO  [MultiTableRepo.events] Ensured table exists: split_verse_perf_test.events_0_9999
[2025-09-19 21:36:26.540] INFO  [MultiTableRepo.events] Ensured table exists: split_verse_perf_test.events_0_9999
[2025-09-19 21:36:26.554] INFO  [MultiTableRepo.events] Ensured table exists: split_verse_perf_test.events_0_9999
[2025-09-19 21:36:26.555] INFO  [MultiTableRepo.events] Ensured table exists: split_verse_perf_test.events_0_9999
[2025-09-19 21:36:26.557] INFO  [MultiTableRepo.events] Ensured table exists: split_verse_perf_test.events_0_9999
[2025-09-19 21:36:26.561] INFO  [MultiTableRepo.events] Ensured table exists: split_verse_perf_test.events_0_9999
[2025-09-19 21:36:26.568] INFO  [MultiTableRepo.events] Ensured table exists: split_verse_perf_test.events_0_9999
[2025-09-19 21:36:26.576] INFO  [MultiTableRepo.events] Ensured table exists: split_verse_perf_test.events_0_9999
[2025-09-19 21:36:26.576] INFO  [MultiTableRepo.events] Ensured table exists: split_verse_perf_test.events_0_9999
[2025-09-19 21:36:26.581] INFO  [MultiTableRepo.events] Ensured table exists: split_verse_perf_test.events_0_9999
[2025-09-19 21:36:26.589] INFO  [MultiTableRepo.events] Ensured table exists: split_verse_perf_test.events_0_9999
[2025-09-19 21:36:26.590] INFO  [MultiTableRepo.events] Ensured table exists: split_verse_perf_test.events_0_9999
[2025-09-19 21:36:26.591] INFO  [MultiTableRepo.events] Ensured table exists: split_verse_perf_test.events_0_9999
[2025-09-19 21:36:26.598] INFO  [MultiTableRepo.events] Ensured table exists: split_verse_perf_test.events_0_9999
[2025-09-19 21:36:26.601] INFO  [MultiTableRepo.events] Ensured table exists: split_verse_perf_test.events_0_9999
[2025-09-19 21:36:26.607] INFO  [MultiTableRepo.events] Ensured table exists: split_verse_perf_test.events_0_9999
[2025-09-19 21:36:26.609] INFO  [MultiTableRepo.events] Ensured table exists: split_verse_perf_test.events_0_9999
[2025-09-19 21:36:26.611] INFO  [MultiTableRepo.events] Ensured table exists: split_verse_perf_test.events_0_9999
[2025-09-19 21:36:26.614] INFO  [MultiTableRepo.events] Ensured table exists: split_verse_perf_test.events_0_9999
[2025-09-19 21:36:26.615] INFO  [MultiTableRepo.events] Ensured table exists: split_verse_perf_test.events_0_9999
[2025-09-19 21:36:26.622] INFO  [MultiTableRepo.events] Ensured table exists: split_verse_perf_test.events_0_9999
[2025-09-19 21:36:26.627] INFO  [MultiTableRepo.events] Ensured table exists: split_verse_perf_test.events_0_9999
[2025-09-19 21:36:26.634] INFO  [MultiTableRepo.events] Ensured table exists: split_verse_perf_test.events_0_9999
[2025-09-19 21:36:26.636] INFO  [MultiTableRepo.events] Ensured table exists: split_verse_perf_test.events_0_9999
[2025-09-19 21:36:26.645] INFO  [MultiTableRepo.events] Ensured table exists: split_verse_perf_test.events_0_9999
[2025-09-19 21:36:26.661] INFO  [MultiTableRepo.events] Ensured table exists: split_verse_perf_test.events_0_9999
[2025-09-19 21:36:26.662] INFO  [MultiTableRepo.events] Ensured table exists: split_verse_perf_test.events_0_9999
[2025-09-19 21:36:26.671] INFO  [MultiTableRepo.events] Ensured table exists: split_verse_perf_test.events_0_9999
[2025-09-19 21:36:26.672] INFO  [MultiTableRepo.events] Ensured table exists: split_verse_perf_test.events_0_9999
[2025-09-19 21:36:26.675] INFO  [MultiTableRepo.events] Ensured table exists: split_verse_perf_test.events_0_9999
[2025-09-19 21:36:26.681] INFO  [MultiTableRepo.events] Ensured table exists: split_verse_perf_test.events_0_9999
[2025-09-19 21:36:26.686] INFO  [MultiTableRepo.events] Ensured table exists: split_verse_perf_test.events_0_9999
[2025-09-19 21:36:26.693] INFO  [MultiTableRepo.events] Ensured table exists: split_verse_perf_test.events_0_9999
[2025-09-19 21:36:26.696] INFO  [MultiTableRepo.events] Ensured table exists: split_verse_perf_test.events_0_9999
[2025-09-19 21:36:26.697] INFO  [MultiTableRepo.events] Ensured table exists: split_verse_perf_test.events_0_9999
[2025-09-19 21:36:26.701] INFO  [MultiTableRepo.events] Ensured table exists: split_verse_perf_test.events_0_9999
[2025-09-19 21:36:26.702] INFO  [MultiTableRepo.events] Ensured table exists: split_verse_perf_test.events_0_9999
[2025-09-19 21:36:26.715] INFO  [MultiTableRepo.events] Ensured table exists: split_verse_perf_test.events_0_9999
[2025-09-19 21:36:26.720] INFO  [MultiTableRepo.events] Ensured table exists: split_verse_perf_test.events_0_9999
[2025-09-19 21:36:26.723] INFO  [MultiTableRepo.events] Ensured table exists: split_verse_perf_test.events_0_9999
[2025-09-19 21:36:26.737] INFO  [MultiTableRepo.events] Ensured table exists: split_verse_perf_test.events_0_9999
[2025-09-19 21:36:26.740] INFO  [MultiTableRepo.events] Ensured table exists: split_verse_perf_test.events_0_9999
[2025-09-19 21:36:26.748] INFO  [MultiTableRepo.events] Ensured table exists: split_verse_perf_test.events_0_9999
[2025-09-19 21:36:26.756] INFO  [MultiTableRepo.events] Ensured table exists: split_verse_perf_test.events_0_9999
[2025-09-19 21:36:26.777] INFO  [MultiTableRepo.events] Ensured table exists: split_verse_perf_test.events_0_9999
[2025-09-19 21:36:26.782] INFO  [MultiTableRepo.events] Ensured table exists: split_verse_perf_test.events_0_9999
[2025-09-19 21:36:26.797] INFO  [MultiTableRepo.events] Ensured table exists: split_verse_perf_test.events_0_9999
[2025-09-19 21:36:26.808] INFO  [MultiTableRepo.events] Ensured table exists: split_verse_perf_test.events_0_9999
[2025-09-19 21:36:26.812] INFO  [MultiTableRepo.events] Ensured table exists: split_verse_perf_test.events_0_9999
[2025-09-19 21:36:26.817] INFO  [MultiTableRepo.events] Ensured table exists: split_verse_perf_test.events_0_9999
[2025-09-19 21:36:26.820] INFO  [MultiTableRepo.events] Ensured table exists: split_verse_perf_test.events_0_9999
[2025-09-19 21:36:26.827] INFO  [MultiTableRepo.events] Ensured table exists: split_verse_perf_test.events_0_9999
[2025-09-19 21:36:26.827] INFO  [MultiTableRepo.events] Ensured table exists: split_verse_perf_test.events_0_9999
[2025-09-19 21:36:26.832] INFO  [MultiTableRepo.events] Ensured table exists: split_verse_perf_test.events_0_9999
[2025-09-19 21:36:26.836] INFO  [MultiTableRepo.events] Ensured table exists: split_verse_perf_test.events_0_9999
[2025-09-19 21:36:26.842] INFO  [MultiTableRepo.events] Ensured table exists: split_verse_perf_test.events_0_9999
[2025-09-19 21:36:26.842] INFO  [MultiTableRepo.events] Ensured table exists: split_verse_perf_test.events_0_9999
[2025-09-19 21:36:26.842] INFO  [MultiTableRepo.events] Ensured table exists: split_verse_perf_test.events_0_9999
[2025-09-19 21:36:26.848] INFO  [MultiTableRepo.events] Ensured table exists: split_verse_perf_test.events_0_9999
[2025-09-19 21:36:26.852] INFO  [MultiTableRepo.events] Ensured table exists: split_verse_perf_test.events_0_9999
[2025-09-19 21:36:26.852] INFO  [MultiTableRepo.events] Ensured table exists: split_verse_perf_test.events_0_9999
[2025-09-19 21:36:26.854] INFO  [MultiTableRepo.events] Ensured table exists: split_verse_perf_test.events_0_9999
[2025-09-19 21:36:26.858] INFO  [MultiTableRepo.events] Ensured table exists: split_verse_perf_test.events_0_9999
[2025-09-19 21:36:26.864] INFO  [MultiTableRepo.events] Ensured table exists: split_verse_perf_test.events_0_9999
[2025-09-19 21:36:26.869] INFO  [MultiTableRepo.events] Ensured table exists: split_verse_perf_test.events_0_9999
[2025-09-19 21:36:26.870] INFO  [MultiTableRepo.events] Ensured table exists: split_verse_perf_test.events_0_9999
[2025-09-19 21:36:26.870] INFO  [MultiTableRepo.events] Ensured table exists: split_verse_perf_test.events_0_9999
[2025-09-19 21:36:26.876] INFO  [MultiTableRepo.events] Ensured table exists: split_verse_perf_test.events_0_9999
[2025-09-19 21:36:26.876] INFO  [MultiTableRepo.events] Ensured table exists: split_verse_perf_test.events_0_9999
[2025-09-19 21:36:26.879] INFO  [MultiTableRepo.events] Ensured table exists: split_verse_perf_test.events_0_9999
[2025-09-19 21:36:26.883] INFO  [MultiTableRepo.events] Ensured table exists: split_verse_perf_test.events_0_9999
[2025-09-19 21:36:26.891] INFO  [MultiTableRepo.events] Ensured table exists: split_verse_perf_test.events_0_9999
[2025-09-19 21:36:26.893] INFO  [MultiTableRepo.events] Ensured table exists: split_verse_perf_test.events_0_9999
[2025-09-19 21:36:26.894] INFO  [MultiTableRepo.events] Ensured table exists: split_verse_perf_test.events_0_9999
[2025-09-19 21:36:26.894] INFO  [MultiTableRepo.events] Ensured table exists: split_verse_perf_test.events_0_9999
[2025-09-19 21:36:26.896] INFO  [MultiTableRepo.events] Ensured table exists: split_verse_perf_test.events_0_9999
[2025-09-19 21:36:26.899] INFO  [MultiTableRepo.events] Ensured table exists: split_verse_perf_test.events_0_9999
[2025-09-19 21:36:26.904] INFO  [MultiTableRepo.events] Ensured table exists: split_verse_perf_test.events_0_9999
[2025-09-19 21:36:26.907] INFO  [MultiTableRepo.events] Ensured table exists: split_verse_perf_test.events_0_9999
[2025-09-19 21:36:26.907] INFO  [MultiTableRepo.events] Ensured table exists: split_verse_perf_test.events_0_9999
[2025-09-19 21:36:26.913] INFO  [MultiTableRepo.events] Ensured table exists: split_verse_perf_test.events_0_9999
[2025-09-19 21:36:26.917] INFO  [MultiTableRepo.events] Ensured table exists: split_verse_perf_test.events_0_9999
[2025-09-19 21:36:26.918] INFO  [MultiTableRepo.events] Ensured table exists: split_verse_perf_test.events_0_9999
[2025-09-19 21:36:26.919] INFO  [MultiTableRepo.events] Ensured table exists: split_verse_perf_test.events_0_9999
[2025-09-19 21:36:26.923] INFO  [MultiTableRepo.events] Ensured table exists: split_verse_perf_test.events_0_9999
[2025-09-19 21:36:26.934] INFO  [MultiTableRepo.events] Ensured table exists: split_verse_perf_test.events_0_9999
[2025-09-19 21:36:26.941] INFO  [MultiTableRepo.events] Ensured table exists: split_verse_perf_test.events_0_9999
[2025-09-19 21:36:26.942] INFO  [MultiTableRepo.events] Ensured table exists: split_verse_perf_test.events_0_9999
[2025-09-19 21:36:26.944] INFO  [MultiTableRepo.events] Ensured table exists: split_verse_perf_test.events_0_9999
[2025-09-19 21:36:26.951] INFO  [MultiTableRepo.events] Ensured table exists: split_verse_perf_test.events_0_9999
[2025-09-19 21:36:26.958] INFO  [MultiTableRepo.events] Ensured table exists: split_verse_perf_test.events_0_9999
[2025-09-19 21:36:26.964] INFO  [MultiTableRepo.events] Ensured table exists: split_verse_perf_test.events_0_9999
[2025-09-19 21:36:26.969] INFO  [MultiTableRepo.events] Ensured table exists: split_verse_perf_test.events_0_9999
[2025-09-19 21:36:26.970] INFO  [MultiTableRepo.events] Ensured table exists: split_verse_perf_test.events_0_9999
[2025-09-19 21:36:26.978] INFO  [MultiTableRepo.events] Ensured table exists: split_verse_perf_test.events_0_9999
[2025-09-19 21:36:26.980] INFO  [MultiTableRepo.events] Ensured table exists: split_verse_perf_test.events_0_9999
[2025-09-19 21:36:26.984] INFO  [MultiTableRepo.events] Ensured table exists: split_verse_perf_test.events_0_9999
[2025-09-19 21:36:26.989] INFO  [MultiTableRepo.events] Ensured table exists: split_verse_perf_test.events_0_9999
[2025-09-19 21:36:26.996] INFO  [MultiTableRepo.events] Ensured table exists: split_verse_perf_test.events_0_9999
[2025-09-19 21:36:27.001] INFO  [MultiTableRepo.events] Ensured table exists: split_verse_perf_test.events_0_9999
[2025-09-19 21:36:27.006] INFO  [MultiTableRepo.events] Ensured table exists: split_verse_perf_test.events_0_9999
[2025-09-19 21:36:27.012] INFO  [MultiTableRepo.events] Ensured table exists: split_verse_perf_test.events_0_9999
[2025-09-19 21:36:27.017] INFO  [MultiTableRepo.events] Ensured table exists: split_verse_perf_test.events_0_9999
[2025-09-19 21:36:27.022] INFO  [MultiTableRepo.events] Ensured table exists: split_verse_perf_test.events_0_9999
[2025-09-19 21:36:27.026] INFO  [MultiTableRepo.events] Ensured table exists: split_verse_perf_test.events_0_9999
[2025-09-19 21:36:27.027] INFO  [MultiTableRepo.events] Ensured table exists: split_verse_perf_test.events_0_9999
[2025-09-19 21:36:27.028] INFO  [MultiTableRepo.events] Ensured table exists: split_verse_perf_test.events_0_9999
[2025-09-19 21:36:27.033] INFO  [MultiTableRepo.events] Ensured table exists: split_verse_perf_test.events_0_9999
[2025-09-19 21:36:27.040] INFO  [MultiTableRepo.events] Ensured table exists: split_verse_perf_test.events_0_9999
[2025-09-19 21:36:27.043] INFO  [MultiTableRepo.events] Ensured table exists: split_verse_perf_test.events_0_9999
[2025-09-19 21:36:27.045] INFO  [MultiTableRepo.events] Ensured table exists: split_verse_perf_test.events_0_9999
[2025-09-19 21:36:27.051] INFO  [MultiTableRepo.events] Ensured table exists: split_verse_perf_test.events_0_9999
[2025-09-19 21:36:27.076] INFO  [MultiTableRepo.events] Ensured table exists: split_verse_perf_test.events_0_9999
[2025-09-19 21:36:27.078] INFO  [MultiTableRepo.events] Ensured table exists: split_verse_perf_test.events_0_9999
[2025-09-19 21:36:27.088] INFO  [MultiTableRepo.events] Ensured table exists: split_verse_perf_test.events_0_9999
[2025-09-19 21:36:27.090] INFO  [MultiTableRepo.events] Ensured table exists: split_verse_perf_test.events_0_9999
[2025-09-19 21:36:27.090] INFO  [MultiTableRepo.events] Ensured table exists: split_verse_perf_test.events_0_9999
[2025-09-19 21:36:27.091] INFO  [MultiTableRepo.events] Ensured table exists: split_verse_perf_test.events_0_9999
[2025-09-19 21:36:27.100] INFO  [MultiTableRepo.events] Ensured table exists: split_verse_perf_test.events_0_9999
[2025-09-19 21:36:27.104] INFO  [MultiTableRepo.events] Ensured table exists: split_verse_perf_test.events_0_9999
[2025-09-19 21:36:27.112] INFO  [MultiTableRepo.events] Ensured table exists: split_verse_perf_test.events_0_9999
[2025-09-19 21:36:27.113] INFO  [MultiTableRepo.events] Ensured table exists: split_verse_perf_test.events_0_9999
[2025-09-19 21:36:27.118] INFO  [MultiTableRepo.events] Ensured table exists: split_verse_perf_test.events_0_9999
[2025-09-19 21:36:27.121] INFO  [MultiTableRepo.events] Ensured table exists: split_verse_perf_test.events_0_9999
[2025-09-19 21:36:27.127] INFO  [MultiTableRepo.events] Ensured table exists: split_verse_perf_test.events_0_9999
[2025-09-19 21:36:27.130] INFO  [MultiTableRepo.events] Ensured table exists: split_verse_perf_test.events_0_9999
[2025-09-19 21:36:27.133] INFO  [MultiTableRepo.events] Ensured table exists: split_verse_perf_test.events_0_9999
[2025-09-19 21:36:27.133] INFO  [MultiTableRepo.events] Ensured table exists: split_verse_perf_test.events_0_9999
[2025-09-19 21:36:27.142] INFO  [MultiTableRepo.events] Ensured table exists: split_verse_perf_test.events_0_9999
[2025-09-19 21:36:27.142] INFO  [MultiTableRepo.events] Ensured table exists: split_verse_perf_test.events_0_9999
[2025-09-19 21:36:27.143] INFO  [MultiTableRepo.events] Ensured table exists: split_verse_perf_test.events_0_9999
[2025-09-19 21:36:27.154] INFO  [MultiTableRepo.events] Ensured table exists: split_verse_perf_test.events_0_9999
[2025-09-19 21:36:27.155] INFO  [MultiTableRepo.events] Ensured table exists: split_verse_perf_test.events_0_9999
[2025-09-19 21:36:27.162] INFO  [MultiTableRepo.events] Ensured table exists: split_verse_perf_test.events_0_9999
[2025-09-19 21:36:27.170] INFO  [MultiTableRepo.events] Ensured table exists: split_verse_perf_test.events_0_9999
[2025-09-19 21:36:27.172] INFO  [MultiTableRepo.events] Ensured table exists: split_verse_perf_test.events_0_9999
[2025-09-19 21:36:27.176] INFO  [MultiTableRepo.events] Ensured table exists: split_verse_perf_test.events_0_9999
[2025-09-19 21:36:27.180] INFO  [MultiTableRepo.events] Ensured table exists: split_verse_perf_test.events_0_9999
[2025-09-19 21:36:27.185] INFO  [MultiTableRepo.events] Ensured table exists: split_verse_perf_test.events_0_9999
[2025-09-19 21:36:27.193] INFO  [MultiTableRepo.events] Ensured table exists: split_verse_perf_test.events_0_9999
[2025-09-19 21:36:27.196] INFO  [MultiTableRepo.events] Ensured table exists: split_verse_perf_test.events_0_9999
[2025-09-19 21:36:27.201] INFO  [MultiTableRepo.events] Ensured table exists: split_verse_perf_test.events_0_9999
[2025-09-19 21:36:27.207] INFO  [MultiTableRepo.events] Ensured table exists: split_verse_perf_test.events_0_9999
[2025-09-19 21:36:27.218] INFO  [MultiTableRepo.events] Ensured table exists: split_verse_perf_test.events_0_9999
[2025-09-19 21:36:27.227] INFO  [MultiTableRepo.events] Ensured table exists: split_verse_perf_test.events_0_9999
[2025-09-19 21:36:27.239] INFO  [MultiTableRepo.events] Ensured table exists: split_verse_perf_test.events_0_9999
[2025-09-19 21:36:27.249] INFO  [MultiTableRepo.events] Ensured table exists: split_verse_perf_test.events_0_9999
[2025-09-19 21:36:27.254] INFO  [MultiTableRepo.events] Ensured table exists: split_verse_perf_test.events_0_9999
[2025-09-19 21:36:27.256] INFO  [MultiTableRepo.events] Ensured table exists: split_verse_perf_test.events_0_9999
[2025-09-19 21:36:27.257] INFO  [MultiTableRepo.events] Ensured table exists: split_verse_perf_test.events_0_9999
[2025-09-19 21:36:27.274] INFO  [MultiTableRepo.events] Ensured table exists: split_verse_perf_test.events_0_9999
[2025-09-19 21:36:27.275] INFO  [MultiTableRepo.events] Ensured table exists: split_verse_perf_test.events_0_9999
[2025-09-19 21:36:27.276] INFO  [MultiTableRepo.events] Ensured table exists: split_verse_perf_test.events_0_9999
[2025-09-19 21:36:27.276] INFO  [MultiTableRepo.events] Ensured table exists: split_verse_perf_test.events_0_9999
[2025-09-19 21:36:27.294] INFO  [MultiTableRepo.events] Ensured table exists: split_verse_perf_test.events_0_9999
[2025-09-19 21:36:27.294] INFO  [MultiTableRepo.events] Ensured table exists: split_verse_perf_test.events_0_9999
[2025-09-19 21:36:27.299] INFO  [MultiTableRepo.events] Ensured table exists: split_verse_perf_test.events_0_9999
[2025-09-19 21:36:27.303] INFO  [MultiTableRepo.events] Ensured table exists: split_verse_perf_test.events_0_9999
[2025-09-19 21:36:27.303] INFO  [MultiTableRepo.events] Ensured table exists: split_verse_perf_test.events_0_9999
[2025-09-19 21:36:27.311] INFO  [MultiTableRepo.events] Ensured table exists: split_verse_perf_test.events_0_9999
[2025-09-19 21:36:27.312] INFO  [MultiTableRepo.events] Ensured table exists: split_verse_perf_test.events_0_9999
[2025-09-19 21:36:27.316] INFO  [MultiTableRepo.events] Ensured table exists: split_verse_perf_test.events_0_9999
[2025-09-19 21:36:27.319] INFO  [MultiTableRepo.events] Ensured table exists: split_verse_perf_test.events_0_9999
[2025-09-19 21:36:27.320] INFO  [MultiTableRepo.events] Ensured table exists: split_verse_perf_test.events_0_9999
[2025-09-19 21:36:27.322] INFO  [MultiTableRepo.events] Ensured table exists: split_verse_perf_test.events_0_9999
[2025-09-19 21:36:27.325] INFO  [MultiTableRepo.events] Ensured table exists: split_verse_perf_test.events_0_9999
[2025-09-19 21:36:27.326] INFO  [MultiTableRepo.events] Ensured table exists: split_verse_perf_test.events_0_9999
[2025-09-19 21:36:27.330] INFO  [MultiTableRepo.events] Ensured table exists: split_verse_perf_test.events_0_9999
[2025-09-19 21:36:27.337] INFO  [MultiTableRepo.events] Ensured table exists: split_verse_perf_test.events_0_9999
[2025-09-19 21:36:27.338] INFO  [MultiTableRepo.events] Ensured table exists: split_verse_perf_test.events_0_9999
[2025-09-19 21:36:27.338] INFO  [MultiTableRepo.events] Ensured table exists: split_verse_perf_test.events_0_9999
[2025-09-19 21:36:27.342] INFO  [MultiTableRepo.events] Ensured table exists: split_verse_perf_test.events_0_9999
[2025-09-19 21:36:27.344] INFO  [MultiTableRepo.events] Ensured table exists: split_verse_perf_test.events_0_9999
[2025-09-19 21:36:27.349] INFO  [MultiTableRepo.events] Ensured table exists: split_verse_perf_test.events_0_9999
[2025-09-19 21:36:27.350] INFO  [MultiTableRepo.events] Ensured table exists: split_verse_perf_test.events_0_9999
[2025-09-19 21:36:27.358] INFO  [MultiTableRepo.events] Ensured table exists: split_verse_perf_test.events_0_9999
[2025-09-19 21:36:27.361] INFO  [MultiTableRepo.events] Ensured table exists: split_verse_perf_test.events_0_9999
[2025-09-19 21:36:27.364] INFO  [MultiTableRepo.events] Ensured table exists: split_verse_perf_test.events_0_9999
[2025-09-19 21:36:27.365] INFO  [MultiTableRepo.events] Ensured table exists: split_verse_perf_test.events_0_9999
[2025-09-19 21:36:27.366] INFO  [MultiTableRepo.events] Ensured table exists: split_verse_perf_test.events_0_9999
[2025-09-19 21:36:27.368] INFO  [MultiTableRepo.events] Ensured table exists: split_verse_perf_test.events_0_9999
[2025-09-19 21:36:27.370] INFO  [MultiTableRepo.events] Ensured table exists: split_verse_perf_test.events_0_9999
[2025-09-19 21:36:27.379] INFO  [MultiTableRepo.events] Ensured table exists: split_verse_perf_test.events_0_9999
[2025-09-19 21:36:27.383] INFO  [MultiTableRepo.events] Ensured table exists: split_verse_perf_test.events_0_9999
[2025-09-19 21:36:27.384] INFO  [MultiTableRepo.events] Ensured table exists: split_verse_perf_test.events_0_9999
[2025-09-19 21:36:27.385] INFO  [MultiTableRepo.events] Ensured table exists: split_verse_perf_test.events_0_9999
[2025-09-19 21:36:27.385] INFO  [MultiTableRepo.events] Ensured table exists: split_verse_perf_test.events_0_9999
[2025-09-19 21:36:27.391] INFO  [MultiTableRepo.events] Ensured table exists: split_verse_perf_test.events_0_9999
[2025-09-19 21:36:27.398] INFO  [MultiTableRepo.events] Ensured table exists: split_verse_perf_test.events_0_9999
[2025-09-19 21:36:27.399] INFO  [MultiTableRepo.events] Ensured table exists: split_verse_perf_test.events_0_9999
[2025-09-19 21:36:27.401] INFO  [MultiTableRepo.events] Ensured table exists: split_verse_perf_test.events_0_9999
[2025-09-19 21:36:27.403] INFO  [MultiTableRepo.events] Ensured table exists: split_verse_perf_test.events_0_9999
[2025-09-19 21:36:27.413] INFO  [MultiTableRepo.events] Ensured table exists: split_verse_perf_test.events_0_9999
[2025-09-19 21:36:27.420] INFO  [MultiTableRepo.events] Ensured table exists: split_verse_perf_test.events_0_9999
[2025-09-19 21:36:27.422] INFO  [MultiTableRepo.events] Ensured table exists: split_verse_perf_test.events_0_9999
[2025-09-19 21:36:27.422] INFO  [MultiTableRepo.events] Ensured table exists: split_verse_perf_test.events_0_9999
[2025-09-19 21:36:27.423] INFO  [MultiTableRepo.events] Ensured table exists: split_verse_perf_test.events_0_9999
[2025-09-19 21:36:27.438] INFO  [MultiTableRepo.events] Ensured table exists: split_verse_perf_test.events_0_9999
[2025-09-19 21:36:27.440] INFO  [MultiTableRepo.events] Ensured table exists: split_verse_perf_test.events_0_9999
[2025-09-19 21:36:27.442] INFO  [MultiTableRepo.events] Ensured table exists: split_verse_perf_test.events_0_9999
[2025-09-19 21:36:27.446] INFO  [MultiTableRepo.events] Ensured table exists: split_verse_perf_test.events_0_9999
[2025-09-19 21:36:27.449] INFO  [MultiTableRepo.events] Ensured table exists: split_verse_perf_test.events_0_9999
[2025-09-19 21:36:27.457] INFO  [MultiTableRepo.events] Ensured table exists: split_verse_perf_test.events_0_9999
[2025-09-19 21:36:27.458] INFO  [MultiTableRepo.events] Ensured table exists: split_verse_perf_test.events_0_9999
[2025-09-19 21:36:27.460] INFO  [MultiTableRepo.events] Ensured table exists: split_verse_perf_test.events_0_9999
[2025-09-19 21:36:27.466] INFO  [MultiTableRepo.events] Ensured table exists: split_verse_perf_test.events_0_9999
[2025-09-19 21:36:27.472] INFO  [MultiTableRepo.events] Ensured table exists: split_verse_perf_test.events_0_9999
[2025-09-19 21:36:27.477] INFO  [MultiTableRepo.events] Ensured table exists: split_verse_perf_test.events_0_9999
[2025-09-19 21:36:27.491] INFO  [MultiTableRepo.events] Ensured table exists: split_verse_perf_test.events_0_9999
[2025-09-19 21:36:27.492] INFO  [MultiTableRepo.events] Ensured table exists: split_verse_perf_test.events_0_9999
[2025-09-19 21:36:27.503] INFO  [MultiTableRepo.events] Ensured table exists: split_verse_perf_test.events_0_9999
[2025-09-19 21:36:27.505] INFO  [MultiTableRepo.events] Ensured table exists: split_verse_perf_test.events_0_9999
[2025-09-19 21:36:27.507] INFO  [MultiTableRepo.events] Ensured table exists: split_verse_perf_test.events_0_9999
[2025-09-19 21:36:27.520] INFO  [MultiTableRepo.events] Ensured table exists: split_verse_perf_test.events_0_9999
[2025-09-19 21:36:27.521] INFO  [MultiTableRepo.events] Ensured table exists: split_verse_perf_test.events_0_9999
[2025-09-19 21:36:27.526] INFO  [MultiTableRepo.events] Ensured table exists: split_verse_perf_test.events_0_9999
[2025-09-19 21:36:27.536] INFO  [MultiTableRepo.events] Ensured table exists: split_verse_perf_test.events_0_9999
[2025-09-19 21:36:27.537] INFO  [MultiTableRepo.events] Ensured table exists: split_verse_perf_test.events_0_9999
[2025-09-19 21:36:27.542] INFO  [MultiTableRepo.events] Ensured table exists: split_verse_perf_test.events_0_9999
[2025-09-19 21:36:27.551] INFO  [MultiTableRepo.events] Ensured table exists: split_verse_perf_test.events_0_9999
[2025-09-19 21:36:27.552] INFO  [MultiTableRepo.events] Ensured table exists: split_verse_perf_test.events_0_9999
[2025-09-19 21:36:27.554] INFO  [MultiTableRepo.events] Ensured table exists: split_verse_perf_test.events_0_9999
[2025-09-19 21:36:27.564] INFO  [MultiTableRepo.events] Ensured table exists: split_verse_perf_test.events_0_9999
[2025-09-19 21:36:27.565] INFO  [MultiTableRepo.events] Ensured table exists: split_verse_perf_test.events_0_9999
[2025-09-19 21:36:27.568] INFO  [MultiTableRepo.events] Ensured table exists: split_verse_perf_test.events_0_9999
[2025-09-19 21:36:27.573] INFO  [MultiTableRepo.events] Ensured table exists: split_verse_perf_test.events_0_9999
[2025-09-19 21:36:27.575] INFO  [MultiTableRepo.events] Ensured table exists: split_verse_perf_test.events_0_9999
[2025-09-19 21:36:27.582] INFO  [MultiTableRepo.events] Ensured table exists: split_verse_perf_test.events_0_9999
[2025-09-19 21:36:27.583] INFO  [MultiTableRepo.events] Ensured table exists: split_verse_perf_test.events_0_9999
[2025-09-19 21:36:27.585] INFO  [MultiTableRepo.events] Ensured table exists: split_verse_perf_test.events_0_9999
[2025-09-19 21:36:27.586] INFO  [MultiTableRepo.events] Ensured table exists: split_verse_perf_test.events_0_9999
[2025-09-19 21:36:27.587] INFO  [MultiTableRepo.events] Ensured table exists: split_verse_perf_test.events_0_9999
[2025-09-19 21:36:27.593] INFO  [MultiTableRepo.events] Ensured table exists: split_verse_perf_test.events_0_9999
[2025-09-19 21:36:27.596] INFO  [MultiTableRepo.events] Ensured table exists: split_verse_perf_test.events_0_9999
[2025-09-19 21:36:27.600] INFO  [MultiTableRepo.events] Ensured table exists: split_verse_perf_test.events_0_9999
[2025-09-19 21:36:27.601] INFO  [MultiTableRepo.events] Ensured table exists: split_verse_perf_test.events_0_9999
[2025-09-19 21:36:27.603] INFO  [MultiTableRepo.events] Ensured table exists: split_verse_perf_test.events_0_9999
[2025-09-19 21:36:27.608] INFO  [MultiTableRepo.events] Ensured table exists: split_verse_perf_test.events_0_9999
[2025-09-19 21:36:27.611] INFO  [MultiTableRepo.events] Ensured table exists: split_verse_perf_test.events_0_9999
[2025-09-19 21:36:27.618] INFO  [MultiTableRepo.events] Ensured table exists: split_verse_perf_test.events_0_9999
[2025-09-19 21:36:27.624] INFO  [MultiTableRepo.events] Ensured table exists: split_verse_perf_test.events_0_9999
[2025-09-19 21:36:27.625] INFO  [MultiTableRepo.events] Ensured table exists: split_verse_perf_test.events_0_9999
[2025-09-19 21:36:27.630] INFO  [MultiTableRepo.events] Ensured table exists: split_verse_perf_test.events_0_9999
[2025-09-19 21:36:27.634] INFO  [MultiTableRepo.events] Ensured table exists: split_verse_perf_test.events_0_9999
[2025-09-19 21:36:27.644] INFO  [MultiTableRepo.events] Ensured table exists: split_verse_perf_test.events_0_9999
[2025-09-19 21:36:27.647] INFO  [MultiTableRepo.events] Ensured table exists: split_verse_perf_test.events_0_9999
[2025-09-19 21:36:27.653] INFO  [MultiTableRepo.events] Ensured table exists: split_verse_perf_test.events_0_9999
[2025-09-19 21:36:27.660] INFO  [MultiTableRepo.events] Ensured table exists: split_verse_perf_test.events_0_9999
[2025-09-19 21:36:27.664] INFO  [MultiTableRepo.events] Ensured table exists: split_verse_perf_test.events_0_9999
[2025-09-19 21:36:27.672] INFO  [MultiTableRepo.events] Ensured table exists: split_verse_perf_test.events_0_9999
[2025-09-19 21:36:27.675] INFO  [MultiTableRepo.events] Ensured table exists: split_verse_perf_test.events_0_9999
[2025-09-19 21:36:27.677] INFO  [MultiTableRepo.events] Ensured table exists: split_verse_perf_test.events_0_9999
[2025-09-19 21:36:27.687] INFO  [MultiTableRepo.events] Ensured table exists: split_verse_perf_test.events_0_9999
[2025-09-19 21:36:27.688] INFO  [MultiTableRepo.events] Ensured table exists: split_verse_perf_test.events_0_9999
[2025-09-19 21:36:27.696] INFO  [MultiTableRepo.events] Ensured table exists: split_verse_perf_test.events_0_9999
[2025-09-19 21:36:27.696] INFO  [MultiTableRepo.events] Ensured table exists: split_verse_perf_test.events_0_9999
[2025-09-19 21:36:27.698] INFO  [MultiTableRepo.events] Ensured table exists: split_verse_perf_test.events_0_9999
[2025-09-19 21:36:27.701] INFO  [MultiTableRepo.events] Ensured table exists: split_verse_perf_test.events_0_9999
[2025-09-19 21:36:27.702] INFO  [MultiTableRepo.events] Ensured table exists: split_verse_perf_test.events_0_9999
[2025-09-19 21:36:27.707] INFO  [MultiTableRepo.events] Ensured table exists: split_verse_perf_test.events_0_9999
[2025-09-19 21:36:27.718] INFO  [MultiTableRepo.events] Ensured table exists: split_verse_perf_test.events_0_9999
[2025-09-19 21:36:27.719] INFO  [MultiTableRepo.events] Ensured table exists: split_verse_perf_test.events_0_9999
[2025-09-19 21:36:27.719] INFO  [MultiTableRepo.events] Ensured table exists: split_verse_perf_test.events_0_9999
[2025-09-19 21:36:27.719] INFO  [MultiTableRepo.events] Ensured table exists: split_verse_perf_test.events_0_9999
[2025-09-19 21:36:27.720] INFO  [MultiTableRepo.events] Ensured table exists: split_verse_perf_test.events_0_9999
[2025-09-19 21:36:27.721] INFO  [MultiTableRepo.events] Ensured table exists: split_verse_perf_test.events_0_9999
[2025-09-19 21:36:27.723] INFO  [MultiTableRepo.events] Ensured table exists: split_verse_perf_test.events_0_9999
[2025-09-19 21:36:27.725] INFO  [MultiTableRepo.events] Ensured table exists: split_verse_perf_test.events_0_9999
[2025-09-19 21:36:27.735] INFO  [MultiTableRepo.events] Ensured table exists: split_verse_perf_test.events_0_9999
[2025-09-19 21:36:27.735] INFO  [MultiTableRepo.events] Ensured table exists: split_verse_perf_test.events_0_9999
[2025-09-19 21:36:27.739] INFO  [MultiTableRepo.events] Ensured table exists: split_verse_perf_test.events_0_9999
[2025-09-19 21:36:27.740] INFO  [MultiTableRepo.events] Ensured table exists: split_verse_perf_test.events_0_9999
[2025-09-19 21:36:27.741] INFO  [MultiTableRepo.events] Ensured table exists: split_verse_perf_test.events_0_9999
[2025-09-19 21:36:27.742] INFO  [MultiTableRepo.events] Ensured table exists: split_verse_perf_test.events_0_9999
[2025-09-19 21:36:27.745] INFO  [MultiTableRepo.events] Ensured table exists: split_verse_perf_test.events_0_9999
[2025-09-19 21:36:27.745] INFO  [MultiTableRepo.events] Ensured table exists: split_verse_perf_test.events_0_9999
[2025-09-19 21:36:27.750] INFO  [MultiTableRepo.events] Ensured table exists: split_verse_perf_test.events_0_9999
[2025-09-19 21:36:27.752] INFO  [MultiTableRepo.events] Ensured table exists: split_verse_perf_test.events_0_9999
[2025-09-19 21:36:27.754] INFO  [MultiTableRepo.events] Ensured table exists: split_verse_perf_test.events_0_9999
[2025-09-19 21:36:27.754] INFO  [MultiTableRepo.events] Ensured table exists: split_verse_perf_test.events_0_9999
[2025-09-19 21:36:27.761] INFO  [MultiTableRepo.events] Ensured table exists: split_verse_perf_test.events_0_9999
[2025-09-19 21:36:27.761] INFO  [MultiTableRepo.events] Ensured table exists: split_verse_perf_test.events_0_9999
[2025-09-19 21:36:27.763] INFO  [MultiTableRepo.events] Ensured table exists: split_verse_perf_test.events_0_9999
[2025-09-19 21:36:27.768] INFO  [MultiTableRepo.events] Ensured table exists: split_verse_perf_test.events_0_9999
[2025-09-19 21:36:27.768] INFO  [MultiTableRepo.events] Ensured table exists: split_verse_perf_test.events_0_9999
[2025-09-19 21:36:27.772] INFO  [MultiTableRepo.events] Ensured table exists: split_verse_perf_test.events_0_9999
[2025-09-19 21:36:27.778] INFO  [MultiTableRepo.events] Ensured table exists: split_verse_perf_test.events_0_9999
[2025-09-19 21:36:27.779] INFO  [MultiTableRepo.events] Ensured table exists: split_verse_perf_test.events_0_9999
[2025-09-19 21:36:27.782] INFO  [MultiTableRepo.events] Ensured table exists: split_verse_perf_test.events_0_9999
[2025-09-19 21:36:27.782] INFO  [MultiTableRepo.events] Ensured table exists: split_verse_perf_test.events_0_9999
[2025-09-19 21:36:27.786] INFO  [MultiTableRepo.events] Ensured table exists: split_verse_perf_test.events_0_9999
[2025-09-19 21:36:27.793] INFO  [MultiTableRepo.events] Ensured table exists: split_verse_perf_test.events_0_9999
[2025-09-19 21:36:27.802] INFO  [MultiTableRepo.events] Ensured table exists: split_verse_perf_test.events_0_9999
[2025-09-19 21:36:27.805] INFO  [MultiTableRepo.events] Ensured table exists: split_verse_perf_test.events_0_9999
[2025-09-19 21:36:27.809] INFO  [MultiTableRepo.events] Ensured table exists: split_verse_perf_test.events_0_9999
[2025-09-19 21:36:27.820] INFO  [MultiTableRepo.events] Ensured table exists: split_verse_perf_test.events_0_9999
[2025-09-19 21:36:27.820] INFO  [MultiTableRepo.events] Ensured table exists: split_verse_perf_test.events_0_9999
[2025-09-19 21:36:27.824] INFO  [MultiTableRepo.events] Ensured table exists: split_verse_perf_test.events_0_9999
[2025-09-19 21:36:27.828] INFO  [MultiTableRepo.events] Ensured table exists: split_verse_perf_test.events_0_9999
[2025-09-19 21:36:27.830] INFO  [MultiTableRepo.events] Ensured table exists: split_verse_perf_test.events_0_9999
[2025-09-19 21:36:27.834] INFO  [MultiTableRepo.events] Ensured table exists: split_verse_perf_test.events_0_9999
[2025-09-19 21:36:27.834] INFO  [MultiTableRepo.events] Ensured table exists: split_verse_perf_test.events_0_9999
[2025-09-19 21:36:27.839] INFO  [MultiTableRepo.events] Ensured table exists: split_verse_perf_test.events_0_9999
[2025-09-19 21:36:27.844] INFO  [MultiTableRepo.events] Ensured table exists: split_verse_perf_test.events_0_9999
[2025-09-19 21:36:27.849] INFO  [MultiTableRepo.events] Ensured table exists: split_verse_perf_test.events_0_9999
[2025-09-19 21:36:27.850] INFO  [MultiTableRepo.events] Ensured table exists: split_verse_perf_test.events_0_9999
[2025-09-19 21:36:27.860] INFO  [MultiTableRepo.events] Ensured table exists: split_verse_perf_test.events_0_9999
[2025-09-19 21:36:27.861] INFO  [MultiTableRepo.events] Ensured table exists: split_verse_perf_test.events_0_9999
[2025-09-19 21:36:27.866] INFO  [MultiTableRepo.events] Ensured table exists: split_verse_perf_test.events_0_9999
[2025-09-19 21:36:27.868] INFO  [MultiTableRepo.events] Ensured table exists: split_verse_perf_test.events_0_9999
[2025-09-19 21:36:27.874] INFO  [MultiTableRepo.events] Ensured table exists: split_verse_perf_test.events_0_9999
[2025-09-19 21:36:27.883] INFO  [MultiTableRepo.events] Ensured table exists: split_verse_perf_test.events_0_9999
[2025-09-19 21:36:27.886] INFO  [MultiTableRepo.events] Ensured table exists: split_verse_perf_test.events_0_9999
[2025-09-19 21:36:27.895] INFO  [MultiTableRepo.events] Ensured table exists: split_verse_perf_test.events_0_9999
[2025-09-19 21:36:27.898] INFO  [MultiTableRepo.events] Ensured table exists: split_verse_perf_test.events_0_9999
[2025-09-19 21:36:27.901] INFO  [MultiTableRepo.events] Ensured table exists: split_verse_perf_test.events_0_9999
[2025-09-19 21:36:27.910] INFO  [MultiTableRepo.events] Ensured table exists: split_verse_perf_test.events_0_9999
[2025-09-19 21:36:27.911] INFO  [MultiTableRepo.events] Ensured table exists: split_verse_perf_test.events_0_9999
[2025-09-19 21:36:27.911] INFO  [MultiTableRepo.events] Ensured table exists: split_verse_perf_test.events_0_9999
[2025-09-19 21:36:27.923] INFO  [MultiTableRepo.events] Ensured table exists: split_verse_perf_test.events_0_9999
[2025-09-19 21:36:27.928] INFO  [MultiTableRepo.events] Ensured table exists: split_verse_perf_test.events_0_9999
[2025-09-19 21:36:27.928] INFO  [MultiTableRepo.events] Ensured table exists: split_verse_perf_test.events_0_9999
[2025-09-19 21:36:27.929] INFO  [MultiTableRepo.events] Ensured table exists: split_verse_perf_test.events_0_9999
[2025-09-19 21:36:27.932] INFO  [MultiTableRepo.events] Ensured table exists: split_verse_perf_test.events_0_9999
[2025-09-19 21:36:27.939] INFO  [MultiTableRepo.events] Ensured table exists: split_verse_perf_test.events_0_9999
[2025-09-19 21:36:27.944] INFO  [MultiTableRepo.events] Ensured table exists: split_verse_perf_test.events_0_9999
[2025-09-19 21:36:27.944] INFO  [MultiTableRepo.events] Ensured table exists: split_verse_perf_test.events_0_9999
[2025-09-19 21:36:27.945] INFO  [MultiTableRepo.events] Ensured table exists: split_verse_perf_test.events_0_9999
[2025-09-19 21:36:27.946] INFO  [MultiTableRepo.events] Ensured table exists: split_verse_perf_test.events_0_9999
[2025-09-19 21:36:27.950] INFO  [MultiTableRepo.events] Ensured table exists: split_verse_perf_test.events_0_9999
[2025-09-19 21:36:27.955] INFO  [MultiTableRepo.events] Ensured table exists: split_verse_perf_test.events_0_9999
[2025-09-19 21:36:27.960] INFO  [MultiTableRepo.events] Ensured table exists: split_verse_perf_test.events_0_9999
[2025-09-19 21:36:27.962] INFO  [MultiTableRepo.events] Ensured table exists: split_verse_perf_test.events_0_9999
[2025-09-19 21:36:27.962] INFO  [MultiTableRepo.events] Ensured table exists: split_verse_perf_test.events_0_9999
[2025-09-19 21:36:27.962] INFO  [MultiTableRepo.events] Ensured table exists: split_verse_perf_test.events_0_9999
[2025-09-19 21:36:27.970] INFO  [MultiTableRepo.events] Ensured table exists: split_verse_perf_test.events_0_9999
[2025-09-19 21:36:27.971] INFO  [MultiTableRepo.events] Ensured table exists: split_verse_perf_test.events_0_9999
[2025-09-19 21:36:27.973] INFO  [MultiTableRepo.events] Ensured table exists: split_verse_perf_test.events_0_9999
[2025-09-19 21:36:27.977] INFO  [MultiTableRepo.events] Ensured table exists: split_verse_perf_test.events_0_9999
[2025-09-19 21:36:27.982] INFO  [MultiTableRepo.events] Ensured table exists: split_verse_perf_test.events_0_9999
[2025-09-19 21:36:27.983] INFO  [MultiTableRepo.events] Ensured table exists: split_verse_perf_test.events_0_9999
[2025-09-19 21:36:27.983] INFO  [MultiTableRepo.events] Ensured table exists: split_verse_perf_test.events_0_9999
[2025-09-19 21:36:27.988] INFO  [MultiTableRepo.events] Ensured table exists: split_verse_perf_test.events_0_9999
[2025-09-19 21:36:27.993] INFO  [MultiTableRepo.events] Ensured table exists: split_verse_perf_test.events_0_9999
[2025-09-19 21:36:27.995] INFO  [MultiTableRepo.events] Ensured table exists: split_verse_perf_test.events_0_9999
[2025-09-19 21:36:28.003] INFO  [MultiTableRepo.events] Ensured table exists: split_verse_perf_test.events_0_9999
[2025-09-19 21:36:28.016] INFO  [MultiTableRepo.events] Ensured table exists: split_verse_perf_test.events_0_9999
[2025-09-19 21:36:28.035] INFO  [MultiTableRepo.events] Ensured table exists: split_verse_perf_test.events_0_9999
[2025-09-19 21:36:28.056] INFO  [MultiTableRepo.events] Ensured table exists: split_verse_perf_test.events_0_9999
[2025-09-19 21:36:28.064] INFO  [MultiTableRepo.events] Ensured table exists: split_verse_perf_test.events_0_9999
[2025-09-19 21:36:28.069] INFO  [MultiTableRepo.events] Ensured table exists: split_verse_perf_test.events_0_9999
[2025-09-19 21:36:28.072] INFO  [MultiTableRepo.events] Ensured table exists: split_verse_perf_test.events_0_9999
[2025-09-19 21:36:28.072] INFO  [MultiTableRepo.events] Ensured table exists: split_verse_perf_test.events_0_9999
[2025-09-19 21:36:28.074] INFO  [MultiTableRepo.events] Ensured table exists: split_verse_perf_test.events_0_9999
[2025-09-19 21:36:28.080] INFO  [MultiTableRepo.events] Ensured table exists: split_verse_perf_test.events_0_9999
[2025-09-19 21:36:28.080] INFO  [MultiTableRepo.events] Ensured table exists: split_verse_perf_test.events_0_9999
[2025-09-19 21:36:28.084] INFO  [MultiTableRepo.events] Ensured table exists: split_verse_perf_test.events_0_9999
[2025-09-19 21:36:28.087] INFO  [MultiTableRepo.events] Ensured table exists: split_verse_perf_test.events_0_9999
[2025-09-19 21:36:28.091] INFO  [MultiTableRepo.events] Ensured table exists: split_verse_perf_test.events_0_9999
[2025-09-19 21:36:28.091] INFO  [MultiTableRepo.events] Ensured table exists: split_verse_perf_test.events_0_9999
[2025-09-19 21:36:28.091] INFO  [MultiTableRepo.events] Ensured table exists: split_verse_perf_test.events_0_9999
[2025-09-19 21:36:28.092] INFO  [MultiTableRepo.events] Ensured table exists: split_verse_perf_test.events_0_9999
[2025-09-19 21:36:28.095] INFO  [MultiTableRepo.events] Ensured table exists: split_verse_perf_test.events_0_9999
[2025-09-19 21:36:28.099] INFO  [MultiTableRepo.events] Ensured table exists: split_verse_perf_test.events_0_9999
[2025-09-19 21:36:28.103] INFO  [MultiTableRepo.events] Ensured table exists: split_verse_perf_test.events_0_9999
[2025-09-19 21:36:28.107] INFO  [MultiTableRepo.events] Ensured table exists: split_verse_perf_test.events_0_9999
[2025-09-19 21:36:28.112] INFO  [MultiTableRepo.events] Ensured table exists: split_verse_perf_test.events_0_9999
[2025-09-19 21:36:28.112] INFO  [MultiTableRepo.events] Ensured table exists: split_verse_perf_test.events_0_9999
[2025-09-19 21:36:28.112] INFO  [MultiTableRepo.events] Ensured table exists: split_verse_perf_test.events_0_9999
[2025-09-19 21:36:28.114] INFO  [MultiTableRepo.events] Ensured table exists: split_verse_perf_test.events_0_9999
[2025-09-19 21:36:28.115] INFO  [MultiTableRepo.events] Ensured table exists: split_verse_perf_test.events_0_9999
[2025-09-19 21:36:28.119] INFO  [MultiTableRepo.events] Ensured table exists: split_verse_perf_test.events_0_9999
[2025-09-19 21:36:28.124] INFO  [MultiTableRepo.events] Ensured table exists: split_verse_perf_test.events_0_9999
[2025-09-19 21:36:28.126] INFO  [MultiTableRepo.events] Ensured table exists: split_verse_perf_test.events_0_9999
[2025-09-19 21:36:28.128] INFO  [MultiTableRepo.events] Ensured table exists: split_verse_perf_test.events_0_9999
[2025-09-19 21:36:28.130] INFO  [MultiTableRepo.events] Ensured table exists: split_verse_perf_test.events_0_9999
[2025-09-19 21:36:28.130] INFO  [MultiTableRepo.events] Ensured table exists: split_verse_perf_test.events_0_9999
[2025-09-19 21:36:28.131] INFO  [MultiTableRepo.events] Ensured table exists: split_verse_perf_test.events_0_9999
[2025-09-19 21:36:28.134] INFO  [MultiTableRepo.events] Ensured table exists: split_verse_perf_test.events_0_9999
[2025-09-19 21:36:28.145] INFO  [MultiTableRepo.events] Ensured table exists: split_verse_perf_test.events_0_9999
[2025-09-19 21:36:28.146] INFO  [MultiTableRepo.events] Ensured table exists: split_verse_perf_test.events_0_9999
[2025-09-19 21:36:28.146] INFO  [MultiTableRepo.events] Ensured table exists: split_verse_perf_test.events_0_9999
[2025-09-19 21:36:28.148] INFO  [MultiTableRepo.events] Ensured table exists: split_verse_perf_test.events_0_9999
[2025-09-19 21:36:28.153] INFO  [MultiTableRepo.events] Ensured table exists: split_verse_perf_test.events_0_9999
[2025-09-19 21:36:28.155] INFO  [MultiTableRepo.events] Ensured table exists: split_verse_perf_test.events_0_9999
[2025-09-19 21:36:28.155] INFO  [MultiTableRepo.events] Ensured table exists: split_verse_perf_test.events_0_9999
[2025-09-19 21:36:28.175] INFO  [MultiTableRepo.events] Ensured table exists: split_verse_perf_test.events_0_9999
[2025-09-19 21:36:28.177] INFO  [MultiTableRepo.events] Ensured table exists: split_verse_perf_test.events_0_9999
[2025-09-19 21:36:28.181] INFO  [MultiTableRepo.events] Ensured table exists: split_verse_perf_test.events_0_9999
[2025-09-19 21:36:28.183] INFO  [MultiTableRepo.events] Ensured table exists: split_verse_perf_test.events_0_9999
[2025-09-19 21:36:28.184] INFO  [MultiTableRepo.events] Ensured table exists: split_verse_perf_test.events_0_9999
[2025-09-19 21:36:28.193] INFO  [MultiTableRepo.events] Ensured table exists: split_verse_perf_test.events_0_9999
[2025-09-19 21:36:28.204] INFO  [MultiTableRepo.events] Ensured table exists: split_verse_perf_test.events_0_9999
[2025-09-19 21:36:28.206] INFO  [MultiTableRepo.events] Ensured table exists: split_verse_perf_test.events_0_9999
[2025-09-19 21:36:28.206] INFO  [MultiTableRepo.events] Ensured table exists: split_verse_perf_test.events_0_9999
[2025-09-19 21:36:28.208] INFO  [MultiTableRepo.events] Ensured table exists: split_verse_perf_test.events_0_9999
[2025-09-19 21:36:28.229] INFO  [MultiTableRepo.events] Ensured table exists: split_verse_perf_test.events_0_9999
[2025-09-19 21:36:28.230] INFO  [MultiTableRepo.events] Ensured table exists: split_verse_perf_test.events_0_9999
[2025-09-19 21:36:28.235] INFO  [MultiTableRepo.events] Ensured table exists: split_verse_perf_test.events_0_9999
[2025-09-19 21:36:28.237] INFO  [MultiTableRepo.events] Ensured table exists: split_verse_perf_test.events_0_9999
[2025-09-19 21:36:28.241] INFO  [MultiTableRepo.events] Ensured table exists: split_verse_perf_test.events_0_9999
[2025-09-19 21:36:28.246] INFO  [MultiTableRepo.events] Ensured table exists: split_verse_perf_test.events_0_9999
[2025-09-19 21:36:28.250] INFO  [MultiTableRepo.events] Ensured table exists: split_verse_perf_test.events_0_9999
[2025-09-19 21:36:28.253] INFO  [MultiTableRepo.events] Ensured table exists: split_verse_perf_test.events_0_9999
[2025-09-19 21:36:28.256] INFO  [MultiTableRepo.events] Ensured table exists: split_verse_perf_test.events_0_9999
[2025-09-19 21:36:28.257] INFO  [MultiTableRepo.events] Ensured table exists: split_verse_perf_test.events_0_9999
[2025-09-19 21:36:28.263] INFO  [MultiTableRepo.events] Ensured table exists: split_verse_perf_test.events_0_9999
[2025-09-19 21:36:28.269] INFO  [MultiTableRepo.events] Ensured table exists: split_verse_perf_test.events_0_9999
[2025-09-19 21:36:28.271] INFO  [MultiTableRepo.events] Ensured table exists: split_verse_perf_test.events_0_9999
[2025-09-19 21:36:28.274] INFO  [MultiTableRepo.events] Ensured table exists: split_verse_perf_test.events_0_9999
[2025-09-19 21:36:28.281] INFO  [MultiTableRepo.events] Ensured table exists: split_verse_perf_test.events_0_9999
[2025-09-19 21:36:28.291] INFO  [MultiTableRepo.events] Ensured table exists: split_verse_perf_test.events_0_9999
[2025-09-19 21:36:28.293] INFO  [MultiTableRepo.events] Ensured table exists: split_verse_perf_test.events_0_9999
[2025-09-19 21:36:28.299] INFO  [MultiTableRepo.events] Ensured table exists: split_verse_perf_test.events_0_9999
[2025-09-19 21:36:28.309] INFO  [MultiTableRepo.events] Ensured table exists: split_verse_perf_test.events_0_9999
[2025-09-19 21:36:28.312] INFO  [MultiTableRepo.events] Ensured table exists: split_verse_perf_test.events_0_9999
[2025-09-19 21:36:28.317] INFO  [MultiTableRepo.events] Ensured table exists: split_verse_perf_test.events_0_9999
[2025-09-19 21:36:28.332] INFO  [MultiTableRepo.events] Ensured table exists: split_verse_perf_test.events_0_9999
[2025-09-19 21:36:28.335] INFO  [MultiTableRepo.events] Ensured table exists: split_verse_perf_test.events_0_9999
[2025-09-19 21:36:28.338] INFO  [MultiTableRepo.events] Ensured table exists: split_verse_perf_test.events_0_9999
[2025-09-19 21:36:28.347] INFO  [MultiTableRepo.events] Ensured table exists: split_verse_perf_test.events_0_9999
[2025-09-19 21:36:28.350] INFO  [MultiTableRepo.events] Ensured table exists: split_verse_perf_test.events_0_9999
[2025-09-19 21:36:28.350] INFO  [MultiTableRepo.events] Ensured table exists: split_verse_perf_test.events_0_9999
[2025-09-19 21:36:28.352] INFO  [MultiTableRepo.events] Ensured table exists: split_verse_perf_test.events_0_9999
[2025-09-19 21:36:28.354] INFO  [MultiTableRepo.events] Ensured table exists: split_verse_perf_test.events_0_9999
[2025-09-19 21:36:28.361] INFO  [MultiTableRepo.events] Ensured table exists: split_verse_perf_test.events_0_9999
[2025-09-19 21:36:28.363] INFO  [MultiTableRepo.events] Ensured table exists: split_verse_perf_test.events_0_9999
[2025-09-19 21:36:28.364] INFO  [MultiTableRepo.events] Ensured table exists: split_verse_perf_test.events_0_9999
[2025-09-19 21:36:28.367] INFO  [MultiTableRepo.events] Ensured table exists: split_verse_perf_test.events_0_9999
[2025-09-19 21:36:28.369] INFO  [MultiTableRepo.events] Ensured table exists: split_verse_perf_test.events_0_9999
[2025-09-19 21:36:28.370] INFO  [MultiTableRepo.events] Ensured table exists: split_verse_perf_test.events_0_9999
[2025-09-19 21:36:28.376] INFO  [MultiTableRepo.events] Ensured table exists: split_verse_perf_test.events_0_9999
[2025-09-19 21:36:28.380] INFO  [MultiTableRepo.events] Ensured table exists: split_verse_perf_test.events_0_9999
[2025-09-19 21:36:28.382] INFO  [MultiTableRepo.events] Ensured table exists: split_verse_perf_test.events_0_9999
[2025-09-19 21:36:28.384] INFO  [MultiTableRepo.events] Ensured table exists: split_verse_perf_test.events_0_9999
[2025-09-19 21:36:28.390] INFO  [MultiTableRepo.events] Ensured table exists: split_verse_perf_test.events_0_9999
[2025-09-19 21:36:28.390] INFO  [MultiTableRepo.events] Ensured table exists: split_verse_perf_test.events_0_9999
[2025-09-19 21:36:28.396] INFO  [MultiTableRepo.events] Ensured table exists: split_verse_perf_test.events_0_9999
[2025-09-19 21:36:28.396] INFO  [MultiTableRepo.events] Ensured table exists: split_verse_perf_test.events_0_9999
[2025-09-19 21:36:28.398] INFO  [MultiTableRepo.events] Ensured table exists: split_verse_perf_test.events_0_9999
[2025-09-19 21:36:28.399] INFO  [MultiTableRepo.events] Ensured table exists: split_verse_perf_test.events_0_9999
[2025-09-19 21:36:28.411] INFO  [MultiTableRepo.events] Ensured table exists: split_verse_perf_test.events_0_9999
[2025-09-19 21:36:28.413] INFO  [MultiTableRepo.events] Ensured table exists: split_verse_perf_test.events_0_9999
[2025-09-19 21:36:28.415] INFO  [MultiTableRepo.events] Ensured table exists: split_verse_perf_test.events_0_9999
[2025-09-19 21:36:28.416] INFO  [MultiTableRepo.events] Ensured table exists: split_verse_perf_test.events_0_9999
[2025-09-19 21:36:28.422] INFO  [MultiTableRepo.events] Ensured table exists: split_verse_perf_test.events_0_9999
[2025-09-19 21:36:28.441] INFO  [MultiTableRepo.events] Ensured table exists: split_verse_perf_test.events_0_9999
[2025-09-19 21:36:28.456] INFO  [MultiTableRepo.events] Ensured table exists: split_verse_perf_test.events_0_9999
[2025-09-19 21:36:28.472] INFO  [MultiTableRepo.events] Ensured table exists: split_verse_perf_test.events_0_9999
[2025-09-19 21:36:28.484] INFO  [MultiTableRepo.events] Ensured table exists: split_verse_perf_test.events_0_9999
[2025-09-19 21:36:28.497] INFO  [MultiTableRepo.events] Ensured table exists: split_verse_perf_test.events_0_9999
[2025-09-19 21:36:28.498] INFO  [MultiTableRepo.events] Ensured table exists: split_verse_perf_test.events_0_9999
[2025-09-19 21:36:28.502] INFO  [MultiTableRepo.events] Ensured table exists: split_verse_perf_test.events_0_9999
[2025-09-19 21:36:28.509] INFO  [MultiTableRepo.events] Ensured table exists: split_verse_perf_test.events_0_9999
[2025-09-19 21:36:28.513] INFO  [MultiTableRepo.events] Ensured table exists: split_verse_perf_test.events_0_9999
[2025-09-19 21:36:28.515] INFO  [MultiTableRepo.events] Ensured table exists: split_verse_perf_test.events_0_9999
[2025-09-19 21:36:28.516] INFO  [MultiTableRepo.events] Ensured table exists: split_verse_perf_test.events_0_9999
[2025-09-19 21:36:28.519] INFO  [MultiTableRepo.events] Ensured table exists: split_verse_perf_test.events_0_9999
[2025-09-19 21:36:28.522] INFO  [MultiTableRepo.events] Ensured table exists: split_verse_perf_test.events_0_9999
[2025-09-19 21:36:28.523] INFO  [MultiTableRepo.events] Ensured table exists: split_verse_perf_test.events_0_9999
[2025-09-19 21:36:28.524] INFO  [MultiTableRepo.events] Ensured table exists: split_verse_perf_test.events_0_9999
[2025-09-19 21:36:28.528] INFO  [MultiTableRepo.events] Ensured table exists: split_verse_perf_test.events_0_9999
[2025-09-19 21:36:28.532] INFO  [MultiTableRepo.events] Ensured table exists: split_verse_perf_test.events_0_9999
[2025-09-19 21:36:28.532] INFO  [MultiTableRepo.events] Ensured table exists: split_verse_perf_test.events_0_9999
[2025-09-19 21:36:28.533] INFO  [MultiTableRepo.events] Ensured table exists: split_verse_perf_test.events_0_9999
[2025-09-19 21:36:28.539] INFO  [MultiTableRepo.events] Ensured table exists: split_verse_perf_test.events_0_9999
[2025-09-19 21:36:28.540] INFO  [MultiTableRepo.events] Ensured table exists: split_verse_perf_test.events_0_9999
[2025-09-19 21:36:28.547] INFO  [MultiTableRepo.events] Ensured table exists: split_verse_perf_test.events_0_9999
[2025-09-19 21:36:28.548] INFO  [MultiTableRepo.events] Ensured table exists: split_verse_perf_test.events_0_9999
[2025-09-19 21:36:28.552] INFO  [MultiTableRepo.events] Ensured table exists: split_verse_perf_test.events_0_9999
[2025-09-19 21:36:28.553] INFO  [MultiTableRepo.events] Ensured table exists: split_verse_perf_test.events_0_9999
[2025-09-19 21:36:28.554] INFO  [MultiTableRepo.events] Ensured table exists: split_verse_perf_test.events_0_9999
[2025-09-19 21:36:28.559] INFO  [MultiTableRepo.events] Ensured table exists: split_verse_perf_test.events_0_9999
[2025-09-19 21:36:28.561] INFO  [MultiTableRepo.events] Ensured table exists: split_verse_perf_test.events_0_9999
[2025-09-19 21:36:28.570] INFO  [MultiTableRepo.events] Ensured table exists: split_verse_perf_test.events_0_9999
[2025-09-19 21:36:28.571] INFO  [MultiTableRepo.events] Ensured table exists: split_verse_perf_test.events_0_9999
[2025-09-19 21:36:28.572] INFO  [MultiTableRepo.events] Ensured table exists: split_verse_perf_test.events_0_9999
[2025-09-19 21:36:28.575] INFO  [MultiTableRepo.events] Ensured table exists: split_verse_perf_test.events_0_9999
[2025-09-19 21:36:28.577] INFO  [MultiTableRepo.events] Ensured table exists: split_verse_perf_test.events_0_9999
[2025-09-19 21:36:28.579] INFO  [MultiTableRepo.events] Ensured table exists: split_verse_perf_test.events_0_9999
[2025-09-19 21:36:28.581] INFO  [MultiTableRepo.events] Ensured table exists: split_verse_perf_test.events_0_9999
[2025-09-19 21:36:28.586] INFO  [MultiTableRepo.events] Ensured table exists: split_verse_perf_test.events_0_9999
[2025-09-19 21:36:28.591] INFO  [MultiTableRepo.events] Ensured table exists: split_verse_perf_test.events_0_9999
[2025-09-19 21:36:28.596] INFO  [MultiTableRepo.events] Ensured table exists: split_verse_perf_test.events_0_9999
[2025-09-19 21:36:28.599] INFO  [MultiTableRepo.events] Ensured table exists: split_verse_perf_test.events_0_9999
[2025-09-19 21:36:28.604] INFO  [MultiTableRepo.events] Ensured table exists: split_verse_perf_test.events_0_9999
[2025-09-19 21:36:28.610] INFO  [MultiTableRepo.events] Ensured table exists: split_verse_perf_test.events_0_9999
[2025-09-19 21:36:28.612] INFO  [MultiTableRepo.events] Ensured table exists: split_verse_perf_test.events_0_9999
[2025-09-19 21:36:28.619] INFO  [MultiTableRepo.events] Ensured table exists: split_verse_perf_test.events_0_9999
[2025-09-19 21:36:28.623] INFO  [MultiTableRepo.events] Ensured table exists: split_verse_perf_test.events_0_9999
[2025-09-19 21:36:28.626] INFO  [MultiTableRepo.events] Ensured table exists: split_verse_perf_test.events_0_9999
[2025-09-19 21:36:28.630] INFO  [MultiTableRepo.events] Ensured table exists: split_verse_perf_test.events_0_9999
[2025-09-19 21:36:28.638] INFO  [MultiTableRepo.events] Ensured table exists: split_verse_perf_test.events_0_9999
[2025-09-19 21:36:28.647] INFO  [MultiTableRepo.events] Ensured table exists: split_verse_perf_test.events_0_9999
[2025-09-19 21:36:28.662] INFO  [MultiTableRepo.events] Ensured table exists: split_verse_perf_test.events_0_9999
[2025-09-19 21:36:28.669] INFO  [MultiTableRepo.events] Ensured table exists: split_verse_perf_test.events_0_9999
[2025-09-19 21:36:28.678] INFO  [MultiTableRepo.events] Ensured table exists: split_verse_perf_test.events_0_9999
[2025-09-19 21:36:28.678] INFO  [MultiTableRepo.events] Ensured table exists: split_verse_perf_test.events_0_9999
[2025-09-19 21:36:28.683] INFO  [MultiTableRepo.events] Ensured table exists: split_verse_perf_test.events_0_9999
[2025-09-19 21:36:28.687] INFO  [MultiTableRepo.events] Ensured table exists: split_verse_perf_test.events_0_9999
[2025-09-19 21:36:28.699] INFO  [MultiTableRepo.events] Ensured table exists: split_verse_perf_test.events_0_9999
[2025-09-19 21:36:28.701] INFO  [MultiTableRepo.events] Ensured table exists: split_verse_perf_test.events_0_9999
[2025-09-19 21:36:28.709] INFO  [MultiTableRepo.events] Ensured table exists: split_verse_perf_test.events_0_9999
[2025-09-19 21:36:28.711] INFO  [MultiTableRepo.events] Ensured table exists: split_verse_perf_test.events_0_9999
[2025-09-19 21:36:28.713] INFO  [MultiTableRepo.events] Ensured table exists: split_verse_perf_test.events_0_9999
[2025-09-19 21:36:28.718] INFO  [MultiTableRepo.events] Ensured table exists: split_verse_perf_test.events_0_9999
[2025-09-19 21:36:28.722] INFO  [MultiTableRepo.events] Ensured table exists: split_verse_perf_test.events_0_9999
[2025-09-19 21:36:28.724] INFO  [MultiTableRepo.events] Ensured table exists: split_verse_perf_test.events_0_9999
[2025-09-19 21:36:28.735] INFO  [MultiTableRepo.events] Ensured table exists: split_verse_perf_test.events_0_9999
[2025-09-19 21:36:28.738] INFO  [MultiTableRepo.events] Ensured table exists: split_verse_perf_test.events_0_9999
[2025-09-19 21:36:28.740] INFO  [MultiTableRepo.events] Ensured table exists: split_verse_perf_test.events_0_9999
[2025-09-19 21:36:28.747] INFO  [MultiTableRepo.events] Ensured table exists: split_verse_perf_test.events_0_9999
[2025-09-19 21:36:28.757] INFO  [MultiTableRepo.events] Ensured table exists: split_verse_perf_test.events_0_9999
[2025-09-19 21:36:28.757] INFO  [MultiTableRepo.events] Ensured table exists: split_verse_perf_test.events_0_9999
[2025-09-19 21:36:28.767] INFO  [MultiTableRepo.events] Ensured table exists: split_verse_perf_test.events_0_9999
[2025-09-19 21:36:28.768] INFO  [MultiTableRepo.events] Ensured table exists: split_verse_perf_test.events_0_9999
[2025-09-19 21:36:28.783] INFO  [MultiTableRepo.events] Ensured table exists: split_verse_perf_test.events_0_9999
[2025-09-19 21:36:28.788] INFO  [MultiTableRepo.events] Ensured table exists: split_verse_perf_test.events_0_9999
[2025-09-19 21:36:28.794] INFO  [MultiTableRepo.events] Ensured table exists: split_verse_perf_test.events_0_9999
[2025-09-19 21:36:28.801] INFO  [MultiTableRepo.events] Ensured table exists: split_verse_perf_test.events_0_9999
[2025-09-19 21:36:28.808] INFO  [MultiTableRepo.events] Ensured table exists: split_verse_perf_test.events_0_9999
[2025-09-19 21:36:28.809] INFO  [MultiTableRepo.events] Ensured table exists: split_verse_perf_test.events_0_9999
[2025-09-19 21:36:28.817] INFO  [MultiTableRepo.events] Ensured table exists: split_verse_perf_test.events_0_9999
[2025-09-19 21:36:28.817] INFO  [MultiTableRepo.events] Ensured table exists: split_verse_perf_test.events_0_9999
[2025-09-19 21:36:28.818] INFO  [MultiTableRepo.events] Ensured table exists: split_verse_perf_test.events_0_9999
[2025-09-19 21:36:28.824] INFO  [MultiTableRepo.events] Ensured table exists: split_verse_perf_test.events_0_9999
[2025-09-19 21:36:28.837] INFO  [MultiTableRepo.events] Ensured table exists: split_verse_perf_test.events_0_9999
[2025-09-19 21:36:28.842] INFO  [MultiTableRepo.events] Ensured table exists: split_verse_perf_test.events_0_9999
[2025-09-19 21:36:28.842] INFO  [MultiTableRepo.events] Ensured table exists: split_verse_perf_test.events_0_9999
[2025-09-19 21:36:28.844] INFO  [MultiTableRepo.events] Ensured table exists: split_verse_perf_test.events_0_9999
[2025-09-19 21:36:28.844] INFO  [MultiTableRepo.events] Ensured table exists: split_verse_perf_test.events_0_9999
[2025-09-19 21:36:28.850] INFO  [MultiTableRepo.events] Ensured table exists: split_verse_perf_test.events_0_9999
[2025-09-19 21:36:28.851] INFO  [MultiTableRepo.events] Ensured table exists: split_verse_perf_test.events_0_9999
[2025-09-19 21:36:28.859] INFO  [MultiTableRepo.events] Ensured table exists: split_verse_perf_test.events_0_9999
[2025-09-19 21:36:28.861] INFO  [MultiTableRepo.events] Ensured table exists: split_verse_perf_test.events_0_9999
[2025-09-19 21:36:28.864] INFO  [MultiTableRepo.events] Ensured table exists: split_verse_perf_test.events_0_9999
[2025-09-19 21:36:28.865] INFO  [MultiTableRepo.events] Ensured table exists: split_verse_perf_test.events_0_9999
[2025-09-19 21:36:28.876] INFO  [MultiTableRepo.events] Ensured table exists: split_verse_perf_test.events_0_9999
[2025-09-19 21:36:28.878] INFO  [MultiTableRepo.events] Ensured table exists: split_verse_perf_test.events_0_9999
[2025-09-19 21:36:28.892] INFO  [MultiTableRepo.events] Ensured table exists: split_verse_perf_test.events_0_9999
[2025-09-19 21:36:28.894] INFO  [MultiTableRepo.events] Ensured table exists: split_verse_perf_test.events_0_9999
[2025-09-19 21:36:28.900] INFO  [MultiTableRepo.events] Ensured table exists: split_verse_perf_test.events_0_9999
[2025-09-19 21:36:28.910] INFO  [MultiTableRepo.events] Ensured table exists: split_verse_perf_test.events_0_9999
[2025-09-19 21:36:28.912] INFO  [MultiTableRepo.events] Ensured table exists: split_verse_perf_test.events_0_9999
[2025-09-19 21:36:28.916] INFO  [MultiTableRepo.events] Ensured table exists: split_verse_perf_test.events_0_9999
[2025-09-19 21:36:28.917] INFO  [MultiTableRepo.events] Ensured table exists: split_verse_perf_test.events_0_9999
[2025-09-19 21:36:28.929] INFO  [MultiTableRepo.events] Ensured table exists: split_verse_perf_test.events_0_9999
[2025-09-19 21:36:28.939] INFO  [MultiTableRepo.events] Ensured table exists: split_verse_perf_test.events_0_9999
[2025-09-19 21:36:28.955] INFO  [MultiTableRepo.events] Ensured table exists: split_verse_perf_test.events_0_9999
[2025-09-19 21:36:28.968] INFO  [MultiTableRepo.events] Ensured table exists: split_verse_perf_test.events_0_9999
[2025-09-19 21:36:28.977] INFO  [MultiTableRepo.events] Ensured table exists: split_verse_perf_test.events_0_9999
[2025-09-19 21:36:28.979] INFO  [MultiTableRepo.events] Ensured table exists: split_verse_perf_test.events_0_9999
[2025-09-19 21:36:28.981] INFO  [MultiTableRepo.events] Ensured table exists: split_verse_perf_test.events_0_9999
[2025-09-19 21:36:28.983] INFO  [MultiTableRepo.events] Ensured table exists: split_verse_perf_test.events_0_9999
[2025-09-19 21:36:28.994] INFO  [MultiTableRepo.events] Ensured table exists: split_verse_perf_test.events_0_9999
[2025-09-19 21:36:28.998] INFO  [MultiTableRepo.events] Ensured table exists: split_verse_perf_test.events_0_9999
[2025-09-19 21:36:29.000] INFO  [MultiTableRepo.events] Ensured table exists: split_verse_perf_test.events_0_9999
[2025-09-19 21:36:29.012] INFO  [MultiTableRepo.events] Ensured table exists: split_verse_perf_test.events_0_9999
[2025-09-19 21:36:29.014] INFO  [MultiTableRepo.events] Ensured table exists: split_verse_perf_test.events_0_9999
[2025-09-19 21:36:29.016] INFO  [MultiTableRepo.events] Ensured table exists: split_verse_perf_test.events_0_9999
[2025-09-19 21:36:29.029] INFO  [MultiTableRepo.events] Ensured table exists: split_verse_perf_test.events_0_9999
[2025-09-19 21:36:29.032] INFO  [MultiTableRepo.events] Ensured table exists: split_verse_perf_test.events_0_9999
[2025-09-19 21:36:29.034] INFO  [MultiTableRepo.events] Ensured table exists: split_verse_perf_test.events_0_9999
[2025-09-19 21:36:29.035] INFO  [MultiTableRepo.events] Ensured table exists: split_verse_perf_test.events_0_9999
[2025-09-19 21:36:29.039] INFO  [MultiTableRepo.events] Ensured table exists: split_verse_perf_test.events_0_9999
[2025-09-19 21:36:29.048] INFO  [MultiTableRepo.events] Ensured table exists: split_verse_perf_test.events_0_9999
[2025-09-19 21:36:29.050] INFO  [MultiTableRepo.events] Ensured table exists: split_verse_perf_test.events_0_9999
[2025-09-19 21:36:29.050] INFO  [MultiTableRepo.events] Ensured table exists: split_verse_perf_test.events_0_9999
[2025-09-19 21:36:29.051] INFO  [MultiTableRepo.events] Ensured table exists: split_verse_perf_test.events_0_9999
[2025-09-19 21:36:29.054] INFO  [MultiTableRepo.events] Ensured table exists: split_verse_perf_test.events_0_9999
[2025-09-19 21:36:29.056] INFO  [MultiTableRepo.events] Ensured table exists: split_verse_perf_test.events_0_9999
[2025-09-19 21:36:29.059] INFO  [MultiTableRepo.events] Ensured table exists: split_verse_perf_test.events_0_9999
[2025-09-19 21:36:29.065] INFO  [MultiTableRepo.events] Ensured table exists: split_verse_perf_test.events_0_9999
[2025-09-19 21:36:29.066] INFO  [MultiTableRepo.events] Ensured table exists: split_verse_perf_test.events_0_9999
[2025-09-19 21:36:29.069] INFO  [MultiTableRepo.events] Ensured table exists: split_verse_perf_test.events_0_9999
[2025-09-19 21:36:29.070] INFO  [MultiTableRepo.events] Ensured table exists: split_verse_perf_test.events_0_9999
[2025-09-19 21:36:29.070] INFO  [MultiTableRepo.events] Ensured table exists: split_verse_perf_test.events_0_9999
[2025-09-19 21:36:29.071] INFO  [MultiTableRepo.events] Ensured table exists: split_verse_perf_test.events_0_9999
[2025-09-19 21:36:29.074] INFO  [MultiTableRepo.events] Ensured table exists: split_verse_perf_test.events_0_9999
[2025-09-19 21:36:29.077] INFO  [MultiTableRepo.events] Ensured table exists: split_verse_perf_test.events_0_9999
[2025-09-19 21:36:29.087] INFO  [MultiTableRepo.events] Ensured table exists: split_verse_perf_test.events_0_9999
[2025-09-19 21:36:29.087] INFO  [MultiTableRepo.events] Ensured table exists: split_verse_perf_test.events_0_9999
[2025-09-19 21:36:29.119] INFO  [MultiTableRepo.events] Ensured table exists: split_verse_perf_test.events_0_9999
[2025-09-19 21:36:29.122] INFO  [MultiTableRepo.events] Ensured table exists: split_verse_perf_test.events_0_9999
[2025-09-19 21:36:29.124] INFO  [MultiTableRepo.events] Ensured table exists: split_verse_perf_test.events_0_9999
[2025-09-19 21:36:29.124] INFO  [MultiTableRepo.events] Ensured table exists: split_verse_perf_test.events_0_9999
[2025-09-19 21:36:29.127] INFO  [MultiTableRepo.events] Ensured table exists: split_verse_perf_test.events_0_9999
[2025-09-19 21:36:29.142] INFO  [MultiTableRepo.events] Ensured table exists: split_verse_perf_test.events_0_9999
[2025-09-19 21:36:29.142] INFO  [MultiTableRepo.events] Ensured table exists: split_verse_perf_test.events_0_9999
[2025-09-19 21:36:29.143] INFO  [MultiTableRepo.events] Ensured table exists: split_verse_perf_test.events_0_9999
[2025-09-19 21:36:29.146] INFO  [MultiTableRepo.events] Ensured table exists: split_verse_perf_test.events_0_9999
[2025-09-19 21:36:29.147] INFO  [MultiTableRepo.events] Ensured table exists: split_verse_perf_test.events_0_9999
[2025-09-19 21:36:29.159] INFO  [MultiTableRepo.events] Ensured table exists: split_verse_perf_test.events_0_9999
[2025-09-19 21:36:29.166] INFO  [MultiTableRepo.events] Ensured table exists: split_verse_perf_test.events_0_9999
[2025-09-19 21:36:29.168] INFO  [MultiTableRepo.events] Ensured table exists: split_verse_perf_test.events_0_9999
[2025-09-19 21:36:29.174] INFO  [MultiTableRepo.events] Ensured table exists: split_verse_perf_test.events_0_9999
[2025-09-19 21:36:29.181] INFO  [MultiTableRepo.events] Ensured table exists: split_verse_perf_test.events_0_9999
[2025-09-19 21:36:29.184] INFO  [MultiTableRepo.events] Ensured table exists: split_verse_perf_test.events_0_9999
[2025-09-19 21:36:29.188] INFO  [MultiTableRepo.events] Ensured table exists: split_verse_perf_test.events_0_9999
[2025-09-19 21:36:29.203] INFO  [MultiTableRepo.events] Ensured table exists: split_verse_perf_test.events_0_9999
[2025-09-19 21:36:29.204] INFO  [MultiTableRepo.events] Ensured table exists: split_verse_perf_test.events_0_9999
[2025-09-19 21:36:29.205] INFO  [MultiTableRepo.events] Ensured table exists: split_verse_perf_test.events_0_9999
[2025-09-19 21:36:29.209] INFO  [MultiTableRepo.events] Ensured table exists: split_verse_perf_test.events_0_9999
[2025-09-19 21:36:29.220] INFO  [MultiTableRepo.events] Ensured table exists: split_verse_perf_test.events_0_9999
[2025-09-19 21:36:29.223] INFO  [MultiTableRepo.events] Ensured table exists: split_verse_perf_test.events_0_9999
[2025-09-19 21:36:29.224] INFO  [MultiTableRepo.events] Ensured table exists: split_verse_perf_test.events_0_9999
[2025-09-19 21:36:29.239] INFO  [MultiTableRepo.events] Ensured table exists: split_verse_perf_test.events_0_9999
[2025-09-19 21:36:29.240] INFO  [MultiTableRepo.events] Ensured table exists: split_verse_perf_test.events_0_9999
[2025-09-19 21:36:29.243] INFO  [MultiTableRepo.events] Ensured table exists: split_verse_perf_test.events_0_9999
[2025-09-19 21:36:29.245] INFO  [MultiTableRepo.events] Ensured table exists: split_verse_perf_test.events_0_9999
[2025-09-19 21:36:29.255] INFO  [MultiTableRepo.events] Ensured table exists: split_verse_perf_test.events_0_9999
[2025-09-19 21:36:29.256] INFO  [MultiTableRepo.events] Ensured table exists: split_verse_perf_test.events_0_9999
[2025-09-19 21:36:29.256] INFO  [MultiTableRepo.events] Ensured table exists: split_verse_perf_test.events_0_9999
[2025-09-19 21:36:29.263] INFO  [MultiTableRepo.events] Ensured table exists: split_verse_perf_test.events_0_9999
[2025-09-19 21:36:29.272] INFO  [MultiTableRepo.events] Ensured table exists: split_verse_perf_test.events_0_9999
[2025-09-19 21:36:29.280] INFO  [MultiTableRepo.events] Ensured table exists: split_verse_perf_test.events_0_9999
[2025-09-19 21:36:29.294] INFO  [MultiTableRepo.events] Ensured table exists: split_verse_perf_test.events_0_9999
[2025-09-19 21:36:29.298] INFO  [MultiTableRepo.events] Ensured table exists: split_verse_perf_test.events_0_9999
[2025-09-19 21:36:29.300] INFO  [MultiTableRepo.events] Ensured table exists: split_verse_perf_test.events_0_9999
[2025-09-19 21:36:29.303] INFO  [MultiTableRepo.events] Ensured table exists: split_verse_perf_test.events_0_9999
[2025-09-19 21:36:29.314] INFO  [MultiTableRepo.events] Ensured table exists: split_verse_perf_test.events_0_9999
[2025-09-19 21:36:29.315] INFO  [MultiTableRepo.events] Ensured table exists: split_verse_perf_test.events_0_9999
[2025-09-19 21:36:29.321] INFO  [MultiTableRepo.events] Ensured table exists: split_verse_perf_test.events_0_9999
[2025-09-19 21:36:29.324] INFO  [MultiTableRepo.events] Ensured table exists: split_verse_perf_test.events_0_9999
[2025-09-19 21:36:29.334] INFO  [MultiTableRepo.events] Ensured table exists: split_verse_perf_test.events_0_9999
[2025-09-19 21:36:29.334] INFO  [MultiTableRepo.events] Ensured table exists: split_verse_perf_test.events_0_9999
[2025-09-19 21:36:29.335] INFO  [MultiTableRepo.events] Ensured table exists: split_verse_perf_test.events_0_9999
[2025-09-19 21:36:29.337] INFO  [MultiTableRepo.events] Ensured table exists: split_verse_perf_test.events_0_9999
[2025-09-19 21:36:29.338] INFO  [MultiTableRepo.events] Ensured table exists: split_verse_perf_test.events_0_9999
[2025-09-19 21:36:29.339] INFO  [MultiTableRepo.events] Ensured table exists: split_verse_perf_test.events_0_9999
[2025-09-19 21:36:29.348] INFO  [MultiTableRepo.events] Ensured table exists: split_verse_perf_test.events_0_9999
[2025-09-19 21:36:29.351] INFO  [MultiTableRepo.events] Ensured table exists: split_verse_perf_test.events_0_9999
[2025-09-19 21:36:29.352] INFO  [MultiTableRepo.events] Ensured table exists: split_verse_perf_test.events_0_9999
[2025-09-19 21:36:29.354] INFO  [MultiTableRepo.events] Ensured table exists: split_verse_perf_test.events_0_9999
[2025-09-19 21:36:29.354] INFO  [MultiTableRepo.events] Ensured table exists: split_verse_perf_test.events_0_9999
[2025-09-19 21:36:29.360] INFO  [MultiTableRepo.events] Ensured table exists: split_verse_perf_test.events_0_9999
[2025-09-19 21:36:29.369] INFO  [MultiTableRepo.events] Ensured table exists: split_verse_perf_test.events_0_9999
[2025-09-19 21:36:29.372] INFO  [MultiTableRepo.events] Ensured table exists: split_verse_perf_test.events_0_9999
[2025-09-19 21:36:29.374] INFO  [MultiTableRepo.events] Ensured table exists: split_verse_perf_test.events_0_9999
[2025-09-19 21:36:29.375] INFO  [MultiTableRepo.events] Ensured table exists: split_verse_perf_test.events_0_9999
[2025-09-19 21:36:29.393] INFO  [MultiTableRepo.events] Ensured table exists: split_verse_perf_test.events_0_9999
[2025-09-19 21:36:29.394] INFO  [MultiTableRepo.events] Ensured table exists: split_verse_perf_test.events_0_9999
[2025-09-19 21:36:29.397] INFO  [MultiTableRepo.events] Ensured table exists: split_verse_perf_test.events_0_9999
[2025-09-19 21:36:29.412] INFO  [MultiTableRepo.events] Ensured table exists: split_verse_perf_test.events_0_9999
[2025-09-19 21:36:29.416] INFO  [MultiTableRepo.events] Ensured table exists: split_verse_perf_test.events_0_9999
[2025-09-19 21:36:29.422] INFO  [MultiTableRepo.events] Ensured table exists: split_verse_perf_test.events_0_9999
[2025-09-19 21:36:29.425] INFO  [MultiTableRepo.events] Ensured table exists: split_verse_perf_test.events_0_9999
[2025-09-19 21:36:29.427] INFO  [MultiTableRepo.events] Ensured table exists: split_verse_perf_test.events_0_9999
[2025-09-19 21:36:29.438] INFO  [MultiTableRepo.events] Ensured table exists: split_verse_perf_test.events_0_9999
[2025-09-19 21:36:29.440] INFO  [MultiTableRepo.events] Ensured table exists: split_verse_perf_test.events_0_9999
[2025-09-19 21:36:29.440] INFO  [MultiTableRepo.events] Ensured table exists: split_verse_perf_test.events_0_9999
[2025-09-19 21:36:29.453] INFO  [MultiTableRepo.events] Ensured table exists: split_verse_perf_test.events_0_9999
[2025-09-19 21:36:29.456] INFO  [MultiTableRepo.events] Ensured table exists: split_verse_perf_test.events_0_9999
[2025-09-19 21:36:29.457] INFO  [MultiTableRepo.events] Ensured table exists: split_verse_perf_test.events_0_9999
[2025-09-19 21:36:29.461] INFO  [MultiTableRepo.events] Ensured table exists: split_verse_perf_test.events_0_9999
[2025-09-19 21:36:29.468] INFO  [MultiTableRepo.events] Ensured table exists: split_verse_perf_test.events_0_9999
[2025-09-19 21:36:29.474] INFO  [MultiTableRepo.events] Ensured table exists: split_verse_perf_test.events_0_9999
[2025-09-19 21:36:29.476] INFO  [MultiTableRepo.events] Ensured table exists: split_verse_perf_test.events_0_9999
[2025-09-19 21:36:29.477] INFO  [MultiTableRepo.events] Ensured table exists: split_verse_perf_test.events_0_9999
[2025-09-19 21:36:29.480] INFO  [MultiTableRepo.events] Ensured table exists: split_verse_perf_test.events_0_9999
[2025-09-19 21:36:29.482] INFO  [MultiTableRepo.events] Ensured table exists: split_verse_perf_test.events_0_9999
[2025-09-19 21:36:29.488] INFO  [MultiTableRepo.events] Ensured table exists: split_verse_perf_test.events_0_9999
[2025-09-19 21:36:29.488] INFO  [MultiTableRepo.events] Ensured table exists: split_verse_perf_test.events_0_9999
[2025-09-19 21:36:29.494] INFO  [MultiTableRepo.events] Ensured table exists: split_verse_perf_test.events_0_9999
[2025-09-19 21:36:29.499] INFO  [MultiTableRepo.events] Ensured table exists: split_verse_perf_test.events_0_9999
[2025-09-19 21:36:29.500] INFO  [MultiTableRepo.events] Ensured table exists: split_verse_perf_test.events_0_9999
[2025-09-19 21:36:29.501] INFO  [MultiTableRepo.events] Ensured table exists: split_verse_perf_test.events_0_9999
[2025-09-19 21:36:29.502] INFO  [MultiTableRepo.events] Ensured table exists: split_verse_perf_test.events_0_9999
[2025-09-19 21:36:29.508] INFO  [MultiTableRepo.events] Ensured table exists: split_verse_perf_test.events_0_9999
[2025-09-19 21:36:29.513] INFO  [MultiTableRepo.events] Ensured table exists: split_verse_perf_test.events_0_9999
[2025-09-19 21:36:29.514] INFO  [MultiTableRepo.events] Ensured table exists: split_verse_perf_test.events_0_9999
[2025-09-19 21:36:29.528] INFO  [MultiTableRepo.events] Ensured table exists: split_verse_perf_test.events_0_9999
[2025-09-19 21:36:29.529] INFO  [MultiTableRepo.events] Ensured table exists: split_verse_perf_test.events_0_9999
[2025-09-19 21:36:29.531] INFO  [MultiTableRepo.events] Ensured table exists: split_verse_perf_test.events_0_9999
[2025-09-19 21:36:29.538] INFO  [MultiTableRepo.events] Ensured table exists: split_verse_perf_test.events_0_9999
[2025-09-19 21:36:29.538] INFO  [MultiTableRepo.events] Ensured table exists: split_verse_perf_test.events_0_9999
[2025-09-19 21:36:29.540] INFO  [MultiTableRepo.events] Ensured table exists: split_verse_perf_test.events_0_9999
[2025-09-19 21:36:29.547] INFO  [MultiTableRepo.events] Ensured table exists: split_verse_perf_test.events_0_9999
[2025-09-19 21:36:29.548] INFO  [MultiTableRepo.events] Ensured table exists: split_verse_perf_test.events_0_9999
[2025-09-19 21:36:29.555] INFO  [MultiTableRepo.events] Ensured table exists: split_verse_perf_test.events_0_9999
[2025-09-19 21:36:29.558] INFO  [MultiTableRepo.events] Ensured table exists: split_verse_perf_test.events_0_9999
[2025-09-19 21:36:29.559] INFO  [MultiTableRepo.events] Ensured table exists: split_verse_perf_test.events_0_9999
[2025-09-19 21:36:29.560] INFO  [MultiTableRepo.events] Ensured table exists: split_verse_perf_test.events_0_9999
[2025-09-19 21:36:29.571] INFO  [MultiTableRepo.events] Ensured table exists: split_verse_perf_test.events_0_9999
[2025-09-19 21:36:29.580] INFO  [MultiTableRepo.events] Ensured table exists: split_verse_perf_test.events_0_9999
[2025-09-19 21:36:29.582] INFO  [MultiTableRepo.events] Ensured table exists: split_verse_perf_test.events_0_9999
[2025-09-19 21:36:29.595] INFO  [MultiTableRepo.events] Ensured table exists: split_verse_perf_test.events_0_9999
[2025-09-19 21:36:29.596] INFO  [MultiTableRepo.events] Ensured table exists: split_verse_perf_test.events_0_9999
[2025-09-19 21:36:29.600] INFO  [MultiTableRepo.events] Ensured table exists: split_verse_perf_test.events_0_9999
[2025-09-19 21:36:29.600] INFO  [MultiTableRepo.events] Ensured table exists: split_verse_perf_test.events_0_9999
[2025-09-19 21:36:29.605] INFO  [MultiTableRepo.events] Ensured table exists: split_verse_perf_test.events_0_9999
[2025-09-19 21:36:29.617] INFO  [MultiTableRepo.events] Ensured table exists: split_verse_perf_test.events_0_9999
[2025-09-19 21:36:29.618] INFO  [MultiTableRepo.events] Ensured table exists: split_verse_perf_test.events_0_9999
[2025-09-19 21:36:29.619] INFO  [MultiTableRepo.events] Ensured table exists: split_verse_perf_test.events_0_9999
[2025-09-19 21:36:29.620] INFO  [MultiTableRepo.events] Ensured table exists: split_verse_perf_test.events_0_9999
[2025-09-19 21:36:29.620] INFO  [MultiTableRepo.events] Ensured table exists: split_verse_perf_test.events_0_9999
[2025-09-19 21:36:29.622] INFO  [MultiTableRepo.events] Ensured table exists: split_verse_perf_test.events_0_9999
[2025-09-19 21:36:29.635] INFO  [MultiTableRepo.events] Ensured table exists: split_verse_perf_test.events_0_9999
[2025-09-19 21:36:29.638] INFO  [MultiTableRepo.events] Ensured table exists: split_verse_perf_test.events_0_9999
[2025-09-19 21:36:29.642] INFO  [MultiTableRepo.events] Ensured table exists: split_verse_perf_test.events_0_9999
[2025-09-19 21:36:29.644] INFO  [MultiTableRepo.events] Ensured table exists: split_verse_perf_test.events_0_9999
[2025-09-19 21:36:29.647] INFO  [MultiTableRepo.events] Ensured table exists: split_verse_perf_test.events_0_9999
[2025-09-19 21:36:29.655] INFO  [MultiTableRepo.events] Ensured table exists: split_verse_perf_test.events_0_9999
[2025-09-19 21:36:29.657] INFO  [MultiTableRepo.events] Ensured table exists: split_verse_perf_test.events_0_9999
[2025-09-19 21:36:29.660] INFO  [MultiTableRepo.events] Ensured table exists: split_verse_perf_test.events_0_9999
[2025-09-19 21:36:29.665] INFO  [MultiTableRepo.events] Ensured table exists: split_verse_perf_test.events_0_9999
[2025-09-19 21:36:29.667] INFO  [MultiTableRepo.events] Ensured table exists: split_verse_perf_test.events_0_9999
[2025-09-19 21:36:29.669] INFO  [MultiTableRepo.events] Ensured table exists: split_verse_perf_test.events_0_9999
[2025-09-19 21:36:29.672] INFO  [MultiTableRepo.events] Ensured table exists: split_verse_perf_test.events_0_9999
[2025-09-19 21:36:29.675] INFO  [MultiTableRepo.events] Ensured table exists: split_verse_perf_test.events_0_9999
[2025-09-19 21:36:29.688] INFO  [MultiTableRepo.events] Ensured table exists: split_verse_perf_test.events_0_9999
[2025-09-19 21:36:29.692] INFO  [MultiTableRepo.events] Ensured table exists: split_verse_perf_test.events_0_9999
[2025-09-19 21:36:29.700] INFO  [MultiTableRepo.events] Ensured table exists: split_verse_perf_test.events_0_9999
[2025-09-19 21:36:29.701] INFO  [MultiTableRepo.events] Ensured table exists: split_verse_perf_test.events_0_9999
[2025-09-19 21:36:29.706] INFO  [MultiTableRepo.events] Ensured table exists: split_verse_perf_test.events_0_9999
[2025-09-19 21:36:29.707] INFO  [MultiTableRepo.events] Ensured table exists: split_verse_perf_test.events_0_9999
[2025-09-19 21:36:29.714] INFO  [MultiTableRepo.events] Ensured table exists: split_verse_perf_test.events_0_9999
[2025-09-19 21:36:29.723] INFO  [MultiTableRepo.events] Ensured table exists: split_verse_perf_test.events_0_9999
[2025-09-19 21:36:29.725] INFO  [MultiTableRepo.events] Ensured table exists: split_verse_perf_test.events_0_9999
[2025-09-19 21:36:29.726] INFO  [MultiTableRepo.events] Ensured table exists: split_verse_perf_test.events_0_9999
[2025-09-19 21:36:29.727] INFO  [MultiTableRepo.events] Ensured table exists: split_verse_perf_test.events_0_9999
[2025-09-19 21:36:29.746] INFO  [MultiTableRepo.events] Ensured table exists: split_verse_perf_test.events_0_9999
[2025-09-19 21:36:29.748] INFO  [MultiTableRepo.events] Ensured table exists: split_verse_perf_test.events_0_9999
[2025-09-19 21:36:29.760] INFO  [MultiTableRepo.events] Ensured table exists: split_verse_perf_test.events_0_9999
[2025-09-19 21:36:29.760] INFO  [MultiTableRepo.events] Ensured table exists: split_verse_perf_test.events_0_9999
[2025-09-19 21:36:29.761] INFO  [MultiTableRepo.events] Ensured table exists: split_verse_perf_test.events_0_9999
[2025-09-19 21:36:29.774] INFO  [MultiTableRepo.events] Ensured table exists: split_verse_perf_test.events_0_9999
[2025-09-19 21:36:29.786] INFO  [MultiTableRepo.events] Ensured table exists: split_verse_perf_test.events_0_9999
[2025-09-19 21:36:29.795] INFO  [MultiTableRepo.events] Ensured table exists: split_verse_perf_test.events_0_9999
[2025-09-19 21:36:29.798] INFO  [MultiTableRepo.events] Ensured table exists: split_verse_perf_test.events_0_9999
[2025-09-19 21:36:29.800] INFO  [MultiTableRepo.events] Ensured table exists: split_verse_perf_test.events_0_9999
[2025-09-19 21:36:29.806] INFO  [MultiTableRepo.events] Ensured table exists: split_verse_perf_test.events_0_9999
[2025-09-19 21:36:29.816] INFO  [MultiTableRepo.events] Ensured table exists: split_verse_perf_test.events_0_9999
[2025-09-19 21:36:29.818] INFO  [MultiTableRepo.events] Ensured table exists: split_verse_perf_test.events_0_9999
[2025-09-19 21:36:29.819] INFO  [MultiTableRepo.events] Ensured table exists: split_verse_perf_test.events_0_9999
[2025-09-19 21:36:29.825] INFO  [MultiTableRepo.events] Ensured table exists: split_verse_perf_test.events_0_9999
[2025-09-19 21:36:29.833] INFO  [MultiTableRepo.events] Ensured table exists: split_verse_perf_test.events_0_9999
[2025-09-19 21:36:29.844] INFO  [MultiTableRepo.events] Ensured table exists: split_verse_perf_test.events_0_9999
[2025-09-19 21:36:29.848] INFO  [MultiTableRepo.events] Ensured table exists: split_verse_perf_test.events_0_9999
[2025-09-19 21:36:29.851] INFO  [MultiTableRepo.events] Ensured table exists: split_verse_perf_test.events_0_9999
[2025-09-19 21:36:29.860] INFO  [MultiTableRepo.events] Ensured table exists: split_verse_perf_test.events_0_9999
[2025-09-19 21:36:29.861] INFO  [MultiTableRepo.events] Ensured table exists: split_verse_perf_test.events_0_9999
[2025-09-19 21:36:29.880] INFO  [MultiTableRepo.events] Ensured table exists: split_verse_perf_test.events_0_9999
[2025-09-19 21:36:29.886] INFO  [MultiTableRepo.events] Ensured table exists: split_verse_perf_test.events_0_9999
[2025-09-19 21:36:29.892] INFO  [MultiTableRepo.events] Ensured table exists: split_verse_perf_test.events_0_9999
[2025-09-19 21:36:29.894] INFO  [MultiTableRepo.events] Ensured table exists: split_verse_perf_test.events_0_9999
[2025-09-19 21:36:29.902] INFO  [MultiTableRepo.events] Ensured table exists: split_verse_perf_test.events_0_9999
[2025-09-19 21:36:29.904] INFO  [MultiTableRepo.events] Ensured table exists: split_verse_perf_test.events_0_9999
[2025-09-19 21:36:29.908] INFO  [MultiTableRepo.events] Ensured table exists: split_verse_perf_test.events_0_9999
[2025-09-19 21:36:29.915] INFO  [MultiTableRepo.events] Ensured table exists: split_verse_perf_test.events_0_9999
[2025-09-19 21:36:29.917] INFO  [MultiTableRepo.events] Ensured table exists: split_verse_perf_test.events_0_9999
[2025-09-19 21:36:29.919] INFO  [MultiTableRepo.events] Ensured table exists: split_verse_perf_test.events_0_9999
[2025-09-19 21:36:29.921] INFO  [MultiTableRepo.events] Ensured table exists: split_verse_perf_test.events_0_9999
[2025-09-19 21:36:29.930] INFO  [MultiTableRepo.events] Ensured table exists: split_verse_perf_test.events_0_9999
[2025-09-19 21:36:29.930] INFO  [MultiTableRepo.events] Ensured table exists: split_verse_perf_test.events_0_9999
[2025-09-19 21:36:29.932] INFO  [MultiTableRepo.events] Ensured table exists: split_verse_perf_test.events_0_9999
[2025-09-19 21:36:29.938] INFO  [MultiTableRepo.events] Ensured table exists: split_verse_perf_test.events_0_9999
[2025-09-19 21:36:29.941] INFO  [MultiTableRepo.events] Ensured table exists: split_verse_perf_test.events_0_9999
[2025-09-19 21:36:29.943] INFO  [MultiTableRepo.events] Ensured table exists: split_verse_perf_test.events_0_9999
[2025-09-19 21:36:29.945] INFO  [MultiTableRepo.events] Ensured table exists: split_verse_perf_test.events_0_9999
[2025-09-19 21:36:29.948] INFO  [MultiTableRepo.events] Ensured table exists: split_verse_perf_test.events_0_9999
[2025-09-19 21:36:29.951] INFO  [MultiTableRepo.events] Ensured table exists: split_verse_perf_test.events_0_9999
[2025-09-19 21:36:29.963] INFO  [MultiTableRepo.events] Ensured table exists: split_verse_perf_test.events_0_9999
[2025-09-19 21:36:29.964] INFO  [MultiTableRepo.events] Ensured table exists: split_verse_perf_test.events_0_9999
[2025-09-19 21:36:29.965] INFO  [MultiTableRepo.events] Ensured table exists: split_verse_perf_test.events_0_9999
[2025-09-19 21:36:29.966] INFO  [MultiTableRepo.events] Ensured table exists: split_verse_perf_test.events_0_9999
[2025-09-19 21:36:29.968] INFO  [MultiTableRepo.events] Ensured table exists: split_verse_perf_test.events_0_9999
[2025-09-19 21:36:29.968] INFO  [MultiTableRepo.events] Ensured table exists: split_verse_perf_test.events_0_9999
[2025-09-19 21:36:29.974] INFO  [MultiTableRepo.events] Ensured table exists: split_verse_perf_test.events_0_9999
[2025-09-19 21:36:29.978] INFO  [MultiTableRepo.events] Ensured table exists: split_verse_perf_test.events_0_9999
[2025-09-19 21:36:29.979] INFO  [MultiTableRepo.events] Ensured table exists: split_verse_perf_test.events_0_9999
[2025-09-19 21:36:29.984] INFO  [MultiTableRepo.events] Ensured table exists: split_verse_perf_test.events_0_9999
[2025-09-19 21:36:29.986] INFO  [MultiTableRepo.events] Ensured table exists: split_verse_perf_test.events_0_9999
[2025-09-19 21:36:29.986] INFO  [MultiTableRepo.events] Ensured table exists: split_verse_perf_test.events_0_9999
[2025-09-19 21:36:29.987] INFO  [MultiTableRepo.events] Ensured table exists: split_verse_perf_test.events_0_9999
[2025-09-19 21:36:29.990] INFO  [MultiTableRepo.events] Ensured table exists: split_verse_perf_test.events_0_9999
[2025-09-19 21:36:29.995] INFO  [MultiTableRepo.events] Ensured table exists: split_verse_perf_test.events_0_9999
[2025-09-19 21:36:29.997] INFO  [MultiTableRepo.events] Ensured table exists: split_verse_perf_test.events_0_9999
[2025-09-19 21:36:30.005] INFO  [MultiTableRepo.events] Ensured table exists: split_verse_perf_test.events_0_9999
[2025-09-19 21:36:30.006] INFO  [MultiTableRepo.events] Ensured table exists: split_verse_perf_test.events_0_9999
[2025-09-19 21:36:30.008] INFO  [MultiTableRepo.events] Ensured table exists: split_verse_perf_test.events_0_9999
[2025-09-19 21:36:30.010] INFO  [MultiTableRepo.events] Ensured table exists: split_verse_perf_test.events_0_9999
[2025-09-19 21:36:30.012] INFO  [MultiTableRepo.events] Ensured table exists: split_verse_perf_test.events_0_9999
[2025-09-19 21:36:30.017] INFO  [MultiTableRepo.events] Ensured table exists: split_verse_perf_test.events_0_9999
[2025-09-19 21:36:30.022] INFO  [MultiTableRepo.events] Ensured table exists: split_verse_perf_test.events_0_9999
[2025-09-19 21:36:30.026] INFO  [MultiTableRepo.events] Ensured table exists: split_verse_perf_test.events_0_9999
[2025-09-19 21:36:30.030] INFO  [MultiTableRepo.events] Ensured table exists: split_verse_perf_test.events_0_9999
[2025-09-19 21:36:30.032] INFO  [MultiTableRepo.events] Ensured table exists: split_verse_perf_test.events_0_9999
[2025-09-19 21:36:30.042] INFO  [MultiTableRepo.events] Ensured table exists: split_verse_perf_test.events_0_9999
[2025-09-19 21:36:30.045] INFO  [MultiTableRepo.events] Ensured table exists: split_verse_perf_test.events_0_9999
[2025-09-19 21:36:30.056] INFO  [MultiTableRepo.events] Ensured table exists: split_verse_perf_test.events_0_9999
[2025-09-19 21:36:30.061] INFO  [MultiTableRepo.events] Ensured table exists: split_verse_perf_test.events_0_9999
[2025-09-19 21:36:30.064] INFO  [MultiTableRepo.events] Ensured table exists: split_verse_perf_test.events_0_9999
[2025-09-19 21:36:30.068] INFO  [MultiTableRepo.events] Ensured table exists: split_verse_perf_test.events_0_9999
[2025-09-19 21:36:30.069] INFO  [MultiTableRepo.events] Ensured table exists: split_verse_perf_test.events_0_9999
[2025-09-19 21:36:30.074] INFO  [MultiTableRepo.events] Ensured table exists: split_verse_perf_test.events_0_9999
[2025-09-19 21:36:30.079] INFO  [MultiTableRepo.events] Ensured table exists: split_verse_perf_test.events_0_9999
[2025-09-19 21:36:30.083] INFO  [MultiTableRepo.events] Ensured table exists: split_verse_perf_test.events_0_9999
[2025-09-19 21:36:30.089] INFO  [MultiTableRepo.events] Ensured table exists: split_verse_perf_test.events_0_9999
[2025-09-19 21:36:30.090] INFO  [MultiTableRepo.events] Ensured table exists: split_verse_perf_test.events_0_9999
[2025-09-19 21:36:30.099] INFO  [MultiTableRepo.events] Ensured table exists: split_verse_perf_test.events_0_9999
[2025-09-19 21:36:30.101] INFO  [MultiTableRepo.events] Ensured table exists: split_verse_perf_test.events_0_9999
[2025-09-19 21:36:30.101] INFO  [MultiTableRepo.events] Ensured table exists: split_verse_perf_test.events_0_9999
[2025-09-19 21:36:30.107] INFO  [MultiTableRepo.events] Ensured table exists: split_verse_perf_test.events_0_9999
[2025-09-19 21:36:30.110] INFO  [MultiTableRepo.events] Ensured table exists: split_verse_perf_test.events_0_9999
[2025-09-19 21:36:30.116] INFO  [MultiTableRepo.events] Ensured table exists: split_verse_perf_test.events_0_9999
[2025-09-19 21:36:30.117] INFO  [MultiTableRepo.events] Ensured table exists: split_verse_perf_test.events_0_9999
[2025-09-19 21:36:30.118] INFO  [MultiTableRepo.events] Ensured table exists: split_verse_perf_test.events_0_9999
[2025-09-19 21:36:30.125] INFO  [MultiTableRepo.events] Ensured table exists: split_verse_perf_test.events_0_9999
[2025-09-19 21:36:30.125] INFO  [MultiTableRepo.events] Ensured table exists: split_verse_perf_test.events_0_9999
[2025-09-19 21:36:30.129] INFO  [MultiTableRepo.events] Ensured table exists: split_verse_perf_test.events_0_9999
[2025-09-19 21:36:30.130] INFO  [MultiTableRepo.events] Ensured table exists: split_verse_perf_test.events_0_9999
[2025-09-19 21:36:30.131] INFO  [MultiTableRepo.events] Ensured table exists: split_verse_perf_test.events_0_9999
[2025-09-19 21:36:30.136] INFO  [MultiTableRepo.events] Ensured table exists: split_verse_perf_test.events_0_9999
[2025-09-19 21:36:30.136] INFO  [MultiTableRepo.events] Ensured table exists: split_verse_perf_test.events_0_9999
[2025-09-19 21:36:30.151] INFO  [MultiTableRepo.events] Ensured table exists: split_verse_perf_test.events_0_9999
[2025-09-19 21:36:30.151] INFO  [MultiTableRepo.events] Ensured table exists: split_verse_perf_test.events_0_9999
[2025-09-19 21:36:30.164] INFO  [MultiTableRepo.events] Ensured table exists: split_verse_perf_test.events_0_9999
[2025-09-19 21:36:30.181] INFO  [MultiTableRepo.events] Ensured table exists: split_verse_perf_test.events_0_9999
[2025-09-19 21:36:30.183] INFO  [MultiTableRepo.events] Ensured table exists: split_verse_perf_test.events_0_9999
[2025-09-19 21:36:30.186] INFO  [MultiTableRepo.events] Ensured table exists: split_verse_perf_test.events_0_9999
[2025-09-19 21:36:30.189] INFO  [MultiTableRepo.events] Ensured table exists: split_verse_perf_test.events_0_9999
[2025-09-19 21:36:30.199] INFO  [MultiTableRepo.events] Ensured table exists: split_verse_perf_test.events_0_9999
[2025-09-19 21:36:30.206] INFO  [MultiTableRepo.events] Ensured table exists: split_verse_perf_test.events_0_9999
[2025-09-19 21:36:30.208] INFO  [MultiTableRepo.events] Ensured table exists: split_verse_perf_test.events_0_9999
[2025-09-19 21:36:30.211] INFO  [MultiTableRepo.events] Ensured table exists: split_verse_perf_test.events_0_9999
[2025-09-19 21:36:30.226] INFO  [MultiTableRepo.events] Ensured table exists: split_verse_perf_test.events_0_9999
[2025-09-19 21:36:30.228] INFO  [MultiTableRepo.events] Ensured table exists: split_verse_perf_test.events_0_9999
[2025-09-19 21:36:30.228] INFO  [MultiTableRepo.events] Ensured table exists: split_verse_perf_test.events_0_9999
[2025-09-19 21:36:30.229] INFO  [MultiTableRepo.events] Ensured table exists: split_verse_perf_test.events_0_9999
[2025-09-19 21:36:30.239] INFO  [MultiTableRepo.events] Ensured table exists: split_verse_perf_test.events_0_9999
[2025-09-19 21:36:30.246] INFO  [MultiTableRepo.events] Ensured table exists: split_verse_perf_test.events_0_9999
[2025-09-19 21:36:30.246] INFO  [MultiTableRepo.events] Ensured table exists: split_verse_perf_test.events_0_9999
[2025-09-19 21:36:30.247] INFO  [MultiTableRepo.events] Ensured table exists: split_verse_perf_test.events_0_9999
[2025-09-19 21:36:30.253] INFO  [MultiTableRepo.events] Ensured table exists: split_verse_perf_test.events_0_9999
[2025-09-19 21:36:30.258] INFO  [MultiTableRepo.events] Ensured table exists: split_verse_perf_test.events_0_9999
[2025-09-19 21:36:30.263] INFO  [MultiTableRepo.events] Ensured table exists: split_verse_perf_test.events_0_9999
[2025-09-19 21:36:30.270] INFO  [MultiTableRepo.events] Ensured table exists: split_verse_perf_test.events_0_9999
[2025-09-19 21:36:30.273] INFO  [MultiTableRepo.events] Ensured table exists: split_verse_perf_test.events_0_9999
[2025-09-19 21:36:30.296] INFO  [MultiTableRepo.events] Ensured table exists: split_verse_perf_test.events_0_9999
[2025-09-19 21:36:30.300] INFO  [MultiTableRepo.events] Ensured table exists: split_verse_perf_test.events_0_9999
[2025-09-19 21:36:30.305] INFO  [MultiTableRepo.events] Ensured table exists: split_verse_perf_test.events_0_9999
[2025-09-19 21:36:30.322] INFO  [MultiTableRepo.events] Ensured table exists: split_verse_perf_test.events_0_9999
[2025-09-19 21:36:30.329] INFO  [MultiTableRepo.events] Ensured table exists: split_verse_perf_test.events_0_9999
[2025-09-19 21:36:30.332] INFO  [MultiTableRepo.events] Ensured table exists: split_verse_perf_test.events_0_9999
[2025-09-19 21:36:30.333] INFO  [MultiTableRepo.events] Ensured table exists: split_verse_perf_test.events_0_9999
[2025-09-19 21:36:30.341] INFO  [MultiTableRepo.events] Ensured table exists: split_verse_perf_test.events_0_9999
[2025-09-19 21:36:30.344] INFO  [MultiTableRepo.events] Ensured table exists: split_verse_perf_test.events_0_9999
[2025-09-19 21:36:30.348] INFO  [MultiTableRepo.events] Ensured table exists: split_verse_perf_test.events_0_9999
[2025-09-19 21:36:30.354] INFO  [MultiTableRepo.events] Ensured table exists: split_verse_perf_test.events_0_9999
[2025-09-19 21:36:30.362] INFO  [MultiTableRepo.events] Ensured table exists: split_verse_perf_test.events_0_9999
[2025-09-19 21:36:30.364] INFO  [MultiTableRepo.events] Ensured table exists: split_verse_perf_test.events_0_9999
[2025-09-19 21:36:30.370] INFO  [MultiTableRepo.events] Ensured table exists: split_verse_perf_test.events_0_9999
[2025-09-19 21:36:30.374] INFO  [MultiTableRepo.events] Ensured table exists: split_verse_perf_test.events_0_9999
[2025-09-19 21:36:30.377] INFO  [MultiTableRepo.events] Ensured table exists: split_verse_perf_test.events_0_9999
[2025-09-19 21:36:30.379] INFO  [MultiTableRepo.events] Ensured table exists: split_verse_perf_test.events_0_9999
[2025-09-19 21:36:30.384] INFO  [MultiTableRepo.events] Ensured table exists: split_verse_perf_test.events_0_9999
[2025-09-19 21:36:30.388] INFO  [MultiTableRepo.events] Ensured table exists: split_verse_perf_test.events_0_9999
[2025-09-19 21:36:30.392] INFO  [MultiTableRepo.events] Ensured table exists: split_verse_perf_test.events_0_9999
[2025-09-19 21:36:30.397] INFO  [MultiTableRepo.events] Ensured table exists: split_verse_perf_test.events_0_9999
[2025-09-19 21:36:30.402] INFO  [MultiTableRepo.events] Ensured table exists: split_verse_perf_test.events_0_9999
[2025-09-19 21:36:30.402] INFO  [MultiTableRepo.events] Ensured table exists: split_verse_perf_test.events_0_9999
[2025-09-19 21:36:30.407] INFO  [MultiTableRepo.events] Ensured table exists: split_verse_perf_test.events_0_9999
[2025-09-19 21:36:30.407] INFO  [MultiTableRepo.events] Ensured table exists: split_verse_perf_test.events_0_9999
[2025-09-19 21:36:30.408] INFO  [MultiTableRepo.events] Ensured table exists: split_verse_perf_test.events_0_9999
[2025-09-19 21:36:30.415] INFO  [MultiTableRepo.events] Ensured table exists: split_verse_perf_test.events_0_9999
[2025-09-19 21:36:30.422] INFO  [MultiTableRepo.events] Ensured table exists: split_verse_perf_test.events_0_9999
[2025-09-19 21:36:30.422] INFO  [MultiTableRepo.events] Ensured table exists: split_verse_perf_test.events_0_9999
[2025-09-19 21:36:30.421] INFO  [MultiTableRepo.events] Ensured table exists: split_verse_perf_test.events_0_9999
[2025-09-19 21:36:30.426] INFO  [MultiTableRepo.events] Ensured table exists: split_verse_perf_test.events_0_9999
[2025-09-19 21:36:30.427] INFO  [MultiTableRepo.events] Ensured table exists: split_verse_perf_test.events_0_9999
[2025-09-19 21:36:30.432] INFO  [MultiTableRepo.events] Ensured table exists: split_verse_perf_test.events_0_9999
[2025-09-19 21:36:30.437] INFO  [MultiTableRepo.events] Ensured table exists: split_verse_perf_test.events_0_9999
[2025-09-19 21:36:30.438] INFO  [MultiTableRepo.events] Ensured table exists: split_verse_perf_test.events_0_9999
[2025-09-19 21:36:30.439] INFO  [MultiTableRepo.events] Ensured table exists: split_verse_perf_test.events_0_9999
[2025-09-19 21:36:30.442] INFO  [MultiTableRepo.events] Ensured table exists: split_verse_perf_test.events_0_9999
[2025-09-19 21:36:30.445] INFO  [MultiTableRepo.events] Ensured table exists: split_verse_perf_test.events_0_9999
[2025-09-19 21:36:30.445] INFO  [MultiTableRepo.events] Ensured table exists: split_verse_perf_test.events_0_9999
[2025-09-19 21:36:30.453] INFO  [MultiTableRepo.events] Ensured table exists: split_verse_perf_test.events_0_9999
[2025-09-19 21:36:30.454] INFO  [MultiTableRepo.events] Ensured table exists: split_verse_perf_test.events_0_9999
[2025-09-19 21:36:30.457] INFO  [MultiTableRepo.events] Ensured table exists: split_verse_perf_test.events_0_9999
[2025-09-19 21:36:30.464] INFO  [MultiTableRepo.events] Ensured table exists: split_verse_perf_test.events_0_9999
[2025-09-19 21:36:30.465] INFO  [MultiTableRepo.events] Ensured table exists: split_verse_perf_test.events_0_9999
[2025-09-19 21:36:30.469] INFO  [MultiTableRepo.events] Ensured table exists: split_verse_perf_test.events_0_9999
[2025-09-19 21:36:30.479] INFO  [MultiTableRepo.events] Ensured table exists: split_verse_perf_test.events_0_9999
[2025-09-19 21:36:30.481] INFO  [MultiTableRepo.events] Ensured table exists: split_verse_perf_test.events_0_9999
[2025-09-19 21:36:30.482] INFO  [MultiTableRepo.events] Ensured table exists: split_verse_perf_test.events_0_9999
[2025-09-19 21:36:30.489] INFO  [MultiTableRepo.events] Ensured table exists: split_verse_perf_test.events_0_9999
[2025-09-19 21:36:30.491] INFO  [MultiTableRepo.events] Ensured table exists: split_verse_perf_test.events_0_9999
[2025-09-19 21:36:30.493] INFO  [MultiTableRepo.events] Ensured table exists: split_verse_perf_test.events_0_9999
[2025-09-19 21:36:30.496] INFO  [MultiTableRepo.events] Ensured table exists: split_verse_perf_test.events_0_9999
[2025-09-19 21:36:30.498] INFO  [MultiTableRepo.events] Ensured table exists: split_verse_perf_test.events_0_9999
[2025-09-19 21:36:30.499] INFO  [MultiTableRepo.events] Ensured table exists: split_verse_perf_test.events_0_9999
[2025-09-19 21:36:30.504] INFO  [MultiTableRepo.events] Ensured table exists: split_verse_perf_test.events_0_9999
[2025-09-19 21:36:30.506] INFO  [MultiTableRepo.events] Ensured table exists: split_verse_perf_test.events_0_9999
[2025-09-19 21:36:30.515] INFO  [MultiTableRepo.events] Ensured table exists: split_verse_perf_test.events_0_9999
[2025-09-19 21:36:30.515] INFO  [MultiTableRepo.events] Ensured table exists: split_verse_perf_test.events_0_9999
[2025-09-19 21:36:30.520] INFO  [MultiTableRepo.events] Ensured table exists: split_verse_perf_test.events_0_9999
[2025-09-19 21:36:30.527] INFO  [MultiTableRepo.events] Ensured table exists: split_verse_perf_test.events_0_9999
[2025-09-19 21:36:30.536] INFO  [MultiTableRepo.events] Ensured table exists: split_verse_perf_test.events_0_9999
[2025-09-19 21:36:30.536] INFO  [MultiTableRepo.events] Ensured table exists: split_verse_perf_test.events_0_9999
[2025-09-19 21:36:30.540] INFO  [MultiTableRepo.events] Ensured table exists: split_verse_perf_test.events_0_9999
[2025-09-19 21:36:30.545] INFO  [MultiTableRepo.events] Ensured table exists: split_verse_perf_test.events_0_9999
[2025-09-19 21:36:30.550] INFO  [MultiTableRepo.events] Ensured table exists: split_verse_perf_test.events_0_9999
[2025-09-19 21:36:30.553] INFO  [MultiTableRepo.events] Ensured table exists: split_verse_perf_test.events_0_9999
[2025-09-19 21:36:30.556] INFO  [MultiTableRepo.events] Ensured table exists: split_verse_perf_test.events_0_9999
[2025-09-19 21:36:30.561] INFO  [MultiTableRepo.events] Ensured table exists: split_verse_perf_test.events_0_9999
[2025-09-19 21:36:30.571] INFO  [MultiTableRepo.events] Ensured table exists: split_verse_perf_test.events_0_9999
[2025-09-19 21:36:30.576] INFO  [MultiTableRepo.events] Ensured table exists: split_verse_perf_test.events_0_9999
[2025-09-19 21:36:30.584] INFO  [MultiTableRepo.events] Ensured table exists: split_verse_perf_test.events_0_9999
[2025-09-19 21:36:30.586] INFO  [MultiTableRepo.events] Ensured table exists: split_verse_perf_test.events_0_9999
[2025-09-19 21:36:30.589] INFO  [MultiTableRepo.events] Ensured table exists: split_verse_perf_test.events_0_9999
[2025-09-19 21:36:30.590] INFO  [MultiTableRepo.events] Ensured table exists: split_verse_perf_test.events_0_9999
[2025-09-19 21:36:30.601] INFO  [MultiTableRepo.events] Ensured table exists: split_verse_perf_test.events_0_9999
[2025-09-19 21:36:30.604] INFO  [MultiTableRepo.events] Ensured table exists: split_verse_perf_test.events_0_9999
[2025-09-19 21:36:30.605] INFO  [MultiTableRepo.events] Ensured table exists: split_verse_perf_test.events_0_9999
[2025-09-19 21:36:30.607] INFO  [MultiTableRepo.events] Ensured table exists: split_verse_perf_test.events_0_9999
[2025-09-19 21:36:30.611] INFO  [MultiTableRepo.events] Ensured table exists: split_verse_perf_test.events_0_9999
[2025-09-19 21:36:30.621] INFO  [MultiTableRepo.events] Ensured table exists: split_verse_perf_test.events_0_9999
[2025-09-19 21:36:30.625] INFO  [MultiTableRepo.events] Ensured table exists: split_verse_perf_test.events_0_9999
[2025-09-19 21:36:30.627] INFO  [MultiTableRepo.events] Ensured table exists: split_verse_perf_test.events_0_9999
[2025-09-19 21:36:30.628] INFO  [MultiTableRepo.events] Ensured table exists: split_verse_perf_test.events_0_9999
[2025-09-19 21:36:30.640] INFO  [MultiTableRepo.events] Ensured table exists: split_verse_perf_test.events_0_9999
[2025-09-19 21:36:30.644] INFO  [MultiTableRepo.events] Ensured table exists: split_verse_perf_test.events_0_9999
[2025-09-19 21:36:30.659] INFO  [MultiTableRepo.events] Ensured table exists: split_verse_perf_test.events_0_9999
[2025-09-19 21:36:30.659] INFO  [MultiTableRepo.events] Ensured table exists: split_verse_perf_test.events_0_9999
[2025-09-19 21:36:30.660] INFO  [MultiTableRepo.events] Ensured table exists: split_verse_perf_test.events_0_9999
[2025-09-19 21:36:30.674] INFO  [MultiTableRepo.events] Ensured table exists: split_verse_perf_test.events_0_9999
[2025-09-19 21:36:30.675] INFO  [MultiTableRepo.events] Ensured table exists: split_verse_perf_test.events_0_9999
[2025-09-19 21:36:30.679] INFO  [MultiTableRepo.events] Ensured table exists: split_verse_perf_test.events_0_9999
[2025-09-19 21:36:30.680] INFO  [MultiTableRepo.events] Ensured table exists: split_verse_perf_test.events_0_9999
[2025-09-19 21:36:30.685] INFO  [MultiTableRepo.events] Ensured table exists: split_verse_perf_test.events_0_9999
[2025-09-19 21:36:30.685] INFO  [MultiTableRepo.events] Ensured table exists: split_verse_perf_test.events_0_9999
[2025-09-19 21:36:30.694] INFO  [MultiTableRepo.events] Ensured table exists: split_verse_perf_test.events_0_9999
[2025-09-19 21:36:30.700] INFO  [MultiTableRepo.events] Ensured table exists: split_verse_perf_test.events_0_9999
[2025-09-19 21:36:30.701] INFO  [MultiTableRepo.events] Ensured table exists: split_verse_perf_test.events_0_9999
[2025-09-19 21:36:30.702] INFO  [MultiTableRepo.events] Ensured table exists: split_verse_perf_test.events_0_9999
[2025-09-19 21:36:30.716] INFO  [MultiTableRepo.events] Ensured table exists: split_verse_perf_test.events_0_9999
[2025-09-19 21:36:30.716] INFO  [MultiTableRepo.events] Ensured table exists: split_verse_perf_test.events_0_9999
[2025-09-19 21:36:30.727] INFO  [MultiTableRepo.events] Ensured table exists: split_verse_perf_test.events_0_9999
[2025-09-19 21:36:30.729] INFO  [MultiTableRepo.events] Ensured table exists: split_verse_perf_test.events_0_9999
[2025-09-19 21:36:30.740] INFO  [MultiTableRepo.events] Ensured table exists: split_verse_perf_test.events_0_9999
[2025-09-19 21:36:30.742] INFO  [MultiTableRepo.events] Ensured table exists: split_verse_perf_test.events_0_9999
[2025-09-19 21:36:30.744] INFO  [MultiTableRepo.events] Ensured table exists: split_verse_perf_test.events_0_9999
[2025-09-19 21:36:30.750] INFO  [MultiTableRepo.events] Ensured table exists: split_verse_perf_test.events_0_9999
[2025-09-19 21:36:30.751] INFO  [MultiTableRepo.events] Ensured table exists: split_verse_perf_test.events_0_9999
[2025-09-19 21:36:30.755] INFO  [MultiTableRepo.events] Ensured table exists: split_verse_perf_test.events_0_9999
[2025-09-19 21:36:30.759] INFO  [MultiTableRepo.events] Ensured table exists: split_verse_perf_test.events_0_9999
[2025-09-19 21:36:30.764] INFO  [MultiTableRepo.events] Ensured table exists: split_verse_perf_test.events_0_9999
[2025-09-19 21:36:30.767] INFO  [MultiTableRepo.events] Ensured table exists: split_verse_perf_test.events_0_9999
[2025-09-19 21:36:30.769] INFO  [MultiTableRepo.events] Ensured table exists: split_verse_perf_test.events_0_9999
[2025-09-19 21:36:30.779] INFO  [MultiTableRepo.events] Ensured table exists: split_verse_perf_test.events_0_9999
[2025-09-19 21:36:30.781] INFO  [MultiTableRepo.events] Ensured table exists: split_verse_perf_test.events_0_9999
[2025-09-19 21:36:30.782] INFO  [MultiTableRepo.events] Ensured table exists: split_verse_perf_test.events_0_9999
[2025-09-19 21:36:30.786] INFO  [MultiTableRepo.events] Ensured table exists: split_verse_perf_test.events_0_9999
[2025-09-19 21:36:30.798] INFO  [MultiTableRepo.events] Ensured table exists: split_verse_perf_test.events_0_9999
[2025-09-19 21:36:30.800] INFO  [MultiTableRepo.events] Ensured table exists: split_verse_perf_test.events_0_9999
[2025-09-19 21:36:30.802] INFO  [MultiTableRepo.events] Ensured table exists: split_verse_perf_test.events_0_9999
[2025-09-19 21:36:30.803] INFO  [MultiTableRepo.events] Ensured table exists: split_verse_perf_test.events_0_9999
[2025-09-19 21:36:30.808] INFO  [MultiTableRepo.events] Ensured table exists: split_verse_perf_test.events_0_9999
[2025-09-19 21:36:30.823] INFO  [MultiTableRepo.events] Ensured table exists: split_verse_perf_test.events_0_9999
[2025-09-19 21:36:30.823] INFO  [MultiTableRepo.events] Ensured table exists: split_verse_perf_test.events_0_9999
[2025-09-19 21:36:30.825] INFO  [MultiTableRepo.events] Ensured table exists: split_verse_perf_test.events_0_9999
[2025-09-19 21:36:30.832] INFO  [MultiTableRepo.events] Ensured table exists: split_verse_perf_test.events_0_9999
[2025-09-19 21:36:30.842] INFO  [MultiTableRepo.events] Ensured table exists: split_verse_perf_test.events_0_9999
[2025-09-19 21:36:30.843] INFO  [MultiTableRepo.events] Ensured table exists: split_verse_perf_test.events_0_9999
[2025-09-19 21:36:30.844] INFO  [MultiTableRepo.events] Ensured table exists: split_verse_perf_test.events_0_9999
[2025-09-19 21:36:30.845] INFO  [MultiTableRepo.events] Ensured table exists: split_verse_perf_test.events_0_9999
[2025-09-19 21:36:30.848] INFO  [MultiTableRepo.events] Ensured table exists: split_verse_perf_test.events_0_9999
[2025-09-19 21:36:30.856] INFO  [MultiTableRepo.events] Ensured table exists: split_verse_perf_test.events_0_9999
[2025-09-19 21:36:30.859] INFO  [MultiTableRepo.events] Ensured table exists: split_verse_perf_test.events_0_9999
[2025-09-19 21:36:30.859] INFO  [MultiTableRepo.events] Ensured table exists: split_verse_perf_test.events_0_9999
[2025-09-19 21:36:30.859] INFO  [MultiTableRepo.events] Ensured table exists: split_verse_perf_test.events_0_9999
[2025-09-19 21:36:30.865] INFO  [MultiTableRepo.events] Ensured table exists: split_verse_perf_test.events_0_9999
[2025-09-19 21:36:30.868] INFO  [MultiTableRepo.events] Ensured table exists: split_verse_perf_test.events_0_9999
[2025-09-19 21:36:30.878] INFO  [MultiTableRepo.events] Ensured table exists: split_verse_perf_test.events_0_9999
[2025-09-19 21:36:30.880] INFO  [MultiTableRepo.events] Ensured table exists: split_verse_perf_test.events_0_9999
[2025-09-19 21:36:30.880] INFO  [MultiTableRepo.events] Ensured table exists: split_verse_perf_test.events_0_9999
[2025-09-19 21:36:30.884] INFO  [MultiTableRepo.events] Ensured table exists: split_verse_perf_test.events_0_9999
[2025-09-19 21:36:30.885] INFO  [MultiTableRepo.events] Ensured table exists: split_verse_perf_test.events_0_9999
[2025-09-19 21:36:30.890] INFO  [MultiTableRepo.events] Ensured table exists: split_verse_perf_test.events_0_9999
[2025-09-19 21:36:30.904] INFO  [MultiTableRepo.events] Ensured table exists: split_verse_perf_test.events_0_9999
[2025-09-19 21:36:30.906] INFO  [MultiTableRepo.events] Ensured table exists: split_verse_perf_test.events_0_9999
[2025-09-19 21:36:30.908] INFO  [MultiTableRepo.events] Ensured table exists: split_verse_perf_test.events_0_9999
[2025-09-19 21:36:30.908] INFO  [MultiTableRepo.events] Ensured table exists: split_verse_perf_test.events_0_9999
[2025-09-19 21:36:30.910] INFO  [MultiTableRepo.events] Ensured table exists: split_verse_perf_test.events_0_9999
[2025-09-19 21:36:30.918] INFO  [MultiTableRepo.events] Ensured table exists: split_verse_perf_test.events_0_9999
[2025-09-19 21:36:30.923] INFO  [MultiTableRepo.events] Ensured table exists: split_verse_perf_test.events_0_9999
[2025-09-19 21:36:30.927] INFO  [MultiTableRepo.events] Ensured table exists: split_verse_perf_test.events_0_9999
[2025-09-19 21:36:30.927] INFO  [MultiTableRepo.events] Ensured table exists: split_verse_perf_test.events_0_9999
[2025-09-19 21:36:30.932] INFO  [MultiTableRepo.events] Ensured table exists: split_verse_perf_test.events_0_9999
[2025-09-19 21:36:30.932] INFO  [MultiTableRepo.events] Ensured table exists: split_verse_perf_test.events_0_9999
[2025-09-19 21:36:30.936] INFO  [MultiTableRepo.events] Ensured table exists: split_verse_perf_test.events_0_9999
[2025-09-19 21:36:30.940] INFO  [MultiTableRepo.events] Ensured table exists: split_verse_perf_test.events_0_9999
[2025-09-19 21:36:30.945] INFO  [MultiTableRepo.events] Ensured table exists: split_verse_perf_test.events_0_9999
[2025-09-19 21:36:30.949] INFO  [MultiTableRepo.events] Ensured table exists: split_verse_perf_test.events_0_9999
[2025-09-19 21:36:30.951] INFO  [MultiTableRepo.events] Ensured table exists: split_verse_perf_test.events_0_9999
[2025-09-19 21:36:30.953] INFO  [MultiTableRepo.events] Ensured table exists: split_verse_perf_test.events_0_9999
[2025-09-19 21:36:30.964] INFO  [MultiTableRepo.events] Ensured table exists: split_verse_perf_test.events_0_9999
[2025-09-19 21:36:30.968] INFO  [MultiTableRepo.events] Ensured table exists: split_verse_perf_test.events_0_9999
[2025-09-19 21:36:30.972] INFO  [MultiTableRepo.events] Ensured table exists: split_verse_perf_test.events_0_9999
[2025-09-19 21:36:30.976] INFO  [MultiTableRepo.events] Ensured table exists: split_verse_perf_test.events_0_9999
[2025-09-19 21:36:30.988] INFO  [MultiTableRepo.events] Ensured table exists: split_verse_perf_test.events_0_9999
[2025-09-19 21:36:30.990] INFO  [MultiTableRepo.events] Ensured table exists: split_verse_perf_test.events_0_9999
[2025-09-19 21:36:30.990] INFO  [MultiTableRepo.events] Ensured table exists: split_verse_perf_test.events_0_9999
[2025-09-19 21:36:30.996] INFO  [MultiTableRepo.events] Ensured table exists: split_verse_perf_test.events_0_9999
[2025-09-19 21:36:31.001] INFO  [MultiTableRepo.events] Ensured table exists: split_verse_perf_test.events_0_9999
[2025-09-19 21:36:31.007] INFO  [MultiTableRepo.events] Ensured table exists: split_verse_perf_test.events_0_9999
[2025-09-19 21:36:31.008] INFO  [MultiTableRepo.events] Ensured table exists: split_verse_perf_test.events_0_9999
[2025-09-19 21:36:31.022] INFO  [MultiTableRepo.events] Ensured table exists: split_verse_perf_test.events_0_9999
[2025-09-19 21:36:31.024] INFO  [MultiTableRepo.events] Ensured table exists: split_verse_perf_test.events_0_9999
[2025-09-19 21:36:31.026] INFO  [MultiTableRepo.events] Ensured table exists: split_verse_perf_test.events_0_9999
[2025-09-19 21:36:31.040] INFO  [MultiTableRepo.events] Ensured table exists: split_verse_perf_test.events_0_9999
[2025-09-19 21:36:31.044] INFO  [MultiTableRepo.events] Ensured table exists: split_verse_perf_test.events_0_9999
[2025-09-19 21:36:31.044] INFO  [MultiTableRepo.events] Ensured table exists: split_verse_perf_test.events_0_9999
[2025-09-19 21:36:31.045] INFO  [MultiTableRepo.events] Ensured table exists: split_verse_perf_test.events_0_9999
[2025-09-19 21:36:31.046] INFO  [MultiTableRepo.events] Ensured table exists: split_verse_perf_test.events_0_9999
[2025-09-19 21:36:31.053] INFO  [MultiTableRepo.events] Ensured table exists: split_verse_perf_test.events_0_9999
[2025-09-19 21:36:31.060] INFO  [MultiTableRepo.events] Ensured table exists: split_verse_perf_test.events_0_9999
[2025-09-19 21:36:31.061] INFO  [MultiTableRepo.events] Ensured table exists: split_verse_perf_test.events_0_9999
[2025-09-19 21:36:31.063] INFO  [MultiTableRepo.events] Ensured table exists: split_verse_perf_test.events_0_9999
[2025-09-19 21:36:31.073] INFO  [MultiTableRepo.events] Ensured table exists: split_verse_perf_test.events_0_9999
[2025-09-19 21:36:31.077] INFO  [MultiTableRepo.events] Ensured table exists: split_verse_perf_test.events_0_9999
[2025-09-19 21:36:31.081] INFO  [MultiTableRepo.events] Ensured table exists: split_verse_perf_test.events_0_9999
[2025-09-19 21:36:31.083] INFO  [MultiTableRepo.events] Ensured table exists: split_verse_perf_test.events_0_9999
[2025-09-19 21:36:31.084] INFO  [MultiTableRepo.events] Ensured table exists: split_verse_perf_test.events_0_9999
[2025-09-19 21:36:31.084] INFO  [MultiTableRepo.events] Ensured table exists: split_verse_perf_test.events_0_9999
[2025-09-19 21:36:31.088] INFO  [MultiTableRepo.events] Ensured table exists: split_verse_perf_test.events_0_9999
[2025-09-19 21:36:31.090] INFO  [MultiTableRepo.events] Ensured table exists: split_verse_perf_test.events_0_9999
[2025-09-19 21:36:31.096] INFO  [MultiTableRepo.events] Ensured table exists: split_verse_perf_test.events_0_9999
[2025-09-19 21:36:31.095] INFO  [MultiTableRepo.events] Ensured table exists: split_verse_perf_test.events_0_9999
[2025-09-19 21:36:31.096] INFO  [MultiTableRepo.events] Ensured table exists: split_verse_perf_test.events_0_9999
[2025-09-19 21:36:31.100] INFO  [MultiTableRepo.events] Ensured table exists: split_verse_perf_test.events_0_9999
[2025-09-19 21:36:31.103] INFO  [MultiTableRepo.events] Ensured table exists: split_verse_perf_test.events_0_9999
[2025-09-19 21:36:31.105] INFO  [MultiTableRepo.events] Ensured table exists: split_verse_perf_test.events_0_9999
[2025-09-19 21:36:31.110] INFO  [MultiTableRepo.events] Ensured table exists: split_verse_perf_test.events_0_9999
[2025-09-19 21:36:31.116] INFO  [MultiTableRepo.events] Ensured table exists: split_verse_perf_test.events_0_9999
[2025-09-19 21:36:31.116] INFO  [MultiTableRepo.events] Ensured table exists: split_verse_perf_test.events_0_9999
[2025-09-19 21:36:31.125] INFO  [MultiTableRepo.events] Ensured table exists: split_verse_perf_test.events_0_9999
[2025-09-19 21:36:31.127] INFO  [MultiTableRepo.events] Ensured table exists: split_verse_perf_test.events_0_9999
[2025-09-19 21:36:31.130] INFO  [MultiTableRepo.events] Ensured table exists: split_verse_perf_test.events_0_9999
[2025-09-19 21:36:31.135] INFO  [MultiTableRepo.events] Ensured table exists: split_verse_perf_test.events_0_9999
[2025-09-19 21:36:31.145] INFO  [MultiTableRepo.events] Ensured table exists: split_verse_perf_test.events_0_9999
[2025-09-19 21:36:31.146] INFO  [MultiTableRepo.events] Ensured table exists: split_verse_perf_test.events_0_9999
[2025-09-19 21:36:31.149] INFO  [MultiTableRepo.events] Ensured table exists: split_verse_perf_test.events_0_9999
[2025-09-19 21:36:31.160] INFO  [MultiTableRepo.events] Ensured table exists: split_verse_perf_test.events_0_9999
[2025-09-19 21:36:31.162] INFO  [MultiTableRepo.events] Ensured table exists: split_verse_perf_test.events_0_9999
[2025-09-19 21:36:31.166] INFO  [MultiTableRepo.events] Ensured table exists: split_verse_perf_test.events_0_9999
[2025-09-19 21:36:31.172] INFO  [MultiTableRepo.events] Ensured table exists: split_verse_perf_test.events_0_9999
[2025-09-19 21:36:31.178] INFO  [MultiTableRepo.events] Ensured table exists: split_verse_perf_test.events_0_9999
[2025-09-19 21:36:31.184] INFO  [MultiTableRepo.events] Ensured table exists: split_verse_perf_test.events_0_9999
[2025-09-19 21:36:31.186] INFO  [MultiTableRepo.events] Ensured table exists: split_verse_perf_test.events_0_9999
[2025-09-19 21:36:31.202] INFO  [MultiTableRepo.events] Ensured table exists: split_verse_perf_test.events_0_9999
[2025-09-19 21:36:31.206] INFO  [MultiTableRepo.events] Ensured table exists: split_verse_perf_test.events_0_9999
[2025-09-19 21:36:31.216] INFO  [MultiTableRepo.events] Ensured table exists: split_verse_perf_test.events_0_9999
[2025-09-19 21:36:31.223] INFO  [MultiTableRepo.events] Ensured table exists: split_verse_perf_test.events_0_9999
[2025-09-19 21:36:31.223] INFO  [MultiTableRepo.events] Ensured table exists: split_verse_perf_test.events_0_9999
[2025-09-19 21:36:31.224] INFO  [MultiTableRepo.events] Ensured table exists: split_verse_perf_test.events_0_9999
[2025-09-19 21:36:31.237] INFO  [MultiTableRepo.events] Ensured table exists: split_verse_perf_test.events_0_9999
[2025-09-19 21:36:31.241] INFO  [MultiTableRepo.events] Ensured table exists: split_verse_perf_test.events_0_9999
[2025-09-19 21:36:31.242] INFO  [MultiTableRepo.events] Ensured table exists: split_verse_perf_test.events_0_9999
[2025-09-19 21:36:31.244] INFO  [MultiTableRepo.events] Ensured table exists: split_verse_perf_test.events_0_9999
[2025-09-19 21:36:31.246] INFO  [MultiTableRepo.events] Ensured table exists: split_verse_perf_test.events_0_9999
[2025-09-19 21:36:31.251] INFO  [MultiTableRepo.events] Ensured table exists: split_verse_perf_test.events_0_9999
[2025-09-19 21:36:31.256] INFO  [MultiTableRepo.events] Ensured table exists: split_verse_perf_test.events_0_9999
[2025-09-19 21:36:31.259] INFO  [MultiTableRepo.events] Ensured table exists: split_verse_perf_test.events_0_9999
[2025-09-19 21:36:31.265] INFO  [MultiTableRepo.events] Ensured table exists: split_verse_perf_test.events_0_9999
[2025-09-19 21:36:31.267] INFO  [MultiTableRepo.events] Ensured table exists: split_verse_perf_test.events_0_9999
[2025-09-19 21:36:31.268] INFO  [MultiTableRepo.events] Ensured table exists: split_verse_perf_test.events_0_9999
[2025-09-19 21:36:31.273] INFO  [MultiTableRepo.events] Ensured table exists: split_verse_perf_test.events_0_9999
[2025-09-19 21:36:31.277] INFO  [MultiTableRepo.events] Ensured table exists: split_verse_perf_test.events_0_9999
[2025-09-19 21:36:31.280] INFO  [MultiTableRepo.events] Ensured table exists: split_verse_perf_test.events_0_9999
[2025-09-19 21:36:31.283] INFO  [MultiTableRepo.events] Ensured table exists: split_verse_perf_test.events_0_9999
[2025-09-19 21:36:31.287] INFO  [MultiTableRepo.events] Ensured table exists: split_verse_perf_test.events_0_9999
[2025-09-19 21:36:31.288] INFO  [MultiTableRepo.events] Ensured table exists: split_verse_perf_test.events_0_9999
[2025-09-19 21:36:31.290] INFO  [MultiTableRepo.events] Ensured table exists: split_verse_perf_test.events_0_9999
[2025-09-19 21:36:31.293] INFO  [MultiTableRepo.events] Ensured table exists: split_verse_perf_test.events_0_9999
[2025-09-19 21:36:31.295] INFO  [MultiTableRepo.events] Ensured table exists: split_verse_perf_test.events_0_9999
[2025-09-19 21:36:31.297] INFO  [MultiTableRepo.events] Ensured table exists: split_verse_perf_test.events_0_9999
[2025-09-19 21:36:31.298] INFO  [MultiTableRepo.events] Ensured table exists: split_verse_perf_test.events_0_9999
[2025-09-19 21:36:31.302] INFO  [MultiTableRepo.events] Ensured table exists: split_verse_perf_test.events_0_9999
[2025-09-19 21:36:31.305] INFO  [MultiTableRepo.events] Ensured table exists: split_verse_perf_test.events_0_9999
[2025-09-19 21:36:31.309] INFO  [MultiTableRepo.events] Ensured table exists: split_verse_perf_test.events_0_9999
[2025-09-19 21:36:31.311] INFO  [MultiTableRepo.events] Ensured table exists: split_verse_perf_test.events_0_9999
[2025-09-19 21:36:31.314] INFO  [MultiTableRepo.events] Ensured table exists: split_verse_perf_test.events_0_9999
[2025-09-19 21:36:31.318] INFO  [MultiTableRepo.events] Ensured table exists: split_verse_perf_test.events_0_9999
[2025-09-19 21:36:31.318] INFO  [MultiTableRepo.events] Ensured table exists: split_verse_perf_test.events_0_9999
[2025-09-19 21:36:31.326] INFO  [MultiTableRepo.events] Ensured table exists: split_verse_perf_test.events_0_9999
[2025-09-19 21:36:31.329] INFO  [MultiTableRepo.events] Ensured table exists: split_verse_perf_test.events_0_9999
[2025-09-19 21:36:31.329] INFO  [MultiTableRepo.events] Ensured table exists: split_verse_perf_test.events_0_9999
[2025-09-19 21:36:31.330] INFO  [MultiTableRepo.events] Ensured table exists: split_verse_perf_test.events_0_9999
[2025-09-19 21:36:31.332] INFO  [MultiTableRepo.events] Ensured table exists: split_verse_perf_test.events_0_9999
[2025-09-19 21:36:31.341] INFO  [MultiTableRepo.events] Ensured table exists: split_verse_perf_test.events_0_9999
[2025-09-19 21:36:31.343] INFO  [MultiTableRepo.events] Ensured table exists: split_verse_perf_test.events_0_9999
[2025-09-19 21:36:31.348] INFO  [MultiTableRepo.events] Ensured table exists: split_verse_perf_test.events_0_9999
[2025-09-19 21:36:31.348] INFO  [MultiTableRepo.events] Ensured table exists: split_verse_perf_test.events_0_9999
[2025-09-19 21:36:31.349] INFO  [MultiTableRepo.events] Ensured table exists: split_verse_perf_test.events_0_9999
[2025-09-19 21:36:31.358] INFO  [MultiTableRepo.events] Ensured table exists: split_verse_perf_test.events_0_9999
[2025-09-19 21:36:31.361] INFO  [MultiTableRepo.events] Ensured table exists: split_verse_perf_test.events_0_9999
[2025-09-19 21:36:31.365] INFO  [MultiTableRepo.events] Ensured table exists: split_verse_perf_test.events_0_9999
[2025-09-19 21:36:31.369] INFO  [MultiTableRepo.events] Ensured table exists: split_verse_perf_test.events_0_9999
[2025-09-19 21:36:31.373] INFO  [MultiTableRepo.events] Ensured table exists: split_verse_perf_test.events_0_9999
[2025-09-19 21:36:31.376] INFO  [MultiTableRepo.events] Ensured table exists: split_verse_perf_test.events_0_9999
[2025-09-19 21:36:31.385] INFO  [MultiTableRepo.events] Ensured table exists: split_verse_perf_test.events_0_9999
[2025-09-19 21:36:31.386] INFO  [MultiTableRepo.events] Ensured table exists: split_verse_perf_test.events_0_9999
[2025-09-19 21:36:31.391] INFO  [MultiTableRepo.events] Ensured table exists: split_verse_perf_test.events_0_9999
[2025-09-19 21:36:31.402] INFO  [MultiTableRepo.events] Ensured table exists: split_verse_perf_test.events_0_9999
[2025-09-19 21:36:31.402] INFO  [MultiTableRepo.events] Ensured table exists: split_verse_perf_test.events_0_9999
[2025-09-19 21:36:31.408] INFO  [MultiTableRepo.events] Ensured table exists: split_verse_perf_test.events_0_9999
[2025-09-19 21:36:31.419] INFO  [MultiTableRepo.events] Ensured table exists: split_verse_perf_test.events_0_9999
[2025-09-19 21:36:31.423] INFO  [MultiTableRepo.events] Ensured table exists: split_verse_perf_test.events_0_9999
[2025-09-19 21:36:31.433] INFO  [MultiTableRepo.events] Ensured table exists: split_verse_perf_test.events_0_9999
[2025-09-19 21:36:31.440] INFO  [MultiTableRepo.events] Ensured table exists: split_verse_perf_test.events_0_9999
[2025-09-19 21:36:31.441] INFO  [MultiTableRepo.events] Ensured table exists: split_verse_perf_test.events_0_9999
[2025-09-19 21:36:31.454] INFO  [MultiTableRepo.events] Ensured table exists: split_verse_perf_test.events_0_9999
[2025-09-19 21:36:31.455] INFO  [MultiTableRepo.events] Ensured table exists: split_verse_perf_test.events_0_9999
[2025-09-19 21:36:31.461] INFO  [MultiTableRepo.events] Ensured table exists: split_verse_perf_test.events_0_9999
[2025-09-19 21:36:31.470] INFO  [MultiTableRepo.events] Ensured table exists: split_verse_perf_test.events_0_9999
[2025-09-19 21:36:31.476] INFO  [MultiTableRepo.events] Ensured table exists: split_verse_perf_test.events_0_9999
[2025-09-19 21:36:31.478] INFO  [MultiTableRepo.events] Ensured table exists: split_verse_perf_test.events_0_9999
[2025-09-19 21:36:31.480] INFO  [MultiTableRepo.events] Ensured table exists: split_verse_perf_test.events_0_9999
[2025-09-19 21:36:31.481] INFO  [MultiTableRepo.events] Ensured table exists: split_verse_perf_test.events_0_9999
[2025-09-19 21:36:31.488] INFO  [MultiTableRepo.events] Ensured table exists: split_verse_perf_test.events_0_9999
[2025-09-19 21:36:31.492] INFO  [MultiTableRepo.events] Ensured table exists: split_verse_perf_test.events_0_9999
[2025-09-19 21:36:31.497] INFO  [MultiTableRepo.events] Ensured table exists: split_verse_perf_test.events_0_9999
[2025-09-19 21:36:31.499] INFO  [MultiTableRepo.events] Ensured table exists: split_verse_perf_test.events_0_9999
[2025-09-19 21:36:31.504] INFO  [MultiTableRepo.events] Ensured table exists: split_verse_perf_test.events_0_9999
[2025-09-19 21:36:31.507] INFO  [MultiTableRepo.events] Ensured table exists: split_verse_perf_test.events_0_9999
[2025-09-19 21:36:31.508] INFO  [MultiTableRepo.events] Ensured table exists: split_verse_perf_test.events_0_9999
[2025-09-19 21:36:31.510] INFO  [MultiTableRepo.events] Ensured table exists: split_verse_perf_test.events_0_9999
[2025-09-19 21:36:31.516] INFO  [MultiTableRepo.events] Ensured table exists: split_verse_perf_test.events_0_9999
[2025-09-19 21:36:31.516] INFO  [MultiTableRepo.events] Ensured table exists: split_verse_perf_test.events_0_9999
[2025-09-19 21:36:31.519] INFO  [MultiTableRepo.events] Ensured table exists: split_verse_perf_test.events_0_9999
[2025-09-19 21:36:31.524] INFO  [MultiTableRepo.events] Ensured table exists: split_verse_perf_test.events_0_9999
[2025-09-19 21:36:31.524] INFO  [MultiTableRepo.events] Ensured table exists: split_verse_perf_test.events_0_9999
[2025-09-19 21:36:31.525] INFO  [MultiTableRepo.events] Ensured table exists: split_verse_perf_test.events_0_9999
[2025-09-19 21:36:31.532] INFO  [MultiTableRepo.events] Ensured table exists: split_verse_perf_test.events_0_9999
[2025-09-19 21:36:31.537] INFO  [MultiTableRepo.events] Ensured table exists: split_verse_perf_test.events_0_9999
[2025-09-19 21:36:31.543] INFO  [MultiTableRepo.events] Ensured table exists: split_verse_perf_test.events_0_9999
[2025-09-19 21:36:31.543] INFO  [MultiTableRepo.events] Ensured table exists: split_verse_perf_test.events_0_9999
[2025-09-19 21:36:31.544] INFO  [MultiTableRepo.events] Ensured table exists: split_verse_perf_test.events_0_9999
[2025-09-19 21:36:31.544] INFO  [MultiTableRepo.events] Ensured table exists: split_verse_perf_test.events_0_9999
[2025-09-19 21:36:31.555] INFO  [MultiTableRepo.events] Ensured table exists: split_verse_perf_test.events_0_9999
[2025-09-19 21:36:31.560] INFO  [MultiTableRepo.events] Ensured table exists: split_verse_perf_test.events_0_9999
[2025-09-19 21:36:31.567] INFO  [MultiTableRepo.events] Ensured table exists: split_verse_perf_test.events_0_9999
[2025-09-19 21:36:31.571] INFO  [MultiTableRepo.events] Ensured table exists: split_verse_perf_test.events_0_9999
[2025-09-19 21:36:31.577] INFO  [MultiTableRepo.events] Ensured table exists: split_verse_perf_test.events_0_9999
[2025-09-19 21:36:31.584] INFO  [MultiTableRepo.events] Ensured table exists: split_verse_perf_test.events_0_9999
[2025-09-19 21:36:31.587] INFO  [MultiTableRepo.events] Ensured table exists: split_verse_perf_test.events_0_9999
[2025-09-19 21:36:31.589] INFO  [MultiTableRepo.events] Ensured table exists: split_verse_perf_test.events_0_9999
[2025-09-19 21:36:31.593] INFO  [MultiTableRepo.events] Ensured table exists: split_verse_perf_test.events_0_9999
[2025-09-19 21:36:31.599] INFO  [MultiTableRepo.events] Ensured table exists: split_verse_perf_test.events_0_9999
[2025-09-19 21:36:31.610] INFO  [MultiTableRepo.events] Ensured table exists: split_verse_perf_test.events_0_9999
[2025-09-19 21:36:31.610] INFO  [MultiTableRepo.events] Ensured table exists: split_verse_perf_test.events_0_9999
[2025-09-19 21:36:31.615] INFO  [MultiTableRepo.events] Ensured table exists: split_verse_perf_test.events_0_9999
[2025-09-19 21:36:31.619] INFO  [MultiTableRepo.events] Ensured table exists: split_verse_perf_test.events_0_9999
[2025-09-19 21:36:31.626] INFO  [MultiTableRepo.events] Ensured table exists: split_verse_perf_test.events_0_9999
[2025-09-19 21:36:31.630] INFO  [MultiTableRepo.events] Ensured table exists: split_verse_perf_test.events_0_9999
[2025-09-19 21:36:31.633] INFO  [MultiTableRepo.events] Ensured table exists: split_verse_perf_test.events_0_9999
[2025-09-19 21:36:31.636] INFO  [MultiTableRepo.events] Ensured table exists: split_verse_perf_test.events_0_9999
[2025-09-19 21:36:31.637] INFO  [MultiTableRepo.events] Ensured table exists: split_verse_perf_test.events_0_9999
[2025-09-19 21:36:31.640] INFO  [MultiTableRepo.events] Ensured table exists: split_verse_perf_test.events_0_9999
[2025-09-19 21:36:31.647] INFO  [MultiTableRepo.events] Ensured table exists: split_verse_perf_test.events_0_9999
[2025-09-19 21:36:31.653] INFO  [MultiTableRepo.events] Ensured table exists: split_verse_perf_test.events_0_9999
[2025-09-19 21:36:31.654] INFO  [MultiTableRepo.events] Ensured table exists: split_verse_perf_test.events_0_9999
[2025-09-19 21:36:31.655] INFO  [MultiTableRepo.events] Ensured table exists: split_verse_perf_test.events_0_9999
[2025-09-19 21:36:31.659] INFO  [MultiTableRepo.events] Ensured table exists: split_verse_perf_test.events_0_9999
[2025-09-19 21:36:31.669] INFO  [MultiTableRepo.events] Ensured table exists: split_verse_perf_test.events_0_9999
[2025-09-19 21:36:31.670] INFO  [MultiTableRepo.events] Ensured table exists: split_verse_perf_test.events_0_9999
[2025-09-19 21:36:31.673] INFO  [MultiTableRepo.events] Ensured table exists: split_verse_perf_test.events_0_9999
[2025-09-19 21:36:31.674] INFO  [MultiTableRepo.events] Ensured table exists: split_verse_perf_test.events_0_9999
[2025-09-19 21:36:31.678] INFO  [MultiTableRepo.events] Ensured table exists: split_verse_perf_test.events_0_9999
[2025-09-19 21:36:31.682] INFO  [MultiTableRepo.events] Ensured table exists: split_verse_perf_test.events_0_9999
[2025-09-19 21:36:31.685] INFO  [MultiTableRepo.events] Ensured table exists: split_verse_perf_test.events_0_9999
[2025-09-19 21:36:31.686] INFO  [MultiTableRepo.events] Ensured table exists: split_verse_perf_test.events_0_9999
[2025-09-19 21:36:31.688] INFO  [MultiTableRepo.events] Ensured table exists: split_verse_perf_test.events_0_9999
[2025-09-19 21:36:31.689] INFO  [MultiTableRepo.events] Ensured table exists: split_verse_perf_test.events_0_9999
[2025-09-19 21:36:31.698] INFO  [MultiTableRepo.events] Ensured table exists: split_verse_perf_test.events_0_9999
[2025-09-19 21:36:31.699] INFO  [MultiTableRepo.events] Ensured table exists: split_verse_perf_test.events_0_9999
[2025-09-19 21:36:31.703] INFO  [MultiTableRepo.events] Ensured table exists: split_verse_perf_test.events_0_9999
[2025-09-19 21:36:31.707] INFO  [MultiTableRepo.events] Ensured table exists: split_verse_perf_test.events_0_9999
[2025-09-19 21:36:31.712] INFO  [MultiTableRepo.events] Ensured table exists: split_verse_perf_test.events_0_9999
[2025-09-19 21:36:31.713] INFO  [MultiTableRepo.events] Ensured table exists: split_verse_perf_test.events_0_9999
[2025-09-19 21:36:31.713] INFO  [MultiTableRepo.events] Ensured table exists: split_verse_perf_test.events_0_9999
[2025-09-19 21:36:31.723] INFO  [MultiTableRepo.events] Ensured table exists: split_verse_perf_test.events_0_9999
[2025-09-19 21:36:31.734] INFO  [MultiTableRepo.events] Ensured table exists: split_verse_perf_test.events_0_9999
[2025-09-19 21:36:31.734] INFO  [MultiTableRepo.events] Ensured table exists: split_verse_perf_test.events_0_9999
[2025-09-19 21:36:31.737] INFO  [MultiTableRepo.events] Ensured table exists: split_verse_perf_test.events_0_9999
[2025-09-19 21:36:31.741] INFO  [MultiTableRepo.events] Ensured table exists: split_verse_perf_test.events_0_9999
[2025-09-19 21:36:31.753] INFO  [MultiTableRepo.events] Ensured table exists: split_verse_perf_test.events_0_9999
[2025-09-19 21:36:31.753] INFO  [MultiTableRepo.events] Ensured table exists: split_verse_perf_test.events_0_9999
[2025-09-19 21:36:31.754] INFO  [MultiTableRepo.events] Ensured table exists: split_verse_perf_test.events_0_9999
[2025-09-19 21:36:31.755] INFO  [MultiTableRepo.events] Ensured table exists: split_verse_perf_test.events_0_9999
[2025-09-19 21:36:31.757] INFO  [MultiTableRepo.events] Ensured table exists: split_verse_perf_test.events_0_9999
[2025-09-19 21:36:31.762] INFO  [MultiTableRepo.events] Ensured table exists: split_verse_perf_test.events_0_9999
[2025-09-19 21:36:31.772] INFO  [MultiTableRepo.events] Ensured table exists: split_verse_perf_test.events_0_9999
[2025-09-19 21:36:31.772] INFO  [MultiTableRepo.events] Ensured table exists: split_verse_perf_test.events_0_9999
[2025-09-19 21:36:31.773] INFO  [MultiTableRepo.events] Ensured table exists: split_verse_perf_test.events_0_9999
[2025-09-19 21:36:31.779] INFO  [MultiTableRepo.events] Ensured table exists: split_verse_perf_test.events_0_9999
[2025-09-19 21:36:31.791] INFO  [MultiTableRepo.events] Ensured table exists: split_verse_perf_test.events_0_9999
[2025-09-19 21:36:31.792] INFO  [MultiTableRepo.events] Ensured table exists: split_verse_perf_test.events_0_9999
[2025-09-19 21:36:31.796] INFO  [MultiTableRepo.events] Ensured table exists: split_verse_perf_test.events_0_9999
[2025-09-19 21:36:31.799] INFO  [MultiTableRepo.events] Ensured table exists: split_verse_perf_test.events_0_9999
[2025-09-19 21:36:31.810] INFO  [MultiTableRepo.events] Ensured table exists: split_verse_perf_test.events_0_9999
[2025-09-19 21:36:31.811] INFO  [MultiTableRepo.events] Ensured table exists: split_verse_perf_test.events_0_9999
[2025-09-19 21:36:31.816] INFO  [MultiTableRepo.events] Ensured table exists: split_verse_perf_test.events_0_9999
[2025-09-19 21:36:31.828] INFO  [MultiTableRepo.events] Ensured table exists: split_verse_perf_test.events_0_9999
[2025-09-19 21:36:31.828] INFO  [MultiTableRepo.events] Ensured table exists: split_verse_perf_test.events_0_9999
[2025-09-19 21:36:31.835] INFO  [MultiTableRepo.events] Ensured table exists: split_verse_perf_test.events_0_9999
[2025-09-19 21:36:31.836] INFO  [MultiTableRepo.events] Ensured table exists: split_verse_perf_test.events_0_9999
[2025-09-19 21:36:31.846] INFO  [MultiTableRepo.events] Ensured table exists: split_verse_perf_test.events_0_9999
[2025-09-19 21:36:31.856] INFO  [MultiTableRepo.events] Ensured table exists: split_verse_perf_test.events_0_9999
[2025-09-19 21:36:31.857] INFO  [MultiTableRepo.events] Ensured table exists: split_verse_perf_test.events_0_9999
[2025-09-19 21:36:31.863] INFO  [MultiTableRepo.events] Ensured table exists: split_verse_perf_test.events_0_9999
[2025-09-19 21:36:31.874] INFO  [MultiTableRepo.events] Ensured table exists: split_verse_perf_test.events_0_9999
[2025-09-19 21:36:31.875] INFO  [MultiTableRepo.events] Ensured table exists: split_verse_perf_test.events_0_9999
[2025-09-19 21:36:31.875] INFO  [MultiTableRepo.events] Ensured table exists: split_verse_perf_test.events_0_9999
[2025-09-19 21:36:31.895] INFO  [MultiTableRepo.events] Ensured table exists: split_verse_perf_test.events_0_9999
[2025-09-19 21:36:31.896] INFO  [MultiTableRepo.events] Ensured table exists: split_verse_perf_test.events_0_9999
[2025-09-19 21:36:31.898] INFO  [MultiTableRepo.events] Ensured table exists: split_verse_perf_test.events_0_9999
[2025-09-19 21:36:31.898] INFO  [MultiTableRepo.events] Ensured table exists: split_verse_perf_test.events_0_9999
[2025-09-19 21:36:31.899] INFO  [MultiTableRepo.events] Ensured table exists: split_verse_perf_test.events_0_9999
[2025-09-19 21:36:31.910] INFO  [MultiTableRepo.events] Ensured table exists: split_verse_perf_test.events_0_9999
[2025-09-19 21:36:31.926] INFO  [MultiTableRepo.events] Ensured table exists: split_verse_perf_test.events_0_9999
[2025-09-19 21:36:31.926] INFO  [MultiTableRepo.events] Ensured table exists: split_verse_perf_test.events_0_9999
[2025-09-19 21:36:31.927] INFO  [MultiTableRepo.events] Ensured table exists: split_verse_perf_test.events_0_9999
[2025-09-19 21:36:31.928] INFO  [MultiTableRepo.events] Ensured table exists: split_verse_perf_test.events_0_9999
[2025-09-19 21:36:31.935] INFO  [MultiTableRepo.events] Ensured table exists: split_verse_perf_test.events_0_9999
[2025-09-19 21:36:31.936] INFO  [MultiTableRepo.events] Ensured table exists: split_verse_perf_test.events_0_9999
[2025-09-19 21:36:31.944] INFO  [MultiTableRepo.events] Ensured table exists: split_verse_perf_test.events_0_9999
[2025-09-19 21:36:31.944] INFO  [MultiTableRepo.events] Ensured table exists: split_verse_perf_test.events_0_9999
[2025-09-19 21:36:31.947] INFO  [MultiTableRepo.events] Ensured table exists: split_verse_perf_test.events_0_9999
[2025-09-19 21:36:31.949] INFO  [MultiTableRepo.events] Ensured table exists: split_verse_perf_test.events_0_9999
[2025-09-19 21:36:31.949] INFO  [MultiTableRepo.events] Ensured table exists: split_verse_perf_test.events_0_9999
[2025-09-19 21:36:31.950] INFO  [MultiTableRepo.events] Ensured table exists: split_verse_perf_test.events_0_9999
[2025-09-19 21:36:31.956] INFO  [MultiTableRepo.events] Ensured table exists: split_verse_perf_test.events_0_9999
[2025-09-19 21:36:31.961] INFO  [MultiTableRepo.events] Ensured table exists: split_verse_perf_test.events_0_9999
[2025-09-19 21:36:31.964] INFO  [MultiTableRepo.events] Ensured table exists: split_verse_perf_test.events_0_9999
[2025-09-19 21:36:31.967] INFO  [MultiTableRepo.events] Ensured table exists: split_verse_perf_test.events_0_9999
[2025-09-19 21:36:31.970] INFO  [MultiTableRepo.events] Ensured table exists: split_verse_perf_test.events_0_9999
[2025-09-19 21:36:31.974] INFO  [MultiTableRepo.events] Ensured table exists: split_verse_perf_test.events_0_9999
[2025-09-19 21:36:31.977] INFO  [MultiTableRepo.events] Ensured table exists: split_verse_perf_test.events_0_9999
[2025-09-19 21:36:31.983] INFO  [MultiTableRepo.events] Ensured table exists: split_verse_perf_test.events_0_9999
[2025-09-19 21:36:31.987] INFO  [MultiTableRepo.events] Ensured table exists: split_verse_perf_test.events_0_9999
[2025-09-19 21:36:31.993] INFO  [MultiTableRepo.events] Ensured table exists: split_verse_perf_test.events_0_9999
[2025-09-19 21:36:32.002] INFO  [MultiTableRepo.events] Ensured table exists: split_verse_perf_test.events_0_9999
[2025-09-19 21:36:32.003] INFO  [MultiTableRepo.events] Ensured table exists: split_verse_perf_test.events_0_9999
[2025-09-19 21:36:32.009] INFO  [MultiTableRepo.events] Ensured table exists: split_verse_perf_test.events_0_9999
[2025-09-19 21:36:32.010] INFO  [MultiTableRepo.events] Ensured table exists: split_verse_perf_test.events_0_9999
[2025-09-19 21:36:32.022] INFO  [MultiTableRepo.events] Ensured table exists: split_verse_perf_test.events_0_9999
[2025-09-19 21:36:32.024] INFO  [MultiTableRepo.events] Ensured table exists: split_verse_perf_test.events_0_9999
[2025-09-19 21:36:32.028] INFO  [MultiTableRepo.events] Ensured table exists: split_verse_perf_test.events_0_9999
[2025-09-19 21:36:32.035] INFO  [MultiTableRepo.events] Ensured table exists: split_verse_perf_test.events_0_9999
[2025-09-19 21:36:32.039] INFO  [MultiTableRepo.events] Ensured table exists: split_verse_perf_test.events_0_9999
[2025-09-19 21:36:32.042] INFO  [MultiTableRepo.events] Ensured table exists: split_verse_perf_test.events_0_9999
[2025-09-19 21:36:32.045] INFO  [MultiTableRepo.events] Ensured table exists: split_verse_perf_test.events_0_9999
[2025-09-19 21:36:32.049] INFO  [MultiTableRepo.events] Ensured table exists: split_verse_perf_test.events_0_9999
[2025-09-19 21:36:32.053] INFO  [MultiTableRepo.events] Ensured table exists: split_verse_perf_test.events_0_9999
[2025-09-19 21:36:32.058] INFO  [MultiTableRepo.events] Ensured table exists: split_verse_perf_test.events_0_9999
[2025-09-19 21:36:32.059] INFO  [MultiTableRepo.events] Ensured table exists: split_verse_perf_test.events_0_9999
[2025-09-19 21:36:32.062] INFO  [MultiTableRepo.events] Ensured table exists: split_verse_perf_test.events_0_9999
[2025-09-19 21:36:32.064] INFO  [MultiTableRepo.events] Ensured table exists: split_verse_perf_test.events_0_9999
[2025-09-19 21:36:32.068] INFO  [MultiTableRepo.events] Ensured table exists: split_verse_perf_test.events_0_9999
[2025-09-19 21:36:32.068] INFO  [MultiTableRepo.events] Ensured table exists: split_verse_perf_test.events_0_9999
[2025-09-19 21:36:32.074] INFO  [MultiTableRepo.events] Ensured table exists: split_verse_perf_test.events_0_9999
[2025-09-19 21:36:32.076] INFO  [MultiTableRepo.events] Ensured table exists: split_verse_perf_test.events_0_9999
[2025-09-19 21:36:32.080] INFO  [MultiTableRepo.events] Ensured table exists: split_verse_perf_test.events_0_9999
[2025-09-19 21:36:32.082] INFO  [MultiTableRepo.events] Ensured table exists: split_verse_perf_test.events_0_9999
[2025-09-19 21:36:32.087] INFO  [MultiTableRepo.events] Ensured table exists: split_verse_perf_test.events_0_9999
[2025-09-19 21:36:32.091] INFO  [MultiTableRepo.events] Ensured table exists: split_verse_perf_test.events_0_9999
[2025-09-19 21:36:32.090] INFO  [MultiTableRepo.events] Ensured table exists: split_verse_perf_test.events_0_9999
[2025-09-19 21:36:32.094] INFO  [MultiTableRepo.events] Ensured table exists: split_verse_perf_test.events_0_9999
[2025-09-19 21:36:32.097] INFO  [MultiTableRepo.events] Ensured table exists: split_verse_perf_test.events_0_9999
[2025-09-19 21:36:32.100] INFO  [MultiTableRepo.events] Ensured table exists: split_verse_perf_test.events_0_9999
[2025-09-19 21:36:32.103] INFO  [MultiTableRepo.events] Ensured table exists: split_verse_perf_test.events_0_9999
[2025-09-19 21:36:32.104] INFO  [MultiTableRepo.events] Ensured table exists: split_verse_perf_test.events_0_9999
[2025-09-19 21:36:32.107] INFO  [MultiTableRepo.events] Ensured table exists: split_verse_perf_test.events_0_9999
[2025-09-19 21:36:32.111] INFO  [MultiTableRepo.events] Ensured table exists: split_verse_perf_test.events_0_9999
[2025-09-19 21:36:32.117] INFO  [MultiTableRepo.events] Ensured table exists: split_verse_perf_test.events_0_9999
[2025-09-19 21:36:32.120] INFO  [MultiTableRepo.events] Ensured table exists: split_verse_perf_test.events_0_9999
[2025-09-19 21:36:32.125] INFO  [MultiTableRepo.events] Ensured table exists: split_verse_perf_test.events_0_9999
[2025-09-19 21:36:32.126] INFO  [MultiTableRepo.events] Ensured table exists: split_verse_perf_test.events_0_9999
[2025-09-19 21:36:32.137] INFO  [MultiTableRepo.events] Ensured table exists: split_verse_perf_test.events_0_9999
[2025-09-19 21:36:32.138] INFO  [MultiTableRepo.events] Ensured table exists: split_verse_perf_test.events_0_9999
[2025-09-19 21:36:32.140] INFO  [MultiTableRepo.events] Ensured table exists: split_verse_perf_test.events_0_9999
[2025-09-19 21:36:32.141] INFO  [MultiTableRepo.events] Ensured table exists: split_verse_perf_test.events_0_9999
[2025-09-19 21:36:32.143] INFO  [MultiTableRepo.events] Ensured table exists: split_verse_perf_test.events_0_9999
[2025-09-19 21:36:32.145] INFO  [MultiTableRepo.events] Ensured table exists: split_verse_perf_test.events_0_9999
[2025-09-19 21:36:32.154] INFO  [MultiTableRepo.events] Ensured table exists: split_verse_perf_test.events_0_9999
[2025-09-19 21:36:32.157] INFO  [MultiTableRepo.events] Ensured table exists: split_verse_perf_test.events_0_9999
[2025-09-19 21:36:32.158] INFO  [MultiTableRepo.events] Ensured table exists: split_verse_perf_test.events_0_9999
[2025-09-19 21:36:32.160] INFO  [MultiTableRepo.events] Ensured table exists: split_verse_perf_test.events_0_9999
[2025-09-19 21:36:32.163] INFO  [MultiTableRepo.events] Ensured table exists: split_verse_perf_test.events_0_9999
[2025-09-19 21:36:32.163] INFO  [MultiTableRepo.events] Ensured table exists: split_verse_perf_test.events_0_9999
[2025-09-19 21:36:32.169] INFO  [MultiTableRepo.events] Ensured table exists: split_verse_perf_test.events_0_9999
[2025-09-19 21:36:32.172] INFO  [MultiTableRepo.events] Ensured table exists: split_verse_perf_test.events_0_9999
[2025-09-19 21:36:32.172] INFO  [MultiTableRepo.events] Ensured table exists: split_verse_perf_test.events_0_9999
[2025-09-19 21:36:32.180] INFO  [MultiTableRepo.events] Ensured table exists: split_verse_perf_test.events_0_9999
[2025-09-19 21:36:32.181] INFO  [MultiTableRepo.events] Ensured table exists: split_verse_perf_test.events_0_9999
[2025-09-19 21:36:32.186] INFO  [MultiTableRepo.events] Ensured table exists: split_verse_perf_test.events_0_9999
[2025-09-19 21:36:32.187] INFO  [MultiTableRepo.events] Ensured table exists: split_verse_perf_test.events_0_9999
[2025-09-19 21:36:32.192] INFO  [MultiTableRepo.events] Ensured table exists: split_verse_perf_test.events_0_9999
[2025-09-19 21:36:32.195] INFO  [MultiTableRepo.events] Ensured table exists: split_verse_perf_test.events_0_9999
[2025-09-19 21:36:32.198] INFO  [MultiTableRepo.events] Ensured table exists: split_verse_perf_test.events_0_9999
[2025-09-19 21:36:32.206] INFO  [MultiTableRepo.events] Ensured table exists: split_verse_perf_test.events_0_9999
[2025-09-19 21:36:32.206] INFO  [MultiTableRepo.events] Ensured table exists: split_verse_perf_test.events_0_9999
[2025-09-19 21:36:32.211] INFO  [MultiTableRepo.events] Ensured table exists: split_verse_perf_test.events_0_9999
[2025-09-19 21:36:32.220] INFO  [MultiTableRepo.events] Ensured table exists: split_verse_perf_test.events_0_9999
[2025-09-19 21:36:32.225] INFO  [MultiTableRepo.events] Ensured table exists: split_verse_perf_test.events_0_9999
[2025-09-19 21:36:32.231] INFO  [MultiTableRepo.events] Ensured table exists: split_verse_perf_test.events_0_9999
[2025-09-19 21:36:32.237] INFO  [MultiTableRepo.events] Ensured table exists: split_verse_perf_test.events_0_9999
[2025-09-19 21:36:32.247] INFO  [MultiTableRepo.events] Ensured table exists: split_verse_perf_test.events_0_9999
[2025-09-19 21:36:32.249] INFO  [MultiTableRepo.events] Ensured table exists: split_verse_perf_test.events_0_9999
[2025-09-19 21:36:32.262] INFO  [MultiTableRepo.events] Ensured table exists: split_verse_perf_test.events_0_9999
[2025-09-19 21:36:32.271] INFO  [MultiTableRepo.events] Ensured table exists: split_verse_perf_test.events_0_9999
[2025-09-19 21:36:32.278] INFO  [MultiTableRepo.events] Ensured table exists: split_verse_perf_test.events_0_9999
]]></system-out>
  </testcase>
  <testcase name="testLargeDatasetHandling" classname="com.telcobright.splitverse.tests.PerformanceTest" time="2.349">
    <system-out><![CDATA[
=== Large Dataset Handling Test ===
Inserting 50000 records...
[2025-09-19 21:36:32.308] INFO  [MultiTableRepo.events] Ensured table exists: split_verse_perf_test.events_0_9999
[2025-09-19 21:36:32.482] INFO  [MultiTableRepo.events] Ensured table exists: split_verse_perf_test.events_0_9999
Progress: 10000/50000
[2025-09-19 21:36:32.655] INFO  [MultiTableRepo.events] Ensured table exists: split_verse_perf_test.events_10000_19999
[2025-09-19 21:36:33.008] INFO  [MultiTableRepo.events] Ensured table exists: split_verse_perf_test.events_10000_19999
Progress: 20000/50000
[2025-09-19 21:36:33.163] INFO  [MultiTableRepo.events] Ensured table exists: split_verse_perf_test.events_20000_29999
[2025-09-19 21:36:33.508] INFO  [MultiTableRepo.events] Ensured table exists: split_verse_perf_test.events_20000_29999
Progress: 30000/50000
[2025-09-19 21:36:33.659] INFO  [MultiTableRepo.events] Ensured table exists: split_verse_perf_test.events_30000_39999
[2025-09-19 21:36:33.981] INFO  [MultiTableRepo.events] Ensured table exists: split_verse_perf_test.events_30000_39999
Progress: 40000/50000
[2025-09-19 21:36:34.144] INFO  [MultiTableRepo.events] Ensured table exists: split_verse_perf_test.events_40000_49999
[2025-09-19 21:36:34.471] INFO  [MultiTableRepo.events] Ensured table exists: split_verse_perf_test.events_40000_49999
Progress: 50000/50000
Total insert time: 2199 ms
Avg batch insert time: 219.90 ms
Retrieved 1000 records from large dataset in 18 ms
✓ Large dataset handling test passed
]]></system-out>
  </testcase>
  <testcase name="testPaginationPerformance" classname="com.telcobright.splitverse.tests.PerformanceTest" time="0.426">
    <system-out><![CDATA[
=== Pagination Performance Test ===
Pagination statistics for 50 pages:
Avg page fetch time: 8.34 ms
P50 page fetch time: 8 ms
P95 page fetch time: 13 ms
Total records paginated: 5000
✓ Pagination performance test passed
]]></system-out>
  </testcase>
</testsuite>