<?xml version="1.0" encoding="UTF-8"?>
<testsuite xmlns:xsi="http://www.w3.org/2001/XMLSchema-instance" xsi:noNamespaceSchemaLocation="https://maven.apache.org/surefire/maven-surefire-plugin/xsd/surefire-test-report.xsd" version="3.0.2" name="com.telcobright.splitverse.tests.SmsMultiTableHourlyPartitionTestRetrieveAll" time="1228.106" tests="3" errors="0" skipped="0" failures="0">
  <properties>
    <property name="java.specification.version" value="21"/>
    <property name="sun.jnu.encoding" value="UTF-8"/>
    <property name="java.class.path" value="/home/mustafa/telcobright-projects/routesphere/split-verse/target/test-classes:/home/mustafa/telcobright-projects/routesphere/split-verse/target/classes:/home/mustafa/.m2/repository/org/slf4j/slf4j-api/1.7.36/slf4j-api-1.7.36.jar:/home/mustafa/.m2/repository/com/mysql/mysql-connector-j/8.0.33/mysql-connector-j-8.0.33.jar:/home/mustafa/.m2/repository/com/telcobright/dbutil/1.0-SNAPSHOT/dbutil-1.0-SNAPSHOT.jar:/home/mustafa/.m2/repository/commons-io/commons-io/2.20.0/commons-io-2.20.0.jar:/home/mustafa/.m2/repository/org/apache/commons/commons-lang3/3.18.0/commons-lang3-3.18.0.jar:/home/mustafa/.m2/repository/ch/qos/logback/logback-classic/1.4.11/logback-classic-1.4.11.jar:/home/mustafa/.m2/repository/ch/qos/logback/logback-core/1.4.11/logback-core-1.4.11.jar:/home/mustafa/.m2/repository/org/springframework/data/spring-data-jpa/2.7.14/spring-data-jpa-2.7.14.jar:/home/mustafa/.m2/repository/org/springframework/data/spring-data-commons/2.7.14/spring-data-commons-2.7.14.jar:/home/mustafa/.m2/repository/org/springframework/spring-orm/5.3.29/spring-orm-5.3.29.jar:/home/mustafa/.m2/repository/org/springframework/spring-jdbc/5.3.29/spring-jdbc-5.3.29.jar:/home/mustafa/.m2/repository/org/springframework/spring-aop/5.3.29/spring-aop-5.3.29.jar:/home/mustafa/.m2/repository/org/springframework/spring-tx/5.3.29/spring-tx-5.3.29.jar:/home/mustafa/.m2/repository/org/springframework/spring-beans/5.3.29/spring-beans-5.3.29.jar:/home/mustafa/.m2/repository/org/springframework/spring-core/5.3.29/spring-core-5.3.29.jar:/home/mustafa/.m2/repository/org/springframework/spring-jcl/5.3.29/spring-jcl-5.3.29.jar:/home/mustafa/.m2/repository/javax/persistence/javax.persistence-api/2.2/javax.persistence-api-2.2.jar:/home/mustafa/.m2/repository/org/hibernate/hibernate-core/5.6.15.Final/hibernate-core-5.6.15.Final.jar:/home/mustafa/.m2/repository/org/jboss/logging/jboss-logging/3.6.1.Final/jboss-logging-3.6.1.Final.jar:/home/mustafa/.m2/repository/net/bytebuddy/byte-buddy/1.17.6/byte-buddy-1.17.6.jar:/home/mustafa/.m2/repository/antlr/antlr/2.7.7/antlr-2.7.7.jar:/home/mustafa/.m2/repository/org/jboss/spec/javax/transaction/jboss-transaction-api_1.2_spec/1.1.1.Final/jboss-transaction-api_1.2_spec-1.1.1.Final.jar:/home/mustafa/.m2/repository/org/jboss/jandex/2.4.2.Final/jandex-2.4.2.Final.jar:/home/mustafa/.m2/repository/com/fasterxml/classmate/1.7.0/classmate-1.7.0.jar:/home/mustafa/.m2/repository/javax/activation/javax.activation-api/1.2.0/javax.activation-api-1.2.0.jar:/home/mustafa/.m2/repository/org/hibernate/common/hibernate-commons-annotations/5.1.2.Final/hibernate-commons-annotations-5.1.2.Final.jar:/home/mustafa/.m2/repository/javax/xml/bind/jaxb-api/2.3.1/jaxb-api-2.3.1.jar:/home/mustafa/.m2/repository/org/glassfish/jaxb/jaxb-runtime/4.0.5/jaxb-runtime-4.0.5.jar:/home/mustafa/.m2/repository/org/glassfish/jaxb/jaxb-core/4.0.5/jaxb-core-4.0.5.jar:/home/mustafa/.m2/repository/org/eclipse/angus/angus-activation/2.0.2/angus-activation-2.0.2.jar:/home/mustafa/.m2/repository/org/glassfish/jaxb/txw2/4.0.5/txw2-4.0.5.jar:/home/mustafa/.m2/repository/com/sun/istack/istack-commons-runtime/4.1.2/istack-commons-runtime-4.1.2.jar:/home/mustafa/.m2/repository/org/springframework/spring-context/5.3.30/spring-context-5.3.30.jar:/home/mustafa/.m2/repository/org/springframework/spring-expression/5.3.30/spring-expression-5.3.30.jar:/home/mustafa/.m2/repository/com/zaxxer/HikariCP/5.0.1/HikariCP-5.0.1.jar:/home/mustafa/.m2/repository/org/springframework/boot/spring-boot-starter-test/2.7.14/spring-boot-starter-test-2.7.14.jar:/home/mustafa/.m2/repository/org/springframework/boot/spring-boot-starter/2.7.14/spring-boot-starter-2.7.14.jar:/home/mustafa/.m2/repository/org/springframework/boot/spring-boot/2.7.14/spring-boot-2.7.14.jar:/home/mustafa/.m2/repository/org/springframework/boot/spring-boot-autoconfigure/2.7.14/spring-boot-autoconfigure-2.7.14.jar:/home/mustafa/.m2/repository/org/springframework/boot/spring-boot-starter-logging/2.7.14/spring-boot-starter-logging-2.7.14.jar:/home/mustafa/.m2/repository/org/slf4j/jul-to-slf4j/1.7.36/jul-to-slf4j-1.7.36.jar:/home/mustafa/.m2/repository/jakarta/annotation/jakarta.annotation-api/3.0.0/jakarta.annotation-api-3.0.0.jar:/home/mustafa/.m2/repository/org/yaml/snakeyaml/2.4/snakeyaml-2.4.jar:/home/mustafa/.m2/repository/org/springframework/boot/spring-boot-test/2.7.14/spring-boot-test-2.7.14.jar:/home/mustafa/.m2/repository/org/springframework/boot/spring-boot-test-autoconfigure/2.7.14/spring-boot-test-autoconfigure-2.7.14.jar:/home/mustafa/.m2/repository/com/jayway/jsonpath/json-path/2.7.0/json-path-2.7.0.jar:/home/mustafa/.m2/repository/net/minidev/json-smart/2.4.7/json-smart-2.4.7.jar:/home/mustafa/.m2/repository/net/minidev/accessors-smart/2.4.7/accessors-smart-2.4.7.jar:/home/mustafa/.m2/repository/org/ow2/asm/asm/9.8/asm-9.8.jar:/home/mustafa/.m2/repository/jakarta/xml/bind/jakarta.xml.bind-api/4.0.2/jakarta.xml.bind-api-4.0.2.jar:/home/mustafa/.m2/repository/jakarta/activation/jakarta.activation-api/2.1.3/jakarta.activation-api-2.1.3.jar:/home/mustafa/.m2/repository/org/hamcrest/hamcrest/2.2/hamcrest-2.2.jar:/home/mustafa/.m2/repository/org/skyscreamer/jsonassert/1.5.1/jsonassert-1.5.1.jar:/home/mustafa/.m2/repository/com/vaadin/external/google/android-json/0.0.20131108.vaadin1/android-json-0.0.20131108.vaadin1.jar:/home/mustafa/.m2/repository/org/springframework/spring-test/5.3.29/spring-test-5.3.29.jar:/home/mustafa/.m2/repository/org/xmlunit/xmlunit-core/2.9.1/xmlunit-core-2.9.1.jar:/home/mustafa/.m2/repository/com/fasterxml/jackson/core/jackson-databind/2.15.2/jackson-databind-2.15.2.jar:/home/mustafa/.m2/repository/com/fasterxml/jackson/core/jackson-annotations/2.19.2/jackson-annotations-2.19.2.jar:/home/mustafa/.m2/repository/com/fasterxml/jackson/core/jackson-core/2.19.2/jackson-core-2.19.2.jar:/home/mustafa/.m2/repository/com/fasterxml/jackson/datatype/jackson-datatype-jsr310/2.15.2/jackson-datatype-jsr310-2.15.2.jar:/home/mustafa/.m2/repository/org/junit/jupiter/junit-jupiter/5.9.2/junit-jupiter-5.9.2.jar:/home/mustafa/.m2/repository/org/junit/jupiter/junit-jupiter-api/5.13.4/junit-jupiter-api-5.13.4.jar:/home/mustafa/.m2/repository/org/opentest4j/opentest4j/1.3.0/opentest4j-1.3.0.jar:/home/mustafa/.m2/repository/org/junit/platform/junit-platform-commons/1.13.4/junit-platform-commons-1.13.4.jar:/home/mustafa/.m2/repository/org/junit/jupiter/junit-jupiter-engine/5.13.4/junit-jupiter-engine-5.13.4.jar:/home/mustafa/.m2/repository/org/junit/platform/junit-platform-engine/1.13.4/junit-platform-engine-1.13.4.jar:/home/mustafa/.m2/repository/org/junit/jupiter/junit-jupiter-params/5.9.2/junit-jupiter-params-5.9.2.jar:/home/mustafa/.m2/repository/org/apiguardian/apiguardian-api/1.1.2/apiguardian-api-1.1.2.jar:/home/mustafa/.m2/repository/org/mockito/mockito-core/5.1.1/mockito-core-5.1.1.jar:/home/mustafa/.m2/repository/net/bytebuddy/byte-buddy-agent/1.12.22/byte-buddy-agent-1.12.22.jar:/home/mustafa/.m2/repository/org/objenesis/objenesis/3.3/objenesis-3.3.jar:/home/mustafa/.m2/repository/org/mockito/mockito-junit-jupiter/5.1.1/mockito-junit-jupiter-5.1.1.jar:/home/mustafa/.m2/repository/org/assertj/assertj-core/3.24.2/assertj-core-3.24.2.jar:/home/mustafa/.m2/repository/org/testcontainers/junit-jupiter/1.19.0/junit-jupiter-1.19.0.jar:/home/mustafa/.m2/repository/org/testcontainers/testcontainers/1.21.3/testcontainers-1.21.3.jar:/home/mustafa/.m2/repository/junit/junit/4.13.2/junit-4.13.2.jar:/home/mustafa/.m2/repository/org/apache/commons/commons-compress/1.28.0/commons-compress-1.28.0.jar:/home/mustafa/.m2/repository/commons-codec/commons-codec/1.19.0/commons-codec-1.19.0.jar:/home/mustafa/.m2/repository/org/rnorth/duct-tape/duct-tape/1.0.8/duct-tape-1.0.8.jar:/home/mustafa/.m2/repository/org/jetbrains/annotations/26.0.2/annotations-26.0.2.jar:/home/mustafa/.m2/repository/com/github/docker-java/docker-java-api/3.4.2/docker-java-api-3.4.2.jar:/home/mustafa/.m2/repository/com/github/docker-java/docker-java-transport-zerodep/3.4.2/docker-java-transport-zerodep-3.4.2.jar:/home/mustafa/.m2/repository/com/github/docker-java/docker-java-transport/3.4.2/docker-java-transport-3.4.2.jar:/home/mustafa/.m2/repository/net/java/dev/jna/jna/5.8.0/jna-5.8.0.jar:/home/mustafa/.m2/repository/org/testcontainers/mysql/1.19.0/mysql-1.19.0.jar:/home/mustafa/.m2/repository/org/testcontainers/jdbc/1.21.3/jdbc-1.21.3.jar:/home/mustafa/.m2/repository/org/testcontainers/database-commons/1.21.3/database-commons-1.21.3.jar:/home/mustafa/.m2/repository/org/awaitility/awaitility/4.2.0/awaitility-4.2.0.jar:/home/mustafa/.m2/repository/org/slf4j/slf4j-simple/1.7.36/slf4j-simple-1.7.36.jar:"/>
    <property name="java.vm.vendor" value="Eclipse Adoptium"/>
    <property name="sun.arch.data.model" value="64"/>
    <property name="java.vendor.url" value="https://adoptium.net/"/>
    <property name="user.timezone" value="Asia/Dhaka"/>
    <property name="os.name" value="Linux"/>
    <property name="java.vm.specification.version" value="21"/>
    <property name="sun.java.launcher" value="SUN_STANDARD"/>
    <property name="user.country" value="US"/>
    <property name="sun.boot.library.path" value="/home/mustafa/.sdkman/candidates/java/21-tem/lib"/>
    <property name="sun.java.command" value="/home/mustafa/telcobright-projects/routesphere/split-verse/target/surefire/surefirebooter-20250922095558614_3.jar /home/mustafa/telcobright-projects/routesphere/split-verse/target/surefire 2025-09-22T09-55-58_525-jvmRun1 surefire-20250922095558614_1tmp surefire_0-20250922095558614_2tmp"/>
    <property name="jdk.debug" value="release"/>
    <property name="test" value="SmsMultiTableHourlyPartitionTestRetrieveAll"/>
    <property name="surefire.test.class.path" value="/home/mustafa/telcobright-projects/routesphere/split-verse/target/test-classes:/home/mustafa/telcobright-projects/routesphere/split-verse/target/classes:/home/mustafa/.m2/repository/org/slf4j/slf4j-api/1.7.36/slf4j-api-1.7.36.jar:/home/mustafa/.m2/repository/com/mysql/mysql-connector-j/8.0.33/mysql-connector-j-8.0.33.jar:/home/mustafa/.m2/repository/com/telcobright/dbutil/1.0-SNAPSHOT/dbutil-1.0-SNAPSHOT.jar:/home/mustafa/.m2/repository/commons-io/commons-io/2.20.0/commons-io-2.20.0.jar:/home/mustafa/.m2/repository/org/apache/commons/commons-lang3/3.18.0/commons-lang3-3.18.0.jar:/home/mustafa/.m2/repository/ch/qos/logback/logback-classic/1.4.11/logback-classic-1.4.11.jar:/home/mustafa/.m2/repository/ch/qos/logback/logback-core/1.4.11/logback-core-1.4.11.jar:/home/mustafa/.m2/repository/org/springframework/data/spring-data-jpa/2.7.14/spring-data-jpa-2.7.14.jar:/home/mustafa/.m2/repository/org/springframework/data/spring-data-commons/2.7.14/spring-data-commons-2.7.14.jar:/home/mustafa/.m2/repository/org/springframework/spring-orm/5.3.29/spring-orm-5.3.29.jar:/home/mustafa/.m2/repository/org/springframework/spring-jdbc/5.3.29/spring-jdbc-5.3.29.jar:/home/mustafa/.m2/repository/org/springframework/spring-aop/5.3.29/spring-aop-5.3.29.jar:/home/mustafa/.m2/repository/org/springframework/spring-tx/5.3.29/spring-tx-5.3.29.jar:/home/mustafa/.m2/repository/org/springframework/spring-beans/5.3.29/spring-beans-5.3.29.jar:/home/mustafa/.m2/repository/org/springframework/spring-core/5.3.29/spring-core-5.3.29.jar:/home/mustafa/.m2/repository/org/springframework/spring-jcl/5.3.29/spring-jcl-5.3.29.jar:/home/mustafa/.m2/repository/javax/persistence/javax.persistence-api/2.2/javax.persistence-api-2.2.jar:/home/mustafa/.m2/repository/org/hibernate/hibernate-core/5.6.15.Final/hibernate-core-5.6.15.Final.jar:/home/mustafa/.m2/repository/org/jboss/logging/jboss-logging/3.6.1.Final/jboss-logging-3.6.1.Final.jar:/home/mustafa/.m2/repository/net/bytebuddy/byte-buddy/1.17.6/byte-buddy-1.17.6.jar:/home/mustafa/.m2/repository/antlr/antlr/2.7.7/antlr-2.7.7.jar:/home/mustafa/.m2/repository/org/jboss/spec/javax/transaction/jboss-transaction-api_1.2_spec/1.1.1.Final/jboss-transaction-api_1.2_spec-1.1.1.Final.jar:/home/mustafa/.m2/repository/org/jboss/jandex/2.4.2.Final/jandex-2.4.2.Final.jar:/home/mustafa/.m2/repository/com/fasterxml/classmate/1.7.0/classmate-1.7.0.jar:/home/mustafa/.m2/repository/javax/activation/javax.activation-api/1.2.0/javax.activation-api-1.2.0.jar:/home/mustafa/.m2/repository/org/hibernate/common/hibernate-commons-annotations/5.1.2.Final/hibernate-commons-annotations-5.1.2.Final.jar:/home/mustafa/.m2/repository/javax/xml/bind/jaxb-api/2.3.1/jaxb-api-2.3.1.jar:/home/mustafa/.m2/repository/org/glassfish/jaxb/jaxb-runtime/4.0.5/jaxb-runtime-4.0.5.jar:/home/mustafa/.m2/repository/org/glassfish/jaxb/jaxb-core/4.0.5/jaxb-core-4.0.5.jar:/home/mustafa/.m2/repository/org/eclipse/angus/angus-activation/2.0.2/angus-activation-2.0.2.jar:/home/mustafa/.m2/repository/org/glassfish/jaxb/txw2/4.0.5/txw2-4.0.5.jar:/home/mustafa/.m2/repository/com/sun/istack/istack-commons-runtime/4.1.2/istack-commons-runtime-4.1.2.jar:/home/mustafa/.m2/repository/org/springframework/spring-context/5.3.30/spring-context-5.3.30.jar:/home/mustafa/.m2/repository/org/springframework/spring-expression/5.3.30/spring-expression-5.3.30.jar:/home/mustafa/.m2/repository/com/zaxxer/HikariCP/5.0.1/HikariCP-5.0.1.jar:/home/mustafa/.m2/repository/org/springframework/boot/spring-boot-starter-test/2.7.14/spring-boot-starter-test-2.7.14.jar:/home/mustafa/.m2/repository/org/springframework/boot/spring-boot-starter/2.7.14/spring-boot-starter-2.7.14.jar:/home/mustafa/.m2/repository/org/springframework/boot/spring-boot/2.7.14/spring-boot-2.7.14.jar:/home/mustafa/.m2/repository/org/springframework/boot/spring-boot-autoconfigure/2.7.14/spring-boot-autoconfigure-2.7.14.jar:/home/mustafa/.m2/repository/org/springframework/boot/spring-boot-starter-logging/2.7.14/spring-boot-starter-logging-2.7.14.jar:/home/mustafa/.m2/repository/org/slf4j/jul-to-slf4j/1.7.36/jul-to-slf4j-1.7.36.jar:/home/mustafa/.m2/repository/jakarta/annotation/jakarta.annotation-api/3.0.0/jakarta.annotation-api-3.0.0.jar:/home/mustafa/.m2/repository/org/yaml/snakeyaml/2.4/snakeyaml-2.4.jar:/home/mustafa/.m2/repository/org/springframework/boot/spring-boot-test/2.7.14/spring-boot-test-2.7.14.jar:/home/mustafa/.m2/repository/org/springframework/boot/spring-boot-test-autoconfigure/2.7.14/spring-boot-test-autoconfigure-2.7.14.jar:/home/mustafa/.m2/repository/com/jayway/jsonpath/json-path/2.7.0/json-path-2.7.0.jar:/home/mustafa/.m2/repository/net/minidev/json-smart/2.4.7/json-smart-2.4.7.jar:/home/mustafa/.m2/repository/net/minidev/accessors-smart/2.4.7/accessors-smart-2.4.7.jar:/home/mustafa/.m2/repository/org/ow2/asm/asm/9.8/asm-9.8.jar:/home/mustafa/.m2/repository/jakarta/xml/bind/jakarta.xml.bind-api/4.0.2/jakarta.xml.bind-api-4.0.2.jar:/home/mustafa/.m2/repository/jakarta/activation/jakarta.activation-api/2.1.3/jakarta.activation-api-2.1.3.jar:/home/mustafa/.m2/repository/org/hamcrest/hamcrest/2.2/hamcrest-2.2.jar:/home/mustafa/.m2/repository/org/skyscreamer/jsonassert/1.5.1/jsonassert-1.5.1.jar:/home/mustafa/.m2/repository/com/vaadin/external/google/android-json/0.0.20131108.vaadin1/android-json-0.0.20131108.vaadin1.jar:/home/mustafa/.m2/repository/org/springframework/spring-test/5.3.29/spring-test-5.3.29.jar:/home/mustafa/.m2/repository/org/xmlunit/xmlunit-core/2.9.1/xmlunit-core-2.9.1.jar:/home/mustafa/.m2/repository/com/fasterxml/jackson/core/jackson-databind/2.15.2/jackson-databind-2.15.2.jar:/home/mustafa/.m2/repository/com/fasterxml/jackson/core/jackson-annotations/2.19.2/jackson-annotations-2.19.2.jar:/home/mustafa/.m2/repository/com/fasterxml/jackson/core/jackson-core/2.19.2/jackson-core-2.19.2.jar:/home/mustafa/.m2/repository/com/fasterxml/jackson/datatype/jackson-datatype-jsr310/2.15.2/jackson-datatype-jsr310-2.15.2.jar:/home/mustafa/.m2/repository/org/junit/jupiter/junit-jupiter/5.9.2/junit-jupiter-5.9.2.jar:/home/mustafa/.m2/repository/org/junit/jupiter/junit-jupiter-api/5.13.4/junit-jupiter-api-5.13.4.jar:/home/mustafa/.m2/repository/org/opentest4j/opentest4j/1.3.0/opentest4j-1.3.0.jar:/home/mustafa/.m2/repository/org/junit/platform/junit-platform-commons/1.13.4/junit-platform-commons-1.13.4.jar:/home/mustafa/.m2/repository/org/junit/jupiter/junit-jupiter-engine/5.13.4/junit-jupiter-engine-5.13.4.jar:/home/mustafa/.m2/repository/org/junit/platform/junit-platform-engine/1.13.4/junit-platform-engine-1.13.4.jar:/home/mustafa/.m2/repository/org/junit/jupiter/junit-jupiter-params/5.9.2/junit-jupiter-params-5.9.2.jar:/home/mustafa/.m2/repository/org/apiguardian/apiguardian-api/1.1.2/apiguardian-api-1.1.2.jar:/home/mustafa/.m2/repository/org/mockito/mockito-core/5.1.1/mockito-core-5.1.1.jar:/home/mustafa/.m2/repository/net/bytebuddy/byte-buddy-agent/1.12.22/byte-buddy-agent-1.12.22.jar:/home/mustafa/.m2/repository/org/objenesis/objenesis/3.3/objenesis-3.3.jar:/home/mustafa/.m2/repository/org/mockito/mockito-junit-jupiter/5.1.1/mockito-junit-jupiter-5.1.1.jar:/home/mustafa/.m2/repository/org/assertj/assertj-core/3.24.2/assertj-core-3.24.2.jar:/home/mustafa/.m2/repository/org/testcontainers/junit-jupiter/1.19.0/junit-jupiter-1.19.0.jar:/home/mustafa/.m2/repository/org/testcontainers/testcontainers/1.21.3/testcontainers-1.21.3.jar:/home/mustafa/.m2/repository/junit/junit/4.13.2/junit-4.13.2.jar:/home/mustafa/.m2/repository/org/apache/commons/commons-compress/1.28.0/commons-compress-1.28.0.jar:/home/mustafa/.m2/repository/commons-codec/commons-codec/1.19.0/commons-codec-1.19.0.jar:/home/mustafa/.m2/repository/org/rnorth/duct-tape/duct-tape/1.0.8/duct-tape-1.0.8.jar:/home/mustafa/.m2/repository/org/jetbrains/annotations/26.0.2/annotations-26.0.2.jar:/home/mustafa/.m2/repository/com/github/docker-java/docker-java-api/3.4.2/docker-java-api-3.4.2.jar:/home/mustafa/.m2/repository/com/github/docker-java/docker-java-transport-zerodep/3.4.2/docker-java-transport-zerodep-3.4.2.jar:/home/mustafa/.m2/repository/com/github/docker-java/docker-java-transport/3.4.2/docker-java-transport-3.4.2.jar:/home/mustafa/.m2/repository/net/java/dev/jna/jna/5.8.0/jna-5.8.0.jar:/home/mustafa/.m2/repository/org/testcontainers/mysql/1.19.0/mysql-1.19.0.jar:/home/mustafa/.m2/repository/org/testcontainers/jdbc/1.21.3/jdbc-1.21.3.jar:/home/mustafa/.m2/repository/org/testcontainers/database-commons/1.21.3/database-commons-1.21.3.jar:/home/mustafa/.m2/repository/org/awaitility/awaitility/4.2.0/awaitility-4.2.0.jar:/home/mustafa/.m2/repository/org/slf4j/slf4j-simple/1.7.36/slf4j-simple-1.7.36.jar:"/>
    <property name="sun.cpu.endian" value="little"/>
    <property name="user.home" value="/home/mustafa"/>
    <property name="user.language" value="en"/>
    <property name="java.specification.vendor" value="Oracle Corporation"/>
    <property name="java.version.date" value="2023-09-19"/>
    <property name="java.home" value="/home/mustafa/.sdkman/candidates/java/21-tem"/>
    <property name="file.separator" value="/"/>
    <property name="basedir" value="/home/mustafa/telcobright-projects/routesphere/split-verse"/>
    <property name="java.vm.compressedOopsMode" value="Zero based"/>
    <property name="line.separator" value="&#10;"/>
    <property name="java.vm.specification.vendor" value="Oracle Corporation"/>
    <property name="java.specification.name" value="Java Platform API Specification"/>
    <property name="surefire.real.class.path" value="/home/mustafa/telcobright-projects/routesphere/split-verse/target/surefire/surefirebooter-20250922095558614_3.jar"/>
    <property name="sun.management.compiler" value="HotSpot 64-Bit Tiered Compilers"/>
    <property name="java.runtime.version" value="21+35-LTS"/>
    <property name="user.name" value="mustafa"/>
    <property name="stdout.encoding" value="UTF-8"/>
    <property name="path.separator" value=":"/>
    <property name="os.version" value="6.14.0-29-generic"/>
    <property name="java.runtime.name" value="OpenJDK Runtime Environment"/>
    <property name="file.encoding" value="UTF-8"/>
    <property name="java.vm.name" value="OpenJDK 64-Bit Server VM"/>
    <property name="java.vendor.version" value="Temurin-21+35"/>
    <property name="localRepository" value="/home/mustafa/.m2/repository"/>
    <property name="java.vendor.url.bug" value="https://github.com/adoptium/adoptium-support/issues"/>
    <property name="java.io.tmpdir" value="/tmp"/>
    <property name="java.version" value="21"/>
    <property name="user.dir" value="/home/mustafa/telcobright-projects/routesphere/split-verse"/>
    <property name="os.arch" value="amd64"/>
    <property name="java.vm.specification.name" value="Java Virtual Machine Specification"/>
    <property name="native.encoding" value="UTF-8"/>
    <property name="java.library.path" value="/usr/java/packages/lib:/usr/lib64:/lib64:/lib:/usr/lib"/>
    <property name="java.vm.info" value="mixed mode, sharing"/>
    <property name="stderr.encoding" value="UTF-8"/>
    <property name="java.vendor" value="Eclipse Adoptium"/>
    <property name="java.vm.version" value="21+35-LTS"/>
    <property name="sun.io.unicode.encoding" value="UnicodeLittle"/>
    <property name="java.class.version" value="65.0"/>
  </properties>
  <testcase name="testInsertOneMillionSmsRecords" classname="com.telcobright.splitverse.tests.SmsMultiTableHourlyPartitionTestRetrieveAll" time="986.759">
    <system-out><![CDATA[
=== SMS 100% Retrieval Test Setup ===
Database: sms_shard_01
Mode: Multi-table with daily tables, hourly native partitions
Goal: Achieve 100% retrieval success rate
Total records: 100000
✓ Database created
[SplitVerse] Building repository with:
  Entity: SmsRecord
  Table: auto-detect
  Sharding Strategy: SINGLE_KEY_HASH
  Repository Mode: MULTI_TABLE
  Table Granularity: DAILY
  Retention Days: 15
  ID Size: 22 bytes
  Charset: utf8mb4, Collation: utf8mb4_bin
  Shards: 1
[2025-09-22 09:56:10.209] INFO  [MultiTableRepo.sms] Initializing daily tables for retention period: 2025-09-07 to 2025-10-07 (31 days)
[2025-09-22 09:56:27.748] INFO  [MultiTableRepo.sms] Completed table initialization
[SplitVerse] Initialized shard: shard_01
[SplitVerse] Initialized with 1 active shard(s)
✓ Repository configured with daily tables and hourly partitions

=== Reading Max Partition Limit ===
Max partition date: 2025-10-07T23:59:59
Max table: sms_20251007

=== Phase 1: Insert 1 Million SMS Records ===
Storing ALL entities in HashMap for later verification...
Cleared HashMap - starting fresh
Starting insertion of 100000 SMS records across 7 days...
DEBUG Insert #0: ID=27c070cb-ff53-42b1-b3d5-4cf7314f66c5, timestamp=2025-09-22T02:03
  HashMap now contains 1 entities
  ✓ Immediate retrieval successful for ID: 27c070cb-ff53-42b1-b3d5-4cf7314f66c5
DEBUG Insert #1: ID=375d2cf0-7bd4-4226-9f3b-0ece92221458, timestamp=2025-09-21T14:36
  HashMap now contains 2 entities
  ✓ Immediate retrieval successful for ID: 375d2cf0-7bd4-4226-9f3b-0ece92221458
DEBUG Insert #2: ID=9d65795f-2e8b-4d59-b9fa-d41ccb60f91f, timestamp=2025-09-20T02:33
  HashMap now contains 3 entities
  ✓ Immediate retrieval successful for ID: 9d65795f-2e8b-4d59-b9fa-d41ccb60f91f
[INSERTION] Progress: 10,000/100,000 (10.0%) - Overall rate: 134 rec/sec - Last 50k rate: 134 rec/sec
[INSERTION] Progress: 20,000/100,000 (20.0%) - Overall rate: 141 rec/sec - Last 50k rate: 147 rec/sec
[INSERTION] Progress: 30,000/100,000 (30.0%) - Overall rate: 123 rec/sec - Last 50k rate: 99 rec/sec
[INSERTION] Progress: 40,000/100,000 (40.0%) - Overall rate: 114 rec/sec - Last 50k rate: 93 rec/sec
[INSERTION] Progress: 50,000/100,000 (50.0%) - Overall rate: 109 rec/sec - Last 50k rate: 94 rec/sec
[INSERTION] Progress: 60,000/100,000 (60.0%) - Overall rate: 106 rec/sec - Last 50k rate: 94 rec/sec
[INSERTION] Progress: 70,000/100,000 (70.0%) - Overall rate: 104 rec/sec - Last 50k rate: 94 rec/sec
[INSERTION] Progress: 80,000/100,000 (80.0%) - Overall rate: 103 rec/sec - Last 50k rate: 95 rec/sec
[INSERTION] Progress: 90,000/100,000 (90.0%) - Overall rate: 102 rec/sec - Last 50k rate: 95 rec/sec
[INSERTION] Progress: 100,000/100,000 (100.0%) - Overall rate: 101 rec/sec - Last 50k rate: 95 rec/sec

=== Insertion Phase Complete ===
✓ Successfully inserted 100,000 SMS records in 986.74 seconds
✓ Average insertion rate: 101 records/second
✓ All 100,000 entities stored in HashMap for verification
]]></system-out>
    <system-err><![CDATA[Sep 22, 2025 9:56:10 AM com.telcobright.core.connection.ConnectionProvider <init>
INFO: ConnectionProvider initialized for: jdbc:mysql://127.0.0.1:3306/sms_shard_01?useSSL=false&serverTimezone=UTC&useLegacyDatetimeCode=false&preserveInstants=true
Sep 22, 2025 9:56:10 AM com.telcobright.core.connection.ConnectionProvider <init>
INFO: ConnectionProvider initialized for: jdbc:mysql://127.0.0.1:3306/sms_shard_01?useSSL=false&serverTimezone=UTC&useLegacyDatetimeCode=false&preserveInstants=true
]]></system-err>
  </testcase>
  <testcase name="testVerifyTablesCreated" classname="com.telcobright.splitverse.tests.SmsMultiTableHourlyPartitionTestRetrieveAll" time="0.009">
    <system-out><![CDATA[
=== Test 2: Verify Daily Tables Creation ===

Created tables:
  ✓ sms_20250907
  ✓ sms_20250908
  ✓ sms_20250909
  ✓ sms_20250910
  ✓ sms_20250911
  ✓ sms_20250912
  ✓ sms_20250913
  ✓ sms_20250914
  ✓ sms_20250915
  ✓ sms_20250916
  ✓ sms_20250917
  ✓ sms_20250918
  ✓ sms_20250919
  ✓ sms_20250920
  ✓ sms_20250921
  ✓ sms_20250922
  ✓ sms_20250923
  ✓ sms_20250924
  ✓ sms_20250925
  ✓ sms_20250926
  ✓ sms_20250927
  ✓ sms_20250928
  ✓ sms_20250929
  ✓ sms_20250930
  ✓ sms_20251001
  ✓ sms_20251002
  ✓ sms_20251003
  ✓ sms_20251004
  ✓ sms_20251005
  ✓ sms_20251006
  ✓ sms_20251007

✓ Verified 31 daily tables created
]]></system-out>
  </testcase>
  <testcase name="testRetrieveAllEntitiesWithValidRanges" classname="com.telcobright.splitverse.tests.SmsMultiTableHourlyPartitionTestRetrieveAll" time="213.216">
    <system-out><![CDATA[
=== Test 3: 100% Entity Retrieval with Valid Ranges ===
Testing retrieval of ALL 100000 entities...

First 5 IDs in HashMap:
  35a67dc3-6d50-4dee-a1e9-9e5e3d564726 -> timestamp: 2025-09-19T20:18
  2e304403-693a-4969-b08d-9159011babf3 -> timestamp: 2025-09-18T13:35
  f88924f0-992a-4424-a8ab-2e953a51977e -> timestamp: 2025-09-16T14:27
  20f33899-2ee4-4828-90f8-251bbbeee849 -> timestamp: 2025-09-18T20:40
  edfccc69-bb55-412b-aa10-9d0576613100 -> timestamp: 2025-09-22T11:38
WARNING: ID eb5e1851-d09c-471e-be8b-ca83eb9f1e9a NOT found in HashMap!
HashMap size: 100000

DEBUG Retrieve #0: Searching for ID: 35a67dc3-6d50-4dee-a1e9-9e5e3d564726
  Expected entity exists in HashMap: true
  Actual timestamp: 2025-09-19T20:18
  Search range: 2025-09-19T20:17:59 to 2025-09-19T20:18:01
DEBUG Retrieve #1: Searching for ID: 2e304403-693a-4969-b08d-9159011babf3
  Expected entity exists in HashMap: true
  Actual timestamp: 2025-09-18T13:35
  Search range: 2025-09-18T13:34 to 2025-09-18T13:36
DEBUG Retrieve #2: Searching for ID: f88924f0-992a-4424-a8ab-2e953a51977e
  Expected entity exists in HashMap: true
  Actual timestamp: 2025-09-16T14:27
  Search range: 2025-09-16T14:22 to 2025-09-16T14:32
DEBUG Retrieve #3: Searching for ID: 20f33899-2ee4-4828-90f8-251bbbeee849
  Expected entity exists in HashMap: true
  Actual timestamp: 2025-09-18T20:40
  Search range: 2025-09-18T20:10 to 2025-09-18T21:10
DEBUG Retrieve #4: Searching for ID: edfccc69-bb55-412b-aa10-9d0576613100
  Expected entity exists in HashMap: true
  Actual timestamp: 2025-09-22T11:38
  Search range: 2025-09-22T10:38 to 2025-09-22T12:38
Progress: 100/100000 tested (100.0% success rate so far)
Progress: 200/100000 tested (100.0% success rate so far)
Progress: 300/100000 tested (100.0% success rate so far)
Progress: 400/100000 tested (100.0% success rate so far)
Progress: 500/100000 tested (100.0% success rate so far)
Progress: 600/100000 tested (100.0% success rate so far)
Progress: 700/100000 tested (100.0% success rate so far)
Progress: 800/100000 tested (100.0% success rate so far)
Progress: 900/100000 tested (100.0% success rate so far)
Progress: 1000/100000 tested (100.0% success rate so far)
Progress: 1100/100000 tested (100.0% success rate so far)
Progress: 1200/100000 tested (100.0% success rate so far)
Progress: 1300/100000 tested (100.0% success rate so far)
Progress: 1400/100000 tested (100.0% success rate so far)
Progress: 1500/100000 tested (100.0% success rate so far)
Progress: 1600/100000 tested (100.0% success rate so far)
Progress: 1700/100000 tested (100.0% success rate so far)
Progress: 1800/100000 tested (100.0% success rate so far)
Progress: 1900/100000 tested (100.0% success rate so far)
Progress: 2000/100000 tested (100.0% success rate so far)
Progress: 2100/100000 tested (100.0% success rate so far)
Progress: 2200/100000 tested (100.0% success rate so far)
Progress: 2300/100000 tested (100.0% success rate so far)
Progress: 2400/100000 tested (100.0% success rate so far)
Progress: 2500/100000 tested (100.0% success rate so far)
Progress: 2600/100000 tested (100.0% success rate so far)
Progress: 2700/100000 tested (100.0% success rate so far)
Progress: 2800/100000 tested (100.0% success rate so far)
Progress: 2900/100000 tested (100.0% success rate so far)
Progress: 3000/100000 tested (100.0% success rate so far)
Progress: 3100/100000 tested (100.0% success rate so far)
Progress: 3200/100000 tested (100.0% success rate so far)
Progress: 3300/100000 tested (100.0% success rate so far)
Progress: 3400/100000 tested (100.0% success rate so far)
Progress: 3500/100000 tested (100.0% success rate so far)
Progress: 3600/100000 tested (100.0% success rate so far)
Progress: 3700/100000 tested (100.0% success rate so far)
Progress: 3800/100000 tested (100.0% success rate so far)
Progress: 3900/100000 tested (100.0% success rate so far)
Progress: 4000/100000 tested (100.0% success rate so far)
Progress: 4100/100000 tested (100.0% success rate so far)
Progress: 4200/100000 tested (100.0% success rate so far)
Progress: 4300/100000 tested (100.0% success rate so far)
Progress: 4400/100000 tested (100.0% success rate so far)
Progress: 4500/100000 tested (100.0% success rate so far)
Progress: 4600/100000 tested (100.0% success rate so far)
Progress: 4700/100000 tested (100.0% success rate so far)
Progress: 4800/100000 tested (100.0% success rate so far)
Progress: 4900/100000 tested (100.0% success rate so far)
Progress: 5000/100000 tested (100.0% success rate so far)
Progress: 5100/100000 tested (100.0% success rate so far)
Progress: 5200/100000 tested (100.0% success rate so far)
Progress: 5300/100000 tested (100.0% success rate so far)
Progress: 5400/100000 tested (100.0% success rate so far)
Progress: 5500/100000 tested (100.0% success rate so far)
Progress: 5600/100000 tested (100.0% success rate so far)
Progress: 5700/100000 tested (100.0% success rate so far)
Progress: 5800/100000 tested (100.0% success rate so far)
Progress: 5900/100000 tested (100.0% success rate so far)
Progress: 6000/100000 tested (100.0% success rate so far)
Progress: 6100/100000 tested (100.0% success rate so far)
Progress: 6200/100000 tested (100.0% success rate so far)
Progress: 6300/100000 tested (100.0% success rate so far)
Progress: 6400/100000 tested (100.0% success rate so far)
Progress: 6500/100000 tested (100.0% success rate so far)
Progress: 6600/100000 tested (100.0% success rate so far)
Progress: 6700/100000 tested (100.0% success rate so far)
Progress: 6800/100000 tested (100.0% success rate so far)
Progress: 6900/100000 tested (100.0% success rate so far)
Progress: 7000/100000 tested (100.0% success rate so far)
Progress: 7100/100000 tested (100.0% success rate so far)
Progress: 7200/100000 tested (100.0% success rate so far)
Progress: 7300/100000 tested (100.0% success rate so far)
Progress: 7400/100000 tested (100.0% success rate so far)
Progress: 7500/100000 tested (100.0% success rate so far)
Progress: 7600/100000 tested (100.0% success rate so far)
Progress: 7700/100000 tested (100.0% success rate so far)
Progress: 7800/100000 tested (100.0% success rate so far)
Progress: 7900/100000 tested (100.0% success rate so far)
Progress: 8000/100000 tested (100.0% success rate so far)
Progress: 8100/100000 tested (100.0% success rate so far)
Progress: 8200/100000 tested (100.0% success rate so far)
Progress: 8300/100000 tested (100.0% success rate so far)
Progress: 8400/100000 tested (100.0% success rate so far)
Progress: 8500/100000 tested (100.0% success rate so far)
Progress: 8600/100000 tested (100.0% success rate so far)
Progress: 8700/100000 tested (100.0% success rate so far)
Progress: 8800/100000 tested (100.0% success rate so far)
Progress: 8900/100000 tested (100.0% success rate so far)
Progress: 9000/100000 tested (100.0% success rate so far)
Progress: 9100/100000 tested (100.0% success rate so far)
Progress: 9200/100000 tested (100.0% success rate so far)
Progress: 9300/100000 tested (100.0% success rate so far)
Progress: 9400/100000 tested (100.0% success rate so far)
Progress: 9500/100000 tested (100.0% success rate so far)
Progress: 9600/100000 tested (100.0% success rate so far)
Progress: 9700/100000 tested (100.0% success rate so far)
Progress: 9800/100000 tested (100.0% success rate so far)
Progress: 9900/100000 tested (100.0% success rate so far)
Progress: 10000/100000 tested (100.0% success rate so far)
Progress: 10100/100000 tested (100.0% success rate so far)
Progress: 10200/100000 tested (100.0% success rate so far)
Progress: 10300/100000 tested (100.0% success rate so far)
Progress: 10400/100000 tested (100.0% success rate so far)
Progress: 10500/100000 tested (100.0% success rate so far)
Progress: 10600/100000 tested (100.0% success rate so far)
Progress: 10700/100000 tested (100.0% success rate so far)
Progress: 10800/100000 tested (100.0% success rate so far)
Progress: 10900/100000 tested (100.0% success rate so far)
Progress: 11000/100000 tested (100.0% success rate so far)
Progress: 11100/100000 tested (100.0% success rate so far)
Progress: 11200/100000 tested (100.0% success rate so far)
Progress: 11300/100000 tested (100.0% success rate so far)
Progress: 11400/100000 tested (100.0% success rate so far)
Progress: 11500/100000 tested (100.0% success rate so far)
Progress: 11600/100000 tested (100.0% success rate so far)
Progress: 11700/100000 tested (100.0% success rate so far)
Progress: 11800/100000 tested (100.0% success rate so far)
Progress: 11900/100000 tested (100.0% success rate so far)
Progress: 12000/100000 tested (100.0% success rate so far)
Progress: 12100/100000 tested (100.0% success rate so far)
Progress: 12200/100000 tested (100.0% success rate so far)
Progress: 12300/100000 tested (100.0% success rate so far)
Progress: 12400/100000 tested (100.0% success rate so far)
Progress: 12500/100000 tested (100.0% success rate so far)
Progress: 12600/100000 tested (100.0% success rate so far)
Progress: 12700/100000 tested (100.0% success rate so far)
Progress: 12800/100000 tested (100.0% success rate so far)
Progress: 12900/100000 tested (100.0% success rate so far)
Progress: 13000/100000 tested (100.0% success rate so far)
Progress: 13100/100000 tested (100.0% success rate so far)
Progress: 13200/100000 tested (100.0% success rate so far)
Progress: 13300/100000 tested (100.0% success rate so far)
Progress: 13400/100000 tested (100.0% success rate so far)
Progress: 13500/100000 tested (100.0% success rate so far)
Progress: 13600/100000 tested (100.0% success rate so far)
Progress: 13700/100000 tested (100.0% success rate so far)
Progress: 13800/100000 tested (100.0% success rate so far)
Progress: 13900/100000 tested (100.0% success rate so far)
Progress: 14000/100000 tested (100.0% success rate so far)
Progress: 14100/100000 tested (100.0% success rate so far)
Progress: 14200/100000 tested (100.0% success rate so far)
Progress: 14300/100000 tested (100.0% success rate so far)
Progress: 14400/100000 tested (100.0% success rate so far)
Progress: 14500/100000 tested (100.0% success rate so far)
Progress: 14600/100000 tested (100.0% success rate so far)
Progress: 14700/100000 tested (100.0% success rate so far)
Progress: 14800/100000 tested (100.0% success rate so far)
Progress: 14900/100000 tested (100.0% success rate so far)
Progress: 15000/100000 tested (100.0% success rate so far)
Progress: 15100/100000 tested (100.0% success rate so far)
Progress: 15200/100000 tested (100.0% success rate so far)
Progress: 15300/100000 tested (100.0% success rate so far)
Progress: 15400/100000 tested (100.0% success rate so far)
Progress: 15500/100000 tested (100.0% success rate so far)
Progress: 15600/100000 tested (100.0% success rate so far)
Progress: 15700/100000 tested (100.0% success rate so far)
Progress: 15800/100000 tested (100.0% success rate so far)
Progress: 15900/100000 tested (100.0% success rate so far)
Progress: 16000/100000 tested (100.0% success rate so far)
Progress: 16100/100000 tested (100.0% success rate so far)
Progress: 16200/100000 tested (100.0% success rate so far)
Progress: 16300/100000 tested (100.0% success rate so far)
Progress: 16400/100000 tested (100.0% success rate so far)
Progress: 16500/100000 tested (100.0% success rate so far)
Progress: 16600/100000 tested (100.0% success rate so far)
Progress: 16700/100000 tested (100.0% success rate so far)
Progress: 16800/100000 tested (100.0% success rate so far)
Progress: 16900/100000 tested (100.0% success rate so far)
Progress: 17000/100000 tested (100.0% success rate so far)
Progress: 17100/100000 tested (100.0% success rate so far)
Progress: 17200/100000 tested (100.0% success rate so far)
Progress: 17300/100000 tested (100.0% success rate so far)
Progress: 17400/100000 tested (100.0% success rate so far)
Progress: 17500/100000 tested (100.0% success rate so far)
Progress: 17600/100000 tested (100.0% success rate so far)
Progress: 17700/100000 tested (100.0% success rate so far)
Progress: 17800/100000 tested (100.0% success rate so far)
Progress: 17900/100000 tested (100.0% success rate so far)
Progress: 18000/100000 tested (100.0% success rate so far)
Progress: 18100/100000 tested (100.0% success rate so far)
Progress: 18200/100000 tested (100.0% success rate so far)
Progress: 18300/100000 tested (100.0% success rate so far)
Progress: 18400/100000 tested (100.0% success rate so far)
Progress: 18500/100000 tested (100.0% success rate so far)
Progress: 18600/100000 tested (100.0% success rate so far)
Progress: 18700/100000 tested (100.0% success rate so far)
Progress: 18800/100000 tested (100.0% success rate so far)
Progress: 18900/100000 tested (100.0% success rate so far)
Progress: 19000/100000 tested (100.0% success rate so far)
Progress: 19100/100000 tested (100.0% success rate so far)
Progress: 19200/100000 tested (100.0% success rate so far)
Progress: 19300/100000 tested (100.0% success rate so far)
Progress: 19400/100000 tested (100.0% success rate so far)
Progress: 19500/100000 tested (100.0% success rate so far)
Progress: 19600/100000 tested (100.0% success rate so far)
Progress: 19700/100000 tested (100.0% success rate so far)
Progress: 19800/100000 tested (100.0% success rate so far)
Progress: 19900/100000 tested (100.0% success rate so far)
Progress: 20000/100000 tested (100.0% success rate so far)
Progress: 20100/100000 tested (100.0% success rate so far)
Progress: 20200/100000 tested (100.0% success rate so far)
Progress: 20300/100000 tested (100.0% success rate so far)
Progress: 20400/100000 tested (100.0% success rate so far)
Progress: 20500/100000 tested (100.0% success rate so far)
Progress: 20600/100000 tested (100.0% success rate so far)
Progress: 20700/100000 tested (100.0% success rate so far)
Progress: 20800/100000 tested (100.0% success rate so far)
Progress: 20900/100000 tested (100.0% success rate so far)
Progress: 21000/100000 tested (100.0% success rate so far)
Progress: 21100/100000 tested (100.0% success rate so far)
Progress: 21200/100000 tested (100.0% success rate so far)
Progress: 21300/100000 tested (100.0% success rate so far)
Progress: 21400/100000 tested (100.0% success rate so far)
Progress: 21500/100000 tested (100.0% success rate so far)
Progress: 21600/100000 tested (100.0% success rate so far)
Progress: 21700/100000 tested (100.0% success rate so far)
Progress: 21800/100000 tested (100.0% success rate so far)
Progress: 21900/100000 tested (100.0% success rate so far)
Progress: 22000/100000 tested (100.0% success rate so far)
Progress: 22100/100000 tested (100.0% success rate so far)
Progress: 22200/100000 tested (100.0% success rate so far)
Progress: 22300/100000 tested (100.0% success rate so far)
Progress: 22400/100000 tested (100.0% success rate so far)
Progress: 22500/100000 tested (100.0% success rate so far)
Progress: 22600/100000 tested (100.0% success rate so far)
Progress: 22700/100000 tested (100.0% success rate so far)
Progress: 22800/100000 tested (100.0% success rate so far)
Progress: 22900/100000 tested (100.0% success rate so far)
Progress: 23000/100000 tested (100.0% success rate so far)
Progress: 23100/100000 tested (100.0% success rate so far)
Progress: 23200/100000 tested (100.0% success rate so far)
Progress: 23300/100000 tested (100.0% success rate so far)
Progress: 23400/100000 tested (100.0% success rate so far)
Progress: 23500/100000 tested (100.0% success rate so far)
Progress: 23600/100000 tested (100.0% success rate so far)
Progress: 23700/100000 tested (100.0% success rate so far)
Progress: 23800/100000 tested (100.0% success rate so far)
Progress: 23900/100000 tested (100.0% success rate so far)
Progress: 24000/100000 tested (100.0% success rate so far)
Progress: 24100/100000 tested (100.0% success rate so far)
Progress: 24200/100000 tested (100.0% success rate so far)
Progress: 24300/100000 tested (100.0% success rate so far)
Progress: 24400/100000 tested (100.0% success rate so far)
Progress: 24500/100000 tested (100.0% success rate so far)
Progress: 24600/100000 tested (100.0% success rate so far)
Progress: 24700/100000 tested (100.0% success rate so far)
Progress: 24800/100000 tested (100.0% success rate so far)
Progress: 24900/100000 tested (100.0% success rate so far)
Progress: 25000/100000 tested (100.0% success rate so far)
Progress: 25100/100000 tested (100.0% success rate so far)
Progress: 25200/100000 tested (100.0% success rate so far)
Progress: 25300/100000 tested (100.0% success rate so far)
Progress: 25400/100000 tested (100.0% success rate so far)
Progress: 25500/100000 tested (100.0% success rate so far)
Progress: 25600/100000 tested (100.0% success rate so far)
Progress: 25700/100000 tested (100.0% success rate so far)
Progress: 25800/100000 tested (100.0% success rate so far)
Progress: 25900/100000 tested (100.0% success rate so far)
Progress: 26000/100000 tested (100.0% success rate so far)
Progress: 26100/100000 tested (100.0% success rate so far)
Progress: 26200/100000 tested (100.0% success rate so far)
Progress: 26300/100000 tested (100.0% success rate so far)
Progress: 26400/100000 tested (100.0% success rate so far)
Progress: 26500/100000 tested (100.0% success rate so far)
Progress: 26600/100000 tested (100.0% success rate so far)
Progress: 26700/100000 tested (100.0% success rate so far)
Progress: 26800/100000 tested (100.0% success rate so far)
Progress: 26900/100000 tested (100.0% success rate so far)
Progress: 27000/100000 tested (100.0% success rate so far)
Progress: 27100/100000 tested (100.0% success rate so far)
Progress: 27200/100000 tested (100.0% success rate so far)
Progress: 27300/100000 tested (100.0% success rate so far)
Progress: 27400/100000 tested (100.0% success rate so far)
Progress: 27500/100000 tested (100.0% success rate so far)
Progress: 27600/100000 tested (100.0% success rate so far)
Progress: 27700/100000 tested (100.0% success rate so far)
Progress: 27800/100000 tested (100.0% success rate so far)
Progress: 27900/100000 tested (100.0% success rate so far)
Progress: 28000/100000 tested (100.0% success rate so far)
Progress: 28100/100000 tested (100.0% success rate so far)
Progress: 28200/100000 tested (100.0% success rate so far)
Progress: 28300/100000 tested (100.0% success rate so far)
Progress: 28400/100000 tested (100.0% success rate so far)
Progress: 28500/100000 tested (100.0% success rate so far)
Progress: 28600/100000 tested (100.0% success rate so far)
Progress: 28700/100000 tested (100.0% success rate so far)
Progress: 28800/100000 tested (100.0% success rate so far)
Progress: 28900/100000 tested (100.0% success rate so far)
Progress: 29000/100000 tested (100.0% success rate so far)
Progress: 29100/100000 tested (100.0% success rate so far)
Progress: 29200/100000 tested (100.0% success rate so far)
Progress: 29300/100000 tested (100.0% success rate so far)
Progress: 29400/100000 tested (100.0% success rate so far)
Progress: 29500/100000 tested (100.0% success rate so far)
Progress: 29600/100000 tested (100.0% success rate so far)
Progress: 29700/100000 tested (100.0% success rate so far)
Progress: 29800/100000 tested (100.0% success rate so far)
Progress: 29900/100000 tested (100.0% success rate so far)
Progress: 30000/100000 tested (100.0% success rate so far)
Progress: 30100/100000 tested (100.0% success rate so far)
Progress: 30200/100000 tested (100.0% success rate so far)
Progress: 30300/100000 tested (100.0% success rate so far)
Progress: 30400/100000 tested (100.0% success rate so far)
Progress: 30500/100000 tested (100.0% success rate so far)
Progress: 30600/100000 tested (100.0% success rate so far)
Progress: 30700/100000 tested (100.0% success rate so far)
Progress: 30800/100000 tested (100.0% success rate so far)
Progress: 30900/100000 tested (100.0% success rate so far)
Progress: 31000/100000 tested (100.0% success rate so far)
Progress: 31100/100000 tested (100.0% success rate so far)
Progress: 31200/100000 tested (100.0% success rate so far)
Progress: 31300/100000 tested (100.0% success rate so far)
Progress: 31400/100000 tested (100.0% success rate so far)
Progress: 31500/100000 tested (100.0% success rate so far)
Progress: 31600/100000 tested (100.0% success rate so far)
Progress: 31700/100000 tested (100.0% success rate so far)
Progress: 31800/100000 tested (100.0% success rate so far)
Progress: 31900/100000 tested (100.0% success rate so far)
Progress: 32000/100000 tested (100.0% success rate so far)
Progress: 32100/100000 tested (100.0% success rate so far)
Progress: 32200/100000 tested (100.0% success rate so far)
Progress: 32300/100000 tested (100.0% success rate so far)
Progress: 32400/100000 tested (100.0% success rate so far)
Progress: 32500/100000 tested (100.0% success rate so far)
Progress: 32600/100000 tested (100.0% success rate so far)
Progress: 32700/100000 tested (100.0% success rate so far)
Progress: 32800/100000 tested (100.0% success rate so far)
Progress: 32900/100000 tested (100.0% success rate so far)
Progress: 33000/100000 tested (100.0% success rate so far)
Progress: 33100/100000 tested (100.0% success rate so far)
Progress: 33200/100000 tested (100.0% success rate so far)
Progress: 33300/100000 tested (100.0% success rate so far)
Progress: 33400/100000 tested (100.0% success rate so far)
Progress: 33500/100000 tested (100.0% success rate so far)
Progress: 33600/100000 tested (100.0% success rate so far)
Progress: 33700/100000 tested (100.0% success rate so far)
Progress: 33800/100000 tested (100.0% success rate so far)
Progress: 33900/100000 tested (100.0% success rate so far)
Progress: 34000/100000 tested (100.0% success rate so far)
Progress: 34100/100000 tested (100.0% success rate so far)
Progress: 34200/100000 tested (100.0% success rate so far)
Progress: 34300/100000 tested (100.0% success rate so far)
Progress: 34400/100000 tested (100.0% success rate so far)
Progress: 34500/100000 tested (100.0% success rate so far)
Progress: 34600/100000 tested (100.0% success rate so far)
Progress: 34700/100000 tested (100.0% success rate so far)
Progress: 34800/100000 tested (100.0% success rate so far)
Progress: 34900/100000 tested (100.0% success rate so far)
Progress: 35000/100000 tested (100.0% success rate so far)
Progress: 35100/100000 tested (100.0% success rate so far)
Progress: 35200/100000 tested (100.0% success rate so far)
Progress: 35300/100000 tested (100.0% success rate so far)
Progress: 35400/100000 tested (100.0% success rate so far)
Progress: 35500/100000 tested (100.0% success rate so far)
Progress: 35600/100000 tested (100.0% success rate so far)
Progress: 35700/100000 tested (100.0% success rate so far)
Progress: 35800/100000 tested (100.0% success rate so far)
Progress: 35900/100000 tested (100.0% success rate so far)
Progress: 36000/100000 tested (100.0% success rate so far)
Progress: 36100/100000 tested (100.0% success rate so far)
Progress: 36200/100000 tested (100.0% success rate so far)
Progress: 36300/100000 tested (100.0% success rate so far)
Progress: 36400/100000 tested (100.0% success rate so far)
Progress: 36500/100000 tested (100.0% success rate so far)
Progress: 36600/100000 tested (100.0% success rate so far)
Progress: 36700/100000 tested (100.0% success rate so far)
Progress: 36800/100000 tested (100.0% success rate so far)
Progress: 36900/100000 tested (100.0% success rate so far)
Progress: 37000/100000 tested (100.0% success rate so far)
Progress: 37100/100000 tested (100.0% success rate so far)
Progress: 37200/100000 tested (100.0% success rate so far)
Progress: 37300/100000 tested (100.0% success rate so far)
Progress: 37400/100000 tested (100.0% success rate so far)
Progress: 37500/100000 tested (100.0% success rate so far)
Progress: 37600/100000 tested (100.0% success rate so far)
Progress: 37700/100000 tested (100.0% success rate so far)
Progress: 37800/100000 tested (100.0% success rate so far)
Progress: 37900/100000 tested (100.0% success rate so far)
Progress: 38000/100000 tested (100.0% success rate so far)
Progress: 38100/100000 tested (100.0% success rate so far)
Progress: 38200/100000 tested (100.0% success rate so far)
Progress: 38300/100000 tested (100.0% success rate so far)
Progress: 38400/100000 tested (100.0% success rate so far)
Progress: 38500/100000 tested (100.0% success rate so far)
Progress: 38600/100000 tested (100.0% success rate so far)
Progress: 38700/100000 tested (100.0% success rate so far)
Progress: 38800/100000 tested (100.0% success rate so far)
Progress: 38900/100000 tested (100.0% success rate so far)
Progress: 39000/100000 tested (100.0% success rate so far)
Progress: 39100/100000 tested (100.0% success rate so far)
Progress: 39200/100000 tested (100.0% success rate so far)
Progress: 39300/100000 tested (100.0% success rate so far)
Progress: 39400/100000 tested (100.0% success rate so far)
Progress: 39500/100000 tested (100.0% success rate so far)
Progress: 39600/100000 tested (100.0% success rate so far)
Progress: 39700/100000 tested (100.0% success rate so far)
Progress: 39800/100000 tested (100.0% success rate so far)
Progress: 39900/100000 tested (100.0% success rate so far)
Progress: 40000/100000 tested (100.0% success rate so far)
Progress: 40100/100000 tested (100.0% success rate so far)
Progress: 40200/100000 tested (100.0% success rate so far)
Progress: 40300/100000 tested (100.0% success rate so far)
Progress: 40400/100000 tested (100.0% success rate so far)
Progress: 40500/100000 tested (100.0% success rate so far)
Progress: 40600/100000 tested (100.0% success rate so far)
Progress: 40700/100000 tested (100.0% success rate so far)
Progress: 40800/100000 tested (100.0% success rate so far)
Progress: 40900/100000 tested (100.0% success rate so far)
Progress: 41000/100000 tested (100.0% success rate so far)
Progress: 41100/100000 tested (100.0% success rate so far)
Progress: 41200/100000 tested (100.0% success rate so far)
Progress: 41300/100000 tested (100.0% success rate so far)
Progress: 41400/100000 tested (100.0% success rate so far)
Progress: 41500/100000 tested (100.0% success rate so far)
Progress: 41600/100000 tested (100.0% success rate so far)
Progress: 41700/100000 tested (100.0% success rate so far)
Progress: 41800/100000 tested (100.0% success rate so far)
Progress: 41900/100000 tested (100.0% success rate so far)
Progress: 42000/100000 tested (100.0% success rate so far)
Progress: 42100/100000 tested (100.0% success rate so far)
Progress: 42200/100000 tested (100.0% success rate so far)
Progress: 42300/100000 tested (100.0% success rate so far)
Progress: 42400/100000 tested (100.0% success rate so far)
Progress: 42500/100000 tested (100.0% success rate so far)
Progress: 42600/100000 tested (100.0% success rate so far)
Progress: 42700/100000 tested (100.0% success rate so far)
Progress: 42800/100000 tested (100.0% success rate so far)
Progress: 42900/100000 tested (100.0% success rate so far)
Progress: 43000/100000 tested (100.0% success rate so far)
Progress: 43100/100000 tested (100.0% success rate so far)
Progress: 43200/100000 tested (100.0% success rate so far)
Progress: 43300/100000 tested (100.0% success rate so far)
Progress: 43400/100000 tested (100.0% success rate so far)
Progress: 43500/100000 tested (100.0% success rate so far)
Progress: 43600/100000 tested (100.0% success rate so far)
Progress: 43700/100000 tested (100.0% success rate so far)
Progress: 43800/100000 tested (100.0% success rate so far)
Progress: 43900/100000 tested (100.0% success rate so far)
Progress: 44000/100000 tested (100.0% success rate so far)
Progress: 44100/100000 tested (100.0% success rate so far)
Progress: 44200/100000 tested (100.0% success rate so far)
Progress: 44300/100000 tested (100.0% success rate so far)
Progress: 44400/100000 tested (100.0% success rate so far)
Progress: 44500/100000 tested (100.0% success rate so far)
Progress: 44600/100000 tested (100.0% success rate so far)
Progress: 44700/100000 tested (100.0% success rate so far)
Progress: 44800/100000 tested (100.0% success rate so far)
Progress: 44900/100000 tested (100.0% success rate so far)
Progress: 45000/100000 tested (100.0% success rate so far)
Progress: 45100/100000 tested (100.0% success rate so far)
Progress: 45200/100000 tested (100.0% success rate so far)
Progress: 45300/100000 tested (100.0% success rate so far)
Progress: 45400/100000 tested (100.0% success rate so far)
Progress: 45500/100000 tested (100.0% success rate so far)
Progress: 45600/100000 tested (100.0% success rate so far)
Progress: 45700/100000 tested (100.0% success rate so far)
Progress: 45800/100000 tested (100.0% success rate so far)
Progress: 45900/100000 tested (100.0% success rate so far)
Progress: 46000/100000 tested (100.0% success rate so far)
Progress: 46100/100000 tested (100.0% success rate so far)
Progress: 46200/100000 tested (100.0% success rate so far)
Progress: 46300/100000 tested (100.0% success rate so far)
Progress: 46400/100000 tested (100.0% success rate so far)
Progress: 46500/100000 tested (100.0% success rate so far)
Progress: 46600/100000 tested (100.0% success rate so far)
Progress: 46700/100000 tested (100.0% success rate so far)
Progress: 46800/100000 tested (100.0% success rate so far)
Progress: 46900/100000 tested (100.0% success rate so far)
Progress: 47000/100000 tested (100.0% success rate so far)
Progress: 47100/100000 tested (100.0% success rate so far)
Progress: 47200/100000 tested (100.0% success rate so far)
Progress: 47300/100000 tested (100.0% success rate so far)
Progress: 47400/100000 tested (100.0% success rate so far)
Progress: 47500/100000 tested (100.0% success rate so far)
Progress: 47600/100000 tested (100.0% success rate so far)
Progress: 47700/100000 tested (100.0% success rate so far)
Progress: 47800/100000 tested (100.0% success rate so far)
Progress: 47900/100000 tested (100.0% success rate so far)
Progress: 48000/100000 tested (100.0% success rate so far)
Progress: 48100/100000 tested (100.0% success rate so far)
Progress: 48200/100000 tested (100.0% success rate so far)
Progress: 48300/100000 tested (100.0% success rate so far)
Progress: 48400/100000 tested (100.0% success rate so far)
Progress: 48500/100000 tested (100.0% success rate so far)
Progress: 48600/100000 tested (100.0% success rate so far)
Progress: 48700/100000 tested (100.0% success rate so far)
Progress: 48800/100000 tested (100.0% success rate so far)
Progress: 48900/100000 tested (100.0% success rate so far)
Progress: 49000/100000 tested (100.0% success rate so far)
Progress: 49100/100000 tested (100.0% success rate so far)
Progress: 49200/100000 tested (100.0% success rate so far)
Progress: 49300/100000 tested (100.0% success rate so far)
Progress: 49400/100000 tested (100.0% success rate so far)
Progress: 49500/100000 tested (100.0% success rate so far)
Progress: 49600/100000 tested (100.0% success rate so far)
Progress: 49700/100000 tested (100.0% success rate so far)
Progress: 49800/100000 tested (100.0% success rate so far)
Progress: 49900/100000 tested (100.0% success rate so far)
Progress: 50000/100000 tested (100.0% success rate so far)
Progress: 50100/100000 tested (100.0% success rate so far)
Progress: 50200/100000 tested (100.0% success rate so far)
Progress: 50300/100000 tested (100.0% success rate so far)
Progress: 50400/100000 tested (100.0% success rate so far)
Progress: 50500/100000 tested (100.0% success rate so far)
Progress: 50600/100000 tested (100.0% success rate so far)
Progress: 50700/100000 tested (100.0% success rate so far)
Progress: 50800/100000 tested (100.0% success rate so far)
Progress: 50900/100000 tested (100.0% success rate so far)
Progress: 51000/100000 tested (100.0% success rate so far)
Progress: 51100/100000 tested (100.0% success rate so far)
Progress: 51200/100000 tested (100.0% success rate so far)
Progress: 51300/100000 tested (100.0% success rate so far)
Progress: 51400/100000 tested (100.0% success rate so far)
Progress: 51500/100000 tested (100.0% success rate so far)
Progress: 51600/100000 tested (100.0% success rate so far)
Progress: 51700/100000 tested (100.0% success rate so far)
Progress: 51800/100000 tested (100.0% success rate so far)
Progress: 51900/100000 tested (100.0% success rate so far)
Progress: 52000/100000 tested (100.0% success rate so far)
Progress: 52100/100000 tested (100.0% success rate so far)
Progress: 52200/100000 tested (100.0% success rate so far)
Progress: 52300/100000 tested (100.0% success rate so far)
Progress: 52400/100000 tested (100.0% success rate so far)
Progress: 52500/100000 tested (100.0% success rate so far)
Progress: 52600/100000 tested (100.0% success rate so far)
Progress: 52700/100000 tested (100.0% success rate so far)
Progress: 52800/100000 tested (100.0% success rate so far)
Progress: 52900/100000 tested (100.0% success rate so far)
Progress: 53000/100000 tested (100.0% success rate so far)
Progress: 53100/100000 tested (100.0% success rate so far)
Progress: 53200/100000 tested (100.0% success rate so far)
Progress: 53300/100000 tested (100.0% success rate so far)
Progress: 53400/100000 tested (100.0% success rate so far)
Progress: 53500/100000 tested (100.0% success rate so far)
Progress: 53600/100000 tested (100.0% success rate so far)
Progress: 53700/100000 tested (100.0% success rate so far)
Progress: 53800/100000 tested (100.0% success rate so far)
Progress: 53900/100000 tested (100.0% success rate so far)
Progress: 54000/100000 tested (100.0% success rate so far)
Progress: 54100/100000 tested (100.0% success rate so far)
Progress: 54200/100000 tested (100.0% success rate so far)
Progress: 54300/100000 tested (100.0% success rate so far)
Progress: 54400/100000 tested (100.0% success rate so far)
Progress: 54500/100000 tested (100.0% success rate so far)
Progress: 54600/100000 tested (100.0% success rate so far)
Progress: 54700/100000 tested (100.0% success rate so far)
Progress: 54800/100000 tested (100.0% success rate so far)
Progress: 54900/100000 tested (100.0% success rate so far)
Progress: 55000/100000 tested (100.0% success rate so far)
Progress: 55100/100000 tested (100.0% success rate so far)
Progress: 55200/100000 tested (100.0% success rate so far)
Progress: 55300/100000 tested (100.0% success rate so far)
Progress: 55400/100000 tested (100.0% success rate so far)
Progress: 55500/100000 tested (100.0% success rate so far)
Progress: 55600/100000 tested (100.0% success rate so far)
Progress: 55700/100000 tested (100.0% success rate so far)
Progress: 55800/100000 tested (100.0% success rate so far)
Progress: 55900/100000 tested (100.0% success rate so far)
Progress: 56000/100000 tested (100.0% success rate so far)
Progress: 56100/100000 tested (100.0% success rate so far)
Progress: 56200/100000 tested (100.0% success rate so far)
Progress: 56300/100000 tested (100.0% success rate so far)
Progress: 56400/100000 tested (100.0% success rate so far)
Progress: 56500/100000 tested (100.0% success rate so far)
Progress: 56600/100000 tested (100.0% success rate so far)
Progress: 56700/100000 tested (100.0% success rate so far)
Progress: 56800/100000 tested (100.0% success rate so far)
Progress: 56900/100000 tested (100.0% success rate so far)
Progress: 57000/100000 tested (100.0% success rate so far)
Progress: 57100/100000 tested (100.0% success rate so far)
Progress: 57200/100000 tested (100.0% success rate so far)
Progress: 57300/100000 tested (100.0% success rate so far)
Progress: 57400/100000 tested (100.0% success rate so far)
Progress: 57500/100000 tested (100.0% success rate so far)
Progress: 57600/100000 tested (100.0% success rate so far)
Progress: 57700/100000 tested (100.0% success rate so far)
Progress: 57800/100000 tested (100.0% success rate so far)
Progress: 57900/100000 tested (100.0% success rate so far)
Progress: 58000/100000 tested (100.0% success rate so far)
Progress: 58100/100000 tested (100.0% success rate so far)
Progress: 58200/100000 tested (100.0% success rate so far)
Progress: 58300/100000 tested (100.0% success rate so far)
Progress: 58400/100000 tested (100.0% success rate so far)
Progress: 58500/100000 tested (100.0% success rate so far)
Progress: 58600/100000 tested (100.0% success rate so far)
Progress: 58700/100000 tested (100.0% success rate so far)
Progress: 58800/100000 tested (100.0% success rate so far)
Progress: 58900/100000 tested (100.0% success rate so far)
Progress: 59000/100000 tested (100.0% success rate so far)
Progress: 59100/100000 tested (100.0% success rate so far)
Progress: 59200/100000 tested (100.0% success rate so far)
Progress: 59300/100000 tested (100.0% success rate so far)
Progress: 59400/100000 tested (100.0% success rate so far)
Progress: 59500/100000 tested (100.0% success rate so far)
Progress: 59600/100000 tested (100.0% success rate so far)
Progress: 59700/100000 tested (100.0% success rate so far)
Progress: 59800/100000 tested (100.0% success rate so far)
Progress: 59900/100000 tested (100.0% success rate so far)
Progress: 60000/100000 tested (100.0% success rate so far)
Progress: 60100/100000 tested (100.0% success rate so far)
Progress: 60200/100000 tested (100.0% success rate so far)
Progress: 60300/100000 tested (100.0% success rate so far)
Progress: 60400/100000 tested (100.0% success rate so far)
Progress: 60500/100000 tested (100.0% success rate so far)
Progress: 60600/100000 tested (100.0% success rate so far)
Progress: 60700/100000 tested (100.0% success rate so far)
Progress: 60800/100000 tested (100.0% success rate so far)
Progress: 60900/100000 tested (100.0% success rate so far)
Progress: 61000/100000 tested (100.0% success rate so far)
Progress: 61100/100000 tested (100.0% success rate so far)
Progress: 61200/100000 tested (100.0% success rate so far)
Progress: 61300/100000 tested (100.0% success rate so far)
Progress: 61400/100000 tested (100.0% success rate so far)
Progress: 61500/100000 tested (100.0% success rate so far)
Progress: 61600/100000 tested (100.0% success rate so far)
Progress: 61700/100000 tested (100.0% success rate so far)
Progress: 61800/100000 tested (100.0% success rate so far)
Progress: 61900/100000 tested (100.0% success rate so far)
Progress: 62000/100000 tested (100.0% success rate so far)
Progress: 62100/100000 tested (100.0% success rate so far)
Progress: 62200/100000 tested (100.0% success rate so far)
Progress: 62300/100000 tested (100.0% success rate so far)
Progress: 62400/100000 tested (100.0% success rate so far)
Progress: 62500/100000 tested (100.0% success rate so far)
Progress: 62600/100000 tested (100.0% success rate so far)
Progress: 62700/100000 tested (100.0% success rate so far)
Progress: 62800/100000 tested (100.0% success rate so far)
Progress: 62900/100000 tested (100.0% success rate so far)
Progress: 63000/100000 tested (100.0% success rate so far)
Progress: 63100/100000 tested (100.0% success rate so far)
Progress: 63200/100000 tested (100.0% success rate so far)
Progress: 63300/100000 tested (100.0% success rate so far)
Progress: 63400/100000 tested (100.0% success rate so far)
Progress: 63500/100000 tested (100.0% success rate so far)
Progress: 63600/100000 tested (100.0% success rate so far)
Progress: 63700/100000 tested (100.0% success rate so far)
Progress: 63800/100000 tested (100.0% success rate so far)
Progress: 63900/100000 tested (100.0% success rate so far)
Progress: 64000/100000 tested (100.0% success rate so far)
Progress: 64100/100000 tested (100.0% success rate so far)
Progress: 64200/100000 tested (100.0% success rate so far)
Progress: 64300/100000 tested (100.0% success rate so far)
Progress: 64400/100000 tested (100.0% success rate so far)
Progress: 64500/100000 tested (100.0% success rate so far)
Progress: 64600/100000 tested (100.0% success rate so far)
Progress: 64700/100000 tested (100.0% success rate so far)
Progress: 64800/100000 tested (100.0% success rate so far)
Progress: 64900/100000 tested (100.0% success rate so far)
Progress: 65000/100000 tested (100.0% success rate so far)
Progress: 65100/100000 tested (100.0% success rate so far)
Progress: 65200/100000 tested (100.0% success rate so far)
Progress: 65300/100000 tested (100.0% success rate so far)
Progress: 65400/100000 tested (100.0% success rate so far)
Progress: 65500/100000 tested (100.0% success rate so far)
Progress: 65600/100000 tested (100.0% success rate so far)
Progress: 65700/100000 tested (100.0% success rate so far)
Progress: 65800/100000 tested (100.0% success rate so far)
Progress: 65900/100000 tested (100.0% success rate so far)
Progress: 66000/100000 tested (100.0% success rate so far)
Progress: 66100/100000 tested (100.0% success rate so far)
Progress: 66200/100000 tested (100.0% success rate so far)
Progress: 66300/100000 tested (100.0% success rate so far)
Progress: 66400/100000 tested (100.0% success rate so far)
Progress: 66500/100000 tested (100.0% success rate so far)
Progress: 66600/100000 tested (100.0% success rate so far)
Progress: 66700/100000 tested (100.0% success rate so far)
Progress: 66800/100000 tested (100.0% success rate so far)
Progress: 66900/100000 tested (100.0% success rate so far)
Progress: 67000/100000 tested (100.0% success rate so far)
Progress: 67100/100000 tested (100.0% success rate so far)
Progress: 67200/100000 tested (100.0% success rate so far)
Progress: 67300/100000 tested (100.0% success rate so far)
Progress: 67400/100000 tested (100.0% success rate so far)
Progress: 67500/100000 tested (100.0% success rate so far)
Progress: 67600/100000 tested (100.0% success rate so far)
Progress: 67700/100000 tested (100.0% success rate so far)
Progress: 67800/100000 tested (100.0% success rate so far)
Progress: 67900/100000 tested (100.0% success rate so far)
Progress: 68000/100000 tested (100.0% success rate so far)
Progress: 68100/100000 tested (100.0% success rate so far)
Progress: 68200/100000 tested (100.0% success rate so far)
Progress: 68300/100000 tested (100.0% success rate so far)
Progress: 68400/100000 tested (100.0% success rate so far)
Progress: 68500/100000 tested (100.0% success rate so far)
Progress: 68600/100000 tested (100.0% success rate so far)
Progress: 68700/100000 tested (100.0% success rate so far)
Progress: 68800/100000 tested (100.0% success rate so far)
Progress: 68900/100000 tested (100.0% success rate so far)
Progress: 69000/100000 tested (100.0% success rate so far)
Progress: 69100/100000 tested (100.0% success rate so far)
Progress: 69200/100000 tested (100.0% success rate so far)
Progress: 69300/100000 tested (100.0% success rate so far)
Progress: 69400/100000 tested (100.0% success rate so far)
Progress: 69500/100000 tested (100.0% success rate so far)
Progress: 69600/100000 tested (100.0% success rate so far)
Progress: 69700/100000 tested (100.0% success rate so far)
Progress: 69800/100000 tested (100.0% success rate so far)
Progress: 69900/100000 tested (100.0% success rate so far)
Progress: 70000/100000 tested (100.0% success rate so far)
Progress: 70100/100000 tested (100.0% success rate so far)
Progress: 70200/100000 tested (100.0% success rate so far)
Progress: 70300/100000 tested (100.0% success rate so far)
Progress: 70400/100000 tested (100.0% success rate so far)
Progress: 70500/100000 tested (100.0% success rate so far)
Progress: 70600/100000 tested (100.0% success rate so far)
Progress: 70700/100000 tested (100.0% success rate so far)
Progress: 70800/100000 tested (100.0% success rate so far)
Progress: 70900/100000 tested (100.0% success rate so far)
Progress: 71000/100000 tested (100.0% success rate so far)
Progress: 71100/100000 tested (100.0% success rate so far)
Progress: 71200/100000 tested (100.0% success rate so far)
Progress: 71300/100000 tested (100.0% success rate so far)
Progress: 71400/100000 tested (100.0% success rate so far)
Progress: 71500/100000 tested (100.0% success rate so far)
Progress: 71600/100000 tested (100.0% success rate so far)
Progress: 71700/100000 tested (100.0% success rate so far)
Progress: 71800/100000 tested (100.0% success rate so far)
Progress: 71900/100000 tested (100.0% success rate so far)
Progress: 72000/100000 tested (100.0% success rate so far)
Progress: 72100/100000 tested (100.0% success rate so far)
Progress: 72200/100000 tested (100.0% success rate so far)
Progress: 72300/100000 tested (100.0% success rate so far)
Progress: 72400/100000 tested (100.0% success rate so far)
Progress: 72500/100000 tested (100.0% success rate so far)
Progress: 72600/100000 tested (100.0% success rate so far)
Progress: 72700/100000 tested (100.0% success rate so far)
Progress: 72800/100000 tested (100.0% success rate so far)
Progress: 72900/100000 tested (100.0% success rate so far)
Progress: 73000/100000 tested (100.0% success rate so far)
Progress: 73100/100000 tested (100.0% success rate so far)
Progress: 73200/100000 tested (100.0% success rate so far)
Progress: 73300/100000 tested (100.0% success rate so far)
Progress: 73400/100000 tested (100.0% success rate so far)
Progress: 73500/100000 tested (100.0% success rate so far)
Progress: 73600/100000 tested (100.0% success rate so far)
Progress: 73700/100000 tested (100.0% success rate so far)
Progress: 73800/100000 tested (100.0% success rate so far)
Progress: 73900/100000 tested (100.0% success rate so far)
Progress: 74000/100000 tested (100.0% success rate so far)
Progress: 74100/100000 tested (100.0% success rate so far)
Progress: 74200/100000 tested (100.0% success rate so far)
Progress: 74300/100000 tested (100.0% success rate so far)
Progress: 74400/100000 tested (100.0% success rate so far)
Progress: 74500/100000 tested (100.0% success rate so far)
Progress: 74600/100000 tested (100.0% success rate so far)
Progress: 74700/100000 tested (100.0% success rate so far)
Progress: 74800/100000 tested (100.0% success rate so far)
Progress: 74900/100000 tested (100.0% success rate so far)
Progress: 75000/100000 tested (100.0% success rate so far)
Progress: 75100/100000 tested (100.0% success rate so far)
Progress: 75200/100000 tested (100.0% success rate so far)
Progress: 75300/100000 tested (100.0% success rate so far)
Progress: 75400/100000 tested (100.0% success rate so far)
Progress: 75500/100000 tested (100.0% success rate so far)
Progress: 75600/100000 tested (100.0% success rate so far)
Progress: 75700/100000 tested (100.0% success rate so far)
Progress: 75800/100000 tested (100.0% success rate so far)
Progress: 75900/100000 tested (100.0% success rate so far)
Progress: 76000/100000 tested (100.0% success rate so far)
Progress: 76100/100000 tested (100.0% success rate so far)
Progress: 76200/100000 tested (100.0% success rate so far)
Progress: 76300/100000 tested (100.0% success rate so far)
Progress: 76400/100000 tested (100.0% success rate so far)
Progress: 76500/100000 tested (100.0% success rate so far)
Progress: 76600/100000 tested (100.0% success rate so far)
Progress: 76700/100000 tested (100.0% success rate so far)
Progress: 76800/100000 tested (100.0% success rate so far)
Progress: 76900/100000 tested (100.0% success rate so far)
Progress: 77000/100000 tested (100.0% success rate so far)
Progress: 77100/100000 tested (100.0% success rate so far)
Progress: 77200/100000 tested (100.0% success rate so far)
Progress: 77300/100000 tested (100.0% success rate so far)
Progress: 77400/100000 tested (100.0% success rate so far)
Progress: 77500/100000 tested (100.0% success rate so far)
Progress: 77600/100000 tested (100.0% success rate so far)
Progress: 77700/100000 tested (100.0% success rate so far)
Progress: 77800/100000 tested (100.0% success rate so far)
Progress: 77900/100000 tested (100.0% success rate so far)
Progress: 78000/100000 tested (100.0% success rate so far)
Progress: 78100/100000 tested (100.0% success rate so far)
Progress: 78200/100000 tested (100.0% success rate so far)
Progress: 78300/100000 tested (100.0% success rate so far)
Progress: 78400/100000 tested (100.0% success rate so far)
Progress: 78500/100000 tested (100.0% success rate so far)
Progress: 78600/100000 tested (100.0% success rate so far)
Progress: 78700/100000 tested (100.0% success rate so far)
Progress: 78800/100000 tested (100.0% success rate so far)
Progress: 78900/100000 tested (100.0% success rate so far)
Progress: 79000/100000 tested (100.0% success rate so far)
Progress: 79100/100000 tested (100.0% success rate so far)
Progress: 79200/100000 tested (100.0% success rate so far)
Progress: 79300/100000 tested (100.0% success rate so far)
Progress: 79400/100000 tested (100.0% success rate so far)
Progress: 79500/100000 tested (100.0% success rate so far)
Progress: 79600/100000 tested (100.0% success rate so far)
Progress: 79700/100000 tested (100.0% success rate so far)
Progress: 79800/100000 tested (100.0% success rate so far)
Progress: 79900/100000 tested (100.0% success rate so far)
Progress: 80000/100000 tested (100.0% success rate so far)
Progress: 80100/100000 tested (100.0% success rate so far)
Progress: 80200/100000 tested (100.0% success rate so far)
Progress: 80300/100000 tested (100.0% success rate so far)
Progress: 80400/100000 tested (100.0% success rate so far)
Progress: 80500/100000 tested (100.0% success rate so far)
Progress: 80600/100000 tested (100.0% success rate so far)
Progress: 80700/100000 tested (100.0% success rate so far)
Progress: 80800/100000 tested (100.0% success rate so far)
Progress: 80900/100000 tested (100.0% success rate so far)
Progress: 81000/100000 tested (100.0% success rate so far)
Progress: 81100/100000 tested (100.0% success rate so far)
Progress: 81200/100000 tested (100.0% success rate so far)
Progress: 81300/100000 tested (100.0% success rate so far)
Progress: 81400/100000 tested (100.0% success rate so far)
Progress: 81500/100000 tested (100.0% success rate so far)
Progress: 81600/100000 tested (100.0% success rate so far)
Progress: 81700/100000 tested (100.0% success rate so far)
Progress: 81800/100000 tested (100.0% success rate so far)
Progress: 81900/100000 tested (100.0% success rate so far)
Progress: 82000/100000 tested (100.0% success rate so far)
Progress: 82100/100000 tested (100.0% success rate so far)
Progress: 82200/100000 tested (100.0% success rate so far)
Progress: 82300/100000 tested (100.0% success rate so far)
Progress: 82400/100000 tested (100.0% success rate so far)
Progress: 82500/100000 tested (100.0% success rate so far)
Progress: 82600/100000 tested (100.0% success rate so far)
Progress: 82700/100000 tested (100.0% success rate so far)
Progress: 82800/100000 tested (100.0% success rate so far)
Progress: 82900/100000 tested (100.0% success rate so far)
Progress: 83000/100000 tested (100.0% success rate so far)
Progress: 83100/100000 tested (100.0% success rate so far)
Progress: 83200/100000 tested (100.0% success rate so far)
Progress: 83300/100000 tested (100.0% success rate so far)
Progress: 83400/100000 tested (100.0% success rate so far)
Progress: 83500/100000 tested (100.0% success rate so far)
Progress: 83600/100000 tested (100.0% success rate so far)
Progress: 83700/100000 tested (100.0% success rate so far)
Progress: 83800/100000 tested (100.0% success rate so far)
Progress: 83900/100000 tested (100.0% success rate so far)
Progress: 84000/100000 tested (100.0% success rate so far)
Progress: 84100/100000 tested (100.0% success rate so far)
Progress: 84200/100000 tested (100.0% success rate so far)
Progress: 84300/100000 tested (100.0% success rate so far)
Progress: 84400/100000 tested (100.0% success rate so far)
Progress: 84500/100000 tested (100.0% success rate so far)
Progress: 84600/100000 tested (100.0% success rate so far)
Progress: 84700/100000 tested (100.0% success rate so far)
Progress: 84800/100000 tested (100.0% success rate so far)
Progress: 84900/100000 tested (100.0% success rate so far)
Progress: 85000/100000 tested (100.0% success rate so far)
Progress: 85100/100000 tested (100.0% success rate so far)
Progress: 85200/100000 tested (100.0% success rate so far)
Progress: 85300/100000 tested (100.0% success rate so far)
Progress: 85400/100000 tested (100.0% success rate so far)
Progress: 85500/100000 tested (100.0% success rate so far)
Progress: 85600/100000 tested (100.0% success rate so far)
Progress: 85700/100000 tested (100.0% success rate so far)
Progress: 85800/100000 tested (100.0% success rate so far)
Progress: 85900/100000 tested (100.0% success rate so far)
Progress: 86000/100000 tested (100.0% success rate so far)
Progress: 86100/100000 tested (100.0% success rate so far)
Progress: 86200/100000 tested (100.0% success rate so far)
Progress: 86300/100000 tested (100.0% success rate so far)
Progress: 86400/100000 tested (100.0% success rate so far)
Progress: 86500/100000 tested (100.0% success rate so far)
Progress: 86600/100000 tested (100.0% success rate so far)
Progress: 86700/100000 tested (100.0% success rate so far)
Progress: 86800/100000 tested (100.0% success rate so far)
Progress: 86900/100000 tested (100.0% success rate so far)
Progress: 87000/100000 tested (100.0% success rate so far)
Progress: 87100/100000 tested (100.0% success rate so far)
Progress: 87200/100000 tested (100.0% success rate so far)
Progress: 87300/100000 tested (100.0% success rate so far)
Progress: 87400/100000 tested (100.0% success rate so far)
Progress: 87500/100000 tested (100.0% success rate so far)
Progress: 87600/100000 tested (100.0% success rate so far)
Progress: 87700/100000 tested (100.0% success rate so far)
Progress: 87800/100000 tested (100.0% success rate so far)
Progress: 87900/100000 tested (100.0% success rate so far)
Progress: 88000/100000 tested (100.0% success rate so far)
Progress: 88100/100000 tested (100.0% success rate so far)
Progress: 88200/100000 tested (100.0% success rate so far)
Progress: 88300/100000 tested (100.0% success rate so far)
Progress: 88400/100000 tested (100.0% success rate so far)
Progress: 88500/100000 tested (100.0% success rate so far)
Progress: 88600/100000 tested (100.0% success rate so far)
Progress: 88700/100000 tested (100.0% success rate so far)
Progress: 88800/100000 tested (100.0% success rate so far)
Progress: 88900/100000 tested (100.0% success rate so far)
Progress: 89000/100000 tested (100.0% success rate so far)
Progress: 89100/100000 tested (100.0% success rate so far)
Progress: 89200/100000 tested (100.0% success rate so far)
Progress: 89300/100000 tested (100.0% success rate so far)
Progress: 89400/100000 tested (100.0% success rate so far)
Progress: 89500/100000 tested (100.0% success rate so far)
Progress: 89600/100000 tested (100.0% success rate so far)
Progress: 89700/100000 tested (100.0% success rate so far)
Progress: 89800/100000 tested (100.0% success rate so far)
Progress: 89900/100000 tested (100.0% success rate so far)
Progress: 90000/100000 tested (100.0% success rate so far)
Progress: 90100/100000 tested (100.0% success rate so far)
Progress: 90200/100000 tested (100.0% success rate so far)
Progress: 90300/100000 tested (100.0% success rate so far)
Progress: 90400/100000 tested (100.0% success rate so far)
Progress: 90500/100000 tested (100.0% success rate so far)
Progress: 90600/100000 tested (100.0% success rate so far)
Progress: 90700/100000 tested (100.0% success rate so far)
Progress: 90800/100000 tested (100.0% success rate so far)
Progress: 90900/100000 tested (100.0% success rate so far)
Progress: 91000/100000 tested (100.0% success rate so far)
Progress: 91100/100000 tested (100.0% success rate so far)
Progress: 91200/100000 tested (100.0% success rate so far)
Progress: 91300/100000 tested (100.0% success rate so far)
Progress: 91400/100000 tested (100.0% success rate so far)
Progress: 91500/100000 tested (100.0% success rate so far)
Progress: 91600/100000 tested (100.0% success rate so far)
Progress: 91700/100000 tested (100.0% success rate so far)
Progress: 91800/100000 tested (100.0% success rate so far)
Progress: 91900/100000 tested (100.0% success rate so far)
Progress: 92000/100000 tested (100.0% success rate so far)
Progress: 92100/100000 tested (100.0% success rate so far)
Progress: 92200/100000 tested (100.0% success rate so far)
Progress: 92300/100000 tested (100.0% success rate so far)
Progress: 92400/100000 tested (100.0% success rate so far)
Progress: 92500/100000 tested (100.0% success rate so far)
Progress: 92600/100000 tested (100.0% success rate so far)
Progress: 92700/100000 tested (100.0% success rate so far)
Progress: 92800/100000 tested (100.0% success rate so far)
Progress: 92900/100000 tested (100.0% success rate so far)
Progress: 93000/100000 tested (100.0% success rate so far)
Progress: 93100/100000 tested (100.0% success rate so far)
Progress: 93200/100000 tested (100.0% success rate so far)
Progress: 93300/100000 tested (100.0% success rate so far)
Progress: 93400/100000 tested (100.0% success rate so far)
Progress: 93500/100000 tested (100.0% success rate so far)
Progress: 93600/100000 tested (100.0% success rate so far)
Progress: 93700/100000 tested (100.0% success rate so far)
Progress: 93800/100000 tested (100.0% success rate so far)
Progress: 93900/100000 tested (100.0% success rate so far)
Progress: 94000/100000 tested (100.0% success rate so far)
Progress: 94100/100000 tested (100.0% success rate so far)
Progress: 94200/100000 tested (100.0% success rate so far)
Progress: 94300/100000 tested (100.0% success rate so far)
Progress: 94400/100000 tested (100.0% success rate so far)
Progress: 94500/100000 tested (100.0% success rate so far)
Progress: 94600/100000 tested (100.0% success rate so far)
Progress: 94700/100000 tested (100.0% success rate so far)
Progress: 94800/100000 tested (100.0% success rate so far)
Progress: 94900/100000 tested (100.0% success rate so far)
Progress: 95000/100000 tested (100.0% success rate so far)
Progress: 95100/100000 tested (100.0% success rate so far)
Progress: 95200/100000 tested (100.0% success rate so far)
Progress: 95300/100000 tested (100.0% success rate so far)
Progress: 95400/100000 tested (100.0% success rate so far)
Progress: 95500/100000 tested (100.0% success rate so far)
Progress: 95600/100000 tested (100.0% success rate so far)
Progress: 95700/100000 tested (100.0% success rate so far)
Progress: 95800/100000 tested (100.0% success rate so far)
Progress: 95900/100000 tested (100.0% success rate so far)
Progress: 96000/100000 tested (100.0% success rate so far)
Progress: 96100/100000 tested (100.0% success rate so far)
Progress: 96200/100000 tested (100.0% success rate so far)
Progress: 96300/100000 tested (100.0% success rate so far)
Progress: 96400/100000 tested (100.0% success rate so far)
Progress: 96500/100000 tested (100.0% success rate so far)
Progress: 96600/100000 tested (100.0% success rate so far)
Progress: 96700/100000 tested (100.0% success rate so far)
Progress: 96800/100000 tested (100.0% success rate so far)
Progress: 96900/100000 tested (100.0% success rate so far)
Progress: 97000/100000 tested (100.0% success rate so far)
Progress: 97100/100000 tested (100.0% success rate so far)
Progress: 97200/100000 tested (100.0% success rate so far)
Progress: 97300/100000 tested (100.0% success rate so far)
Progress: 97400/100000 tested (100.0% success rate so far)
Progress: 97500/100000 tested (100.0% success rate so far)
Progress: 97600/100000 tested (100.0% success rate so far)
Progress: 97700/100000 tested (100.0% success rate so far)
Progress: 97800/100000 tested (100.0% success rate so far)
Progress: 97900/100000 tested (100.0% success rate so far)
Progress: 98000/100000 tested (100.0% success rate so far)
Progress: 98100/100000 tested (100.0% success rate so far)
Progress: 98200/100000 tested (100.0% success rate so far)
Progress: 98300/100000 tested (100.0% success rate so far)
Progress: 98400/100000 tested (100.0% success rate so far)
Progress: 98500/100000 tested (100.0% success rate so far)
Progress: 98600/100000 tested (100.0% success rate so far)
Progress: 98700/100000 tested (100.0% success rate so far)
Progress: 98800/100000 tested (100.0% success rate so far)
Progress: 98900/100000 tested (100.0% success rate so far)
Progress: 99000/100000 tested (100.0% success rate so far)
Progress: 99100/100000 tested (100.0% success rate so far)
Progress: 99200/100000 tested (100.0% success rate so far)
Progress: 99300/100000 tested (100.0% success rate so far)
Progress: 99400/100000 tested (100.0% success rate so far)
Progress: 99500/100000 tested (100.0% success rate so far)
Progress: 99600/100000 tested (100.0% success rate so far)
Progress: 99700/100000 tested (100.0% success rate so far)
Progress: 99800/100000 tested (100.0% success rate so far)
Progress: 99900/100000 tested (100.0% success rate so far)
Progress: 100000/100000 tested (100.0% success rate so far)

=== FINAL RESULTS ===
Total entities tested: 100000
Successfully retrieved: 100000
Failed to retrieve: 0
SUCCESS RATE: 100.00%

🎯 100% SUCCESS RATE ACHIEVED! 🎯
All 100000 entities retrieved successfully!
]]></system-out>
  </testcase>
</testsuite>