<?xml version="1.0" encoding="UTF-8"?>
<testsuite xmlns:xsi="http://www.w3.org/2001/XMLSchema-instance" xsi:noNamespaceSchemaLocation="https://maven.apache.org/surefire/maven-surefire-plugin/xsd/surefire-test-report.xsd" version="3.0.2" name="com.telcobright.splitverse.tests.MultiShardTest" time="31.252" tests="6" errors="0" skipped="0" failures="1">
  <properties>
    <property name="java.specification.version" value="21"/>
    <property name="sun.jnu.encoding" value="UTF-8"/>
    <property name="java.class.path" value="/home/mustafa/telcobright-projects/routesphere/split-verse/target/test-classes:/home/mustafa/telcobright-projects/routesphere/split-verse/target/classes:/home/mustafa/.m2/repository/org/slf4j/slf4j-api/1.7.36/slf4j-api-1.7.36.jar:/home/mustafa/.m2/repository/com/mysql/mysql-connector-j/8.0.33/mysql-connector-j-8.0.33.jar:/home/mustafa/.m2/repository/com/telcobright/dbutil/1.0-SNAPSHOT/dbutil-1.0-SNAPSHOT.jar:/home/mustafa/.m2/repository/commons-io/commons-io/2.20.0/commons-io-2.20.0.jar:/home/mustafa/.m2/repository/org/apache/commons/commons-lang3/3.18.0/commons-lang3-3.18.0.jar:/home/mustafa/.m2/repository/ch/qos/logback/logback-classic/1.4.11/logback-classic-1.4.11.jar:/home/mustafa/.m2/repository/ch/qos/logback/logback-core/1.4.11/logback-core-1.4.11.jar:/home/mustafa/.m2/repository/org/springframework/data/spring-data-jpa/2.7.14/spring-data-jpa-2.7.14.jar:/home/mustafa/.m2/repository/org/springframework/data/spring-data-commons/2.7.14/spring-data-commons-2.7.14.jar:/home/mustafa/.m2/repository/org/springframework/spring-orm/5.3.29/spring-orm-5.3.29.jar:/home/mustafa/.m2/repository/org/springframework/spring-jdbc/5.3.29/spring-jdbc-5.3.29.jar:/home/mustafa/.m2/repository/org/springframework/spring-aop/5.3.29/spring-aop-5.3.29.jar:/home/mustafa/.m2/repository/org/springframework/spring-tx/5.3.29/spring-tx-5.3.29.jar:/home/mustafa/.m2/repository/org/springframework/spring-beans/5.3.29/spring-beans-5.3.29.jar:/home/mustafa/.m2/repository/org/springframework/spring-core/5.3.29/spring-core-5.3.29.jar:/home/mustafa/.m2/repository/org/springframework/spring-jcl/5.3.29/spring-jcl-5.3.29.jar:/home/mustafa/.m2/repository/javax/persistence/javax.persistence-api/2.2/javax.persistence-api-2.2.jar:/home/mustafa/.m2/repository/org/hibernate/hibernate-core/5.6.15.Final/hibernate-core-5.6.15.Final.jar:/home/mustafa/.m2/repository/org/jboss/logging/jboss-logging/3.6.1.Final/jboss-logging-3.6.1.Final.jar:/home/mustafa/.m2/repository/net/bytebuddy/byte-buddy/1.17.6/byte-buddy-1.17.6.jar:/home/mustafa/.m2/repository/antlr/antlr/2.7.7/antlr-2.7.7.jar:/home/mustafa/.m2/repository/org/jboss/spec/javax/transaction/jboss-transaction-api_1.2_spec/1.1.1.Final/jboss-transaction-api_1.2_spec-1.1.1.Final.jar:/home/mustafa/.m2/repository/org/jboss/jandex/2.4.2.Final/jandex-2.4.2.Final.jar:/home/mustafa/.m2/repository/com/fasterxml/classmate/1.7.0/classmate-1.7.0.jar:/home/mustafa/.m2/repository/javax/activation/javax.activation-api/1.2.0/javax.activation-api-1.2.0.jar:/home/mustafa/.m2/repository/org/hibernate/common/hibernate-commons-annotations/5.1.2.Final/hibernate-commons-annotations-5.1.2.Final.jar:/home/mustafa/.m2/repository/javax/xml/bind/jaxb-api/2.3.1/jaxb-api-2.3.1.jar:/home/mustafa/.m2/repository/org/glassfish/jaxb/jaxb-runtime/4.0.5/jaxb-runtime-4.0.5.jar:/home/mustafa/.m2/repository/org/glassfish/jaxb/jaxb-core/4.0.5/jaxb-core-4.0.5.jar:/home/mustafa/.m2/repository/org/eclipse/angus/angus-activation/2.0.2/angus-activation-2.0.2.jar:/home/mustafa/.m2/repository/org/glassfish/jaxb/txw2/4.0.5/txw2-4.0.5.jar:/home/mustafa/.m2/repository/com/sun/istack/istack-commons-runtime/4.1.2/istack-commons-runtime-4.1.2.jar:/home/mustafa/.m2/repository/org/springframework/spring-context/5.3.30/spring-context-5.3.30.jar:/home/mustafa/.m2/repository/org/springframework/spring-expression/5.3.30/spring-expression-5.3.30.jar:/home/mustafa/.m2/repository/com/zaxxer/HikariCP/5.0.1/HikariCP-5.0.1.jar:/home/mustafa/.m2/repository/org/springframework/boot/spring-boot-starter-test/2.7.14/spring-boot-starter-test-2.7.14.jar:/home/mustafa/.m2/repository/org/springframework/boot/spring-boot-starter/2.7.14/spring-boot-starter-2.7.14.jar:/home/mustafa/.m2/repository/org/springframework/boot/spring-boot/2.7.14/spring-boot-2.7.14.jar:/home/mustafa/.m2/repository/org/springframework/boot/spring-boot-autoconfigure/2.7.14/spring-boot-autoconfigure-2.7.14.jar:/home/mustafa/.m2/repository/org/springframework/boot/spring-boot-starter-logging/2.7.14/spring-boot-starter-logging-2.7.14.jar:/home/mustafa/.m2/repository/org/slf4j/jul-to-slf4j/1.7.36/jul-to-slf4j-1.7.36.jar:/home/mustafa/.m2/repository/jakarta/annotation/jakarta.annotation-api/3.0.0/jakarta.annotation-api-3.0.0.jar:/home/mustafa/.m2/repository/org/yaml/snakeyaml/2.4/snakeyaml-2.4.jar:/home/mustafa/.m2/repository/org/springframework/boot/spring-boot-test/2.7.14/spring-boot-test-2.7.14.jar:/home/mustafa/.m2/repository/org/springframework/boot/spring-boot-test-autoconfigure/2.7.14/spring-boot-test-autoconfigure-2.7.14.jar:/home/mustafa/.m2/repository/com/jayway/jsonpath/json-path/2.7.0/json-path-2.7.0.jar:/home/mustafa/.m2/repository/net/minidev/json-smart/2.4.7/json-smart-2.4.7.jar:/home/mustafa/.m2/repository/net/minidev/accessors-smart/2.4.7/accessors-smart-2.4.7.jar:/home/mustafa/.m2/repository/org/ow2/asm/asm/9.8/asm-9.8.jar:/home/mustafa/.m2/repository/jakarta/xml/bind/jakarta.xml.bind-api/4.0.2/jakarta.xml.bind-api-4.0.2.jar:/home/mustafa/.m2/repository/jakarta/activation/jakarta.activation-api/2.1.3/jakarta.activation-api-2.1.3.jar:/home/mustafa/.m2/repository/org/hamcrest/hamcrest/2.2/hamcrest-2.2.jar:/home/mustafa/.m2/repository/org/skyscreamer/jsonassert/1.5.1/jsonassert-1.5.1.jar:/home/mustafa/.m2/repository/com/vaadin/external/google/android-json/0.0.20131108.vaadin1/android-json-0.0.20131108.vaadin1.jar:/home/mustafa/.m2/repository/org/springframework/spring-test/5.3.29/spring-test-5.3.29.jar:/home/mustafa/.m2/repository/org/xmlunit/xmlunit-core/2.9.1/xmlunit-core-2.9.1.jar:/home/mustafa/.m2/repository/com/fasterxml/jackson/core/jackson-databind/2.15.2/jackson-databind-2.15.2.jar:/home/mustafa/.m2/repository/com/fasterxml/jackson/core/jackson-annotations/2.19.2/jackson-annotations-2.19.2.jar:/home/mustafa/.m2/repository/com/fasterxml/jackson/core/jackson-core/2.19.2/jackson-core-2.19.2.jar:/home/mustafa/.m2/repository/com/fasterxml/jackson/datatype/jackson-datatype-jsr310/2.15.2/jackson-datatype-jsr310-2.15.2.jar:/home/mustafa/.m2/repository/org/junit/jupiter/junit-jupiter/5.9.2/junit-jupiter-5.9.2.jar:/home/mustafa/.m2/repository/org/junit/jupiter/junit-jupiter-api/5.13.4/junit-jupiter-api-5.13.4.jar:/home/mustafa/.m2/repository/org/opentest4j/opentest4j/1.3.0/opentest4j-1.3.0.jar:/home/mustafa/.m2/repository/org/junit/platform/junit-platform-commons/1.13.4/junit-platform-commons-1.13.4.jar:/home/mustafa/.m2/repository/org/junit/jupiter/junit-jupiter-engine/5.13.4/junit-jupiter-engine-5.13.4.jar:/home/mustafa/.m2/repository/org/junit/platform/junit-platform-engine/1.13.4/junit-platform-engine-1.13.4.jar:/home/mustafa/.m2/repository/org/junit/jupiter/junit-jupiter-params/5.9.2/junit-jupiter-params-5.9.2.jar:/home/mustafa/.m2/repository/org/apiguardian/apiguardian-api/1.1.2/apiguardian-api-1.1.2.jar:/home/mustafa/.m2/repository/org/mockito/mockito-core/5.1.1/mockito-core-5.1.1.jar:/home/mustafa/.m2/repository/net/bytebuddy/byte-buddy-agent/1.12.22/byte-buddy-agent-1.12.22.jar:/home/mustafa/.m2/repository/org/objenesis/objenesis/3.3/objenesis-3.3.jar:/home/mustafa/.m2/repository/org/mockito/mockito-junit-jupiter/5.1.1/mockito-junit-jupiter-5.1.1.jar:/home/mustafa/.m2/repository/org/assertj/assertj-core/3.24.2/assertj-core-3.24.2.jar:/home/mustafa/.m2/repository/org/testcontainers/junit-jupiter/1.19.0/junit-jupiter-1.19.0.jar:/home/mustafa/.m2/repository/org/testcontainers/testcontainers/1.21.3/testcontainers-1.21.3.jar:/home/mustafa/.m2/repository/junit/junit/4.13.2/junit-4.13.2.jar:/home/mustafa/.m2/repository/org/apache/commons/commons-compress/1.28.0/commons-compress-1.28.0.jar:/home/mustafa/.m2/repository/commons-codec/commons-codec/1.19.0/commons-codec-1.19.0.jar:/home/mustafa/.m2/repository/org/rnorth/duct-tape/duct-tape/1.0.8/duct-tape-1.0.8.jar:/home/mustafa/.m2/repository/org/jetbrains/annotations/26.0.2/annotations-26.0.2.jar:/home/mustafa/.m2/repository/com/github/docker-java/docker-java-api/3.4.2/docker-java-api-3.4.2.jar:/home/mustafa/.m2/repository/com/github/docker-java/docker-java-transport-zerodep/3.4.2/docker-java-transport-zerodep-3.4.2.jar:/home/mustafa/.m2/repository/com/github/docker-java/docker-java-transport/3.4.2/docker-java-transport-3.4.2.jar:/home/mustafa/.m2/repository/net/java/dev/jna/jna/5.8.0/jna-5.8.0.jar:/home/mustafa/.m2/repository/org/testcontainers/mysql/1.19.0/mysql-1.19.0.jar:/home/mustafa/.m2/repository/org/testcontainers/jdbc/1.21.3/jdbc-1.21.3.jar:/home/mustafa/.m2/repository/org/testcontainers/database-commons/1.21.3/database-commons-1.21.3.jar:/home/mustafa/.m2/repository/org/awaitility/awaitility/4.2.0/awaitility-4.2.0.jar:/home/mustafa/.m2/repository/org/slf4j/slf4j-simple/1.7.36/slf4j-simple-1.7.36.jar:"/>
    <property name="java.vm.vendor" value="Eclipse Adoptium"/>
    <property name="sun.arch.data.model" value="64"/>
    <property name="java.vendor.url" value="https://adoptium.net/"/>
    <property name="user.timezone" value="Asia/Dhaka"/>
    <property name="os.name" value="Linux"/>
    <property name="java.vm.specification.version" value="21"/>
    <property name="sun.java.launcher" value="SUN_STANDARD"/>
    <property name="user.country" value="US"/>
    <property name="sun.boot.library.path" value="/home/mustafa/.sdkman/candidates/java/21-tem/lib"/>
    <property name="sun.java.command" value="/home/mustafa/telcobright-projects/routesphere/split-verse/target/surefire/surefirebooter-20250919213505675_3.jar /home/mustafa/telcobright-projects/routesphere/split-verse/target/surefire 2025-09-19T21-35-05_559-jvmRun1 surefire-20250919213505675_1tmp surefire_0-20250919213505675_2tmp"/>
    <property name="jdk.debug" value="release"/>
    <property name="surefire.test.class.path" value="/home/mustafa/telcobright-projects/routesphere/split-verse/target/test-classes:/home/mustafa/telcobright-projects/routesphere/split-verse/target/classes:/home/mustafa/.m2/repository/org/slf4j/slf4j-api/1.7.36/slf4j-api-1.7.36.jar:/home/mustafa/.m2/repository/com/mysql/mysql-connector-j/8.0.33/mysql-connector-j-8.0.33.jar:/home/mustafa/.m2/repository/com/telcobright/dbutil/1.0-SNAPSHOT/dbutil-1.0-SNAPSHOT.jar:/home/mustafa/.m2/repository/commons-io/commons-io/2.20.0/commons-io-2.20.0.jar:/home/mustafa/.m2/repository/org/apache/commons/commons-lang3/3.18.0/commons-lang3-3.18.0.jar:/home/mustafa/.m2/repository/ch/qos/logback/logback-classic/1.4.11/logback-classic-1.4.11.jar:/home/mustafa/.m2/repository/ch/qos/logback/logback-core/1.4.11/logback-core-1.4.11.jar:/home/mustafa/.m2/repository/org/springframework/data/spring-data-jpa/2.7.14/spring-data-jpa-2.7.14.jar:/home/mustafa/.m2/repository/org/springframework/data/spring-data-commons/2.7.14/spring-data-commons-2.7.14.jar:/home/mustafa/.m2/repository/org/springframework/spring-orm/5.3.29/spring-orm-5.3.29.jar:/home/mustafa/.m2/repository/org/springframework/spring-jdbc/5.3.29/spring-jdbc-5.3.29.jar:/home/mustafa/.m2/repository/org/springframework/spring-aop/5.3.29/spring-aop-5.3.29.jar:/home/mustafa/.m2/repository/org/springframework/spring-tx/5.3.29/spring-tx-5.3.29.jar:/home/mustafa/.m2/repository/org/springframework/spring-beans/5.3.29/spring-beans-5.3.29.jar:/home/mustafa/.m2/repository/org/springframework/spring-core/5.3.29/spring-core-5.3.29.jar:/home/mustafa/.m2/repository/org/springframework/spring-jcl/5.3.29/spring-jcl-5.3.29.jar:/home/mustafa/.m2/repository/javax/persistence/javax.persistence-api/2.2/javax.persistence-api-2.2.jar:/home/mustafa/.m2/repository/org/hibernate/hibernate-core/5.6.15.Final/hibernate-core-5.6.15.Final.jar:/home/mustafa/.m2/repository/org/jboss/logging/jboss-logging/3.6.1.Final/jboss-logging-3.6.1.Final.jar:/home/mustafa/.m2/repository/net/bytebuddy/byte-buddy/1.17.6/byte-buddy-1.17.6.jar:/home/mustafa/.m2/repository/antlr/antlr/2.7.7/antlr-2.7.7.jar:/home/mustafa/.m2/repository/org/jboss/spec/javax/transaction/jboss-transaction-api_1.2_spec/1.1.1.Final/jboss-transaction-api_1.2_spec-1.1.1.Final.jar:/home/mustafa/.m2/repository/org/jboss/jandex/2.4.2.Final/jandex-2.4.2.Final.jar:/home/mustafa/.m2/repository/com/fasterxml/classmate/1.7.0/classmate-1.7.0.jar:/home/mustafa/.m2/repository/javax/activation/javax.activation-api/1.2.0/javax.activation-api-1.2.0.jar:/home/mustafa/.m2/repository/org/hibernate/common/hibernate-commons-annotations/5.1.2.Final/hibernate-commons-annotations-5.1.2.Final.jar:/home/mustafa/.m2/repository/javax/xml/bind/jaxb-api/2.3.1/jaxb-api-2.3.1.jar:/home/mustafa/.m2/repository/org/glassfish/jaxb/jaxb-runtime/4.0.5/jaxb-runtime-4.0.5.jar:/home/mustafa/.m2/repository/org/glassfish/jaxb/jaxb-core/4.0.5/jaxb-core-4.0.5.jar:/home/mustafa/.m2/repository/org/eclipse/angus/angus-activation/2.0.2/angus-activation-2.0.2.jar:/home/mustafa/.m2/repository/org/glassfish/jaxb/txw2/4.0.5/txw2-4.0.5.jar:/home/mustafa/.m2/repository/com/sun/istack/istack-commons-runtime/4.1.2/istack-commons-runtime-4.1.2.jar:/home/mustafa/.m2/repository/org/springframework/spring-context/5.3.30/spring-context-5.3.30.jar:/home/mustafa/.m2/repository/org/springframework/spring-expression/5.3.30/spring-expression-5.3.30.jar:/home/mustafa/.m2/repository/com/zaxxer/HikariCP/5.0.1/HikariCP-5.0.1.jar:/home/mustafa/.m2/repository/org/springframework/boot/spring-boot-starter-test/2.7.14/spring-boot-starter-test-2.7.14.jar:/home/mustafa/.m2/repository/org/springframework/boot/spring-boot-starter/2.7.14/spring-boot-starter-2.7.14.jar:/home/mustafa/.m2/repository/org/springframework/boot/spring-boot/2.7.14/spring-boot-2.7.14.jar:/home/mustafa/.m2/repository/org/springframework/boot/spring-boot-autoconfigure/2.7.14/spring-boot-autoconfigure-2.7.14.jar:/home/mustafa/.m2/repository/org/springframework/boot/spring-boot-starter-logging/2.7.14/spring-boot-starter-logging-2.7.14.jar:/home/mustafa/.m2/repository/org/slf4j/jul-to-slf4j/1.7.36/jul-to-slf4j-1.7.36.jar:/home/mustafa/.m2/repository/jakarta/annotation/jakarta.annotation-api/3.0.0/jakarta.annotation-api-3.0.0.jar:/home/mustafa/.m2/repository/org/yaml/snakeyaml/2.4/snakeyaml-2.4.jar:/home/mustafa/.m2/repository/org/springframework/boot/spring-boot-test/2.7.14/spring-boot-test-2.7.14.jar:/home/mustafa/.m2/repository/org/springframework/boot/spring-boot-test-autoconfigure/2.7.14/spring-boot-test-autoconfigure-2.7.14.jar:/home/mustafa/.m2/repository/com/jayway/jsonpath/json-path/2.7.0/json-path-2.7.0.jar:/home/mustafa/.m2/repository/net/minidev/json-smart/2.4.7/json-smart-2.4.7.jar:/home/mustafa/.m2/repository/net/minidev/accessors-smart/2.4.7/accessors-smart-2.4.7.jar:/home/mustafa/.m2/repository/org/ow2/asm/asm/9.8/asm-9.8.jar:/home/mustafa/.m2/repository/jakarta/xml/bind/jakarta.xml.bind-api/4.0.2/jakarta.xml.bind-api-4.0.2.jar:/home/mustafa/.m2/repository/jakarta/activation/jakarta.activation-api/2.1.3/jakarta.activation-api-2.1.3.jar:/home/mustafa/.m2/repository/org/hamcrest/hamcrest/2.2/hamcrest-2.2.jar:/home/mustafa/.m2/repository/org/skyscreamer/jsonassert/1.5.1/jsonassert-1.5.1.jar:/home/mustafa/.m2/repository/com/vaadin/external/google/android-json/0.0.20131108.vaadin1/android-json-0.0.20131108.vaadin1.jar:/home/mustafa/.m2/repository/org/springframework/spring-test/5.3.29/spring-test-5.3.29.jar:/home/mustafa/.m2/repository/org/xmlunit/xmlunit-core/2.9.1/xmlunit-core-2.9.1.jar:/home/mustafa/.m2/repository/com/fasterxml/jackson/core/jackson-databind/2.15.2/jackson-databind-2.15.2.jar:/home/mustafa/.m2/repository/com/fasterxml/jackson/core/jackson-annotations/2.19.2/jackson-annotations-2.19.2.jar:/home/mustafa/.m2/repository/com/fasterxml/jackson/core/jackson-core/2.19.2/jackson-core-2.19.2.jar:/home/mustafa/.m2/repository/com/fasterxml/jackson/datatype/jackson-datatype-jsr310/2.15.2/jackson-datatype-jsr310-2.15.2.jar:/home/mustafa/.m2/repository/org/junit/jupiter/junit-jupiter/5.9.2/junit-jupiter-5.9.2.jar:/home/mustafa/.m2/repository/org/junit/jupiter/junit-jupiter-api/5.13.4/junit-jupiter-api-5.13.4.jar:/home/mustafa/.m2/repository/org/opentest4j/opentest4j/1.3.0/opentest4j-1.3.0.jar:/home/mustafa/.m2/repository/org/junit/platform/junit-platform-commons/1.13.4/junit-platform-commons-1.13.4.jar:/home/mustafa/.m2/repository/org/junit/jupiter/junit-jupiter-engine/5.13.4/junit-jupiter-engine-5.13.4.jar:/home/mustafa/.m2/repository/org/junit/platform/junit-platform-engine/1.13.4/junit-platform-engine-1.13.4.jar:/home/mustafa/.m2/repository/org/junit/jupiter/junit-jupiter-params/5.9.2/junit-jupiter-params-5.9.2.jar:/home/mustafa/.m2/repository/org/apiguardian/apiguardian-api/1.1.2/apiguardian-api-1.1.2.jar:/home/mustafa/.m2/repository/org/mockito/mockito-core/5.1.1/mockito-core-5.1.1.jar:/home/mustafa/.m2/repository/net/bytebuddy/byte-buddy-agent/1.12.22/byte-buddy-agent-1.12.22.jar:/home/mustafa/.m2/repository/org/objenesis/objenesis/3.3/objenesis-3.3.jar:/home/mustafa/.m2/repository/org/mockito/mockito-junit-jupiter/5.1.1/mockito-junit-jupiter-5.1.1.jar:/home/mustafa/.m2/repository/org/assertj/assertj-core/3.24.2/assertj-core-3.24.2.jar:/home/mustafa/.m2/repository/org/testcontainers/junit-jupiter/1.19.0/junit-jupiter-1.19.0.jar:/home/mustafa/.m2/repository/org/testcontainers/testcontainers/1.21.3/testcontainers-1.21.3.jar:/home/mustafa/.m2/repository/junit/junit/4.13.2/junit-4.13.2.jar:/home/mustafa/.m2/repository/org/apache/commons/commons-compress/1.28.0/commons-compress-1.28.0.jar:/home/mustafa/.m2/repository/commons-codec/commons-codec/1.19.0/commons-codec-1.19.0.jar:/home/mustafa/.m2/repository/org/rnorth/duct-tape/duct-tape/1.0.8/duct-tape-1.0.8.jar:/home/mustafa/.m2/repository/org/jetbrains/annotations/26.0.2/annotations-26.0.2.jar:/home/mustafa/.m2/repository/com/github/docker-java/docker-java-api/3.4.2/docker-java-api-3.4.2.jar:/home/mustafa/.m2/repository/com/github/docker-java/docker-java-transport-zerodep/3.4.2/docker-java-transport-zerodep-3.4.2.jar:/home/mustafa/.m2/repository/com/github/docker-java/docker-java-transport/3.4.2/docker-java-transport-3.4.2.jar:/home/mustafa/.m2/repository/net/java/dev/jna/jna/5.8.0/jna-5.8.0.jar:/home/mustafa/.m2/repository/org/testcontainers/mysql/1.19.0/mysql-1.19.0.jar:/home/mustafa/.m2/repository/org/testcontainers/jdbc/1.21.3/jdbc-1.21.3.jar:/home/mustafa/.m2/repository/org/testcontainers/database-commons/1.21.3/database-commons-1.21.3.jar:/home/mustafa/.m2/repository/org/awaitility/awaitility/4.2.0/awaitility-4.2.0.jar:/home/mustafa/.m2/repository/org/slf4j/slf4j-simple/1.7.36/slf4j-simple-1.7.36.jar:"/>
    <property name="sun.cpu.endian" value="little"/>
    <property name="user.home" value="/home/mustafa"/>
    <property name="user.language" value="en"/>
    <property name="java.specification.vendor" value="Oracle Corporation"/>
    <property name="java.version.date" value="2023-09-19"/>
    <property name="java.home" value="/home/mustafa/.sdkman/candidates/java/21-tem"/>
    <property name="file.separator" value="/"/>
    <property name="basedir" value="/home/mustafa/telcobright-projects/routesphere/split-verse"/>
    <property name="java.vm.compressedOopsMode" value="Zero based"/>
    <property name="line.separator" value="&#10;"/>
    <property name="java.specification.name" value="Java Platform API Specification"/>
    <property name="java.vm.specification.vendor" value="Oracle Corporation"/>
    <property name="surefire.real.class.path" value="/home/mustafa/telcobright-projects/routesphere/split-verse/target/surefire/surefirebooter-20250919213505675_3.jar"/>
    <property name="sun.management.compiler" value="HotSpot 64-Bit Tiered Compilers"/>
    <property name="java.runtime.version" value="21+35-LTS"/>
    <property name="user.name" value="mustafa"/>
    <property name="stdout.encoding" value="UTF-8"/>
    <property name="path.separator" value=":"/>
    <property name="os.version" value="6.14.0-29-generic"/>
    <property name="java.runtime.name" value="OpenJDK Runtime Environment"/>
    <property name="file.encoding" value="UTF-8"/>
    <property name="java.vm.name" value="OpenJDK 64-Bit Server VM"/>
    <property name="java.vendor.version" value="Temurin-21+35"/>
    <property name="localRepository" value="/home/mustafa/.m2/repository"/>
    <property name="java.vendor.url.bug" value="https://github.com/adoptium/adoptium-support/issues"/>
    <property name="java.io.tmpdir" value="/tmp"/>
    <property name="java.version" value="21"/>
    <property name="user.dir" value="/home/mustafa/telcobright-projects/routesphere/split-verse"/>
    <property name="os.arch" value="amd64"/>
    <property name="java.vm.specification.name" value="Java Virtual Machine Specification"/>
    <property name="native.encoding" value="UTF-8"/>
    <property name="java.library.path" value="/usr/java/packages/lib:/usr/lib64:/lib64:/lib:/usr/lib"/>
    <property name="java.vm.info" value="mixed mode, sharing"/>
    <property name="stderr.encoding" value="UTF-8"/>
    <property name="java.vendor" value="Eclipse Adoptium"/>
    <property name="java.vm.version" value="21+35-LTS"/>
    <property name="sun.io.unicode.encoding" value="UnicodeLittle"/>
    <property name="java.class.version" value="65.0"/>
  </properties>
  <testcase name="testDataDistributionAcrossShards" classname="com.telcobright.splitverse.tests.MultiShardTest" time="0.138">
    <system-out><![CDATA[Created test database: split_verse_test_shard_0
Created test database: split_verse_test_shard_1
Created test database: split_verse_test_shard_2
[SplitVerse] Building repository with:
  Entity: OrderEntity
  Table: orders
  Sharding Strategy: DUAL_KEY_HASH_RANGE
  Repository Mode: MULTI_TABLE
  Partition Column: created_at (LOCAL_DATE_TIME)
  Partition Range: DAILY
  Table Granularity: DAILY
  Retention Days: 30
  ID Size: 22 bytes
  Charset: utf8mb4, Collation: utf8mb4_bin
  Shards: 3
[2025-09-19 21:35:10.194] INFO  [MultiTableRepo.orders] Initializing daily tables for retention period: 2025-08-20 to 2025-10-19 (61 days)
[2025-09-19 21:35:10.234] INFO  [MultiTableRepo.orders] Ensured table exists: split_verse_test_shard_0.orders_20250820
[2025-09-19 21:35:10.268] INFO  [MultiTableRepo.orders] Ensured table exists: split_verse_test_shard_0.orders_20250821
[2025-09-19 21:35:10.306] INFO  [MultiTableRepo.orders] Ensured table exists: split_verse_test_shard_0.orders_20250822
[2025-09-19 21:35:10.338] INFO  [MultiTableRepo.orders] Ensured table exists: split_verse_test_shard_0.orders_20250823
[2025-09-19 21:35:10.369] INFO  [MultiTableRepo.orders] Ensured table exists: split_verse_test_shard_0.orders_20250824
[2025-09-19 21:35:10.404] INFO  [MultiTableRepo.orders] Ensured table exists: split_verse_test_shard_0.orders_20250825
[2025-09-19 21:35:10.437] INFO  [MultiTableRepo.orders] Ensured table exists: split_verse_test_shard_0.orders_20250826
[2025-09-19 21:35:10.469] INFO  [MultiTableRepo.orders] Ensured table exists: split_verse_test_shard_0.orders_20250827
[2025-09-19 21:35:10.501] INFO  [MultiTableRepo.orders] Ensured table exists: split_verse_test_shard_0.orders_20250828
[2025-09-19 21:35:10.533] INFO  [MultiTableRepo.orders] Ensured table exists: split_verse_test_shard_0.orders_20250829
[2025-09-19 21:35:10.569] INFO  [MultiTableRepo.orders] Ensured table exists: split_verse_test_shard_0.orders_20250830
[2025-09-19 21:35:10.603] INFO  [MultiTableRepo.orders] Ensured table exists: split_verse_test_shard_0.orders_20250831
[2025-09-19 21:35:10.638] INFO  [MultiTableRepo.orders] Ensured table exists: split_verse_test_shard_0.orders_20250901
[2025-09-19 21:35:10.669] INFO  [MultiTableRepo.orders] Ensured table exists: split_verse_test_shard_0.orders_20250902
[2025-09-19 21:35:10.714] INFO  [MultiTableRepo.orders] Ensured table exists: split_verse_test_shard_0.orders_20250903
[2025-09-19 21:35:10.747] INFO  [MultiTableRepo.orders] Ensured table exists: split_verse_test_shard_0.orders_20250904
[2025-09-19 21:35:10.779] INFO  [MultiTableRepo.orders] Ensured table exists: split_verse_test_shard_0.orders_20250905
[2025-09-19 21:35:10.811] INFO  [MultiTableRepo.orders] Ensured table exists: split_verse_test_shard_0.orders_20250906
[2025-09-19 21:35:10.843] INFO  [MultiTableRepo.orders] Ensured table exists: split_verse_test_shard_0.orders_20250907
[2025-09-19 21:35:10.876] INFO  [MultiTableRepo.orders] Ensured table exists: split_verse_test_shard_0.orders_20250908
[2025-09-19 21:35:10.909] INFO  [MultiTableRepo.orders] Ensured table exists: split_verse_test_shard_0.orders_20250909
[2025-09-19 21:35:10.942] INFO  [MultiTableRepo.orders] Ensured table exists: split_verse_test_shard_0.orders_20250910
[2025-09-19 21:35:10.974] INFO  [MultiTableRepo.orders] Ensured table exists: split_verse_test_shard_0.orders_20250911
[2025-09-19 21:35:11.008] INFO  [MultiTableRepo.orders] Ensured table exists: split_verse_test_shard_0.orders_20250912
[2025-09-19 21:35:11.042] INFO  [MultiTableRepo.orders] Ensured table exists: split_verse_test_shard_0.orders_20250913
[2025-09-19 21:35:11.074] INFO  [MultiTableRepo.orders] Ensured table exists: split_verse_test_shard_0.orders_20250914
[2025-09-19 21:35:11.108] INFO  [MultiTableRepo.orders] Ensured table exists: split_verse_test_shard_0.orders_20250915
[2025-09-19 21:35:11.140] INFO  [MultiTableRepo.orders] Ensured table exists: split_verse_test_shard_0.orders_20250916
[2025-09-19 21:35:11.175] INFO  [MultiTableRepo.orders] Ensured table exists: split_verse_test_shard_0.orders_20250917
[2025-09-19 21:35:11.208] INFO  [MultiTableRepo.orders] Ensured table exists: split_verse_test_shard_0.orders_20250918
[2025-09-19 21:35:11.244] INFO  [MultiTableRepo.orders] Ensured table exists: split_verse_test_shard_0.orders_20250919
[2025-09-19 21:35:11.279] INFO  [MultiTableRepo.orders] Ensured table exists: split_verse_test_shard_0.orders_20250920
[2025-09-19 21:35:11.314] INFO  [MultiTableRepo.orders] Ensured table exists: split_verse_test_shard_0.orders_20250921
[2025-09-19 21:35:11.349] INFO  [MultiTableRepo.orders] Ensured table exists: split_verse_test_shard_0.orders_20250922
[2025-09-19 21:35:11.389] INFO  [MultiTableRepo.orders] Ensured table exists: split_verse_test_shard_0.orders_20250923
[2025-09-19 21:35:11.424] INFO  [MultiTableRepo.orders] Ensured table exists: split_verse_test_shard_0.orders_20250924
[2025-09-19 21:35:11.460] INFO  [MultiTableRepo.orders] Ensured table exists: split_verse_test_shard_0.orders_20250925
[2025-09-19 21:35:11.495] INFO  [MultiTableRepo.orders] Ensured table exists: split_verse_test_shard_0.orders_20250926
[2025-09-19 21:35:11.530] INFO  [MultiTableRepo.orders] Ensured table exists: split_verse_test_shard_0.orders_20250927
[2025-09-19 21:35:11.566] INFO  [MultiTableRepo.orders] Ensured table exists: split_verse_test_shard_0.orders_20250928
[2025-09-19 21:35:11.601] INFO  [MultiTableRepo.orders] Ensured table exists: split_verse_test_shard_0.orders_20250929
[2025-09-19 21:35:11.634] INFO  [MultiTableRepo.orders] Ensured table exists: split_verse_test_shard_0.orders_20250930
[2025-09-19 21:35:11.669] INFO  [MultiTableRepo.orders] Ensured table exists: split_verse_test_shard_0.orders_20251001
[2025-09-19 21:35:11.718] INFO  [MultiTableRepo.orders] Ensured table exists: split_verse_test_shard_0.orders_20251002
[2025-09-19 21:35:11.755] INFO  [MultiTableRepo.orders] Ensured table exists: split_verse_test_shard_0.orders_20251003
[2025-09-19 21:35:11.789] INFO  [MultiTableRepo.orders] Ensured table exists: split_verse_test_shard_0.orders_20251004
[2025-09-19 21:35:11.822] INFO  [MultiTableRepo.orders] Ensured table exists: split_verse_test_shard_0.orders_20251005
[2025-09-19 21:35:11.858] INFO  [MultiTableRepo.orders] Ensured table exists: split_verse_test_shard_0.orders_20251006
[2025-09-19 21:35:11.892] INFO  [MultiTableRepo.orders] Ensured table exists: split_verse_test_shard_0.orders_20251007
[2025-09-19 21:35:11.931] INFO  [MultiTableRepo.orders] Ensured table exists: split_verse_test_shard_0.orders_20251008
[2025-09-19 21:35:11.963] INFO  [MultiTableRepo.orders] Ensured table exists: split_verse_test_shard_0.orders_20251009
[2025-09-19 21:35:11.996] INFO  [MultiTableRepo.orders] Ensured table exists: split_verse_test_shard_0.orders_20251010
[2025-09-19 21:35:12.030] INFO  [MultiTableRepo.orders] Ensured table exists: split_verse_test_shard_0.orders_20251011
[2025-09-19 21:35:12.063] INFO  [MultiTableRepo.orders] Ensured table exists: split_verse_test_shard_0.orders_20251012
[2025-09-19 21:35:12.097] INFO  [MultiTableRepo.orders] Ensured table exists: split_verse_test_shard_0.orders_20251013
[2025-09-19 21:35:12.131] INFO  [MultiTableRepo.orders] Ensured table exists: split_verse_test_shard_0.orders_20251014
[2025-09-19 21:35:12.164] INFO  [MultiTableRepo.orders] Ensured table exists: split_verse_test_shard_0.orders_20251015
[2025-09-19 21:35:12.199] INFO  [MultiTableRepo.orders] Ensured table exists: split_verse_test_shard_0.orders_20251016
[2025-09-19 21:35:12.233] INFO  [MultiTableRepo.orders] Ensured table exists: split_verse_test_shard_0.orders_20251017
[2025-09-19 21:35:12.265] INFO  [MultiTableRepo.orders] Ensured table exists: split_verse_test_shard_0.orders_20251018
[2025-09-19 21:35:12.298] INFO  [MultiTableRepo.orders] Ensured table exists: split_verse_test_shard_0.orders_20251019
[2025-09-19 21:35:12.299] INFO  [MultiTableRepo.orders] Completed table initialization
[SplitVerse] Initialized shard: shard-0
[2025-09-19 21:35:12.300] INFO  [MultiTableRepo.orders] Initializing daily tables for retention period: 2025-08-20 to 2025-10-19 (61 days)
[2025-09-19 21:35:12.333] INFO  [MultiTableRepo.orders] Ensured table exists: split_verse_test_shard_1.orders_20250820
[2025-09-19 21:35:12.367] INFO  [MultiTableRepo.orders] Ensured table exists: split_verse_test_shard_1.orders_20250821
[2025-09-19 21:35:12.400] INFO  [MultiTableRepo.orders] Ensured table exists: split_verse_test_shard_1.orders_20250822
[2025-09-19 21:35:12.434] INFO  [MultiTableRepo.orders] Ensured table exists: split_verse_test_shard_1.orders_20250823
[2025-09-19 21:35:12.468] INFO  [MultiTableRepo.orders] Ensured table exists: split_verse_test_shard_1.orders_20250824
[2025-09-19 21:35:12.513] INFO  [MultiTableRepo.orders] Ensured table exists: split_verse_test_shard_1.orders_20250825
[2025-09-19 21:35:12.549] INFO  [MultiTableRepo.orders] Ensured table exists: split_verse_test_shard_1.orders_20250826
[2025-09-19 21:35:12.593] INFO  [MultiTableRepo.orders] Ensured table exists: split_verse_test_shard_1.orders_20250827
[2025-09-19 21:35:12.626] INFO  [MultiTableRepo.orders] Ensured table exists: split_verse_test_shard_1.orders_20250828
[2025-09-19 21:35:12.662] INFO  [MultiTableRepo.orders] Ensured table exists: split_verse_test_shard_1.orders_20250829
[2025-09-19 21:35:12.709] INFO  [MultiTableRepo.orders] Ensured table exists: split_verse_test_shard_1.orders_20250830
[2025-09-19 21:35:12.748] INFO  [MultiTableRepo.orders] Ensured table exists: split_verse_test_shard_1.orders_20250831
[2025-09-19 21:35:12.786] INFO  [MultiTableRepo.orders] Ensured table exists: split_verse_test_shard_1.orders_20250901
[2025-09-19 21:35:12.822] INFO  [MultiTableRepo.orders] Ensured table exists: split_verse_test_shard_1.orders_20250902
[2025-09-19 21:35:12.856] INFO  [MultiTableRepo.orders] Ensured table exists: split_verse_test_shard_1.orders_20250903
[2025-09-19 21:35:12.888] INFO  [MultiTableRepo.orders] Ensured table exists: split_verse_test_shard_1.orders_20250904
[2025-09-19 21:35:12.923] INFO  [MultiTableRepo.orders] Ensured table exists: split_verse_test_shard_1.orders_20250905
[2025-09-19 21:35:12.986] INFO  [MultiTableRepo.orders] Ensured table exists: split_verse_test_shard_1.orders_20250906
[2025-09-19 21:35:13.021] INFO  [MultiTableRepo.orders] Ensured table exists: split_verse_test_shard_1.orders_20250907
[2025-09-19 21:35:13.056] INFO  [MultiTableRepo.orders] Ensured table exists: split_verse_test_shard_1.orders_20250908
[2025-09-19 21:35:13.093] INFO  [MultiTableRepo.orders] Ensured table exists: split_verse_test_shard_1.orders_20250909
[2025-09-19 21:35:13.130] INFO  [MultiTableRepo.orders] Ensured table exists: split_verse_test_shard_1.orders_20250910
[2025-09-19 21:35:13.164] INFO  [MultiTableRepo.orders] Ensured table exists: split_verse_test_shard_1.orders_20250911
[2025-09-19 21:35:13.199] INFO  [MultiTableRepo.orders] Ensured table exists: split_verse_test_shard_1.orders_20250912
[2025-09-19 21:35:13.232] INFO  [MultiTableRepo.orders] Ensured table exists: split_verse_test_shard_1.orders_20250913
[2025-09-19 21:35:13.268] INFO  [MultiTableRepo.orders] Ensured table exists: split_verse_test_shard_1.orders_20250914
[2025-09-19 21:35:13.304] INFO  [MultiTableRepo.orders] Ensured table exists: split_verse_test_shard_1.orders_20250915
[2025-09-19 21:35:13.337] INFO  [MultiTableRepo.orders] Ensured table exists: split_verse_test_shard_1.orders_20250916
[2025-09-19 21:35:13.374] INFO  [MultiTableRepo.orders] Ensured table exists: split_verse_test_shard_1.orders_20250917
[2025-09-19 21:35:13.409] INFO  [MultiTableRepo.orders] Ensured table exists: split_verse_test_shard_1.orders_20250918
[2025-09-19 21:35:13.442] INFO  [MultiTableRepo.orders] Ensured table exists: split_verse_test_shard_1.orders_20250919
[2025-09-19 21:35:13.481] INFO  [MultiTableRepo.orders] Ensured table exists: split_verse_test_shard_1.orders_20250920
[2025-09-19 21:35:13.519] INFO  [MultiTableRepo.orders] Ensured table exists: split_verse_test_shard_1.orders_20250921
[2025-09-19 21:35:13.570] INFO  [MultiTableRepo.orders] Ensured table exists: split_verse_test_shard_1.orders_20250922
[2025-09-19 21:35:13.606] INFO  [MultiTableRepo.orders] Ensured table exists: split_verse_test_shard_1.orders_20250923
[2025-09-19 21:35:13.639] INFO  [MultiTableRepo.orders] Ensured table exists: split_verse_test_shard_1.orders_20250924
[2025-09-19 21:35:13.674] INFO  [MultiTableRepo.orders] Ensured table exists: split_verse_test_shard_1.orders_20250925
[2025-09-19 21:35:13.728] INFO  [MultiTableRepo.orders] Ensured table exists: split_verse_test_shard_1.orders_20250926
[2025-09-19 21:35:13.763] INFO  [MultiTableRepo.orders] Ensured table exists: split_verse_test_shard_1.orders_20250927
[2025-09-19 21:35:13.801] INFO  [MultiTableRepo.orders] Ensured table exists: split_verse_test_shard_1.orders_20250928
[2025-09-19 21:35:13.838] INFO  [MultiTableRepo.orders] Ensured table exists: split_verse_test_shard_1.orders_20250929
[2025-09-19 21:35:13.874] INFO  [MultiTableRepo.orders] Ensured table exists: split_verse_test_shard_1.orders_20250930
[2025-09-19 21:35:13.908] INFO  [MultiTableRepo.orders] Ensured table exists: split_verse_test_shard_1.orders_20251001
[2025-09-19 21:35:13.944] INFO  [MultiTableRepo.orders] Ensured table exists: split_verse_test_shard_1.orders_20251002
[2025-09-19 21:35:13.981] INFO  [MultiTableRepo.orders] Ensured table exists: split_verse_test_shard_1.orders_20251003
[2025-09-19 21:35:14.020] INFO  [MultiTableRepo.orders] Ensured table exists: split_verse_test_shard_1.orders_20251004
[2025-09-19 21:35:14.052] INFO  [MultiTableRepo.orders] Ensured table exists: split_verse_test_shard_1.orders_20251005
[2025-09-19 21:35:14.086] INFO  [MultiTableRepo.orders] Ensured table exists: split_verse_test_shard_1.orders_20251006
[2025-09-19 21:35:14.121] INFO  [MultiTableRepo.orders] Ensured table exists: split_verse_test_shard_1.orders_20251007
[2025-09-19 21:35:14.155] INFO  [MultiTableRepo.orders] Ensured table exists: split_verse_test_shard_1.orders_20251008
[2025-09-19 21:35:14.189] INFO  [MultiTableRepo.orders] Ensured table exists: split_verse_test_shard_1.orders_20251009
[2025-09-19 21:35:14.225] INFO  [MultiTableRepo.orders] Ensured table exists: split_verse_test_shard_1.orders_20251010
[2025-09-19 21:35:14.270] INFO  [MultiTableRepo.orders] Ensured table exists: split_verse_test_shard_1.orders_20251011
[2025-09-19 21:35:14.303] INFO  [MultiTableRepo.orders] Ensured table exists: split_verse_test_shard_1.orders_20251012
[2025-09-19 21:35:14.339] INFO  [MultiTableRepo.orders] Ensured table exists: split_verse_test_shard_1.orders_20251013
[2025-09-19 21:35:14.373] INFO  [MultiTableRepo.orders] Ensured table exists: split_verse_test_shard_1.orders_20251014
[2025-09-19 21:35:14.406] INFO  [MultiTableRepo.orders] Ensured table exists: split_verse_test_shard_1.orders_20251015
[2025-09-19 21:35:14.440] INFO  [MultiTableRepo.orders] Ensured table exists: split_verse_test_shard_1.orders_20251016
[2025-09-19 21:35:14.474] INFO  [MultiTableRepo.orders] Ensured table exists: split_verse_test_shard_1.orders_20251017
[2025-09-19 21:35:14.511] INFO  [MultiTableRepo.orders] Ensured table exists: split_verse_test_shard_1.orders_20251018
[2025-09-19 21:35:14.546] INFO  [MultiTableRepo.orders] Ensured table exists: split_verse_test_shard_1.orders_20251019
[2025-09-19 21:35:14.547] INFO  [MultiTableRepo.orders] Completed table initialization
[SplitVerse] Initialized shard: shard-1
[2025-09-19 21:35:14.549] INFO  [MultiTableRepo.orders] Initializing daily tables for retention period: 2025-08-20 to 2025-10-19 (61 days)
[2025-09-19 21:35:14.584] INFO  [MultiTableRepo.orders] Ensured table exists: split_verse_test_shard_2.orders_20250820
[2025-09-19 21:35:14.619] INFO  [MultiTableRepo.orders] Ensured table exists: split_verse_test_shard_2.orders_20250821
[2025-09-19 21:35:14.652] INFO  [MultiTableRepo.orders] Ensured table exists: split_verse_test_shard_2.orders_20250822
[2025-09-19 21:35:14.690] INFO  [MultiTableRepo.orders] Ensured table exists: split_verse_test_shard_2.orders_20250823
[2025-09-19 21:35:14.743] INFO  [MultiTableRepo.orders] Ensured table exists: split_verse_test_shard_2.orders_20250824
[2025-09-19 21:35:14.777] INFO  [MultiTableRepo.orders] Ensured table exists: split_verse_test_shard_2.orders_20250825
[2025-09-19 21:35:14.810] INFO  [MultiTableRepo.orders] Ensured table exists: split_verse_test_shard_2.orders_20250826
[2025-09-19 21:35:14.847] INFO  [MultiTableRepo.orders] Ensured table exists: split_verse_test_shard_2.orders_20250827
[2025-09-19 21:35:14.883] INFO  [MultiTableRepo.orders] Ensured table exists: split_verse_test_shard_2.orders_20250828
[2025-09-19 21:35:14.918] INFO  [MultiTableRepo.orders] Ensured table exists: split_verse_test_shard_2.orders_20250829
[2025-09-19 21:35:14.955] INFO  [MultiTableRepo.orders] Ensured table exists: split_verse_test_shard_2.orders_20250830
[2025-09-19 21:35:14.989] INFO  [MultiTableRepo.orders] Ensured table exists: split_verse_test_shard_2.orders_20250831
[2025-09-19 21:35:15.025] INFO  [MultiTableRepo.orders] Ensured table exists: split_verse_test_shard_2.orders_20250901
[2025-09-19 21:35:15.060] INFO  [MultiTableRepo.orders] Ensured table exists: split_verse_test_shard_2.orders_20250902
[2025-09-19 21:35:15.096] INFO  [MultiTableRepo.orders] Ensured table exists: split_verse_test_shard_2.orders_20250903
[2025-09-19 21:35:15.131] INFO  [MultiTableRepo.orders] Ensured table exists: split_verse_test_shard_2.orders_20250904
[2025-09-19 21:35:15.169] INFO  [MultiTableRepo.orders] Ensured table exists: split_verse_test_shard_2.orders_20250905
[2025-09-19 21:35:15.203] INFO  [MultiTableRepo.orders] Ensured table exists: split_verse_test_shard_2.orders_20250906
[2025-09-19 21:35:15.240] INFO  [MultiTableRepo.orders] Ensured table exists: split_verse_test_shard_2.orders_20250907
[2025-09-19 21:35:15.277] INFO  [MultiTableRepo.orders] Ensured table exists: split_verse_test_shard_2.orders_20250908
[2025-09-19 21:35:15.317] INFO  [MultiTableRepo.orders] Ensured table exists: split_verse_test_shard_2.orders_20250909
[2025-09-19 21:35:15.351] INFO  [MultiTableRepo.orders] Ensured table exists: split_verse_test_shard_2.orders_20250910
[2025-09-19 21:35:15.385] INFO  [MultiTableRepo.orders] Ensured table exists: split_verse_test_shard_2.orders_20250911
[2025-09-19 21:35:15.419] INFO  [MultiTableRepo.orders] Ensured table exists: split_verse_test_shard_2.orders_20250912
[2025-09-19 21:35:15.453] INFO  [MultiTableRepo.orders] Ensured table exists: split_verse_test_shard_2.orders_20250913
[2025-09-19 21:35:15.495] INFO  [MultiTableRepo.orders] Ensured table exists: split_verse_test_shard_2.orders_20250914
[2025-09-19 21:35:15.532] INFO  [MultiTableRepo.orders] Ensured table exists: split_verse_test_shard_2.orders_20250915
[2025-09-19 21:35:15.571] INFO  [MultiTableRepo.orders] Ensured table exists: split_verse_test_shard_2.orders_20250916
[2025-09-19 21:35:15.612] INFO  [MultiTableRepo.orders] Ensured table exists: split_verse_test_shard_2.orders_20250917
[2025-09-19 21:35:15.650] INFO  [MultiTableRepo.orders] Ensured table exists: split_verse_test_shard_2.orders_20250918
[2025-09-19 21:35:15.694] INFO  [MultiTableRepo.orders] Ensured table exists: split_verse_test_shard_2.orders_20250919
[2025-09-19 21:35:15.771] INFO  [MultiTableRepo.orders] Ensured table exists: split_verse_test_shard_2.orders_20250920
[2025-09-19 21:35:15.807] INFO  [MultiTableRepo.orders] Ensured table exists: split_verse_test_shard_2.orders_20250921
[2025-09-19 21:35:15.839] INFO  [MultiTableRepo.orders] Ensured table exists: split_verse_test_shard_2.orders_20250922
[2025-09-19 21:35:15.872] INFO  [MultiTableRepo.orders] Ensured table exists: split_verse_test_shard_2.orders_20250923
[2025-09-19 21:35:15.906] INFO  [MultiTableRepo.orders] Ensured table exists: split_verse_test_shard_2.orders_20250924
[2025-09-19 21:35:15.939] INFO  [MultiTableRepo.orders] Ensured table exists: split_verse_test_shard_2.orders_20250925
[2025-09-19 21:35:15.970] INFO  [MultiTableRepo.orders] Ensured table exists: split_verse_test_shard_2.orders_20250926
[2025-09-19 21:35:16.004] INFO  [MultiTableRepo.orders] Ensured table exists: split_verse_test_shard_2.orders_20250927
[2025-09-19 21:35:16.036] INFO  [MultiTableRepo.orders] Ensured table exists: split_verse_test_shard_2.orders_20250928
[2025-09-19 21:35:16.068] INFO  [MultiTableRepo.orders] Ensured table exists: split_verse_test_shard_2.orders_20250929
[2025-09-19 21:35:16.102] INFO  [MultiTableRepo.orders] Ensured table exists: split_verse_test_shard_2.orders_20250930
[2025-09-19 21:35:16.135] INFO  [MultiTableRepo.orders] Ensured table exists: split_verse_test_shard_2.orders_20251001
[2025-09-19 21:35:16.167] INFO  [MultiTableRepo.orders] Ensured table exists: split_verse_test_shard_2.orders_20251002
[2025-09-19 21:35:16.201] INFO  [MultiTableRepo.orders] Ensured table exists: split_verse_test_shard_2.orders_20251003
[2025-09-19 21:35:16.235] INFO  [MultiTableRepo.orders] Ensured table exists: split_verse_test_shard_2.orders_20251004
[2025-09-19 21:35:16.267] INFO  [MultiTableRepo.orders] Ensured table exists: split_verse_test_shard_2.orders_20251005
[2025-09-19 21:35:16.300] INFO  [MultiTableRepo.orders] Ensured table exists: split_verse_test_shard_2.orders_20251006
[2025-09-19 21:35:16.335] INFO  [MultiTableRepo.orders] Ensured table exists: split_verse_test_shard_2.orders_20251007
[2025-09-19 21:35:16.368] INFO  [MultiTableRepo.orders] Ensured table exists: split_verse_test_shard_2.orders_20251008
[2025-09-19 21:35:16.402] INFO  [MultiTableRepo.orders] Ensured table exists: split_verse_test_shard_2.orders_20251009
[2025-09-19 21:35:16.438] INFO  [MultiTableRepo.orders] Ensured table exists: split_verse_test_shard_2.orders_20251010
[2025-09-19 21:35:16.483] INFO  [MultiTableRepo.orders] Ensured table exists: split_verse_test_shard_2.orders_20251011
[2025-09-19 21:35:16.539] INFO  [MultiTableRepo.orders] Ensured table exists: split_verse_test_shard_2.orders_20251012
[2025-09-19 21:35:16.594] INFO  [MultiTableRepo.orders] Ensured table exists: split_verse_test_shard_2.orders_20251013
[2025-09-19 21:35:16.649] INFO  [MultiTableRepo.orders] Ensured table exists: split_verse_test_shard_2.orders_20251014
[2025-09-19 21:35:16.706] INFO  [MultiTableRepo.orders] Ensured table exists: split_verse_test_shard_2.orders_20251015
[2025-09-19 21:35:16.757] INFO  [MultiTableRepo.orders] Ensured table exists: split_verse_test_shard_2.orders_20251016
[2025-09-19 21:35:16.790] INFO  [MultiTableRepo.orders] Ensured table exists: split_verse_test_shard_2.orders_20251017
[2025-09-19 21:35:16.823] INFO  [MultiTableRepo.orders] Ensured table exists: split_verse_test_shard_2.orders_20251018
[2025-09-19 21:35:16.859] INFO  [MultiTableRepo.orders] Ensured table exists: split_verse_test_shard_2.orders_20251019
[2025-09-19 21:35:16.859] INFO  [MultiTableRepo.orders] Completed table initialization
[SplitVerse] Initialized shard: shard-2
[SplitVerse] Initialized with 3 active shard(s)
Created multi-shard repository with 3 shards
✓ Data distribution test passed. Distribution: {0=101, 1=96, 2=103}
]]></system-out>
    <system-err><![CDATA[Sep 19, 2025 9:35:10 PM com.telcobright.core.connection.ConnectionProvider <init>
INFO: ConnectionProvider initialized for: jdbc:mysql://127.0.0.1:3306/split_verse_test_shard_0?useSSL=false&serverTimezone=UTC&useLegacyDatetimeCode=false&preserveInstants=true
Sep 19, 2025 9:35:12 PM com.telcobright.core.connection.ConnectionProvider <init>
INFO: ConnectionProvider initialized for: jdbc:mysql://127.0.0.1:3306/split_verse_test_shard_1?useSSL=false&serverTimezone=UTC&useLegacyDatetimeCode=false&preserveInstants=true
Sep 19, 2025 9:35:14 PM com.telcobright.core.connection.ConnectionProvider <init>
INFO: ConnectionProvider initialized for: jdbc:mysql://127.0.0.1:3306/split_verse_test_shard_2?useSSL=false&serverTimezone=UTC&useLegacyDatetimeCode=false&preserveInstants=true
]]></system-err>
  </testcase>
  <testcase name="testConcurrentOperationsAcrossShards" classname="com.telcobright.splitverse.tests.MultiShardTest" time="16.588">
    <system-out><![CDATA[✓ Concurrent operations test passed with 500/500 successful operations
]]></system-out>
  </testcase>
  <testcase name="testCrossShardQueries" classname="com.telcobright.splitverse.tests.MultiShardTest" time="0.243">
    <system-out><![CDATA[✓ Cross-shard query test passed with 900 orders found
]]></system-out>
  </testcase>
  <testcase name="testShardFailoverBehavior" classname="com.telcobright.splitverse.tests.MultiShardTest" time="2.888">
    <system-out><![CDATA[✓ Shard failover test passed with 30/30 orders accessible
]]></system-out>
  </testcase>
  <testcase name="testBatchOperationsAcrossMultipleShards" classname="com.telcobright.splitverse.tests.MultiShardTest" time="0.085">
    <system-out><![CDATA[✓ Multi-shard batch test passed. Inserted 300 orders in 48ms
]]></system-out>
  </testcase>
  <testcase name="testPaginationAcrossShards" classname="com.telcobright.splitverse.tests.MultiShardTest" time="2.04">
    <failure message="Should retrieve at least 100 orders via pagination across shards ==&gt; expected: &lt;true&gt; but was: &lt;false&gt;" type="org.opentest4j.AssertionFailedError"><![CDATA[org.opentest4j.AssertionFailedError: Should retrieve at least 100 orders via pagination across shards ==> expected: <true> but was: <false>
	at org.junit.jupiter.api.AssertionFailureBuilder.build(AssertionFailureBuilder.java:151)
	at org.junit.jupiter.api.AssertionFailureBuilder.buildAndThrow(AssertionFailureBuilder.java:132)
	at org.junit.jupiter.api.AssertTrue.failNotTrue(AssertTrue.java:63)
	at org.junit.jupiter.api.AssertTrue.assertTrue(AssertTrue.java:36)
	at org.junit.jupiter.api.Assertions.assertTrue(Assertions.java:214)
	at com.telcobright.splitverse.tests.MultiShardTest.testPaginationAcrossShards(MultiShardTest.java:341)
	at java.base/java.lang.reflect.Method.invoke(Method.java:580)
	at java.base/java.util.ArrayList.forEach(ArrayList.java:1596)
	at java.base/java.util.ArrayList.forEach(ArrayList.java:1596)
]]></failure>
  </testcase>
</testsuite>