<?xml version="1.0" encoding="UTF-8"?>
<testsuite xmlns:xsi="http://www.w3.org/2001/XMLSchema-instance" xsi:noNamespaceSchemaLocation="https://maven.apache.org/surefire/maven-surefire-plugin/xsd/surefire-test-report.xsd" version="3.0.2" name="com.telcobright.splitverse.tests.ThreeShardNestedPartitioningTest" time="26.578" tests="5" errors="0" skipped="0" failures="1">
  <properties>
    <property name="java.specification.version" value="21"/>
    <property name="sun.jnu.encoding" value="UTF-8"/>
    <property name="java.class.path" value="/home/mustafa/telcobright-projects/routesphere/split-verse/target/test-classes:/home/mustafa/telcobright-projects/routesphere/split-verse/target/classes:/home/mustafa/.m2/repository/org/slf4j/slf4j-api/1.7.36/slf4j-api-1.7.36.jar:/home/mustafa/.m2/repository/com/mysql/mysql-connector-j/8.0.33/mysql-connector-j-8.0.33.jar:/home/mustafa/.m2/repository/com/fasterxml/jackson/core/jackson-databind/2.15.2/jackson-databind-2.15.2.jar:/home/mustafa/.m2/repository/com/fasterxml/jackson/core/jackson-annotations/2.19.2/jackson-annotations-2.19.2.jar:/home/mustafa/.m2/repository/com/fasterxml/jackson/core/jackson-core/2.19.2/jackson-core-2.19.2.jar:/home/mustafa/.m2/repository/com/fasterxml/jackson/datatype/jackson-datatype-jsr310/2.15.2/jackson-datatype-jsr310-2.15.2.jar:/home/mustafa/.m2/repository/org/junit/jupiter/junit-jupiter/5.9.2/junit-jupiter-5.9.2.jar:/home/mustafa/.m2/repository/org/junit/jupiter/junit-jupiter-api/5.13.4/junit-jupiter-api-5.13.4.jar:/home/mustafa/.m2/repository/org/opentest4j/opentest4j/1.3.0/opentest4j-1.3.0.jar:/home/mustafa/.m2/repository/org/junit/platform/junit-platform-commons/1.13.4/junit-platform-commons-1.13.4.jar:/home/mustafa/.m2/repository/org/junit/jupiter/junit-jupiter-engine/5.13.4/junit-jupiter-engine-5.13.4.jar:/home/mustafa/.m2/repository/org/junit/platform/junit-platform-engine/1.13.4/junit-platform-engine-1.13.4.jar:/home/mustafa/.m2/repository/org/junit/jupiter/junit-jupiter-params/5.9.2/junit-jupiter-params-5.9.2.jar:/home/mustafa/.m2/repository/org/apiguardian/apiguardian-api/1.1.2/apiguardian-api-1.1.2.jar:/home/mustafa/.m2/repository/org/mockito/mockito-core/5.1.1/mockito-core-5.1.1.jar:/home/mustafa/.m2/repository/net/bytebuddy/byte-buddy/1.17.6/byte-buddy-1.17.6.jar:/home/mustafa/.m2/repository/net/bytebuddy/byte-buddy-agent/1.12.22/byte-buddy-agent-1.12.22.jar:/home/mustafa/.m2/repository/org/objenesis/objenesis/3.3/objenesis-3.3.jar:/home/mustafa/.m2/repository/org/mockito/mockito-junit-jupiter/5.1.1/mockito-junit-jupiter-5.1.1.jar:/home/mustafa/.m2/repository/org/assertj/assertj-core/3.24.2/assertj-core-3.24.2.jar:/home/mustafa/.m2/repository/org/testcontainers/junit-jupiter/1.19.0/junit-jupiter-1.19.0.jar:/home/mustafa/.m2/repository/org/testcontainers/testcontainers/1.21.3/testcontainers-1.21.3.jar:/home/mustafa/.m2/repository/junit/junit/4.13.2/junit-4.13.2.jar:/home/mustafa/.m2/repository/org/apache/commons/commons-compress/1.28.0/commons-compress-1.28.0.jar:/home/mustafa/.m2/repository/commons-codec/commons-codec/1.19.0/commons-codec-1.19.0.jar:/home/mustafa/.m2/repository/commons-io/commons-io/2.20.0/commons-io-2.20.0.jar:/home/mustafa/.m2/repository/org/apache/commons/commons-lang3/3.18.0/commons-lang3-3.18.0.jar:/home/mustafa/.m2/repository/org/rnorth/duct-tape/duct-tape/1.0.8/duct-tape-1.0.8.jar:/home/mustafa/.m2/repository/org/jetbrains/annotations/26.0.2/annotations-26.0.2.jar:/home/mustafa/.m2/repository/com/github/docker-java/docker-java-api/3.4.2/docker-java-api-3.4.2.jar:/home/mustafa/.m2/repository/com/github/docker-java/docker-java-transport-zerodep/3.4.2/docker-java-transport-zerodep-3.4.2.jar:/home/mustafa/.m2/repository/com/github/docker-java/docker-java-transport/3.4.2/docker-java-transport-3.4.2.jar:/home/mustafa/.m2/repository/net/java/dev/jna/jna/5.8.0/jna-5.8.0.jar:/home/mustafa/.m2/repository/org/testcontainers/mysql/1.19.0/mysql-1.19.0.jar:/home/mustafa/.m2/repository/org/testcontainers/jdbc/1.21.3/jdbc-1.21.3.jar:/home/mustafa/.m2/repository/org/testcontainers/database-commons/1.21.3/database-commons-1.21.3.jar:/home/mustafa/.m2/repository/org/awaitility/awaitility/4.2.0/awaitility-4.2.0.jar:/home/mustafa/.m2/repository/org/hamcrest/hamcrest/2.2/hamcrest-2.2.jar:/home/mustafa/.m2/repository/org/slf4j/slf4j-simple/1.7.36/slf4j-simple-1.7.36.jar:"/>
    <property name="java.vm.vendor" value="Eclipse Adoptium"/>
    <property name="sun.arch.data.model" value="64"/>
    <property name="java.vendor.url" value="https://adoptium.net/"/>
    <property name="user.timezone" value="Asia/Dhaka"/>
    <property name="os.name" value="Linux"/>
    <property name="java.vm.specification.version" value="21"/>
    <property name="sun.java.launcher" value="SUN_STANDARD"/>
    <property name="user.country" value="US"/>
    <property name="sun.boot.library.path" value="/home/mustafa/.sdkman/candidates/java/21-tem/lib"/>
    <property name="sun.java.command" value="/home/mustafa/telcobright-projects/routesphere/split-verse/target/surefire/surefirebooter-20250919040003933_3.jar /home/mustafa/telcobright-projects/routesphere/split-verse/target/surefire 2025-09-19T04-00-03_863-jvmRun1 surefire-20250919040003933_1tmp surefire_0-20250919040003933_2tmp"/>
    <property name="jdk.debug" value="release"/>
    <property name="test" value="ThreeShardNestedPartitioningTest"/>
    <property name="surefire.test.class.path" value="/home/mustafa/telcobright-projects/routesphere/split-verse/target/test-classes:/home/mustafa/telcobright-projects/routesphere/split-verse/target/classes:/home/mustafa/.m2/repository/org/slf4j/slf4j-api/1.7.36/slf4j-api-1.7.36.jar:/home/mustafa/.m2/repository/com/mysql/mysql-connector-j/8.0.33/mysql-connector-j-8.0.33.jar:/home/mustafa/.m2/repository/com/fasterxml/jackson/core/jackson-databind/2.15.2/jackson-databind-2.15.2.jar:/home/mustafa/.m2/repository/com/fasterxml/jackson/core/jackson-annotations/2.19.2/jackson-annotations-2.19.2.jar:/home/mustafa/.m2/repository/com/fasterxml/jackson/core/jackson-core/2.19.2/jackson-core-2.19.2.jar:/home/mustafa/.m2/repository/com/fasterxml/jackson/datatype/jackson-datatype-jsr310/2.15.2/jackson-datatype-jsr310-2.15.2.jar:/home/mustafa/.m2/repository/org/junit/jupiter/junit-jupiter/5.9.2/junit-jupiter-5.9.2.jar:/home/mustafa/.m2/repository/org/junit/jupiter/junit-jupiter-api/5.13.4/junit-jupiter-api-5.13.4.jar:/home/mustafa/.m2/repository/org/opentest4j/opentest4j/1.3.0/opentest4j-1.3.0.jar:/home/mustafa/.m2/repository/org/junit/platform/junit-platform-commons/1.13.4/junit-platform-commons-1.13.4.jar:/home/mustafa/.m2/repository/org/junit/jupiter/junit-jupiter-engine/5.13.4/junit-jupiter-engine-5.13.4.jar:/home/mustafa/.m2/repository/org/junit/platform/junit-platform-engine/1.13.4/junit-platform-engine-1.13.4.jar:/home/mustafa/.m2/repository/org/junit/jupiter/junit-jupiter-params/5.9.2/junit-jupiter-params-5.9.2.jar:/home/mustafa/.m2/repository/org/apiguardian/apiguardian-api/1.1.2/apiguardian-api-1.1.2.jar:/home/mustafa/.m2/repository/org/mockito/mockito-core/5.1.1/mockito-core-5.1.1.jar:/home/mustafa/.m2/repository/net/bytebuddy/byte-buddy/1.17.6/byte-buddy-1.17.6.jar:/home/mustafa/.m2/repository/net/bytebuddy/byte-buddy-agent/1.12.22/byte-buddy-agent-1.12.22.jar:/home/mustafa/.m2/repository/org/objenesis/objenesis/3.3/objenesis-3.3.jar:/home/mustafa/.m2/repository/org/mockito/mockito-junit-jupiter/5.1.1/mockito-junit-jupiter-5.1.1.jar:/home/mustafa/.m2/repository/org/assertj/assertj-core/3.24.2/assertj-core-3.24.2.jar:/home/mustafa/.m2/repository/org/testcontainers/junit-jupiter/1.19.0/junit-jupiter-1.19.0.jar:/home/mustafa/.m2/repository/org/testcontainers/testcontainers/1.21.3/testcontainers-1.21.3.jar:/home/mustafa/.m2/repository/junit/junit/4.13.2/junit-4.13.2.jar:/home/mustafa/.m2/repository/org/apache/commons/commons-compress/1.28.0/commons-compress-1.28.0.jar:/home/mustafa/.m2/repository/commons-codec/commons-codec/1.19.0/commons-codec-1.19.0.jar:/home/mustafa/.m2/repository/commons-io/commons-io/2.20.0/commons-io-2.20.0.jar:/home/mustafa/.m2/repository/org/apache/commons/commons-lang3/3.18.0/commons-lang3-3.18.0.jar:/home/mustafa/.m2/repository/org/rnorth/duct-tape/duct-tape/1.0.8/duct-tape-1.0.8.jar:/home/mustafa/.m2/repository/org/jetbrains/annotations/26.0.2/annotations-26.0.2.jar:/home/mustafa/.m2/repository/com/github/docker-java/docker-java-api/3.4.2/docker-java-api-3.4.2.jar:/home/mustafa/.m2/repository/com/github/docker-java/docker-java-transport-zerodep/3.4.2/docker-java-transport-zerodep-3.4.2.jar:/home/mustafa/.m2/repository/com/github/docker-java/docker-java-transport/3.4.2/docker-java-transport-3.4.2.jar:/home/mustafa/.m2/repository/net/java/dev/jna/jna/5.8.0/jna-5.8.0.jar:/home/mustafa/.m2/repository/org/testcontainers/mysql/1.19.0/mysql-1.19.0.jar:/home/mustafa/.m2/repository/org/testcontainers/jdbc/1.21.3/jdbc-1.21.3.jar:/home/mustafa/.m2/repository/org/testcontainers/database-commons/1.21.3/database-commons-1.21.3.jar:/home/mustafa/.m2/repository/org/awaitility/awaitility/4.2.0/awaitility-4.2.0.jar:/home/mustafa/.m2/repository/org/hamcrest/hamcrest/2.2/hamcrest-2.2.jar:/home/mustafa/.m2/repository/org/slf4j/slf4j-simple/1.7.36/slf4j-simple-1.7.36.jar:"/>
    <property name="sun.cpu.endian" value="little"/>
    <property name="user.home" value="/home/mustafa"/>
    <property name="user.language" value="en"/>
    <property name="java.specification.vendor" value="Oracle Corporation"/>
    <property name="java.version.date" value="2023-09-19"/>
    <property name="java.home" value="/home/mustafa/.sdkman/candidates/java/21-tem"/>
    <property name="jacoco.skip" value="true"/>
    <property name="file.separator" value="/"/>
    <property name="basedir" value="/home/mustafa/telcobright-projects/routesphere/split-verse"/>
    <property name="java.vm.compressedOopsMode" value="Zero based"/>
    <property name="line.separator" value="&#10;"/>
    <property name="java.vm.specification.vendor" value="Oracle Corporation"/>
    <property name="java.specification.name" value="Java Platform API Specification"/>
    <property name="surefire.real.class.path" value="/home/mustafa/telcobright-projects/routesphere/split-verse/target/surefire/surefirebooter-20250919040003933_3.jar"/>
    <property name="sun.management.compiler" value="HotSpot 64-Bit Tiered Compilers"/>
    <property name="java.runtime.version" value="21+35-LTS"/>
    <property name="user.name" value="mustafa"/>
    <property name="stdout.encoding" value="UTF-8"/>
    <property name="path.separator" value=":"/>
    <property name="os.version" value="6.14.0-29-generic"/>
    <property name="java.runtime.name" value="OpenJDK Runtime Environment"/>
    <property name="file.encoding" value="UTF-8"/>
    <property name="java.vm.name" value="OpenJDK 64-Bit Server VM"/>
    <property name="java.vendor.version" value="Temurin-21+35"/>
    <property name="localRepository" value="/home/mustafa/.m2/repository"/>
    <property name="java.vendor.url.bug" value="https://github.com/adoptium/adoptium-support/issues"/>
    <property name="java.io.tmpdir" value="/tmp"/>
    <property name="java.version" value="21"/>
    <property name="user.dir" value="/home/mustafa/telcobright-projects/routesphere/split-verse"/>
    <property name="os.arch" value="amd64"/>
    <property name="java.vm.specification.name" value="Java Virtual Machine Specification"/>
    <property name="native.encoding" value="UTF-8"/>
    <property name="java.library.path" value="/usr/java/packages/lib:/usr/lib64:/lib64:/lib:/usr/lib"/>
    <property name="java.vm.info" value="mixed mode, sharing"/>
    <property name="stderr.encoding" value="UTF-8"/>
    <property name="java.vendor" value="Eclipse Adoptium"/>
    <property name="java.vm.version" value="21+35-LTS"/>
    <property name="sun.io.unicode.encoding" value="UnicodeLittle"/>
    <property name="java.class.version" value="65.0"/>
  </properties>
  <testcase name="testInsertAcross3ShardsWithNestedPartitions" classname="com.telcobright.splitverse.tests.ThreeShardNestedPartitioningTest" time="3.178">
    <system-out><![CDATA[
=== Setting up 3-Shard Nested Partitioning Test Environment ===
Created test database: shard_nested_test_0
Created shard database: shard_nested_test_0
Created test database: shard_nested_test_1
Created shard database: shard_nested_test_1
Created test database: shard_nested_test_2
Created shard database: shard_nested_test_2

Creating TIME-BASED nested partitioning repository...
[SplitVerse] Building repository with:
  Entity: Transaction
  Table: transactions_time
  Sharding Strategy: DUAL_KEY_HASH_RANGE
  Repository Mode: MULTI_TABLE
  Partition Column: created_at (LOCAL_DATE_TIME)
  Partition Range: DAILY
  Table Granularity: DAILY
  Retention Days: 7
  ID Size: 22 bytes
  Charset: utf8mb4, Collation: utf8mb4_bin
  Shards: 3
[2025-09-19 04:00:10.278] INFO  [MultiTableRepo.transactions_time] Initializing tables for retention period: 2025-09-12 to 2025-09-26 (15 days)
[2025-09-19 04:00:10.308] INFO  [MultiTableRepo.transactions_time] Ensured table exists: shard_nested_test_0.transactions_time_20250912
[2025-09-19 04:00:10.336] INFO  [MultiTableRepo.transactions_time] Ensured table exists: shard_nested_test_0.transactions_time_20250913
[2025-09-19 04:00:10.366] INFO  [MultiTableRepo.transactions_time] Ensured table exists: shard_nested_test_0.transactions_time_20250914
[2025-09-19 04:00:10.399] INFO  [MultiTableRepo.transactions_time] Ensured table exists: shard_nested_test_0.transactions_time_20250915
[2025-09-19 04:00:10.427] INFO  [MultiTableRepo.transactions_time] Ensured table exists: shard_nested_test_0.transactions_time_20250916
[2025-09-19 04:00:10.456] INFO  [MultiTableRepo.transactions_time] Ensured table exists: shard_nested_test_0.transactions_time_20250917
[2025-09-19 04:00:10.483] INFO  [MultiTableRepo.transactions_time] Ensured table exists: shard_nested_test_0.transactions_time_20250918
[2025-09-19 04:00:10.511] INFO  [MultiTableRepo.transactions_time] Ensured table exists: shard_nested_test_0.transactions_time_20250919
[2025-09-19 04:00:10.539] INFO  [MultiTableRepo.transactions_time] Ensured table exists: shard_nested_test_0.transactions_time_20250920
[2025-09-19 04:00:10.572] INFO  [MultiTableRepo.transactions_time] Ensured table exists: shard_nested_test_0.transactions_time_20250921
[2025-09-19 04:00:10.601] INFO  [MultiTableRepo.transactions_time] Ensured table exists: shard_nested_test_0.transactions_time_20250922
[2025-09-19 04:00:10.633] INFO  [MultiTableRepo.transactions_time] Ensured table exists: shard_nested_test_0.transactions_time_20250923
[2025-09-19 04:00:10.665] INFO  [MultiTableRepo.transactions_time] Ensured table exists: shard_nested_test_0.transactions_time_20250924
[2025-09-19 04:00:10.693] INFO  [MultiTableRepo.transactions_time] Ensured table exists: shard_nested_test_0.transactions_time_20250925
[2025-09-19 04:00:10.724] INFO  [MultiTableRepo.transactions_time] Ensured table exists: shard_nested_test_0.transactions_time_20250926
[2025-09-19 04:00:10.725] INFO  [MultiTableRepo.transactions_time] Completed table initialization for retention period
[SplitVerse] Initialized shard: shard-0
[2025-09-19 04:00:10.726] INFO  [MultiTableRepo.transactions_time] Initializing tables for retention period: 2025-09-12 to 2025-09-26 (15 days)
[2025-09-19 04:00:10.753] INFO  [MultiTableRepo.transactions_time] Ensured table exists: shard_nested_test_1.transactions_time_20250912
[2025-09-19 04:00:10.780] INFO  [MultiTableRepo.transactions_time] Ensured table exists: shard_nested_test_1.transactions_time_20250913
[2025-09-19 04:00:10.810] INFO  [MultiTableRepo.transactions_time] Ensured table exists: shard_nested_test_1.transactions_time_20250914
[2025-09-19 04:00:10.842] INFO  [MultiTableRepo.transactions_time] Ensured table exists: shard_nested_test_1.transactions_time_20250915
[2025-09-19 04:00:10.874] INFO  [MultiTableRepo.transactions_time] Ensured table exists: shard_nested_test_1.transactions_time_20250916
[2025-09-19 04:00:10.904] INFO  [MultiTableRepo.transactions_time] Ensured table exists: shard_nested_test_1.transactions_time_20250917
[2025-09-19 04:00:10.936] INFO  [MultiTableRepo.transactions_time] Ensured table exists: shard_nested_test_1.transactions_time_20250918
[2025-09-19 04:00:10.974] INFO  [MultiTableRepo.transactions_time] Ensured table exists: shard_nested_test_1.transactions_time_20250919
[2025-09-19 04:00:11.009] INFO  [MultiTableRepo.transactions_time] Ensured table exists: shard_nested_test_1.transactions_time_20250920
[2025-09-19 04:00:11.040] INFO  [MultiTableRepo.transactions_time] Ensured table exists: shard_nested_test_1.transactions_time_20250921
[2025-09-19 04:00:11.067] INFO  [MultiTableRepo.transactions_time] Ensured table exists: shard_nested_test_1.transactions_time_20250922
[2025-09-19 04:00:11.095] INFO  [MultiTableRepo.transactions_time] Ensured table exists: shard_nested_test_1.transactions_time_20250923
[2025-09-19 04:00:11.124] INFO  [MultiTableRepo.transactions_time] Ensured table exists: shard_nested_test_1.transactions_time_20250924
[2025-09-19 04:00:11.156] INFO  [MultiTableRepo.transactions_time] Ensured table exists: shard_nested_test_1.transactions_time_20250925
[2025-09-19 04:00:11.186] INFO  [MultiTableRepo.transactions_time] Ensured table exists: shard_nested_test_1.transactions_time_20250926
[2025-09-19 04:00:11.187] INFO  [MultiTableRepo.transactions_time] Completed table initialization for retention period
[SplitVerse] Initialized shard: shard-1
[2025-09-19 04:00:11.189] INFO  [MultiTableRepo.transactions_time] Initializing tables for retention period: 2025-09-12 to 2025-09-26 (15 days)
[2025-09-19 04:00:11.221] INFO  [MultiTableRepo.transactions_time] Ensured table exists: shard_nested_test_2.transactions_time_20250912
[2025-09-19 04:00:11.251] INFO  [MultiTableRepo.transactions_time] Ensured table exists: shard_nested_test_2.transactions_time_20250913
[2025-09-19 04:00:11.282] INFO  [MultiTableRepo.transactions_time] Ensured table exists: shard_nested_test_2.transactions_time_20250914
[2025-09-19 04:00:11.316] INFO  [MultiTableRepo.transactions_time] Ensured table exists: shard_nested_test_2.transactions_time_20250915
[2025-09-19 04:00:11.346] INFO  [MultiTableRepo.transactions_time] Ensured table exists: shard_nested_test_2.transactions_time_20250916
[2025-09-19 04:00:11.374] INFO  [MultiTableRepo.transactions_time] Ensured table exists: shard_nested_test_2.transactions_time_20250917
[2025-09-19 04:00:11.401] INFO  [MultiTableRepo.transactions_time] Ensured table exists: shard_nested_test_2.transactions_time_20250918
[2025-09-19 04:00:11.430] INFO  [MultiTableRepo.transactions_time] Ensured table exists: shard_nested_test_2.transactions_time_20250919
[2025-09-19 04:00:11.456] INFO  [MultiTableRepo.transactions_time] Ensured table exists: shard_nested_test_2.transactions_time_20250920
[2025-09-19 04:00:11.483] INFO  [MultiTableRepo.transactions_time] Ensured table exists: shard_nested_test_2.transactions_time_20250921
[2025-09-19 04:00:11.510] INFO  [MultiTableRepo.transactions_time] Ensured table exists: shard_nested_test_2.transactions_time_20250922
[2025-09-19 04:00:11.541] INFO  [MultiTableRepo.transactions_time] Ensured table exists: shard_nested_test_2.transactions_time_20250923
[2025-09-19 04:00:11.568] INFO  [MultiTableRepo.transactions_time] Ensured table exists: shard_nested_test_2.transactions_time_20250924
[2025-09-19 04:00:11.601] INFO  [MultiTableRepo.transactions_time] Ensured table exists: shard_nested_test_2.transactions_time_20250925
[2025-09-19 04:00:11.631] INFO  [MultiTableRepo.transactions_time] Ensured table exists: shard_nested_test_2.transactions_time_20250926
[2025-09-19 04:00:11.631] INFO  [MultiTableRepo.transactions_time] Completed table initialization for retention period
[SplitVerse] Initialized shard: shard-2
[SplitVerse] Initialized with 3 active shard(s)
Creating VALUE-BASED nested partitioning repository...
[SplitVerse] Building repository with:
  Entity: Transaction
  Table: transactions_value
  Sharding Strategy: DUAL_KEY_HASH_RANGE
  Repository Mode: MULTI_TABLE
  Partition Column: sequence_number (LONG)
  Partition Range: VALUE_RANGE_10K
  Table Granularity: DAILY
  Retention Days: 30
  ID Size: 22 bytes
  Charset: utf8mb4, Collation: utf8mb4_bin
  Shards: 3
[2025-09-19 04:00:11.633] INFO  [MultiTableRepo.transactions_value] Initializing tables for retention period: 2025-08-20 to 2025-10-19 (61 days)
[2025-09-19 04:00:11.665] INFO  [MultiTableRepo.transactions_value] Ensured table exists: shard_nested_test_0.transactions_value_20250820
[2025-09-19 04:00:11.692] INFO  [MultiTableRepo.transactions_value] Ensured table exists: shard_nested_test_0.transactions_value_20250821
[2025-09-19 04:00:11.718] INFO  [MultiTableRepo.transactions_value] Ensured table exists: shard_nested_test_0.transactions_value_20250822
[2025-09-19 04:00:11.745] INFO  [MultiTableRepo.transactions_value] Ensured table exists: shard_nested_test_0.transactions_value_20250823
[2025-09-19 04:00:11.770] INFO  [MultiTableRepo.transactions_value] Ensured table exists: shard_nested_test_0.transactions_value_20250824
[2025-09-19 04:00:11.797] INFO  [MultiTableRepo.transactions_value] Ensured table exists: shard_nested_test_0.transactions_value_20250825
[2025-09-19 04:00:11.822] INFO  [MultiTableRepo.transactions_value] Ensured table exists: shard_nested_test_0.transactions_value_20250826
[2025-09-19 04:00:11.851] INFO  [MultiTableRepo.transactions_value] Ensured table exists: shard_nested_test_0.transactions_value_20250827
[2025-09-19 04:00:11.877] INFO  [MultiTableRepo.transactions_value] Ensured table exists: shard_nested_test_0.transactions_value_20250828
[2025-09-19 04:00:11.904] INFO  [MultiTableRepo.transactions_value] Ensured table exists: shard_nested_test_0.transactions_value_20250829
[2025-09-19 04:00:11.932] INFO  [MultiTableRepo.transactions_value] Ensured table exists: shard_nested_test_0.transactions_value_20250830
[2025-09-19 04:00:11.964] INFO  [MultiTableRepo.transactions_value] Ensured table exists: shard_nested_test_0.transactions_value_20250831
[2025-09-19 04:00:11.993] INFO  [MultiTableRepo.transactions_value] Ensured table exists: shard_nested_test_0.transactions_value_20250901
[2025-09-19 04:00:12.030] INFO  [MultiTableRepo.transactions_value] Ensured table exists: shard_nested_test_0.transactions_value_20250902
[2025-09-19 04:00:12.060] INFO  [MultiTableRepo.transactions_value] Ensured table exists: shard_nested_test_0.transactions_value_20250903
[2025-09-19 04:00:12.091] INFO  [MultiTableRepo.transactions_value] Ensured table exists: shard_nested_test_0.transactions_value_20250904
[2025-09-19 04:00:12.122] INFO  [MultiTableRepo.transactions_value] Ensured table exists: shard_nested_test_0.transactions_value_20250905
[2025-09-19 04:00:12.153] INFO  [MultiTableRepo.transactions_value] Ensured table exists: shard_nested_test_0.transactions_value_20250906
[2025-09-19 04:00:12.180] INFO  [MultiTableRepo.transactions_value] Ensured table exists: shard_nested_test_0.transactions_value_20250907
[2025-09-19 04:00:12.212] INFO  [MultiTableRepo.transactions_value] Ensured table exists: shard_nested_test_0.transactions_value_20250908
[2025-09-19 04:00:12.243] INFO  [MultiTableRepo.transactions_value] Ensured table exists: shard_nested_test_0.transactions_value_20250909
[2025-09-19 04:00:12.271] INFO  [MultiTableRepo.transactions_value] Ensured table exists: shard_nested_test_0.transactions_value_20250910
[2025-09-19 04:00:12.300] INFO  [MultiTableRepo.transactions_value] Ensured table exists: shard_nested_test_0.transactions_value_20250911
[2025-09-19 04:00:12.332] INFO  [MultiTableRepo.transactions_value] Ensured table exists: shard_nested_test_0.transactions_value_20250912
[2025-09-19 04:00:12.362] INFO  [MultiTableRepo.transactions_value] Ensured table exists: shard_nested_test_0.transactions_value_20250913
[2025-09-19 04:00:12.393] INFO  [MultiTableRepo.transactions_value] Ensured table exists: shard_nested_test_0.transactions_value_20250914
[2025-09-19 04:00:12.419] INFO  [MultiTableRepo.transactions_value] Ensured table exists: shard_nested_test_0.transactions_value_20250915
[2025-09-19 04:00:12.450] INFO  [MultiTableRepo.transactions_value] Ensured table exists: shard_nested_test_0.transactions_value_20250916
[2025-09-19 04:00:12.478] INFO  [MultiTableRepo.transactions_value] Ensured table exists: shard_nested_test_0.transactions_value_20250917
[2025-09-19 04:00:12.506] INFO  [MultiTableRepo.transactions_value] Ensured table exists: shard_nested_test_0.transactions_value_20250918
[2025-09-19 04:00:12.533] INFO  [MultiTableRepo.transactions_value] Ensured table exists: shard_nested_test_0.transactions_value_20250919
[2025-09-19 04:00:12.559] INFO  [MultiTableRepo.transactions_value] Ensured table exists: shard_nested_test_0.transactions_value_20250920
[2025-09-19 04:00:12.586] INFO  [MultiTableRepo.transactions_value] Ensured table exists: shard_nested_test_0.transactions_value_20250921
[2025-09-19 04:00:12.613] INFO  [MultiTableRepo.transactions_value] Ensured table exists: shard_nested_test_0.transactions_value_20250922
[2025-09-19 04:00:12.640] INFO  [MultiTableRepo.transactions_value] Ensured table exists: shard_nested_test_0.transactions_value_20250923
[2025-09-19 04:00:12.666] INFO  [MultiTableRepo.transactions_value] Ensured table exists: shard_nested_test_0.transactions_value_20250924
[2025-09-19 04:00:12.692] INFO  [MultiTableRepo.transactions_value] Ensured table exists: shard_nested_test_0.transactions_value_20250925
[2025-09-19 04:00:12.719] INFO  [MultiTableRepo.transactions_value] Ensured table exists: shard_nested_test_0.transactions_value_20250926
[2025-09-19 04:00:12.746] INFO  [MultiTableRepo.transactions_value] Ensured table exists: shard_nested_test_0.transactions_value_20250927
[2025-09-19 04:00:12.773] INFO  [MultiTableRepo.transactions_value] Ensured table exists: shard_nested_test_0.transactions_value_20250928
[2025-09-19 04:00:12.800] INFO  [MultiTableRepo.transactions_value] Ensured table exists: shard_nested_test_0.transactions_value_20250929
[2025-09-19 04:00:12.831] INFO  [MultiTableRepo.transactions_value] Ensured table exists: shard_nested_test_0.transactions_value_20250930
[2025-09-19 04:00:12.862] INFO  [MultiTableRepo.transactions_value] Ensured table exists: shard_nested_test_0.transactions_value_20251001
[2025-09-19 04:00:12.890] INFO  [MultiTableRepo.transactions_value] Ensured table exists: shard_nested_test_0.transactions_value_20251002
[2025-09-19 04:00:12.921] INFO  [MultiTableRepo.transactions_value] Ensured table exists: shard_nested_test_0.transactions_value_20251003
[2025-09-19 04:00:12.959] INFO  [MultiTableRepo.transactions_value] Ensured table exists: shard_nested_test_0.transactions_value_20251004
[2025-09-19 04:00:12.987] INFO  [MultiTableRepo.transactions_value] Ensured table exists: shard_nested_test_0.transactions_value_20251005
[2025-09-19 04:00:13.014] INFO  [MultiTableRepo.transactions_value] Ensured table exists: shard_nested_test_0.transactions_value_20251006
[2025-09-19 04:00:13.044] INFO  [MultiTableRepo.transactions_value] Ensured table exists: shard_nested_test_0.transactions_value_20251007
[2025-09-19 04:00:13.071] INFO  [MultiTableRepo.transactions_value] Ensured table exists: shard_nested_test_0.transactions_value_20251008
[2025-09-19 04:00:13.099] INFO  [MultiTableRepo.transactions_value] Ensured table exists: shard_nested_test_0.transactions_value_20251009
[2025-09-19 04:00:13.127] INFO  [MultiTableRepo.transactions_value] Ensured table exists: shard_nested_test_0.transactions_value_20251010
[2025-09-19 04:00:13.157] INFO  [MultiTableRepo.transactions_value] Ensured table exists: shard_nested_test_0.transactions_value_20251011
[2025-09-19 04:00:13.183] INFO  [MultiTableRepo.transactions_value] Ensured table exists: shard_nested_test_0.transactions_value_20251012
[2025-09-19 04:00:13.214] INFO  [MultiTableRepo.transactions_value] Ensured table exists: shard_nested_test_0.transactions_value_20251013
[2025-09-19 04:00:13.241] INFO  [MultiTableRepo.transactions_value] Ensured table exists: shard_nested_test_0.transactions_value_20251014
[2025-09-19 04:00:13.267] INFO  [MultiTableRepo.transactions_value] Ensured table exists: shard_nested_test_0.transactions_value_20251015
[2025-09-19 04:00:13.294] INFO  [MultiTableRepo.transactions_value] Ensured table exists: shard_nested_test_0.transactions_value_20251016
[2025-09-19 04:00:13.324] INFO  [MultiTableRepo.transactions_value] Ensured table exists: shard_nested_test_0.transactions_value_20251017
[2025-09-19 04:00:13.351] INFO  [MultiTableRepo.transactions_value] Ensured table exists: shard_nested_test_0.transactions_value_20251018
[2025-09-19 04:00:13.378] INFO  [MultiTableRepo.transactions_value] Ensured table exists: shard_nested_test_0.transactions_value_20251019
[2025-09-19 04:00:13.379] INFO  [MultiTableRepo.transactions_value] Completed table initialization for retention period
[SplitVerse] Initialized shard: shard-0
[2025-09-19 04:00:13.379] INFO  [MultiTableRepo.transactions_value] Initializing tables for retention period: 2025-08-20 to 2025-10-19 (61 days)
[2025-09-19 04:00:13.405] INFO  [MultiTableRepo.transactions_value] Ensured table exists: shard_nested_test_1.transactions_value_20250820
[2025-09-19 04:00:13.438] INFO  [MultiTableRepo.transactions_value] Ensured table exists: shard_nested_test_1.transactions_value_20250821
[2025-09-19 04:00:13.467] INFO  [MultiTableRepo.transactions_value] Ensured table exists: shard_nested_test_1.transactions_value_20250822
[2025-09-19 04:00:13.496] INFO  [MultiTableRepo.transactions_value] Ensured table exists: shard_nested_test_1.transactions_value_20250823
[2025-09-19 04:00:13.522] INFO  [MultiTableRepo.transactions_value] Ensured table exists: shard_nested_test_1.transactions_value_20250824
[2025-09-19 04:00:13.553] INFO  [MultiTableRepo.transactions_value] Ensured table exists: shard_nested_test_1.transactions_value_20250825
[2025-09-19 04:00:13.582] INFO  [MultiTableRepo.transactions_value] Ensured table exists: shard_nested_test_1.transactions_value_20250826
[2025-09-19 04:00:13.609] INFO  [MultiTableRepo.transactions_value] Ensured table exists: shard_nested_test_1.transactions_value_20250827
[2025-09-19 04:00:13.635] INFO  [MultiTableRepo.transactions_value] Ensured table exists: shard_nested_test_1.transactions_value_20250828
[2025-09-19 04:00:13.662] INFO  [MultiTableRepo.transactions_value] Ensured table exists: shard_nested_test_1.transactions_value_20250829
[2025-09-19 04:00:13.691] INFO  [MultiTableRepo.transactions_value] Ensured table exists: shard_nested_test_1.transactions_value_20250830
[2025-09-19 04:00:13.718] INFO  [MultiTableRepo.transactions_value] Ensured table exists: shard_nested_test_1.transactions_value_20250831
[2025-09-19 04:00:13.745] INFO  [MultiTableRepo.transactions_value] Ensured table exists: shard_nested_test_1.transactions_value_20250901
[2025-09-19 04:00:13.772] INFO  [MultiTableRepo.transactions_value] Ensured table exists: shard_nested_test_1.transactions_value_20250902
[2025-09-19 04:00:13.798] INFO  [MultiTableRepo.transactions_value] Ensured table exists: shard_nested_test_1.transactions_value_20250903
[2025-09-19 04:00:13.824] INFO  [MultiTableRepo.transactions_value] Ensured table exists: shard_nested_test_1.transactions_value_20250904
[2025-09-19 04:00:13.853] INFO  [MultiTableRepo.transactions_value] Ensured table exists: shard_nested_test_1.transactions_value_20250905
[2025-09-19 04:00:13.881] INFO  [MultiTableRepo.transactions_value] Ensured table exists: shard_nested_test_1.transactions_value_20250906
[2025-09-19 04:00:13.908] INFO  [MultiTableRepo.transactions_value] Ensured table exists: shard_nested_test_1.transactions_value_20250907
[2025-09-19 04:00:13.933] INFO  [MultiTableRepo.transactions_value] Ensured table exists: shard_nested_test_1.transactions_value_20250908
[2025-09-19 04:00:13.966] INFO  [MultiTableRepo.transactions_value] Ensured table exists: shard_nested_test_1.transactions_value_20250909
[2025-09-19 04:00:13.993] INFO  [MultiTableRepo.transactions_value] Ensured table exists: shard_nested_test_1.transactions_value_20250910
[2025-09-19 04:00:14.018] INFO  [MultiTableRepo.transactions_value] Ensured table exists: shard_nested_test_1.transactions_value_20250911
[2025-09-19 04:00:14.046] INFO  [MultiTableRepo.transactions_value] Ensured table exists: shard_nested_test_1.transactions_value_20250912
[2025-09-19 04:00:14.072] INFO  [MultiTableRepo.transactions_value] Ensured table exists: shard_nested_test_1.transactions_value_20250913
[2025-09-19 04:00:14.098] INFO  [MultiTableRepo.transactions_value] Ensured table exists: shard_nested_test_1.transactions_value_20250914
[2025-09-19 04:00:14.129] INFO  [MultiTableRepo.transactions_value] Ensured table exists: shard_nested_test_1.transactions_value_20250915
[2025-09-19 04:00:14.155] INFO  [MultiTableRepo.transactions_value] Ensured table exists: shard_nested_test_1.transactions_value_20250916
[2025-09-19 04:00:14.185] INFO  [MultiTableRepo.transactions_value] Ensured table exists: shard_nested_test_1.transactions_value_20250917
[2025-09-19 04:00:14.214] INFO  [MultiTableRepo.transactions_value] Ensured table exists: shard_nested_test_1.transactions_value_20250918
[2025-09-19 04:00:14.242] INFO  [MultiTableRepo.transactions_value] Ensured table exists: shard_nested_test_1.transactions_value_20250919
[2025-09-19 04:00:14.272] INFO  [MultiTableRepo.transactions_value] Ensured table exists: shard_nested_test_1.transactions_value_20250920
[2025-09-19 04:00:14.304] INFO  [MultiTableRepo.transactions_value] Ensured table exists: shard_nested_test_1.transactions_value_20250921
[2025-09-19 04:00:14.334] INFO  [MultiTableRepo.transactions_value] Ensured table exists: shard_nested_test_1.transactions_value_20250922
[2025-09-19 04:00:14.364] INFO  [MultiTableRepo.transactions_value] Ensured table exists: shard_nested_test_1.transactions_value_20250923
[2025-09-19 04:00:14.391] INFO  [MultiTableRepo.transactions_value] Ensured table exists: shard_nested_test_1.transactions_value_20250924
[2025-09-19 04:00:14.421] INFO  [MultiTableRepo.transactions_value] Ensured table exists: shard_nested_test_1.transactions_value_20250925
[2025-09-19 04:00:14.451] INFO  [MultiTableRepo.transactions_value] Ensured table exists: shard_nested_test_1.transactions_value_20250926
[2025-09-19 04:00:14.477] INFO  [MultiTableRepo.transactions_value] Ensured table exists: shard_nested_test_1.transactions_value_20250927
[2025-09-19 04:00:14.505] INFO  [MultiTableRepo.transactions_value] Ensured table exists: shard_nested_test_1.transactions_value_20250928
[2025-09-19 04:00:14.536] INFO  [MultiTableRepo.transactions_value] Ensured table exists: shard_nested_test_1.transactions_value_20250929
[2025-09-19 04:00:14.566] INFO  [MultiTableRepo.transactions_value] Ensured table exists: shard_nested_test_1.transactions_value_20250930
[2025-09-19 04:00:14.598] INFO  [MultiTableRepo.transactions_value] Ensured table exists: shard_nested_test_1.transactions_value_20251001
[2025-09-19 04:00:14.624] INFO  [MultiTableRepo.transactions_value] Ensured table exists: shard_nested_test_1.transactions_value_20251002
[2025-09-19 04:00:14.650] INFO  [MultiTableRepo.transactions_value] Ensured table exists: shard_nested_test_1.transactions_value_20251003
[2025-09-19 04:00:14.678] INFO  [MultiTableRepo.transactions_value] Ensured table exists: shard_nested_test_1.transactions_value_20251004
[2025-09-19 04:00:14.706] INFO  [MultiTableRepo.transactions_value] Ensured table exists: shard_nested_test_1.transactions_value_20251005
[2025-09-19 04:00:14.750] INFO  [MultiTableRepo.transactions_value] Ensured table exists: shard_nested_test_1.transactions_value_20251006
[2025-09-19 04:00:14.790] INFO  [MultiTableRepo.transactions_value] Ensured table exists: shard_nested_test_1.transactions_value_20251007
[2025-09-19 04:00:14.821] INFO  [MultiTableRepo.transactions_value] Ensured table exists: shard_nested_test_1.transactions_value_20251008
[2025-09-19 04:00:14.850] INFO  [MultiTableRepo.transactions_value] Ensured table exists: shard_nested_test_1.transactions_value_20251009
[2025-09-19 04:00:14.879] INFO  [MultiTableRepo.transactions_value] Ensured table exists: shard_nested_test_1.transactions_value_20251010
[2025-09-19 04:00:14.907] INFO  [MultiTableRepo.transactions_value] Ensured table exists: shard_nested_test_1.transactions_value_20251011
[2025-09-19 04:00:14.941] INFO  [MultiTableRepo.transactions_value] Ensured table exists: shard_nested_test_1.transactions_value_20251012
[2025-09-19 04:00:14.987] INFO  [MultiTableRepo.transactions_value] Ensured table exists: shard_nested_test_1.transactions_value_20251013
[2025-09-19 04:00:15.022] INFO  [MultiTableRepo.transactions_value] Ensured table exists: shard_nested_test_1.transactions_value_20251014
[2025-09-19 04:00:15.054] INFO  [MultiTableRepo.transactions_value] Ensured table exists: shard_nested_test_1.transactions_value_20251015
[2025-09-19 04:00:15.084] INFO  [MultiTableRepo.transactions_value] Ensured table exists: shard_nested_test_1.transactions_value_20251016
[2025-09-19 04:00:15.113] INFO  [MultiTableRepo.transactions_value] Ensured table exists: shard_nested_test_1.transactions_value_20251017
[2025-09-19 04:00:15.144] INFO  [MultiTableRepo.transactions_value] Ensured table exists: shard_nested_test_1.transactions_value_20251018
[2025-09-19 04:00:15.174] INFO  [MultiTableRepo.transactions_value] Ensured table exists: shard_nested_test_1.transactions_value_20251019
[2025-09-19 04:00:15.174] INFO  [MultiTableRepo.transactions_value] Completed table initialization for retention period
[SplitVerse] Initialized shard: shard-1
[2025-09-19 04:00:15.176] INFO  [MultiTableRepo.transactions_value] Initializing tables for retention period: 2025-08-20 to 2025-10-19 (61 days)
[2025-09-19 04:00:15.206] INFO  [MultiTableRepo.transactions_value] Ensured table exists: shard_nested_test_2.transactions_value_20250820
[2025-09-19 04:00:15.237] INFO  [MultiTableRepo.transactions_value] Ensured table exists: shard_nested_test_2.transactions_value_20250821
[2025-09-19 04:00:15.265] INFO  [MultiTableRepo.transactions_value] Ensured table exists: shard_nested_test_2.transactions_value_20250822
[2025-09-19 04:00:15.296] INFO  [MultiTableRepo.transactions_value] Ensured table exists: shard_nested_test_2.transactions_value_20250823
[2025-09-19 04:00:15.326] INFO  [MultiTableRepo.transactions_value] Ensured table exists: shard_nested_test_2.transactions_value_20250824
[2025-09-19 04:00:15.378] INFO  [MultiTableRepo.transactions_value] Ensured table exists: shard_nested_test_2.transactions_value_20250825
[2025-09-19 04:00:15.408] INFO  [MultiTableRepo.transactions_value] Ensured table exists: shard_nested_test_2.transactions_value_20250826
[2025-09-19 04:00:15.460] INFO  [MultiTableRepo.transactions_value] Ensured table exists: shard_nested_test_2.transactions_value_20250827
[2025-09-19 04:00:15.490] INFO  [MultiTableRepo.transactions_value] Ensured table exists: shard_nested_test_2.transactions_value_20250828
[2025-09-19 04:00:15.519] INFO  [MultiTableRepo.transactions_value] Ensured table exists: shard_nested_test_2.transactions_value_20250829
[2025-09-19 04:00:15.550] INFO  [MultiTableRepo.transactions_value] Ensured table exists: shard_nested_test_2.transactions_value_20250830
[2025-09-19 04:00:15.580] INFO  [MultiTableRepo.transactions_value] Ensured table exists: shard_nested_test_2.transactions_value_20250831
[2025-09-19 04:00:15.610] INFO  [MultiTableRepo.transactions_value] Ensured table exists: shard_nested_test_2.transactions_value_20250901
[2025-09-19 04:00:15.641] INFO  [MultiTableRepo.transactions_value] Ensured table exists: shard_nested_test_2.transactions_value_20250902
[2025-09-19 04:00:15.668] INFO  [MultiTableRepo.transactions_value] Ensured table exists: shard_nested_test_2.transactions_value_20250903
[2025-09-19 04:00:15.694] INFO  [MultiTableRepo.transactions_value] Ensured table exists: shard_nested_test_2.transactions_value_20250904
[2025-09-19 04:00:15.727] INFO  [MultiTableRepo.transactions_value] Ensured table exists: shard_nested_test_2.transactions_value_20250905
[2025-09-19 04:00:15.755] INFO  [MultiTableRepo.transactions_value] Ensured table exists: shard_nested_test_2.transactions_value_20250906
[2025-09-19 04:00:15.785] INFO  [MultiTableRepo.transactions_value] Ensured table exists: shard_nested_test_2.transactions_value_20250907
[2025-09-19 04:00:15.816] INFO  [MultiTableRepo.transactions_value] Ensured table exists: shard_nested_test_2.transactions_value_20250908
[2025-09-19 04:00:15.843] INFO  [MultiTableRepo.transactions_value] Ensured table exists: shard_nested_test_2.transactions_value_20250909
[2025-09-19 04:00:15.872] INFO  [MultiTableRepo.transactions_value] Ensured table exists: shard_nested_test_2.transactions_value_20250910
[2025-09-19 04:00:15.898] INFO  [MultiTableRepo.transactions_value] Ensured table exists: shard_nested_test_2.transactions_value_20250911
[2025-09-19 04:00:15.923] INFO  [MultiTableRepo.transactions_value] Ensured table exists: shard_nested_test_2.transactions_value_20250912
[2025-09-19 04:00:15.955] INFO  [MultiTableRepo.transactions_value] Ensured table exists: shard_nested_test_2.transactions_value_20250913
[2025-09-19 04:00:15.982] INFO  [MultiTableRepo.transactions_value] Ensured table exists: shard_nested_test_2.transactions_value_20250914
[2025-09-19 04:00:16.011] INFO  [MultiTableRepo.transactions_value] Ensured table exists: shard_nested_test_2.transactions_value_20250915
[2025-09-19 04:00:16.042] INFO  [MultiTableRepo.transactions_value] Ensured table exists: shard_nested_test_2.transactions_value_20250916
[2025-09-19 04:00:16.072] INFO  [MultiTableRepo.transactions_value] Ensured table exists: shard_nested_test_2.transactions_value_20250917
[2025-09-19 04:00:16.102] INFO  [MultiTableRepo.transactions_value] Ensured table exists: shard_nested_test_2.transactions_value_20250918
[2025-09-19 04:00:16.132] INFO  [MultiTableRepo.transactions_value] Ensured table exists: shard_nested_test_2.transactions_value_20250919
[2025-09-19 04:00:16.160] INFO  [MultiTableRepo.transactions_value] Ensured table exists: shard_nested_test_2.transactions_value_20250920
[2025-09-19 04:00:16.186] INFO  [MultiTableRepo.transactions_value] Ensured table exists: shard_nested_test_2.transactions_value_20250921
[2025-09-19 04:00:16.214] INFO  [MultiTableRepo.transactions_value] Ensured table exists: shard_nested_test_2.transactions_value_20250922
[2025-09-19 04:00:16.240] INFO  [MultiTableRepo.transactions_value] Ensured table exists: shard_nested_test_2.transactions_value_20250923
[2025-09-19 04:00:16.266] INFO  [MultiTableRepo.transactions_value] Ensured table exists: shard_nested_test_2.transactions_value_20250924
[2025-09-19 04:00:16.293] INFO  [MultiTableRepo.transactions_value] Ensured table exists: shard_nested_test_2.transactions_value_20250925
[2025-09-19 04:00:16.319] INFO  [MultiTableRepo.transactions_value] Ensured table exists: shard_nested_test_2.transactions_value_20250926
[2025-09-19 04:00:16.344] INFO  [MultiTableRepo.transactions_value] Ensured table exists: shard_nested_test_2.transactions_value_20250927
[2025-09-19 04:00:16.373] INFO  [MultiTableRepo.transactions_value] Ensured table exists: shard_nested_test_2.transactions_value_20250928
[2025-09-19 04:00:16.402] INFO  [MultiTableRepo.transactions_value] Ensured table exists: shard_nested_test_2.transactions_value_20250929
[2025-09-19 04:00:16.432] INFO  [MultiTableRepo.transactions_value] Ensured table exists: shard_nested_test_2.transactions_value_20250930
[2025-09-19 04:00:16.466] INFO  [MultiTableRepo.transactions_value] Ensured table exists: shard_nested_test_2.transactions_value_20251001
[2025-09-19 04:00:16.495] INFO  [MultiTableRepo.transactions_value] Ensured table exists: shard_nested_test_2.transactions_value_20251002
[2025-09-19 04:00:16.522] INFO  [MultiTableRepo.transactions_value] Ensured table exists: shard_nested_test_2.transactions_value_20251003
[2025-09-19 04:00:16.547] INFO  [MultiTableRepo.transactions_value] Ensured table exists: shard_nested_test_2.transactions_value_20251004
[2025-09-19 04:00:16.579] INFO  [MultiTableRepo.transactions_value] Ensured table exists: shard_nested_test_2.transactions_value_20251005
[2025-09-19 04:00:16.611] INFO  [MultiTableRepo.transactions_value] Ensured table exists: shard_nested_test_2.transactions_value_20251006
[2025-09-19 04:00:16.641] INFO  [MultiTableRepo.transactions_value] Ensured table exists: shard_nested_test_2.transactions_value_20251007
[2025-09-19 04:00:16.669] INFO  [MultiTableRepo.transactions_value] Ensured table exists: shard_nested_test_2.transactions_value_20251008
[2025-09-19 04:00:16.695] INFO  [MultiTableRepo.transactions_value] Ensured table exists: shard_nested_test_2.transactions_value_20251009
[2025-09-19 04:00:16.723] INFO  [MultiTableRepo.transactions_value] Ensured table exists: shard_nested_test_2.transactions_value_20251010
[2025-09-19 04:00:16.749] INFO  [MultiTableRepo.transactions_value] Ensured table exists: shard_nested_test_2.transactions_value_20251011
[2025-09-19 04:00:16.778] INFO  [MultiTableRepo.transactions_value] Ensured table exists: shard_nested_test_2.transactions_value_20251012
[2025-09-19 04:00:16.807] INFO  [MultiTableRepo.transactions_value] Ensured table exists: shard_nested_test_2.transactions_value_20251013
[2025-09-19 04:00:16.837] INFO  [MultiTableRepo.transactions_value] Ensured table exists: shard_nested_test_2.transactions_value_20251014
[2025-09-19 04:00:16.867] INFO  [MultiTableRepo.transactions_value] Ensured table exists: shard_nested_test_2.transactions_value_20251015
[2025-09-19 04:00:16.899] INFO  [MultiTableRepo.transactions_value] Ensured table exists: shard_nested_test_2.transactions_value_20251016
[2025-09-19 04:00:16.931] INFO  [MultiTableRepo.transactions_value] Ensured table exists: shard_nested_test_2.transactions_value_20251017
[2025-09-19 04:00:16.964] INFO  [MultiTableRepo.transactions_value] Ensured table exists: shard_nested_test_2.transactions_value_20251018
[2025-09-19 04:00:16.993] INFO  [MultiTableRepo.transactions_value] Ensured table exists: shard_nested_test_2.transactions_value_20251019
[2025-09-19 04:00:16.994] INFO  [MultiTableRepo.transactions_value] Completed table initialization for retention period
[SplitVerse] Initialized shard: shard-2
[SplitVerse] Initialized with 3 active shard(s)
Creating HASH-BASED nested partitioning repository...
[SplitVerse] Building repository with:
  Entity: Transaction
  Table: transactions_hash
  Sharding Strategy: DUAL_KEY_HASH_HASH
  Repository Mode: MULTI_TABLE
  Partition Column: account_id (STRING)
  Partition Range: HASH_16
  Table Granularity: DAILY
  Retention Days: 30
  ID Size: 22 bytes
  Charset: utf8mb4, Collation: utf8mb4_bin
  Shards: 3
[2025-09-19 04:00:16.996] INFO  [MultiTableRepo.transactions_hash] Initializing tables for retention period: 2025-08-20 to 2025-10-19 (61 days)
[2025-09-19 04:00:17.027] INFO  [MultiTableRepo.transactions_hash] Ensured table exists: shard_nested_test_0.transactions_hash_20250820
[2025-09-19 04:00:17.073] INFO  [MultiTableRepo.transactions_hash] Ensured table exists: shard_nested_test_0.transactions_hash_20250821
[2025-09-19 04:00:17.131] INFO  [MultiTableRepo.transactions_hash] Ensured table exists: shard_nested_test_0.transactions_hash_20250822
[2025-09-19 04:00:17.183] INFO  [MultiTableRepo.transactions_hash] Ensured table exists: shard_nested_test_0.transactions_hash_20250823
[2025-09-19 04:00:17.234] INFO  [MultiTableRepo.transactions_hash] Ensured table exists: shard_nested_test_0.transactions_hash_20250824
[2025-09-19 04:00:17.268] INFO  [MultiTableRepo.transactions_hash] Ensured table exists: shard_nested_test_0.transactions_hash_20250825
[2025-09-19 04:00:17.296] INFO  [MultiTableRepo.transactions_hash] Ensured table exists: shard_nested_test_0.transactions_hash_20250826
[2025-09-19 04:00:17.328] INFO  [MultiTableRepo.transactions_hash] Ensured table exists: shard_nested_test_0.transactions_hash_20250827
[2025-09-19 04:00:17.359] INFO  [MultiTableRepo.transactions_hash] Ensured table exists: shard_nested_test_0.transactions_hash_20250828
[2025-09-19 04:00:17.389] INFO  [MultiTableRepo.transactions_hash] Ensured table exists: shard_nested_test_0.transactions_hash_20250829
[2025-09-19 04:00:17.420] INFO  [MultiTableRepo.transactions_hash] Ensured table exists: shard_nested_test_0.transactions_hash_20250830
[2025-09-19 04:00:17.449] INFO  [MultiTableRepo.transactions_hash] Ensured table exists: shard_nested_test_0.transactions_hash_20250831
[2025-09-19 04:00:17.479] INFO  [MultiTableRepo.transactions_hash] Ensured table exists: shard_nested_test_0.transactions_hash_20250901
[2025-09-19 04:00:17.509] INFO  [MultiTableRepo.transactions_hash] Ensured table exists: shard_nested_test_0.transactions_hash_20250902
[2025-09-19 04:00:17.537] INFO  [MultiTableRepo.transactions_hash] Ensured table exists: shard_nested_test_0.transactions_hash_20250903
[2025-09-19 04:00:17.567] INFO  [MultiTableRepo.transactions_hash] Ensured table exists: shard_nested_test_0.transactions_hash_20250904
[2025-09-19 04:00:17.593] INFO  [MultiTableRepo.transactions_hash] Ensured table exists: shard_nested_test_0.transactions_hash_20250905
[2025-09-19 04:00:17.619] INFO  [MultiTableRepo.transactions_hash] Ensured table exists: shard_nested_test_0.transactions_hash_20250906
[2025-09-19 04:00:17.647] INFO  [MultiTableRepo.transactions_hash] Ensured table exists: shard_nested_test_0.transactions_hash_20250907
[2025-09-19 04:00:17.672] INFO  [MultiTableRepo.transactions_hash] Ensured table exists: shard_nested_test_0.transactions_hash_20250908
[2025-09-19 04:00:17.699] INFO  [MultiTableRepo.transactions_hash] Ensured table exists: shard_nested_test_0.transactions_hash_20250909
[2025-09-19 04:00:17.727] INFO  [MultiTableRepo.transactions_hash] Ensured table exists: shard_nested_test_0.transactions_hash_20250910
[2025-09-19 04:00:17.753] INFO  [MultiTableRepo.transactions_hash] Ensured table exists: shard_nested_test_0.transactions_hash_20250911
[2025-09-19 04:00:17.779] INFO  [MultiTableRepo.transactions_hash] Ensured table exists: shard_nested_test_0.transactions_hash_20250912
[2025-09-19 04:00:17.808] INFO  [MultiTableRepo.transactions_hash] Ensured table exists: shard_nested_test_0.transactions_hash_20250913
[2025-09-19 04:00:17.838] INFO  [MultiTableRepo.transactions_hash] Ensured table exists: shard_nested_test_0.transactions_hash_20250914
[2025-09-19 04:00:17.870] INFO  [MultiTableRepo.transactions_hash] Ensured table exists: shard_nested_test_0.transactions_hash_20250915
[2025-09-19 04:00:17.900] INFO  [MultiTableRepo.transactions_hash] Ensured table exists: shard_nested_test_0.transactions_hash_20250916
[2025-09-19 04:00:17.927] INFO  [MultiTableRepo.transactions_hash] Ensured table exists: shard_nested_test_0.transactions_hash_20250917
[2025-09-19 04:00:17.961] INFO  [MultiTableRepo.transactions_hash] Ensured table exists: shard_nested_test_0.transactions_hash_20250918
[2025-09-19 04:00:17.987] INFO  [MultiTableRepo.transactions_hash] Ensured table exists: shard_nested_test_0.transactions_hash_20250919
[2025-09-19 04:00:18.014] INFO  [MultiTableRepo.transactions_hash] Ensured table exists: shard_nested_test_0.transactions_hash_20250920
[2025-09-19 04:00:18.042] INFO  [MultiTableRepo.transactions_hash] Ensured table exists: shard_nested_test_0.transactions_hash_20250921
[2025-09-19 04:00:18.075] INFO  [MultiTableRepo.transactions_hash] Ensured table exists: shard_nested_test_0.transactions_hash_20250922
[2025-09-19 04:00:18.107] INFO  [MultiTableRepo.transactions_hash] Ensured table exists: shard_nested_test_0.transactions_hash_20250923
[2025-09-19 04:00:18.138] INFO  [MultiTableRepo.transactions_hash] Ensured table exists: shard_nested_test_0.transactions_hash_20250924
[2025-09-19 04:00:18.170] INFO  [MultiTableRepo.transactions_hash] Ensured table exists: shard_nested_test_0.transactions_hash_20250925
[2025-09-19 04:00:18.199] INFO  [MultiTableRepo.transactions_hash] Ensured table exists: shard_nested_test_0.transactions_hash_20250926
[2025-09-19 04:00:18.229] INFO  [MultiTableRepo.transactions_hash] Ensured table exists: shard_nested_test_0.transactions_hash_20250927
[2025-09-19 04:00:18.258] INFO  [MultiTableRepo.transactions_hash] Ensured table exists: shard_nested_test_0.transactions_hash_20250928
[2025-09-19 04:00:18.283] INFO  [MultiTableRepo.transactions_hash] Ensured table exists: shard_nested_test_0.transactions_hash_20250929
[2025-09-19 04:00:18.308] INFO  [MultiTableRepo.transactions_hash] Ensured table exists: shard_nested_test_0.transactions_hash_20250930
[2025-09-19 04:00:18.339] INFO  [MultiTableRepo.transactions_hash] Ensured table exists: shard_nested_test_0.transactions_hash_20251001
[2025-09-19 04:00:18.370] INFO  [MultiTableRepo.transactions_hash] Ensured table exists: shard_nested_test_0.transactions_hash_20251002
[2025-09-19 04:00:18.400] INFO  [MultiTableRepo.transactions_hash] Ensured table exists: shard_nested_test_0.transactions_hash_20251003
[2025-09-19 04:00:18.430] INFO  [MultiTableRepo.transactions_hash] Ensured table exists: shard_nested_test_0.transactions_hash_20251004
[2025-09-19 04:00:18.459] INFO  [MultiTableRepo.transactions_hash] Ensured table exists: shard_nested_test_0.transactions_hash_20251005
[2025-09-19 04:00:18.488] INFO  [MultiTableRepo.transactions_hash] Ensured table exists: shard_nested_test_0.transactions_hash_20251006
[2025-09-19 04:00:18.515] INFO  [MultiTableRepo.transactions_hash] Ensured table exists: shard_nested_test_0.transactions_hash_20251007
[2025-09-19 04:00:18.543] INFO  [MultiTableRepo.transactions_hash] Ensured table exists: shard_nested_test_0.transactions_hash_20251008
[2025-09-19 04:00:18.577] INFO  [MultiTableRepo.transactions_hash] Ensured table exists: shard_nested_test_0.transactions_hash_20251009
[2025-09-19 04:00:18.607] INFO  [MultiTableRepo.transactions_hash] Ensured table exists: shard_nested_test_0.transactions_hash_20251010
[2025-09-19 04:00:18.637] INFO  [MultiTableRepo.transactions_hash] Ensured table exists: shard_nested_test_0.transactions_hash_20251011
[2025-09-19 04:00:18.667] INFO  [MultiTableRepo.transactions_hash] Ensured table exists: shard_nested_test_0.transactions_hash_20251012
[2025-09-19 04:00:18.697] INFO  [MultiTableRepo.transactions_hash] Ensured table exists: shard_nested_test_0.transactions_hash_20251013
[2025-09-19 04:00:18.726] INFO  [MultiTableRepo.transactions_hash] Ensured table exists: shard_nested_test_0.transactions_hash_20251014
[2025-09-19 04:00:18.754] INFO  [MultiTableRepo.transactions_hash] Ensured table exists: shard_nested_test_0.transactions_hash_20251015
[2025-09-19 04:00:18.780] INFO  [MultiTableRepo.transactions_hash] Ensured table exists: shard_nested_test_0.transactions_hash_20251016
[2025-09-19 04:00:18.806] INFO  [MultiTableRepo.transactions_hash] Ensured table exists: shard_nested_test_0.transactions_hash_20251017
[2025-09-19 04:00:18.832] INFO  [MultiTableRepo.transactions_hash] Ensured table exists: shard_nested_test_0.transactions_hash_20251018
[2025-09-19 04:00:18.858] INFO  [MultiTableRepo.transactions_hash] Ensured table exists: shard_nested_test_0.transactions_hash_20251019
[2025-09-19 04:00:18.858] INFO  [MultiTableRepo.transactions_hash] Completed table initialization for retention period
[SplitVerse] Initialized shard: shard-0
[2025-09-19 04:00:18.860] INFO  [MultiTableRepo.transactions_hash] Initializing tables for retention period: 2025-08-20 to 2025-10-19 (61 days)
[2025-09-19 04:00:18.889] INFO  [MultiTableRepo.transactions_hash] Ensured table exists: shard_nested_test_1.transactions_hash_20250820
[2025-09-19 04:00:18.918] INFO  [MultiTableRepo.transactions_hash] Ensured table exists: shard_nested_test_1.transactions_hash_20250821
[2025-09-19 04:00:18.953] INFO  [MultiTableRepo.transactions_hash] Ensured table exists: shard_nested_test_1.transactions_hash_20250822
[2025-09-19 04:00:18.982] INFO  [MultiTableRepo.transactions_hash] Ensured table exists: shard_nested_test_1.transactions_hash_20250823
[2025-09-19 04:00:19.011] INFO  [MultiTableRepo.transactions_hash] Ensured table exists: shard_nested_test_1.transactions_hash_20250824
[2025-09-19 04:00:19.041] INFO  [MultiTableRepo.transactions_hash] Ensured table exists: shard_nested_test_1.transactions_hash_20250825
[2025-09-19 04:00:19.072] INFO  [MultiTableRepo.transactions_hash] Ensured table exists: shard_nested_test_1.transactions_hash_20250826
[2025-09-19 04:00:19.100] INFO  [MultiTableRepo.transactions_hash] Ensured table exists: shard_nested_test_1.transactions_hash_20250827
[2025-09-19 04:00:19.130] INFO  [MultiTableRepo.transactions_hash] Ensured table exists: shard_nested_test_1.transactions_hash_20250828
[2025-09-19 04:00:19.156] INFO  [MultiTableRepo.transactions_hash] Ensured table exists: shard_nested_test_1.transactions_hash_20250829
[2025-09-19 04:00:19.183] INFO  [MultiTableRepo.transactions_hash] Ensured table exists: shard_nested_test_1.transactions_hash_20250830
[2025-09-19 04:00:19.210] INFO  [MultiTableRepo.transactions_hash] Ensured table exists: shard_nested_test_1.transactions_hash_20250831
[2025-09-19 04:00:19.237] INFO  [MultiTableRepo.transactions_hash] Ensured table exists: shard_nested_test_1.transactions_hash_20250901
[2025-09-19 04:00:19.262] INFO  [MultiTableRepo.transactions_hash] Ensured table exists: shard_nested_test_1.transactions_hash_20250902
[2025-09-19 04:00:19.289] INFO  [MultiTableRepo.transactions_hash] Ensured table exists: shard_nested_test_1.transactions_hash_20250903
[2025-09-19 04:00:19.317] INFO  [MultiTableRepo.transactions_hash] Ensured table exists: shard_nested_test_1.transactions_hash_20250904
[2025-09-19 04:00:19.343] INFO  [MultiTableRepo.transactions_hash] Ensured table exists: shard_nested_test_1.transactions_hash_20250905
[2025-09-19 04:00:19.370] INFO  [MultiTableRepo.transactions_hash] Ensured table exists: shard_nested_test_1.transactions_hash_20250906
[2025-09-19 04:00:19.396] INFO  [MultiTableRepo.transactions_hash] Ensured table exists: shard_nested_test_1.transactions_hash_20250907
[2025-09-19 04:00:19.421] INFO  [MultiTableRepo.transactions_hash] Ensured table exists: shard_nested_test_1.transactions_hash_20250908
[2025-09-19 04:00:19.446] INFO  [MultiTableRepo.transactions_hash] Ensured table exists: shard_nested_test_1.transactions_hash_20250909
[2025-09-19 04:00:19.474] INFO  [MultiTableRepo.transactions_hash] Ensured table exists: shard_nested_test_1.transactions_hash_20250910
[2025-09-19 04:00:19.500] INFO  [MultiTableRepo.transactions_hash] Ensured table exists: shard_nested_test_1.transactions_hash_20250911
[2025-09-19 04:00:19.534] INFO  [MultiTableRepo.transactions_hash] Ensured table exists: shard_nested_test_1.transactions_hash_20250912
[2025-09-19 04:00:19.569] INFO  [MultiTableRepo.transactions_hash] Ensured table exists: shard_nested_test_1.transactions_hash_20250913
[2025-09-19 04:00:19.603] INFO  [MultiTableRepo.transactions_hash] Ensured table exists: shard_nested_test_1.transactions_hash_20250914
[2025-09-19 04:00:19.640] INFO  [MultiTableRepo.transactions_hash] Ensured table exists: shard_nested_test_1.transactions_hash_20250915
[2025-09-19 04:00:19.672] INFO  [MultiTableRepo.transactions_hash] Ensured table exists: shard_nested_test_1.transactions_hash_20250916
[2025-09-19 04:00:19.700] INFO  [MultiTableRepo.transactions_hash] Ensured table exists: shard_nested_test_1.transactions_hash_20250917
[2025-09-19 04:00:19.731] INFO  [MultiTableRepo.transactions_hash] Ensured table exists: shard_nested_test_1.transactions_hash_20250918
[2025-09-19 04:00:19.764] INFO  [MultiTableRepo.transactions_hash] Ensured table exists: shard_nested_test_1.transactions_hash_20250919
[2025-09-19 04:00:19.796] INFO  [MultiTableRepo.transactions_hash] Ensured table exists: shard_nested_test_1.transactions_hash_20250920
[2025-09-19 04:00:19.823] INFO  [MultiTableRepo.transactions_hash] Ensured table exists: shard_nested_test_1.transactions_hash_20250921
[2025-09-19 04:00:19.850] INFO  [MultiTableRepo.transactions_hash] Ensured table exists: shard_nested_test_1.transactions_hash_20250922
[2025-09-19 04:00:19.883] INFO  [MultiTableRepo.transactions_hash] Ensured table exists: shard_nested_test_1.transactions_hash_20250923
[2025-09-19 04:00:19.909] INFO  [MultiTableRepo.transactions_hash] Ensured table exists: shard_nested_test_1.transactions_hash_20250924
[2025-09-19 04:00:19.941] INFO  [MultiTableRepo.transactions_hash] Ensured table exists: shard_nested_test_1.transactions_hash_20250925
[2025-09-19 04:00:19.967] INFO  [MultiTableRepo.transactions_hash] Ensured table exists: shard_nested_test_1.transactions_hash_20250926
[2025-09-19 04:00:19.995] INFO  [MultiTableRepo.transactions_hash] Ensured table exists: shard_nested_test_1.transactions_hash_20250927
[2025-09-19 04:00:20.024] INFO  [MultiTableRepo.transactions_hash] Ensured table exists: shard_nested_test_1.transactions_hash_20250928
[2025-09-19 04:00:20.055] INFO  [MultiTableRepo.transactions_hash] Ensured table exists: shard_nested_test_1.transactions_hash_20250929
[2025-09-19 04:00:20.081] INFO  [MultiTableRepo.transactions_hash] Ensured table exists: shard_nested_test_1.transactions_hash_20250930
[2025-09-19 04:00:20.108] INFO  [MultiTableRepo.transactions_hash] Ensured table exists: shard_nested_test_1.transactions_hash_20251001
[2025-09-19 04:00:20.136] INFO  [MultiTableRepo.transactions_hash] Ensured table exists: shard_nested_test_1.transactions_hash_20251002
[2025-09-19 04:00:20.164] INFO  [MultiTableRepo.transactions_hash] Ensured table exists: shard_nested_test_1.transactions_hash_20251003
[2025-09-19 04:00:20.193] INFO  [MultiTableRepo.transactions_hash] Ensured table exists: shard_nested_test_1.transactions_hash_20251004
[2025-09-19 04:00:20.223] INFO  [MultiTableRepo.transactions_hash] Ensured table exists: shard_nested_test_1.transactions_hash_20251005
[2025-09-19 04:00:20.248] INFO  [MultiTableRepo.transactions_hash] Ensured table exists: shard_nested_test_1.transactions_hash_20251006
[2025-09-19 04:00:20.274] INFO  [MultiTableRepo.transactions_hash] Ensured table exists: shard_nested_test_1.transactions_hash_20251007
[2025-09-19 04:00:20.299] INFO  [MultiTableRepo.transactions_hash] Ensured table exists: shard_nested_test_1.transactions_hash_20251008
[2025-09-19 04:00:20.327] INFO  [MultiTableRepo.transactions_hash] Ensured table exists: shard_nested_test_1.transactions_hash_20251009
[2025-09-19 04:00:20.353] INFO  [MultiTableRepo.transactions_hash] Ensured table exists: shard_nested_test_1.transactions_hash_20251010
[2025-09-19 04:00:20.378] INFO  [MultiTableRepo.transactions_hash] Ensured table exists: shard_nested_test_1.transactions_hash_20251011
[2025-09-19 04:00:20.404] INFO  [MultiTableRepo.transactions_hash] Ensured table exists: shard_nested_test_1.transactions_hash_20251012
[2025-09-19 04:00:20.430] INFO  [MultiTableRepo.transactions_hash] Ensured table exists: shard_nested_test_1.transactions_hash_20251013
[2025-09-19 04:00:20.459] INFO  [MultiTableRepo.transactions_hash] Ensured table exists: shard_nested_test_1.transactions_hash_20251014
[2025-09-19 04:00:20.488] INFO  [MultiTableRepo.transactions_hash] Ensured table exists: shard_nested_test_1.transactions_hash_20251015
[2025-09-19 04:00:20.518] INFO  [MultiTableRepo.transactions_hash] Ensured table exists: shard_nested_test_1.transactions_hash_20251016
[2025-09-19 04:00:20.549] INFO  [MultiTableRepo.transactions_hash] Ensured table exists: shard_nested_test_1.transactions_hash_20251017
[2025-09-19 04:00:20.579] INFO  [MultiTableRepo.transactions_hash] Ensured table exists: shard_nested_test_1.transactions_hash_20251018
[2025-09-19 04:00:20.609] INFO  [MultiTableRepo.transactions_hash] Ensured table exists: shard_nested_test_1.transactions_hash_20251019
[2025-09-19 04:00:20.609] INFO  [MultiTableRepo.transactions_hash] Completed table initialization for retention period
[SplitVerse] Initialized shard: shard-1
[2025-09-19 04:00:20.610] INFO  [MultiTableRepo.transactions_hash] Initializing tables for retention period: 2025-08-20 to 2025-10-19 (61 days)
[2025-09-19 04:00:20.639] INFO  [MultiTableRepo.transactions_hash] Ensured table exists: shard_nested_test_2.transactions_hash_20250820
[2025-09-19 04:00:20.669] INFO  [MultiTableRepo.transactions_hash] Ensured table exists: shard_nested_test_2.transactions_hash_20250821
[2025-09-19 04:00:20.699] INFO  [MultiTableRepo.transactions_hash] Ensured table exists: shard_nested_test_2.transactions_hash_20250822
[2025-09-19 04:00:20.729] INFO  [MultiTableRepo.transactions_hash] Ensured table exists: shard_nested_test_2.transactions_hash_20250823
[2025-09-19 04:00:20.759] INFO  [MultiTableRepo.transactions_hash] Ensured table exists: shard_nested_test_2.transactions_hash_20250824
[2025-09-19 04:00:20.788] INFO  [MultiTableRepo.transactions_hash] Ensured table exists: shard_nested_test_2.transactions_hash_20250825
[2025-09-19 04:00:20.816] INFO  [MultiTableRepo.transactions_hash] Ensured table exists: shard_nested_test_2.transactions_hash_20250826
[2025-09-19 04:00:20.844] INFO  [MultiTableRepo.transactions_hash] Ensured table exists: shard_nested_test_2.transactions_hash_20250827
[2025-09-19 04:00:20.868] INFO  [MultiTableRepo.transactions_hash] Ensured table exists: shard_nested_test_2.transactions_hash_20250828
[2025-09-19 04:00:20.895] INFO  [MultiTableRepo.transactions_hash] Ensured table exists: shard_nested_test_2.transactions_hash_20250829
[2025-09-19 04:00:20.921] INFO  [MultiTableRepo.transactions_hash] Ensured table exists: shard_nested_test_2.transactions_hash_20250830
[2025-09-19 04:00:20.955] INFO  [MultiTableRepo.transactions_hash] Ensured table exists: shard_nested_test_2.transactions_hash_20250831
[2025-09-19 04:00:20.984] INFO  [MultiTableRepo.transactions_hash] Ensured table exists: shard_nested_test_2.transactions_hash_20250901
[2025-09-19 04:00:21.013] INFO  [MultiTableRepo.transactions_hash] Ensured table exists: shard_nested_test_2.transactions_hash_20250902
[2025-09-19 04:00:21.042] INFO  [MultiTableRepo.transactions_hash] Ensured table exists: shard_nested_test_2.transactions_hash_20250903
[2025-09-19 04:00:21.072] INFO  [MultiTableRepo.transactions_hash] Ensured table exists: shard_nested_test_2.transactions_hash_20250904
[2025-09-19 04:00:21.103] INFO  [MultiTableRepo.transactions_hash] Ensured table exists: shard_nested_test_2.transactions_hash_20250905
[2025-09-19 04:00:21.132] INFO  [MultiTableRepo.transactions_hash] Ensured table exists: shard_nested_test_2.transactions_hash_20250906
[2025-09-19 04:00:21.159] INFO  [MultiTableRepo.transactions_hash] Ensured table exists: shard_nested_test_2.transactions_hash_20250907
[2025-09-19 04:00:21.189] INFO  [MultiTableRepo.transactions_hash] Ensured table exists: shard_nested_test_2.transactions_hash_20250908
[2025-09-19 04:00:21.217] INFO  [MultiTableRepo.transactions_hash] Ensured table exists: shard_nested_test_2.transactions_hash_20250909
[2025-09-19 04:00:21.249] INFO  [MultiTableRepo.transactions_hash] Ensured table exists: shard_nested_test_2.transactions_hash_20250910
[2025-09-19 04:00:21.279] INFO  [MultiTableRepo.transactions_hash] Ensured table exists: shard_nested_test_2.transactions_hash_20250911
[2025-09-19 04:00:21.309] INFO  [MultiTableRepo.transactions_hash] Ensured table exists: shard_nested_test_2.transactions_hash_20250912
[2025-09-19 04:00:21.339] INFO  [MultiTableRepo.transactions_hash] Ensured table exists: shard_nested_test_2.transactions_hash_20250913
[2025-09-19 04:00:21.369] INFO  [MultiTableRepo.transactions_hash] Ensured table exists: shard_nested_test_2.transactions_hash_20250914
[2025-09-19 04:00:21.399] INFO  [MultiTableRepo.transactions_hash] Ensured table exists: shard_nested_test_2.transactions_hash_20250915
[2025-09-19 04:00:21.429] INFO  [MultiTableRepo.transactions_hash] Ensured table exists: shard_nested_test_2.transactions_hash_20250916
[2025-09-19 04:00:21.459] INFO  [MultiTableRepo.transactions_hash] Ensured table exists: shard_nested_test_2.transactions_hash_20250917
[2025-09-19 04:00:21.488] INFO  [MultiTableRepo.transactions_hash] Ensured table exists: shard_nested_test_2.transactions_hash_20250918
[2025-09-19 04:00:21.518] INFO  [MultiTableRepo.transactions_hash] Ensured table exists: shard_nested_test_2.transactions_hash_20250919
[2025-09-19 04:00:21.549] INFO  [MultiTableRepo.transactions_hash] Ensured table exists: shard_nested_test_2.transactions_hash_20250920
[2025-09-19 04:00:21.581] INFO  [MultiTableRepo.transactions_hash] Ensured table exists: shard_nested_test_2.transactions_hash_20250921
[2025-09-19 04:00:21.612] INFO  [MultiTableRepo.transactions_hash] Ensured table exists: shard_nested_test_2.transactions_hash_20250922
[2025-09-19 04:00:21.642] INFO  [MultiTableRepo.transactions_hash] Ensured table exists: shard_nested_test_2.transactions_hash_20250923
[2025-09-19 04:00:21.671] INFO  [MultiTableRepo.transactions_hash] Ensured table exists: shard_nested_test_2.transactions_hash_20250924
[2025-09-19 04:00:21.700] INFO  [MultiTableRepo.transactions_hash] Ensured table exists: shard_nested_test_2.transactions_hash_20250925
[2025-09-19 04:00:21.734] INFO  [MultiTableRepo.transactions_hash] Ensured table exists: shard_nested_test_2.transactions_hash_20250926
[2025-09-19 04:00:21.764] INFO  [MultiTableRepo.transactions_hash] Ensured table exists: shard_nested_test_2.transactions_hash_20250927
[2025-09-19 04:00:21.793] INFO  [MultiTableRepo.transactions_hash] Ensured table exists: shard_nested_test_2.transactions_hash_20250928
[2025-09-19 04:00:21.823] INFO  [MultiTableRepo.transactions_hash] Ensured table exists: shard_nested_test_2.transactions_hash_20250929
[2025-09-19 04:00:21.852] INFO  [MultiTableRepo.transactions_hash] Ensured table exists: shard_nested_test_2.transactions_hash_20250930
[2025-09-19 04:00:21.882] INFO  [MultiTableRepo.transactions_hash] Ensured table exists: shard_nested_test_2.transactions_hash_20251001
[2025-09-19 04:00:21.910] INFO  [MultiTableRepo.transactions_hash] Ensured table exists: shard_nested_test_2.transactions_hash_20251002
[2025-09-19 04:00:21.941] INFO  [MultiTableRepo.transactions_hash] Ensured table exists: shard_nested_test_2.transactions_hash_20251003
[2025-09-19 04:00:21.968] INFO  [MultiTableRepo.transactions_hash] Ensured table exists: shard_nested_test_2.transactions_hash_20251004
[2025-09-19 04:00:21.996] INFO  [MultiTableRepo.transactions_hash] Ensured table exists: shard_nested_test_2.transactions_hash_20251005
[2025-09-19 04:00:22.025] INFO  [MultiTableRepo.transactions_hash] Ensured table exists: shard_nested_test_2.transactions_hash_20251006
[2025-09-19 04:00:22.057] INFO  [MultiTableRepo.transactions_hash] Ensured table exists: shard_nested_test_2.transactions_hash_20251007
[2025-09-19 04:00:22.087] INFO  [MultiTableRepo.transactions_hash] Ensured table exists: shard_nested_test_2.transactions_hash_20251008
[2025-09-19 04:00:22.117] INFO  [MultiTableRepo.transactions_hash] Ensured table exists: shard_nested_test_2.transactions_hash_20251009
[2025-09-19 04:00:22.146] INFO  [MultiTableRepo.transactions_hash] Ensured table exists: shard_nested_test_2.transactions_hash_20251010
[2025-09-19 04:00:22.174] INFO  [MultiTableRepo.transactions_hash] Ensured table exists: shard_nested_test_2.transactions_hash_20251011
[2025-09-19 04:00:22.203] INFO  [MultiTableRepo.transactions_hash] Ensured table exists: shard_nested_test_2.transactions_hash_20251012
[2025-09-19 04:00:22.233] INFO  [MultiTableRepo.transactions_hash] Ensured table exists: shard_nested_test_2.transactions_hash_20251013
[2025-09-19 04:00:22.263] INFO  [MultiTableRepo.transactions_hash] Ensured table exists: shard_nested_test_2.transactions_hash_20251014
[2025-09-19 04:00:22.291] INFO  [MultiTableRepo.transactions_hash] Ensured table exists: shard_nested_test_2.transactions_hash_20251015
[2025-09-19 04:00:22.317] INFO  [MultiTableRepo.transactions_hash] Ensured table exists: shard_nested_test_2.transactions_hash_20251016
[2025-09-19 04:00:22.343] INFO  [MultiTableRepo.transactions_hash] Ensured table exists: shard_nested_test_2.transactions_hash_20251017
[2025-09-19 04:00:22.372] INFO  [MultiTableRepo.transactions_hash] Ensured table exists: shard_nested_test_2.transactions_hash_20251018
[2025-09-19 04:00:22.403] INFO  [MultiTableRepo.transactions_hash] Ensured table exists: shard_nested_test_2.transactions_hash_20251019
[2025-09-19 04:00:22.403] INFO  [MultiTableRepo.transactions_hash] Completed table initialization for retention period
[SplitVerse] Initialized shard: shard-2
[SplitVerse] Initialized with 3 active shard(s)
✓ Test environment setup complete with 3 shards and 3 partitioning strategies


=== Test 1: INSERT across 3 shards with nested partitions ===

1.1 Inserting into TIME-BASED partitioned tables...
Inserted 300 records across 3 shards with daily partitions in 1624ms

1.2 Inserting into VALUE-BASED partitioned tables...
Batch inserted 300 records across 3 shards with value partitions in 1168ms

1.3 Inserting into HASH-BASED partitioned tables...
Concurrently inserted 300/300 records across 3 shards with hash partitions in 358ms

✓ INSERT test complete. Data distributed across:
  - 3 database shards
  - Multiple partition tables within each shard
  - Total records: 900
]]></system-out>
    <system-err><![CDATA[Sep 19, 2025 4:00:10 AM com.telcobright.core.connection.ConnectionProvider <init>
INFO: ConnectionProvider initialized for: jdbc:mysql://127.0.0.1:3306/shard_nested_test_0?useSSL=false&serverTimezone=UTC&useLegacyDatetimeCode=false&preserveInstants=true
Sep 19, 2025 4:00:10 AM com.telcobright.core.connection.ConnectionProvider <init>
INFO: ConnectionProvider initialized for: jdbc:mysql://127.0.0.1:3306/shard_nested_test_1?useSSL=false&serverTimezone=UTC&useLegacyDatetimeCode=false&preserveInstants=true
Sep 19, 2025 4:00:11 AM com.telcobright.core.connection.ConnectionProvider <init>
INFO: ConnectionProvider initialized for: jdbc:mysql://127.0.0.1:3306/shard_nested_test_2?useSSL=false&serverTimezone=UTC&useLegacyDatetimeCode=false&preserveInstants=true
Sep 19, 2025 4:00:11 AM com.telcobright.core.connection.ConnectionProvider <init>
INFO: ConnectionProvider initialized for: jdbc:mysql://127.0.0.1:3306/shard_nested_test_0?useSSL=false&serverTimezone=UTC&useLegacyDatetimeCode=false&preserveInstants=true
Sep 19, 2025 4:00:13 AM com.telcobright.core.connection.ConnectionProvider <init>
INFO: ConnectionProvider initialized for: jdbc:mysql://127.0.0.1:3306/shard_nested_test_1?useSSL=false&serverTimezone=UTC&useLegacyDatetimeCode=false&preserveInstants=true
Sep 19, 2025 4:00:15 AM com.telcobright.core.connection.ConnectionProvider <init>
INFO: ConnectionProvider initialized for: jdbc:mysql://127.0.0.1:3306/shard_nested_test_2?useSSL=false&serverTimezone=UTC&useLegacyDatetimeCode=false&preserveInstants=true
Sep 19, 2025 4:00:16 AM com.telcobright.core.connection.ConnectionProvider <init>
INFO: ConnectionProvider initialized for: jdbc:mysql://127.0.0.1:3306/shard_nested_test_0?useSSL=false&serverTimezone=UTC&useLegacyDatetimeCode=false&preserveInstants=true
Sep 19, 2025 4:00:18 AM com.telcobright.core.connection.ConnectionProvider <init>
INFO: ConnectionProvider initialized for: jdbc:mysql://127.0.0.1:3306/shard_nested_test_1?useSSL=false&serverTimezone=UTC&useLegacyDatetimeCode=false&preserveInstants=true
Sep 19, 2025 4:00:20 AM com.telcobright.core.connection.ConnectionProvider <init>
INFO: ConnectionProvider initialized for: jdbc:mysql://127.0.0.1:3306/shard_nested_test_2?useSSL=false&serverTimezone=UTC&useLegacyDatetimeCode=false&preserveInstants=true
]]></system-err>
  </testcase>
  <testcase name="testSelectAcross3ShardsWithNestedPartitions" classname="com.telcobright.splitverse.tests.ThreeShardNestedPartitioningTest" time="1.544">
    <system-out><![CDATA[
=== Test 2: SELECT across 3 shards with nested partitions ===

2.1 Testing point queries across shards...
✓ Point queries: 30/30 records found in 751ms

2.2 Testing date range queries across partitions...
✓ Date range query returned 299 records from multiple partitions across 3 shards

2.3 Testing pagination across shards...
✓ Paginated through 3 pages, 110 unique records

2.4 Testing complex queries...
✓ Complex query (IDs + date range) returned 0 records
]]></system-out>
  </testcase>
  <testcase name="testUpdateAcross3ShardsWithNestedPartitions" classname="com.telcobright.splitverse.tests.ThreeShardNestedPartitioningTest" time="2.668">
    <system-out><![CDATA[
=== Test 3: UPDATE across 3 shards with nested partitions ===

3.1 Testing single record updates...
✓ Successfully updated 30 records across shards and partitions

3.2 Testing batch updates within partitions...
✓ Batch updated 15 records grouped by partition

3.3 Testing concurrent updates across shards...
✓ Concurrent updates: 50/50 successful
]]></system-out>
  </testcase>
  <testcase name="testDeleteAcross3ShardsWithNestedPartitions" classname="com.telcobright.splitverse.tests.ThreeShardNestedPartitioningTest" time="0.449">
    <failure message="Record should be deleted by ID and date range ==&gt; expected: &lt;null&gt; but was: &lt;com.telcobright.splitverse.tests.ThreeShardNestedPartitioningTest$Transaction@15eb0ae9&gt;" type="org.opentest4j.AssertionFailedError"><![CDATA[org.opentest4j.AssertionFailedError: Record should be deleted by ID and date range ==> expected: <null> but was: <com.telcobright.splitverse.tests.ThreeShardNestedPartitioningTest$Transaction@15eb0ae9>
	at org.junit.jupiter.api.AssertionFailureBuilder.build(AssertionFailureBuilder.java:151)
	at org.junit.jupiter.api.AssertionFailureBuilder.buildAndThrow(AssertionFailureBuilder.java:132)
	at org.junit.jupiter.api.AssertNull.failNotNull(AssertNull.java:50)
	at org.junit.jupiter.api.AssertNull.assertNull(AssertNull.java:35)
	at org.junit.jupiter.api.Assertions.assertNull(Assertions.java:287)
	at com.telcobright.splitverse.tests.ThreeShardNestedPartitioningTest.testDeleteAcross3ShardsWithNestedPartitions(ThreeShardNestedPartitioningTest.java:536)
	at java.base/java.lang.reflect.Method.invoke(Method.java:580)
	at java.base/java.util.ArrayList.forEach(ArrayList.java:1596)
	at java.base/java.util.ArrayList.forEach(ArrayList.java:1596)
]]></failure>
    <system-out><![CDATA[
=== Test 4: DELETE across 3 shards with nested partitions ===

4.1 Testing single record deletes...
✓ Successfully deleted 10 individual records

4.2 Testing range-based deletes...

4.3 Testing combined ID and date range deletes...
]]></system-out>
  </testcase>
  <testcase name="testVerifyDistributionAndPerformance" classname="com.telcobright.splitverse.tests.ThreeShardNestedPartitioningTest" time="0.796">
    <system-out><![CDATA[
=== Test 5: Verify distribution and performance ===

5.1 Data distribution statistics:
  TIME-BASED: 290 records remaining
  VALUE-BASED: 110+ records accessible
  HASH-BASED: 300+ records in sample

5.2 Performance characteristics:
  ✓ 3 database shards utilized
  ✓ Nested partitioning within each shard
  ✓ Time-based: Daily partition tables
  ✓ Value-based: 10K range partition tables
  ✓ Hash-based: 16 hash bucket tables
  ✓ All CRUD operations verified

5.3 Shard distribution:
  Shard 0: ~34% of data
  Shard 1: ~33% of data
  Shard 2: ~31% of data

✓ All tests completed successfully!
]]></system-out>
  </testcase>
</testsuite>