<?xml version="1.0" encoding="UTF-8"?>
<testsuite xmlns:xsi="http://www.w3.org/2001/XMLSchema-instance" xsi:noNamespaceSchemaLocation="https://maven.apache.org/surefire/maven-surefire-plugin/xsd/surefire-test-report.xsd" version="3.0.2" name="com.telcobright.splitverse.tests.MultiShardTest" time="96.626" tests="6" errors="1" skipped="0" failures="1">
  <properties>
    <property name="java.specification.version" value="21"/>
    <property name="sun.jnu.encoding" value="UTF-8"/>
    <property name="java.class.path" value="/home/mustafa/telcobright-projects/routesphere/split-verse/target/test-classes:/home/mustafa/telcobright-projects/routesphere/split-verse/target/classes:/home/mustafa/.m2/repository/org/slf4j/slf4j-api/1.7.36/slf4j-api-1.7.36.jar:/home/mustafa/.m2/repository/com/mysql/mysql-connector-j/8.0.33/mysql-connector-j-8.0.33.jar:/home/mustafa/.m2/repository/com/telcobright/dbutil/1.0-SNAPSHOT/dbutil-1.0-SNAPSHOT.jar:/home/mustafa/.m2/repository/commons-io/commons-io/2.20.0/commons-io-2.20.0.jar:/home/mustafa/.m2/repository/org/apache/commons/commons-lang3/3.18.0/commons-lang3-3.18.0.jar:/home/mustafa/.m2/repository/ch/qos/logback/logback-classic/1.4.11/logback-classic-1.4.11.jar:/home/mustafa/.m2/repository/ch/qos/logback/logback-core/1.4.11/logback-core-1.4.11.jar:/home/mustafa/.m2/repository/org/springframework/data/spring-data-jpa/2.7.14/spring-data-jpa-2.7.14.jar:/home/mustafa/.m2/repository/org/springframework/data/spring-data-commons/2.7.14/spring-data-commons-2.7.14.jar:/home/mustafa/.m2/repository/org/springframework/spring-orm/5.3.29/spring-orm-5.3.29.jar:/home/mustafa/.m2/repository/org/springframework/spring-jdbc/5.3.29/spring-jdbc-5.3.29.jar:/home/mustafa/.m2/repository/org/springframework/spring-aop/5.3.29/spring-aop-5.3.29.jar:/home/mustafa/.m2/repository/org/springframework/spring-tx/5.3.29/spring-tx-5.3.29.jar:/home/mustafa/.m2/repository/org/springframework/spring-beans/5.3.29/spring-beans-5.3.29.jar:/home/mustafa/.m2/repository/org/springframework/spring-core/5.3.29/spring-core-5.3.29.jar:/home/mustafa/.m2/repository/org/springframework/spring-jcl/5.3.29/spring-jcl-5.3.29.jar:/home/mustafa/.m2/repository/javax/persistence/javax.persistence-api/2.2/javax.persistence-api-2.2.jar:/home/mustafa/.m2/repository/org/hibernate/hibernate-core/5.6.15.Final/hibernate-core-5.6.15.Final.jar:/home/mustafa/.m2/repository/org/jboss/logging/jboss-logging/3.6.1.Final/jboss-logging-3.6.1.Final.jar:/home/mustafa/.m2/repository/net/bytebuddy/byte-buddy/1.17.6/byte-buddy-1.17.6.jar:/home/mustafa/.m2/repository/antlr/antlr/2.7.7/antlr-2.7.7.jar:/home/mustafa/.m2/repository/org/jboss/spec/javax/transaction/jboss-transaction-api_1.2_spec/1.1.1.Final/jboss-transaction-api_1.2_spec-1.1.1.Final.jar:/home/mustafa/.m2/repository/org/jboss/jandex/2.4.2.Final/jandex-2.4.2.Final.jar:/home/mustafa/.m2/repository/com/fasterxml/classmate/1.7.0/classmate-1.7.0.jar:/home/mustafa/.m2/repository/javax/activation/javax.activation-api/1.2.0/javax.activation-api-1.2.0.jar:/home/mustafa/.m2/repository/org/hibernate/common/hibernate-commons-annotations/5.1.2.Final/hibernate-commons-annotations-5.1.2.Final.jar:/home/mustafa/.m2/repository/javax/xml/bind/jaxb-api/2.3.1/jaxb-api-2.3.1.jar:/home/mustafa/.m2/repository/org/glassfish/jaxb/jaxb-runtime/4.0.5/jaxb-runtime-4.0.5.jar:/home/mustafa/.m2/repository/org/glassfish/jaxb/jaxb-core/4.0.5/jaxb-core-4.0.5.jar:/home/mustafa/.m2/repository/org/eclipse/angus/angus-activation/2.0.2/angus-activation-2.0.2.jar:/home/mustafa/.m2/repository/org/glassfish/jaxb/txw2/4.0.5/txw2-4.0.5.jar:/home/mustafa/.m2/repository/com/sun/istack/istack-commons-runtime/4.1.2/istack-commons-runtime-4.1.2.jar:/home/mustafa/.m2/repository/org/springframework/spring-context/5.3.30/spring-context-5.3.30.jar:/home/mustafa/.m2/repository/org/springframework/spring-expression/5.3.30/spring-expression-5.3.30.jar:/home/mustafa/.m2/repository/com/zaxxer/HikariCP/5.0.1/HikariCP-5.0.1.jar:/home/mustafa/.m2/repository/org/springframework/boot/spring-boot-starter-test/2.7.14/spring-boot-starter-test-2.7.14.jar:/home/mustafa/.m2/repository/org/springframework/boot/spring-boot-starter/2.7.14/spring-boot-starter-2.7.14.jar:/home/mustafa/.m2/repository/org/springframework/boot/spring-boot/2.7.14/spring-boot-2.7.14.jar:/home/mustafa/.m2/repository/org/springframework/boot/spring-boot-autoconfigure/2.7.14/spring-boot-autoconfigure-2.7.14.jar:/home/mustafa/.m2/repository/org/springframework/boot/spring-boot-starter-logging/2.7.14/spring-boot-starter-logging-2.7.14.jar:/home/mustafa/.m2/repository/org/slf4j/jul-to-slf4j/1.7.36/jul-to-slf4j-1.7.36.jar:/home/mustafa/.m2/repository/jakarta/annotation/jakarta.annotation-api/3.0.0/jakarta.annotation-api-3.0.0.jar:/home/mustafa/.m2/repository/org/yaml/snakeyaml/2.4/snakeyaml-2.4.jar:/home/mustafa/.m2/repository/org/springframework/boot/spring-boot-test/2.7.14/spring-boot-test-2.7.14.jar:/home/mustafa/.m2/repository/org/springframework/boot/spring-boot-test-autoconfigure/2.7.14/spring-boot-test-autoconfigure-2.7.14.jar:/home/mustafa/.m2/repository/com/jayway/jsonpath/json-path/2.7.0/json-path-2.7.0.jar:/home/mustafa/.m2/repository/net/minidev/json-smart/2.4.7/json-smart-2.4.7.jar:/home/mustafa/.m2/repository/net/minidev/accessors-smart/2.4.7/accessors-smart-2.4.7.jar:/home/mustafa/.m2/repository/org/ow2/asm/asm/9.8/asm-9.8.jar:/home/mustafa/.m2/repository/jakarta/xml/bind/jakarta.xml.bind-api/4.0.2/jakarta.xml.bind-api-4.0.2.jar:/home/mustafa/.m2/repository/jakarta/activation/jakarta.activation-api/2.1.3/jakarta.activation-api-2.1.3.jar:/home/mustafa/.m2/repository/org/hamcrest/hamcrest/2.2/hamcrest-2.2.jar:/home/mustafa/.m2/repository/org/skyscreamer/jsonassert/1.5.1/jsonassert-1.5.1.jar:/home/mustafa/.m2/repository/com/vaadin/external/google/android-json/0.0.20131108.vaadin1/android-json-0.0.20131108.vaadin1.jar:/home/mustafa/.m2/repository/org/springframework/spring-test/5.3.29/spring-test-5.3.29.jar:/home/mustafa/.m2/repository/org/xmlunit/xmlunit-core/2.9.1/xmlunit-core-2.9.1.jar:/home/mustafa/.m2/repository/com/fasterxml/jackson/core/jackson-databind/2.15.2/jackson-databind-2.15.2.jar:/home/mustafa/.m2/repository/com/fasterxml/jackson/core/jackson-annotations/2.19.2/jackson-annotations-2.19.2.jar:/home/mustafa/.m2/repository/com/fasterxml/jackson/core/jackson-core/2.19.2/jackson-core-2.19.2.jar:/home/mustafa/.m2/repository/com/fasterxml/jackson/datatype/jackson-datatype-jsr310/2.15.2/jackson-datatype-jsr310-2.15.2.jar:/home/mustafa/.m2/repository/org/junit/jupiter/junit-jupiter/5.9.2/junit-jupiter-5.9.2.jar:/home/mustafa/.m2/repository/org/junit/jupiter/junit-jupiter-api/5.13.4/junit-jupiter-api-5.13.4.jar:/home/mustafa/.m2/repository/org/opentest4j/opentest4j/1.3.0/opentest4j-1.3.0.jar:/home/mustafa/.m2/repository/org/junit/platform/junit-platform-commons/1.13.4/junit-platform-commons-1.13.4.jar:/home/mustafa/.m2/repository/org/junit/jupiter/junit-jupiter-engine/5.13.4/junit-jupiter-engine-5.13.4.jar:/home/mustafa/.m2/repository/org/junit/platform/junit-platform-engine/1.13.4/junit-platform-engine-1.13.4.jar:/home/mustafa/.m2/repository/org/junit/jupiter/junit-jupiter-params/5.9.2/junit-jupiter-params-5.9.2.jar:/home/mustafa/.m2/repository/org/apiguardian/apiguardian-api/1.1.2/apiguardian-api-1.1.2.jar:/home/mustafa/.m2/repository/org/mockito/mockito-core/5.1.1/mockito-core-5.1.1.jar:/home/mustafa/.m2/repository/net/bytebuddy/byte-buddy-agent/1.12.22/byte-buddy-agent-1.12.22.jar:/home/mustafa/.m2/repository/org/objenesis/objenesis/3.3/objenesis-3.3.jar:/home/mustafa/.m2/repository/org/mockito/mockito-junit-jupiter/5.1.1/mockito-junit-jupiter-5.1.1.jar:/home/mustafa/.m2/repository/org/assertj/assertj-core/3.24.2/assertj-core-3.24.2.jar:/home/mustafa/.m2/repository/org/testcontainers/junit-jupiter/1.19.0/junit-jupiter-1.19.0.jar:/home/mustafa/.m2/repository/org/testcontainers/testcontainers/1.21.3/testcontainers-1.21.3.jar:/home/mustafa/.m2/repository/junit/junit/4.13.2/junit-4.13.2.jar:/home/mustafa/.m2/repository/org/apache/commons/commons-compress/1.28.0/commons-compress-1.28.0.jar:/home/mustafa/.m2/repository/commons-codec/commons-codec/1.19.0/commons-codec-1.19.0.jar:/home/mustafa/.m2/repository/org/rnorth/duct-tape/duct-tape/1.0.8/duct-tape-1.0.8.jar:/home/mustafa/.m2/repository/org/jetbrains/annotations/26.0.2/annotations-26.0.2.jar:/home/mustafa/.m2/repository/com/github/docker-java/docker-java-api/3.4.2/docker-java-api-3.4.2.jar:/home/mustafa/.m2/repository/com/github/docker-java/docker-java-transport-zerodep/3.4.2/docker-java-transport-zerodep-3.4.2.jar:/home/mustafa/.m2/repository/com/github/docker-java/docker-java-transport/3.4.2/docker-java-transport-3.4.2.jar:/home/mustafa/.m2/repository/net/java/dev/jna/jna/5.8.0/jna-5.8.0.jar:/home/mustafa/.m2/repository/org/testcontainers/mysql/1.19.0/mysql-1.19.0.jar:/home/mustafa/.m2/repository/org/testcontainers/jdbc/1.21.3/jdbc-1.21.3.jar:/home/mustafa/.m2/repository/org/testcontainers/database-commons/1.21.3/database-commons-1.21.3.jar:/home/mustafa/.m2/repository/org/awaitility/awaitility/4.2.0/awaitility-4.2.0.jar:/home/mustafa/.m2/repository/org/slf4j/slf4j-simple/1.7.36/slf4j-simple-1.7.36.jar:"/>
    <property name="java.vm.vendor" value="Eclipse Adoptium"/>
    <property name="sun.arch.data.model" value="64"/>
    <property name="java.vendor.url" value="https://adoptium.net/"/>
    <property name="user.timezone" value="Asia/Dhaka"/>
    <property name="os.name" value="Linux"/>
    <property name="java.vm.specification.version" value="21"/>
    <property name="sun.java.launcher" value="SUN_STANDARD"/>
    <property name="user.country" value="US"/>
    <property name="sun.boot.library.path" value="/home/mustafa/.sdkman/candidates/java/21-tem/lib"/>
    <property name="sun.java.command" value="/home/mustafa/telcobright-projects/routesphere/split-verse/target/surefire/surefirebooter-20250920022511794_3.jar /home/mustafa/telcobright-projects/routesphere/split-verse/target/surefire 2025-09-20T02-25-11_642-jvmRun1 surefire-20250920022511794_1tmp surefire_0-20250920022511794_2tmp"/>
    <property name="jdk.debug" value="release"/>
    <property name="surefire.test.class.path" value="/home/mustafa/telcobright-projects/routesphere/split-verse/target/test-classes:/home/mustafa/telcobright-projects/routesphere/split-verse/target/classes:/home/mustafa/.m2/repository/org/slf4j/slf4j-api/1.7.36/slf4j-api-1.7.36.jar:/home/mustafa/.m2/repository/com/mysql/mysql-connector-j/8.0.33/mysql-connector-j-8.0.33.jar:/home/mustafa/.m2/repository/com/telcobright/dbutil/1.0-SNAPSHOT/dbutil-1.0-SNAPSHOT.jar:/home/mustafa/.m2/repository/commons-io/commons-io/2.20.0/commons-io-2.20.0.jar:/home/mustafa/.m2/repository/org/apache/commons/commons-lang3/3.18.0/commons-lang3-3.18.0.jar:/home/mustafa/.m2/repository/ch/qos/logback/logback-classic/1.4.11/logback-classic-1.4.11.jar:/home/mustafa/.m2/repository/ch/qos/logback/logback-core/1.4.11/logback-core-1.4.11.jar:/home/mustafa/.m2/repository/org/springframework/data/spring-data-jpa/2.7.14/spring-data-jpa-2.7.14.jar:/home/mustafa/.m2/repository/org/springframework/data/spring-data-commons/2.7.14/spring-data-commons-2.7.14.jar:/home/mustafa/.m2/repository/org/springframework/spring-orm/5.3.29/spring-orm-5.3.29.jar:/home/mustafa/.m2/repository/org/springframework/spring-jdbc/5.3.29/spring-jdbc-5.3.29.jar:/home/mustafa/.m2/repository/org/springframework/spring-aop/5.3.29/spring-aop-5.3.29.jar:/home/mustafa/.m2/repository/org/springframework/spring-tx/5.3.29/spring-tx-5.3.29.jar:/home/mustafa/.m2/repository/org/springframework/spring-beans/5.3.29/spring-beans-5.3.29.jar:/home/mustafa/.m2/repository/org/springframework/spring-core/5.3.29/spring-core-5.3.29.jar:/home/mustafa/.m2/repository/org/springframework/spring-jcl/5.3.29/spring-jcl-5.3.29.jar:/home/mustafa/.m2/repository/javax/persistence/javax.persistence-api/2.2/javax.persistence-api-2.2.jar:/home/mustafa/.m2/repository/org/hibernate/hibernate-core/5.6.15.Final/hibernate-core-5.6.15.Final.jar:/home/mustafa/.m2/repository/org/jboss/logging/jboss-logging/3.6.1.Final/jboss-logging-3.6.1.Final.jar:/home/mustafa/.m2/repository/net/bytebuddy/byte-buddy/1.17.6/byte-buddy-1.17.6.jar:/home/mustafa/.m2/repository/antlr/antlr/2.7.7/antlr-2.7.7.jar:/home/mustafa/.m2/repository/org/jboss/spec/javax/transaction/jboss-transaction-api_1.2_spec/1.1.1.Final/jboss-transaction-api_1.2_spec-1.1.1.Final.jar:/home/mustafa/.m2/repository/org/jboss/jandex/2.4.2.Final/jandex-2.4.2.Final.jar:/home/mustafa/.m2/repository/com/fasterxml/classmate/1.7.0/classmate-1.7.0.jar:/home/mustafa/.m2/repository/javax/activation/javax.activation-api/1.2.0/javax.activation-api-1.2.0.jar:/home/mustafa/.m2/repository/org/hibernate/common/hibernate-commons-annotations/5.1.2.Final/hibernate-commons-annotations-5.1.2.Final.jar:/home/mustafa/.m2/repository/javax/xml/bind/jaxb-api/2.3.1/jaxb-api-2.3.1.jar:/home/mustafa/.m2/repository/org/glassfish/jaxb/jaxb-runtime/4.0.5/jaxb-runtime-4.0.5.jar:/home/mustafa/.m2/repository/org/glassfish/jaxb/jaxb-core/4.0.5/jaxb-core-4.0.5.jar:/home/mustafa/.m2/repository/org/eclipse/angus/angus-activation/2.0.2/angus-activation-2.0.2.jar:/home/mustafa/.m2/repository/org/glassfish/jaxb/txw2/4.0.5/txw2-4.0.5.jar:/home/mustafa/.m2/repository/com/sun/istack/istack-commons-runtime/4.1.2/istack-commons-runtime-4.1.2.jar:/home/mustafa/.m2/repository/org/springframework/spring-context/5.3.30/spring-context-5.3.30.jar:/home/mustafa/.m2/repository/org/springframework/spring-expression/5.3.30/spring-expression-5.3.30.jar:/home/mustafa/.m2/repository/com/zaxxer/HikariCP/5.0.1/HikariCP-5.0.1.jar:/home/mustafa/.m2/repository/org/springframework/boot/spring-boot-starter-test/2.7.14/spring-boot-starter-test-2.7.14.jar:/home/mustafa/.m2/repository/org/springframework/boot/spring-boot-starter/2.7.14/spring-boot-starter-2.7.14.jar:/home/mustafa/.m2/repository/org/springframework/boot/spring-boot/2.7.14/spring-boot-2.7.14.jar:/home/mustafa/.m2/repository/org/springframework/boot/spring-boot-autoconfigure/2.7.14/spring-boot-autoconfigure-2.7.14.jar:/home/mustafa/.m2/repository/org/springframework/boot/spring-boot-starter-logging/2.7.14/spring-boot-starter-logging-2.7.14.jar:/home/mustafa/.m2/repository/org/slf4j/jul-to-slf4j/1.7.36/jul-to-slf4j-1.7.36.jar:/home/mustafa/.m2/repository/jakarta/annotation/jakarta.annotation-api/3.0.0/jakarta.annotation-api-3.0.0.jar:/home/mustafa/.m2/repository/org/yaml/snakeyaml/2.4/snakeyaml-2.4.jar:/home/mustafa/.m2/repository/org/springframework/boot/spring-boot-test/2.7.14/spring-boot-test-2.7.14.jar:/home/mustafa/.m2/repository/org/springframework/boot/spring-boot-test-autoconfigure/2.7.14/spring-boot-test-autoconfigure-2.7.14.jar:/home/mustafa/.m2/repository/com/jayway/jsonpath/json-path/2.7.0/json-path-2.7.0.jar:/home/mustafa/.m2/repository/net/minidev/json-smart/2.4.7/json-smart-2.4.7.jar:/home/mustafa/.m2/repository/net/minidev/accessors-smart/2.4.7/accessors-smart-2.4.7.jar:/home/mustafa/.m2/repository/org/ow2/asm/asm/9.8/asm-9.8.jar:/home/mustafa/.m2/repository/jakarta/xml/bind/jakarta.xml.bind-api/4.0.2/jakarta.xml.bind-api-4.0.2.jar:/home/mustafa/.m2/repository/jakarta/activation/jakarta.activation-api/2.1.3/jakarta.activation-api-2.1.3.jar:/home/mustafa/.m2/repository/org/hamcrest/hamcrest/2.2/hamcrest-2.2.jar:/home/mustafa/.m2/repository/org/skyscreamer/jsonassert/1.5.1/jsonassert-1.5.1.jar:/home/mustafa/.m2/repository/com/vaadin/external/google/android-json/0.0.20131108.vaadin1/android-json-0.0.20131108.vaadin1.jar:/home/mustafa/.m2/repository/org/springframework/spring-test/5.3.29/spring-test-5.3.29.jar:/home/mustafa/.m2/repository/org/xmlunit/xmlunit-core/2.9.1/xmlunit-core-2.9.1.jar:/home/mustafa/.m2/repository/com/fasterxml/jackson/core/jackson-databind/2.15.2/jackson-databind-2.15.2.jar:/home/mustafa/.m2/repository/com/fasterxml/jackson/core/jackson-annotations/2.19.2/jackson-annotations-2.19.2.jar:/home/mustafa/.m2/repository/com/fasterxml/jackson/core/jackson-core/2.19.2/jackson-core-2.19.2.jar:/home/mustafa/.m2/repository/com/fasterxml/jackson/datatype/jackson-datatype-jsr310/2.15.2/jackson-datatype-jsr310-2.15.2.jar:/home/mustafa/.m2/repository/org/junit/jupiter/junit-jupiter/5.9.2/junit-jupiter-5.9.2.jar:/home/mustafa/.m2/repository/org/junit/jupiter/junit-jupiter-api/5.13.4/junit-jupiter-api-5.13.4.jar:/home/mustafa/.m2/repository/org/opentest4j/opentest4j/1.3.0/opentest4j-1.3.0.jar:/home/mustafa/.m2/repository/org/junit/platform/junit-platform-commons/1.13.4/junit-platform-commons-1.13.4.jar:/home/mustafa/.m2/repository/org/junit/jupiter/junit-jupiter-engine/5.13.4/junit-jupiter-engine-5.13.4.jar:/home/mustafa/.m2/repository/org/junit/platform/junit-platform-engine/1.13.4/junit-platform-engine-1.13.4.jar:/home/mustafa/.m2/repository/org/junit/jupiter/junit-jupiter-params/5.9.2/junit-jupiter-params-5.9.2.jar:/home/mustafa/.m2/repository/org/apiguardian/apiguardian-api/1.1.2/apiguardian-api-1.1.2.jar:/home/mustafa/.m2/repository/org/mockito/mockito-core/5.1.1/mockito-core-5.1.1.jar:/home/mustafa/.m2/repository/net/bytebuddy/byte-buddy-agent/1.12.22/byte-buddy-agent-1.12.22.jar:/home/mustafa/.m2/repository/org/objenesis/objenesis/3.3/objenesis-3.3.jar:/home/mustafa/.m2/repository/org/mockito/mockito-junit-jupiter/5.1.1/mockito-junit-jupiter-5.1.1.jar:/home/mustafa/.m2/repository/org/assertj/assertj-core/3.24.2/assertj-core-3.24.2.jar:/home/mustafa/.m2/repository/org/testcontainers/junit-jupiter/1.19.0/junit-jupiter-1.19.0.jar:/home/mustafa/.m2/repository/org/testcontainers/testcontainers/1.21.3/testcontainers-1.21.3.jar:/home/mustafa/.m2/repository/junit/junit/4.13.2/junit-4.13.2.jar:/home/mustafa/.m2/repository/org/apache/commons/commons-compress/1.28.0/commons-compress-1.28.0.jar:/home/mustafa/.m2/repository/commons-codec/commons-codec/1.19.0/commons-codec-1.19.0.jar:/home/mustafa/.m2/repository/org/rnorth/duct-tape/duct-tape/1.0.8/duct-tape-1.0.8.jar:/home/mustafa/.m2/repository/org/jetbrains/annotations/26.0.2/annotations-26.0.2.jar:/home/mustafa/.m2/repository/com/github/docker-java/docker-java-api/3.4.2/docker-java-api-3.4.2.jar:/home/mustafa/.m2/repository/com/github/docker-java/docker-java-transport-zerodep/3.4.2/docker-java-transport-zerodep-3.4.2.jar:/home/mustafa/.m2/repository/com/github/docker-java/docker-java-transport/3.4.2/docker-java-transport-3.4.2.jar:/home/mustafa/.m2/repository/net/java/dev/jna/jna/5.8.0/jna-5.8.0.jar:/home/mustafa/.m2/repository/org/testcontainers/mysql/1.19.0/mysql-1.19.0.jar:/home/mustafa/.m2/repository/org/testcontainers/jdbc/1.21.3/jdbc-1.21.3.jar:/home/mustafa/.m2/repository/org/testcontainers/database-commons/1.21.3/database-commons-1.21.3.jar:/home/mustafa/.m2/repository/org/awaitility/awaitility/4.2.0/awaitility-4.2.0.jar:/home/mustafa/.m2/repository/org/slf4j/slf4j-simple/1.7.36/slf4j-simple-1.7.36.jar:"/>
    <property name="sun.cpu.endian" value="little"/>
    <property name="user.home" value="/home/mustafa"/>
    <property name="user.language" value="en"/>
    <property name="java.specification.vendor" value="Oracle Corporation"/>
    <property name="java.version.date" value="2023-09-19"/>
    <property name="java.home" value="/home/mustafa/.sdkman/candidates/java/21-tem"/>
    <property name="file.separator" value="/"/>
    <property name="basedir" value="/home/mustafa/telcobright-projects/routesphere/split-verse"/>
    <property name="java.vm.compressedOopsMode" value="Zero based"/>
    <property name="line.separator" value="&#10;"/>
    <property name="java.specification.name" value="Java Platform API Specification"/>
    <property name="java.vm.specification.vendor" value="Oracle Corporation"/>
    <property name="surefire.real.class.path" value="/home/mustafa/telcobright-projects/routesphere/split-verse/target/surefire/surefirebooter-20250920022511794_3.jar"/>
    <property name="sun.management.compiler" value="HotSpot 64-Bit Tiered Compilers"/>
    <property name="java.runtime.version" value="21+35-LTS"/>
    <property name="user.name" value="mustafa"/>
    <property name="stdout.encoding" value="UTF-8"/>
    <property name="path.separator" value=":"/>
    <property name="os.version" value="6.14.0-29-generic"/>
    <property name="java.runtime.name" value="OpenJDK Runtime Environment"/>
    <property name="file.encoding" value="UTF-8"/>
    <property name="java.vm.name" value="OpenJDK 64-Bit Server VM"/>
    <property name="java.vendor.version" value="Temurin-21+35"/>
    <property name="localRepository" value="/home/mustafa/.m2/repository"/>
    <property name="java.vendor.url.bug" value="https://github.com/adoptium/adoptium-support/issues"/>
    <property name="java.io.tmpdir" value="/tmp"/>
    <property name="java.version" value="21"/>
    <property name="user.dir" value="/home/mustafa/telcobright-projects/routesphere/split-verse"/>
    <property name="os.arch" value="amd64"/>
    <property name="java.vm.specification.name" value="Java Virtual Machine Specification"/>
    <property name="native.encoding" value="UTF-8"/>
    <property name="java.library.path" value="/usr/java/packages/lib:/usr/lib64:/lib64:/lib:/usr/lib"/>
    <property name="java.vm.info" value="mixed mode, sharing"/>
    <property name="stderr.encoding" value="UTF-8"/>
    <property name="java.vendor" value="Eclipse Adoptium"/>
    <property name="java.vm.version" value="21+35-LTS"/>
    <property name="sun.io.unicode.encoding" value="UnicodeLittle"/>
    <property name="java.class.version" value="65.0"/>
  </properties>
  <testcase name="testDataDistributionAcrossShards" classname="com.telcobright.splitverse.tests.MultiShardTest" time="0.227">
    <system-out><![CDATA[Created test database: split_verse_test_shard_0
Created test database: split_verse_test_shard_1
Created test database: split_verse_test_shard_2
[SplitVerse] Building repository with:
  Entity: OrderEntity
  Table: orders
  Sharding Strategy: DUAL_KEY_HASH_RANGE
  Repository Mode: MULTI_TABLE
  Partition Column: created_at (LOCAL_DATE_TIME)
  Partition Range: DAILY
  Table Granularity: DAILY
  Retention Days: 30
  ID Size: 22 bytes
  Charset: utf8mb4, Collation: utf8mb4_bin
  Shards: 3
[2025-09-20 02:25:16.313] INFO  [MultiTableRepo.orders] Initializing daily tables for retention period: 2025-08-21 to 2025-10-20 (61 days)
[2025-09-20 02:25:16.355] INFO  [MultiTableRepo.orders] Ensured table exists: split_verse_test_shard_0.orders_20250821
[2025-09-20 02:25:16.405] INFO  [MultiTableRepo.orders] Ensured table exists: split_verse_test_shard_0.orders_20250822
[2025-09-20 02:25:16.447] INFO  [MultiTableRepo.orders] Ensured table exists: split_verse_test_shard_0.orders_20250823
[2025-09-20 02:25:16.485] INFO  [MultiTableRepo.orders] Ensured table exists: split_verse_test_shard_0.orders_20250824
[2025-09-20 02:25:16.520] INFO  [MultiTableRepo.orders] Ensured table exists: split_verse_test_shard_0.orders_20250825
[2025-09-20 02:25:16.554] INFO  [MultiTableRepo.orders] Ensured table exists: split_verse_test_shard_0.orders_20250826
[2025-09-20 02:25:16.601] INFO  [MultiTableRepo.orders] Ensured table exists: split_verse_test_shard_0.orders_20250827
[2025-09-20 02:25:16.635] INFO  [MultiTableRepo.orders] Ensured table exists: split_verse_test_shard_0.orders_20250828
[2025-09-20 02:25:16.687] INFO  [MultiTableRepo.orders] Ensured table exists: split_verse_test_shard_0.orders_20250829
[2025-09-20 02:25:16.724] INFO  [MultiTableRepo.orders] Ensured table exists: split_verse_test_shard_0.orders_20250830
[2025-09-20 02:25:16.760] INFO  [MultiTableRepo.orders] Ensured table exists: split_verse_test_shard_0.orders_20250831
[2025-09-20 02:25:16.795] INFO  [MultiTableRepo.orders] Ensured table exists: split_verse_test_shard_0.orders_20250901
[2025-09-20 02:25:16.831] INFO  [MultiTableRepo.orders] Ensured table exists: split_verse_test_shard_0.orders_20250902
[2025-09-20 02:25:16.864] INFO  [MultiTableRepo.orders] Ensured table exists: split_verse_test_shard_0.orders_20250903
[2025-09-20 02:25:16.898] INFO  [MultiTableRepo.orders] Ensured table exists: split_verse_test_shard_0.orders_20250904
[2025-09-20 02:25:16.929] INFO  [MultiTableRepo.orders] Ensured table exists: split_verse_test_shard_0.orders_20250905
[2025-09-20 02:25:16.963] INFO  [MultiTableRepo.orders] Ensured table exists: split_verse_test_shard_0.orders_20250906
[2025-09-20 02:25:16.999] INFO  [MultiTableRepo.orders] Ensured table exists: split_verse_test_shard_0.orders_20250907
[2025-09-20 02:25:17.035] INFO  [MultiTableRepo.orders] Ensured table exists: split_verse_test_shard_0.orders_20250908
[2025-09-20 02:25:17.075] INFO  [MultiTableRepo.orders] Ensured table exists: split_verse_test_shard_0.orders_20250909
[2025-09-20 02:25:17.109] INFO  [MultiTableRepo.orders] Ensured table exists: split_verse_test_shard_0.orders_20250910
[2025-09-20 02:25:17.182] INFO  [MultiTableRepo.orders] Ensured table exists: split_verse_test_shard_0.orders_20250911
[2025-09-20 02:25:17.218] INFO  [MultiTableRepo.orders] Ensured table exists: split_verse_test_shard_0.orders_20250912
[2025-09-20 02:25:17.253] INFO  [MultiTableRepo.orders] Ensured table exists: split_verse_test_shard_0.orders_20250913
[2025-09-20 02:25:17.286] INFO  [MultiTableRepo.orders] Ensured table exists: split_verse_test_shard_0.orders_20250914
[2025-09-20 02:25:17.320] INFO  [MultiTableRepo.orders] Ensured table exists: split_verse_test_shard_0.orders_20250915
[2025-09-20 02:25:17.354] INFO  [MultiTableRepo.orders] Ensured table exists: split_verse_test_shard_0.orders_20250916
[2025-09-20 02:25:17.389] INFO  [MultiTableRepo.orders] Ensured table exists: split_verse_test_shard_0.orders_20250917
[2025-09-20 02:25:17.425] INFO  [MultiTableRepo.orders] Ensured table exists: split_verse_test_shard_0.orders_20250918
[2025-09-20 02:25:17.484] INFO  [MultiTableRepo.orders] Ensured table exists: split_verse_test_shard_0.orders_20250919
[2025-09-20 02:25:17.517] INFO  [MultiTableRepo.orders] Ensured table exists: split_verse_test_shard_0.orders_20250920
[2025-09-20 02:25:17.552] INFO  [MultiTableRepo.orders] Ensured table exists: split_verse_test_shard_0.orders_20250921
[2025-09-20 02:25:17.583] INFO  [MultiTableRepo.orders] Ensured table exists: split_verse_test_shard_0.orders_20250922
[2025-09-20 02:25:17.622] INFO  [MultiTableRepo.orders] Ensured table exists: split_verse_test_shard_0.orders_20250923
[2025-09-20 02:25:17.660] INFO  [MultiTableRepo.orders] Ensured table exists: split_verse_test_shard_0.orders_20250924
[2025-09-20 02:25:17.699] INFO  [MultiTableRepo.orders] Ensured table exists: split_verse_test_shard_0.orders_20250925
[2025-09-20 02:25:17.730] INFO  [MultiTableRepo.orders] Ensured table exists: split_verse_test_shard_0.orders_20250926
[2025-09-20 02:25:17.763] INFO  [MultiTableRepo.orders] Ensured table exists: split_verse_test_shard_0.orders_20250927
[2025-09-20 02:25:17.798] INFO  [MultiTableRepo.orders] Ensured table exists: split_verse_test_shard_0.orders_20250928
[2025-09-20 02:25:17.832] INFO  [MultiTableRepo.orders] Ensured table exists: split_verse_test_shard_0.orders_20250929
[2025-09-20 02:25:17.873] INFO  [MultiTableRepo.orders] Ensured table exists: split_verse_test_shard_0.orders_20250930
[2025-09-20 02:25:17.908] INFO  [MultiTableRepo.orders] Ensured table exists: split_verse_test_shard_0.orders_20251001
[2025-09-20 02:25:17.944] INFO  [MultiTableRepo.orders] Ensured table exists: split_verse_test_shard_0.orders_20251002
[2025-09-20 02:25:17.984] INFO  [MultiTableRepo.orders] Ensured table exists: split_verse_test_shard_0.orders_20251003
[2025-09-20 02:25:18.026] INFO  [MultiTableRepo.orders] Ensured table exists: split_verse_test_shard_0.orders_20251004
[2025-09-20 02:25:18.060] INFO  [MultiTableRepo.orders] Ensured table exists: split_verse_test_shard_0.orders_20251005
[2025-09-20 02:25:18.096] INFO  [MultiTableRepo.orders] Ensured table exists: split_verse_test_shard_0.orders_20251006
[2025-09-20 02:25:18.130] INFO  [MultiTableRepo.orders] Ensured table exists: split_verse_test_shard_0.orders_20251007
[2025-09-20 02:25:18.166] INFO  [MultiTableRepo.orders] Ensured table exists: split_verse_test_shard_0.orders_20251008
[2025-09-20 02:25:18.200] INFO  [MultiTableRepo.orders] Ensured table exists: split_verse_test_shard_0.orders_20251009
[2025-09-20 02:25:18.244] INFO  [MultiTableRepo.orders] Ensured table exists: split_verse_test_shard_0.orders_20251010
[2025-09-20 02:25:18.281] INFO  [MultiTableRepo.orders] Ensured table exists: split_verse_test_shard_0.orders_20251011
[2025-09-20 02:25:18.315] INFO  [MultiTableRepo.orders] Ensured table exists: split_verse_test_shard_0.orders_20251012
[2025-09-20 02:25:18.351] INFO  [MultiTableRepo.orders] Ensured table exists: split_verse_test_shard_0.orders_20251013
[2025-09-20 02:25:18.390] INFO  [MultiTableRepo.orders] Ensured table exists: split_verse_test_shard_0.orders_20251014
[2025-09-20 02:25:18.433] INFO  [MultiTableRepo.orders] Ensured table exists: split_verse_test_shard_0.orders_20251015
[2025-09-20 02:25:18.483] INFO  [MultiTableRepo.orders] Ensured table exists: split_verse_test_shard_0.orders_20251016
[2025-09-20 02:25:18.526] INFO  [MultiTableRepo.orders] Ensured table exists: split_verse_test_shard_0.orders_20251017
[2025-09-20 02:25:18.568] INFO  [MultiTableRepo.orders] Ensured table exists: split_verse_test_shard_0.orders_20251018
[2025-09-20 02:25:18.606] INFO  [MultiTableRepo.orders] Ensured table exists: split_verse_test_shard_0.orders_20251019
[2025-09-20 02:25:18.647] INFO  [MultiTableRepo.orders] Ensured table exists: split_verse_test_shard_0.orders_20251020
[2025-09-20 02:25:18.647] INFO  [MultiTableRepo.orders] Completed table initialization
[SplitVerse] Initialized shard: shard-0
[2025-09-20 02:25:18.650] INFO  [MultiTableRepo.orders] Initializing daily tables for retention period: 2025-08-21 to 2025-10-20 (61 days)
[2025-09-20 02:25:18.687] INFO  [MultiTableRepo.orders] Ensured table exists: split_verse_test_shard_1.orders_20250821
[2025-09-20 02:25:18.721] INFO  [MultiTableRepo.orders] Ensured table exists: split_verse_test_shard_1.orders_20250822
[2025-09-20 02:25:18.756] INFO  [MultiTableRepo.orders] Ensured table exists: split_verse_test_shard_1.orders_20250823
[2025-09-20 02:25:18.789] INFO  [MultiTableRepo.orders] Ensured table exists: split_verse_test_shard_1.orders_20250824
[2025-09-20 02:25:18.822] INFO  [MultiTableRepo.orders] Ensured table exists: split_verse_test_shard_1.orders_20250825
[2025-09-20 02:25:18.856] INFO  [MultiTableRepo.orders] Ensured table exists: split_verse_test_shard_1.orders_20250826
[2025-09-20 02:25:18.892] INFO  [MultiTableRepo.orders] Ensured table exists: split_verse_test_shard_1.orders_20250827
[2025-09-20 02:25:18.926] INFO  [MultiTableRepo.orders] Ensured table exists: split_verse_test_shard_1.orders_20250828
[2025-09-20 02:25:18.962] INFO  [MultiTableRepo.orders] Ensured table exists: split_verse_test_shard_1.orders_20250829
[2025-09-20 02:25:18.994] INFO  [MultiTableRepo.orders] Ensured table exists: split_verse_test_shard_1.orders_20250830
[2025-09-20 02:25:19.030] INFO  [MultiTableRepo.orders] Ensured table exists: split_verse_test_shard_1.orders_20250831
[2025-09-20 02:25:19.065] INFO  [MultiTableRepo.orders] Ensured table exists: split_verse_test_shard_1.orders_20250901
[2025-09-20 02:25:19.101] INFO  [MultiTableRepo.orders] Ensured table exists: split_verse_test_shard_1.orders_20250902
[2025-09-20 02:25:19.134] INFO  [MultiTableRepo.orders] Ensured table exists: split_verse_test_shard_1.orders_20250903
[2025-09-20 02:25:19.171] INFO  [MultiTableRepo.orders] Ensured table exists: split_verse_test_shard_1.orders_20250904
[2025-09-20 02:25:19.208] INFO  [MultiTableRepo.orders] Ensured table exists: split_verse_test_shard_1.orders_20250905
[2025-09-20 02:25:19.258] INFO  [MultiTableRepo.orders] Ensured table exists: split_verse_test_shard_1.orders_20250906
[2025-09-20 02:25:19.311] INFO  [MultiTableRepo.orders] Ensured table exists: split_verse_test_shard_1.orders_20250907
[2025-09-20 02:25:19.345] INFO  [MultiTableRepo.orders] Ensured table exists: split_verse_test_shard_1.orders_20250908
[2025-09-20 02:25:19.379] INFO  [MultiTableRepo.orders] Ensured table exists: split_verse_test_shard_1.orders_20250909
[2025-09-20 02:25:19.444] INFO  [MultiTableRepo.orders] Ensured table exists: split_verse_test_shard_1.orders_20250910
[2025-09-20 02:25:19.491] INFO  [MultiTableRepo.orders] Ensured table exists: split_verse_test_shard_1.orders_20250911
[2025-09-20 02:25:19.548] INFO  [MultiTableRepo.orders] Ensured table exists: split_verse_test_shard_1.orders_20250912
[2025-09-20 02:25:19.624] INFO  [MultiTableRepo.orders] Ensured table exists: split_verse_test_shard_1.orders_20250913
[2025-09-20 02:25:19.665] INFO  [MultiTableRepo.orders] Ensured table exists: split_verse_test_shard_1.orders_20250914
[2025-09-20 02:25:19.698] INFO  [MultiTableRepo.orders] Ensured table exists: split_verse_test_shard_1.orders_20250915
[2025-09-20 02:25:19.734] INFO  [MultiTableRepo.orders] Ensured table exists: split_verse_test_shard_1.orders_20250916
[2025-09-20 02:25:19.782] INFO  [MultiTableRepo.orders] Ensured table exists: split_verse_test_shard_1.orders_20250917
[2025-09-20 02:25:19.824] INFO  [MultiTableRepo.orders] Ensured table exists: split_verse_test_shard_1.orders_20250918
[2025-09-20 02:25:19.860] INFO  [MultiTableRepo.orders] Ensured table exists: split_verse_test_shard_1.orders_20250919
[2025-09-20 02:25:19.893] INFO  [MultiTableRepo.orders] Ensured table exists: split_verse_test_shard_1.orders_20250920
[2025-09-20 02:25:19.929] INFO  [MultiTableRepo.orders] Ensured table exists: split_verse_test_shard_1.orders_20250921
[2025-09-20 02:25:19.964] INFO  [MultiTableRepo.orders] Ensured table exists: split_verse_test_shard_1.orders_20250922
[2025-09-20 02:25:19.999] INFO  [MultiTableRepo.orders] Ensured table exists: split_verse_test_shard_1.orders_20250923
[2025-09-20 02:25:20.035] INFO  [MultiTableRepo.orders] Ensured table exists: split_verse_test_shard_1.orders_20250924
[2025-09-20 02:25:20.070] INFO  [MultiTableRepo.orders] Ensured table exists: split_verse_test_shard_1.orders_20250925
[2025-09-20 02:25:20.104] INFO  [MultiTableRepo.orders] Ensured table exists: split_verse_test_shard_1.orders_20250926
[2025-09-20 02:25:20.138] INFO  [MultiTableRepo.orders] Ensured table exists: split_verse_test_shard_1.orders_20250927
[2025-09-20 02:25:20.171] INFO  [MultiTableRepo.orders] Ensured table exists: split_verse_test_shard_1.orders_20250928
[2025-09-20 02:25:20.205] INFO  [MultiTableRepo.orders] Ensured table exists: split_verse_test_shard_1.orders_20250929
[2025-09-20 02:25:20.237] INFO  [MultiTableRepo.orders] Ensured table exists: split_verse_test_shard_1.orders_20250930
[2025-09-20 02:25:20.271] INFO  [MultiTableRepo.orders] Ensured table exists: split_verse_test_shard_1.orders_20251001
[2025-09-20 02:25:20.304] INFO  [MultiTableRepo.orders] Ensured table exists: split_verse_test_shard_1.orders_20251002
[2025-09-20 02:25:20.339] INFO  [MultiTableRepo.orders] Ensured table exists: split_verse_test_shard_1.orders_20251003
[2025-09-20 02:25:20.376] INFO  [MultiTableRepo.orders] Ensured table exists: split_verse_test_shard_1.orders_20251004
[2025-09-20 02:25:20.410] INFO  [MultiTableRepo.orders] Ensured table exists: split_verse_test_shard_1.orders_20251005
[2025-09-20 02:25:20.446] INFO  [MultiTableRepo.orders] Ensured table exists: split_verse_test_shard_1.orders_20251006
[2025-09-20 02:25:20.482] INFO  [MultiTableRepo.orders] Ensured table exists: split_verse_test_shard_1.orders_20251007
[2025-09-20 02:25:20.518] INFO  [MultiTableRepo.orders] Ensured table exists: split_verse_test_shard_1.orders_20251008
[2025-09-20 02:25:20.552] INFO  [MultiTableRepo.orders] Ensured table exists: split_verse_test_shard_1.orders_20251009
[2025-09-20 02:25:20.587] INFO  [MultiTableRepo.orders] Ensured table exists: split_verse_test_shard_1.orders_20251010
[2025-09-20 02:25:20.622] INFO  [MultiTableRepo.orders] Ensured table exists: split_verse_test_shard_1.orders_20251011
[2025-09-20 02:25:20.655] INFO  [MultiTableRepo.orders] Ensured table exists: split_verse_test_shard_1.orders_20251012
[2025-09-20 02:25:20.693] INFO  [MultiTableRepo.orders] Ensured table exists: split_verse_test_shard_1.orders_20251013
[2025-09-20 02:25:20.726] INFO  [MultiTableRepo.orders] Ensured table exists: split_verse_test_shard_1.orders_20251014
[2025-09-20 02:25:20.759] INFO  [MultiTableRepo.orders] Ensured table exists: split_verse_test_shard_1.orders_20251015
[2025-09-20 02:25:20.793] INFO  [MultiTableRepo.orders] Ensured table exists: split_verse_test_shard_1.orders_20251016
[2025-09-20 02:25:20.828] INFO  [MultiTableRepo.orders] Ensured table exists: split_verse_test_shard_1.orders_20251017
[2025-09-20 02:25:20.861] INFO  [MultiTableRepo.orders] Ensured table exists: split_verse_test_shard_1.orders_20251018
[2025-09-20 02:25:20.901] INFO  [MultiTableRepo.orders] Ensured table exists: split_verse_test_shard_1.orders_20251019
[2025-09-20 02:25:20.934] INFO  [MultiTableRepo.orders] Ensured table exists: split_verse_test_shard_1.orders_20251020
[2025-09-20 02:25:20.935] INFO  [MultiTableRepo.orders] Completed table initialization
[SplitVerse] Initialized shard: shard-1
[2025-09-20 02:25:20.936] INFO  [MultiTableRepo.orders] Initializing daily tables for retention period: 2025-08-21 to 2025-10-20 (61 days)
[2025-09-20 02:25:20.971] INFO  [MultiTableRepo.orders] Ensured table exists: split_verse_test_shard_2.orders_20250821
[2025-09-20 02:25:21.005] INFO  [MultiTableRepo.orders] Ensured table exists: split_verse_test_shard_2.orders_20250822
[2025-09-20 02:25:21.040] INFO  [MultiTableRepo.orders] Ensured table exists: split_verse_test_shard_2.orders_20250823
[2025-09-20 02:25:21.076] INFO  [MultiTableRepo.orders] Ensured table exists: split_verse_test_shard_2.orders_20250824
[2025-09-20 02:25:21.109] INFO  [MultiTableRepo.orders] Ensured table exists: split_verse_test_shard_2.orders_20250825
[2025-09-20 02:25:21.144] INFO  [MultiTableRepo.orders] Ensured table exists: split_verse_test_shard_2.orders_20250826
[2025-09-20 02:25:21.177] INFO  [MultiTableRepo.orders] Ensured table exists: split_verse_test_shard_2.orders_20250827
[2025-09-20 02:25:21.210] INFO  [MultiTableRepo.orders] Ensured table exists: split_verse_test_shard_2.orders_20250828
[2025-09-20 02:25:21.244] INFO  [MultiTableRepo.orders] Ensured table exists: split_verse_test_shard_2.orders_20250829
[2025-09-20 02:25:21.285] INFO  [MultiTableRepo.orders] Ensured table exists: split_verse_test_shard_2.orders_20250830
[2025-09-20 02:25:21.318] INFO  [MultiTableRepo.orders] Ensured table exists: split_verse_test_shard_2.orders_20250831
[2025-09-20 02:25:21.353] INFO  [MultiTableRepo.orders] Ensured table exists: split_verse_test_shard_2.orders_20250901
[2025-09-20 02:25:21.388] INFO  [MultiTableRepo.orders] Ensured table exists: split_verse_test_shard_2.orders_20250902
[2025-09-20 02:25:21.429] INFO  [MultiTableRepo.orders] Ensured table exists: split_verse_test_shard_2.orders_20250903
[2025-09-20 02:25:21.465] INFO  [MultiTableRepo.orders] Ensured table exists: split_verse_test_shard_2.orders_20250904
[2025-09-20 02:25:21.502] INFO  [MultiTableRepo.orders] Ensured table exists: split_verse_test_shard_2.orders_20250905
[2025-09-20 02:25:21.544] INFO  [MultiTableRepo.orders] Ensured table exists: split_verse_test_shard_2.orders_20250906
[2025-09-20 02:25:21.585] INFO  [MultiTableRepo.orders] Ensured table exists: split_verse_test_shard_2.orders_20250907
[2025-09-20 02:25:21.623] INFO  [MultiTableRepo.orders] Ensured table exists: split_verse_test_shard_2.orders_20250908
[2025-09-20 02:25:21.660] INFO  [MultiTableRepo.orders] Ensured table exists: split_verse_test_shard_2.orders_20250909
[2025-09-20 02:25:21.693] INFO  [MultiTableRepo.orders] Ensured table exists: split_verse_test_shard_2.orders_20250910
[2025-09-20 02:25:21.730] INFO  [MultiTableRepo.orders] Ensured table exists: split_verse_test_shard_2.orders_20250911
[2025-09-20 02:25:21.763] INFO  [MultiTableRepo.orders] Ensured table exists: split_verse_test_shard_2.orders_20250912
[2025-09-20 02:25:21.802] INFO  [MultiTableRepo.orders] Ensured table exists: split_verse_test_shard_2.orders_20250913
[2025-09-20 02:25:21.838] INFO  [MultiTableRepo.orders] Ensured table exists: split_verse_test_shard_2.orders_20250914
[2025-09-20 02:25:21.872] INFO  [MultiTableRepo.orders] Ensured table exists: split_verse_test_shard_2.orders_20250915
[2025-09-20 02:25:21.913] INFO  [MultiTableRepo.orders] Ensured table exists: split_verse_test_shard_2.orders_20250916
[2025-09-20 02:25:21.952] INFO  [MultiTableRepo.orders] Ensured table exists: split_verse_test_shard_2.orders_20250917
[2025-09-20 02:25:21.992] INFO  [MultiTableRepo.orders] Ensured table exists: split_verse_test_shard_2.orders_20250918
[2025-09-20 02:25:22.030] INFO  [MultiTableRepo.orders] Ensured table exists: split_verse_test_shard_2.orders_20250919
[2025-09-20 02:25:22.069] INFO  [MultiTableRepo.orders] Ensured table exists: split_verse_test_shard_2.orders_20250920
[2025-09-20 02:25:22.105] INFO  [MultiTableRepo.orders] Ensured table exists: split_verse_test_shard_2.orders_20250921
[2025-09-20 02:25:22.137] INFO  [MultiTableRepo.orders] Ensured table exists: split_verse_test_shard_2.orders_20250922
[2025-09-20 02:25:22.172] INFO  [MultiTableRepo.orders] Ensured table exists: split_verse_test_shard_2.orders_20250923
[2025-09-20 02:25:22.356] INFO  [MultiTableRepo.orders] Ensured table exists: split_verse_test_shard_2.orders_20250924
[2025-09-20 02:25:22.404] INFO  [MultiTableRepo.orders] Ensured table exists: split_verse_test_shard_2.orders_20250925
[2025-09-20 02:25:22.441] INFO  [MultiTableRepo.orders] Ensured table exists: split_verse_test_shard_2.orders_20250926
[2025-09-20 02:25:22.476] INFO  [MultiTableRepo.orders] Ensured table exists: split_verse_test_shard_2.orders_20250927
[2025-09-20 02:25:22.508] INFO  [MultiTableRepo.orders] Ensured table exists: split_verse_test_shard_2.orders_20250928
[2025-09-20 02:25:22.542] INFO  [MultiTableRepo.orders] Ensured table exists: split_verse_test_shard_2.orders_20250929
[2025-09-20 02:25:22.587] INFO  [MultiTableRepo.orders] Ensured table exists: split_verse_test_shard_2.orders_20250930
[2025-09-20 02:25:22.626] INFO  [MultiTableRepo.orders] Ensured table exists: split_verse_test_shard_2.orders_20251001
[2025-09-20 02:25:22.658] INFO  [MultiTableRepo.orders] Ensured table exists: split_verse_test_shard_2.orders_20251002
[2025-09-20 02:25:22.694] INFO  [MultiTableRepo.orders] Ensured table exists: split_verse_test_shard_2.orders_20251003
[2025-09-20 02:25:22.731] INFO  [MultiTableRepo.orders] Ensured table exists: split_verse_test_shard_2.orders_20251004
[2025-09-20 02:25:22.767] INFO  [MultiTableRepo.orders] Ensured table exists: split_verse_test_shard_2.orders_20251005
[2025-09-20 02:25:22.809] INFO  [MultiTableRepo.orders] Ensured table exists: split_verse_test_shard_2.orders_20251006
[2025-09-20 02:25:22.842] INFO  [MultiTableRepo.orders] Ensured table exists: split_verse_test_shard_2.orders_20251007
[2025-09-20 02:25:22.874] INFO  [MultiTableRepo.orders] Ensured table exists: split_verse_test_shard_2.orders_20251008
[2025-09-20 02:25:22.913] INFO  [MultiTableRepo.orders] Ensured table exists: split_verse_test_shard_2.orders_20251009
[2025-09-20 02:25:22.948] INFO  [MultiTableRepo.orders] Ensured table exists: split_verse_test_shard_2.orders_20251010
[2025-09-20 02:25:22.982] INFO  [MultiTableRepo.orders] Ensured table exists: split_verse_test_shard_2.orders_20251011
[2025-09-20 02:25:23.018] INFO  [MultiTableRepo.orders] Ensured table exists: split_verse_test_shard_2.orders_20251012
[2025-09-20 02:25:23.053] INFO  [MultiTableRepo.orders] Ensured table exists: split_verse_test_shard_2.orders_20251013
[2025-09-20 02:25:23.086] INFO  [MultiTableRepo.orders] Ensured table exists: split_verse_test_shard_2.orders_20251014
[2025-09-20 02:25:23.123] INFO  [MultiTableRepo.orders] Ensured table exists: split_verse_test_shard_2.orders_20251015
[2025-09-20 02:25:23.160] INFO  [MultiTableRepo.orders] Ensured table exists: split_verse_test_shard_2.orders_20251016
[2025-09-20 02:25:23.191] INFO  [MultiTableRepo.orders] Ensured table exists: split_verse_test_shard_2.orders_20251017
[2025-09-20 02:25:23.230] INFO  [MultiTableRepo.orders] Ensured table exists: split_verse_test_shard_2.orders_20251018
[2025-09-20 02:25:23.268] INFO  [MultiTableRepo.orders] Ensured table exists: split_verse_test_shard_2.orders_20251019
[2025-09-20 02:25:23.307] INFO  [MultiTableRepo.orders] Ensured table exists: split_verse_test_shard_2.orders_20251020
[2025-09-20 02:25:23.307] INFO  [MultiTableRepo.orders] Completed table initialization
[SplitVerse] Initialized shard: shard-2
[SplitVerse] Initialized with 3 active shard(s)
Created multi-shard repository with 3 shards
✓ Data distribution test passed. Distribution: {0=93, 1=118, 2=89}
]]></system-out>
    <system-err><![CDATA[Sep 20, 2025 2:25:16 AM com.telcobright.core.connection.ConnectionProvider <init>
INFO: ConnectionProvider initialized for: jdbc:mysql://127.0.0.1:3306/split_verse_test_shard_0?useSSL=false&serverTimezone=UTC&useLegacyDatetimeCode=false&preserveInstants=true
Sep 20, 2025 2:25:18 AM com.telcobright.core.connection.ConnectionProvider <init>
INFO: ConnectionProvider initialized for: jdbc:mysql://127.0.0.1:3306/split_verse_test_shard_1?useSSL=false&serverTimezone=UTC&useLegacyDatetimeCode=false&preserveInstants=true
Sep 20, 2025 2:25:20 AM com.telcobright.core.connection.ConnectionProvider <init>
INFO: ConnectionProvider initialized for: jdbc:mysql://127.0.0.1:3306/split_verse_test_shard_2?useSSL=false&serverTimezone=UTC&useLegacyDatetimeCode=false&preserveInstants=true
]]></system-err>
  </testcase>
  <testcase name="testConcurrentOperationsAcrossShards" classname="com.telcobright.splitverse.tests.MultiShardTest" time="13.917">
    <system-out><![CDATA[✓ Concurrent operations test passed with 500/500 successful operations
]]></system-out>
  </testcase>
  <testcase name="testCrossShardQueries" classname="com.telcobright.splitverse.tests.MultiShardTest" time="0.164">
    <failure message="Should find most orders for specific day ==&gt; expected: &lt;true&gt; but was: &lt;false&gt;" type="org.opentest4j.AssertionFailedError"><![CDATA[org.opentest4j.AssertionFailedError: Should find most orders for specific day ==> expected: <true> but was: <false>
	at org.junit.jupiter.api.AssertionFailureBuilder.build(AssertionFailureBuilder.java:151)
	at org.junit.jupiter.api.AssertionFailureBuilder.buildAndThrow(AssertionFailureBuilder.java:132)
	at org.junit.jupiter.api.AssertTrue.failNotTrue(AssertTrue.java:63)
	at org.junit.jupiter.api.AssertTrue.assertTrue(AssertTrue.java:36)
	at org.junit.jupiter.api.Assertions.assertTrue(Assertions.java:214)
	at com.telcobright.splitverse.tests.MultiShardTest.testCrossShardQueries(MultiShardTest.java:245)
	at java.base/java.lang.reflect.Method.invoke(Method.java:580)
	at java.base/java.util.ArrayList.forEach(ArrayList.java:1596)
	at java.base/java.util.ArrayList.forEach(ArrayList.java:1596)
]]></failure>
  </testcase>
  <testcase name="testShardFailoverBehavior" classname="com.telcobright.splitverse.tests.MultiShardTest" time="2.08">
    <system-out><![CDATA[✓ Shard failover test passed with 30/30 orders accessible
]]></system-out>
  </testcase>
  <testcase name="testBatchOperationsAcrossMultipleShards" classname="com.telcobright.splitverse.tests.MultiShardTest" time="0.098">
    <system-out><![CDATA[✓ Multi-shard batch test passed. Inserted 300 orders in 62ms
]]></system-out>
  </testcase>
  <testcase name="testPaginationAcrossShards" classname="com.telcobright.splitverse.tests.MultiShardTest" time="56.31">
    <error message="Communications link failure&#10;&#10;The last packet sent successfully to the server was 0 milliseconds ago. The driver has not received any packets from the server." type="com.mysql.cj.jdbc.exceptions.CommunicationsException"><![CDATA[com.mysql.cj.jdbc.exceptions.CommunicationsException: 
Communications link failure

The last packet sent successfully to the server was 0 milliseconds ago. The driver has not received any packets from the server.
	at com.mysql.cj.jdbc.exceptions.SQLError.createCommunicationsException(SQLError.java:175)
	at com.mysql.cj.jdbc.exceptions.SQLExceptionsMapping.translateException(SQLExceptionsMapping.java:64)
	at com.mysql.cj.jdbc.ConnectionImpl.createNewIO(ConnectionImpl.java:825)
	at com.mysql.cj.jdbc.ConnectionImpl.<init>(ConnectionImpl.java:446)
	at com.mysql.cj.jdbc.ConnectionImpl.getInstance(ConnectionImpl.java:239)
	at com.mysql.cj.jdbc.NonRegisteringDriver.connect(NonRegisteringDriver.java:188)
	at java.sql/java.sql.DriverManager.getConnection(DriverManager.java:683)
	at java.sql/java.sql.DriverManager.getConnection(DriverManager.java:230)
	at com.telcobright.core.connection.ConnectionProvider.createConnection(ConnectionProvider.java:104)
	at com.telcobright.core.connection.ConnectionProvider.getConnection(ConnectionProvider.java:69)
	at com.telcobright.core.repository.GenericMultiTableRepository.findBatchByIdGreaterThan(GenericMultiTableRepository.java:604)
	at com.telcobright.core.repository.SplitVerseRepository.findBatchByIdGreaterThan(SplitVerseRepository.java:350)
	at com.telcobright.splitverse.tests.MultiShardTest.testPaginationAcrossShards(MultiShardTest.java:339)
	at java.base/java.lang.reflect.Method.invoke(Method.java:580)
	at java.base/java.util.ArrayList.forEach(ArrayList.java:1596)
	at java.base/java.util.ArrayList.forEach(ArrayList.java:1596)
Caused by: com.mysql.cj.exceptions.CJCommunicationsException: Communications link failure

The last packet sent successfully to the server was 0 milliseconds ago. The driver has not received any packets from the server.
	at java.base/jdk.internal.reflect.DirectConstructorHandleAccessor.newInstance(DirectConstructorHandleAccessor.java:62)
	at java.base/java.lang.reflect.Constructor.newInstanceWithCaller(Constructor.java:502)
	at java.base/java.lang.reflect.Constructor.newInstance(Constructor.java:486)
	at com.mysql.cj.exceptions.ExceptionFactory.createException(ExceptionFactory.java:62)
	at com.mysql.cj.exceptions.ExceptionFactory.createException(ExceptionFactory.java:105)
	at com.mysql.cj.exceptions.ExceptionFactory.createException(ExceptionFactory.java:150)
	at com.mysql.cj.exceptions.ExceptionFactory.createCommunicationsException(ExceptionFactory.java:166)
	at com.mysql.cj.protocol.a.NativeProtocol.readMessage(NativeProtocol.java:582)
	at com.mysql.cj.protocol.a.NativeProtocol.checkErrorMessage(NativeProtocol.java:762)
	at com.mysql.cj.protocol.a.NativeProtocol.checkErrorMessage(NativeProtocol.java:739)
	at com.mysql.cj.protocol.a.NativeProtocol.checkErrorMessage(NativeProtocol.java:156)
	at com.mysql.cj.protocol.a.NativeAuthenticationProvider.proceedHandshakeWithPluggableAuthentication(NativeAuthenticationProvider.java:468)
	at com.mysql.cj.protocol.a.NativeAuthenticationProvider.connect(NativeAuthenticationProvider.java:213)
	at com.mysql.cj.protocol.a.NativeProtocol.connect(NativeProtocol.java:1430)
	at com.mysql.cj.NativeSession.connect(NativeSession.java:134)
	at com.mysql.cj.jdbc.ConnectionImpl.connectOneTryOnly(ConnectionImpl.java:945)
	at com.mysql.cj.jdbc.ConnectionImpl.createNewIO(ConnectionImpl.java:815)
	... 13 more
Caused by: java.io.EOFException: Can not read response from server. Expected to read 4 bytes, read 0 bytes before connection was unexpectedly lost.
	at com.mysql.cj.protocol.FullReadInputStream.readFully(FullReadInputStream.java:67)
	at com.mysql.cj.protocol.a.SimplePacketReader.readHeaderLocal(SimplePacketReader.java:81)
	at com.mysql.cj.protocol.a.SimplePacketReader.readHeader(SimplePacketReader.java:63)
	at com.mysql.cj.protocol.a.SimplePacketReader.readHeader(SimplePacketReader.java:45)
	at com.mysql.cj.protocol.a.NativeProtocol.readMessage(NativeProtocol.java:576)
	... 22 more
]]></error>
  </testcase>
</testsuite>